#
# A fatal error has been detected by the Java Runtime Environment:
#
#  SIGSEGV (0xb) at pc=0x00007fec9828998d, pid=11555, tid=0x00007fec786c3700
#
# JRE version: Java(TM) SE Runtime Environment (8.0_201-b09) (build 1.8.0_201-b09)
# Java VM: Java HotSpot(TM) 64-Bit Server VM (25.201-b09 mixed mode linux-amd64 compressed oops)
# Problematic frame:
# C  [libc.so.6+0x9798d]  cfree+0x3d
#
# Failed to write core dump. Core dumps have been disabled. To enable core dumping, try "ulimit -c unlimited" before starting Java again
#
# If you would like to submit a bug report, please visit:
#   http://bugreport.java.com/bugreport/crash.jsp
# The crash happened outside the Java Virtual Machine in native code.
# See problematic frame for where to report the bug.
#

---------------  T H R E A D  ---------------

Current thread (0x00007fec90092000):  JavaThread "Finalizer" daemon [_thread_in_native, id=11575, stack(0x00007fec785c3000,0x00007fec786c4000)]

siginfo: si_signo: 11 (SIGSEGV), si_code: 1 (SEGV_MAPERR), si_addr: 0x00007feb74fff008

Registers:
RAX=0x0000000000000000, RBX=0x00007fec909281f0, RCX=0x00007fec983226d9, RDX=0x00007fec90000080
RSP=0x00007fec786bf8e0, RBP=0x00007fec786bf9c0, RSI=0x00007fec786bf9c0, RDI=0x00007feb74fff010
R8 =0x00000005d3fdef70, R9 =0x00000000005c1e8a, R10=0x00007fec8101869b, R11=0x0000000000000202
R12=0x00007feb74fff010, R13=0x00007fec7043b638, R14=0x00007fec786c27e8, R15=0x00007fec90092000
RIP=0x00007fec9828998d, EFLAGS=0x0000000000010202, CSGSFS=0x002b000000000033, ERR=0x0000000000000004
  TRAPNO=0x000000000000000e

Top of Stack: (sp=0x00007fec786bf8e0)
0x00007fec786bf8e0:   000000006be31018 00007febe189a2f5
0x00007fec786bf8f0:   00007febe159ef78 00007febe0d4cd40
0x00007fec786bf900:   00007fec90397ee0 e836a4439f26f900
0x00007fec786bf910:   00007fec786bfa10 00007fec909281f0
0x00007fec786bf920:   00007fec786bf9c0 0000000000000000
0x00007fec786bf930:   00007fec7043b638 00007fec786c27e8
0x00007fec786bf940:   00007fec90092000 00007febe787a708
0x00007fec786bf950:   00007fec909281f0 00007febe787a74c
0x00007fec786bf960:   0000000003dd39fd 00007fec909281f0
0x00007fec786bf970:   00007fec786bf9c0 00007febe787a779
0x00007fec786bf980:   00007fec909281f0 00007febed0280ef
0x00007fec786bf990:   00007fec786bfa90 00007febed012d3c
0x00007fec786bf9a0:   00007fec786bfa80 00007fec00000000
0x00007fec786bf9b0:   00007fec90382820 0000000000000000
0x00007fec786bf9c0:   00007febef058690 00007febed012d3c
0x00007fec786bf9d0:   0000000000000000 00000000f74e7f72
0x00007fec786bf9e0:   00007fec90398240 00007fec786bfb28
0x00007fec786bf9f0:   0000000000000000 00007fec90397ee0
0x00007fec786bfa00:   0000000000000000 00007fec98e301ef
0x00007fec786bfa10:   0000000000000000 0000000000000000
0x00007fec786bfa20:   0000000000000005 0000000000000000
0x00007fec786bfa30:   0000000000000001 00007fec90397ee0
0x00007fec786bfa40:   00007febe277fcd5 0000000100000000
0x00007fec786bfa50:   00007fec786bfa80 00007fec786bfa90
0x00007fec786bfa60:   00007fec90398238 0000000000000000
0x00007fec786bfa70:   00007feb84000020 00007fec98289dfa
0x00007fec786bfa80:   00000000ffffffff 00007fec786bfee0
0x00007fec786bfa90:   00007febe127dfc0 00007fec90397ee0
0x00007fec786bfaa0:   00007fec9092a360 00007fec90000080
0x00007fec786bfab0:   0000000000000000 00007fec98289dfa
0x00007fec786bfac0:   00007fec90000020 0000000000000000
0x00007fec786bfad0:   00007fec90000020 00007febeff93950 

Instructions: (pc=0x00007fec9828998d)
0x00007fec9828996d:   24 28 31 c0 48 8b 05 70 35 35 00 48 8b 00 48 85
0x00007fec9828997d:   c0 0f 85 9c 02 00 00 48 85 ff 0f 84 13 01 00 00
0x00007fec9828998d:   48 8b 77 f8 4c 8d 6f f0 40 f6 c6 02 0f 85 29 01
0x00007fec9828999d:   00 00 48 8b 2d d2 33 35 00 64 48 83 7d 00 00 0f 

Register to memory mapping:

RAX=0x0000000000000000 is an unknown value
RBX=0x00007fec909281f0 is an unknown value
RCX=0x00007fec983226d9: <offset 0x1306d9> in /lib/x86_64-linux-gnu/libc.so.6 at 0x00007fec981f2000
RDX=0x00007fec90000080 is an unknown value
RSP=0x00007fec786bf8e0 is pointing into the stack for thread: 0x00007fec90092000
RBP=0x00007fec786bf9c0 is pointing into the stack for thread: 0x00007fec90092000
RSI=0x00007fec786bf9c0 is pointing into the stack for thread: 0x00007fec90092000
RDI=0x00007feb74fff010 is an unknown value
R8 =0x00000005d3fdef70 is an oop
java.lang.Object 
 - klass: 'java/lang/Object'
R9 =0x00000000005c1e8a is an unknown value
R10=0x00007fec8101869b is at code_begin+859 in an Interpreter codelet
method entry point (kind = native)  [0x00007fec81018340, 0x00007fec81018cc0]  2432 bytes
R11=0x0000000000000202 is an unknown value
R12=0x00007feb74fff010 is an unknown value
R13={method} {0x00007fec7043b638} 'delete_DisplacementFieldTransform' '(J)V' in 'org/itk/simple/SimpleITKJNI'
R14=0x00007fec786c27e8 is pointing into the stack for thread: 0x00007fec90092000
R15=0x00007fec90092000 is a thread


Stack: [0x00007fec785c3000,0x00007fec786c4000],  sp=0x00007fec786bf8e0,  free space=1010k
Native frames: (J=compiled Java code, j=interpreted, Vv=VM code, C=native code)
C  [libc.so.6+0x9798d]  cfree+0x3d
C  [libSimpleITKJava.so+0xc365d3c]  itk::Object::UnRegister() const+0x1c

Java frames: (J=compiled Java code, j=interpreted, Vv=VM code)
j  org.itk.simple.SimpleITKJNI.delete_DisplacementFieldTransform(J)V+0
j  org.itk.simple.DisplacementFieldTransform.delete()V+25
j  org.itk.simple.DisplacementFieldTransform.finalize()V+1
J 1299 C1 java.lang.System$2.invokeFinalize(Ljava/lang/Object;)V (5 bytes) @ 0x00007fec8170fec4 [0x00007fec8170fdc0+0x104]
j  java.lang.ref.Finalizer.runFinalizer(Lsun/misc/JavaLangAccess;)V+46
j  java.lang.ref.Finalizer.access$100(Ljava/lang/ref/Finalizer;Lsun/misc/JavaLangAccess;)V+2
J 1318% C2 java.lang.ref.Finalizer$FinalizerThread.run()V (55 bytes) @ 0x00007fec817434b8 [0x00007fec817433c0+0xf8]
v  ~StubRoutines::call_stub

---------------  P R O C E S S  ---------------

Java Threads: ( => current thread )
  0x00007fec90345000 JavaThread "AWT-EventQueue-0" [_thread_blocked, id=11586, stack(0x00007fec70cca000,0x00007fec70dcb000)]
  0x00007fec90341000 JavaThread "AWT-Shutdown" [_thread_blocked, id=11585, stack(0x00007fec70dcb000,0x00007fec70ecc000)]
  0x00007fec902aa800 JavaThread "AWT-XAWT" daemon [_thread_in_native, id=11584, stack(0x00007fec710cc000,0x00007fec711cd000)]
  0x00007fec9026c800 JavaThread "Java2D Disposer" daemon [_thread_blocked, id=11583, stack(0x00007fec715dd000,0x00007fec716de000)]
  0x00007fec900d9000 JavaThread "Service Thread" daemon [_thread_blocked, id=11581, stack(0x00007fec73530000,0x00007fec73631000)]
  0x00007fec900cd800 JavaThread "C1 CompilerThread3" daemon [_thread_in_vm, id=11580, stack(0x00007fec780bf000,0x00007fec781bf000)]
  0x00007fec900cb800 JavaThread "C2 CompilerThread2" daemon [_thread_in_vm, id=11579, stack(0x00007fec781c0000,0x00007fec782c0000)]
  0x00007fec900c9800 JavaThread "C2 CompilerThread1" daemon [_thread_in_native, id=11578, stack(0x00007fec782c1000,0x00007fec783c1000)]
  0x00007fec900c7000 JavaThread "C2 CompilerThread0" daemon [_thread_blocked, id=11577, stack(0x00007fec783c2000,0x00007fec784c2000)]
  0x00007fec900c5800 JavaThread "Signal Dispatcher" daemon [_thread_blocked, id=11576, stack(0x00007fec784c2000,0x00007fec785c3000)]
=>0x00007fec90092000 JavaThread "Finalizer" daemon [_thread_in_native, id=11575, stack(0x00007fec785c3000,0x00007fec786c4000)]
  0x00007fec9008f800 JavaThread "Reference Handler" daemon [_thread_blocked, id=11574, stack(0x00007fec786c4000,0x00007fec787c5000)]
  0x00007fec9000b800 JavaThread "Run$_main" [_thread_in_Java, id=11557, stack(0x00007fec98f22000,0x00007fec99022000)]

Other Threads:
  0x00007fec90086000 VMThread [stack: 0x00007fec787c6000,0x00007fec788c6000] [id=11573]
  0x00007fec900db800 WatcherThread [stack: 0x00007fec73430000,0x00007fec73530000] [id=11582]

VM state:not at safepoint (normal execution)

VM Mutex/Monitor currently owned by a thread: None

heap address: 0x00000005cd200000, size: 7982 MB, Compressed Oops mode: Zero based, Oop shift amount: 3
Narrow klass base: 0x0000000000000000, Narrow klass shift: 3
Compressed class space size: 1073741824 Address: 0x00000007c0000000

Heap:
 PSYoungGen      total 1263616K, used 662815K [0x0000000719b80000, 0x0000000770c00000, 0x00000007c0000000)
  eden space 1157120K, 57% used [0x0000000719b80000,0x000000074203fc40,0x0000000760580000)
  from space 106496K, 2% used [0x0000000763d00000,0x0000000763f88000,0x000000076a500000)
  to   space 103424K, 0% used [0x000000076a700000,0x000000076a700000,0x0000000770c00000)
 ParOldGen       total 814592K, used 408889K [0x00000005cd200000, 0x00000005fed80000, 0x0000000719b80000)
  object space 814592K, 50% used [0x00000005cd200000,0x00000005e614e718,0x00000005fed80000)
 Metaspace       used 14919K, capacity 15075K, committed 15360K, reserved 1062912K
  class space    used 1419K, capacity 1482K, committed 1536K, reserved 1048576K

Card table byte_map: [0x00007fec94a6f000,0x00007fec95a07000] byte_map_base: 0x00007fec91c06000

Marking Bits: (ParMarkBitMap*) 0x00007fec981d4d80
 Begin Bits: [0x00007fec34690000, 0x00007fec3c348000)
 End Bits:   [0x00007fec3c348000, 0x00007fec44000000)

Polling page: 0x00007fec9904b000

CodeCache: size=245760Kb used=8081Kb max_used=8093Kb free=237678Kb
 bounds [0x00007fec81000000, 0x00007fec81800000, 0x00007fec90000000]
 total_blobs=2253 nmethods=1359 adapters=807
 compilation: enabled

Compilation events (10 events):
Event: 22,551 Thread 0x00007fec900c9800 nmethod 1360% 0x00007fec8175abd0 code [0x00007fec8175ad40, 0x00007fec8175b478]
Event: 22,565 Thread 0x00007fec900cb800 nmethod 1362% 0x00007fec817e6990 code [0x00007fec817e6c80, 0x00007fec817e82f0]
Event: 24,014 Thread 0x00007fec900c7000 1363 %     4       com.vitimage.BlockMatchingRegistration::runMultiThreaded @ 2551 (3215 bytes)
Event: 24,016 Thread 0x00007fec900c9800 1364 %     4       com.vitimage.BlockMatchingRegistration::getCorrespondanceListAsTrimmedPointArray @ 15 (235 bytes)
Event: 24,022 Thread 0x00007fec900c7000 nmethod 1363% 0x00007fec817ebc90 code [0x00007fec817ebe80, 0x00007fec817eda08]
Event: 24,034 Thread 0x00007fec900c9800 nmethod 1364% 0x00007fec817eeb90 code [0x00007fec817eee20, 0x00007fec817f0748]
Event: 24,039 Thread 0x00007fec900cb800 1365 %     4       com.vitimage.BlockMatchingRegistration::trimPoint3dTabBasedOnScores @ 8 (341 bytes)
Event: 24,041 Thread 0x00007fec900cb800 nmethod 1365% 0x00007fec81101450 code [0x00007fec811015a0, 0x00007fec81101778]
Event: 24,041 Thread 0x00007fec900c7000 1366 %     4       com.vitimage.BlockMatchingRegistration::trimPoint3dTabBasedOnScores @ 64 (341 bytes)
Event: 24,043 Thread 0x00007fec900c7000 nmethod 1366% 0x00007fec817576d0 code [0x00007fec81757840, 0x00007fec81757b98]

GC Heap History (10 events):
Event: 14,683 GC heap before
{Heap before GC invocations=12 (full 0):
 PSYoungGen      total 932864K, used 824064K [0x0000000719b80000, 0x0000000777580000, 0x00000007c0000000)
  eden space 822784K, 100% used [0x0000000719b80000,0x000000074bf00000,0x000000074bf00000)
  from space 110080K, 1% used [0x000000074bf00000,0x000000074c040000,0x0000000752a80000)
  to   space 108544K, 0% used [0x0000000770b80000,0x0000000770b80000,0x0000000777580000)
 ParOldGen       total 341504K, used 204192K [0x00000005cd200000, 0x00000005e1f80000, 0x0000000719b80000)
  object space 341504K, 59% used [0x00000005cd200000,0x00000005d99683f8,0x00000005e1f80000)
 Metaspace       used 14693K, capacity 14843K, committed 15104K, reserved 1062912K
  class space    used 1393K, capacity 1450K, committed 1536K, reserved 1048576K
Event: 15,699 GC heap after
Heap after GC invocations=12 (full 0):
 PSYoungGen      total 932864K, used 824064K [0x0000000719b80000, 0x0000000777580000, 0x00000007c0000000)
  eden space 822784K, 100% used [0x0000000719b80000,0x000000074bf00000,0x000000074bf00000)
  from space 110080K, 1% used [0x000000074bf00000,0x000000074c040000,0x0000000752a80000)
  to   space 108544K, 99% used [0x0000000770b80000,0x000000077757fc08,0x0000000777580000)
 ParOldGen       total 630784K, used 630686K [0x00000005cd200000, 0x00000005f3a00000, 0x0000000719b80000)
  object space 630784K, 99% used [0x00000005cd200000,0x00000005f39e7a68,0x00000005f3a00000)
 Metaspace       used 14693K, capacity 14843K, committed 15104K, reserved 1062912K
  class space    used 1393K, capacity 1450K, committed 1536K, reserved 1048576K
}
Event: 15,699 GC heap before
{Heap before GC invocations=13 (full 1):
 PSYoungGen      total 932864K, used 824064K [0x0000000719b80000, 0x0000000777580000, 0x00000007c0000000)
  eden space 822784K, 100% used [0x0000000719b80000,0x000000074bf00000,0x000000074bf00000)
  from space 110080K, 1% used [0x000000074bf00000,0x000000074c040000,0x0000000752a80000)
  to   space 108544K, 99% used [0x0000000770b80000,0x000000077757fc08,0x0000000777580000)
 ParOldGen       total 630784K, used 630686K [0x00000005cd200000, 0x00000005f3a00000, 0x0000000719b80000)
  object space 630784K, 99% used [0x00000005cd200000,0x00000005f39e7a68,0x00000005f3a00000)
 Metaspace       used 14693K, capacity 14843K, committed 15104K, reserved 1062912K
  class space    used 1393K, capacity 1450K, committed 1536K, reserved 1048576K
Event: 16,875 GC heap after
Heap after GC invocations=13 (full 1):
 PSYoungGen      total 932864K, used 0K [0x0000000719b80000, 0x0000000777580000, 0x00000007c0000000)
  eden space 822784K, 0% used [0x0000000719b80000,0x0000000719b80000,0x000000074bf00000)
  from space 110080K, 0% used [0x000000074bf00000,0x000000074bf00000,0x0000000752a80000)
  to   space 108544K, 55% used [0x0000000770b80000,0x000000077467e458,0x0000000777580000)
 ParOldGen       total 909312K, used 630089K [0x00000005cd200000, 0x0000000604a00000, 0x0000000719b80000)
  object space 909312K, 69% used [0x00000005cd200000,0x00000005f39524f0,0x0000000604a00000)
 Metaspace       used 14693K, capacity 14843K, committed 15104K, reserved 1062912K
  class space    used 1393K, capacity 1450K, committed 1536K, reserved 1048576K
}
Event: 22,574 GC heap before
{Heap before GC invocations=14 (full 2):
 PSYoungGen      total 932864K, used 822784K [0x0000000719b80000, 0x0000000777580000, 0x00000007c0000000)
  eden space 822784K, 100% used [0x0000000719b80000,0x000000074bf00000,0x000000074bf00000)
  from space 110080K, 0% used [0x000000074bf00000,0x000000074bf00000,0x0000000752a80000)
  to   space 108544K, 55% used [0x0000000770b80000,0x000000077467e458,0x0000000777580000)
 ParOldGen       total 909312K, used 630089K [0x00000005cd200000, 0x0000000604a00000, 0x0000000719b80000)
  object space 909312K, 69% used [0x00000005cd200000,0x00000005f39524f0,0x0000000604a00000)
 Metaspace       used 14919K, capacity 15075K, committed 15360K, reserved 1062912K
  class space    used 1419K, capacity 1482K, committed 1536K, reserved 1048576K
Event: 23,229 GC heap after
Heap after GC invocations=14 (full 2):
 PSYoungGen      total 932864K, used 0K [0x0000000719b80000, 0x0000000777580000, 0x00000007c0000000)
  eden space 822784K, 0% used [0x0000000719b80000,0x0000000719b80000,0x000000074bf00000)
  from space 110080K, 0% used [0x000000074bf00000,0x000000074bf00000,0x0000000752a80000)
  to   space 108544K, 0% used [0x0000000770b80000,0x0000000770b80000,0x0000000777580000)
 ParOldGen       total 814592K, used 408889K [0x00000005cd200000, 0x00000005fed80000, 0x0000000719b80000)
  object space 814592K, 50% used [0x00000005cd200000,0x00000005e614e718,0x00000005fed80000)
 Metaspace       used 14919K, capacity 15075K, committed 15360K, reserved 1062912K
  class space    used 1419K, capacity 1482K, committed 1536K, reserved 1048576K
}
Event: 23,472 GC heap before
{Heap before GC invocations=15 (full 2):
 PSYoungGen      total 932864K, used 822784K [0x0000000719b80000, 0x0000000777580000, 0x00000007c0000000)
  eden space 822784K, 100% used [0x0000000719b80000,0x000000074bf00000,0x000000074bf00000)
  from space 110080K, 0% used [0x000000074bf00000,0x000000074bf00000,0x0000000752a80000)
  to   space 108544K, 0% used [0x0000000770b80000,0x0000000770b80000,0x0000000777580000)
 ParOldGen       total 814592K, used 408889K [0x00000005cd200000, 0x00000005fed80000, 0x0000000719b80000)
  object space 814592K, 50% used [0x00000005cd200000,0x00000005e614e718,0x00000005fed80000)
 Metaspace       used 14919K, capacity 15075K, committed 15360K, reserved 1062912K
  class space    used 1419K, capacity 1482K, committed 1536K, reserved 1048576K
Event: 23,493 GC heap after
Heap after GC invocations=15 (full 2):
 PSYoungGen      total 979456K, used 1152K [0x0000000719b80000, 0x0000000770d00000, 0x00000007c0000000)
  eden space 977920K, 0% used [0x0000000719b80000,0x0000000719b80000,0x0000000755680000)
  from space 1536K, 75% used [0x0000000770b80000,0x0000000770ca0000,0x0000000770d00000)
  to   space 106496K, 0% used [0x0000000763d00000,0x0000000763d00000,0x000000076a500000)
 ParOldGen       total 814592K, used 408889K [0x00000005cd200000, 0x00000005fed80000, 0x0000000719b80000)
  object space 814592K, 50% used [0x00000005cd200000,0x00000005e614e718,0x00000005fed80000)
 Metaspace       used 14919K, capacity 15075K, committed 15360K, reserved 1062912K
  class space    used 1419K, capacity 1482K, committed 1536K, reserved 1048576K
}
Event: 23,818 GC heap before
{Heap before GC invocations=16 (full 2):
 PSYoungGen      total 979456K, used 979072K [0x0000000719b80000, 0x0000000770d00000, 0x00000007c0000000)
  eden space 977920K, 100% used [0x0000000719b80000,0x0000000755680000,0x0000000755680000)
  from space 1536K, 75% used [0x0000000770b80000,0x0000000770ca0000,0x0000000770d00000)
  to   space 106496K, 0% used [0x0000000763d00000,0x0000000763d00000,0x000000076a500000)
 ParOldGen       total 814592K, used 408889K [0x00000005cd200000, 0x00000005fed80000, 0x0000000719b80000)
  object space 814592K, 50% used [0x00000005cd200000,0x00000005e614e718,0x00000005fed80000)
 Metaspace       used 14919K, capacity 15075K, committed 15360K, reserved 1062912K
  class space    used 1419K, capacity 1482K, committed 1536K, reserved 1048576K
Event: 23,829 GC heap after
Heap after GC invocations=16 (full 2):
 PSYoungGen      total 1263616K, used 2592K [0x0000000719b80000, 0x0000000770c00000, 0x00000007c0000000)
  eden space 1157120K, 0% used [0x0000000719b80000,0x0000000719b80000,0x0000000760580000)
  from space 106496K, 2% used [0x0000000763d00000,0x0000000763f88000,0x000000076a500000)
  to   space 103424K, 0% used [0x000000076a700000,0x000000076a700000,0x0000000770c00000)
 ParOldGen       total 814592K, used 408889K [0x00000005cd200000, 0x00000005fed80000, 0x0000000719b80000)
  object space 814592K, 50% used [0x00000005cd200000,0x00000005e614e718,0x00000005fed80000)
 Metaspace       used 14919K, capacity 15075K, committed 15360K, reserved 1062912K
  class space    used 1419K, capacity 1482K, committed 1536K, reserved 1048576K
}

Deoptimization events (10 events):
Event: 22,436 Thread 0x00007fec9000b800 Uncommon trap: reason=unstable_if action=reinterpret pc=0x00007fec814d3824 method=com.vitimage.BlockMatchingRegistration.trimUsingMask([[DLij/ImagePlus;III)[[D @ 105
Event: 23,956 Thread 0x00007fec90092000 Uncommon trap: reason=unstable_if action=reinterpret pc=0x00007fec817487a8 method=java.lang.ref.Finalizer.remove()V @ 10
Event: 23,956 Thread 0x00007fec90092000 Uncommon trap: reason=unstable_if action=reinterpret pc=0x00007fec81741fd4 method=java.lang.ref.Finalizer.remove()V @ 10
Event: 23,956 Thread 0x00007fec90092000 Uncommon trap: reason=unstable_if action=reinterpret pc=0x00007fec81734898 method=java.lang.ref.Finalizer.remove()V @ 10
Event: 24,013 Thread 0x00007feb97b4f800 Uncommon trap: reason=range_check action=make_not_entrant pc=0x00007fec816348cc method=com.vitimage.BlockMatchingRegistration$1.run()V @ 415
Event: 24,037 Thread 0x00007fec9000b800 Uncommon trap: reason=unstable_if action=reinterpret pc=0x00007fec8169fedc method=com.vitimage.BlockMatchingRegistration.getCorrespondanceListAsTrimmedPointArray(Ljava/util/ArrayList;[DI)[[Lmath3d/Point3d; @ 215
Event: 24,042 Thread 0x00007fec9000b800 Uncommon trap: reason=array_check action=maybe_recompile pc=0x00007fec817c7eec method=java.util.TimSort.reverseRange([Ljava/lang/Object;II)V @ 20
Event: 24,044 Thread 0x00007fec9000b800 Uncommon trap: reason=array_check action=maybe_recompile pc=0x00007fec817c7eec method=java.util.TimSort.reverseRange([Ljava/lang/Object;II)V @ 20
Event: 24,045 Thread 0x00007fec9000b800 Uncommon trap: reason=array_check action=maybe_recompile pc=0x00007fec817c7eec method=java.util.TimSort.reverseRange([Ljava/lang/Object;II)V @ 20
Event: 24,046 Thread 0x00007fec9000b800 Uncommon trap: reason=array_check action=maybe_recompile pc=0x00007fec817d9068 method=java.util.TimSort.mergeHi(IIII)V @ 101

Classes redefined (0 events):
No events

Internal exceptions (10 events):
Event: 0,060 Thread 0x00007fec9000b800 Exception <a 'java/security/PrivilegedActionException'> (0x0000000719cbcc98) thrown at [/HUDSON/workspace/8-2-build-linux-amd64/jdk8u201/12317/hotspot/src/share/vm/prims/jvm.cpp, line 1502]
Event: 0,060 Thread 0x00007fec9000b800 Exception <a 'java/security/PrivilegedActionException'> (0x0000000719cbcea8) thrown at [/HUDSON/workspace/8-2-build-linux-amd64/jdk8u201/12317/hotspot/src/share/vm/prims/jvm.cpp, line 1502]
Event: 0,096 Thread 0x00007fec9000b800 Exception <a 'java/lang/NoSuchFieldError': method resolution failed> (0x0000000719d8c360) thrown at [/HUDSON/workspace/8-2-build-linux-amd64/jdk8u201/12317/hotspot/src/share/vm/prims/methodHandles.cpp, line 1167]
Event: 0,097 Thread 0x00007fec9000b800 Exception <a 'java/lang/NoSuchFieldError': method resolution failed> (0x0000000719d99b60) thrown at [/HUDSON/workspace/8-2-build-linux-amd64/jdk8u201/12317/hotspot/src/share/vm/prims/methodHandles.cpp, line 1167]
Event: 0,113 Thread 0x00007fec9000b800 Exception <a 'java/io/FileNotFoundException'> (0x000000071a09a5c0) thrown at [/HUDSON/workspace/8-2-build-linux-amd64/jdk8u201/12317/hotspot/src/share/vm/prims/jni.cpp, line 709]
Event: 0,113 Thread 0x00007fec9000b800 Exception <a 'java/io/FileNotFoundException'> (0x000000071a09b0a8) thrown at [/HUDSON/workspace/8-2-build-linux-amd64/jdk8u201/12317/hotspot/src/share/vm/prims/jni.cpp, line 709]
Event: 0,441 Thread 0x00007fec90345000 Exception <a 'java/lang/UnsupportedOperationException': > (0x000000071a8e3420) thrown at [/HUDSON/workspace/8-2-build-linux-amd64/jdk8u201/12317/hotspot/src/share/vm/prims/jni.cpp, line 735]
Event: 4,065 Thread 0x00007fec90345000 Exception <a 'java/lang/UnsupportedOperationException': > (0x000000071c2331d0) thrown at [/HUDSON/workspace/8-2-build-linux-amd64/jdk8u201/12317/hotspot/src/share/vm/prims/jni.cpp, line 735]
Event: 4,310 Thread 0x00007fec90345000 Exception <a 'java/lang/UnsupportedOperationException': > (0x000000071c237008) thrown at [/HUDSON/workspace/8-2-build-linux-amd64/jdk8u201/12317/hotspot/src/share/vm/prims/jni.cpp, line 735]
Event: 4,358 Thread 0x00007fec90345000 Exception <a 'java/lang/UnsupportedOperationException': > (0x000000071c23c0f0) thrown at [/HUDSON/workspace/8-2-build-linux-amd64/jdk8u201/12317/hotspot/src/share/vm/prims/jni.cpp, line 735]

Events (10 events):
Event: 24,044 Thread 0x00007fec9000b800 DEOPT UNPACKING pc=0x00007fec8104573a sp=0x00007fec9901fc50 mode 2
Event: 24,044 Thread 0x00007fec9000b800 Uncommon trap: trap_request=0xffffffd6 fr.pc=0x00007fec817c7eec
Event: 24,044 Thread 0x00007fec9000b800 DEOPT PACKING pc=0x00007fec817c7eec sp=0x00007fec9901fcf0
Event: 24,045 Thread 0x00007fec9000b800 DEOPT UNPACKING pc=0x00007fec8104573a sp=0x00007fec9901fc50 mode 2
Event: 24,045 Thread 0x00007fec9000b800 Uncommon trap: trap_request=0xffffffd6 fr.pc=0x00007fec817c7eec
Event: 24,045 Thread 0x00007fec9000b800 DEOPT PACKING pc=0x00007fec817c7eec sp=0x00007fec9901fcf0
Event: 24,046 Thread 0x00007fec9000b800 DEOPT UNPACKING pc=0x00007fec8104573a sp=0x00007fec9901fc50 mode 2
Event: 24,046 Thread 0x00007fec9000b800 Uncommon trap: trap_request=0xffffffd6 fr.pc=0x00007fec817d9068
Event: 24,046 Thread 0x00007fec9000b800 DEOPT PACKING pc=0x00007fec817d9068 sp=0x00007fec9901fbc0
Event: 24,048 Thread 0x00007fec9000b800 DEOPT UNPACKING pc=0x00007fec8104573a sp=0x00007fec9901fba0 mode 2


Dynamic libraries:
00400000-00401000 r-xp 00000000 103:05 399591                            /usr/lib/jvm/java-8-oracle/bin/java
00600000-00601000 r--p 00000000 103:05 399591                            /usr/lib/jvm/java-8-oracle/bin/java
00601000-00602000 rw-p 00001000 103:05 399591                            /usr/lib/jvm/java-8-oracle/bin/java
0185e000-0187f000 rw-p 00000000 00:00 0                                  [heap]
5cd200000-5fed80000 rw-p 00000000 00:00 0 
5fed80000-719b80000 ---p 00000000 00:00 0 
719b80000-770c00000 rw-p 00000000 00:00 0 
770c00000-7c0000000 ---p 00000000 00:00 0 
7c0000000-7c0180000 rw-p 00000000 00:00 0 
7c0180000-800000000 ---p 00000000 00:00 0 
7feb84000000-7feb8795c000 rw-p 00000000 00:00 0 
7feb8795c000-7feb88000000 ---p 00000000 00:00 0 
7feb8c000000-7feb94000000 rw-p 00000000 00:00 0 
7feb94000000-7feb9c000000 rw-p 00000000 00:00 0 
7feb9c000000-7feba4000000 rw-p 00000000 00:00 0 
7feba4000000-7feba8000000 rw-p 00000000 00:00 0 
7febac000000-7febafc01000 rw-p 00000000 00:00 0 
7febafc01000-7febb0000000 ---p 00000000 00:00 0 
7febb4000000-7febb4021000 rw-p 00000000 00:00 0 
7febb4021000-7febb8000000 ---p 00000000 00:00 0 
7febb8000000-7febbbc01000 rw-p 00000000 00:00 0 
7febbbc01000-7febbc000000 ---p 00000000 00:00 0 
7febbc000000-7febbc021000 rw-p 00000000 00:00 0 
7febbc021000-7febc0000000 ---p 00000000 00:00 0 
7febc0000000-7febc0021000 rw-p 00000000 00:00 0 
7febc0021000-7febc4000000 ---p 00000000 00:00 0 
7febc4000000-7febc4021000 rw-p 00000000 00:00 0 
7febc4021000-7febc8000000 ---p 00000000 00:00 0 
7febc8000000-7febc8021000 rw-p 00000000 00:00 0 
7febc8021000-7febcc000000 ---p 00000000 00:00 0 
7febcc000000-7febcc021000 rw-p 00000000 00:00 0 
7febcc021000-7febd0000000 ---p 00000000 00:00 0 
7febd0000000-7febd0021000 rw-p 00000000 00:00 0 
7febd0021000-7febd4000000 ---p 00000000 00:00 0 
7febd4000000-7febd4021000 rw-p 00000000 00:00 0 
7febd4021000-7febd8000000 ---p 00000000 00:00 0 
7febdc000000-7febdc021000 rw-p 00000000 00:00 0 
7febdc021000-7febe0000000 ---p 00000000 00:00 0 
7febe0cad000-7febeed74000 r-xp 00000000 103:05 1975135                   /home/fernandr/Programmes/Fiji.app/lib/linux64/libSimpleITKJava.so
7febeed74000-7febeef73000 ---p 0e0c7000 103:05 1975135                   /home/fernandr/Programmes/Fiji.app/lib/linux64/libSimpleITKJava.so
7febeef73000-7febeffe1000 rw-p 0e0c6000 103:05 1975135                   /home/fernandr/Programmes/Fiji.app/lib/linux64/libSimpleITKJava.so
7febeffe1000-7febf0000000 rw-p 00000000 00:00 0 
7febf0000000-7febf0021000 rw-p 00000000 00:00 0 
7febf0021000-7febf4000000 ---p 00000000 00:00 0 
7febf4000000-7febf4021000 rw-p 00000000 00:00 0 
7febf4021000-7febf8000000 ---p 00000000 00:00 0 
7febf8000000-7febf8021000 rw-p 00000000 00:00 0 
7febf8021000-7febfc000000 ---p 00000000 00:00 0 
7febfc000000-7febfc37f000 rw-p 00000000 00:00 0 
7febfc37f000-7fec00000000 ---p 00000000 00:00 0 
7fec00000000-7fec00021000 rw-p 00000000 00:00 0 
7fec00021000-7fec04000000 ---p 00000000 00:00 0 
7fec04000000-7fec0402d000 rw-p 00000000 00:00 0 
7fec0402d000-7fec08000000 ---p 00000000 00:00 0 
7fec08000000-7fec08021000 rw-p 00000000 00:00 0 
7fec08021000-7fec0c000000 ---p 00000000 00:00 0 
7fec0c000000-7fec0c021000 rw-p 00000000 00:00 0 
7fec0c021000-7fec10000000 ---p 00000000 00:00 0 
7fec10000000-7fec104cd000 rw-p 00000000 00:00 0 
7fec104cd000-7fec14000000 ---p 00000000 00:00 0 
7fec14000000-7fec14e29000 rw-p 00000000 00:00 0 
7fec14e29000-7fec18000000 ---p 00000000 00:00 0 
7fec18000000-7fec18791000 rw-p 00000000 00:00 0 
7fec18791000-7fec1c000000 ---p 00000000 00:00 0 
7fec1c000000-7fec1c57f000 rw-p 00000000 00:00 0 
7fec1c57f000-7fec20000000 ---p 00000000 00:00 0 
7fec20000000-7fec21298000 rw-p 00000000 00:00 0 
7fec21298000-7fec24000000 ---p 00000000 00:00 0 
7fec24000000-7fec24021000 rw-p 00000000 00:00 0 
7fec24021000-7fec28000000 ---p 00000000 00:00 0 
7fec28000000-7fec283d4000 rw-p 00000000 00:00 0 
7fec283d4000-7fec2c000000 ---p 00000000 00:00 0 
7fec2c000000-7fec2c021000 rw-p 00000000 00:00 0 
7fec2c021000-7fec30000000 ---p 00000000 00:00 0 
7fec30000000-7fec30021000 rw-p 00000000 00:00 0 
7fec30021000-7fec34000000 ---p 00000000 00:00 0 
7fec34690000-7fec44000000 rw-p 00000000 00:00 0 
7fec44000000-7fec44021000 rw-p 00000000 00:00 0 
7fec44021000-7fec48000000 ---p 00000000 00:00 0 
7fec48000000-7fec48021000 rw-p 00000000 00:00 0 
7fec48021000-7fec4c000000 ---p 00000000 00:00 0 
7fec4c000000-7fec4c021000 rw-p 00000000 00:00 0 
7fec4c021000-7fec50000000 ---p 00000000 00:00 0 
7fec503ff000-7fec54000000 rw-p 00000000 00:00 0 
7fec54000000-7fec54021000 rw-p 00000000 00:00 0 
7fec54021000-7fec58000000 ---p 00000000 00:00 0 
7fec583ff000-7fec5c000000 rw-p 00000000 00:00 0 
7fec5c000000-7fec5c021000 rw-p 00000000 00:00 0 
7fec5c021000-7fec60000000 ---p 00000000 00:00 0 
7fec64000000-7fec64021000 rw-p 00000000 00:00 0 
7fec64021000-7fec68000000 ---p 00000000 00:00 0 
7fec685f9000-7fec685fa000 ---p 00000000 00:00 0 
7fec685fa000-7fec68dfa000 rw-p 00000000 00:00 0 
7fec69dfc000-7fec69dfd000 ---p 00000000 00:00 0 
7fec69dfd000-7fec6a5fd000 rw-p 00000000 00:00 0 
7fec6a5fd000-7fec6a5fe000 ---p 00000000 00:00 0 
7fec6a5fe000-7fec6adfe000 rw-p 00000000 00:00 0 
7fec6adfe000-7fec6adff000 ---p 00000000 00:00 0 
7fec6adff000-7fec6b5ff000 rw-p 00000000 00:00 0 
7fec6bcff000-7fec6bd02000 ---p 00000000 00:00 0 
7fec6bd02000-7fec6bf80000 rw-p 00000000 00:00 0 
7fec6bf80000-7fec6c000000 ---p 00000000 00:00 0 
7fec6c000000-7fec6c021000 rw-p 00000000 00:00 0 
7fec6c021000-7fec70000000 ---p 00000000 00:00 0 
7fec700ff000-7fec70129000 r-xp 00000000 103:05 1319030                   /usr/lib/jvm/java-8-oracle/jre/lib/amd64/libdcpr.so
7fec70129000-7fec70328000 ---p 0002a000 103:05 1319030                   /usr/lib/jvm/java-8-oracle/jre/lib/amd64/libdcpr.so
7fec70328000-7fec70329000 r--p 00029000 103:05 1319030                   /usr/lib/jvm/java-8-oracle/jre/lib/amd64/libdcpr.so
7fec70329000-7fec7032c000 rw-p 0002a000 103:05 1319030                   /usr/lib/jvm/java-8-oracle/jre/lib/amd64/libdcpr.so
7fec7032c000-7fec7052c000 rw-p 00000000 00:00 0 
7fec7052d000-7fec7062d000 rw-s 00000000 00:05 6979604                    /SYSV00000000 (deleted)
7fec7062d000-7fec70699000 r-xp 00000000 103:05 1319045                   /usr/lib/jvm/java-8-oracle/jre/lib/amd64/libt2k.so
7fec70699000-7fec70899000 ---p 0006c000 103:05 1319045                   /usr/lib/jvm/java-8-oracle/jre/lib/amd64/libt2k.so
7fec70899000-7fec7089f000 r--p 0006c000 103:05 1319045                   /usr/lib/jvm/java-8-oracle/jre/lib/amd64/libt2k.so
7fec7089f000-7fec708a0000 rw-p 00072000 103:05 1319045                   /usr/lib/jvm/java-8-oracle/jre/lib/amd64/libt2k.so
7fec708a0000-7fec708b1000 r-xp 00000000 103:05 1319086                   /usr/lib/jvm/java-8-oracle/jre/lib/amd64/libnio.so
7fec708b1000-7fec70ab0000 ---p 00011000 103:05 1319086                   /usr/lib/jvm/java-8-oracle/jre/lib/amd64/libnio.so
7fec70ab0000-7fec70ab1000 r--p 00010000 103:05 1319086                   /usr/lib/jvm/java-8-oracle/jre/lib/amd64/libnio.so
7fec70ab1000-7fec70ab2000 rw-p 00011000 103:05 1319086                   /usr/lib/jvm/java-8-oracle/jre/lib/amd64/libnio.so
7fec70ab2000-7fec70ac8000 r-xp 00000000 103:05 1319083                   /usr/lib/jvm/java-8-oracle/jre/lib/amd64/libnet.so
7fec70ac8000-7fec70cc8000 ---p 00016000 103:05 1319083                   /usr/lib/jvm/java-8-oracle/jre/lib/amd64/libnet.so
7fec70cc8000-7fec70cc9000 r--p 00016000 103:05 1319083                   /usr/lib/jvm/java-8-oracle/jre/lib/amd64/libnet.so
7fec70cc9000-7fec70cca000 rw-p 00017000 103:05 1319083                   /usr/lib/jvm/java-8-oracle/jre/lib/amd64/libnet.so
7fec70cca000-7fec70ccd000 ---p 00000000 00:00 0 
7fec70ccd000-7fec70dcb000 rw-p 00000000 00:00 0 
7fec70dcb000-7fec70dce000 ---p 00000000 00:00 0 
7fec70dce000-7fec710cc000 rw-p 00000000 00:00 0 
7fec710cc000-7fec710cf000 ---p 00000000 00:00 0 
7fec710cf000-7fec711cd000 rw-p 00000000 00:00 0 
7fec711cd000-7fec711d2000 r-xp 00000000 103:05 401423                    /usr/lib/x86_64-linux-gnu/libXfixes.so.3.1.0
7fec711d2000-7fec713d1000 ---p 00005000 103:05 401423                    /usr/lib/x86_64-linux-gnu/libXfixes.so.3.1.0
7fec713d1000-7fec713d2000 r--p 00004000 103:05 401423                    /usr/lib/x86_64-linux-gnu/libXfixes.so.3.1.0
7fec713d2000-7fec713d3000 rw-p 00005000 103:05 401423                    /usr/lib/x86_64-linux-gnu/libXfixes.so.3.1.0
7fec713d3000-7fec713dc000 r-xp 00000000 103:05 401415                    /usr/lib/x86_64-linux-gnu/libXcursor.so.1.0.2
7fec713dc000-7fec715db000 ---p 00009000 103:05 401415                    /usr/lib/x86_64-linux-gnu/libXcursor.so.1.0.2
7fec715db000-7fec715dc000 r--p 00008000 103:05 401415                    /usr/lib/x86_64-linux-gnu/libXcursor.so.1.0.2
7fec715dc000-7fec715dd000 rw-p 00009000 103:05 401415                    /usr/lib/x86_64-linux-gnu/libXcursor.so.1.0.2
7fec715dd000-7fec715e0000 ---p 00000000 00:00 0 
7fec715e0000-7fec716de000 rw-p 00000000 00:00 0 
7fec716de000-7fec716f5000 r-xp 00000000 103:05 3801177                   /lib/x86_64-linux-gnu/libgcc_s.so.1
7fec716f5000-7fec718f4000 ---p 00017000 103:05 3801177                   /lib/x86_64-linux-gnu/libgcc_s.so.1
7fec718f4000-7fec718f5000 r--p 00016000 103:05 3801177                   /lib/x86_64-linux-gnu/libgcc_s.so.1
7fec718f5000-7fec718f6000 rw-p 00017000 103:05 3801177                   /lib/x86_64-linux-gnu/libgcc_s.so.1
7fec718f6000-7fec71953000 r-xp 00000000 103:05 1319057                   /usr/lib/jvm/java-8-oracle/jre/lib/amd64/libfontmanager.so
7fec71953000-7fec71b53000 ---p 0005d000 103:05 1319057                   /usr/lib/jvm/java-8-oracle/jre/lib/amd64/libfontmanager.so
7fec71b53000-7fec71b56000 r--p 0005d000 103:05 1319057                   /usr/lib/jvm/java-8-oracle/jre/lib/amd64/libfontmanager.so
7fec71b56000-7fec71b57000 rw-p 00060000 103:05 1319057                   /usr/lib/jvm/java-8-oracle/jre/lib/amd64/libfontmanager.so
7fec71b57000-7fec71b6a000 r-xp 00000000 103:05 3806054                   /lib/x86_64-linux-gnu/libbsd.so.0.8.7
7fec71b6a000-7fec71d69000 ---p 00013000 103:05 3806054                   /lib/x86_64-linux-gnu/libbsd.so.0.8.7
7fec71d69000-7fec71d6a000 r--p 00012000 103:05 3806054                   /lib/x86_64-linux-gnu/libbsd.so.0.8.7
7fec71d6a000-7fec71d6b000 rw-p 00013000 103:05 3806054                   /lib/x86_64-linux-gnu/libbsd.so.0.8.7
7fec71d6b000-7fec71d6c000 rw-p 00000000 00:00 0 
7fec71d6c000-7fec71d71000 r-xp 00000000 103:05 401419                    /usr/lib/x86_64-linux-gnu/libXdmcp.so.6.0.0
7fec71d71000-7fec71f70000 ---p 00005000 103:05 401419                    /usr/lib/x86_64-linux-gnu/libXdmcp.so.6.0.0
7fec71f70000-7fec71f71000 r--p 00004000 103:05 401419                    /usr/lib/x86_64-linux-gnu/libXdmcp.so.6.0.0
7fec71f71000-7fec71f72000 rw-p 00005000 103:05 401419                    /usr/lib/x86_64-linux-gnu/libXdmcp.so.6.0.0
7fec71f72000-7fec71f74000 r-xp 00000000 103:05 401408                    /usr/lib/x86_64-linux-gnu/libXau.so.6.0.0
7fec71f74000-7fec72174000 ---p 00002000 103:05 401408                    /usr/lib/x86_64-linux-gnu/libXau.so.6.0.0
7fec72174000-7fec72175000 r--p 00002000 103:05 401408                    /usr/lib/x86_64-linux-gnu/libXau.so.6.0.0
7fec72175000-7fec72176000 rw-p 00003000 103:05 401408                    /usr/lib/x86_64-linux-gnu/libXau.so.6.0.0
7fec72176000-7fec7219c000 r-xp 00000000 103:05 396084                    /usr/lib/x86_64-linux-gnu/libxcb.so.1.1.0
7fec7219c000-7fec7239c000 ---p 00026000 103:05 396084                    /usr/lib/x86_64-linux-gnu/libxcb.so.1.1.0
7fec7239c000-7fec7239d000 r--p 00026000 103:05 396084                    /usr/lib/x86_64-linux-gnu/libxcb.so.1.1.0
7fec7239d000-7fec7239e000 rw-p 00027000 103:05 396084                    /usr/lib/x86_64-linux-gnu/libxcb.so.1.1.0
7fec7239e000-7fec723ad000 r-xp 00000000 103:05 401429                    /usr/lib/x86_64-linux-gnu/libXi.so.6.1.0
7fec723ad000-7fec725ac000 ---p 0000f000 103:05 401429                    /usr/lib/x86_64-linux-gnu/libXi.so.6.1.0
7fec725ac000-7fec725ad000 r--p 0000e000 103:05 401429                    /usr/lib/x86_64-linux-gnu/libXi.so.6.1.0
7fec725ad000-7fec725ae000 rw-p 0000f000 103:05 401429                    /usr/lib/x86_64-linux-gnu/libXi.so.6.1.0
7fec725ae000-7fec725b3000 r-xp 00000000 103:05 401447                    /usr/lib/x86_64-linux-gnu/libXtst.so.6.1.0
7fec725b3000-7fec727b2000 ---p 00005000 103:05 401447                    /usr/lib/x86_64-linux-gnu/libXtst.so.6.1.0
7fec727b2000-7fec727b3000 r--p 00004000 103:05 401447                    /usr/lib/x86_64-linux-gnu/libXtst.so.6.1.0
7fec727b3000-7fec727b4000 rw-p 00005000 103:05 401447                    /usr/lib/x86_64-linux-gnu/libXtst.so.6.1.0
7fec727b4000-7fec727bd000 r-xp 00000000 103:05 401441                    /usr/lib/x86_64-linux-gnu/libXrender.so.1.3.0
7fec727bd000-7fec729bc000 ---p 00009000 103:05 401441                    /usr/lib/x86_64-linux-gnu/libXrender.so.1.3.0
7fec729bc000-7fec729bd000 r--p 00008000 103:05 401441                    /usr/lib/x86_64-linux-gnu/libXrender.so.1.3.0
7fec729bd000-7fec729be000 rw-p 00009000 103:05 401441                    /usr/lib/x86_64-linux-gnu/libXrender.so.1.3.0
7fec729be000-7fec72af1000 r-xp 00000000 103:05 400060                    /usr/lib/x86_64-linux-gnu/libX11.so.6.3.0
7fec72af1000-7fec72cf1000 ---p 00133000 103:05 400060                    /usr/lib/x86_64-linux-gnu/libX11.so.6.3.0
7fec72cf1000-7fec72cf2000 r--p 00133000 103:05 400060                    /usr/lib/x86_64-linux-gnu/libX11.so.6.3.0
7fec72cf2000-7fec72cf6000 rw-p 00134000 103:05 400060                    /usr/lib/x86_64-linux-gnu/libX11.so.6.3.0
7fec72cf6000-7fec72d07000 r-xp 00000000 103:05 401421                    /usr/lib/x86_64-linux-gnu/libXext.so.6.4.0
7fec72d07000-7fec72f06000 ---p 00011000 103:05 401421                    /usr/lib/x86_64-linux-gnu/libXext.so.6.4.0
7fec72f06000-7fec72f07000 r--p 00010000 103:05 401421                    /usr/lib/x86_64-linux-gnu/libXext.so.6.4.0
7fec72f07000-7fec72f08000 rw-p 00011000 103:05 401421                    /usr/lib/x86_64-linux-gnu/libXext.so.6.4.0
7fec72f08000-7fec72f5b000 r-xp 00000000 103:05 1319090                   /usr/lib/jvm/java-8-oracle/jre/lib/amd64/libawt_xawt.so
7fec72f5b000-7fec7315a000 ---p 00053000 103:05 1319090                   /usr/lib/jvm/java-8-oracle/jre/lib/amd64/libawt_xawt.so
7fec7315a000-7fec7315b000 r--p 00052000 103:05 1319090                   /usr/lib/jvm/java-8-oracle/jre/lib/amd64/libawt_xawt.so
7fec7315b000-7fec7315e000 rw-p 00053000 103:05 1319090                   /usr/lib/jvm/java-8-oracle/jre/lib/amd64/libawt_xawt.so
7fec7315e000-7fec7315f000 rw-p 00000000 00:00 0 
7fec7315f000-7fec731ff000 r-xp 00000000 103:05 1319075                   /usr/lib/jvm/java-8-oracle/jre/lib/amd64/libawt.so
7fec731ff000-7fec733fe000 ---p 000a0000 103:05 1319075                   /usr/lib/jvm/java-8-oracle/jre/lib/amd64/libawt.so
7fec733fe000-7fec733ff000 r--p 0009f000 103:05 1319075                   /usr/lib/jvm/java-8-oracle/jre/lib/amd64/libawt.so
7fec733ff000-7fec7340a000 rw-p 000a0000 103:05 1319075                   /usr/lib/jvm/java-8-oracle/jre/lib/amd64/libawt.so
7fec7340a000-7fec7342f000 rw-p 00000000 00:00 0 
7fec7342f000-7fec73430000 ---p 00000000 00:00 0 
7fec73430000-7fec73530000 rw-p 00000000 00:00 0 
7fec73530000-7fec73533000 ---p 00000000 00:00 0 
7fec73533000-7fec73631000 rw-p 00000000 00:00 0 
7fec73631000-7fec74000000 r--p 00000000 103:05 400112                    /usr/lib/locale/locale-archive
7fec74000000-7fec7460e000 rw-p 00000000 00:00 0 
7fec7460e000-7fec78000000 ---p 00000000 00:00 0 
7fec78014000-7fec7801f000 r--s 00000000 103:05 2754318                   /var/cache/fontconfig/945677eb7aeaf62f1d50efc3fb3ec7d8-le64.cache-7
7fec7801f000-7fec78024000 r--s 00000000 103:05 2754289                   /var/cache/fontconfig/2300eef321c393bfd76478a5c0e95b23-le64.cache-7
7fec78024000-7fec78025000 r--s 00000000 103:05 2754282                   /var/cache/fontconfig/0d8c3b2ac0904cb8a57a757ad11a4a08-le64.cache-7
7fec78025000-7fec78029000 r--s 00000000 103:05 2758608                   /var/cache/fontconfig/6d41288fd70b0be22e8c3a91e032eec0-le64.cache-7
7fec78029000-7fec7803e000 r--s 00000000 103:05 2754278                   /var/cache/fontconfig/04aabc0a78ac019cf9454389977116d2-le64.cache-7
7fec7803e000-7fec7803f000 r--s 00000000 103:05 2754286                   /var/cache/fontconfig/1ac9eb803944fde146138c791f5cc56a-le64.cache-7
7fec7803f000-7fec78040000 r--s 00000000 103:05 2754337                   /var/cache/fontconfig/dc05db6664285cc2f12bf69c139ae4c3-le64.cache-7
7fec78040000-7fec78042000 r--s 00000000 103:05 2754283                   /var/cache/fontconfig/14a5e22175779b556eaa434240950366-le64.cache-7
7fec78042000-7fec78043000 r--s 00000000 103:05 2754310                   /var/cache/fontconfig/660208299946a285a940457d1287da33-le64.cache-7
7fec78043000-7fec78045000 r--s 00000000 103:05 2754301                   /var/cache/fontconfig/4f3e3037c9980c83b53a9351efadef62-le64.cache-7
7fec78045000-7fec78047000 r--s 00000000 103:05 2754315                   /var/cache/fontconfig/767a8244fc0220cfb567a839d0392e0b-le64.cache-7
7fec78047000-7fec78048000 r--s 00000000 103:05 2755050                   /var/cache/fontconfig/4794a0821666d79190d59a36cb4f44b5-le64.cache-7
7fec78048000-7fec7804a000 r--s 00000000 103:05 2759434                   /var/cache/fontconfig/0bd3dc0958fa2205aaaa8ebb13e2872b-le64.cache-7
7fec7804a000-7fec7804f000 r--s 00000000 103:05 2754338                   /var/cache/fontconfig/def309198bfa603429122923fa2bb2d4-le64.cache-7
7fec7804f000-7fec78050000 r--s 00000000 103:05 2754326                   /var/cache/fontconfig/b872e6e592da6075ffa4ab0a1fcc0c75-le64.cache-7
7fec78050000-7fec78051000 r--s 00000000 103:05 2754343                   /var/cache/fontconfig/f6d4eedfaab2589bde49f7a3ff831d22-le64.cache-7
7fec78051000-7fec78052000 r--s 00000000 103:05 2754308                   /var/cache/fontconfig/589f83ef4c36d296ce6e1c846f468f08-le64.cache-7
7fec78052000-7fec78053000 r--s 00000000 103:05 2754328                   /var/cache/fontconfig/bab58bb527bb656aaa9f116d68a48d89-le64.cache-7
7fec78053000-7fec78054000 r--s 00000000 103:05 2754287                   /var/cache/fontconfig/2171a34dccabdb6bcbbc728186263178-le64.cache-7
7fec78054000-7fec78055000 r--s 00000000 103:05 2754329                   /var/cache/fontconfig/c5c45a61289222e0d30b1a26ef4effbe-le64.cache-7
7fec78055000-7fec78056000 r--s 00000000 103:05 2754324                   /var/cache/fontconfig/aec30016f93e1b46d1a973dce0d74068-le64.cache-7
7fec78056000-7fec78057000 r--s 00000000 103:05 2754294                   /var/cache/fontconfig/3f589640d34b7dc9042c8d453f7c8b9c-le64.cache-7
7fec78057000-7fec78058000 r--s 00000000 103:05 2754284                   /var/cache/fontconfig/16c2fda60d1b4b719f4b3d06fd951d25-le64.cache-7
7fec78058000-7fec78059000 r--s 00000000 103:05 2754323                   /var/cache/fontconfig/a48eab177a16e4f3713381162db2f3e9-le64.cache-7
7fec78059000-7fec7805a000 r--s 00000000 103:05 2754304                   /var/cache/fontconfig/564b2e68ac9bc4e36a6f7f6d6125ec1c-le64.cache-7
7fec7805a000-7fec7805f000 r--s 00000000 103:05 2754981                   /var/cache/fontconfig/9d2451b1fd30e5bffe8383fd27c35478-le64.cache-7
7fec7805f000-7fec78065000 r--s 00000000 103:05 2759433                   /var/cache/fontconfig/3047814df9a2f067bd2d96a2b9c36e5a-le64.cache-7
7fec78065000-7fec7806d000 r--s 00000000 103:05 2753774                   /var/cache/fontconfig/bf3b770c553c462765856025a94f1ce6-le64.cache-7
7fec7806d000-7fec7806e000 r--s 00000000 103:05 2754305                   /var/cache/fontconfig/56cf4f4769d0f4abc89a4895d7bd3ae1-le64.cache-7
7fec7806e000-7fec7806f000 r--s 00000000 103:05 2754327                   /var/cache/fontconfig/b9d506c9ac06c20b433354fa67a72993-le64.cache-7
7fec7806f000-7fec78075000 r--s 00000000 103:05 2754325                   /var/cache/fontconfig/b47c4e1ecd0709278f4910c18777a504-le64.cache-7
7fec78075000-7fec78088000 r--s 00000000 103:05 2754334                   /var/cache/fontconfig/d52a8644073d54c13679302ca1180695-le64.cache-7
7fec78088000-7fec78089000 r--s 00000000 103:05 2754292                   /var/cache/fontconfig/370e5b74bf5dafc30834de68e24a87a4-le64.cache-7
7fec78089000-7fec7808a000 r--s 00000000 103:05 2754313                   /var/cache/fontconfig/6b2c5944714ca7831b25bed9e85cb5c8-le64.cache-7
7fec7808a000-7fec78098000 r--s 00000000 103:05 2754320                   /var/cache/fontconfig/9b89f8e3dae116d678bbf48e5f21f69b-le64.cache-7
7fec78098000-7fec780be000 r--p 00000000 103:05 1182632                   /usr/share/locale-langpack/fr/LC_MESSAGES/libc.mo
7fec780be000-7fec780bf000 ---p 00000000 00:00 0 
7fec780bf000-7fec780c2000 ---p 00000000 00:00 0 
7fec780c2000-7fec781bf000 rw-p 00000000 00:00 0 
7fec781bf000-7fec781c0000 ---p 00000000 00:00 0 
7fec781c0000-7fec781c3000 ---p 00000000 00:00 0 
7fec781c3000-7fec782c0000 rw-p 00000000 00:00 0 
7fec782c0000-7fec782c1000 ---p 00000000 00:00 0 
7fec782c1000-7fec782c4000 ---p 00000000 00:00 0 
7fec782c4000-7fec783c1000 rw-p 00000000 00:00 0 
7fec783c1000-7fec783c2000 ---p 00000000 00:00 0 
7fec783c2000-7fec783c5000 ---p 00000000 00:00 0 
7fec783c5000-7fec784c2000 rw-p 00000000 00:00 0 
7fec784c2000-7fec784c5000 ---p 00000000 00:00 0 
7fec784c5000-7fec785c3000 rw-p 00000000 00:00 0 
7fec785c3000-7fec785c6000 ---p 00000000 00:00 0 
7fec785c6000-7fec786c4000 rw-p 00000000 00:00 0 
7fec786c4000-7fec786c7000 ---p 00000000 00:00 0 
7fec786c7000-7fec787c5000 rw-p 00000000 00:00 0 
7fec787c5000-7fec787c6000 ---p 00000000 00:00 0 
7fec787c6000-7fec7c000000 rw-p 00000000 00:00 0 
7fec7c000000-7fec7c021000 rw-p 00000000 00:00 0 
7fec7c021000-7fec80000000 ---p 00000000 00:00 0 
7fec80000000-7fec80001000 r--s 00000000 103:05 2754333                   /var/cache/fontconfig/d5178ab6d91b49bf20a416737dcea9e8-le64.cache-7
7fec80001000-7fec80002000 r--s 00000000 103:05 2754303                   /var/cache/fontconfig/551ecf3b0e8b0bca0f25c0944f561853-le64.cache-7
7fec80002000-7fec80005000 r--s 00000000 103:05 2754342                   /var/cache/fontconfig/f259c2cffa685e28062317905db73c4a-le64.cache-7
7fec80005000-7fec80013000 r--s 00000000 103:05 2764616                   /var/cache/fontconfig/e13b20fdb08344e0e664864cc2ede53d-le64.cache-7
7fec80013000-7fec8034b000 rw-p 00000000 00:00 0 
7fec8034b000-7fec80525000 r--s 03d6f000 103:05 1319016                   /usr/lib/jvm/java-8-oracle/jre/lib/rt.jar
7fec80525000-7fec805f6000 rw-p 00000000 00:00 0 
7fec805f6000-7fec805f7000 ---p 00000000 00:00 0 
7fec805f7000-7fec806f7000 rw-p 00000000 00:00 0 
7fec806f7000-7fec806f8000 ---p 00000000 00:00 0 
7fec806f8000-7fec807f8000 rw-p 00000000 00:00 0 
7fec807f8000-7fec807f9000 ---p 00000000 00:00 0 
7fec807f9000-7fec808f9000 rw-p 00000000 00:00 0 
7fec808f9000-7fec808fa000 ---p 00000000 00:00 0 
7fec808fa000-7fec809fa000 rw-p 00000000 00:00 0 
7fec809fa000-7fec809fb000 ---p 00000000 00:00 0 
7fec809fb000-7fec80afb000 rw-p 00000000 00:00 0 
7fec80afb000-7fec80afc000 ---p 00000000 00:00 0 
7fec80afc000-7fec80bfc000 rw-p 00000000 00:00 0 
7fec80bfc000-7fec80bfd000 ---p 00000000 00:00 0 
7fec80bfd000-7fec80cfd000 rw-p 00000000 00:00 0 
7fec80cfd000-7fec80cfe000 ---p 00000000 00:00 0 
7fec80cfe000-7fec80dfe000 rw-p 00000000 00:00 0 
7fec80dfe000-7fec80dff000 ---p 00000000 00:00 0 
7fec80dff000-7fec80eff000 rw-p 00000000 00:00 0 
7fec80eff000-7fec80f00000 ---p 00000000 00:00 0 
7fec80f00000-7fec81000000 rw-p 00000000 00:00 0 
7fec81000000-7fec81800000 rwxp 00000000 00:00 0 
7fec81800000-7fec90000000 ---p 00000000 00:00 0 
7fec90000000-7fec93dd0000 rw-p 00000000 00:00 0 
7fec93dd0000-7fec94000000 ---p 00000000 00:00 0 
7fec94000000-7fec94002000 r--s 00000000 103:05 2754302                   /var/cache/fontconfig/550f3886151c940c12a5ed35f6a00586-le64.cache-7
7fec94002000-7fec94005000 r--s 00000000 103:05 2754311                   /var/cache/fontconfig/674d1711f2d1d2a09646eb0bdcadee49-le64.cache-7
7fec94005000-7fec94006000 r--s 00000000 103:05 2754295                   /var/cache/fontconfig/3f7329c5293ffd510edef78f73874cfd-le64.cache-7
7fec94006000-7fec9400a000 r--s 00000000 103:05 2754335                   /var/cache/fontconfig/d589a48862398ed80a3d6066f4f56f4c-le64.cache-7
7fec9400a000-7fec94198000 rw-p 00000000 00:00 0 
7fec94198000-7fec94a6f000 ---p 00000000 00:00 0 
7fec94a6f000-7fec94bfd000 rw-p 00000000 00:00 0 
7fec94bfd000-7fec954d3000 ---p 00000000 00:00 0 
7fec954d3000-7fec9578c000 rw-p 00000000 00:00 0 
7fec9578c000-7fec95a06000 ---p 00000000 00:00 0 
7fec95a06000-7fec95a27000 rw-p 00000000 00:00 0 
7fec95a27000-7fec95dc7000 ---p 00000000 00:00 0 
7fec95dc7000-7fec95de2000 r-xp 00000000 103:05 1319079                   /usr/lib/jvm/java-8-oracle/jre/lib/amd64/libzip.so
7fec95de2000-7fec95fe1000 ---p 0001b000 103:05 1319079                   /usr/lib/jvm/java-8-oracle/jre/lib/amd64/libzip.so
7fec95fe1000-7fec95fe2000 r--p 0001a000 103:05 1319079                   /usr/lib/jvm/java-8-oracle/jre/lib/amd64/libzip.so
7fec95fe2000-7fec95fe3000 rw-p 0001b000 103:05 1319079                   /usr/lib/jvm/java-8-oracle/jre/lib/amd64/libzip.so
7fec95fe3000-7fec95fee000 r-xp 00000000 103:05 3806148                   /lib/x86_64-linux-gnu/libnss_files-2.27.so
7fec95fee000-7fec961ed000 ---p 0000b000 103:05 3806148                   /lib/x86_64-linux-gnu/libnss_files-2.27.so
7fec961ed000-7fec961ee000 r--p 0000a000 103:05 3806148                   /lib/x86_64-linux-gnu/libnss_files-2.27.so
7fec961ee000-7fec961ef000 rw-p 0000b000 103:05 3806148                   /lib/x86_64-linux-gnu/libnss_files-2.27.so
7fec961ef000-7fec961f5000 rw-p 00000000 00:00 0 
7fec961f5000-7fec9620c000 r-xp 00000000 103:05 3806142                   /lib/x86_64-linux-gnu/libnsl-2.27.so
7fec9620c000-7fec9640b000 ---p 00017000 103:05 3806142                   /lib/x86_64-linux-gnu/libnsl-2.27.so
7fec9640b000-7fec9640c000 r--p 00016000 103:05 3806142                   /lib/x86_64-linux-gnu/libnsl-2.27.so
7fec9640c000-7fec9640d000 rw-p 00017000 103:05 3806142                   /lib/x86_64-linux-gnu/libnsl-2.27.so
7fec9640d000-7fec9640f000 rw-p 00000000 00:00 0 
7fec9640f000-7fec9641a000 r-xp 00000000 103:05 3806159                   /lib/x86_64-linux-gnu/libnss_nis-2.27.so
7fec9641a000-7fec96619000 ---p 0000b000 103:05 3806159                   /lib/x86_64-linux-gnu/libnss_nis-2.27.so
7fec96619000-7fec9661a000 r--p 0000a000 103:05 3806159                   /lib/x86_64-linux-gnu/libnss_nis-2.27.so
7fec9661a000-7fec9661b000 rw-p 0000b000 103:05 3806159                   /lib/x86_64-linux-gnu/libnss_nis-2.27.so
7fec9661b000-7fec96623000 r-xp 00000000 103:05 3806144                   /lib/x86_64-linux-gnu/libnss_compat-2.27.so
7fec96623000-7fec96823000 ---p 00008000 103:05 3806144                   /lib/x86_64-linux-gnu/libnss_compat-2.27.so
7fec96823000-7fec96824000 r--p 00008000 103:05 3806144                   /lib/x86_64-linux-gnu/libnss_compat-2.27.so
7fec96824000-7fec96825000 rw-p 00009000 103:05 3806144                   /lib/x86_64-linux-gnu/libnss_compat-2.27.so
7fec96825000-7fec96851000 r-xp 00000000 103:05 1319071                   /usr/lib/jvm/java-8-oracle/jre/lib/amd64/libjava.so
7fec96851000-7fec96a51000 ---p 0002c000 103:05 1319071                   /usr/lib/jvm/java-8-oracle/jre/lib/amd64/libjava.so
7fec96a51000-7fec96a52000 r--p 0002c000 103:05 1319071                   /usr/lib/jvm/java-8-oracle/jre/lib/amd64/libjava.so
7fec96a52000-7fec96a54000 rw-p 0002d000 103:05 1319071                   /usr/lib/jvm/java-8-oracle/jre/lib/amd64/libjava.so
7fec96a54000-7fec96a61000 r-xp 00000000 103:05 1319077                   /usr/lib/jvm/java-8-oracle/jre/lib/amd64/libverify.so
7fec96a61000-7fec96c60000 ---p 0000d000 103:05 1319077                   /usr/lib/jvm/java-8-oracle/jre/lib/amd64/libverify.so
7fec96c60000-7fec96c62000 r--p 0000c000 103:05 1319077                   /usr/lib/jvm/java-8-oracle/jre/lib/amd64/libverify.so
7fec96c62000-7fec96c63000 rw-p 0000e000 103:05 1319077                   /usr/lib/jvm/java-8-oracle/jre/lib/amd64/libverify.so
7fec96c63000-7fec96c6a000 r-xp 00000000 103:05 3806199                   /lib/x86_64-linux-gnu/librt-2.27.so
7fec96c6a000-7fec96e69000 ---p 00007000 103:05 3806199                   /lib/x86_64-linux-gnu/librt-2.27.so
7fec96e69000-7fec96e6a000 r--p 00006000 103:05 3806199                   /lib/x86_64-linux-gnu/librt-2.27.so
7fec96e6a000-7fec96e6b000 rw-p 00007000 103:05 3806199                   /lib/x86_64-linux-gnu/librt-2.27.so
7fec96e6b000-7fec97008000 r-xp 00000000 103:05 3806121                   /lib/x86_64-linux-gnu/libm-2.27.so
7fec97008000-7fec97207000 ---p 0019d000 103:05 3806121                   /lib/x86_64-linux-gnu/libm-2.27.so
7fec97207000-7fec97208000 r--p 0019c000 103:05 3806121                   /lib/x86_64-linux-gnu/libm-2.27.so
7fec97208000-7fec97209000 rw-p 0019d000 103:05 3806121                   /lib/x86_64-linux-gnu/libm-2.27.so
7fec97209000-7fec97ef1000 r-xp 00000000 103:05 1581920                   /usr/lib/jvm/java-8-oracle/jre/lib/amd64/server/libjvm.so
7fec97ef1000-7fec980f0000 ---p 00ce8000 103:05 1581920                   /usr/lib/jvm/java-8-oracle/jre/lib/amd64/server/libjvm.so
7fec980f0000-7fec98186000 r--p 00ce7000 103:05 1581920                   /usr/lib/jvm/java-8-oracle/jre/lib/amd64/server/libjvm.so
7fec98186000-7fec981b7000 rw-p 00d7d000 103:05 1581920                   /usr/lib/jvm/java-8-oracle/jre/lib/amd64/server/libjvm.so
7fec981b7000-7fec981f2000 rw-p 00000000 00:00 0 
7fec981f2000-7fec983d9000 r-xp 00000000 103:05 3806058                   /lib/x86_64-linux-gnu/libc-2.27.so
7fec983d9000-7fec985d9000 ---p 001e7000 103:05 3806058                   /lib/x86_64-linux-gnu/libc-2.27.so
7fec985d9000-7fec985dd000 r--p 001e7000 103:05 3806058                   /lib/x86_64-linux-gnu/libc-2.27.so
7fec985dd000-7fec985df000 rw-p 001eb000 103:05 3806058                   /lib/x86_64-linux-gnu/libc-2.27.so
7fec985df000-7fec985e3000 rw-p 00000000 00:00 0 
7fec985e3000-7fec985e6000 r-xp 00000000 103:05 3806081                   /lib/x86_64-linux-gnu/libdl-2.27.so
7fec985e6000-7fec987e5000 ---p 00003000 103:05 3806081                   /lib/x86_64-linux-gnu/libdl-2.27.so
7fec987e5000-7fec987e6000 r--p 00002000 103:05 3806081                   /lib/x86_64-linux-gnu/libdl-2.27.so
7fec987e6000-7fec987e7000 rw-p 00003000 103:05 3806081                   /lib/x86_64-linux-gnu/libdl-2.27.so
7fec987e7000-7fec987fe000 r-xp 00000000 103:05 409197                    /usr/lib/jvm/java-8-oracle/lib/amd64/jli/libjli.so
7fec987fe000-7fec989fd000 ---p 00017000 103:05 409197                    /usr/lib/jvm/java-8-oracle/lib/amd64/jli/libjli.so
7fec989fd000-7fec989fe000 r--p 00016000 103:05 409197                    /usr/lib/jvm/java-8-oracle/lib/amd64/jli/libjli.so
7fec989fe000-7fec989ff000 rw-p 00017000 103:05 409197                    /usr/lib/jvm/java-8-oracle/lib/amd64/jli/libjli.so
7fec989ff000-7fec98a19000 r-xp 00000000 103:05 3806191                   /lib/x86_64-linux-gnu/libpthread-2.27.so
7fec98a19000-7fec98c18000 ---p 0001a000 103:05 3806191                   /lib/x86_64-linux-gnu/libpthread-2.27.so
7fec98c18000-7fec98c19000 r--p 00019000 103:05 3806191                   /lib/x86_64-linux-gnu/libpthread-2.27.so
7fec98c19000-7fec98c1a000 rw-p 0001a000 103:05 3806191                   /lib/x86_64-linux-gnu/libpthread-2.27.so
7fec98c1a000-7fec98c1e000 rw-p 00000000 00:00 0 
7fec98c1e000-7fec98c24000 r-xp 00000000 103:05 413404                    /usr/lib/x86_64-linux-gnu/libgtk3-nocsd.so.0
7fec98c24000-7fec98e23000 ---p 00006000 103:05 413404                    /usr/lib/x86_64-linux-gnu/libgtk3-nocsd.so.0
7fec98e23000-7fec98e24000 r--p 00005000 103:05 413404                    /usr/lib/x86_64-linux-gnu/libgtk3-nocsd.so.0
7fec98e24000-7fec98e25000 rw-p 00006000 103:05 413404                    /usr/lib/x86_64-linux-gnu/libgtk3-nocsd.so.0
7fec98e25000-7fec98e4c000 r-xp 00000000 103:05 3806030                   /lib/x86_64-linux-gnu/ld-2.27.so
7fec98e4c000-7fec98e4d000 r--s 00000000 103:05 2754281                   /var/cache/fontconfig/0c9eb80ebd1c36541ebe2852d3bb0c49-le64.cache-7
7fec98e4d000-7fec98e4e000 r--s 00000000 103:05 2754288                   /var/cache/fontconfig/22368d551a680bfe5a62c02760edf4ea-le64.cache-7
7fec98e4e000-7fec98e4f000 r--s 00000000 103:05 2754300                   /var/cache/fontconfig/4d9c95eba1cb85bbcf2878543262124a-le64.cache-7
7fec98e4f000-7fec98e50000 r--s 00000000 103:05 2754317                   /var/cache/fontconfig/85e0a52ce643a7ba2ae53e5d6949cead-le64.cache-7
7fec98e50000-7fec98e51000 r--s 00000000 103:05 2754297                   /var/cache/fontconfig/49f0de54bdd920fe4f0dfd4cbac43e6b-le64.cache-7
7fec98e51000-7fec98e52000 r--s 00000000 103:05 2754344                   /var/cache/fontconfig/f6e6e0a5c3d2f6ae0c0c2e0ecd42a997-le64.cache-7
7fec98e52000-7fec98e53000 r--s 00000000 103:05 2754298                   /var/cache/fontconfig/4b2eda6bb976bda485cb2176619421d5-le64.cache-7
7fec98e53000-7fec98e5d000 r--s 00226000 103:05 1984601                   /home/fernandr/.m2/repository/net/imagej/ij/1.52k/ij-1.52k.jar
7fec98e5d000-7fec98f21000 rw-p 00000000 00:00 0 
7fec98f21000-7fec98f22000 ---p 00000000 00:00 0 
7fec98f22000-7fec98f25000 ---p 00000000 00:00 0 
7fec98f25000-7fec99026000 rw-p 00000000 00:00 0 
7fec99026000-7fec99028000 r--s 00000000 103:05 2754312                   /var/cache/fontconfig/6afa1bb216ce958c1589e297e8008489-le64.cache-7
7fec99028000-7fec9902f000 r--s 00000000 103:05 657616                    /usr/lib/x86_64-linux-gnu/gconv/gconv-modules.cache
7fec9902f000-7fec99036000 r--s 00095000 103:05 2028044                   /home/fernandr/Programmes/LIB_EXT/JAR/VIB-lib-2.1.2.jar
7fec99036000-7fec99041000 r--s 00093000 103:05 1983880                   /home/fernandr/Programmes/LIB_EXT/JAR/simpleitk-1.2.0.jar
7fec99041000-7fec99042000 r--s 00005000 103:05 3411772                   /home/fernandr/eclipse-workspace/MyIJPlugs/vitimage/target/lib/ext/lma.jar
7fec99042000-7fec9904a000 rw-s 00000000 103:05 2884091                   /tmp/hsperfdata_fernandr/11555
7fec9904a000-7fec9904b000 rw-p 00000000 00:00 0 
7fec9904b000-7fec9904c000 r--p 00000000 00:00 0 
7fec9904c000-7fec9904d000 r--p 00027000 103:05 3806030                   /lib/x86_64-linux-gnu/ld-2.27.so
7fec9904d000-7fec9904e000 rw-p 00028000 103:05 3806030                   /lib/x86_64-linux-gnu/ld-2.27.so
7fec9904e000-7fec9904f000 rw-p 00000000 00:00 0 
7ffd364ec000-7ffd3650d000 rw-p 00000000 00:00 0                          [stack]
7ffd36537000-7ffd3653a000 r--p 00000000 00:00 0                          [vvar]
7ffd3653a000-7ffd3653c000 r-xp 00000000 00:00 0                          [vdso]
ffffffffff600000-ffffffffff601000 r-xp 00000000 00:00 0                  [vsyscall]

VM Arguments:
jvm_args: -Djava.library.path=/home/fernandr/Programmes/Fiji.app/lib/linux64 -Dfile.encoding=UTF-8 
java_command: com.vitimage.BlockMatchingRegistration
java_class_path (initial): /home/fernandr/eclipse-workspace/MyIJPlugs/vitimage/target/lib/ext/lma.jar:/home/fernandr/eclipse-workspace/MyIJPlugs/vitimage/target/classes:/home/fernandr/Programmes/LIB_EXT/JAR/simpleitk-1.2.0.jar:/home/fernandr/Programmes/LIB_EXT/JAR/VIB-lib-2.1.2.jar:/home/fernandr/.m2/repository/net/imagej/ij/1.52k/ij-1.52k.jar:/usr/lib/jvm/java-8-oracle/lib/tools.jar:/home/fernandr/.m2/repository/sc/fiji/imagescience/3.0.0/imagescience-3.0.0.jar:/home/fernandr/.m2/repository/sc/fiji/Image_5D/1.2.6/Image_5D-1.2.6.jar:/home/fernandr/.m2/repository/sc/fiji/VIB-lib/2.1.2/VIB-lib-2.1.2.jar:/home/fernandr/.m2/repository/sc/fiji/pal-optimization/2.0.0/pal-optimization-2.0.0.jar:/home/fernandr/.m2/repository/gov/nist/math/jama/1.0.3/jama-1.0.3.jar
Launcher Type: SUN_STANDARD

Environment Variables:
JAVA_HOME=/usr/lib/jvm/java-8-oracle
PATH=/usr/local/sbin:/usr/local/bin:/usr/sbin:/usr/bin:/sbin:/bin:/usr/games:/usr/local/games:/home/fernandr/Programmes/ImageJ:/home/fernandr/Programmes/Fiji.app:/snap/bin:/usr/lib/jvm/java-8-oracle/bin:/usr/lib/jvm/java-8-oracle/db/bin:/usr/lib/jvm/java-8-oracle/jre/bin
USERNAME=fernandr
LD_PRELOAD=libgtk3-nocsd.so.0
SHELL=/bin/bash
DISPLAY=:0

Signal Handlers:
SIGSEGV: [libjvm.so+0xad3e60], sa_mask[0]=11111111011111111101111111111110, sa_flags=SA_RESTART|SA_SIGINFO
SIGBUS: [libjvm.so+0xad3e60], sa_mask[0]=11111111011111111101111111111110, sa_flags=SA_RESTART|SA_SIGINFO
SIGFPE: [libjvm.so+0x90b880], sa_mask[0]=11111111011111111101111111111110, sa_flags=SA_RESTART|SA_SIGINFO
SIGPIPE: [libjvm.so+0x90b880], sa_mask[0]=11111111011111111101111111111110, sa_flags=SA_RESTART|SA_SIGINFO
SIGXFSZ: [libjvm.so+0x90b880], sa_mask[0]=11111111011111111101111111111110, sa_flags=SA_RESTART|SA_SIGINFO
SIGILL: [libjvm.so+0x90b880], sa_mask[0]=11111111011111111101111111111110, sa_flags=SA_RESTART|SA_SIGINFO
SIGUSR1: SIG_DFL, sa_mask[0]=00000000000000000000000000000000, sa_flags=none
SIGUSR2: [libjvm.so+0x90b750], sa_mask[0]=00100000000000000000000000000000, sa_flags=SA_RESTART|SA_SIGINFO
SIGHUP: [libjvm.so+0x90bd70], sa_mask[0]=11111111011111111101111111111110, sa_flags=SA_RESTART|SA_SIGINFO
SIGINT: [libjvm.so+0x90bd70], sa_mask[0]=11111111011111111101111111111110, sa_flags=SA_RESTART|SA_SIGINFO
SIGTERM: [libjvm.so+0x90bd70], sa_mask[0]=11111111011111111101111111111110, sa_flags=SA_RESTART|SA_SIGINFO
SIGQUIT: [libjvm.so+0x90bd70], sa_mask[0]=11111111011111111101111111111110, sa_flags=SA_RESTART|SA_SIGINFO


---------------  S Y S T E M  ---------------

OS:DISTRIB_ID=Ubuntu
DISTRIB_RELEASE=18.04
DISTRIB_CODENAME=bionic
DISTRIB_DESCRIPTION="Ubuntu 18.04.2 LTS"

uname:Linux 4.15.0-47-generic #50-Ubuntu SMP Wed Mar 13 10:44:52 UTC 2019 x86_64
libc:glibc 2.27 NPTL 2.27 
rlimit: STACK 8192k, CORE 0k, NPROC 127341, NOFILE 4096, AS infinity
load average:3,51 2,91 2,05

/proc/meminfo:
MemTotal:       32693780 kB
MemFree:        22547396 kB
MemAvailable:   25328268 kB
Buffers:          851516 kB
Cached:          2441144 kB
SwapCached:            0 kB
Active:          7420580 kB
Inactive:        2049016 kB
Active(anon):    6185024 kB
Inactive(anon):   264908 kB
Active(file):    1235556 kB
Inactive(file):  1784108 kB
Unevictable:       13612 kB
Mlocked:           13612 kB
SwapTotal:      19530748 kB
SwapFree:       19530748 kB
Dirty:               164 kB
Writeback:             0 kB
AnonPages:       6191104 kB
Mapped:           906508 kB
Shmem:            268476 kB
Slab:             331556 kB
SReclaimable:     232892 kB
SUnreclaim:        98664 kB
KernelStack:       20976 kB
PageTables:        76176 kB
NFS_Unstable:          0 kB
Bounce:                0 kB
WritebackTmp:          0 kB
CommitLimit:    35877636 kB
Committed_AS:   13813552 kB
VmallocTotal:   34359738367 kB
VmallocUsed:           0 kB
VmallocChunk:          0 kB
HardwareCorrupted:     0 kB
AnonHugePages:         0 kB
ShmemHugePages:        0 kB
ShmemPmdMapped:        0 kB
CmaTotal:              0 kB
CmaFree:               0 kB
HugePages_Total:       0
HugePages_Free:        0
HugePages_Rsvd:        0
HugePages_Surp:        0
Hugepagesize:       2048 kB
DirectMap4k:      543228 kB
DirectMap2M:    23328768 kB
DirectMap1G:    10485760 kB

container (cgroup) information:
container_type: cgroupv1
cpu_cpuset_cpus: 0-11
cpu_memory_nodes: 0
active_processor_count: 12
cpu_quota: -1
cpu_period: 100000
cpu_shares: -1
memory_limit_in_bytes: -1
memory_and_swap_limit_in_bytes: -2
memory_soft_limit_in_bytes: -1
memory_usage_in_bytes: 9712029696
memory_max_usage_in_bytes: 0


CPU:total 12 (initial active 12) (6 cores per cpu, 2 threads per core) family 6 model 158 stepping 10, cmov, cx8, fxsr, mmx, sse, sse2, sse3, ssse3, sse4.1, sse4.2, popcnt, avx, avx2, aes, clmul, erms, rtm, 3dnowpref, lzcnt, ht, tsc, tscinvbit, bmi1, bmi2, adx

/proc/cpuinfo:
processor	: 0
vendor_id	: GenuineIntel
cpu family	: 6
model		: 158
model name	: Intel(R) Xeon(R) E-2186M  CPU @ 2.90GHz
stepping	: 10
microcode	: 0x96
cpu MHz		: 4214.356
cache size	: 12288 KB
physical id	: 0
siblings	: 12
core id		: 0
cpu cores	: 6
apicid		: 0
initial apicid	: 0
fpu		: yes
fpu_exception	: yes
cpuid level	: 22
wp		: yes
flags		: fpu vme de pse tsc msr pae mce cx8 apic sep mtrr pge mca cmov pat pse36 clflush dts acpi mmx fxsr sse sse2 ss ht tm pbe syscall nx pdpe1gb rdtscp lm constant_tsc art arch_perfmon pebs bts rep_good nopl xtopology nonstop_tsc cpuid aperfmperf tsc_known_freq pni pclmulqdq dtes64 monitor ds_cpl vmx smx est tm2 ssse3 sdbg fma cx16 xtpr pdcm pcid sse4_1 sse4_2 x2apic movbe popcnt tsc_deadline_timer aes xsave avx f16c rdrand lahf_lm abm 3dnowprefetch cpuid_fault epb invpcid_single pti ssbd ibrs ibpb stibp tpr_shadow vnmi flexpriority ept vpid fsgsbase tsc_adjust bmi1 hle avx2 smep bmi2 erms invpcid rtm mpx rdseed adx smap clflushopt intel_pt xsaveopt xsavec xgetbv1 xsaves dtherm ida arat pln pts hwp hwp_notify hwp_act_window hwp_epp flush_l1d
bugs		: cpu_meltdown spectre_v1 spectre_v2 spec_store_bypass l1tf
bogomips	: 5808.00
clflush size	: 64
cache_alignment	: 64
address sizes	: 39 bits physical, 48 bits virtual
power management:

processor	: 1
vendor_id	: GenuineIntel
cpu family	: 6
model		: 158
model name	: Intel(R) Xeon(R) E-2186M  CPU @ 2.90GHz
stepping	: 10
microcode	: 0x96
cpu MHz		: 4369.767
cache size	: 12288 KB
physical id	: 0
siblings	: 12
core id		: 1
cpu cores	: 6
apicid		: 2
initial apicid	: 2
fpu		: yes
fpu_exception	: yes
cpuid level	: 22
wp		: yes
flags		: fpu vme de pse tsc msr pae mce cx8 apic sep mtrr pge mca cmov pat pse36 clflush dts acpi mmx fxsr sse sse2 ss ht tm pbe syscall nx pdpe1gb rdtscp lm constant_tsc art arch_perfmon pebs bts rep_good nopl xtopology nonstop_tsc cpuid aperfmperf tsc_known_freq pni pclmulqdq dtes64 monitor ds_cpl vmx smx est tm2 ssse3 sdbg fma cx16 xtpr pdcm pcid sse4_1 sse4_2 x2apic movbe popcnt tsc_deadline_timer aes xsave avx f16c rdrand lahf_lm abm 3dnowprefetch cpuid_fault epb invpcid_single pti ssbd ibrs ibpb stibp tpr_shadow vnmi flexpriority ept vpid fsgsbase tsc_adjust bmi1 hle avx2 smep bmi2 erms invpcid rtm mpx rdseed adx smap clflushopt intel_pt xsaveopt xsavec xgetbv1 xsaves dtherm ida arat pln pts hwp hwp_notify hwp_act_window hwp_epp flush_l1d
bugs		: cpu_meltdown spectre_v1 spectre_v2 spec_store_bypass l1tf
bogomips	: 5808.00
clflush size	: 64
cache_alignment	: 64
address sizes	: 39 bits physical, 48 bits virtual
power management:

processor	: 2
vendor_id	: GenuineIntel
cpu family	: 6
model		: 158
model name	: Intel(R) Xeon(R) E-2186M  CPU @ 2.90GHz
stepping	: 10
microcode	: 0x96
cpu MHz		: 4168.209
cache size	: 12288 KB
physical id	: 0
siblings	: 12
core id		: 2
cpu cores	: 6
apicid		: 4
initial apicid	: 4
fpu		: yes
fpu_exception	: yes
cpuid level	: 22
wp		: yes
flags		: fpu vme de pse tsc msr pae mce cx8 apic sep mtrr pge mca cmov pat pse36 clflush dts acpi mmx fxsr sse sse2 ss ht tm pbe syscall nx pdpe1gb rdtscp lm constant_tsc art arch_perfmon pebs bts rep_good nopl xtopology nonstop_tsc cpuid aperfmperf tsc_known_freq pni pclmulqdq dtes64 monitor ds_cpl vmx smx est tm2 ssse3 sdbg fma cx16 xtpr pdcm pcid sse4_1 sse4_2 x2apic movbe popcnt tsc_deadline_timer aes xsave avx f16c rdrand lahf_lm abm 3dnowprefetch cpuid_fault epb invpcid_single pti ssbd ibrs ibpb stibp tpr_shadow vnmi flexpriority ept vpid fsgsbase tsc_adjust bmi1 hle avx2 smep bmi2 erms invpcid rtm mpx rdseed adx smap clflushopt intel_pt xsaveopt xsavec xgetbv1 xsaves dtherm ida arat pln pts hwp hwp_notify hwp_act_window hwp_epp flush_l1d
bugs		: cpu_meltdown spectre_v1 spectre_v2 spec_store_bypass l1tf
bogomips	: 5808.00
clflush size	: 64
cache_alignment	: 64
address sizes	: 39 bits physical, 48 bits virtual
power management:

processor	: 3
vendor_id	: GenuineIntel
cpu family	: 6
model		: 158
model name	: Intel(R) Xeon(R) E-2186M  CPU @ 2.90GHz
stepping	: 10
microcode	: 0x96
cpu MHz		: 4368.146
cache size	: 12288 KB
physical id	: 0
siblings	: 12
core id		: 3
cpu cores	: 6
apicid		: 6
initial apicid	: 6
fpu		: yes
fpu_exception	: yes
cpuid level	: 22
wp		: yes
flags		: fpu vme de pse tsc msr pae mce cx8 apic sep mtrr pge mca cmov pat pse36 clflush dts acpi mmx fxsr sse sse2 ss ht tm pbe syscall nx pdpe1gb rdtscp lm constant_tsc art arch_perfmon pebs bts rep_good nopl xtopology nonstop_tsc cpuid aperfmperf tsc_known_freq pni pclmulqdq dtes64 monitor ds_cpl vmx smx est tm2 ssse3 sdbg fma cx16 xtpr pdcm pcid sse4_1 sse4_2 x2apic movbe popcnt tsc_deadline_timer aes xsave avx f16c rdrand lahf_lm abm 3dnowprefetch cpuid_fault epb invpcid_single pti ssbd ibrs ibpb stibp tpr_shadow vnmi flexpriority ept vpid fsgsbase tsc_adjust bmi1 hle avx2 smep bmi2 erms invpcid rtm mpx rdseed adx smap clflushopt intel_pt xsaveopt xsavec xgetbv1 xsaves dtherm ida arat pln pts hwp hwp_notify hwp_act_window hwp_epp flush_l1d
bugs		: cpu_meltdown spectre_v1 spectre_v2 spec_store_bypass l1tf
bogomips	: 5808.00
clflush size	: 64
cache_alignment	: 64
address sizes	: 39 bits physical, 48 bits virtual
power management:

processor	: 4
vendor_id	: GenuineIntel
cpu family	: 6
model		: 158
model name	: Intel(R) Xeon(R) E-2186M  CPU @ 2.90GHz
stepping	: 10
microcode	: 0x96
cpu MHz		: 4396.060
cache size	: 12288 KB
physical id	: 0
siblings	: 12
core id		: 4
cpu cores	: 6
apicid		: 8
initial apicid	: 8
fpu		: yes
fpu_exception	: yes
cpuid level	: 22
wp		: yes
flags		: fpu vme de pse tsc msr pae mce cx8 apic sep mtrr pge mca cmov pat pse36 clflush dts acpi mmx fxsr sse sse2 ss ht tm pbe syscall nx pdpe1gb rdtscp lm constant_tsc art arch_perfmon pebs bts rep_good nopl xtopology nonstop_tsc cpuid aperfmperf tsc_known_freq pni pclmulqdq dtes64 monitor ds_cpl vmx smx est tm2 ssse3 sdbg fma cx16 xtpr pdcm pcid sse4_1 sse4_2 x2apic movbe popcnt tsc_deadline_timer aes xsave avx f16c rdrand lahf_lm abm 3dnowprefetch cpuid_fault epb invpcid_single pti ssbd ibrs ibpb stibp tpr_shadow vnmi flexpriority ept vpid fsgsbase tsc_adjust bmi1 hle avx2 smep bmi2 erms invpcid rtm mpx rdseed adx smap clflushopt intel_pt xsaveopt xsavec xgetbv1 xsaves dtherm ida arat pln pts hwp hwp_notify hwp_act_window hwp_epp flush_l1d
bugs		: cpu_meltdown spectre_v1 spectre_v2 spec_store_bypass l1tf
bogomips	: 5808.00
clflush size	: 64
cache_alignment	: 64
address sizes	: 39 bits physical, 48 bits virtual
power management:

processor	: 5
vendor_id	: GenuineIntel
cpu family	: 6
model		: 158
model name	: Intel(R) Xeon(R) E-2186M  CPU @ 2.90GHz
stepping	: 10
microcode	: 0x96
cpu MHz		: 4020.845
cache size	: 12288 KB
physical id	: 0
siblings	: 12
core id		: 5
cpu cores	: 6
apicid		: 10
initial apicid	: 10
fpu		: yes
fpu_exception	: yes
cpuid level	: 22
wp		: yes
flags		: fpu vme de pse tsc msr pae mce cx8 apic sep mtrr pge mca cmov pat pse36 clflush dts acpi mmx fxsr sse sse2 ss ht tm pbe syscall nx pdpe1gb rdtscp lm constant_tsc art arch_perfmon pebs bts rep_good nopl xtopology nonstop_tsc cpuid aperfmperf tsc_known_freq pni pclmulqdq dtes64 monitor ds_cpl vmx smx est tm2 ssse3 sdbg fma cx16 xtpr pdcm pcid sse4_1 sse4_2 x2apic movbe popcnt tsc_deadline_timer aes xsave avx f16c rdrand lahf_lm abm 3dnowprefetch cpuid_fault epb invpcid_single pti ssbd ibrs ibpb stibp tpr_shadow vnmi flexpriority ept vpid fsgsbase tsc_adjust bmi1 hle avx2 smep bmi2 erms invpcid rtm mpx rdseed adx smap clflushopt intel_pt xsaveopt xsavec xgetbv1 xsaves dtherm ida arat pln pts hwp hwp_notify hwp_act_window hwp_epp flush_l1d
bugs		: cpu_meltdown spectre_v1 spectre_v2 spec_store_bypass l1tf
bogomips	: 5808.00
clflush size	: 64
cache_alignment	: 64
address sizes	: 39 bits physical, 48 bits virtual
power management:

processor	: 6
vendor_id	: GenuineIntel
cpu family	: 6
model		: 158
model name	: Intel(R) Xeon(R) E-2186M  CPU @ 2.90GHz
stepping	: 10
microcode	: 0x96
cpu MHz		: 4262.315
cache size	: 12288 KB
physical id	: 0
siblings	: 12
core id		: 0
cpu cores	: 6
apicid		: 1
initial apicid	: 1
fpu		: yes
fpu_exception	: yes
cpuid level	: 22
wp		: yes
flags		: fpu vme de pse tsc msr pae mce cx8 apic sep mtrr pge mca cmov pat pse36 clflush dts acpi mmx fxsr sse sse2 ss ht tm pbe syscall nx pdpe1gb rdtscp lm constant_tsc art arch_perfmon pebs bts rep_good nopl xtopology nonstop_tsc cpuid aperfmperf tsc_known_freq pni pclmulqdq dtes64 monitor ds_cpl vmx smx est tm2 ssse3 sdbg fma cx16 xtpr pdcm pcid sse4_1 sse4_2 x2apic movbe popcnt tsc_deadline_timer aes xsave avx f16c rdrand lahf_lm abm 3dnowprefetch cpuid_fault epb invpcid_single pti ssbd ibrs ibpb stibp tpr_shadow vnmi flexpriority ept vpid fsgsbase tsc_adjust bmi1 hle avx2 smep bmi2 erms invpcid rtm mpx rdseed adx smap clflushopt intel_pt xsaveopt xsavec xgetbv1 xsaves dtherm ida arat pln pts hwp hwp_notify hwp_act_window hwp_epp flush_l1d
bugs		: cpu_meltdown spectre_v1 spectre_v2 spec_store_bypass l1tf
bogomips	: 5808.00
clflush size	: 64
cache_alignment	: 64
address sizes	: 39 bits physical, 48 bits virtual
power management:

processor	: 7
vendor_id	: GenuineIntel
cpu family	: 6
model		: 158
model name	: Intel(R) Xeon(R) E-2186M  CPU @ 2.90GHz
stepping	: 10
microcode	: 0x96
cpu MHz		: 4357.034
cache size	: 12288 KB
physical id	: 0
siblings	: 12
core id		: 1
cpu cores	: 6
apicid		: 3
initial apicid	: 3
fpu		: yes
fpu_exception	: yes
cpuid level	: 22
wp		: yes
flags		: fpu vme de pse tsc msr pae mce cx8 apic sep mtrr pge mca cmov pat pse36 clflush dts acpi mmx fxsr sse sse2 ss ht tm pbe syscall nx pdpe1gb rdtscp lm constant_tsc art arch_perfmon pebs bts rep_good nopl xtopology nonstop_tsc cpuid aperfmperf tsc_known_freq pni pclmulqdq dtes64 monitor ds_cpl vmx smx est tm2 ssse3 sdbg fma cx16 xtpr pdcm pcid sse4_1 sse4_2 x2apic movbe popcnt tsc_deadline_timer aes xsave avx f16c rdrand lahf_lm abm 3dnowprefetch cpuid_fault epb invpcid_single pti ssbd ibrs ibpb stibp tpr_shadow vnmi flexpriority ept vpid fsgsbase tsc_adjust bmi1 hle avx2 smep bmi2 erms invpcid rtm mpx rdseed adx smap clflushopt intel_pt xsaveopt xsavec xgetbv1 xsaves dtherm ida arat pln pts hwp hwp_notify hwp_act_window hwp_epp flush_l1d
bugs		: cpu_meltdown spectre_v1 spectre_v2 spec_store_bypass l1tf
bogomips	: 5808.00
clflush size	: 64
cache_alignment	: 64
address sizes	: 39 bits physical, 48 bits virtual
power management:

processor	: 8
vendor_id	: GenuineIntel
cpu family	: 6
model		: 158
model name	: Intel(R) Xeon(R) E-2186M  CPU @ 2.90GHz
stepping	: 10
microcode	: 0x96
cpu MHz		: 4086.083
cache size	: 12288 KB
physical id	: 0
siblings	: 12
core id		: 2
cpu cores	: 6
apicid		: 5
initial apicid	: 5
fpu		: yes
fpu_exception	: yes
cpuid level	: 22
wp		: yes
flags		: fpu vme de pse tsc msr pae mce cx8 apic sep mtrr pge mca cmov pat pse36 clflush dts acpi mmx fxsr sse sse2 ss ht tm pbe syscall nx pdpe1gb rdtscp lm constant_tsc art arch_perfmon pebs bts rep_good nopl xtopology nonstop_tsc cpuid aperfmperf tsc_known_freq pni pclmulqdq dtes64 monitor ds_cpl vmx smx est tm2 ssse3 sdbg fma cx16 xtpr pdcm pcid sse4_1 sse4_2 x2apic movbe popcnt tsc_deadline_timer aes xsave avx f16c rdrand lahf_lm abm 3dnowprefetch cpuid_fault epb invpcid_single pti ssbd ibrs ibpb stibp tpr_shadow vnmi flexpriority ept vpid fsgsbase tsc_adjust bmi1 hle avx2 smep bmi2 erms invpcid rtm mpx rdseed adx smap clflushopt intel_pt xsaveopt xsavec xgetbv1 xsaves dtherm ida arat pln pts hwp hwp_notify hwp_act_window hwp_epp flush_l1d
bugs		: cpu_meltdown spectre_v1 spectre_v2 spec_store_bypass l1tf
bogomips	: 5808.00
clflush size	: 64
cache_alignment	: 64
address sizes	: 39 bits physical, 48 bits virtual
power management:

processor	: 9
vendor_id	: GenuineIntel
cpu family	: 6
model		: 158
model name	: Intel(R) Xeon(R) E-2186M  CPU @ 2.90GHz
stepping	: 10
microcode	: 0x96
cpu MHz		: 3978.916
cache size	: 12288 KB
physical id	: 0
siblings	: 12
core id		: 3
cpu cores	: 6
apicid		: 7
initial apicid	: 7
fpu		: yes
fpu_exception	: yes
cpuid level	: 22
wp		: yes
flags		: fpu vme de pse tsc msr pae mce cx8 apic sep mtrr pge mca cmov pat pse36 clflush dts acpi mmx fxsr sse sse2 ss ht tm pbe syscall nx pdpe1gb rdtscp lm constant_tsc art arch_perfmon pebs bts rep_good nopl xtopology nonstop_tsc cpuid aperfmperf tsc_known_freq pni pclmulqdq dtes64 monitor ds_cpl vmx smx est tm2 ssse3 sdbg fma cx16 xtpr pdcm pcid sse4_1 sse4_2 x2apic movbe popcnt tsc_deadline_timer aes xsave avx f16c rdrand lahf_lm abm 3dnowprefetch cpuid_fault epb invpcid_single pti ssbd ibrs ibpb stibp tpr_shadow vnmi flexpriority ept vpid fsgsbase tsc_adjust bmi1 hle avx2 smep bmi2 erms invpcid rtm mpx rdseed adx smap clflushopt intel_pt xsaveopt xsavec xgetbv1 xsaves dtherm ida arat pln pts hwp hwp_notify hwp_act_window hwp_epp flush_l1d
bugs		: cpu_meltdown spectre_v1 spectre_v2 spec_store_bypass l1tf
bogomips	: 5808.00
clflush size	: 64
cache_alignment	: 64
address sizes	: 39 bits physical, 48 bits virtual
power management:

processor	: 10
vendor_id	: GenuineIntel
cpu family	: 6
model		: 158
model name	: Intel(R) Xeon(R) E-2186M  CPU @ 2.90GHz
stepping	: 10
microcode	: 0x96
cpu MHz		: 4333.333
cache size	: 12288 KB
physical id	: 0
siblings	: 12
core id		: 4
cpu cores	: 6
apicid		: 9
initial apicid	: 9
fpu		: yes
fpu_exception	: yes
cpuid level	: 22
wp		: yes
flags		: fpu vme de pse tsc msr pae mce cx8 apic sep mtrr pge mca cmov pat pse36 clflush dts acpi mmx fxsr sse sse2 ss ht tm pbe syscall nx pdpe1gb rdtscp lm constant_tsc art arch_perfmon pebs bts rep_good nopl xtopology nonstop_tsc cpuid aperfmperf tsc_known_freq pni pclmulqdq dtes64 monitor ds_cpl vmx smx est tm2 ssse3 sdbg fma cx16 xtpr pdcm pcid sse4_1 sse4_2 x2apic movbe popcnt tsc_deadline_timer aes xsave avx f16c rdrand lahf_lm abm 3dnowprefetch cpuid_fault epb invpcid_single pti ssbd ibrs ibpb stibp tpr_shadow vnmi flexpriority ept vpid fsgsbase tsc_adjust bmi1 hle avx2 smep bmi2 erms invpcid rtm mpx rdseed adx smap clflushopt intel_pt xsaveopt xsavec xgetbv1 xsaves dtherm ida arat pln pts hwp hwp_notify hwp_act_window hwp_epp flush_l1d
bugs		: cpu_meltdown spectre_v1 spectre_v2 spec_store_bypass l1tf
bogomips	: 5808.00
clflush size	: 64
cache_alignment	: 64
address sizes	: 39 bits physical, 48 bits virtual
power management:

processor	: 11
vendor_id	: GenuineIntel
cpu family	: 6
model		: 158
model name	: Intel(R) Xeon(R) E-2186M  CPU @ 2.90GHz
stepping	: 10
microcode	: 0x96
cpu MHz		: 4229.537
cache size	: 12288 KB
physical id	: 0
siblings	: 12
core id		: 5
cpu cores	: 6
apicid		: 11
initial apicid	: 11
fpu		: yes
fpu_exception	: yes
cpuid level	: 22
wp		: yes
flags		: fpu vme de pse tsc msr pae mce cx8 apic sep mtrr pge mca cmov pat pse36 clflush dts acpi mmx fxsr sse sse2 ss ht tm pbe syscall nx pdpe1gb rdtscp lm constant_tsc art arch_perfmon pebs bts rep_good nopl xtopology nonstop_tsc cpuid aperfmperf tsc_known_freq pni pclmulqdq dtes64 monitor ds_cpl vmx smx est tm2 ssse3 sdbg fma cx16 xtpr pdcm pcid sse4_1 sse4_2 x2apic movbe popcnt tsc_deadline_timer aes xsave avx f16c rdrand lahf_lm abm 3dnowprefetch cpuid_fault epb invpcid_single pti ssbd ibrs ibpb stibp tpr_shadow vnmi flexpriority ept vpid fsgsbase tsc_adjust bmi1 hle avx2 smep bmi2 erms invpcid rtm mpx rdseed adx smap clflushopt intel_pt xsaveopt xsavec xgetbv1 xsaves dtherm ida arat pln pts hwp hwp_notify hwp_act_window hwp_epp flush_l1d
bugs		: cpu_meltdown spectre_v1 spectre_v2 spec_store_bypass l1tf
bogomips	: 5808.00
clflush size	: 64
cache_alignment	: 64
address sizes	: 39 bits physical, 48 bits virtual
power management:



Memory: 4k page, physical 32693780k(22546944k free), swap 19530748k(19530748k free)

vm_info: Java HotSpot(TM) 64-Bit Server VM (25.201-b09) for linux-amd64 JRE (1.8.0_201-b09), built on Dec 15 2018 11:35:59 by "java_re" with gcc 7.3.0

time: Wed May 15 16:48:39 2019
timezone: CEST
elapsed time: 24 seconds (0d 0h 0m 24s)

