#
# A fatal error has been detected by the Java Runtime Environment:
#
#  SIGSEGV (0xb) at pc=0x00007f47c5030b94, pid=9827, tid=0x00007f488533c700
#
# JRE version: Java(TM) SE Runtime Environment (8.0_201-b09) (build 1.8.0_201-b09)
# Java VM: Java HotSpot(TM) 64-Bit Server VM (25.201-b09 mixed mode linux-amd64 compressed oops)
# Problematic frame:
# C  [libSimpleITKJava.so+0xc383b94]  itk::ObjectFactoryBase::RegisterInternal()+0x64
#
# Failed to write core dump. Core dumps have been disabled. To enable core dumping, try "ulimit -c unlimited" before starting Java again
#
# If you would like to submit a bug report, please visit:
#   http://bugreport.java.com/bugreport/crash.jsp
# The crash happened outside the Java Virtual Machine in native code.
# See problematic frame for where to report the bug.
#

---------------  T H R E A D  ---------------

Current thread (0x00007f487c00b800):  JavaThread "Run$_main" [_thread_in_native, id=9833, stack(0x00007f488523d000,0x00007f488533d000)]

siginfo: si_signo: 11 (SIGSEGV), si_code: 1 (SEGV_MAPERR), si_addr: 0x0000000000000010

Registers:
RAX=0x00007f487cc76780, RBX=0x0000000000000000, RCX=0x00007f487c0008d0, RDX=0x00007f487cc76780
RSP=0x00007f4885337c90, RBP=0x00007f487ce5e1a0, RSI=0x00007f487c0008d0, RDI=0x00007f47699e1cb0
R8 =0x00007f4885337db0, R9 =0x0000000000000000, R10=0x0000000000000000, R11=0x0000000000000202
R12=0x00007f47c7fe9e90, R13=0x00007f47c7fe9e80, R14=0x00007f4885337d10, R15=0x0000000000000000
RIP=0x00007f47c5030b94, EFLAGS=0x0000000000010207, CSGSFS=0x002b000000000033, ERR=0x0000000000000004
  TRAPNO=0x000000000000000e

Top of Stack: (sp=0x00007f4885337c90)
0x00007f4885337c90:   00007f47c7ef3520 00007f487d383210
0x00007f4885337ca0:   00007f4885337d40 00007f47c5242b00
0x00007f4885337cb0:   00007f487c94dec0 00007f47c50328e5
0x00007f4885337cc0:   0000000000000000 00007f47c5032907
0x00007f4885337cd0:   00007f487d383210 00007f47bf425b69
0x00007f4885337ce0:   00007f487d383210 00007f4885337d40
0x00007f4885337cf0:   00007f487d398f28 00007f487c94dec0
0x00007f4885337d00:   00007f487c18f980 00007f47bf881ada
0x00007f4885337d10:   0000000000000000 00007f487d398ef8
0x00007f4885337d20:   00007f487d383210 00007f487d383210
0x00007f4885337d30:   00007f487d398f28 00007f47bf44a486
0x00007f4885337d40:   00007f487d398f80 00007f4885337d5f
0x00007f4885337d50:   00007f487c18dd30 00007f487d383210
0x00007f4885337d60:   00007f487d398ef8 00007f47c5027d7d
0x00007f4885337d70:   00007f487c18f940 00007f47c501352b
0x00007f4885337d80:   00007f487d398e80 00007f487d398e80
0x00007f4885337d90:   00007f487d398e80 00007f47bf8a0bc2
0x00007f4885337da0:   00007f487d398f28 00007f47c5015e94
0x00007f4885337db0:   00007f47c7058750 00007f47c5013772
0x00007f4885337dc0:   0000000000000001 00007f487c18f980
0x00007f4885337dd0:   0000000000000003 00007f47c5015ee0
0x00007f4885337de0:   00007f487c18fce0 0000000000000001
0x00007f4885337df0:   0000000000000001 0000000000000001
0x00007f4885337e00:   0000000000000003 00007f47bf3565ba
0x00007f4885337e10:   fffffffffffac810 3fb96cccc837c20f
0x00007f4885337e20:   000000000000012c 000000000000012c
0x00007f4885337e30:   0000000000000000 000000000000011e
0x00007f4885337e40:   000000000000011e 0000000000000000
0x00007f4885337e50:   0000000000000136 0000000000000136
0x00007f4885337e60:   0000000000000000 0000000000000000
0x00007f4885337e70:   0000000000000000 00007f4334476c18
0x00007f4885337e80:   0000000000000000 0000000000000001 

Instructions: (pc=0x00007f47c5030b94)
0x00007f47c5030b74:   8b 18 48 39 c3 74 35 0f 1f 44 00 00 bf 18 00 00
0x00007f47c5030b84:   00 49 8b 2c 24 e8 62 55 ad f9 48 83 f8 f0 74 08
0x00007f47c5030b94:   48 8b 53 10 48 89 50 10 48 89 ee 48 89 c7 e8 99
0x00007f47c5030ba4:   63 ae f9 48 8b 1b 49 3b 5d 00 75 d0 48 83 c4 08 

Register to memory mapping:

RAX=0x00007f487cc76780 is an unknown value
RBX=0x0000000000000000 is an unknown value
RCX=0x00007f487c0008d0 is an unknown value
RDX=0x00007f487cc76780 is an unknown value
RSP=0x00007f4885337c90 is pointing into the stack for thread: 0x00007f487c00b800
RBP=0x00007f487ce5e1a0 is an unknown value
RSI=0x00007f487c0008d0 is an unknown value
RDI=0x00007f47699e1cb0 is an unknown value
R8 =0x00007f4885337db0 is pointing into the stack for thread: 0x00007f487c00b800
R9 =0x0000000000000000 is an unknown value
R10=0x0000000000000000 is an unknown value
R11=0x0000000000000202 is an unknown value
R12=0x00007f47c7fe9e90: _ZN3itk24ObjectFactoryBasePrivate21m_RegisteredFactoriesE+0 in /home/fernandr/Programmes/Fiji.app/lib/linux64/libSimpleITKJava.so at 0x00007f47b8cad000
R13=0x00007f47c7fe9e80: _ZN3itk24ObjectFactoryBasePrivate19m_InternalFactoriesE+0 in /home/fernandr/Programmes/Fiji.app/lib/linux64/libSimpleITKJava.so at 0x00007f47b8cad000
R14=0x00007f4885337d10 is pointing into the stack for thread: 0x00007f487c00b800
R15=0x0000000000000000 is an unknown value


Stack: [0x00007f488523d000,0x00007f488533d000],  sp=0x00007f4885337c90,  free space=1003k
Native frames: (J=compiled Java code, j=interpreted, Vv=VM code, C=native code)
C  [libSimpleITKJava.so+0xc383b94]  itk::ObjectFactoryBase::RegisterInternal()+0x64

Java frames: (J=compiled Java code, j=interpreted, Vv=VM code)
j  org.itk.simple.SimpleITKJNI.ImageRegistrationMethod_execute(JLorg/itk/simple/ImageRegistrationMethod;JLorg/itk/simple/Image;JLorg/itk/simple/Image;)J+0
j  org.itk.simple.ImageRegistrationMethod.execute(Lorg/itk/simple/Image;Lorg/itk/simple/Image;)Lorg/itk/simple/Transform;+19
j  com.vitimage.ItkRegistrationManager.runNextStep()V+647
j  com.vitimage.ItkRegistrationManager.register()V+146
j  com.vitimage.ItkRegistrationManager.runScenarioKhalifa2(Lcom/vitimage/ItkTransform;Lij/ImagePlus;Lij/ImagePlus;ZLij/ImagePlus;)Lcom/vitimage/ItkTransform;+208
j  com.vitimage.Vitimage_Toolbox.testRecKhalifa()V+94
j  com.vitimage.Vitimage_Toolbox.main([Ljava/lang/String;)V+16
v  ~StubRoutines::call_stub

---------------  P R O C E S S  ---------------

Java Threads: ( => current thread )
  0x00007f47f8001000 JavaThread "SIGTERM handler" daemon [_thread_blocked, id=23909, stack(0x00007f47fc52c000,0x00007f47fc62d000)]
  0x00007f487c36e000 JavaThread "AWT-EventQueue-0" [_thread_blocked, id=9857, stack(0x00007f47fccca000,0x00007f47fcdcb000)]
  0x00007f487c36b800 JavaThread "AWT-Shutdown" [_thread_blocked, id=9856, stack(0x00007f47fcdcb000,0x00007f47fcecc000)]
  0x00007f487c2d8800 JavaThread "AWT-XAWT" daemon [_thread_blocked, id=9855, stack(0x00007f47fd0cc000,0x00007f47fd1cd000)]
  0x00007f487c29c800 JavaThread "Java2D Disposer" daemon [_thread_blocked, id=9854, stack(0x00007f47fd5dd000,0x00007f47fd6de000)]
  0x00007f487c0d9000 JavaThread "Service Thread" daemon [_thread_blocked, id=9852, stack(0x00007f47ff530000,0x00007f47ff631000)]
  0x00007f487c0cd800 JavaThread "C1 CompilerThread3" daemon [_thread_blocked, id=9851, stack(0x00007f480c0f0000,0x00007f480c1f0000)]
  0x00007f487c0cb800 JavaThread "C2 CompilerThread2" daemon [_thread_blocked, id=9850, stack(0x00007f480c1f1000,0x00007f480c2f1000)]
  0x00007f487c0c9800 JavaThread "C2 CompilerThread1" daemon [_thread_blocked, id=9849, stack(0x00007f480c2f2000,0x00007f480c3f2000)]
  0x00007f487c0c7000 JavaThread "C2 CompilerThread0" daemon [_thread_blocked, id=9848, stack(0x00007f480c3f3000,0x00007f480c4f3000)]
  0x00007f487c092000 JavaThread "Finalizer" daemon [_thread_blocked, id=9846, stack(0x00007f480c5f4000,0x00007f480c6f5000)]
  0x00007f487c08f800 JavaThread "Reference Handler" daemon [_thread_blocked, id=9845, stack(0x00007f480c6f5000,0x00007f480c7f6000)]
=>0x00007f487c00b800 JavaThread "Run$_main" [_thread_in_native, id=9833, stack(0x00007f488523d000,0x00007f488533d000)]

Other Threads:
  0x00007f487c086000 VMThread [stack: 0x00007f480c7f7000,0x00007f480c8f7000] [id=9844]

VM state:at safepoint (shutting down)

VM Mutex/Monitor currently owned by a thread:  ([mutex/lock_event])
[0x00007f487c0080d0] Threads_lock - owner thread: 0x00007f487c086000

heap address: 0x00000001e4000000, size: 24000 MB, Compressed Oops mode: Zero based, Oop shift amount: 3
Narrow klass base: 0x0000000000000000, Narrow klass shift: 3
Compressed class space size: 1073741824 Address: 0x00000007c0000000

Heap:
 PSYoungGen      total 826368K, used 692979K [0x00000005cc000000, 0x0000000622980000, 0x00000007c0000000)
  eden space 626688K, 78% used [0x00000005cc000000,0x00000005ea1be6d8,0x00000005f2400000)
  from space 199680K, 99% used [0x00000005f2400000,0x00000005fe6fe908,0x00000005fe700000)
  to   space 238080K, 0% used [0x0000000614100000,0x0000000614100000,0x0000000622980000)
 ParOldGen       total 778240K, used 371392K [0x00000001e4000000, 0x0000000213800000, 0x00000005cc000000)
  object space 778240K, 47% used [0x00000001e4000000,0x00000001faab0350,0x0000000213800000)
 Metaspace       used 16686K, capacity 16929K, committed 17280K, reserved 1064960K
  class space    used 1497K, capacity 1585K, committed 1664K, reserved 1048576K

Card table byte_map: [0x00007f486a11f000,0x00007f486d000000] byte_map_base: 0x00007f48691ff000

Marking Bits: (ParMarkBitMap*) 0x00007f48844ebd80
 Begin Bits: [0x00007f480d200000, 0x00007f4824900000)
 End Bits:   [0x00007f4824900000, 0x00007f483c000000)

Polling page: 0x00007f4885362000

CodeCache: size=245760Kb used=8682Kb max_used=8698Kb free=237077Kb
 bounds [0x00007f486d000000, 0x00007f486d8a0000, 0x00007f487c000000]
 total_blobs=3302 nmethods=2346 adapters=869
 compilation: enabled

Compilation events (10 events):
Event: 325,305 Thread 0x00007f487c0c9800 nmethod 2690 0x00007f486d2a6390 code [0x00007f486d2a6540, 0x00007f486d2a6890]
Event: 325,434 Thread 0x00007f487c0c7000 nmethod 2688 0x00007f486d88d050 code [0x00007f486d88da60, 0x00007f486d891e38]
Event: 327,218 Thread 0x00007f487c0cb800 2691       4       ij.ImageStack::addSlice (148 bytes)
Event: 327,221 Thread 0x00007f487c0cb800 nmethod 2691 0x00007f486d86cb90 code [0x00007f486d86cd20, 0x00007f486d86d3f8]
Event: 327,415 Thread 0x00007f487c0c9800 2692       4       com.vitimage.ItkImagePlusInterface::itkImageToImagePlus (517 bytes)
Event: 327,432 Thread 0x00007f487c0c9800 nmethod 2692 0x00007f486d889810 code [0x00007f486d889be0, 0x00007f486d88b3a8]
Event: 327,792 Thread 0x00007f487c0c7000 2693       4       ij.process.FloatProcessor::setMinAndMax (44 bytes)
Event: 327,793 Thread 0x00007f487c0c7000 nmethod 2693 0x00007f486d87bf50 code [0x00007f486d87c0e0, 0x00007f486d87c258]
Event: 329,595 Thread 0x00007f487c0cb800 2694       4       ij.process.ByteProcessor::<init> (71 bytes)
Event: 329,596 Thread 0x00007f487c0cb800 nmethod 2694 0x00007f486d309190 code [0x00007f486d309300, 0x00007f486d309498]

GC Heap History (10 events):
Event: 5,979 GC heap before
{Heap before GC invocations=5 (full 1):
 PSYoungGen      total 278016K, used 257024K [0x00000005cc000000, 0x00000005edf00000, 0x00000007c0000000)
  eden space 257024K, 100% used [0x00000005cc000000,0x00000005dbb00000,0x00000005dbb00000)
  from space 20992K, 0% used [0x00000005dbb00000,0x00000005dbb00000,0x00000005dcf80000)
  to   space 20992K, 0% used [0x00000005eca80000,0x00000005eca80000,0x00000005edf00000)
 ParOldGen       total 647168K, used 303927K [0x00000001e4000000, 0x000000020b800000, 0x00000005cc000000)
  object space 647168K, 46% used [0x00000001e4000000,0x00000001f68cdc38,0x000000020b800000)
 Metaspace       used 15284K, capacity 15535K, committed 15744K, reserved 1062912K
  class space    used 1456K, capacity 1550K, committed 1664K, reserved 1048576K
Event: 5,995 GC heap after
Heap after GC invocations=5 (full 1):
 PSYoungGen      total 415744K, used 20976K [0x00000005cc000000, 0x00000005edf00000, 0x00000007c0000000)
  eden space 394752K, 0% used [0x00000005cc000000,0x00000005cc000000,0x00000005e4180000)
  from space 20992K, 99% used [0x00000005eca80000,0x00000005edefc1c0,0x00000005edf00000)
  to   space 20992K, 0% used [0x00000005eb600000,0x00000005eb600000,0x00000005eca80000)
 ParOldGen       total 647168K, used 462942K [0x00000001e4000000, 0x000000020b800000, 0x00000005cc000000)
  object space 647168K, 71% used [0x00000001e4000000,0x0000000200417a18,0x000000020b800000)
 Metaspace       used 15284K, capacity 15535K, committed 15744K, reserved 1062912K
  class space    used 1456K, capacity 1550K, committed 1664K, reserved 1048576K
}
Event: 5,995 GC heap before
{Heap before GC invocations=6 (full 2):
 PSYoungGen      total 415744K, used 20976K [0x00000005cc000000, 0x00000005edf00000, 0x00000007c0000000)
  eden space 394752K, 0% used [0x00000005cc000000,0x00000005cc000000,0x00000005e4180000)
  from space 20992K, 99% used [0x00000005eca80000,0x00000005edefc1c0,0x00000005edf00000)
  to   space 20992K, 0% used [0x00000005eb600000,0x00000005eb600000,0x00000005eca80000)
 ParOldGen       total 647168K, used 462942K [0x00000001e4000000, 0x000000020b800000, 0x00000005cc000000)
  object space 647168K, 71% used [0x00000001e4000000,0x0000000200417a18,0x000000020b800000)
 Metaspace       used 15284K, capacity 15535K, committed 15744K, reserved 1062912K
  class space    used 1456K, capacity 1550K, committed 1664K, reserved 1048576K
Event: 6,024 GC heap after
Heap after GC invocations=6 (full 2):
 PSYoungGen      total 415744K, used 0K [0x00000005cc000000, 0x00000005edf00000, 0x00000007c0000000)
  eden space 394752K, 0% used [0x00000005cc000000,0x00000005cc000000,0x00000005e4180000)
  from space 20992K, 0% used [0x00000005eca80000,0x00000005eca80000,0x00000005edf00000)
  to   space 20992K, 0% used [0x00000005eb600000,0x00000005eb600000,0x00000005eca80000)
 ParOldGen       total 778240K, used 343402K [0x00000001e4000000, 0x0000000213800000, 0x00000005cc000000)
  object space 778240K, 44% used [0x00000001e4000000,0x00000001f8f5ab00,0x0000000213800000)
 Metaspace       used 15284K, capacity 15535K, committed 15744K, reserved 1062912K
  class space    used 1456K, capacity 1550K, committed 1664K, reserved 1048576K
}
Event: 77,085 GC heap before
{Heap before GC invocations=7 (full 2):
 PSYoungGen      total 415744K, used 394752K [0x00000005cc000000, 0x00000005edf00000, 0x00000007c0000000)
  eden space 394752K, 100% used [0x00000005cc000000,0x00000005e4180000,0x00000005e4180000)
  from space 20992K, 0% used [0x00000005eca80000,0x00000005eca80000,0x00000005edf00000)
  to   space 20992K, 0% used [0x00000005eb600000,0x00000005eb600000,0x00000005eca80000)
 ParOldGen       total 778240K, used 343402K [0x00000001e4000000, 0x0000000213800000, 0x00000005cc000000)
  object space 778240K, 44% used [0x00000001e4000000,0x00000001f8f5ab00,0x0000000213800000)
 Metaspace       used 16383K, capacity 16609K, committed 16768K, reserved 1064960K
  class space    used 1495K, capacity 1585K, committed 1664K, reserved 1048576K
Event: 77,091 GC heap after
Heap after GC invocations=7 (full 2):
 PSYoungGen      total 535040K, used 20965K [0x00000005cc000000, 0x000000060b400000, 0x00000007c0000000)
  eden space 514048K, 0% used [0x00000005cc000000,0x00000005cc000000,0x00000005eb600000)
  from space 20992K, 99% used [0x00000005eb600000,0x00000005eca797d0,0x00000005eca80000)
  to   space 209920K, 0% used [0x00000005fe700000,0x00000005fe700000,0x000000060b400000)
 ParOldGen       total 778240K, used 368591K [0x00000001e4000000, 0x0000000213800000, 0x00000005cc000000)
  object space 778240K, 47% used [0x00000001e4000000,0x00000001fa7f3dd0,0x0000000213800000)
 Metaspace       used 16383K, capacity 16609K, committed 16768K, reserved 1064960K
  class space    used 1495K, capacity 1585K, committed 1664K, reserved 1048576K
}
Event: 162,903 GC heap before
{Heap before GC invocations=8 (full 2):
 PSYoungGen      total 535040K, used 534933K [0x00000005cc000000, 0x000000060b400000, 0x00000007c0000000)
  eden space 514048K, 99% used [0x00000005cc000000,0x00000005eb5ebef8,0x00000005eb600000)
  from space 20992K, 99% used [0x00000005eb600000,0x00000005eca797d0,0x00000005eca80000)
  to   space 209920K, 0% used [0x00000005fe700000,0x00000005fe700000,0x000000060b400000)
 ParOldGen       total 778240K, used 368591K [0x00000001e4000000, 0x0000000213800000, 0x00000005cc000000)
  object space 778240K, 47% used [0x00000001e4000000,0x00000001fa7f3dd0,0x0000000213800000)
 Metaspace       used 16552K, capacity 16801K, committed 17024K, reserved 1064960K
  class space    used 1495K, capacity 1585K, committed 1664K, reserved 1048576K
Event: 162,914 GC heap after
Heap after GC invocations=8 (full 2):
 PSYoungGen      total 836608K, used 109564K [0x00000005cc000000, 0x0000000613200000, 0x00000007c0000000)
  eden space 626688K, 0% used [0x00000005cc000000,0x00000005cc000000,0x00000005f2400000)
  from space 209920K, 52% used [0x00000005fe700000,0x00000006051ff0a0,0x000000060b400000)
  to   space 199680K, 0% used [0x00000005f2400000,0x00000005f2400000,0x00000005fe700000)
 ParOldGen       total 778240K, used 368599K [0x00000001e4000000, 0x0000000213800000, 0x00000005cc000000)
  object space 778240K, 47% used [0x00000001e4000000,0x00000001fa7f5dd0,0x0000000213800000)
 Metaspace       used 16552K, capacity 16801K, committed 17024K, reserved 1064960K
  class space    used 1495K, capacity 1585K, committed 1664K, reserved 1048576K
}
Event: 270,077 GC heap before
{Heap before GC invocations=9 (full 2):
 PSYoungGen      total 836608K, used 736252K [0x00000005cc000000, 0x0000000613200000, 0x00000007c0000000)
  eden space 626688K, 100% used [0x00000005cc000000,0x00000005f2400000,0x00000005f2400000)
  from space 209920K, 52% used [0x00000005fe700000,0x00000006051ff0a0,0x000000060b400000)
  to   space 199680K, 0% used [0x00000005f2400000,0x00000005f2400000,0x00000005fe700000)
 ParOldGen       total 778240K, used 368599K [0x00000001e4000000, 0x0000000213800000, 0x00000005cc000000)
  object space 778240K, 47% used [0x00000001e4000000,0x00000001fa7f5dd0,0x0000000213800000)
 Metaspace       used 16635K, capacity 16929K, committed 17280K, reserved 1064960K
  class space    used 1495K, capacity 1585K, committed 1664K, reserved 1048576K
Event: 271,649 GC heap after
Heap after GC invocations=9 (full 2):
 PSYoungGen      total 826368K, used 199674K [0x00000005cc000000, 0x0000000622980000, 0x00000007c0000000)
  eden space 626688K, 0% used [0x00000005cc000000,0x00000005cc000000,0x00000005f2400000)
  from space 199680K, 99% used [0x00000005f2400000,0x00000005fe6fe908,0x00000005fe700000)
  to   space 238080K, 0% used [0x0000000614100000,0x0000000614100000,0x0000000622980000)
 ParOldGen       total 778240K, used 371392K [0x00000001e4000000, 0x0000000213800000, 0x00000005cc000000)
  object space 778240K, 47% used [0x00000001e4000000,0x00000001faab0350,0x0000000213800000)
 Metaspace       used 16635K, capacity 16929K, committed 17280K, reserved 1064960K
  class space    used 1495K, capacity 1585K, committed 1664K, reserved 1048576K
}

Deoptimization events (10 events):
Event: 8,186 Thread 0x00007f487c2d8800 Uncommon trap: reason=class_check action=maybe_recompile pc=0x00007f486d44f238 method=java.util.Hashtable.put(Ljava/lang/Object;Ljava/lang/Object;)Ljava/lang/Object; @ 60
Event: 8,186 Thread 0x00007f487c2d8800 Uncommon trap: reason=class_check action=maybe_recompile pc=0x00007f486d44f238 method=java.util.Hashtable.put(Ljava/lang/Object;Ljava/lang/Object;)Ljava/lang/Object; @ 60
Event: 8,186 Thread 0x00007f487c2d8800 Uncommon trap: reason=class_check action=maybe_recompile pc=0x00007f486d44f238 method=java.util.Hashtable.put(Ljava/lang/Object;Ljava/lang/Object;)Ljava/lang/Object; @ 60
Event: 8,186 Thread 0x00007f487c2d8800 Uncommon trap: reason=class_check action=maybe_recompile pc=0x00007f486d44f238 method=java.util.Hashtable.put(Ljava/lang/Object;Ljava/lang/Object;)Ljava/lang/Object; @ 60
Event: 10,925 Thread 0x00007f487c00b800 Uncommon trap: reason=range_check action=make_not_entrant pc=0x00007f486d4dc494 method=java.awt.image.DirectColorModel.setFields()V @ 65
Event: 77,092 Thread 0x00007f487c00b800 Uncommon trap: reason=unstable_if action=reinterpret pc=0x00007f486d78a5ac method=sun.misc.FloatingDecimal$BinaryToASCIIBuffer.dtoa(IJIZ)V @ 806
Event: 162,982 Thread 0x00007f487c00b800 Uncommon trap: reason=unstable_if action=reinterpret pc=0x00007f486d1c079c method=com.vitimage.ItkImagePlusInterface.itkImageToImagePlus(Lorg/itk/simple/Image;)Lij/ImagePlus; @ 489
Event: 163,537 Thread 0x00007f487c00b800 Uncommon trap: reason=unstable_if action=reinterpret pc=0x00007f486d424aec method=com.vitimage.VitimageUtils.restrictionMaskForFadingHandling(Lij/ImagePlus;I)Lij/ImagePlus; @ 158
Event: 254,375 Thread 0x00007f487c00b800 Uncommon trap: reason=unstable_if action=reinterpret pc=0x00007f486d52131c method=sun.font.FontStrikeDesc.equals(Ljava/lang/Object;)Z @ 27
Event: 271,650 Thread 0x00007f487c00b800 Uncommon trap: reason=unstable_if action=reinterpret pc=0x00007f486d21ddc4 method=sun.font.FontStrikeDesc.equals(Ljava/lang/Object;)Z @ 27

Classes redefined (0 events):
No events

Internal exceptions (10 events):
Event: 330,477 Thread 0x00007f487c00b800 Implicit null exception at 0x00007f486d732085 to 0x00007f486d732235
Event: 330,477 Thread 0x00007f487c00b800 Exception <a 'java/lang/NullPointerException'> (0x00000005e869e978) thrown at [/HUDSON/workspace/8-2-build-linux-amd64/jdk8u201/12317/hotspot/src/share/vm/runtime/sharedRuntime.cpp, line 605]
Event: 330,477 Thread 0x00007f487c00b800 Implicit null exception at 0x00007f486d732085 to 0x00007f486d732235
Event: 330,477 Thread 0x00007f487c00b800 Exception <a 'java/lang/NullPointerException'> (0x00000005e86a8050) thrown at [/HUDSON/workspace/8-2-build-linux-amd64/jdk8u201/12317/hotspot/src/share/vm/runtime/sharedRuntime.cpp, line 605]
Event: 330,477 Thread 0x00007f487c00b800 Implicit null exception at 0x00007f486d732085 to 0x00007f486d732235
Event: 330,477 Thread 0x00007f487c00b800 Exception <a 'java/lang/NullPointerException'> (0x00000005e86b1728) thrown at [/HUDSON/workspace/8-2-build-linux-amd64/jdk8u201/12317/hotspot/src/share/vm/runtime/sharedRuntime.cpp, line 605]
Event: 330,477 Thread 0x00007f487c00b800 Implicit null exception at 0x00007f486d732085 to 0x00007f486d732235
Event: 330,477 Thread 0x00007f487c00b800 Exception <a 'java/lang/NullPointerException'> (0x00000005e86bac98) thrown at [/HUDSON/workspace/8-2-build-linux-amd64/jdk8u201/12317/hotspot/src/share/vm/runtime/sharedRuntime.cpp, line 605]
Event: 330,477 Thread 0x00007f487c00b800 Implicit null exception at 0x00007f486d732085 to 0x00007f486d732235
Event: 330,478 Thread 0x00007f487c00b800 Exception <a 'java/lang/NullPointerException'> (0x00000005e86c4208) thrown at [/HUDSON/workspace/8-2-build-linux-amd64/jdk8u201/12317/hotspot/src/share/vm/runtime/sharedRuntime.cpp, line 605]

Events (10 events):
Event: 331,545 loading class sun/misc/Signal$1 done
Event: 331,556 Thread 0x00007f47f8001000 Thread added: 0x00007f47f8001000
Event: 331,586 Thread 0x00007f4328001000 Thread added: 0x00007f4328001000
Event: 331,586 loading class sun/awt/X11/XSystemTrayPeer
Event: 331,588 loading class java/awt/peer/SystemTrayPeer
Event: 331,588 loading class java/awt/peer/SystemTrayPeer done
Event: 331,588 loading class sun/awt/X11/XSystemTrayPeer done
Event: 331,589 Thread 0x00007f4328001000 Thread exited: 0x00007f4328001000
Event: 331,590 Thread 0x00007f487c0c5800 Thread exited: 0x00007f487c0c5800
Event: 331,590 Executing VM operation: Exit


Dynamic libraries:
00400000-00401000 r-xp 00000000 103:05 399591                            /usr/lib/jvm/java-8-oracle/bin/java
00600000-00601000 r--p 00000000 103:05 399591                            /usr/lib/jvm/java-8-oracle/bin/java
00601000-00602000 rw-p 00001000 103:05 399591                            /usr/lib/jvm/java-8-oracle/bin/java
00b32000-024c5000 rw-p 00000000 00:00 0                                  [heap]
1e4000000-213800000 rw-p 00000000 00:00 0 
213800000-5cc000000 ---p 00000000 00:00 0 
5cc000000-622980000 rw-p 00000000 00:00 0 
622980000-7c0000000 ---p 00000000 00:00 0 
7c0000000-7c01a0000 rw-p 00000000 00:00 0 
7c01a0000-800000000 ---p 00000000 00:00 0 
7f405affe000-7f40745da000 rw-p 00000000 00:00 0 
7f4321a89000-7f4328000000 rw-p 00000000 00:00 0 
7f4328000000-7f4328021000 rw-p 00000000 00:00 0 
7f4328021000-7f432c000000 ---p 00000000 00:00 0 
7f432defe000-7f46fe892000 rw-p 00000000 00:00 0 
7f4704e07000-7f4764000000 rw-p 00000000 00:00 0 
7f4764000000-7f4764022000 rw-p 00000000 00:00 0 
7f4764022000-7f4768000000 ---p 00000000 00:00 0 
7f4768000000-7f476bf40000 rw-p 00000000 00:00 0 
7f476bf40000-7f476c000000 ---p 00000000 00:00 0 
7f476c000000-7f476c022000 rw-p 00000000 00:00 0 
7f476c022000-7f4770000000 ---p 00000000 00:00 0 
7f4770000000-7f4770022000 rw-p 00000000 00:00 0 
7f4770022000-7f4774000000 ---p 00000000 00:00 0 
7f4774000000-7f4774022000 rw-p 00000000 00:00 0 
7f4774022000-7f4778000000 ---p 00000000 00:00 0 
7f4778000000-7f4778022000 rw-p 00000000 00:00 0 
7f4778022000-7f477c000000 ---p 00000000 00:00 0 
7f477c000000-7f477c023000 rw-p 00000000 00:00 0 
7f477c023000-7f4780000000 ---p 00000000 00:00 0 
7f4780000000-7f4780022000 rw-p 00000000 00:00 0 
7f4780022000-7f4784000000 ---p 00000000 00:00 0 
7f4784000000-7f4784022000 rw-p 00000000 00:00 0 
7f4784022000-7f4788000000 ---p 00000000 00:00 0 
7f478c000000-7f478c022000 rw-p 00000000 00:00 0 
7f478c022000-7f4790000000 ---p 00000000 00:00 0 
7f4794000000-7f4794022000 rw-p 00000000 00:00 0 
7f4794022000-7f4798000000 ---p 00000000 00:00 0 
7f4798ab3000-7f479f02a000 rw-p 00000000 00:00 0 
7f47a002c000-7f47a002d000 ---p 00000000 00:00 0 
7f47a002d000-7f47a082d000 rw-p 00000000 00:00 0 
7f47a082d000-7f47a082e000 ---p 00000000 00:00 0 
7f47a082e000-7f47aa861000 rw-p 00000000 00:00 0 
7f47ab9be000-7f47ab9bf000 ---p 00000000 00:00 0 
7f47ab9bf000-7f47b8cad000 rw-p 00000000 00:00 0 
7f47b8cad000-7f47c6d74000 r-xp 00000000 103:05 1975135                   /home/fernandr/Programmes/Fiji.app/lib/linux64/libSimpleITKJava.so
7f47c6d74000-7f47c6f73000 ---p 0e0c7000 103:05 1975135                   /home/fernandr/Programmes/Fiji.app/lib/linux64/libSimpleITKJava.so
7f47c6f73000-7f47c7fe1000 rw-p 0e0c6000 103:05 1975135                   /home/fernandr/Programmes/Fiji.app/lib/linux64/libSimpleITKJava.so
7f47c7fe1000-7f47c8000000 rw-p 00000000 00:00 0 
7f47c8000000-7f47c8025000 rw-p 00000000 00:00 0 
7f47c8025000-7f47cc000000 ---p 00000000 00:00 0 
7f47cc143000-7f47cc283000 rw-p 00000000 00:00 0 
7f47cc283000-7f47cc343000 ---p 00000000 00:00 0 
7f47ccb07000-7f47ccb08000 ---p 00000000 00:00 0 
7f47ccb08000-7f47cd308000 rw-p 00000000 00:00 0 
7f47cfb0d000-7f47cfe00000 rw-s 00000000 00:05 6193183                    /SYSV00000000 (deleted)
7f47cfe00000-7f47d0000000 rw-p 00000000 00:00 0 
7f47d0000000-7f47d0021000 rw-p 00000000 00:00 0 
7f47d0021000-7f47d4000000 ---p 00000000 00:00 0 
7f47d4000000-7f47d40df000 rw-p 00000000 00:00 0 
7f47d40df000-7f47d8000000 ---p 00000000 00:00 0 
7f47d8000000-7f47d8025000 rw-p 00000000 00:00 0 
7f47d8025000-7f47dc000000 ---p 00000000 00:00 0 
7f47dc000000-7f47dc02d000 rw-p 00000000 00:00 0 
7f47dc02d000-7f47e0000000 ---p 00000000 00:00 0 
7f47e0000000-7f47e0021000 rw-p 00000000 00:00 0 
7f47e0021000-7f47e4000000 ---p 00000000 00:00 0 
7f47e4000000-7f47e4021000 rw-p 00000000 00:00 0 
7f47e4021000-7f47e8000000 ---p 00000000 00:00 0 
7f47e8000000-7f47e8765000 rw-p 00000000 00:00 0 
7f47e8765000-7f47ec000000 ---p 00000000 00:00 0 
7f47ec000000-7f47ec62f000 rw-p 00000000 00:00 0 
7f47ec62f000-7f47f0000000 ---p 00000000 00:00 0 
7f47f0000000-7f47f08ec000 rw-p 00000000 00:00 0 
7f47f08ec000-7f47f4000000 ---p 00000000 00:00 0 
7f47f4000000-7f47f4ba2000 rw-p 00000000 00:00 0 
7f47f4ba2000-7f47f8000000 ---p 00000000 00:00 0 
7f47f8000000-7f47f8021000 rw-p 00000000 00:00 0 
7f47f8021000-7f47fc000000 ---p 00000000 00:00 0 
7f47fc0ff000-7f47fc129000 r-xp 00000000 103:05 1319030                   /usr/lib/jvm/java-8-oracle/jre/lib/amd64/libdcpr.so
7f47fc129000-7f47fc328000 ---p 0002a000 103:05 1319030                   /usr/lib/jvm/java-8-oracle/jre/lib/amd64/libdcpr.so
7f47fc328000-7f47fc329000 r--p 00029000 103:05 1319030                   /usr/lib/jvm/java-8-oracle/jre/lib/amd64/libdcpr.so
7f47fc329000-7f47fc32c000 rw-p 0002a000 103:05 1319030                   /usr/lib/jvm/java-8-oracle/jre/lib/amd64/libdcpr.so
7f47fc32c000-7f47fc52c000 rw-p 00000000 00:00 0 
7f47fc52c000-7f47fc52f000 ---p 00000000 00:00 0 
7f47fc52f000-7f47fc62d000 rw-p 00000000 00:00 0 
7f47fc62d000-7f47fc699000 r-xp 00000000 103:05 1319045                   /usr/lib/jvm/java-8-oracle/jre/lib/amd64/libt2k.so
7f47fc699000-7f47fc899000 ---p 0006c000 103:05 1319045                   /usr/lib/jvm/java-8-oracle/jre/lib/amd64/libt2k.so
7f47fc899000-7f47fc89f000 r--p 0006c000 103:05 1319045                   /usr/lib/jvm/java-8-oracle/jre/lib/amd64/libt2k.so
7f47fc89f000-7f47fc8a0000 rw-p 00072000 103:05 1319045                   /usr/lib/jvm/java-8-oracle/jre/lib/amd64/libt2k.so
7f47fc8a0000-7f47fc8b1000 r-xp 00000000 103:05 1319086                   /usr/lib/jvm/java-8-oracle/jre/lib/amd64/libnio.so
7f47fc8b1000-7f47fcab0000 ---p 00011000 103:05 1319086                   /usr/lib/jvm/java-8-oracle/jre/lib/amd64/libnio.so
7f47fcab0000-7f47fcab1000 r--p 00010000 103:05 1319086                   /usr/lib/jvm/java-8-oracle/jre/lib/amd64/libnio.so
7f47fcab1000-7f47fcab2000 rw-p 00011000 103:05 1319086                   /usr/lib/jvm/java-8-oracle/jre/lib/amd64/libnio.so
7f47fcab2000-7f47fcac8000 r-xp 00000000 103:05 1319083                   /usr/lib/jvm/java-8-oracle/jre/lib/amd64/libnet.so
7f47fcac8000-7f47fccc8000 ---p 00016000 103:05 1319083                   /usr/lib/jvm/java-8-oracle/jre/lib/amd64/libnet.so
7f47fccc8000-7f47fccc9000 r--p 00016000 103:05 1319083                   /usr/lib/jvm/java-8-oracle/jre/lib/amd64/libnet.so
7f47fccc9000-7f47fccca000 rw-p 00017000 103:05 1319083                   /usr/lib/jvm/java-8-oracle/jre/lib/amd64/libnet.so
7f47fccca000-7f47fcccd000 ---p 00000000 00:00 0 
7f47fcccd000-7f47fcdcb000 rw-p 00000000 00:00 0 
7f47fcdcb000-7f47fcdce000 ---p 00000000 00:00 0 
7f47fcdce000-7f47fd0cc000 rw-p 00000000 00:00 0 
7f47fd0cc000-7f47fd0cf000 ---p 00000000 00:00 0 
7f47fd0cf000-7f47fd1cd000 rw-p 00000000 00:00 0 
7f47fd1cd000-7f47fd1d2000 r-xp 00000000 103:05 401423                    /usr/lib/x86_64-linux-gnu/libXfixes.so.3.1.0
7f47fd1d2000-7f47fd3d1000 ---p 00005000 103:05 401423                    /usr/lib/x86_64-linux-gnu/libXfixes.so.3.1.0
7f47fd3d1000-7f47fd3d2000 r--p 00004000 103:05 401423                    /usr/lib/x86_64-linux-gnu/libXfixes.so.3.1.0
7f47fd3d2000-7f47fd3d3000 rw-p 00005000 103:05 401423                    /usr/lib/x86_64-linux-gnu/libXfixes.so.3.1.0
7f47fd3d3000-7f47fd3dc000 r-xp 00000000 103:05 401415                    /usr/lib/x86_64-linux-gnu/libXcursor.so.1.0.2
7f47fd3dc000-7f47fd5db000 ---p 00009000 103:05 401415                    /usr/lib/x86_64-linux-gnu/libXcursor.so.1.0.2
7f47fd5db000-7f47fd5dc000 r--p 00008000 103:05 401415                    /usr/lib/x86_64-linux-gnu/libXcursor.so.1.0.2
7f47fd5dc000-7f47fd5dd000 rw-p 00009000 103:05 401415                    /usr/lib/x86_64-linux-gnu/libXcursor.so.1.0.2
7f47fd5dd000-7f47fd5e0000 ---p 00000000 00:00 0 
7f47fd5e0000-7f47fd6de000 rw-p 00000000 00:00 0 
7f47fd6de000-7f47fd6f5000 r-xp 00000000 103:05 3801177                   /lib/x86_64-linux-gnu/libgcc_s.so.1
7f47fd6f5000-7f47fd8f4000 ---p 00017000 103:05 3801177                   /lib/x86_64-linux-gnu/libgcc_s.so.1
7f47fd8f4000-7f47fd8f5000 r--p 00016000 103:05 3801177                   /lib/x86_64-linux-gnu/libgcc_s.so.1
7f47fd8f5000-7f47fd8f6000 rw-p 00017000 103:05 3801177                   /lib/x86_64-linux-gnu/libgcc_s.so.1
7f47fd8f6000-7f47fd953000 r-xp 00000000 103:05 1319057                   /usr/lib/jvm/java-8-oracle/jre/lib/amd64/libfontmanager.so
7f47fd953000-7f47fdb53000 ---p 0005d000 103:05 1319057                   /usr/lib/jvm/java-8-oracle/jre/lib/amd64/libfontmanager.so
7f47fdb53000-7f47fdb56000 r--p 0005d000 103:05 1319057                   /usr/lib/jvm/java-8-oracle/jre/lib/amd64/libfontmanager.so
7f47fdb56000-7f47fdb57000 rw-p 00060000 103:05 1319057                   /usr/lib/jvm/java-8-oracle/jre/lib/amd64/libfontmanager.so
7f47fdb57000-7f47fdb6a000 r-xp 00000000 103:05 3806054                   /lib/x86_64-linux-gnu/libbsd.so.0.8.7
7f47fdb6a000-7f47fdd69000 ---p 00013000 103:05 3806054                   /lib/x86_64-linux-gnu/libbsd.so.0.8.7
7f47fdd69000-7f47fdd6a000 r--p 00012000 103:05 3806054                   /lib/x86_64-linux-gnu/libbsd.so.0.8.7
7f47fdd6a000-7f47fdd6b000 rw-p 00013000 103:05 3806054                   /lib/x86_64-linux-gnu/libbsd.so.0.8.7
7f47fdd6b000-7f47fdd6c000 rw-p 00000000 00:00 0 
7f47fdd6c000-7f47fdd71000 r-xp 00000000 103:05 401419                    /usr/lib/x86_64-linux-gnu/libXdmcp.so.6.0.0
7f47fdd71000-7f47fdf70000 ---p 00005000 103:05 401419                    /usr/lib/x86_64-linux-gnu/libXdmcp.so.6.0.0
7f47fdf70000-7f47fdf71000 r--p 00004000 103:05 401419                    /usr/lib/x86_64-linux-gnu/libXdmcp.so.6.0.0
7f47fdf71000-7f47fdf72000 rw-p 00005000 103:05 401419                    /usr/lib/x86_64-linux-gnu/libXdmcp.so.6.0.0
7f47fdf72000-7f47fdf74000 r-xp 00000000 103:05 401408                    /usr/lib/x86_64-linux-gnu/libXau.so.6.0.0
7f47fdf74000-7f47fe174000 ---p 00002000 103:05 401408                    /usr/lib/x86_64-linux-gnu/libXau.so.6.0.0
7f47fe174000-7f47fe175000 r--p 00002000 103:05 401408                    /usr/lib/x86_64-linux-gnu/libXau.so.6.0.0
7f47fe175000-7f47fe176000 rw-p 00003000 103:05 401408                    /usr/lib/x86_64-linux-gnu/libXau.so.6.0.0
7f47fe176000-7f47fe19c000 r-xp 00000000 103:05 396084                    /usr/lib/x86_64-linux-gnu/libxcb.so.1.1.0
7f47fe19c000-7f47fe39c000 ---p 00026000 103:05 396084                    /usr/lib/x86_64-linux-gnu/libxcb.so.1.1.0
7f47fe39c000-7f47fe39d000 r--p 00026000 103:05 396084                    /usr/lib/x86_64-linux-gnu/libxcb.so.1.1.0
7f47fe39d000-7f47fe39e000 rw-p 00027000 103:05 396084                    /usr/lib/x86_64-linux-gnu/libxcb.so.1.1.0
7f47fe39e000-7f47fe3ad000 r-xp 00000000 103:05 401429                    /usr/lib/x86_64-linux-gnu/libXi.so.6.1.0
7f47fe3ad000-7f47fe5ac000 ---p 0000f000 103:05 401429                    /usr/lib/x86_64-linux-gnu/libXi.so.6.1.0
7f47fe5ac000-7f47fe5ad000 r--p 0000e000 103:05 401429                    /usr/lib/x86_64-linux-gnu/libXi.so.6.1.0
7f47fe5ad000-7f47fe5ae000 rw-p 0000f000 103:05 401429                    /usr/lib/x86_64-linux-gnu/libXi.so.6.1.0
7f47fe5ae000-7f47fe5b3000 r-xp 00000000 103:05 401447                    /usr/lib/x86_64-linux-gnu/libXtst.so.6.1.0
7f47fe5b3000-7f47fe7b2000 ---p 00005000 103:05 401447                    /usr/lib/x86_64-linux-gnu/libXtst.so.6.1.0
7f47fe7b2000-7f47fe7b3000 r--p 00004000 103:05 401447                    /usr/lib/x86_64-linux-gnu/libXtst.so.6.1.0
7f47fe7b3000-7f47fe7b4000 rw-p 00005000 103:05 401447                    /usr/lib/x86_64-linux-gnu/libXtst.so.6.1.0
7f47fe7b4000-7f47fe7bd000 r-xp 00000000 103:05 401441                    /usr/lib/x86_64-linux-gnu/libXrender.so.1.3.0
7f47fe7bd000-7f47fe9bc000 ---p 00009000 103:05 401441                    /usr/lib/x86_64-linux-gnu/libXrender.so.1.3.0
7f47fe9bc000-7f47fe9bd000 r--p 00008000 103:05 401441                    /usr/lib/x86_64-linux-gnu/libXrender.so.1.3.0
7f47fe9bd000-7f47fe9be000 rw-p 00009000 103:05 401441                    /usr/lib/x86_64-linux-gnu/libXrender.so.1.3.0
7f47fe9be000-7f47feaf1000 r-xp 00000000 103:05 400060                    /usr/lib/x86_64-linux-gnu/libX11.so.6.3.0
7f47feaf1000-7f47fecf1000 ---p 00133000 103:05 400060                    /usr/lib/x86_64-linux-gnu/libX11.so.6.3.0
7f47fecf1000-7f47fecf2000 r--p 00133000 103:05 400060                    /usr/lib/x86_64-linux-gnu/libX11.so.6.3.0
7f47fecf2000-7f47fecf6000 rw-p 00134000 103:05 400060                    /usr/lib/x86_64-linux-gnu/libX11.so.6.3.0
7f47fecf6000-7f47fed07000 r-xp 00000000 103:05 401421                    /usr/lib/x86_64-linux-gnu/libXext.so.6.4.0
7f47fed07000-7f47fef06000 ---p 00011000 103:05 401421                    /usr/lib/x86_64-linux-gnu/libXext.so.6.4.0
7f47fef06000-7f47fef07000 r--p 00010000 103:05 401421                    /usr/lib/x86_64-linux-gnu/libXext.so.6.4.0
7f47fef07000-7f47fef08000 rw-p 00011000 103:05 401421                    /usr/lib/x86_64-linux-gnu/libXext.so.6.4.0
7f47fef08000-7f47fef5b000 r-xp 00000000 103:05 1319090                   /usr/lib/jvm/java-8-oracle/jre/lib/amd64/libawt_xawt.so
7f47fef5b000-7f47ff15a000 ---p 00053000 103:05 1319090                   /usr/lib/jvm/java-8-oracle/jre/lib/amd64/libawt_xawt.so
7f47ff15a000-7f47ff15b000 r--p 00052000 103:05 1319090                   /usr/lib/jvm/java-8-oracle/jre/lib/amd64/libawt_xawt.so
7f47ff15b000-7f47ff15e000 rw-p 00053000 103:05 1319090                   /usr/lib/jvm/java-8-oracle/jre/lib/amd64/libawt_xawt.so
7f47ff15e000-7f47ff15f000 rw-p 00000000 00:00 0 
7f47ff15f000-7f47ff1ff000 r-xp 00000000 103:05 1319075                   /usr/lib/jvm/java-8-oracle/jre/lib/amd64/libawt.so
7f47ff1ff000-7f47ff3fe000 ---p 000a0000 103:05 1319075                   /usr/lib/jvm/java-8-oracle/jre/lib/amd64/libawt.so
7f47ff3fe000-7f47ff3ff000 r--p 0009f000 103:05 1319075                   /usr/lib/jvm/java-8-oracle/jre/lib/amd64/libawt.so
7f47ff3ff000-7f47ff40a000 rw-p 000a0000 103:05 1319075                   /usr/lib/jvm/java-8-oracle/jre/lib/amd64/libawt.so
7f47ff40a000-7f47ff42f000 rw-p 00000000 00:00 0 
7f47ff530000-7f47ff533000 ---p 00000000 00:00 0 
7f47ff533000-7f47ff631000 rw-p 00000000 00:00 0 
7f47ff631000-7f4800000000 r--p 00000000 103:05 400112                    /usr/lib/locale/locale-archive
7f4800000000-7f4800021000 rw-p 00000000 00:00 0 
7f4800021000-7f4804000000 ---p 00000000 00:00 0 
7f4804000000-7f4805298000 rw-p 00000000 00:00 0 
7f4805298000-7f4808000000 ---p 00000000 00:00 0 
7f4808000000-7f4808034000 rw-p 00000000 00:00 0 
7f4808034000-7f480c000000 ---p 00000000 00:00 0 
7f480c0be000-7f480c0ef000 rw-p 00000000 00:00 0 
7f480c0ef000-7f480c0f0000 ---p 00000000 00:00 0 
7f480c0f0000-7f480c0f3000 ---p 00000000 00:00 0 
7f480c0f3000-7f480c1f0000 rw-p 00000000 00:00 0 
7f480c1f0000-7f480c1f1000 ---p 00000000 00:00 0 
7f480c1f1000-7f480c1f4000 ---p 00000000 00:00 0 
7f480c1f4000-7f480c2f1000 rw-p 00000000 00:00 0 
7f480c2f1000-7f480c2f2000 ---p 00000000 00:00 0 
7f480c2f2000-7f480c2f5000 ---p 00000000 00:00 0 
7f480c2f5000-7f480c3f2000 rw-p 00000000 00:00 0 
7f480c3f2000-7f480c3f3000 ---p 00000000 00:00 0 
7f480c3f3000-7f480c3f6000 ---p 00000000 00:00 0 
7f480c3f6000-7f480c4f3000 rw-p 00000000 00:00 0 
7f480c5f4000-7f480c5f7000 ---p 00000000 00:00 0 
7f480c5f7000-7f480c6f5000 rw-p 00000000 00:00 0 
7f480c6f5000-7f480c6f8000 ---p 00000000 00:00 0 
7f480c6f8000-7f480c7f6000 rw-p 00000000 00:00 0 
7f480c7f6000-7f480c7f7000 ---p 00000000 00:00 0 
7f480c7f7000-7f483c000000 rw-p 00000000 00:00 0 
7f483c000000-7f483c021000 rw-p 00000000 00:00 0 
7f483c021000-7f4840000000 ---p 00000000 00:00 0 
7f484000f000-7f4844000000 rw-p 00000000 00:00 0 
7f4844000000-7f4844021000 rw-p 00000000 00:00 0 
7f4844021000-7f4848000000 ---p 00000000 00:00 0 
7f4848000000-7f4848021000 rw-p 00000000 00:00 0 
7f4848021000-7f484c000000 ---p 00000000 00:00 0 
7f484c000000-7f484c021000 rw-p 00000000 00:00 0 
7f484c021000-7f4850000000 ---p 00000000 00:00 0 
7f4850000000-7f4850021000 rw-p 00000000 00:00 0 
7f4850021000-7f4854000000 ---p 00000000 00:00 0 
7f4854000000-7f4854021000 rw-p 00000000 00:00 0 
7f4854021000-7f4858000000 ---p 00000000 00:00 0 
7f4858000000-7f4858021000 rw-p 00000000 00:00 0 
7f4858021000-7f485c000000 ---p 00000000 00:00 0 
7f485c000000-7f485c021000 rw-p 00000000 00:00 0 
7f485c021000-7f4860000000 ---p 00000000 00:00 0 
7f4860000000-7f4860021000 rw-p 00000000 00:00 0 
7f4860021000-7f4864000000 ---p 00000000 00:00 0 
7f4864000000-7f4864021000 rw-p 00000000 00:00 0 
7f4864021000-7f4868000000 ---p 00000000 00:00 0 
7f4868004000-7f486800e000 r--s 00116000 103:05 1448283                   /usr/lib/jvm/java-8-oracle/jre/lib/ext/localedata.jar
7f486800e000-7f486802a000 r--s 00393000 103:05 1448276                   /usr/lib/jvm/java-8-oracle/jre/lib/ext/cldrdata.jar
7f486802a000-7f4868050000 r--p 00000000 103:05 1182632                   /usr/share/locale-langpack/fr/LC_MESSAGES/libc.mo
7f4868050000-7f486805a000 r--s 00226000 103:05 1984601                   /home/fernandr/.m2/repository/net/imagej/ij/1.52k/ij-1.52k.jar
7f486805a000-7f486835b000 rw-p 00000000 00:00 0 
7f486835b000-7f486a11f000 ---p 00000000 00:00 0 
7f486a11f000-7f486a29b000 rw-p 00000000 00:00 0 
7f486a29b000-7f486c05f000 ---p 00000000 00:00 0 
7f486c05f000-7f486c314000 rw-p 00000000 00:00 0 
7f486c314000-7f486cfff000 ---p 00000000 00:00 0 
7f486cfff000-7f486d000000 rw-p 00000000 00:00 0 
7f486d000000-7f486d8a0000 rwxp 00000000 00:00 0 
7f486d8a0000-7f487c000000 ---p 00000000 00:00 0 
7f487c000000-7f487ed21000 rw-p 00000000 00:00 0 
7f487ed21000-7f4880000000 ---p 00000000 00:00 0 
7f4880002000-7f48806ef000 rw-p 00000000 00:00 0 
7f48806ef000-7f48808c9000 r--s 03d6f000 103:05 1319016                   /usr/lib/jvm/java-8-oracle/jre/lib/rt.jar
7f48808c9000-7f4881314000 rw-p 00000000 00:00 0 
7f4881314000-7f4881315000 ---p 00000000 00:00 0 
7f4881315000-7f4881415000 rw-p 00000000 00:00 0 
7f4881415000-7f4881416000 ---p 00000000 00:00 0 
7f4881416000-7f4881516000 rw-p 00000000 00:00 0 
7f4881516000-7f4881517000 ---p 00000000 00:00 0 
7f4881517000-7f4881617000 rw-p 00000000 00:00 0 
7f4881617000-7f4881618000 ---p 00000000 00:00 0 
7f4881618000-7f4881718000 rw-p 00000000 00:00 0 
7f4881718000-7f4881719000 ---p 00000000 00:00 0 
7f4881719000-7f4881819000 rw-p 00000000 00:00 0 
7f4881819000-7f488181a000 ---p 00000000 00:00 0 
7f488181a000-7f488191a000 rw-p 00000000 00:00 0 
7f488191a000-7f488191b000 ---p 00000000 00:00 0 
7f488191b000-7f4881a1b000 rw-p 00000000 00:00 0 
7f4881a1b000-7f4881a1c000 ---p 00000000 00:00 0 
7f4881a1c000-7f4881b1c000 rw-p 00000000 00:00 0 
7f4881b1c000-7f4881b1d000 ---p 00000000 00:00 0 
7f4881b1d000-7f4881c1d000 rw-p 00000000 00:00 0 
7f4881c1d000-7f4881c1e000 ---p 00000000 00:00 0 
7f4881c1e000-7f4881d41000 rw-p 00000000 00:00 0 
7f4881d41000-7f48820de000 ---p 00000000 00:00 0 
7f48820de000-7f48820f9000 r-xp 00000000 103:05 1319079                   /usr/lib/jvm/java-8-oracle/jre/lib/amd64/libzip.so
7f48820f9000-7f48822f8000 ---p 0001b000 103:05 1319079                   /usr/lib/jvm/java-8-oracle/jre/lib/amd64/libzip.so
7f48822f8000-7f48822f9000 r--p 0001a000 103:05 1319079                   /usr/lib/jvm/java-8-oracle/jre/lib/amd64/libzip.so
7f48822f9000-7f48822fa000 rw-p 0001b000 103:05 1319079                   /usr/lib/jvm/java-8-oracle/jre/lib/amd64/libzip.so
7f48822fa000-7f4882305000 r-xp 00000000 103:05 3806148                   /lib/x86_64-linux-gnu/libnss_files-2.27.so
7f4882305000-7f4882504000 ---p 0000b000 103:05 3806148                   /lib/x86_64-linux-gnu/libnss_files-2.27.so
7f4882504000-7f4882505000 r--p 0000a000 103:05 3806148                   /lib/x86_64-linux-gnu/libnss_files-2.27.so
7f4882505000-7f4882506000 rw-p 0000b000 103:05 3806148                   /lib/x86_64-linux-gnu/libnss_files-2.27.so
7f4882506000-7f488250c000 rw-p 00000000 00:00 0 
7f488250c000-7f4882523000 r-xp 00000000 103:05 3806142                   /lib/x86_64-linux-gnu/libnsl-2.27.so
7f4882523000-7f4882722000 ---p 00017000 103:05 3806142                   /lib/x86_64-linux-gnu/libnsl-2.27.so
7f4882722000-7f4882723000 r--p 00016000 103:05 3806142                   /lib/x86_64-linux-gnu/libnsl-2.27.so
7f4882723000-7f4882724000 rw-p 00017000 103:05 3806142                   /lib/x86_64-linux-gnu/libnsl-2.27.so
7f4882724000-7f4882726000 rw-p 00000000 00:00 0 
7f4882726000-7f4882731000 r-xp 00000000 103:05 3806159                   /lib/x86_64-linux-gnu/libnss_nis-2.27.so
7f4882731000-7f4882930000 ---p 0000b000 103:05 3806159                   /lib/x86_64-linux-gnu/libnss_nis-2.27.so
7f4882930000-7f4882931000 r--p 0000a000 103:05 3806159                   /lib/x86_64-linux-gnu/libnss_nis-2.27.so
7f4882931000-7f4882932000 rw-p 0000b000 103:05 3806159                   /lib/x86_64-linux-gnu/libnss_nis-2.27.so
7f4882932000-7f488293a000 r-xp 00000000 103:05 3806144                   /lib/x86_64-linux-gnu/libnss_compat-2.27.so
7f488293a000-7f4882b3a000 ---p 00008000 103:05 3806144                   /lib/x86_64-linux-gnu/libnss_compat-2.27.so
7f4882b3a000-7f4882b3b000 r--p 00008000 103:05 3806144                   /lib/x86_64-linux-gnu/libnss_compat-2.27.so
7f4882b3b000-7f4882b3c000 rw-p 00009000 103:05 3806144                   /lib/x86_64-linux-gnu/libnss_compat-2.27.so
7f4882b3c000-7f4882b68000 r-xp 00000000 103:05 1319071                   /usr/lib/jvm/java-8-oracle/jre/lib/amd64/libjava.so
7f4882b68000-7f4882d68000 ---p 0002c000 103:05 1319071                   /usr/lib/jvm/java-8-oracle/jre/lib/amd64/libjava.so
7f4882d68000-7f4882d69000 r--p 0002c000 103:05 1319071                   /usr/lib/jvm/java-8-oracle/jre/lib/amd64/libjava.so
7f4882d69000-7f4882d6b000 rw-p 0002d000 103:05 1319071                   /usr/lib/jvm/java-8-oracle/jre/lib/amd64/libjava.so
7f4882d6b000-7f4882d78000 r-xp 00000000 103:05 1319077                   /usr/lib/jvm/java-8-oracle/jre/lib/amd64/libverify.so
7f4882d78000-7f4882f77000 ---p 0000d000 103:05 1319077                   /usr/lib/jvm/java-8-oracle/jre/lib/amd64/libverify.so
7f4882f77000-7f4882f79000 r--p 0000c000 103:05 1319077                   /usr/lib/jvm/java-8-oracle/jre/lib/amd64/libverify.so
7f4882f79000-7f4882f7a000 rw-p 0000e000 103:05 1319077                   /usr/lib/jvm/java-8-oracle/jre/lib/amd64/libverify.so
7f4882f7a000-7f4882f81000 r-xp 00000000 103:05 3806199                   /lib/x86_64-linux-gnu/librt-2.27.so
7f4882f81000-7f4883180000 ---p 00007000 103:05 3806199                   /lib/x86_64-linux-gnu/librt-2.27.so
7f4883180000-7f4883181000 r--p 00006000 103:05 3806199                   /lib/x86_64-linux-gnu/librt-2.27.so
7f4883181000-7f4883182000 rw-p 00007000 103:05 3806199                   /lib/x86_64-linux-gnu/librt-2.27.so
7f4883182000-7f488331f000 r-xp 00000000 103:05 3806121                   /lib/x86_64-linux-gnu/libm-2.27.so
7f488331f000-7f488351e000 ---p 0019d000 103:05 3806121                   /lib/x86_64-linux-gnu/libm-2.27.so
7f488351e000-7f488351f000 r--p 0019c000 103:05 3806121                   /lib/x86_64-linux-gnu/libm-2.27.so
7f488351f000-7f4883520000 rw-p 0019d000 103:05 3806121                   /lib/x86_64-linux-gnu/libm-2.27.so
7f4883520000-7f4884208000 r-xp 00000000 103:05 1581920                   /usr/lib/jvm/java-8-oracle/jre/lib/amd64/server/libjvm.so
7f4884208000-7f4884407000 ---p 00ce8000 103:05 1581920                   /usr/lib/jvm/java-8-oracle/jre/lib/amd64/server/libjvm.so
7f4884407000-7f488449d000 r--p 00ce7000 103:05 1581920                   /usr/lib/jvm/java-8-oracle/jre/lib/amd64/server/libjvm.so
7f488449d000-7f48844ce000 rw-p 00d7d000 103:05 1581920                   /usr/lib/jvm/java-8-oracle/jre/lib/amd64/server/libjvm.so
7f48844ce000-7f4884509000 rw-p 00000000 00:00 0 
7f4884509000-7f48846f0000 r-xp 00000000 103:05 3806058                   /lib/x86_64-linux-gnu/libc-2.27.so
7f48846f0000-7f48848f0000 ---p 001e7000 103:05 3806058                   /lib/x86_64-linux-gnu/libc-2.27.so
7f48848f0000-7f48848f4000 r--p 001e7000 103:05 3806058                   /lib/x86_64-linux-gnu/libc-2.27.so
7f48848f4000-7f48848f6000 rw-p 001eb000 103:05 3806058                   /lib/x86_64-linux-gnu/libc-2.27.so
7f48848f6000-7f48848fa000 rw-p 00000000 00:00 0 
7f48848fa000-7f48848fd000 r-xp 00000000 103:05 3806081                   /lib/x86_64-linux-gnu/libdl-2.27.so
7f48848fd000-7f4884afc000 ---p 00003000 103:05 3806081                   /lib/x86_64-linux-gnu/libdl-2.27.so
7f4884afc000-7f4884afd000 r--p 00002000 103:05 3806081                   /lib/x86_64-linux-gnu/libdl-2.27.so
7f4884afd000-7f4884afe000 rw-p 00003000 103:05 3806081                   /lib/x86_64-linux-gnu/libdl-2.27.so
7f4884afe000-7f4884b15000 r-xp 00000000 103:05 409197                    /usr/lib/jvm/java-8-oracle/lib/amd64/jli/libjli.so
7f4884b15000-7f4884d14000 ---p 00017000 103:05 409197                    /usr/lib/jvm/java-8-oracle/lib/amd64/jli/libjli.so
7f4884d14000-7f4884d15000 r--p 00016000 103:05 409197                    /usr/lib/jvm/java-8-oracle/lib/amd64/jli/libjli.so
7f4884d15000-7f4884d16000 rw-p 00017000 103:05 409197                    /usr/lib/jvm/java-8-oracle/lib/amd64/jli/libjli.so
7f4884d16000-7f4884d30000 r-xp 00000000 103:05 3806191                   /lib/x86_64-linux-gnu/libpthread-2.27.so
7f4884d30000-7f4884f2f000 ---p 0001a000 103:05 3806191                   /lib/x86_64-linux-gnu/libpthread-2.27.so
7f4884f2f000-7f4884f30000 r--p 00019000 103:05 3806191                   /lib/x86_64-linux-gnu/libpthread-2.27.so
7f4884f30000-7f4884f31000 rw-p 0001a000 103:05 3806191                   /lib/x86_64-linux-gnu/libpthread-2.27.so
7f4884f31000-7f4884f35000 rw-p 00000000 00:00 0 
7f4884f35000-7f4884f3b000 r-xp 00000000 103:05 413404                    /usr/lib/x86_64-linux-gnu/libgtk3-nocsd.so.0
7f4884f3b000-7f488513a000 ---p 00006000 103:05 413404                    /usr/lib/x86_64-linux-gnu/libgtk3-nocsd.so.0
7f488513a000-7f488513b000 r--p 00005000 103:05 413404                    /usr/lib/x86_64-linux-gnu/libgtk3-nocsd.so.0
7f488513b000-7f488513c000 rw-p 00006000 103:05 413404                    /usr/lib/x86_64-linux-gnu/libgtk3-nocsd.so.0
7f488513c000-7f4885163000 r-xp 00000000 103:05 3806030                   /lib/x86_64-linux-gnu/ld-2.27.so
7f4885163000-7f488516a000 r--s 00000000 103:05 657616                    /usr/lib/x86_64-linux-gnu/gconv/gconv-modules.cache
7f488516a000-7f488523c000 rw-p 00000000 00:00 0 
7f488523c000-7f488523d000 ---p 00000000 00:00 0 
7f488523d000-7f4885240000 ---p 00000000 00:00 0 
7f4885240000-7f4885341000 rw-p 00000000 00:00 0 
7f4885345000-7f488534c000 r--s 00095000 103:05 2028044                   /home/fernandr/Programmes/LIB_EXT/JAR/VIB-lib-2.1.2.jar
7f488534c000-7f4885357000 r--s 00093000 103:05 1983880                   /home/fernandr/Programmes/LIB_EXT/JAR/simpleitk-1.2.0.jar
7f4885357000-7f4885358000 r--s 00005000 103:05 3411772                   /home/fernandr/eclipse-workspace/MyIJPlugs/vitimage/target/lib/ext/lma.jar
7f4885358000-7f4885359000 r--s 00005000 103:05 3411721                   /home/fernandr/eclipse-workspace/MyIJPlugs/vitimage/third-party/lma.jar
7f4885359000-7f4885361000 rw-s 00000000 103:05 2883914                   /tmp/hsperfdata_fernandr/9827 (deleted)
7f4885361000-7f4885362000 rw-p 00000000 00:00 0 
7f4885362000-7f4885363000 ---p 00000000 00:00 0 
7f4885363000-7f4885364000 r--p 00027000 103:05 3806030                   /lib/x86_64-linux-gnu/ld-2.27.so
7f4885364000-7f4885365000 rw-p 00028000 103:05 3806030                   /lib/x86_64-linux-gnu/ld-2.27.so
7f4885365000-7f4885366000 rw-p 00000000 00:00 0 
7fff051a9000-7fff051ca000 rw-p 00000000 00:00 0                          [stack]
7fff051ce000-7fff051d1000 r--p 00000000 00:00 0                          [vvar]
7fff051d1000-7fff051d3000 r-xp 00000000 00:00 0                          [vdso]
ffffffffff600000-ffffffffff601000 r-xp 00000000 00:00 0                  [vsyscall]

VM Arguments:
jvm_args: -Xmx24000m -Djava.library.path=/home/fernandr/Programmes/Fiji.app/lib/linux64 -Dfile.encoding=UTF-8 
java_command: com.vitimage.Vitimage_Toolbox
java_class_path (initial): /home/fernandr/eclipse-workspace/MyIJPlugs/vitimage/third-party/lma.jar:/home/fernandr/eclipse-workspace/MyIJPlugs/vitimage/target/lib/ext/lma.jar:/home/fernandr/eclipse-workspace/MyIJPlugs/vitimage/target/classes:/home/fernandr/Programmes/LIB_EXT/JAR/simpleitk-1.2.0.jar:/home/fernandr/Programmes/LIB_EXT/JAR/VIB-lib-2.1.2.jar:/home/fernandr/.m2/repository/net/imagej/ij/1.52k/ij-1.52k.jar:/usr/lib/jvm/java-8-oracle/lib/tools.jar:/home/fernandr/.m2/repository/sc/fiji/imagescience/3.0.0/imagescience-3.0.0.jar:/home/fernandr/.m2/repository/sc/fiji/Image_5D/1.2.6/Image_5D-1.2.6.jar:/home/fernandr/.m2/repository/sc/fiji/VIB-lib/2.1.2/VIB-lib-2.1.2.jar:/home/fernandr/.m2/repository/sc/fiji/pal-optimization/2.0.0/pal-optimization-2.0.0.jar:/home/fernandr/.m2/repository/gov/nist/math/jama/1.0.3/jama-1.0.3.jar
Launcher Type: SUN_STANDARD

Environment Variables:
JAVA_HOME=/usr/lib/jvm/java-8-oracle
PATH=/usr/local/sbin:/usr/local/bin:/usr/sbin:/usr/bin:/sbin:/bin:/usr/games:/usr/local/games:/home/fernandr/Programmes/ImageJ:/home/fernandr/Programmes/Fiji.app:/snap/bin:/usr/lib/jvm/java-8-oracle/bin:/usr/lib/jvm/java-8-oracle/db/bin:/usr/lib/jvm/java-8-oracle/jre/bin
USERNAME=fernandr
LD_PRELOAD=libgtk3-nocsd.so.0
SHELL=/bin/bash
DISPLAY=:0

Signal Handlers:
SIGSEGV: [libjvm.so+0xad3e60], sa_mask[0]=11111111011111111101111111111110, sa_flags=SA_RESTART|SA_SIGINFO
SIGBUS: [libjvm.so+0xad3e60], sa_mask[0]=11111111011111111101111111111110, sa_flags=SA_RESTART|SA_SIGINFO
SIGFPE: [libjvm.so+0x90b880], sa_mask[0]=11111111011111111101111111111110, sa_flags=SA_RESTART|SA_SIGINFO
SIGPIPE: [libjvm.so+0x90b880], sa_mask[0]=11111111011111111101111111111110, sa_flags=SA_RESTART|SA_SIGINFO
SIGXFSZ: [libjvm.so+0x90b880], sa_mask[0]=11111111011111111101111111111110, sa_flags=SA_RESTART|SA_SIGINFO
SIGILL: [libjvm.so+0x90b880], sa_mask[0]=11111111011111111101111111111110, sa_flags=SA_RESTART|SA_SIGINFO
SIGUSR1: SIG_DFL, sa_mask[0]=00000000000000000000000000000000, sa_flags=none
SIGUSR2: [libjvm.so+0x90b750], sa_mask[0]=00100000000000000000000000000000, sa_flags=SA_RESTART|SA_SIGINFO
SIGHUP: [libjvm.so+0x90bd70], sa_mask[0]=11111111011111111101111111111110, sa_flags=SA_RESTART|SA_SIGINFO
SIGINT: [libjvm.so+0x90bd70], sa_mask[0]=11111111011111111101111111111110, sa_flags=SA_RESTART|SA_SIGINFO
SIGTERM: [libjvm.so+0x90bd70], sa_mask[0]=11111111011111111101111111111110, sa_flags=SA_RESTART|SA_SIGINFO
SIGQUIT: [libjvm.so+0x90bd70], sa_mask[0]=11111111011111111101111111111110, sa_flags=SA_RESTART|SA_SIGINFO


---------------  S Y S T E M  ---------------

OS:DISTRIB_ID=Ubuntu
DISTRIB_RELEASE=18.04
DISTRIB_CODENAME=bionic
DISTRIB_DESCRIPTION="Ubuntu 18.04.2 LTS"

uname:Linux 4.15.0-47-generic #50-Ubuntu SMP Wed Mar 13 10:44:52 UTC 2019 x86_64
libc:glibc 2.27 NPTL 2.27 
rlimit: STACK 8192k, CORE 0k, NPROC 127341, NOFILE 4096, AS infinity
load average:7,35 7,24 7,06

/proc/meminfo:
MemTotal:       32693780 kB
MemFree:         9673372 kB
MemAvailable:    9716528 kB
Buffers:           15368 kB
Cached:           536640 kB
SwapCached:       740108 kB
Active:         21530876 kB
Inactive:         897004 kB
Active(anon):   21358920 kB
Inactive(anon):   684636 kB
Active(file):     171956 kB
Inactive(file):   212368 kB
Unevictable:       13828 kB
Mlocked:           13828 kB
SwapTotal:      19530748 kB
SwapFree:       13276692 kB
Dirty:               832 kB
Writeback:             0 kB
AnonPages:      21730460 kB
Mapped:           452580 kB
Shmem:            163248 kB
Slab:             170784 kB
SReclaimable:      60592 kB
SUnreclaim:       110192 kB
KernelStack:       23904 kB
PageTables:       128628 kB
NFS_Unstable:          0 kB
Bounce:                0 kB
WritebackTmp:          0 kB
CommitLimit:    35877636 kB
Committed_AS:   38484592 kB
VmallocTotal:   34359738367 kB
VmallocUsed:           0 kB
VmallocChunk:          0 kB
HardwareCorrupted:     0 kB
AnonHugePages:         0 kB
ShmemHugePages:        0 kB
ShmemPmdMapped:        0 kB
CmaTotal:              0 kB
CmaFree:               0 kB
HugePages_Total:       0
HugePages_Free:        0
HugePages_Rsvd:        0
HugePages_Surp:        0
Hugepagesize:       2048 kB
DirectMap4k:      496124 kB
DirectMap2M:    24424448 kB
DirectMap1G:     9437184 kB

container (cgroup) information:
container_type: cgroupv1
cpu_cpuset_cpus: 0-11
cpu_memory_nodes: 0
active_processor_count: 12
cpu_quota: -1
cpu_period: 100000
cpu_shares: -1
memory_limit_in_bytes: -1
memory_and_swap_limit_in_bytes: -2
memory_soft_limit_in_bytes: -1
memory_usage_in_bytes: 22823915520
memory_max_usage_in_bytes: 0


CPU:total 12 (initial active 12) (6 cores per cpu, 2 threads per core) family 6 model 158 stepping 10, cmov, cx8, fxsr, mmx, sse, sse2, sse3, ssse3, sse4.1, sse4.2, popcnt, avx, avx2, aes, clmul, erms, rtm, 3dnowpref, lzcnt, ht, tsc, tscinvbit, bmi1, bmi2, adx

/proc/cpuinfo:
