#
# A fatal error has been detected by the Java Runtime Environment:
#
#  SIGSEGV (0xb) at pc=0x00007f87ab7f698d, pid=29278, tid=0x00007f877bbfb700
#
# JRE version: Java(TM) SE Runtime Environment (8.0_201-b09) (build 1.8.0_201-b09)
# Java VM: Java HotSpot(TM) 64-Bit Server VM (25.201-b09 mixed mode linux-amd64 compressed oops)
# Problematic frame:
# C  [libc.so.6+0x9798d]  cfree+0x3d
#
# Failed to write core dump. Core dumps have been disabled. To enable core dumping, try "ulimit -c unlimited" before starting Java again
#
# If you would like to submit a bug report, please visit:
#   http://bugreport.java.com/bugreport/crash.jsp
# The crash happened outside the Java Virtual Machine in native code.
# See problematic frame for where to report the bug.
#

---------------  T H R E A D  ---------------

Current thread (0x00007f87a4092000):  JavaThread "Finalizer" daemon [_thread_in_native, id=29298, stack(0x00007f877bafb000,0x00007f877bbfc000)]

siginfo: si_signo: 11 (SIGSEGV), si_code: 1 (SEGV_MAPERR), si_addr: 0x00007f8654fff008

Registers:
RAX=0x0000000000000000, RBX=0x00007f86b8a216f0, RCX=0x0000000000000020, RDX=0x00007f87a4000080
RSP=0x00007f877bbf79c0, RBP=0x00007f877bbf7aa0, RSI=0x00007f877bbf7aa0, RDI=0x00007f8654fff010
R8 =0x00000000bbf4980c, R9 =0x00000005d2f02bf8, R10=0x00007f879501869b, R11=0x00007f87ab135db0
R12=0x00007f8654fff010, R13=0x00007f8773979608, R14=0x00007f877bbfa8c8, R15=0x00007f87a4092000
RIP=0x00007f87ab7f698d, EFLAGS=0x0000000000010202, CSGSFS=0x002b000000000033, ERR=0x0000000000000004
  TRAPNO=0x000000000000000e

Top of Stack: (sp=0x00007f877bbf79c0)
0x00007f877bbf79c0:   0000000000000007 00007f8700000001
0x00007f877bbf79d0:   0000000000000000 00000000b1029c0d
0x00007f877bbf79e0:   00007f87a4382130 bb97b2bdb07f1e00
0x00007f877bbf79f0:   0000000000000000 00007f86b8a216f0
0x00007f877bbf7a00:   00007f877bbf7aa0 0000000000000000
0x00007f877bbf7a10:   00007f8773979608 00007f877bbfa8c8
0x00007f877bbf7a20:   00007f87a4092000 00007f870787a708
0x00007f877bbf7a30:   00007f86b8a216f0 00007f870787a74c
0x00007f877bbf7a40:   00007f87a4381dd0 00007f86b8a216f0
0x00007f877bbf7a50:   00007f877bbf7aa0 00007f870787a779
0x00007f877bbf7a60:   00007f86b8a216f0 00007f870d0280ef
0x00007f877bbf7a70:   00007f870127dfc0 00007f870d012d3c
0x00007f877bbf7a80:   00000000ffffffff 00007f8700000000
0x00007f877bbf7a90:   00007f877bbf7b90 00007f8700000003
0x00007f877bbf7aa0:   00007f870f058690 00007f870d012d3c
0x00007f877bbf7ab0:   00007f87a436ef40 0000000000000000
0x00007f877bbf7ac0:   0000000000000007 0000000000000001
0x00007f877bbf7ad0:   00007f87a4000020 00000000f74e7f72
0x00007f877bbf7ae0:   00007f87a4382130 00007f877bbf7c28
0x00007f877bbf7af0:   0000000000000000 00007f87a4381dd0
0x00007f877bbf7b00:   0000000000000000 00007f87ac39d1ef
0x00007f877bbf7b10:   0000000000000000 0000000000000000
0x00007f877bbf7b20:   0000000000000005 0000000000000000
0x00007f877bbf7b30:   0000000000000001 00007f87a4381dd0
0x00007f877bbf7b40:   00007f870277fcd5 0000000100000000
0x00007f877bbf7b50:   00007f877bbf7b80 00007f877bbf7b90
0x00007f877bbf7b60:   00007f87a4382128 00007f877bbf7fc0
0x00007f877bbf7b70:   00007f87a41e2410 00007f87a41e2410
0x00007f877bbf7b80:   00000000ffffffff 00007f87a4000080
0x00007f877bbf7b90:   0000000000000000 00007f87ab7f6dfa
0x00007f877bbf7ba0:   0000000000000000 0000000000000000
0x00007f877bbf7bb0:   00007f8773977d18 00007f877bbfa8c8 

Instructions: (pc=0x00007f87ab7f698d)
0x00007f87ab7f696d:   24 28 31 c0 48 8b 05 70 35 35 00 48 8b 00 48 85
0x00007f87ab7f697d:   c0 0f 85 9c 02 00 00 48 85 ff 0f 84 13 01 00 00
0x00007f87ab7f698d:   48 8b 77 f8 4c 8d 6f f0 40 f6 c6 02 0f 85 29 01
0x00007f87ab7f699d:   00 00 48 8b 2d d2 33 35 00 64 48 83 7d 00 00 0f 

Register to memory mapping:

RAX=0x0000000000000000 is an unknown value
RBX=0x00007f86b8a216f0 is an unknown value
RCX=0x0000000000000020 is an unknown value
RDX=0x00007f87a4000080 is an unknown value
RSP=0x00007f877bbf79c0 is pointing into the stack for thread: 0x00007f87a4092000
RBP=0x00007f877bbf7aa0 is pointing into the stack for thread: 0x00007f87a4092000
RSI=0x00007f877bbf7aa0 is pointing into the stack for thread: 0x00007f87a4092000
RDI=0x00007f8654fff010 is an unknown value
R8 =0x00000000bbf4980c is an unknown value
R9 =0x00000005d2f02bf8 is an oop
java.lang.System$2 
 - klass: 'java/lang/System$2'
R10=0x00007f879501869b is at code_begin+859 in an Interpreter codelet
method entry point (kind = native)  [0x00007f8795018340, 0x00007f8795018cc0]  2432 bytes
R11=0x00007f87ab135db0: <offset 0x9bfdb0> in /usr/lib/jvm/java-8-oracle/jre/lib/amd64/server/libjvm.so at 0x00007f87aa776000
R12=0x00007f8654fff010 is an unknown value
R13={method} {0x00007f8773979608} 'delete_DisplacementFieldTransform' '(J)V' in 'org/itk/simple/SimpleITKJNI'
R14=0x00007f877bbfa8c8 is pointing into the stack for thread: 0x00007f87a4092000
R15=0x00007f87a4092000 is a thread


Stack: [0x00007f877bafb000,0x00007f877bbfc000],  sp=0x00007f877bbf79c0,  free space=1010k
Native frames: (J=compiled Java code, j=interpreted, Vv=VM code, C=native code)
C  [libc.so.6+0x9798d]  cfree+0x3d
C  [libSimpleITKJava.so+0xc365d3c]  itk::Object::UnRegister() const+0x1c

Java frames: (J=compiled Java code, j=interpreted, Vv=VM code)
j  org.itk.simple.SimpleITKJNI.delete_DisplacementFieldTransform(J)V+0
j  org.itk.simple.DisplacementFieldTransform.delete()V+25
j  org.itk.simple.DisplacementFieldTransform.finalize()V+1
J 1472 C2 java.lang.ref.Finalizer.access$100(Ljava/lang/ref/Finalizer;Lsun/misc/JavaLangAccess;)V (6 bytes) @ 0x00007f87958602e0 [0x00007f8795860040+0x2a0]
J 1471% C2 java.lang.ref.Finalizer$FinalizerThread.run()V (55 bytes) @ 0x00007f8795858c78 [0x00007f8795858b80+0xf8]
v  ~StubRoutines::call_stub

---------------  P R O C E S S  ---------------

Java Threads: ( => current thread )
  0x00007f87a4336000 JavaThread "AWT-EventQueue-0" [_thread_blocked, id=29309, stack(0x00007f877829a000,0x00007f877839b000)]
  0x00007f87a4331800 JavaThread "AWT-Shutdown" [_thread_blocked, id=29308, stack(0x00007f877839b000,0x00007f877849c000)]
  0x00007f87a429b000 JavaThread "AWT-XAWT" daemon [_thread_in_native, id=29307, stack(0x00007f877869c000,0x00007f877879d000)]
  0x00007f87a425d000 JavaThread "Java2D Disposer" daemon [_thread_blocked, id=29306, stack(0x00007f8778bad000,0x00007f8778cae000)]
  0x00007f87a40d9000 JavaThread "Service Thread" daemon [_thread_blocked, id=29304, stack(0x00007f877ab26000,0x00007f877ac27000)]
  0x00007f87a40cd800 JavaThread "C1 CompilerThread3" daemon [_thread_blocked, id=29303, stack(0x00007f877ac28000,0x00007f877ad28000)]
  0x00007f87a40cb800 JavaThread "C2 CompilerThread2" daemon [_thread_blocked, id=29302, stack(0x00007f877ad29000,0x00007f877ae29000)]
  0x00007f87a40c9800 JavaThread "C2 CompilerThread1" daemon [_thread_blocked, id=29301, stack(0x00007f877ae2a000,0x00007f877af2a000)]
  0x00007f87a40c7000 JavaThread "C2 CompilerThread0" daemon [_thread_blocked, id=29300, stack(0x00007f877af2b000,0x00007f877b02b000)]
  0x00007f87a40c5800 JavaThread "Signal Dispatcher" daemon [_thread_blocked, id=29299, stack(0x00007f877b02b000,0x00007f877b12c000)]
=>0x00007f87a4092000 JavaThread "Finalizer" daemon [_thread_in_native, id=29298, stack(0x00007f877bafb000,0x00007f877bbfc000)]
  0x00007f87a408f800 JavaThread "Reference Handler" daemon [_thread_blocked, id=29297, stack(0x00007f877bbfc000,0x00007f877bcfd000)]
  0x00007f87a400b800 JavaThread "Run$_main" [_thread_in_native, id=29285, stack(0x00007f87ac48f000,0x00007f87ac58f000)]

Other Threads:
  0x00007f87a4086000 VMThread [stack: 0x00007f877bcfe000,0x00007f877bdfe000] [id=29296]
  0x00007f87a40db800 WatcherThread [stack: 0x00007f877aa26000,0x00007f877ab26000] [id=29305]

VM state:not at safepoint (normal execution)

VM Mutex/Monitor currently owned by a thread: None

heap address: 0x00000005cd200000, size: 7982 MB, Compressed Oops mode: Zero based, Oop shift amount: 3
Narrow klass base: 0x0000000000000000, Narrow klass shift: 3
Compressed class space size: 1073741824 Address: 0x00000007c0000000

Heap:
 PSYoungGen      total 1625088K, used 529395K [0x0000000719b80000, 0x00000007c0000000, 0x00000007c0000000)
  eden space 1070592K, 49% used [0x0000000719b80000,0x000000073a07cd38,0x000000075b100000)
  from space 554496K, 0% used [0x000000075b100000,0x000000075b100000,0x000000077ce80000)
  to   space 801280K, 0% used [0x000000078f180000,0x000000078f180000,0x00000007c0000000)
 ParOldGen       total 1859072K, used 1046091K [0x00000005cd200000, 0x000000063e980000, 0x0000000719b80000)
  object space 1859072K, 56% used [0x00000005cd200000,0x000000060cf92dc8,0x000000063e980000)
 Metaspace       used 15340K, capacity 15491K, committed 15616K, reserved 1062912K
  class space    used 1444K, capacity 1514K, committed 1536K, reserved 1048576K

Card table byte_map: [0x00007f8794068000,0x00007f8795000000] byte_map_base: 0x00007f87911ff000

Marking Bits: (ParMarkBitMap*) 0x00007f87ab741d80
 Begin Bits: [0x00007f874c690000, 0x00007f8754348000)
 End Bits:   [0x00007f8754348000, 0x00007f875c000000)

Polling page: 0x00007f87ac5b8000

CodeCache: size=245760Kb used=8647Kb max_used=8647Kb free=237112Kb
 bounds [0x00007f8795000000, 0x00007f8795880000, 0x00007f87a4000000]
 total_blobs=2397 nmethods=1493 adapters=817
 compilation: enabled

Compilation events (10 events):
Event: 35,616 Thread 0x00007f87a40cd800 1500       3       java.io.OutputStreamWriter::write (11 bytes)
Event: 35,616 Thread 0x00007f87a40cd800 nmethod 1500 0x00007f87958596d0 code [0x00007f8795859840, 0x00007f87958599e8]
Event: 35,616 Thread 0x00007f87a40cd800 1501   !   3       sun.nio.cs.StreamEncoder::write (78 bytes)
Event: 35,617 Thread 0x00007f87a40cd800 nmethod 1501 0x00007f8795871b50 code [0x00007f8795871d20, 0x00007f8795872468]
Event: 38,751 Thread 0x00007f87a40cd800 1502       1       ij.IJ::escapePressed (4 bytes)
Event: 38,751 Thread 0x00007f87a40cd800 nmethod 1502 0x00007f8795871890 code [0x00007f87958719e0, 0x00007f8795871af0]
Event: 41,003 Thread 0x00007f87a40cd800 1503  s    3       java.io.BufferedOutputStream::flush (12 bytes)
Event: 41,003 Thread 0x00007f87a40cd800 nmethod 1503 0x00007f8795871090 code [0x00007f8795871220, 0x00007f8795871718]
Event: 41,003 Thread 0x00007f87a40cd800 1504       3       java.io.OutputStream::flush (1 bytes)
Event: 41,003 Thread 0x00007f87a40cd800 nmethod 1504 0x00007f8795877950 code [0x00007f8795877aa0, 0x00007f8795877bf0]

GC Heap History (10 events):
Event: 18,231 GC heap before
{Heap before GC invocations=15 (full 2):
 PSYoungGen      total 1063936K, used 143863K [0x0000000719b80000, 0x000000078d380000, 0x00000007c0000000)
  eden space 920064K, 0% used [0x0000000719b80000,0x0000000719b80000,0x0000000751e00000)
  from space 143872K, 99% used [0x0000000751e00000,0x000000075aa7dc50,0x000000075aa80000)
  to   space 267264K, 0% used [0x000000077ce80000,0x000000077ce80000,0x000000078d380000)
 ParOldGen       total 687616K, used 687596K [0x00000005cd200000, 0x00000005f7180000, 0x0000000719b80000)
  object space 687616K, 99% used [0x00000005cd200000,0x00000005f717b3e8,0x00000005f7180000)
 Metaspace       used 15308K, capacity 15491K, committed 15616K, reserved 1062912K
  class space    used 1443K, capacity 1514K, committed 1536K, reserved 1048576K
Event: 19,111 GC heap after
Heap after GC invocations=15 (full 2):
 PSYoungGen      total 1063936K, used 0K [0x0000000719b80000, 0x000000078d380000, 0x00000007c0000000)
  eden space 920064K, 0% used [0x0000000719b80000,0x0000000719b80000,0x0000000751e00000)
  from space 143872K, 0% used [0x0000000751e00000,0x0000000751e00000,0x000000075aa80000)
  to   space 267264K, 0% used [0x000000077ce80000,0x000000077ce80000,0x000000078d380000)
 ParOldGen       total 884224K, used 488564K [0x00000005cd200000, 0x0000000603180000, 0x0000000719b80000)
  object space 884224K, 55% used [0x00000005cd200000,0x00000005eaf1d0a8,0x0000000603180000)
 Metaspace       used 15308K, capacity 15491K, committed 15616K, reserved 1062912K
  class space    used 1443K, capacity 1514K, committed 1536K, reserved 1048576K
}
Event: 24,615 GC heap before
{Heap before GC invocations=16 (full 2):
 PSYoungGen      total 1063936K, used 920064K [0x0000000719b80000, 0x000000078d380000, 0x00000007c0000000)
  eden space 920064K, 100% used [0x0000000719b80000,0x0000000751e00000,0x0000000751e00000)
  from space 143872K, 0% used [0x0000000751e00000,0x0000000751e00000,0x000000075aa80000)
  to   space 267264K, 0% used [0x000000077ce80000,0x000000077ce80000,0x000000078d380000)
 ParOldGen       total 884224K, used 488564K [0x00000005cd200000, 0x0000000603180000, 0x0000000719b80000)
  object space 884224K, 55% used [0x00000005cd200000,0x00000005eaf1d0a8,0x0000000603180000)
 Metaspace       used 15332K, capacity 15491K, committed 15616K, reserved 1062912K
  class space    used 1444K, capacity 1514K, committed 1536K, reserved 1048576K
Event: 26,237 GC heap after
Heap after GC invocations=16 (full 2):
 PSYoungGen      total 1337856K, used 267233K [0x0000000719b80000, 0x00000007ae580000, 0x00000007c0000000)
  eden space 1070592K, 0% used [0x0000000719b80000,0x0000000719b80000,0x000000075b100000)
  from space 267264K, 99% used [0x000000077ce80000,0x000000078d378780,0x000000078d380000)
  to   space 554496K, 0% used [0x000000075b100000,0x000000075b100000,0x000000077ce80000)
 ParOldGen       total 1138688K, used 1138340K [0x00000005cd200000, 0x0000000612a00000, 0x0000000719b80000)
  object space 1138688K, 99% used [0x00000005cd200000,0x00000006129a90a8,0x0000000612a00000)
 Metaspace       used 15332K, capacity 15491K, committed 15616K, reserved 1062912K
  class space    used 1444K, capacity 1514K, committed 1536K, reserved 1048576K
}
Event: 26,237 GC heap before
{Heap before GC invocations=17 (full 3):
 PSYoungGen      total 1337856K, used 267233K [0x0000000719b80000, 0x00000007ae580000, 0x00000007c0000000)
  eden space 1070592K, 0% used [0x0000000719b80000,0x0000000719b80000,0x000000075b100000)
  from space 267264K, 99% used [0x000000077ce80000,0x000000078d378780,0x000000078d380000)
  to   space 554496K, 0% used [0x000000075b100000,0x000000075b100000,0x000000077ce80000)
 ParOldGen       total 1138688K, used 1138340K [0x00000005cd200000, 0x0000000612a00000, 0x0000000719b80000)
  object space 1138688K, 99% used [0x00000005cd200000,0x00000006129a90a8,0x0000000612a00000)
 Metaspace       used 15332K, capacity 15491K, committed 15616K, reserved 1062912K
  class space    used 1444K, capacity 1514K, committed 1536K, reserved 1048576K
Event: 28,450 GC heap after
Heap after GC invocations=17 (full 3):
 PSYoungGen      total 1337856K, used 0K [0x0000000719b80000, 0x00000007ae580000, 0x00000007c0000000)
  eden space 1070592K, 0% used [0x0000000719b80000,0x0000000719b80000,0x000000075b100000)
  from space 267264K, 0% used [0x000000077ce80000,0x000000077ce80000,0x000000078d380000)
  to   space 554496K, 0% used [0x000000075b100000,0x000000075b100000,0x000000077ce80000)
 ParOldGen       total 1678848K, used 1018036K [0x00000005cd200000, 0x0000000633980000, 0x0000000719b80000)
  object space 1678848K, 60% used [0x00000005cd200000,0x000000060b42d028,0x0000000633980000)
 Metaspace       used 15332K, capacity 15491K, committed 15616K, reserved 1062912K
  class space    used 1444K, capacity 1514K, committed 1536K, reserved 1048576K
}
Event: 35,931 GC heap before
{Heap before GC invocations=18 (full 3):
 PSYoungGen      total 1337856K, used 1070039K [0x0000000719b80000, 0x00000007ae580000, 0x00000007c0000000)
  eden space 1070592K, 99% used [0x0000000719b80000,0x000000075b075f80,0x000000075b100000)
  from space 267264K, 0% used [0x000000077ce80000,0x000000077ce80000,0x000000078d380000)
  to   space 554496K, 0% used [0x000000075b100000,0x000000075b100000,0x000000077ce80000)
 ParOldGen       total 1678848K, used 1018036K [0x00000005cd200000, 0x0000000633980000, 0x0000000719b80000)
  object space 1678848K, 60% used [0x00000005cd200000,0x000000060b42d028,0x0000000633980000)
 Metaspace       used 15339K, capacity 15491K, committed 15616K, reserved 1062912K
  class space    used 1444K, capacity 1514K, committed 1536K, reserved 1048576K
Event: 37,298 GC heap after
Heap after GC invocations=18 (full 3):
 PSYoungGen      total 1625088K, used 554464K [0x0000000719b80000, 0x00000007c0000000, 0x00000007c0000000)
  eden space 1070592K, 0% used [0x0000000719b80000,0x0000000719b80000,0x000000075b100000)
  from space 554496K, 99% used [0x000000075b100000,0x000000077ce781c0,0x000000077ce80000)
  to   space 801280K, 0% used [0x000000078f180000,0x000000078f180000,0x00000007c0000000)
 ParOldGen       total 1678848K, used 1408356K [0x00000005cd200000, 0x0000000633980000, 0x0000000719b80000)
  object space 1678848K, 83% used [0x00000005cd200000,0x0000000623159028,0x0000000633980000)
 Metaspace       used 15339K, capacity 15491K, committed 15616K, reserved 1062912K
  class space    used 1444K, capacity 1514K, committed 1536K, reserved 1048576K
}
Event: 37,298 GC heap before
{Heap before GC invocations=19 (full 4):
 PSYoungGen      total 1625088K, used 554464K [0x0000000719b80000, 0x00000007c0000000, 0x00000007c0000000)
  eden space 1070592K, 0% used [0x0000000719b80000,0x0000000719b80000,0x000000075b100000)
  from space 554496K, 99% used [0x000000075b100000,0x000000077ce781c0,0x000000077ce80000)
  to   space 801280K, 0% used [0x000000078f180000,0x000000078f180000,0x00000007c0000000)
 ParOldGen       total 1678848K, used 1408356K [0x00000005cd200000, 0x0000000633980000, 0x0000000719b80000)
  object space 1678848K, 83% used [0x00000005cd200000,0x0000000623159028,0x0000000633980000)
 Metaspace       used 15339K, capacity 15491K, committed 15616K, reserved 1062912K
  class space    used 1444K, capacity 1514K, committed 1536K, reserved 1048576K
Event: 38,748 GC heap after
Heap after GC invocations=19 (full 4):
 PSYoungGen      total 1625088K, used 0K [0x0000000719b80000, 0x00000007c0000000, 0x00000007c0000000)
  eden space 1070592K, 0% used [0x0000000719b80000,0x0000000719b80000,0x000000075b100000)
  from space 554496K, 0% used [0x000000075b100000,0x000000075b100000,0x000000077ce80000)
  to   space 801280K, 0% used [0x000000078f180000,0x000000078f180000,0x00000007c0000000)
 ParOldGen       total 1859072K, used 1046091K [0x00000005cd200000, 0x000000063e980000, 0x0000000719b80000)
  object space 1859072K, 56% used [0x00000005cd200000,0x000000060cf92dc8,0x000000063e980000)
 Metaspace       used 15339K, capacity 15491K, committed 15616K, reserved 1062912K
  class space    used 1444K, capacity 1514K, committed 1536K, reserved 1048576K
}

Deoptimization events (10 events):
Event: 14,718 Thread 0x00007f87a4336000 Uncommon trap: reason=unstable_if action=reinterpret pc=0x00007f87957b2e78 method=java.lang.StrictMath.floorOrCeil(DDDD)D @ 14
Event: 16,034 Thread 0x00007f87a400b800 Uncommon trap: reason=unstable_if action=reinterpret pc=0x00007f879539c334 method=ij.process.ByteProcessor.crop()Lij/process/ImageProcessor; @ 39
Event: 16,190 Thread 0x00007f87a400b800 Uncommon trap: reason=unstable_if action=reinterpret pc=0x00007f8795834374 method=com.vitimage.ItkTransform.flattenDenseField(Lij/ImagePlus;)Lcom/vitimage/ItkTransform; @ 432
Event: 19,389 Thread 0x00007f87a4092000 Uncommon trap: reason=class_check action=maybe_recompile pc=0x00007f8795856cdc method=java.lang.System$2.invokeFinalize(Ljava/lang/Object;)V @ 1
Event: 19,592 Thread 0x00007f87a4092000 Uncommon trap: reason=class_check action=maybe_recompile pc=0x00007f879583693c method=java.lang.System$2.invokeFinalize(Ljava/lang/Object;)V @ 1
Event: 19,636 Thread 0x00007f87a4092000 Uncommon trap: reason=class_check action=maybe_recompile pc=0x00007f879583693c method=java.lang.System$2.invokeFinalize(Ljava/lang/Object;)V @ 1
Event: 19,636 Thread 0x00007f87a4092000 Uncommon trap: reason=class_check action=maybe_recompile pc=0x00007f879583693c method=java.lang.System$2.invokeFinalize(Ljava/lang/Object;)V @ 1
Event: 19,636 Thread 0x00007f87a4092000 Uncommon trap: reason=class_check action=maybe_recompile pc=0x00007f8795856cdc method=java.lang.System$2.invokeFinalize(Ljava/lang/Object;)V @ 1
Event: 21,480 Thread 0x00007f87a400b800 Uncommon trap: reason=unloaded action=reinterpret pc=0x00007f8795854d9c method=com.vitimage.ItkTransform.flattenDenseField(Lij/ImagePlus;)Lcom/vitimage/ItkTransform; @ 455
Event: 21,569 Thread 0x00007f87a400b800 Uncommon trap: reason=unstable_if action=reinterpret pc=0x00007f87957e59b0 method=com.vitimage.ItkImagePlusInterface.convertImagePlusArrayToDisplacementField([Lij/ImagePlus;)Lorg/itk/simple/Image; @ 309

Classes redefined (0 events):
No events

Internal exceptions (10 events):
Event: 0,055 Thread 0x00007f87a400b800 Exception <a 'java/security/PrivilegedActionException'> (0x0000000719cbadb0) thrown at [/HUDSON/workspace/8-2-build-linux-amd64/jdk8u201/12317/hotspot/src/share/vm/prims/jvm.cpp, line 1502]
Event: 0,055 Thread 0x00007f87a400b800 Exception <a 'java/security/PrivilegedActionException'> (0x0000000719cbd218) thrown at [/HUDSON/workspace/8-2-build-linux-amd64/jdk8u201/12317/hotspot/src/share/vm/prims/jvm.cpp, line 1502]
Event: 0,055 Thread 0x00007f87a400b800 Exception <a 'java/security/PrivilegedActionException'> (0x0000000719cbd428) thrown at [/HUDSON/workspace/8-2-build-linux-amd64/jdk8u201/12317/hotspot/src/share/vm/prims/jvm.cpp, line 1502]
Event: 0,081 Thread 0x00007f87a400b800 Exception <a 'java/lang/NoSuchFieldError': method resolution failed> (0x0000000719d8c8e0) thrown at [/HUDSON/workspace/8-2-build-linux-amd64/jdk8u201/12317/hotspot/src/share/vm/prims/methodHandles.cpp, line 1167]
Event: 0,083 Thread 0x00007f87a400b800 Exception <a 'java/lang/NoSuchFieldError': method resolution failed> (0x0000000719d9a0e0) thrown at [/HUDSON/workspace/8-2-build-linux-amd64/jdk8u201/12317/hotspot/src/share/vm/prims/methodHandles.cpp, line 1167]
Event: 0,094 Thread 0x00007f87a400b800 Exception <a 'java/io/FileNotFoundException'> (0x000000071a09c3c8) thrown at [/HUDSON/workspace/8-2-build-linux-amd64/jdk8u201/12317/hotspot/src/share/vm/prims/jni.cpp, line 709]
Event: 0,094 Thread 0x00007f87a400b800 Exception <a 'java/io/FileNotFoundException'> (0x000000071a09ceb0) thrown at [/HUDSON/workspace/8-2-build-linux-amd64/jdk8u201/12317/hotspot/src/share/vm/prims/jni.cpp, line 709]
Event: 0,410 Thread 0x00007f87a4336000 Exception <a 'java/lang/UnsupportedOperationException': > (0x000000071a8e3108) thrown at [/HUDSON/workspace/8-2-build-linux-amd64/jdk8u201/12317/hotspot/src/share/vm/prims/jni.cpp, line 735]
Event: 3,952 Thread 0x00007f87a4336000 Exception <a 'java/lang/UnsupportedOperationException': > (0x000000071c231358) thrown at [/HUDSON/workspace/8-2-build-linux-amd64/jdk8u201/12317/hotspot/src/share/vm/prims/jni.cpp, line 735]
Event: 4,015 Thread 0x00007f87a4336000 Exception <a 'java/lang/UnsupportedOperationException': > (0x000000071c2357b8) thrown at [/HUDSON/workspace/8-2-build-linux-amd64/jdk8u201/12317/hotspot/src/share/vm/prims/jni.cpp, line 735]

Events (10 events):
Event: 30,919 Executing VM operation: RevokeBias
Event: 30,919 Executing VM operation: RevokeBias done
Event: 35,021 Thread 0x00007f87a400b800 DEOPT PACKING pc=0x00007f879586378b sp=0x00007f87ac58d690
Event: 35,021 Thread 0x00007f87a400b800 DEOPT UNPACKING pc=0x00007f8795047784 sp=0x00007f87ac58d498 mode 0
Event: 35,931 Executing VM operation: ParallelGCFailedAllocation
Event: 38,748 Executing VM operation: ParallelGCFailedAllocation done
Event: 41,553 Executing VM operation: RevokeBias
Event: 41,553 Executing VM operation: RevokeBias done
Event: 41,553 Executing VM operation: RevokeBias
Event: 41,553 Executing VM operation: RevokeBias done


Dynamic libraries:
00400000-00401000 r-xp 00000000 103:05 399591                            /usr/lib/jvm/java-8-oracle/bin/java
00600000-00601000 r--p 00000000 103:05 399591                            /usr/lib/jvm/java-8-oracle/bin/java
00601000-00602000 rw-p 00001000 103:05 399591                            /usr/lib/jvm/java-8-oracle/bin/java
01969000-0198a000 rw-p 00000000 00:00 0                                  [heap]
5cd200000-63e980000 rw-p 00000000 00:00 0 
63e980000-719b80000 ---p 00000000 00:00 0 
719b80000-7c0000000 rw-p 00000000 00:00 0 
7c0000000-7c0180000 rw-p 00000000 00:00 0 
7c0180000-800000000 ---p 00000000 00:00 0 
7f864fffe000-7f8654fff000 rw-p 00000000 00:00 0 
7f865c000000-7f8664000000 rw-p 00000000 00:00 0 
7f8664000000-7f866c000000 rw-p 00000000 00:00 0 
7f866c000000-7f8674000000 rw-p 00000000 00:00 0 
7f8674000000-7f867c000000 rw-p 00000000 00:00 0 
7f867c000000-7f8684000000 rw-p 00000000 00:00 0 
7f8684000000-7f868c000000 rw-p 00000000 00:00 0 
7f868c000000-7f8690000000 rw-p 00000000 00:00 0 
7f8694000000-7f8698000000 rw-p 00000000 00:00 0 
7f869a7f6000-7f86a97f7000 rw-p 00000000 00:00 0 
7f86ac000000-7f86b3ab6000 rw-p 00000000 00:00 0 
7f86b3ab6000-7f86b4000000 ---p 00000000 00:00 0 
7f86b8000000-7f86c0000000 rw-p 00000000 00:00 0 
7f86c0000000-7f86c0021000 rw-p 00000000 00:00 0 
7f86c0021000-7f86c4000000 ---p 00000000 00:00 0 
7f86c8000000-7f86c8021000 rw-p 00000000 00:00 0 
7f86c8021000-7f86cc000000 ---p 00000000 00:00 0 
7f86cc000000-7f86cc021000 rw-p 00000000 00:00 0 
7f86cc021000-7f86d0000000 ---p 00000000 00:00 0 
7f86d0000000-7f86d0021000 rw-p 00000000 00:00 0 
7f86d0021000-7f86d4000000 ---p 00000000 00:00 0 
7f86d4000000-7f86d4021000 rw-p 00000000 00:00 0 
7f86d4021000-7f86d8000000 ---p 00000000 00:00 0 
7f86d8000000-7f86d8021000 rw-p 00000000 00:00 0 
7f86d8021000-7f86dc000000 ---p 00000000 00:00 0 
7f86dc000000-7f86dc021000 rw-p 00000000 00:00 0 
7f86dc021000-7f86e0000000 ---p 00000000 00:00 0 
7f86e0000000-7f86e0021000 rw-p 00000000 00:00 0 
7f86e0021000-7f86e4000000 ---p 00000000 00:00 0 
7f86e8000000-7f86e8021000 rw-p 00000000 00:00 0 
7f86e8021000-7f86ec000000 ---p 00000000 00:00 0 
7f86f0000000-7f86f0021000 rw-p 00000000 00:00 0 
7f86f0021000-7f86f4000000 ---p 00000000 00:00 0 
7f86f8000000-7f86f8021000 rw-p 00000000 00:00 0 
7f86f8021000-7f86fc000000 ---p 00000000 00:00 0 
7f8700cad000-7f870ed74000 r-xp 00000000 103:05 1975135                   /home/fernandr/Programmes/Fiji.app/lib/linux64/libSimpleITKJava.so
7f870ed74000-7f870ef73000 ---p 0e0c7000 103:05 1975135                   /home/fernandr/Programmes/Fiji.app/lib/linux64/libSimpleITKJava.so
7f870ef73000-7f870ffe1000 rw-p 0e0c6000 103:05 1975135                   /home/fernandr/Programmes/Fiji.app/lib/linux64/libSimpleITKJava.so
7f870ffe1000-7f8710000000 rw-p 00000000 00:00 0 
7f8710000000-7f8710310000 rw-p 00000000 00:00 0 
7f8710310000-7f8714000000 ---p 00000000 00:00 0 
7f8714000000-7f8714021000 rw-p 00000000 00:00 0 
7f8714021000-7f8718000000 ---p 00000000 00:00 0 
7f8718000000-7f871802f000 rw-p 00000000 00:00 0 
7f871802f000-7f871c000000 ---p 00000000 00:00 0 
7f871c000000-7f871c021000 rw-p 00000000 00:00 0 
7f871c021000-7f8720000000 ---p 00000000 00:00 0 
7f8720000000-7f8720021000 rw-p 00000000 00:00 0 
7f8720021000-7f8724000000 ---p 00000000 00:00 0 
7f8724000000-7f8724021000 rw-p 00000000 00:00 0 
7f8724021000-7f8728000000 ---p 00000000 00:00 0 
7f8728000000-7f8728a5c000 rw-p 00000000 00:00 0 
7f8728a5c000-7f872c000000 ---p 00000000 00:00 0 
7f872c000000-7f872c021000 rw-p 00000000 00:00 0 
7f872c021000-7f8730000000 ---p 00000000 00:00 0 
7f8730000000-7f87304fc000 rw-p 00000000 00:00 0 
7f87304fc000-7f8734000000 ---p 00000000 00:00 0 
7f8734000000-7f87345f7000 rw-p 00000000 00:00 0 
7f87345f7000-7f8738000000 ---p 00000000 00:00 0 
7f8738000000-7f8738021000 rw-p 00000000 00:00 0 
7f8738021000-7f873c000000 ---p 00000000 00:00 0 
7f873c000000-7f873c547000 rw-p 00000000 00:00 0 
7f873c547000-7f8740000000 ---p 00000000 00:00 0 
7f8740000000-7f8740021000 rw-p 00000000 00:00 0 
7f8740021000-7f8744000000 ---p 00000000 00:00 0 
7f8744000000-7f8745298000 rw-p 00000000 00:00 0 
7f8745298000-7f8748000000 ---p 00000000 00:00 0 
7f8748000000-7f87485e2000 rw-p 00000000 00:00 0 
7f87485e2000-7f874c000000 ---p 00000000 00:00 0 
7f874c690000-7f875c000000 rw-p 00000000 00:00 0 
7f875c000000-7f875c021000 rw-p 00000000 00:00 0 
7f875c021000-7f8760000000 ---p 00000000 00:00 0 
7f8760000000-7f8760021000 rw-p 00000000 00:00 0 
7f8760021000-7f8764000000 ---p 00000000 00:00 0 
7f8764000000-7f8764021000 rw-p 00000000 00:00 0 
7f8764021000-7f8768000000 ---p 00000000 00:00 0 
7f876a7fd000-7f876a7fe000 ---p 00000000 00:00 0 
7f876a7fe000-7f876affe000 rw-p 00000000 00:00 0 
7f876affe000-7f876afff000 ---p 00000000 00:00 0 
7f876afff000-7f876b7ff000 rw-p 00000000 00:00 0 
7f876b7ff000-7f876b800000 ---p 00000000 00:00 0 
7f876b800000-7f876c000000 rw-p 00000000 00:00 0 
7f876c000000-7f876c11b000 rw-p 00000000 00:00 0 
7f876c11b000-7f8770000000 ---p 00000000 00:00 0 
7f8770447000-7f8770448000 ---p 00000000 00:00 0 
7f8770448000-7f8770c48000 rw-p 00000000 00:00 0 
7f877344d000-7f877360d000 rw-p 00000000 00:00 0 
7f877360d000-7f877364d000 ---p 00000000 00:00 0 
7f877364d000-7f8773677000 r-xp 00000000 103:05 1319030                   /usr/lib/jvm/java-8-oracle/jre/lib/amd64/libdcpr.so
7f8773677000-7f8773876000 ---p 0002a000 103:05 1319030                   /usr/lib/jvm/java-8-oracle/jre/lib/amd64/libdcpr.so
7f8773876000-7f8773877000 r--p 00029000 103:05 1319030                   /usr/lib/jvm/java-8-oracle/jre/lib/amd64/libdcpr.so
7f8773877000-7f877387a000 rw-p 0002a000 103:05 1319030                   /usr/lib/jvm/java-8-oracle/jre/lib/amd64/libdcpr.so
7f877387a000-7f8773a7a000 rw-p 00000000 00:00 0 
7f8773a7b000-7f8773b7b000 rw-s 00000000 00:05 12255262                   /SYSV00000000 (deleted)
7f8773b7b000-7f8773be7000 r-xp 00000000 103:05 1319045                   /usr/lib/jvm/java-8-oracle/jre/lib/amd64/libt2k.so
7f8773be7000-7f8773de7000 ---p 0006c000 103:05 1319045                   /usr/lib/jvm/java-8-oracle/jre/lib/amd64/libt2k.so
7f8773de7000-7f8773ded000 r--p 0006c000 103:05 1319045                   /usr/lib/jvm/java-8-oracle/jre/lib/amd64/libt2k.so
7f8773ded000-7f8773dee000 rw-p 00072000 103:05 1319045                   /usr/lib/jvm/java-8-oracle/jre/lib/amd64/libt2k.so
7f8773dee000-7f8773dff000 r-xp 00000000 103:05 1319086                   /usr/lib/jvm/java-8-oracle/jre/lib/amd64/libnio.so
7f8773dff000-7f8773ffe000 ---p 00011000 103:05 1319086                   /usr/lib/jvm/java-8-oracle/jre/lib/amd64/libnio.so
7f8773ffe000-7f8773fff000 r--p 00010000 103:05 1319086                   /usr/lib/jvm/java-8-oracle/jre/lib/amd64/libnio.so
7f8773fff000-7f8774000000 rw-p 00011000 103:05 1319086                   /usr/lib/jvm/java-8-oracle/jre/lib/amd64/libnio.so
7f8774000000-7f8774021000 rw-p 00000000 00:00 0 
7f8774021000-7f8778000000 ---p 00000000 00:00 0 
7f8778006000-7f8778011000 r--s 00000000 103:05 2754318                   /var/cache/fontconfig/945677eb7aeaf62f1d50efc3fb3ec7d8-le64.cache-7
7f8778011000-7f8778016000 r--s 00000000 103:05 2754289                   /var/cache/fontconfig/2300eef321c393bfd76478a5c0e95b23-le64.cache-7
7f8778016000-7f8778017000 r--s 00000000 103:05 2754282                   /var/cache/fontconfig/0d8c3b2ac0904cb8a57a757ad11a4a08-le64.cache-7
7f8778017000-7f877801b000 r--s 00000000 103:05 2758608                   /var/cache/fontconfig/6d41288fd70b0be22e8c3a91e032eec0-le64.cache-7
7f877801b000-7f8778030000 r--s 00000000 103:05 2754278                   /var/cache/fontconfig/04aabc0a78ac019cf9454389977116d2-le64.cache-7
7f8778030000-7f8778031000 r--s 00000000 103:05 2754286                   /var/cache/fontconfig/1ac9eb803944fde146138c791f5cc56a-le64.cache-7
7f8778031000-7f8778032000 r--s 00000000 103:05 2754337                   /var/cache/fontconfig/dc05db6664285cc2f12bf69c139ae4c3-le64.cache-7
7f8778032000-7f8778034000 r--s 00000000 103:05 2754283                   /var/cache/fontconfig/14a5e22175779b556eaa434240950366-le64.cache-7
7f8778034000-7f8778035000 r--s 00000000 103:05 2754310                   /var/cache/fontconfig/660208299946a285a940457d1287da33-le64.cache-7
7f8778035000-7f8778037000 r--s 00000000 103:05 2754301                   /var/cache/fontconfig/4f3e3037c9980c83b53a9351efadef62-le64.cache-7
7f8778037000-7f8778039000 r--s 00000000 103:05 2754315                   /var/cache/fontconfig/767a8244fc0220cfb567a839d0392e0b-le64.cache-7
7f8778039000-7f877803a000 r--s 00000000 103:05 2755050                   /var/cache/fontconfig/4794a0821666d79190d59a36cb4f44b5-le64.cache-7
7f877803a000-7f877803c000 r--s 00000000 103:05 2759434                   /var/cache/fontconfig/0bd3dc0958fa2205aaaa8ebb13e2872b-le64.cache-7
7f877803c000-7f8778041000 r--s 00000000 103:05 2754338                   /var/cache/fontconfig/def309198bfa603429122923fa2bb2d4-le64.cache-7
7f8778041000-7f8778042000 r--s 00000000 103:05 2754326                   /var/cache/fontconfig/b872e6e592da6075ffa4ab0a1fcc0c75-le64.cache-7
7f8778042000-7f8778043000 r--s 00000000 103:05 2754343                   /var/cache/fontconfig/f6d4eedfaab2589bde49f7a3ff831d22-le64.cache-7
7f8778043000-7f8778044000 r--s 00000000 103:05 2754308                   /var/cache/fontconfig/589f83ef4c36d296ce6e1c846f468f08-le64.cache-7
7f8778044000-7f8778045000 r--s 00000000 103:05 2754328                   /var/cache/fontconfig/bab58bb527bb656aaa9f116d68a48d89-le64.cache-7
7f8778045000-7f8778046000 r--s 00000000 103:05 2754287                   /var/cache/fontconfig/2171a34dccabdb6bcbbc728186263178-le64.cache-7
7f8778046000-7f8778047000 r--s 00000000 103:05 2754329                   /var/cache/fontconfig/c5c45a61289222e0d30b1a26ef4effbe-le64.cache-7
7f8778047000-7f8778048000 r--s 00000000 103:05 2754324                   /var/cache/fontconfig/aec30016f93e1b46d1a973dce0d74068-le64.cache-7
7f8778048000-7f8778049000 r--s 00000000 103:05 2754294                   /var/cache/fontconfig/3f589640d34b7dc9042c8d453f7c8b9c-le64.cache-7
7f8778049000-7f877804a000 r--s 00000000 103:05 2754284                   /var/cache/fontconfig/16c2fda60d1b4b719f4b3d06fd951d25-le64.cache-7
7f877804a000-7f877804f000 r--s 00000000 103:05 2754981                   /var/cache/fontconfig/9d2451b1fd30e5bffe8383fd27c35478-le64.cache-7
7f877804f000-7f8778055000 r--s 00000000 103:05 2759433                   /var/cache/fontconfig/3047814df9a2f067bd2d96a2b9c36e5a-le64.cache-7
7f8778082000-7f8778098000 r-xp 00000000 103:05 1319083                   /usr/lib/jvm/java-8-oracle/jre/lib/amd64/libnet.so
7f8778098000-7f8778298000 ---p 00016000 103:05 1319083                   /usr/lib/jvm/java-8-oracle/jre/lib/amd64/libnet.so
7f8778298000-7f8778299000 r--p 00016000 103:05 1319083                   /usr/lib/jvm/java-8-oracle/jre/lib/amd64/libnet.so
7f8778299000-7f877829a000 rw-p 00017000 103:05 1319083                   /usr/lib/jvm/java-8-oracle/jre/lib/amd64/libnet.so
7f877829a000-7f877829d000 ---p 00000000 00:00 0 
7f877829d000-7f877839b000 rw-p 00000000 00:00 0 
7f877839b000-7f877839e000 ---p 00000000 00:00 0 
7f877839e000-7f877869c000 rw-p 00000000 00:00 0 
7f877869c000-7f877869f000 ---p 00000000 00:00 0 
7f877869f000-7f877879d000 rw-p 00000000 00:00 0 
7f877879d000-7f87787a2000 r-xp 00000000 103:05 401423                    /usr/lib/x86_64-linux-gnu/libXfixes.so.3.1.0
7f87787a2000-7f87789a1000 ---p 00005000 103:05 401423                    /usr/lib/x86_64-linux-gnu/libXfixes.so.3.1.0
7f87789a1000-7f87789a2000 r--p 00004000 103:05 401423                    /usr/lib/x86_64-linux-gnu/libXfixes.so.3.1.0
7f87789a2000-7f87789a3000 rw-p 00005000 103:05 401423                    /usr/lib/x86_64-linux-gnu/libXfixes.so.3.1.0
7f87789a3000-7f87789ac000 r-xp 00000000 103:05 401415                    /usr/lib/x86_64-linux-gnu/libXcursor.so.1.0.2
7f87789ac000-7f8778bab000 ---p 00009000 103:05 401415                    /usr/lib/x86_64-linux-gnu/libXcursor.so.1.0.2
7f8778bab000-7f8778bac000 r--p 00008000 103:05 401415                    /usr/lib/x86_64-linux-gnu/libXcursor.so.1.0.2
7f8778bac000-7f8778bad000 rw-p 00009000 103:05 401415                    /usr/lib/x86_64-linux-gnu/libXcursor.so.1.0.2
7f8778bad000-7f8778bb0000 ---p 00000000 00:00 0 
7f8778bb0000-7f8778cae000 rw-p 00000000 00:00 0 
7f8778cae000-7f8778cc5000 r-xp 00000000 103:05 3801177                   /lib/x86_64-linux-gnu/libgcc_s.so.1
7f8778cc5000-7f8778ec4000 ---p 00017000 103:05 3801177                   /lib/x86_64-linux-gnu/libgcc_s.so.1
7f8778ec4000-7f8778ec5000 r--p 00016000 103:05 3801177                   /lib/x86_64-linux-gnu/libgcc_s.so.1
7f8778ec5000-7f8778ec6000 rw-p 00017000 103:05 3801177                   /lib/x86_64-linux-gnu/libgcc_s.so.1
7f8778ec6000-7f8778ec7000 r--s 00000000 103:05 2754323                   /var/cache/fontconfig/a48eab177a16e4f3713381162db2f3e9-le64.cache-7
7f8778ec7000-7f8778ec8000 r--s 00000000 103:05 2754304                   /var/cache/fontconfig/564b2e68ac9bc4e36a6f7f6d6125ec1c-le64.cache-7
7f8778ec8000-7f8778ed0000 r--s 00000000 103:05 2753774                   /var/cache/fontconfig/bf3b770c553c462765856025a94f1ce6-le64.cache-7
7f8778ed0000-7f8778ed1000 r--s 00000000 103:05 2754305                   /var/cache/fontconfig/56cf4f4769d0f4abc89a4895d7bd3ae1-le64.cache-7
7f8778ed1000-7f8778ed2000 r--s 00000000 103:05 2754327                   /var/cache/fontconfig/b9d506c9ac06c20b433354fa67a72993-le64.cache-7
7f8778ed2000-7f8778ed8000 r--s 00000000 103:05 2754325                   /var/cache/fontconfig/b47c4e1ecd0709278f4910c18777a504-le64.cache-7
7f8778ed8000-7f8778eeb000 r--s 00000000 103:05 2754334                   /var/cache/fontconfig/d52a8644073d54c13679302ca1180695-le64.cache-7
7f8778eeb000-7f8778eec000 r--s 00000000 103:05 2754292                   /var/cache/fontconfig/370e5b74bf5dafc30834de68e24a87a4-le64.cache-7
7f8778eec000-7f8778f49000 r-xp 00000000 103:05 1319057                   /usr/lib/jvm/java-8-oracle/jre/lib/amd64/libfontmanager.so
7f8778f49000-7f8779149000 ---p 0005d000 103:05 1319057                   /usr/lib/jvm/java-8-oracle/jre/lib/amd64/libfontmanager.so
7f8779149000-7f877914c000 r--p 0005d000 103:05 1319057                   /usr/lib/jvm/java-8-oracle/jre/lib/amd64/libfontmanager.so
7f877914c000-7f877914d000 rw-p 00060000 103:05 1319057                   /usr/lib/jvm/java-8-oracle/jre/lib/amd64/libfontmanager.so
7f877914d000-7f8779160000 r-xp 00000000 103:05 3806054                   /lib/x86_64-linux-gnu/libbsd.so.0.8.7
7f8779160000-7f877935f000 ---p 00013000 103:05 3806054                   /lib/x86_64-linux-gnu/libbsd.so.0.8.7
7f877935f000-7f8779360000 r--p 00012000 103:05 3806054                   /lib/x86_64-linux-gnu/libbsd.so.0.8.7
7f8779360000-7f8779361000 rw-p 00013000 103:05 3806054                   /lib/x86_64-linux-gnu/libbsd.so.0.8.7
7f8779361000-7f8779362000 rw-p 00000000 00:00 0 
7f8779362000-7f8779367000 r-xp 00000000 103:05 401419                    /usr/lib/x86_64-linux-gnu/libXdmcp.so.6.0.0
7f8779367000-7f8779566000 ---p 00005000 103:05 401419                    /usr/lib/x86_64-linux-gnu/libXdmcp.so.6.0.0
7f8779566000-7f8779567000 r--p 00004000 103:05 401419                    /usr/lib/x86_64-linux-gnu/libXdmcp.so.6.0.0
7f8779567000-7f8779568000 rw-p 00005000 103:05 401419                    /usr/lib/x86_64-linux-gnu/libXdmcp.so.6.0.0
7f8779568000-7f877956a000 r-xp 00000000 103:05 401408                    /usr/lib/x86_64-linux-gnu/libXau.so.6.0.0
7f877956a000-7f877976a000 ---p 00002000 103:05 401408                    /usr/lib/x86_64-linux-gnu/libXau.so.6.0.0
7f877976a000-7f877976b000 r--p 00002000 103:05 401408                    /usr/lib/x86_64-linux-gnu/libXau.so.6.0.0
7f877976b000-7f877976c000 rw-p 00003000 103:05 401408                    /usr/lib/x86_64-linux-gnu/libXau.so.6.0.0
7f877976c000-7f8779792000 r-xp 00000000 103:05 396084                    /usr/lib/x86_64-linux-gnu/libxcb.so.1.1.0
7f8779792000-7f8779992000 ---p 00026000 103:05 396084                    /usr/lib/x86_64-linux-gnu/libxcb.so.1.1.0
7f8779992000-7f8779993000 r--p 00026000 103:05 396084                    /usr/lib/x86_64-linux-gnu/libxcb.so.1.1.0
7f8779993000-7f8779994000 rw-p 00027000 103:05 396084                    /usr/lib/x86_64-linux-gnu/libxcb.so.1.1.0
7f8779994000-7f87799a3000 r-xp 00000000 103:05 401429                    /usr/lib/x86_64-linux-gnu/libXi.so.6.1.0
7f87799a3000-7f8779ba2000 ---p 0000f000 103:05 401429                    /usr/lib/x86_64-linux-gnu/libXi.so.6.1.0
7f8779ba2000-7f8779ba3000 r--p 0000e000 103:05 401429                    /usr/lib/x86_64-linux-gnu/libXi.so.6.1.0
7f8779ba3000-7f8779ba4000 rw-p 0000f000 103:05 401429                    /usr/lib/x86_64-linux-gnu/libXi.so.6.1.0
7f8779ba4000-7f8779ba9000 r-xp 00000000 103:05 401447                    /usr/lib/x86_64-linux-gnu/libXtst.so.6.1.0
7f8779ba9000-7f8779da8000 ---p 00005000 103:05 401447                    /usr/lib/x86_64-linux-gnu/libXtst.so.6.1.0
7f8779da8000-7f8779da9000 r--p 00004000 103:05 401447                    /usr/lib/x86_64-linux-gnu/libXtst.so.6.1.0
7f8779da9000-7f8779daa000 rw-p 00005000 103:05 401447                    /usr/lib/x86_64-linux-gnu/libXtst.so.6.1.0
7f8779daa000-7f8779db3000 r-xp 00000000 103:05 401441                    /usr/lib/x86_64-linux-gnu/libXrender.so.1.3.0
7f8779db3000-7f8779fb2000 ---p 00009000 103:05 401441                    /usr/lib/x86_64-linux-gnu/libXrender.so.1.3.0
7f8779fb2000-7f8779fb3000 r--p 00008000 103:05 401441                    /usr/lib/x86_64-linux-gnu/libXrender.so.1.3.0
7f8779fb3000-7f8779fb4000 rw-p 00009000 103:05 401441                    /usr/lib/x86_64-linux-gnu/libXrender.so.1.3.0
7f8779fb4000-7f877a0e7000 r-xp 00000000 103:05 400060                    /usr/lib/x86_64-linux-gnu/libX11.so.6.3.0
7f877a0e7000-7f877a2e7000 ---p 00133000 103:05 400060                    /usr/lib/x86_64-linux-gnu/libX11.so.6.3.0
7f877a2e7000-7f877a2e8000 r--p 00133000 103:05 400060                    /usr/lib/x86_64-linux-gnu/libX11.so.6.3.0
7f877a2e8000-7f877a2ec000 rw-p 00134000 103:05 400060                    /usr/lib/x86_64-linux-gnu/libX11.so.6.3.0
7f877a2ec000-7f877a2fd000 r-xp 00000000 103:05 401421                    /usr/lib/x86_64-linux-gnu/libXext.so.6.4.0
7f877a2fd000-7f877a4fc000 ---p 00011000 103:05 401421                    /usr/lib/x86_64-linux-gnu/libXext.so.6.4.0
7f877a4fc000-7f877a4fd000 r--p 00010000 103:05 401421                    /usr/lib/x86_64-linux-gnu/libXext.so.6.4.0
7f877a4fd000-7f877a4fe000 rw-p 00011000 103:05 401421                    /usr/lib/x86_64-linux-gnu/libXext.so.6.4.0
7f877a4fe000-7f877a551000 r-xp 00000000 103:05 1319090                   /usr/lib/jvm/java-8-oracle/jre/lib/amd64/libawt_xawt.so
7f877a551000-7f877a750000 ---p 00053000 103:05 1319090                   /usr/lib/jvm/java-8-oracle/jre/lib/amd64/libawt_xawt.so
7f877a750000-7f877a751000 r--p 00052000 103:05 1319090                   /usr/lib/jvm/java-8-oracle/jre/lib/amd64/libawt_xawt.so
7f877a751000-7f877a754000 rw-p 00053000 103:05 1319090                   /usr/lib/jvm/java-8-oracle/jre/lib/amd64/libawt_xawt.so
7f877a754000-7f877a755000 rw-p 00000000 00:00 0 
7f877a755000-7f877a7f5000 r-xp 00000000 103:05 1319075                   /usr/lib/jvm/java-8-oracle/jre/lib/amd64/libawt.so
7f877a7f5000-7f877a9f4000 ---p 000a0000 103:05 1319075                   /usr/lib/jvm/java-8-oracle/jre/lib/amd64/libawt.so
7f877a9f4000-7f877a9f5000 r--p 0009f000 103:05 1319075                   /usr/lib/jvm/java-8-oracle/jre/lib/amd64/libawt.so
7f877a9f5000-7f877aa00000 rw-p 000a0000 103:05 1319075                   /usr/lib/jvm/java-8-oracle/jre/lib/amd64/libawt.so
7f877aa00000-7f877aa25000 rw-p 00000000 00:00 0 
7f877aa25000-7f877aa26000 ---p 00000000 00:00 0 
7f877aa26000-7f877ab26000 rw-p 00000000 00:00 0 
7f877ab26000-7f877ab29000 ---p 00000000 00:00 0 
7f877ab29000-7f877ac27000 rw-p 00000000 00:00 0 
7f877ac27000-7f877ac28000 ---p 00000000 00:00 0 
7f877ac28000-7f877ac2b000 ---p 00000000 00:00 0 
7f877ac2b000-7f877ad28000 rw-p 00000000 00:00 0 
7f877ad28000-7f877ad29000 ---p 00000000 00:00 0 
7f877ad29000-7f877ad2c000 ---p 00000000 00:00 0 
7f877ad2c000-7f877ae29000 rw-p 00000000 00:00 0 
7f877ae29000-7f877ae2a000 ---p 00000000 00:00 0 
7f877ae2a000-7f877ae2d000 ---p 00000000 00:00 0 
7f877ae2d000-7f877af2a000 rw-p 00000000 00:00 0 
7f877af2a000-7f877af2b000 ---p 00000000 00:00 0 
7f877af2b000-7f877af2e000 ---p 00000000 00:00 0 
7f877af2e000-7f877b02b000 rw-p 00000000 00:00 0 
7f877b02b000-7f877b02e000 ---p 00000000 00:00 0 
7f877b02e000-7f877b12c000 rw-p 00000000 00:00 0 
7f877b12c000-7f877bafb000 r--p 00000000 103:05 400112                    /usr/lib/locale/locale-archive
7f877bafb000-7f877bafe000 ---p 00000000 00:00 0 
7f877bafe000-7f877bbfc000 rw-p 00000000 00:00 0 
7f877bbfc000-7f877bbff000 ---p 00000000 00:00 0 
7f877bbff000-7f877bcfd000 rw-p 00000000 00:00 0 
7f877bcfd000-7f877bcfe000 ---p 00000000 00:00 0 
7f877bcfe000-7f877c000000 rw-p 00000000 00:00 0 
7f877c000000-7f877c021000 rw-p 00000000 00:00 0 
7f877c021000-7f8780000000 ---p 00000000 00:00 0 
7f8780000000-7f8780021000 rw-p 00000000 00:00 0 
7f8780021000-7f8784000000 ---p 00000000 00:00 0 
7f8784000000-7f8784553000 rw-p 00000000 00:00 0 
7f8784553000-7f8788000000 ---p 00000000 00:00 0 
7f8788000000-7f8788021000 rw-p 00000000 00:00 0 
7f8788021000-7f878c000000 ---p 00000000 00:00 0 
7f878c000000-7f878c476000 rw-p 00000000 00:00 0 
7f878c476000-7f8790000000 ---p 00000000 00:00 0 
7f8790000000-7f8790001000 r--s 00000000 103:05 2754313                   /var/cache/fontconfig/6b2c5944714ca7831b25bed9e85cb5c8-le64.cache-7
7f8790001000-7f8790002000 r--s 00000000 103:05 2754333                   /var/cache/fontconfig/d5178ab6d91b49bf20a416737dcea9e8-le64.cache-7
7f8790002000-7f8790003000 r--s 00000000 103:05 2754303                   /var/cache/fontconfig/551ecf3b0e8b0bca0f25c0944f561853-le64.cache-7
7f8790003000-7f8790006000 r--s 00000000 103:05 2754342                   /var/cache/fontconfig/f259c2cffa685e28062317905db73c4a-le64.cache-7
7f8790006000-7f8790014000 r--s 00000000 103:05 2754320                   /var/cache/fontconfig/9b89f8e3dae116d678bbf48e5f21f69b-le64.cache-7
7f8790014000-7f8790022000 r--s 00000000 103:05 2764616                   /var/cache/fontconfig/e13b20fdb08344e0e664864cc2ede53d-le64.cache-7
7f8790022000-7f8790048000 r--p 00000000 103:05 1182632                   /usr/share/locale-langpack/fr/LC_MESSAGES/libc.mo
7f8790048000-7f8792121000 rw-p 00000000 00:00 0 
7f8792121000-7f87922fb000 r--s 03d6f000 103:05 1319016                   /usr/lib/jvm/java-8-oracle/jre/lib/rt.jar
7f87922fb000-7f8793b63000 rw-p 00000000 00:00 0 
7f8793b63000-7f8793b64000 ---p 00000000 00:00 0 
7f8793b64000-7f8793c64000 rw-p 00000000 00:00 0 
7f8793c64000-7f8793c65000 ---p 00000000 00:00 0 
7f8793c65000-7f8793d65000 rw-p 00000000 00:00 0 
7f8793d65000-7f8793d66000 ---p 00000000 00:00 0 
7f8793d66000-7f8793e66000 rw-p 00000000 00:00 0 
7f8793e66000-7f8793e67000 ---p 00000000 00:00 0 
7f8793e67000-7f8793f67000 rw-p 00000000 00:00 0 
7f8793f67000-7f8793f68000 ---p 00000000 00:00 0 
7f8793f68000-7f87943f4000 rw-p 00000000 00:00 0 
7f87943f4000-7f8794acc000 ---p 00000000 00:00 0 
7f8794acc000-7f8794fff000 rw-p 00000000 00:00 0 
7f8794fff000-7f8795000000 rw-p 00000000 00:00 0 
7f8795000000-7f8795880000 rwxp 00000000 00:00 0 
7f8795880000-7f87a4000000 ---p 00000000 00:00 0 
7f87a4000000-7f87a8000000 rw-p 00000000 00:00 0 
7f87a8000000-7f87a8002000 r--s 00000000 103:05 2754302                   /var/cache/fontconfig/550f3886151c940c12a5ed35f6a00586-le64.cache-7
7f87a8002000-7f87a8005000 r--s 00000000 103:05 2754311                   /var/cache/fontconfig/674d1711f2d1d2a09646eb0bdcadee49-le64.cache-7
7f87a8005000-7f87a8006000 r--s 00000000 103:05 2754295                   /var/cache/fontconfig/3f7329c5293ffd510edef78f73874cfd-le64.cache-7
7f87a8006000-7f87a800a000 r--s 00000000 103:05 2754335                   /var/cache/fontconfig/d589a48862398ed80a3d6066f4f56f4c-le64.cache-7
7f87a800a000-7f87a800b000 ---p 00000000 00:00 0 
7f87a800b000-7f87a810b000 rw-p 00000000 00:00 0 
7f87a810b000-7f87a810c000 ---p 00000000 00:00 0 
7f87a810c000-7f87a820c000 rw-p 00000000 00:00 0 
7f87a820c000-7f87a820d000 ---p 00000000 00:00 0 
7f87a820d000-7f87a830d000 rw-p 00000000 00:00 0 
7f87a830d000-7f87a830e000 ---p 00000000 00:00 0 
7f87a830e000-7f87a840e000 rw-p 00000000 00:00 0 
7f87a840e000-7f87a840f000 ---p 00000000 00:00 0 
7f87a840f000-7f87a889b000 rw-p 00000000 00:00 0 
7f87a889b000-7f87a8f74000 ---p 00000000 00:00 0 
7f87a8f74000-7f87a8f96000 rw-p 00000000 00:00 0 
7f87a8f96000-7f87a9334000 ---p 00000000 00:00 0 
7f87a9334000-7f87a934f000 r-xp 00000000 103:05 1319079                   /usr/lib/jvm/java-8-oracle/jre/lib/amd64/libzip.so
7f87a934f000-7f87a954e000 ---p 0001b000 103:05 1319079                   /usr/lib/jvm/java-8-oracle/jre/lib/amd64/libzip.so
7f87a954e000-7f87a954f000 r--p 0001a000 103:05 1319079                   /usr/lib/jvm/java-8-oracle/jre/lib/amd64/libzip.so
7f87a954f000-7f87a9550000 rw-p 0001b000 103:05 1319079                   /usr/lib/jvm/java-8-oracle/jre/lib/amd64/libzip.so
7f87a9550000-7f87a955b000 r-xp 00000000 103:05 3806148                   /lib/x86_64-linux-gnu/libnss_files-2.27.so
7f87a955b000-7f87a975a000 ---p 0000b000 103:05 3806148                   /lib/x86_64-linux-gnu/libnss_files-2.27.so
7f87a975a000-7f87a975b000 r--p 0000a000 103:05 3806148                   /lib/x86_64-linux-gnu/libnss_files-2.27.so
7f87a975b000-7f87a975c000 rw-p 0000b000 103:05 3806148                   /lib/x86_64-linux-gnu/libnss_files-2.27.so
7f87a975c000-7f87a9762000 rw-p 00000000 00:00 0 
7f87a9762000-7f87a9779000 r-xp 00000000 103:05 3806142                   /lib/x86_64-linux-gnu/libnsl-2.27.so
7f87a9779000-7f87a9978000 ---p 00017000 103:05 3806142                   /lib/x86_64-linux-gnu/libnsl-2.27.so
7f87a9978000-7f87a9979000 r--p 00016000 103:05 3806142                   /lib/x86_64-linux-gnu/libnsl-2.27.so
7f87a9979000-7f87a997a000 rw-p 00017000 103:05 3806142                   /lib/x86_64-linux-gnu/libnsl-2.27.so
7f87a997a000-7f87a997c000 rw-p 00000000 00:00 0 
7f87a997c000-7f87a9987000 r-xp 00000000 103:05 3806159                   /lib/x86_64-linux-gnu/libnss_nis-2.27.so
7f87a9987000-7f87a9b86000 ---p 0000b000 103:05 3806159                   /lib/x86_64-linux-gnu/libnss_nis-2.27.so
7f87a9b86000-7f87a9b87000 r--p 0000a000 103:05 3806159                   /lib/x86_64-linux-gnu/libnss_nis-2.27.so
7f87a9b87000-7f87a9b88000 rw-p 0000b000 103:05 3806159                   /lib/x86_64-linux-gnu/libnss_nis-2.27.so
7f87a9b88000-7f87a9b90000 r-xp 00000000 103:05 3806144                   /lib/x86_64-linux-gnu/libnss_compat-2.27.so
7f87a9b90000-7f87a9d90000 ---p 00008000 103:05 3806144                   /lib/x86_64-linux-gnu/libnss_compat-2.27.so
7f87a9d90000-7f87a9d91000 r--p 00008000 103:05 3806144                   /lib/x86_64-linux-gnu/libnss_compat-2.27.so
7f87a9d91000-7f87a9d92000 rw-p 00009000 103:05 3806144                   /lib/x86_64-linux-gnu/libnss_compat-2.27.so
7f87a9d92000-7f87a9dbe000 r-xp 00000000 103:05 1319071                   /usr/lib/jvm/java-8-oracle/jre/lib/amd64/libjava.so
7f87a9dbe000-7f87a9fbe000 ---p 0002c000 103:05 1319071                   /usr/lib/jvm/java-8-oracle/jre/lib/amd64/libjava.so
7f87a9fbe000-7f87a9fbf000 r--p 0002c000 103:05 1319071                   /usr/lib/jvm/java-8-oracle/jre/lib/amd64/libjava.so
7f87a9fbf000-7f87a9fc1000 rw-p 0002d000 103:05 1319071                   /usr/lib/jvm/java-8-oracle/jre/lib/amd64/libjava.so
7f87a9fc1000-7f87a9fce000 r-xp 00000000 103:05 1319077                   /usr/lib/jvm/java-8-oracle/jre/lib/amd64/libverify.so
7f87a9fce000-7f87aa1cd000 ---p 0000d000 103:05 1319077                   /usr/lib/jvm/java-8-oracle/jre/lib/amd64/libverify.so
7f87aa1cd000-7f87aa1cf000 r--p 0000c000 103:05 1319077                   /usr/lib/jvm/java-8-oracle/jre/lib/amd64/libverify.so
7f87aa1cf000-7f87aa1d0000 rw-p 0000e000 103:05 1319077                   /usr/lib/jvm/java-8-oracle/jre/lib/amd64/libverify.so
7f87aa1d0000-7f87aa1d7000 r-xp 00000000 103:05 3806199                   /lib/x86_64-linux-gnu/librt-2.27.so
7f87aa1d7000-7f87aa3d6000 ---p 00007000 103:05 3806199                   /lib/x86_64-linux-gnu/librt-2.27.so
7f87aa3d6000-7f87aa3d7000 r--p 00006000 103:05 3806199                   /lib/x86_64-linux-gnu/librt-2.27.so
7f87aa3d7000-7f87aa3d8000 rw-p 00007000 103:05 3806199                   /lib/x86_64-linux-gnu/librt-2.27.so
7f87aa3d8000-7f87aa575000 r-xp 00000000 103:05 3806121                   /lib/x86_64-linux-gnu/libm-2.27.so
7f87aa575000-7f87aa774000 ---p 0019d000 103:05 3806121                   /lib/x86_64-linux-gnu/libm-2.27.so
7f87aa774000-7f87aa775000 r--p 0019c000 103:05 3806121                   /lib/x86_64-linux-gnu/libm-2.27.so
7f87aa775000-7f87aa776000 rw-p 0019d000 103:05 3806121                   /lib/x86_64-linux-gnu/libm-2.27.so
7f87aa776000-7f87ab45e000 r-xp 00000000 103:05 1581920                   /usr/lib/jvm/java-8-oracle/jre/lib/amd64/server/libjvm.so
7f87ab45e000-7f87ab65d000 ---p 00ce8000 103:05 1581920                   /usr/lib/jvm/java-8-oracle/jre/lib/amd64/server/libjvm.so
7f87ab65d000-7f87ab6f3000 r--p 00ce7000 103:05 1581920                   /usr/lib/jvm/java-8-oracle/jre/lib/amd64/server/libjvm.so
7f87ab6f3000-7f87ab724000 rw-p 00d7d000 103:05 1581920                   /usr/lib/jvm/java-8-oracle/jre/lib/amd64/server/libjvm.so
7f87ab724000-7f87ab75f000 rw-p 00000000 00:00 0 
7f87ab75f000-7f87ab946000 r-xp 00000000 103:05 3806058                   /lib/x86_64-linux-gnu/libc-2.27.so
7f87ab946000-7f87abb46000 ---p 001e7000 103:05 3806058                   /lib/x86_64-linux-gnu/libc-2.27.so
7f87abb46000-7f87abb4a000 r--p 001e7000 103:05 3806058                   /lib/x86_64-linux-gnu/libc-2.27.so
7f87abb4a000-7f87abb4c000 rw-p 001eb000 103:05 3806058                   /lib/x86_64-linux-gnu/libc-2.27.so
7f87abb4c000-7f87abb50000 rw-p 00000000 00:00 0 
7f87abb50000-7f87abb53000 r-xp 00000000 103:05 3806081                   /lib/x86_64-linux-gnu/libdl-2.27.so
7f87abb53000-7f87abd52000 ---p 00003000 103:05 3806081                   /lib/x86_64-linux-gnu/libdl-2.27.so
7f87abd52000-7f87abd53000 r--p 00002000 103:05 3806081                   /lib/x86_64-linux-gnu/libdl-2.27.so
7f87abd53000-7f87abd54000 rw-p 00003000 103:05 3806081                   /lib/x86_64-linux-gnu/libdl-2.27.so
7f87abd54000-7f87abd6b000 r-xp 00000000 103:05 409197                    /usr/lib/jvm/java-8-oracle/lib/amd64/jli/libjli.so
7f87abd6b000-7f87abf6a000 ---p 00017000 103:05 409197                    /usr/lib/jvm/java-8-oracle/lib/amd64/jli/libjli.so
7f87abf6a000-7f87abf6b000 r--p 00016000 103:05 409197                    /usr/lib/jvm/java-8-oracle/lib/amd64/jli/libjli.so
7f87abf6b000-7f87abf6c000 rw-p 00017000 103:05 409197                    /usr/lib/jvm/java-8-oracle/lib/amd64/jli/libjli.so
7f87abf6c000-7f87abf86000 r-xp 00000000 103:05 3806191                   /lib/x86_64-linux-gnu/libpthread-2.27.so
7f87abf86000-7f87ac185000 ---p 0001a000 103:05 3806191                   /lib/x86_64-linux-gnu/libpthread-2.27.so
7f87ac185000-7f87ac186000 r--p 00019000 103:05 3806191                   /lib/x86_64-linux-gnu/libpthread-2.27.so
7f87ac186000-7f87ac187000 rw-p 0001a000 103:05 3806191                   /lib/x86_64-linux-gnu/libpthread-2.27.so
7f87ac187000-7f87ac18b000 rw-p 00000000 00:00 0 
7f87ac18b000-7f87ac191000 r-xp 00000000 103:05 413404                    /usr/lib/x86_64-linux-gnu/libgtk3-nocsd.so.0
7f87ac191000-7f87ac390000 ---p 00006000 103:05 413404                    /usr/lib/x86_64-linux-gnu/libgtk3-nocsd.so.0
7f87ac390000-7f87ac391000 r--p 00005000 103:05 413404                    /usr/lib/x86_64-linux-gnu/libgtk3-nocsd.so.0
7f87ac391000-7f87ac392000 rw-p 00006000 103:05 413404                    /usr/lib/x86_64-linux-gnu/libgtk3-nocsd.so.0
7f87ac392000-7f87ac3b9000 r-xp 00000000 103:05 3806030                   /lib/x86_64-linux-gnu/ld-2.27.so
7f87ac3b9000-7f87ac3ba000 r--s 00000000 103:05 2754281                   /var/cache/fontconfig/0c9eb80ebd1c36541ebe2852d3bb0c49-le64.cache-7
7f87ac3ba000-7f87ac3bb000 r--s 00000000 103:05 2754288                   /var/cache/fontconfig/22368d551a680bfe5a62c02760edf4ea-le64.cache-7
7f87ac3bb000-7f87ac3bc000 r--s 00000000 103:05 2754300                   /var/cache/fontconfig/4d9c95eba1cb85bbcf2878543262124a-le64.cache-7
7f87ac3bc000-7f87ac3bd000 r--s 00000000 103:05 2754317                   /var/cache/fontconfig/85e0a52ce643a7ba2ae53e5d6949cead-le64.cache-7
7f87ac3bd000-7f87ac3be000 r--s 00000000 103:05 2754297                   /var/cache/fontconfig/49f0de54bdd920fe4f0dfd4cbac43e6b-le64.cache-7
7f87ac3be000-7f87ac3bf000 r--s 00000000 103:05 2754344                   /var/cache/fontconfig/f6e6e0a5c3d2f6ae0c0c2e0ecd42a997-le64.cache-7
7f87ac3bf000-7f87ac3c0000 r--s 00000000 103:05 2754298                   /var/cache/fontconfig/4b2eda6bb976bda485cb2176619421d5-le64.cache-7
7f87ac3c0000-7f87ac3ca000 r--s 00226000 103:05 1984601                   /home/fernandr/.m2/repository/net/imagej/ij/1.52k/ij-1.52k.jar
7f87ac3ca000-7f87ac48e000 rw-p 00000000 00:00 0 
7f87ac48e000-7f87ac48f000 ---p 00000000 00:00 0 
7f87ac48f000-7f87ac492000 ---p 00000000 00:00 0 
7f87ac492000-7f87ac593000 rw-p 00000000 00:00 0 
7f87ac593000-7f87ac595000 r--s 00000000 103:05 2754312                   /var/cache/fontconfig/6afa1bb216ce958c1589e297e8008489-le64.cache-7
7f87ac595000-7f87ac59c000 r--s 00000000 103:05 657616                    /usr/lib/x86_64-linux-gnu/gconv/gconv-modules.cache
7f87ac59c000-7f87ac5a3000 r--s 00095000 103:05 2028044                   /home/fernandr/Programmes/LIB_EXT/JAR/VIB-lib-2.1.2.jar
7f87ac5a3000-7f87ac5ae000 r--s 00093000 103:05 1983880                   /home/fernandr/Programmes/LIB_EXT/JAR/simpleitk-1.2.0.jar
7f87ac5ae000-7f87ac5af000 r--s 00005000 103:05 3411772                   /home/fernandr/eclipse-workspace/MyIJPlugs/vitimage/target/lib/ext/lma.jar
7f87ac5af000-7f87ac5b7000 rw-s 00000000 103:05 2884083                   /tmp/hsperfdata_fernandr/29278
7f87ac5b7000-7f87ac5b8000 rw-p 00000000 00:00 0 
7f87ac5b8000-7f87ac5b9000 r--p 00000000 00:00 0 
7f87ac5b9000-7f87ac5ba000 r--p 00027000 103:05 3806030                   /lib/x86_64-linux-gnu/ld-2.27.so
7f87ac5ba000-7f87ac5bb000 rw-p 00028000 103:05 3806030                   /lib/x86_64-linux-gnu/ld-2.27.so
7f87ac5bb000-7f87ac5bc000 rw-p 00000000 00:00 0 
7ffcd34fd000-7ffcd351f000 rw-p 00000000 00:00 0                          [stack]
7ffcd3535000-7ffcd3538000 r--p 00000000 00:00 0                          [vvar]
7ffcd3538000-7ffcd353a000 r-xp 00000000 00:00 0                          [vdso]
ffffffffff600000-ffffffffff601000 r-xp 00000000 00:00 0                  [vsyscall]

VM Arguments:
jvm_args: -Djava.library.path=/home/fernandr/Programmes/Fiji.app/lib/linux64 -Dfile.encoding=UTF-8 
java_command: com.vitimage.BlockMatchingRegistration
java_class_path (initial): /home/fernandr/eclipse-workspace/MyIJPlugs/vitimage/target/lib/ext/lma.jar:/home/fernandr/eclipse-workspace/MyIJPlugs/vitimage/target/classes:/home/fernandr/Programmes/LIB_EXT/JAR/simpleitk-1.2.0.jar:/home/fernandr/Programmes/LIB_EXT/JAR/VIB-lib-2.1.2.jar:/home/fernandr/.m2/repository/net/imagej/ij/1.52k/ij-1.52k.jar:/usr/lib/jvm/java-8-oracle/lib/tools.jar:/home/fernandr/.m2/repository/sc/fiji/imagescience/3.0.0/imagescience-3.0.0.jar:/home/fernandr/.m2/repository/sc/fiji/Image_5D/1.2.6/Image_5D-1.2.6.jar:/home/fernandr/.m2/repository/sc/fiji/VIB-lib/2.1.2/VIB-lib-2.1.2.jar:/home/fernandr/.m2/repository/sc/fiji/pal-optimization/2.0.0/pal-optimization-2.0.0.jar:/home/fernandr/.m2/repository/gov/nist/math/jama/1.0.3/jama-1.0.3.jar
Launcher Type: SUN_STANDARD

Environment Variables:
JAVA_HOME=/usr/lib/jvm/java-8-oracle
PATH=/home/fernandr/Programmes/Fiji.app:/home/fernandr/Scripts:/usr/lib/jvm/java-8-oracle/bin:/usr/lib/jvm/java-8-oracle/bin:/usr/local/sbin:/usr/local/bin:/usr/sbin:/usr/bin:/sbin:/bin:/usr/games:/usr/local/games:/home/fernandr/Programmes/ImageJ:/home/fernandr/Programmes/Fiji.app:/snap/bin:/usr/lib/jvm/java-8-oracle/bin:/usr/lib/jvm/java-8-oracle/db/bin:/usr/lib/jvm/java-8-oracle/jre/bin
USERNAME=fernandr
LD_PRELOAD=libgtk3-nocsd.so.0
SHELL=/bin/bash
DISPLAY=:0

Signal Handlers:
SIGSEGV: [libjvm.so+0xad3e60], sa_mask[0]=11111111011111111101111111111110, sa_flags=SA_RESTART|SA_SIGINFO
SIGBUS: [libjvm.so+0xad3e60], sa_mask[0]=11111111011111111101111111111110, sa_flags=SA_RESTART|SA_SIGINFO
SIGFPE: [libjvm.so+0x90b880], sa_mask[0]=11111111011111111101111111111110, sa_flags=SA_RESTART|SA_SIGINFO
SIGPIPE: [libjvm.so+0x90b880], sa_mask[0]=11111111011111111101111111111110, sa_flags=SA_RESTART|SA_SIGINFO
SIGXFSZ: [libjvm.so+0x90b880], sa_mask[0]=11111111011111111101111111111110, sa_flags=SA_RESTART|SA_SIGINFO
SIGILL: [libjvm.so+0x90b880], sa_mask[0]=11111111011111111101111111111110, sa_flags=SA_RESTART|SA_SIGINFO
SIGUSR1: SIG_DFL, sa_mask[0]=00000000000000000000000000000000, sa_flags=none
SIGUSR2: [libjvm.so+0x90b750], sa_mask[0]=00100000000000000000000000000000, sa_flags=SA_RESTART|SA_SIGINFO
SIGHUP: [libjvm.so+0x90bd70], sa_mask[0]=11111111011111111101111111111110, sa_flags=SA_RESTART|SA_SIGINFO
SIGINT: [libjvm.so+0x90bd70], sa_mask[0]=11111111011111111101111111111110, sa_flags=SA_RESTART|SA_SIGINFO
SIGTERM: [libjvm.so+0x90bd70], sa_mask[0]=11111111011111111101111111111110, sa_flags=SA_RESTART|SA_SIGINFO
SIGQUIT: [libjvm.so+0x90bd70], sa_mask[0]=11111111011111111101111111111110, sa_flags=SA_RESTART|SA_SIGINFO


---------------  S Y S T E M  ---------------

OS:DISTRIB_ID=Ubuntu
DISTRIB_RELEASE=18.04
DISTRIB_CODENAME=bionic
DISTRIB_DESCRIPTION="Ubuntu 18.04.2 LTS"

uname:Linux 4.15.0-50-generic #54-Ubuntu SMP Mon May 6 18:46:08 UTC 2019 x86_64
libc:glibc 2.27 NPTL 2.27 
rlimit: STACK 8192k, CORE 0k, NPROC 127338, NOFILE 4096, AS infinity
load average:2,75 1,91 1,91

/proc/meminfo:
MemTotal:       32693752 kB
MemFree:         5970376 kB
MemAvailable:   20553268 kB
Buffers:        12144580 kB
Cached:          2537456 kB
SwapCached:            0 kB
Active:         11730924 kB
Inactive:       13937724 kB
Active(anon):   10290496 kB
Inactive(anon):   938672 kB
Active(file):    1440428 kB
Inactive(file): 12999052 kB
Unevictable:       14020 kB
Mlocked:           14020 kB
SwapTotal:      19530748 kB
SwapFree:       19530748 kB
Dirty:               888 kB
Writeback:             0 kB
AnonPages:      11000740 kB
Mapped:           802928 kB
Shmem:            238024 kB
Slab:             715856 kB
SReclaimable:     615108 kB
SUnreclaim:       100748 kB
KernelStack:       19552 kB
PageTables:        83124 kB
NFS_Unstable:          0 kB
Bounce:                0 kB
WritebackTmp:          0 kB
CommitLimit:    35877624 kB
Committed_AS:   19203368 kB
VmallocTotal:   34359738367 kB
VmallocUsed:           0 kB
VmallocChunk:          0 kB
HardwareCorrupted:     0 kB
AnonHugePages:         0 kB
ShmemHugePages:        0 kB
ShmemPmdMapped:        0 kB
CmaTotal:              0 kB
CmaFree:               0 kB
HugePages_Total:       0
HugePages_Free:        0
HugePages_Rsvd:        0
HugePages_Surp:        0
Hugepagesize:       2048 kB
DirectMap4k:     2286076 kB
DirectMap2M:    31023104 kB
DirectMap1G:     1048576 kB

container (cgroup) information:
container_type: cgroupv1
cpu_cpuset_cpus: 0-11
cpu_memory_nodes: 0
active_processor_count: 12
cpu_quota: -1
cpu_period: 100000
cpu_shares: -1
memory_limit_in_bytes: -1
memory_and_swap_limit_in_bytes: -2
memory_soft_limit_in_bytes: -1
memory_usage_in_bytes: 26299232256
memory_max_usage_in_bytes: 0


CPU:total 12 (initial active 12) (6 cores per cpu, 2 threads per core) family 6 model 158 stepping 10, cmov, cx8, fxsr, mmx, sse, sse2, sse3, ssse3, sse4.1, sse4.2, popcnt, avx, avx2, aes, clmul, erms, rtm, 3dnowpref, lzcnt, ht, tsc, tscinvbit, bmi1, bmi2, adx

/proc/cpuinfo:
processor	: 0
vendor_id	: GenuineIntel
cpu family	: 6
model		: 158
model name	: Intel(R) Xeon(R) E-2186M  CPU @ 2.90GHz
stepping	: 10
microcode	: 0xb4
cpu MHz		: 4400.772
cache size	: 12288 KB
physical id	: 0
siblings	: 12
core id		: 0
cpu cores	: 6
apicid		: 0
initial apicid	: 0
fpu		: yes
fpu_exception	: yes
cpuid level	: 22
wp		: yes
flags		: fpu vme de pse tsc msr pae mce cx8 apic sep mtrr pge mca cmov pat pse36 clflush dts acpi mmx fxsr sse sse2 ss ht tm pbe syscall nx pdpe1gb rdtscp lm constant_tsc art arch_perfmon pebs bts rep_good nopl xtopology nonstop_tsc cpuid aperfmperf tsc_known_freq pni pclmulqdq dtes64 monitor ds_cpl vmx smx est tm2 ssse3 sdbg fma cx16 xtpr pdcm pcid sse4_1 sse4_2 x2apic movbe popcnt tsc_deadline_timer aes xsave avx f16c rdrand lahf_lm abm 3dnowprefetch cpuid_fault epb invpcid_single pti ssbd ibrs ibpb stibp tpr_shadow vnmi flexpriority ept vpid fsgsbase tsc_adjust bmi1 hle avx2 smep bmi2 erms invpcid rtm mpx rdseed adx smap clflushopt intel_pt xsaveopt xsavec xgetbv1 xsaves dtherm ida arat pln pts hwp hwp_notify hwp_act_window hwp_epp md_clear flush_l1d
bugs		: cpu_meltdown spectre_v1 spectre_v2 spec_store_bypass l1tf mds
bogomips	: 5808.00
clflush size	: 64
cache_alignment	: 64
address sizes	: 39 bits physical, 48 bits virtual
power management:

processor	: 1
vendor_id	: GenuineIntel
cpu family	: 6
model		: 158
model name	: Intel(R) Xeon(R) E-2186M  CPU @ 2.90GHz
stepping	: 10
microcode	: 0xb4
cpu MHz		: 4165.998
cache size	: 12288 KB
physical id	: 0
siblings	: 12
core id		: 1
cpu cores	: 6
apicid		: 2
initial apicid	: 2
fpu		: yes
fpu_exception	: yes
cpuid level	: 22
wp		: yes
flags		: fpu vme de pse tsc msr pae mce cx8 apic sep mtrr pge mca cmov pat pse36 clflush dts acpi mmx fxsr sse sse2 ss ht tm pbe syscall nx pdpe1gb rdtscp lm constant_tsc art arch_perfmon pebs bts rep_good nopl xtopology nonstop_tsc cpuid aperfmperf tsc_known_freq pni pclmulqdq dtes64 monitor ds_cpl vmx smx est tm2 ssse3 sdbg fma cx16 xtpr pdcm pcid sse4_1 sse4_2 x2apic movbe popcnt tsc_deadline_timer aes xsave avx f16c rdrand lahf_lm abm 3dnowprefetch cpuid_fault epb invpcid_single pti ssbd ibrs ibpb stibp tpr_shadow vnmi flexpriority ept vpid fsgsbase tsc_adjust bmi1 hle avx2 smep bmi2 erms invpcid rtm mpx rdseed adx smap clflushopt intel_pt xsaveopt xsavec xgetbv1 xsaves dtherm ida arat pln pts hwp hwp_notify hwp_act_window hwp_epp md_clear flush_l1d
bugs		: cpu_meltdown spectre_v1 spectre_v2 spec_store_bypass l1tf mds
bogomips	: 5808.00
clflush size	: 64
cache_alignment	: 64
address sizes	: 39 bits physical, 48 bits virtual
power management:

processor	: 2
vendor_id	: GenuineIntel
cpu family	: 6
model		: 158
model name	: Intel(R) Xeon(R) E-2186M  CPU @ 2.90GHz
stepping	: 10
microcode	: 0xb4
cpu MHz		: 4441.749
cache size	: 12288 KB
physical id	: 0
siblings	: 12
core id		: 2
cpu cores	: 6
apicid		: 4
initial apicid	: 4
fpu		: yes
fpu_exception	: yes
cpuid level	: 22
wp		: yes
flags		: fpu vme de pse tsc msr pae mce cx8 apic sep mtrr pge mca cmov pat pse36 clflush dts acpi mmx fxsr sse sse2 ss ht tm pbe syscall nx pdpe1gb rdtscp lm constant_tsc art arch_perfmon pebs bts rep_good nopl xtopology nonstop_tsc cpuid aperfmperf tsc_known_freq pni pclmulqdq dtes64 monitor ds_cpl vmx smx est tm2 ssse3 sdbg fma cx16 xtpr pdcm pcid sse4_1 sse4_2 x2apic movbe popcnt tsc_deadline_timer aes xsave avx f16c rdrand lahf_lm abm 3dnowprefetch cpuid_fault epb invpcid_single pti ssbd ibrs ibpb stibp tpr_shadow vnmi flexpriority ept vpid fsgsbase tsc_adjust bmi1 hle avx2 smep bmi2 erms invpcid rtm mpx rdseed adx smap clflushopt intel_pt xsaveopt xsavec xgetbv1 xsaves dtherm ida arat pln pts hwp hwp_notify hwp_act_window hwp_epp md_clear flush_l1d
bugs		: cpu_meltdown spectre_v1 spectre_v2 spec_store_bypass l1tf mds
bogomips	: 5808.00
clflush size	: 64
cache_alignment	: 64
address sizes	: 39 bits physical, 48 bits virtual
power management:

processor	: 3
vendor_id	: GenuineIntel
cpu family	: 6
model		: 158
model name	: Intel(R) Xeon(R) E-2186M  CPU @ 2.90GHz
stepping	: 10
microcode	: 0xb4
cpu MHz		: 4484.269
cache size	: 12288 KB
physical id	: 0
siblings	: 12
core id		: 3
cpu cores	: 6
apicid		: 6
initial apicid	: 6
fpu		: yes
fpu_exception	: yes
cpuid level	: 22
wp		: yes
flags		: fpu vme de pse tsc msr pae mce cx8 apic sep mtrr pge mca cmov pat pse36 clflush dts acpi mmx fxsr sse sse2 ss ht tm pbe syscall nx pdpe1gb rdtscp lm constant_tsc art arch_perfmon pebs bts rep_good nopl xtopology nonstop_tsc cpuid aperfmperf tsc_known_freq pni pclmulqdq dtes64 monitor ds_cpl vmx smx est tm2 ssse3 sdbg fma cx16 xtpr pdcm pcid sse4_1 sse4_2 x2apic movbe popcnt tsc_deadline_timer aes xsave avx f16c rdrand lahf_lm abm 3dnowprefetch cpuid_fault epb invpcid_single pti ssbd ibrs ibpb stibp tpr_shadow vnmi flexpriority ept vpid fsgsbase tsc_adjust bmi1 hle avx2 smep bmi2 erms invpcid rtm mpx rdseed adx smap clflushopt intel_pt xsaveopt xsavec xgetbv1 xsaves dtherm ida arat pln pts hwp hwp_notify hwp_act_window hwp_epp md_clear flush_l1d
bugs		: cpu_meltdown spectre_v1 spectre_v2 spec_store_bypass l1tf mds
bogomips	: 5808.00
clflush size	: 64
cache_alignment	: 64
address sizes	: 39 bits physical, 48 bits virtual
power management:

processor	: 4
vendor_id	: GenuineIntel
cpu family	: 6
model		: 158
model name	: Intel(R) Xeon(R) E-2186M  CPU @ 2.90GHz
stepping	: 10
microcode	: 0xb4
cpu MHz		: 4438.343
cache size	: 12288 KB
physical id	: 0
siblings	: 12
core id		: 4
cpu cores	: 6
apicid		: 8
initial apicid	: 8
fpu		: yes
fpu_exception	: yes
cpuid level	: 22
wp		: yes
flags		: fpu vme de pse tsc msr pae mce cx8 apic sep mtrr pge mca cmov pat pse36 clflush dts acpi mmx fxsr sse sse2 ss ht tm pbe syscall nx pdpe1gb rdtscp lm constant_tsc art arch_perfmon pebs bts rep_good nopl xtopology nonstop_tsc cpuid aperfmperf tsc_known_freq pni pclmulqdq dtes64 monitor ds_cpl vmx smx est tm2 ssse3 sdbg fma cx16 xtpr pdcm pcid sse4_1 sse4_2 x2apic movbe popcnt tsc_deadline_timer aes xsave avx f16c rdrand lahf_lm abm 3dnowprefetch cpuid_fault epb invpcid_single pti ssbd ibrs ibpb stibp tpr_shadow vnmi flexpriority ept vpid fsgsbase tsc_adjust bmi1 hle avx2 smep bmi2 erms invpcid rtm mpx rdseed adx smap clflushopt intel_pt xsaveopt xsavec xgetbv1 xsaves dtherm ida arat pln pts hwp hwp_notify hwp_act_window hwp_epp md_clear flush_l1d
bugs		: cpu_meltdown spectre_v1 spectre_v2 spec_store_bypass l1tf mds
bogomips	: 5808.00
clflush size	: 64
cache_alignment	: 64
address sizes	: 39 bits physical, 48 bits virtual
power management:

processor	: 5
vendor_id	: GenuineIntel
cpu family	: 6
model		: 158
model name	: Intel(R) Xeon(R) E-2186M  CPU @ 2.90GHz
stepping	: 10
microcode	: 0xb4
cpu MHz		: 4365.864
cache size	: 12288 KB
physical id	: 0
siblings	: 12
core id		: 5
cpu cores	: 6
apicid		: 10
initial apicid	: 10
fpu		: yes
fpu_exception	: yes
cpuid level	: 22
wp		: yes
flags		: fpu vme de pse tsc msr pae mce cx8 apic sep mtrr pge mca cmov pat pse36 clflush dts acpi mmx fxsr sse sse2 ss ht tm pbe syscall nx pdpe1gb rdtscp lm constant_tsc art arch_perfmon pebs bts rep_good nopl xtopology nonstop_tsc cpuid aperfmperf tsc_known_freq pni pclmulqdq dtes64 monitor ds_cpl vmx smx est tm2 ssse3 sdbg fma cx16 xtpr pdcm pcid sse4_1 sse4_2 x2apic movbe popcnt tsc_deadline_timer aes xsave avx f16c rdrand lahf_lm abm 3dnowprefetch cpuid_fault epb invpcid_single pti ssbd ibrs ibpb stibp tpr_shadow vnmi flexpriority ept vpid fsgsbase tsc_adjust bmi1 hle avx2 smep bmi2 erms invpcid rtm mpx rdseed adx smap clflushopt intel_pt xsaveopt xsavec xgetbv1 xsaves dtherm ida arat pln pts hwp hwp_notify hwp_act_window hwp_epp md_clear flush_l1d
bugs		: cpu_meltdown spectre_v1 spectre_v2 spec_store_bypass l1tf mds
bogomips	: 5808.00
clflush size	: 64
cache_alignment	: 64
address sizes	: 39 bits physical, 48 bits virtual
power management:

processor	: 6
vendor_id	: GenuineIntel
cpu family	: 6
model		: 158
model name	: Intel(R) Xeon(R) E-2186M  CPU @ 2.90GHz
stepping	: 10
microcode	: 0xb4
cpu MHz		: 4209.932
cache size	: 12288 KB
physical id	: 0
siblings	: 12
core id		: 0
cpu cores	: 6
apicid		: 1
initial apicid	: 1
fpu		: yes
fpu_exception	: yes
cpuid level	: 22
wp		: yes
flags		: fpu vme de pse tsc msr pae mce cx8 apic sep mtrr pge mca cmov pat pse36 clflush dts acpi mmx fxsr sse sse2 ss ht tm pbe syscall nx pdpe1gb rdtscp lm constant_tsc art arch_perfmon pebs bts rep_good nopl xtopology nonstop_tsc cpuid aperfmperf tsc_known_freq pni pclmulqdq dtes64 monitor ds_cpl vmx smx est tm2 ssse3 sdbg fma cx16 xtpr pdcm pcid sse4_1 sse4_2 x2apic movbe popcnt tsc_deadline_timer aes xsave avx f16c rdrand lahf_lm abm 3dnowprefetch cpuid_fault epb invpcid_single pti ssbd ibrs ibpb stibp tpr_shadow vnmi flexpriority ept vpid fsgsbase tsc_adjust bmi1 hle avx2 smep bmi2 erms invpcid rtm mpx rdseed adx smap clflushopt intel_pt xsaveopt xsavec xgetbv1 xsaves dtherm ida arat pln pts hwp hwp_notify hwp_act_window hwp_epp md_clear flush_l1d
bugs		: cpu_meltdown spectre_v1 spectre_v2 spec_store_bypass l1tf mds
bogomips	: 5808.00
clflush size	: 64
cache_alignment	: 64
address sizes	: 39 bits physical, 48 bits virtual
power management:

processor	: 7
vendor_id	: GenuineIntel
cpu family	: 6
model		: 158
model name	: Intel(R) Xeon(R) E-2186M  CPU @ 2.90GHz
stepping	: 10
microcode	: 0xb4
cpu MHz		: 4321.404
cache size	: 12288 KB
physical id	: 0
siblings	: 12
core id		: 1
cpu cores	: 6
apicid		: 3
initial apicid	: 3
fpu		: yes
fpu_exception	: yes
cpuid level	: 22
wp		: yes
flags		: fpu vme de pse tsc msr pae mce cx8 apic sep mtrr pge mca cmov pat pse36 clflush dts acpi mmx fxsr sse sse2 ss ht tm pbe syscall nx pdpe1gb rdtscp lm constant_tsc art arch_perfmon pebs bts rep_good nopl xtopology nonstop_tsc cpuid aperfmperf tsc_known_freq pni pclmulqdq dtes64 monitor ds_cpl vmx smx est tm2 ssse3 sdbg fma cx16 xtpr pdcm pcid sse4_1 sse4_2 x2apic movbe popcnt tsc_deadline_timer aes xsave avx f16c rdrand lahf_lm abm 3dnowprefetch cpuid_fault epb invpcid_single pti ssbd ibrs ibpb stibp tpr_shadow vnmi flexpriority ept vpid fsgsbase tsc_adjust bmi1 hle avx2 smep bmi2 erms invpcid rtm mpx rdseed adx smap clflushopt intel_pt xsaveopt xsavec xgetbv1 xsaves dtherm ida arat pln pts hwp hwp_notify hwp_act_window hwp_epp md_clear flush_l1d
bugs		: cpu_meltdown spectre_v1 spectre_v2 spec_store_bypass l1tf mds
bogomips	: 5808.00
clflush size	: 64
cache_alignment	: 64
address sizes	: 39 bits physical, 48 bits virtual
power management:

processor	: 8
vendor_id	: GenuineIntel
cpu family	: 6
model		: 158
model name	: Intel(R) Xeon(R) E-2186M  CPU @ 2.90GHz
stepping	: 10
microcode	: 0xb4
cpu MHz		: 4264.255
cache size	: 12288 KB
physical id	: 0
siblings	: 12
core id		: 2
cpu cores	: 6
apicid		: 5
initial apicid	: 5
fpu		: yes
fpu_exception	: yes
cpuid level	: 22
wp		: yes
flags		: fpu vme de pse tsc msr pae mce cx8 apic sep mtrr pge mca cmov pat pse36 clflush dts acpi mmx fxsr sse sse2 ss ht tm pbe syscall nx pdpe1gb rdtscp lm constant_tsc art arch_perfmon pebs bts rep_good nopl xtopology nonstop_tsc cpuid aperfmperf tsc_known_freq pni pclmulqdq dtes64 monitor ds_cpl vmx smx est tm2 ssse3 sdbg fma cx16 xtpr pdcm pcid sse4_1 sse4_2 x2apic movbe popcnt tsc_deadline_timer aes xsave avx f16c rdrand lahf_lm abm 3dnowprefetch cpuid_fault epb invpcid_single pti ssbd ibrs ibpb stibp tpr_shadow vnmi flexpriority ept vpid fsgsbase tsc_adjust bmi1 hle avx2 smep bmi2 erms invpcid rtm mpx rdseed adx smap clflushopt intel_pt xsaveopt xsavec xgetbv1 xsaves dtherm ida arat pln pts hwp hwp_notify hwp_act_window hwp_epp md_clear flush_l1d
bugs		: cpu_meltdown spectre_v1 spectre_v2 spec_store_bypass l1tf mds
bogomips	: 5808.00
clflush size	: 64
cache_alignment	: 64
address sizes	: 39 bits physical, 48 bits virtual
power management:

processor	: 9
vendor_id	: GenuineIntel
cpu family	: 6
model		: 158
model name	: Intel(R) Xeon(R) E-2186M  CPU @ 2.90GHz
stepping	: 10
microcode	: 0xb4
cpu MHz		: 4414.298
cache size	: 12288 KB
physical id	: 0
siblings	: 12
core id		: 3
cpu cores	: 6
apicid		: 7
initial apicid	: 7
fpu		: yes
fpu_exception	: yes
cpuid level	: 22
wp		: yes
flags		: fpu vme de pse tsc msr pae mce cx8 apic sep mtrr pge mca cmov pat pse36 clflush dts acpi mmx fxsr sse sse2 ss ht tm pbe syscall nx pdpe1gb rdtscp lm constant_tsc art arch_perfmon pebs bts rep_good nopl xtopology nonstop_tsc cpuid aperfmperf tsc_known_freq pni pclmulqdq dtes64 monitor ds_cpl vmx smx est tm2 ssse3 sdbg fma cx16 xtpr pdcm pcid sse4_1 sse4_2 x2apic movbe popcnt tsc_deadline_timer aes xsave avx f16c rdrand lahf_lm abm 3dnowprefetch cpuid_fault epb invpcid_single pti ssbd ibrs ibpb stibp tpr_shadow vnmi flexpriority ept vpid fsgsbase tsc_adjust bmi1 hle avx2 smep bmi2 erms invpcid rtm mpx rdseed adx smap clflushopt intel_pt xsaveopt xsavec xgetbv1 xsaves dtherm ida arat pln pts hwp hwp_notify hwp_act_window hwp_epp md_clear flush_l1d
bugs		: cpu_meltdown spectre_v1 spectre_v2 spec_store_bypass l1tf mds
bogomips	: 5808.00
clflush size	: 64
cache_alignment	: 64
address sizes	: 39 bits physical, 48 bits virtual
power management:

processor	: 10
vendor_id	: GenuineIntel
cpu family	: 6
model		: 158
model name	: Intel(R) Xeon(R) E-2186M  CPU @ 2.90GHz
stepping	: 10
microcode	: 0xb4
cpu MHz		: 4189.383
cache size	: 12288 KB
physical id	: 0
siblings	: 12
core id		: 4
cpu cores	: 6
apicid		: 9
initial apicid	: 9
fpu		: yes
fpu_exception	: yes
cpuid level	: 22
wp		: yes
flags		: fpu vme de pse tsc msr pae mce cx8 apic sep mtrr pge mca cmov pat pse36 clflush dts acpi mmx fxsr sse sse2 ss ht tm pbe syscall nx pdpe1gb rdtscp lm constant_tsc art arch_perfmon pebs bts rep_good nopl xtopology nonstop_tsc cpuid aperfmperf tsc_known_freq pni pclmulqdq dtes64 monitor ds_cpl vmx smx est tm2 ssse3 sdbg fma cx16 xtpr pdcm pcid sse4_1 sse4_2 x2apic movbe popcnt tsc_deadline_timer aes xsave avx f16c rdrand lahf_lm abm 3dnowprefetch cpuid_fault epb invpcid_single pti ssbd ibrs ibpb stibp tpr_shadow vnmi flexpriority ept vpid fsgsbase tsc_adjust bmi1 hle avx2 smep bmi2 erms invpcid rtm mpx rdseed adx smap clflushopt intel_pt xsaveopt xsavec xgetbv1 xsaves dtherm ida arat pln pts hwp hwp_notify hwp_act_window hwp_epp md_clear flush_l1d
bugs		: cpu_meltdown spectre_v1 spectre_v2 spec_store_bypass l1tf mds
bogomips	: 5808.00
clflush size	: 64
cache_alignment	: 64
address sizes	: 39 bits physical, 48 bits virtual
power management:

processor	: 11
vendor_id	: GenuineIntel
cpu family	: 6
model		: 158
model name	: Intel(R) Xeon(R) E-2186M  CPU @ 2.90GHz
stepping	: 10
microcode	: 0xb4
cpu MHz		: 3948.065
cache size	: 12288 KB
physical id	: 0
siblings	: 12
core id		: 5
cpu cores	: 6
apicid		: 11
initial apicid	: 11
fpu		: yes
fpu_exception	: yes
cpuid level	: 22
wp		: yes
flags		: fpu vme de pse tsc msr pae mce cx8 apic sep mtrr pge mca cmov pat pse36 clflush dts acpi mmx fxsr sse sse2 ss ht tm pbe syscall nx pdpe1gb rdtscp lm constant_tsc art arch_perfmon pebs bts rep_good nopl xtopology nonstop_tsc cpuid aperfmperf tsc_known_freq pni pclmulqdq dtes64 monitor ds_cpl vmx smx est tm2 ssse3 sdbg fma cx16 xtpr pdcm pcid sse4_1 sse4_2 x2apic movbe popcnt tsc_deadline_timer aes xsave avx f16c rdrand lahf_lm abm 3dnowprefetch cpuid_fault epb invpcid_single pti ssbd ibrs ibpb stibp tpr_shadow vnmi flexpriority ept vpid fsgsbase tsc_adjust bmi1 hle avx2 smep bmi2 erms invpcid rtm mpx rdseed adx smap clflushopt intel_pt xsaveopt xsavec xgetbv1 xsaves dtherm ida arat pln pts hwp hwp_notify hwp_act_window hwp_epp md_clear flush_l1d
bugs		: cpu_meltdown spectre_v1 spectre_v2 spec_store_bypass l1tf mds
bogomips	: 5808.00
clflush size	: 64
cache_alignment	: 64
address sizes	: 39 bits physical, 48 bits virtual
power management:



Memory: 4k page, physical 32693752k(5970376k free), swap 19530748k(19530748k free)

vm_info: Java HotSpot(TM) 64-Bit Server VM (25.201-b09) for linux-amd64 JRE (1.8.0_201-b09), built on Dec 15 2018 11:35:59 by "java_re" with gcc 7.3.0

time: Tue May 21 15:58:33 2019
timezone: CEST
elapsed time: 41 seconds (0d 0h 0m 41s)

