#
# A fatal error has been detected by the Java Runtime Environment:
#
#  SIGSEGV (0xb) at pc=0x00007fa4c5030b94, pid=17534, tid=0x00007fa5705c7700
#
# JRE version: Java(TM) SE Runtime Environment (8.0_201-b09) (build 1.8.0_201-b09)
# Java VM: Java HotSpot(TM) 64-Bit Server VM (25.201-b09 mixed mode linux-amd64 compressed oops)
# Problematic frame:
# C  [libSimpleITKJava.so+0xc383b94]  itk::ObjectFactoryBase::RegisterInternal()+0x64
#
# Failed to write core dump. Core dumps have been disabled. To enable core dumping, try "ulimit -c unlimited" before starting Java again
#
# If you would like to submit a bug report, please visit:
#   http://bugreport.java.com/bugreport/crash.jsp
# The crash happened outside the Java Virtual Machine in native code.
# See problematic frame for where to report the bug.
#

---------------  T H R E A D  ---------------

Current thread (0x00007fa56800b800):  JavaThread "Run$_main" [_thread_in_native, id=17537, stack(0x00007fa5704c8000,0x00007fa5705c8000)]

siginfo: si_signo: 11 (SIGSEGV), si_code: 1 (SEGV_MAPERR), si_addr: 0x0000000000000010

Registers:
RAX=0x00007fa56903c970, RBX=0x0000000000000000, RCX=0x00007fa5680008d0, RDX=0x00007fa56903c970
RSP=0x00007fa5705c2db0, RBP=0x00007fa5690309b0, RSI=0x00007fa5680008d0, RDI=0x00007fa56903c950
R8 =0x00007fa5705c2ec0, R9 =0x0000000000000000, R10=0x0000000000000000, R11=0x0000000000000202
R12=0x00007fa4c7fe9e90, R13=0x00007fa4c7fe9e80, R14=0x00007fa5705c2e30, R15=0x0000000000000009
RIP=0x00007fa4c5030b94, EFLAGS=0x0000000000010203, CSGSFS=0x002b000000000033, ERR=0x0000000000000004
  TRAPNO=0x000000000000000e

Top of Stack: (sp=0x00007fa5705c2db0)
0x00007fa5705c2db0:   00007fa4c7058510 00007fa569031af0
0x00007fa5705c2dc0:   00007fa5705c2e60 00007fa4c5242b00
0x00007fa5705c2dd0:   00007fa5705c2f80 00007fa4c50328e5
0x00007fa5705c2de0:   00007fa56902f350 00007fa4c5032907
0x00007fa5705c2df0:   00007fa569031af0 00007fa4bf425b69
0x00007fa5705c2e00:   00007fa569031af0 00007fa5705c2e60
0x00007fa5705c2e10:   00007fa5689b1b28 00007fa5705c2f80
0x00007fa5705c2e20:   00007fa5690322e0 00007fa4bf881ada
0x00007fa5705c2e30:   0000000000000000 00007fa5689b1a80
0x00007fa5705c2e40:   00007fa569031af0 00007fa569031af0
0x00007fa5705c2e50:   00007fa5689b1b28 00007fa4bf44a486
0x00007fa5705c2e60:   00007fa56902ed20 0000000000000000
0x00007fa5705c2e70:   00007fa5689b1b28 00007fa569031af0
0x00007fa5705c2e80:   00007fa5689b1af8 00007fa4c5027d7d
0x00007fa5705c2e90:   00007fa5690412d0 00007fa4c501352b
0x00007fa5705c2ea0:   00007fa5705c2f80 00007fa5689b1b28
0x00007fa5705c2eb0:   00007fa5689b1a80 00007fa4c5015e94
0x00007fa5705c2ec0:   00007fa4c7058750 00007fa4c50272be
0x00007fa5705c2ed0:   00007fa569031f60 00007fa56821c180
0x00007fa5705c2ee0:   0000000000000002 00007fa4bf3a8251
0x00007fa5705c2ef0:   00007fa569021100 0000000900000000
0x00007fa5705c2f00:   00007fa4c70c4a30 00007fa5705c2fa0
0x00007fa5705c2f10:   00007fa5705c2f88 00007fa5705c2f40
0x00007fa5705c2f20:   0000000000005dae 00007fa4c50134cd
0x00007fa5705c2f30:   00007fa5681975b8 00007fa4c5012d3c
0x00007fa5705c2f40:   00007fa4c70c4a30 0000000000000000
0x00007fa5705c2f50:   0000000000000000 0000000000000000
0x00007fa5705c2f60:   00000000000001f4 00000000000001a8
0x00007fa5705c2f70:   00000000000001f4 00007fa569041290
0x00007fa5705c2f80:   00007fa4c70c4a30 0000000000000000
0x00007fa5705c2f90:   0000000000000000 0000000000000070
0x00007fa5705c2fa0:   00000000000001f4 00000000000001a8 

Instructions: (pc=0x00007fa4c5030b94)
0x00007fa4c5030b74:   8b 18 48 39 c3 74 35 0f 1f 44 00 00 bf 18 00 00
0x00007fa4c5030b84:   00 49 8b 2c 24 e8 62 55 ad f9 48 83 f8 f0 74 08
0x00007fa4c5030b94:   48 8b 53 10 48 89 50 10 48 89 ee 48 89 c7 e8 99
0x00007fa4c5030ba4:   63 ae f9 48 8b 1b 49 3b 5d 00 75 d0 48 83 c4 08 

Register to memory mapping:

RAX=0x00007fa56903c970 is an unknown value
RBX=0x0000000000000000 is an unknown value
RCX=0x00007fa5680008d0 is an unknown value
RDX=0x00007fa56903c970 is an unknown value
RSP=0x00007fa5705c2db0 is pointing into the stack for thread: 0x00007fa56800b800
RBP=0x00007fa5690309b0 is an unknown value
RSI=0x00007fa5680008d0 is an unknown value
RDI=0x00007fa56903c950 is an unknown value
R8 =0x00007fa5705c2ec0 is pointing into the stack for thread: 0x00007fa56800b800
R9 =0x0000000000000000 is an unknown value
R10=0x0000000000000000 is an unknown value
R11=0x0000000000000202 is an unknown value
R12=0x00007fa4c7fe9e90: _ZN3itk24ObjectFactoryBasePrivate21m_RegisteredFactoriesE+0 in /home/fernandr/Programmes/Fiji.app/lib/linux64/libSimpleITKJava.so at 0x00007fa4b8cad000
R13=0x00007fa4c7fe9e80: _ZN3itk24ObjectFactoryBasePrivate19m_InternalFactoriesE+0 in /home/fernandr/Programmes/Fiji.app/lib/linux64/libSimpleITKJava.so at 0x00007fa4b8cad000
R14=0x00007fa5705c2e30 is pointing into the stack for thread: 0x00007fa56800b800
R15=0x0000000000000009 is an unknown value


Stack: [0x00007fa5704c8000,0x00007fa5705c8000],  sp=0x00007fa5705c2db0,  free space=1003k
Native frames: (J=compiled Java code, j=interpreted, Vv=VM code, C=native code)
C  [libSimpleITKJava.so+0xc383b94]  itk::ObjectFactoryBase::RegisterInternal()+0x64

Java frames: (J=compiled Java code, j=interpreted, Vv=VM code)
j  org.itk.simple.SimpleITKJNI.ImageRegistrationMethod_execute(JLorg/itk/simple/ImageRegistrationMethod;JLorg/itk/simple/Image;JLorg/itk/simple/Image;)J+0
j  org.itk.simple.ImageRegistrationMethod.execute(Lorg/itk/simple/Image;Lorg/itk/simple/Image;)Lorg/itk/simple/Transform;+19
j  com.vitimage.ItkRegistrationManager.runNextStep()V+647
j  com.vitimage.ItkRegistrationManager.register()V+59
j  com.vitimage.ItkRegistrationManager.runScenarioInterModal(Lcom/vitimage/ItkTransform;Lij/ImagePlus;Lij/ImagePlus;)Lcom/vitimage/ItkTransform;+147
j  com.vitimage.KhalifaTestSpace.runAutomaticRegistration(Lij/ImagePlus;Lij/ImagePlus;)Lij/ImagePlus;+26
j  com.vitimage.KhalifaTestSpace.main([Ljava/lang/String;)V+36
v  ~StubRoutines::call_stub

---------------  P R O C E S S  ---------------

Java Threads: ( => current thread )
  0x00007fa4f8001000 JavaThread "SIGTERM handler" daemon [_thread_blocked, id=25350, stack(0x00007fa53b24b000,0x00007fa53b34c000)]
  0x00007fa568113000 JavaThread "zSelector" [_thread_blocked, id=17705, stack(0x00007fa53a882000,0x00007fa53a983000)]
  0x00007fa568112800 JavaThread "zSelector" [_thread_blocked, id=17653, stack(0x00007fa53ab83000,0x00007fa53ac84000)]
  0x00007fa5680e2800 JavaThread "zSelector" [_thread_blocked, id=17627, stack(0x00007fa53ac84000,0x00007fa53ad85000)]
  0x00007fa5683b5000 JavaThread "zSelector" [_thread_blocked, id=17601, stack(0x00007fa53ad85000,0x00007fa53ae86000)]
  0x00007fa4d008b800 JavaThread "TimerQueue" daemon [_thread_blocked, id=17568, stack(0x00007fa53ae86000,0x00007fa53af87000)]
  0x00007fa56843f000 JavaThread "zSelector" [_thread_blocked, id=17567, stack(0x00007fa53b34c000,0x00007fa53b44d000)]
  0x00007fa56813f000 JavaThread "zSelector" [_thread_blocked, id=17566, stack(0x00007fa53ba7a000,0x00007fa53bb7b000)]
  0x00007fa5683ad800 JavaThread "AWT-EventQueue-0" [_thread_blocked, id=17564, stack(0x00007fa54c2c0000,0x00007fa54c3c1000)]
  0x00007fa5683a9000 JavaThread "AWT-Shutdown" [_thread_blocked, id=17563, stack(0x00007fa54c3c1000,0x00007fa54c4c2000)]
  0x00007fa568312800 JavaThread "AWT-XAWT" daemon [_thread_blocked, id=17562, stack(0x00007fa54c6c2000,0x00007fa54c7c3000)]
  0x00007fa5682d4000 JavaThread "Java2D Disposer" daemon [_thread_blocked, id=17561, stack(0x00007fa54cbd3000,0x00007fa54ccd4000)]
  0x00007fa5680d9000 JavaThread "Service Thread" daemon [_thread_blocked, id=17559, stack(0x00007fa54eb26000,0x00007fa54ec27000)]
  0x00007fa5680cd800 JavaThread "C1 CompilerThread3" daemon [_thread_blocked, id=17558, stack(0x00007fa54ec28000,0x00007fa54ed28000)]
  0x00007fa5680cb800 JavaThread "C2 CompilerThread2" daemon [_thread_blocked, id=17557, stack(0x00007fa54ed29000,0x00007fa54ee29000)]
  0x00007fa5680c9800 JavaThread "C2 CompilerThread1" daemon [_thread_blocked, id=17556, stack(0x00007fa54ee2a000,0x00007fa54ef2a000)]
  0x00007fa5680c7000 JavaThread "C2 CompilerThread0" daemon [_thread_blocked, id=17555, stack(0x00007fa54ef2b000,0x00007fa54f02b000)]
  0x00007fa5680c5800 JavaThread "Signal Dispatcher" daemon [_thread_blocked, id=17554, stack(0x00007fa54f02b000,0x00007fa54f12c000)]
  0x00007fa568092000 JavaThread "Finalizer" daemon [_thread_blocked, id=17553, stack(0x00007fa54fafb000,0x00007fa54fbfc000)]
  0x00007fa56808f800 JavaThread "Reference Handler" daemon [_thread_blocked, id=17552, stack(0x00007fa54fbfc000,0x00007fa54fcfd000)]
=>0x00007fa56800b800 JavaThread "Run$_main" [_thread_in_native, id=17537, stack(0x00007fa5704c8000,0x00007fa5705c8000)]

Other Threads:
  0x00007fa568086000 VMThread [stack: 0x00007fa54fcfe000,0x00007fa54fdfe000] [id=17551]

VM state:at safepoint (shutting down)

VM Mutex/Monitor currently owned by a thread:  ([mutex/lock_event])
[0x00007fa568008010] Threads_lock - owner thread: 0x00007fa568086000

heap address: 0x00000005cd200000, size: 7982 MB, Compressed Oops mode: Zero based, Oop shift amount: 3
Narrow klass base: 0x0000000000000000, Narrow klass shift: 3
Compressed class space size: 1073741824 Address: 0x00000007c0000000

Heap:
 PSYoungGen      total 1776128K, used 762684K [0x0000000719b80000, 0x00000007c0000000, 0x00000007c0000000)
  eden space 868352K, 87% used [0x0000000719b80000,0x000000074844f3f8,0x000000074eb80000)
  from space 907776K, 0% used [0x000000074eb80000,0x000000074eb80000,0x0000000786200000)
  to   space 907776K, 0% used [0x0000000788980000,0x0000000788980000,0x00000007c0000000)
 ParOldGen       total 3517952K, used 2351075K [0x00000005cd200000, 0x00000006a3d80000, 0x0000000719b80000)
  object space 3517952K, 66% used [0x00000005cd200000,0x000000065c9f8dd0,0x00000006a3d80000)
 Metaspace       used 18802K, capacity 19031K, committed 19328K, reserved 1067008K
  class space    used 1793K, capacity 1873K, committed 1920K, reserved 1048576K

Card table byte_map: [0x00007fa56c011000,0x00007fa56cfa9000] byte_map_base: 0x00007fa5691a8000

Marking Bits: (ParMarkBitMap*) 0x00007fa56f776d80
 Begin Bits: [0x00007fa514690000, 0x00007fa51c348000)
 End Bits:   [0x00007fa51c348000, 0x00007fa524000000)

Polling page: 0x00007fa5705ed000

CodeCache: size=245760Kb used=10291Kb max_used=10551Kb free=235468Kb
 bounds [0x00007fa559000000, 0x00007fa559a60000, 0x00007fa568000000]
 total_blobs=3976 nmethods=2994 adapters=890
 compilation: enabled

Compilation events (10 events):
Event: 832,314 Thread 0x00007fa5680cd800 3773   !   3       sun.awt.X11.XFramePeer::getState (19 bytes)
Event: 832,314 Thread 0x00007fa5680cd800 nmethod 3773 0x00007fa5597f2f90 code [0x00007fa5597f3100, 0x00007fa5597f3470]
Event: 832,485 Thread 0x00007fa5680cd800 3774       3       sun.awt.X11.XWindow::getModifiers (245 bytes)
Event: 832,486 Thread 0x00007fa5680cd800 nmethod 3774 0x00007fa55980a190 code [0x00007fa55980a380, 0x00007fa55980ae48]
Event: 832,597 Thread 0x00007fa5680cd800 3775       3       java.lang.Integer::numberOfLeadingZeros (76 bytes)
Event: 832,597 Thread 0x00007fa5680cd800 nmethod 3775 0x00007fa5595d95d0 code [0x00007fa5595d9740, 0x00007fa5595d99f0]
Event: 832,661 Thread 0x00007fa5680cb800 3776       4       ij.gui.ImageCanvas::setCursor (340 bytes)
Event: 832,677 Thread 0x00007fa5680c7000 3777   !   4       sun.awt.PostEventQueue::flush (168 bytes)
Event: 832,690 Thread 0x00007fa5680cb800 nmethod 3776 0x00007fa55987fe50 code [0x00007fa5598800e0, 0x00007fa559881030]
Event: 832,926 Thread 0x00007fa5680c7000 nmethod 3777 0x00007fa559957790 code [0x00007fa559957e20, 0x00007fa55995ddd8]

GC Heap History (10 events):
Event: 524,993 GC heap before
{Heap before GC invocations=28 (full 4):
 PSYoungGen      total 1635328K, used 1562039K [0x0000000719b80000, 0x00000007bb280000, 0x00000007c0000000)
  eden space 770048K, 99% used [0x0000000719b80000,0x0000000748b43848,0x0000000748b80000)
  from space 865280K, 91% used [0x0000000780200000,0x00000007b07aa590,0x00000007b4f00000)
  to   space 907776K, 0% used [0x0000000748b80000,0x0000000748b80000,0x0000000780200000)
 ParOldGen       total 2351616K, used 1891703K [0x00000005cd200000, 0x000000065ca80000, 0x0000000719b80000)
  object space 2351616K, 80% used [0x00000005cd200000,0x000000064095dc30,0x000000065ca80000)
 Metaspace       used 17998K, capacity 18169K, committed 18560K, reserved 1067008K
  class space    used 1728K, capacity 1802K, committed 1920K, reserved 1048576K
Event: 525,046 GC heap after
Heap after GC invocations=28 (full 4):
 PSYoungGen      total 1677824K, used 360790K [0x0000000719b80000, 0x00000007bee80000, 0x00000007c0000000)
  eden space 770048K, 0% used [0x0000000719b80000,0x0000000719b80000,0x0000000748b80000)
  from space 907776K, 39% used [0x0000000748b80000,0x000000075ebd5850,0x0000000780200000)
  to   space 907776K, 0% used [0x0000000787800000,0x0000000787800000,0x00000007bee80000)
 ParOldGen       total 2351616K, used 2100709K [0x00000005cd200000, 0x000000065ca80000, 0x0000000719b80000)
  object space 2351616K, 89% used [0x00000005cd200000,0x000000064d5795c0,0x000000065ca80000)
 Metaspace       used 17998K, capacity 18169K, committed 18560K, reserved 1067008K
  class space    used 1728K, capacity 1802K, committed 1920K, reserved 1048576K
}
Event: 525,046 GC heap before
{Heap before GC invocations=29 (full 5):
 PSYoungGen      total 1677824K, used 360790K [0x0000000719b80000, 0x00000007bee80000, 0x00000007c0000000)
  eden space 770048K, 0% used [0x0000000719b80000,0x0000000719b80000,0x0000000748b80000)
  from space 907776K, 39% used [0x0000000748b80000,0x000000075ebd5850,0x0000000780200000)
  to   space 907776K, 0% used [0x0000000787800000,0x0000000787800000,0x00000007bee80000)
 ParOldGen       total 2351616K, used 2100709K [0x00000005cd200000, 0x000000065ca80000, 0x0000000719b80000)
  object space 2351616K, 89% used [0x00000005cd200000,0x000000064d5795c0,0x000000065ca80000)
 Metaspace       used 17998K, capacity 18169K, committed 18560K, reserved 1067008K
  class space    used 1728K, capacity 1802K, committed 1920K, reserved 1048576K
Event: 525,195 GC heap after
Heap after GC invocations=29 (full 5):
 PSYoungGen      total 1677824K, used 0K [0x0000000719b80000, 0x00000007bee80000, 0x00000007c0000000)
  eden space 770048K, 0% used [0x0000000719b80000,0x0000000719b80000,0x0000000748b80000)
  from space 907776K, 0% used [0x0000000748b80000,0x0000000748b80000,0x0000000780200000)
  to   space 907776K, 0% used [0x0000000787800000,0x0000000787800000,0x00000007bee80000)
 ParOldGen       total 2742784K, used 1863172K [0x00000005cd200000, 0x0000000674880000, 0x0000000719b80000)
  object space 2742784K, 67% used [0x00000005cd200000,0x000000063ed81148,0x0000000674880000)
 Metaspace       used 17998K, capacity 18169K, committed 18560K, reserved 1067008K
  class space    used 1728K, capacity 1802K, committed 1920K, reserved 1048576K
}
Event: 528,042 GC heap before
{Heap before GC invocations=30 (full 5):
 PSYoungGen      total 1677824K, used 770048K [0x0000000719b80000, 0x00000007bee80000, 0x00000007c0000000)
  eden space 770048K, 100% used [0x0000000719b80000,0x0000000748b80000,0x0000000748b80000)
  from space 907776K, 0% used [0x0000000748b80000,0x0000000748b80000,0x0000000780200000)
  to   space 907776K, 0% used [0x0000000787800000,0x0000000787800000,0x00000007bee80000)
 ParOldGen       total 2742784K, used 1863172K [0x00000005cd200000, 0x0000000674880000, 0x0000000719b80000)
  object space 2742784K, 67% used [0x00000005cd200000,0x000000063ed81148,0x0000000674880000)
 Metaspace       used 18013K, capacity 18169K, committed 18560K, reserved 1067008K
  class space    used 1728K, capacity 1802K, committed 1920K, reserved 1048576K
Event: 528,116 GC heap after
Heap after GC invocations=30 (full 5):
 PSYoungGen      total 1753600K, used 751065K [0x0000000719b80000, 0x00000007bd880000, 0x00000007c0000000)
  eden space 868352K, 0% used [0x0000000719b80000,0x0000000719b80000,0x000000074eb80000)
  from space 885248K, 84% used [0x0000000787800000,0x00000007b5576440,0x00000007bd880000)
  to   space 907776K, 0% used [0x000000074eb80000,0x000000074eb80000,0x0000000786200000)
 ParOldGen       total 2742784K, used 1863172K [0x00000005cd200000, 0x0000000674880000, 0x0000000719b80000)
  object space 2742784K, 67% used [0x00000005cd200000,0x000000063ed81148,0x0000000674880000)
 Metaspace       used 18013K, capacity 18169K, committed 18560K, reserved 1067008K
  class space    used 1728K, capacity 1802K, committed 1920K, reserved 1048576K
}
Event: 564,060 GC heap before
{Heap before GC invocations=31 (full 5):
 PSYoungGen      total 1753600K, used 1619417K [0x0000000719b80000, 0x00000007bd880000, 0x00000007c0000000)
  eden space 868352K, 100% used [0x0000000719b80000,0x000000074eb80000,0x000000074eb80000)
  from space 885248K, 84% used [0x0000000787800000,0x00000007b5576440,0x00000007bd880000)
  to   space 907776K, 0% used [0x000000074eb80000,0x000000074eb80000,0x0000000786200000)
 ParOldGen       total 2742784K, used 1863172K [0x00000005cd200000, 0x0000000674880000, 0x0000000719b80000)
  object space 2742784K, 67% used [0x00000005cd200000,0x000000063ed81148,0x0000000674880000)
 Metaspace       used 18444K, capacity 18737K, committed 19072K, reserved 1067008K
  class space    used 1765K, capacity 1840K, committed 1920K, reserved 1048576K
Event: 564,149 GC heap after
Heap after GC invocations=31 (full 5):
 PSYoungGen      total 1776128K, used 434548K [0x0000000719b80000, 0x00000007c0000000, 0x00000007c0000000)
  eden space 868352K, 0% used [0x0000000719b80000,0x0000000719b80000,0x000000074eb80000)
  from space 907776K, 47% used [0x000000074eb80000,0x00000007693dd150,0x0000000786200000)
  to   space 907776K, 0% used [0x0000000788980000,0x0000000788980000,0x00000007c0000000)
 ParOldGen       total 2742784K, used 2389941K [0x00000005cd200000, 0x0000000674880000, 0x0000000719b80000)
  object space 2742784K, 87% used [0x00000005cd200000,0x000000065efed708,0x0000000674880000)
 Metaspace       used 18444K, capacity 18737K, committed 19072K, reserved 1067008K
  class space    used 1765K, capacity 1840K, committed 1920K, reserved 1048576K
}
Event: 564,149 GC heap before
{Heap before GC invocations=32 (full 6):
 PSYoungGen      total 1776128K, used 434548K [0x0000000719b80000, 0x00000007c0000000, 0x00000007c0000000)
  eden space 868352K, 0% used [0x0000000719b80000,0x0000000719b80000,0x000000074eb80000)
  from space 907776K, 47% used [0x000000074eb80000,0x00000007693dd150,0x0000000786200000)
  to   space 907776K, 0% used [0x0000000788980000,0x0000000788980000,0x00000007c0000000)
 ParOldGen       total 2742784K, used 2389941K [0x00000005cd200000, 0x0000000674880000, 0x0000000719b80000)
  object space 2742784K, 87% used [0x00000005cd200000,0x000000065efed708,0x0000000674880000)
 Metaspace       used 18444K, capacity 18737K, committed 19072K, reserved 1067008K
  class space    used 1765K, capacity 1840K, committed 1920K, reserved 1048576K
Event: 564,233 GC heap after
Heap after GC invocations=32 (full 6):
 PSYoungGen      total 1776128K, used 0K [0x0000000719b80000, 0x00000007c0000000, 0x00000007c0000000)
  eden space 868352K, 0% used [0x0000000719b80000,0x0000000719b80000,0x000000074eb80000)
  from space 907776K, 0% used [0x000000074eb80000,0x000000074eb80000,0x0000000786200000)
  to   space 907776K, 0% used [0x0000000788980000,0x0000000788980000,0x00000007c0000000)
 ParOldGen       total 3517952K, used 2351075K [0x00000005cd200000, 0x00000006a3d80000, 0x0000000719b80000)
  object space 3517952K, 66% used [0x00000005cd200000,0x000000065c9f8dd0,0x00000006a3d80000)
 Metaspace       used 18444K, capacity 18737K, committed 19072K, reserved 1067008K
  class space    used 1765K, capacity 1840K, committed 1920K, reserved 1048576K
}

Deoptimization events (10 events):
Event: 830,609 Thread 0x00007fa4d00dc800 Uncommon trap: reason=unstable_if action=reinterpret pc=0x00007fa559547d88 method=java.awt.BorderLayout.preferredLayoutSize(Ljava/awt/Container;)Ljava/awt/Dimension; @ 152
Event: 830,610 Thread 0x00007fa4d00dc800 Uncommon trap: reason=unstable_if action=reinterpret pc=0x00007fa5593b7e38 method=java.awt.BorderLayout.layoutContainer(Ljava/awt/Container;)V @ 69
Event: 831,611 Thread 0x00007fa5683ad800 Uncommon trap: reason=unloaded action=reinterpret pc=0x00007fa5598c4cdc method=sun.awt.GlobalCursorManager._updateCursor(Z)V @ 162
Event: 832,446 Thread 0x00007fa5683ad800 Uncommon trap: reason=class_check action=maybe_recompile pc=0x00007fa55973be08 method=java.awt.EventQueue.coalesceEvent(Ljava/awt/AWTEvent;I)Z @ 77
Event: 832,446 Thread 0x00007fa5683ad800 Uncommon trap: reason=unstable_if action=reinterpret pc=0x00007fa5593a0f64 method=sun.awt.X11.XComponentPeer.handleEvent(Ljava/awt/AWTEvent;)V @ 38
Event: 832,470 Thread 0x00007fa5683ad800 Uncommon trap: reason=class_check action=maybe_recompile pc=0x00007fa55973be08 method=java.awt.EventQueue.coalesceEvent(Ljava/awt/AWTEvent;I)Z @ 77
Event: 832,485 Thread 0x00007fa5683ad800 Uncommon trap: reason=class_check action=maybe_recompile pc=0x00007fa55973be08 method=java.awt.EventQueue.coalesceEvent(Ljava/awt/AWTEvent;I)Z @ 77
Event: 832,517 Thread 0x00007fa5683ad800 Uncommon trap: reason=class_check action=maybe_recompile pc=0x00007fa55973be08 method=java.awt.EventQueue.coalesceEvent(Ljava/awt/AWTEvent;I)Z @ 77
Event: 832,581 Thread 0x00007fa5683ad800 Uncommon trap: reason=class_check action=maybe_recompile pc=0x00007fa5594ed4ac method=java.awt.EventQueue.coalesceEvent(Ljava/awt/AWTEvent;I)Z @ 77
Event: 834,570 Thread 0x00007fa4f8001000 Uncommon trap: reason=unstable_if action=reinterpret pc=0x00007fa5593a4b38 method=java.util.IdentityHashMap.keySet()Ljava/util/Set; @ 6

Classes redefined (0 events):
No events

Internal exceptions (10 events):
Event: 510,199 Thread 0x00007fa5683ad800 Exception <a 'java/lang/UnsupportedOperationException': > (0x0000000728c84660) thrown at [/HUDSON/workspace/8-2-build-linux-amd64/jdk8u201/12317/hotspot/src/share/vm/prims/jni.cpp, line 735]
Event: 528,176 Thread 0x00007fa56800b800 Implicit null exception at 0x00007fa5595b2b99 to 0x00007fa5595b3165
Event: 531,357 Thread 0x00007fa5683ad800 Exception <a 'java/lang/UnsupportedOperationException': > (0x000000071ad029d0) thrown at [/HUDSON/workspace/8-2-build-linux-amd64/jdk8u201/12317/hotspot/src/share/vm/prims/jni.cpp, line 735]
Event: 695,476 Thread 0x00007fa5683ad800 Exception <a 'java/lang/UnsupportedOperationException': > (0x000000072966d170) thrown at [/HUDSON/workspace/8-2-build-linux-amd64/jdk8u201/12317/hotspot/src/share/vm/prims/jni.cpp, line 735]
Event: 825,573 Thread 0x00007fa56800b800 Exception <a 'java/lang/RuntimeException': Exception thrown in SimpleITK ResampleImageFilter_execute: /usr/src/SimpleITK-build/ITK-prefix/include/ITK-4.7/itkImportImageContainer.hxx:199:
Failed to allocate memory for image.> (0x000000072bf58338) thrown at
Event: 825,709 Thread 0x00007fa56800b800 Exception <a 'java/lang/RuntimeException': Exception thrown in SimpleITK ImageRegistrationMethod_execute: Exception thrown in SimpleITK ResampleImageFilter_execute: /usr/src/SimpleITK-build/ITK-prefix/include/ITK-4.7/itkImportImageContainer.hxx:199:
Faile
Event: 830,605 Thread 0x00007fa4d00dc800 Implicit null exception at 0x00007fa5595e2aa7 to 0x00007fa5595e3061
Event: 830,609 Thread 0x00007fa4d00dc800 Implicit null exception at 0x00007fa55954704d to 0x00007fa559547d71
Event: 830,865 Thread 0x00007fa5683ad800 Exception <a 'java/lang/UnsupportedOperationException': > (0x0000000740fd24a0) thrown at [/HUDSON/workspace/8-2-build-linux-amd64/jdk8u201/12317/hotspot/src/share/vm/prims/jni.cpp, line 735]
Event: 832,382 Thread 0x00007fa5683ad800 Exception <a 'java/lang/UnsupportedOperationException': > (0x00000007459c1518) thrown at [/HUDSON/workspace/8-2-build-linux-amd64/jdk8u201/12317/hotspot/src/share/vm/prims/jni.cpp, line 735]

Events (10 events):
Event: 834,570 Thread 0x00007fa4f8001000 Uncommon trap: trap_request=0xffffff65 fr.pc=0x00007fa5593a4b38
Event: 834,570 Thread 0x00007fa4f8001000 DEOPT PACKING pc=0x00007fa5593a4b38 sp=0x00007fa53b34a6a0
Event: 834,570 Thread 0x00007fa4f8001000 DEOPT UNPACKING pc=0x00007fa55904573a sp=0x00007fa53b34a660 mode 2
Event: 834,582 Thread 0x00007fa474002000 Thread added: 0x00007fa474002000
Event: 834,582 loading class sun/awt/X11/XSystemTrayPeer
Event: 834,584 loading class java/awt/peer/SystemTrayPeer
Event: 834,584 loading class java/awt/peer/SystemTrayPeer done
Event: 834,584 loading class sun/awt/X11/XSystemTrayPeer done
Event: 834,585 Thread 0x00007fa474002000 Thread exited: 0x00007fa474002000
Event: 834,586 Executing VM operation: Exit


Dynamic libraries:
00400000-00401000 r-xp 00000000 103:05 399591                            /usr/lib/jvm/java-8-oracle/bin/java
00600000-00601000 r--p 00000000 103:05 399591                            /usr/lib/jvm/java-8-oracle/bin/java
00601000-00602000 rw-p 00001000 103:05 399591                            /usr/lib/jvm/java-8-oracle/bin/java
0168d000-016ae000 rw-p 00000000 00:00 0                                  [heap]
5cd200000-6a3d80000 rw-p 00000000 00:00 0 
6a3d80000-719b80000 ---p 00000000 00:00 0 
719b80000-7c0000000 rw-p 00000000 00:00 0 
7c0000000-7c01e0000 rw-p 00000000 00:00 0 
7c01e0000-800000000 ---p 00000000 00:00 0 
7f9a94000000-7f9a96600000 rw-p 00000000 00:00 0 
7f9a96600000-7f9a98000000 ---p 00000000 00:00 0 
7f9a99748000-7f9acc000000 rw-p 00000000 00:00 0 
7f9acc000000-7f9acff53000 rw-p 00000000 00:00 0 
7f9acff53000-7f9ad0000000 ---p 00000000 00:00 0 
7f9ad2e90000-7f9b38000000 rw-p 00000000 00:00 0 
7f9b38000000-7f9b3bf4a000 rw-p 00000000 00:00 0 
7f9b3bf4a000-7f9b3c000000 ---p 00000000 00:00 0 
7f9b3c34e000-7f9ba14be000 rw-p 00000000 00:00 0 
7f9bd3d76000-7fa32200e000 rw-p 00000000 00:00 0 
7fa3548c4000-7fa438000000 rw-p 00000000 00:00 0 
7fa438000000-7fa43802e000 rw-p 00000000 00:00 0 
7fa43802e000-7fa43c000000 ---p 00000000 00:00 0 
7fa43c000000-7fa43ff2f000 rw-p 00000000 00:00 0 
7fa43ff2f000-7fa440000000 ---p 00000000 00:00 0 
7fa440000000-7fa443f2f000 rw-p 00000000 00:00 0 
7fa443f2f000-7fa444000000 ---p 00000000 00:00 0 
7fa444000000-7fa447a26000 rw-p 00000000 00:00 0 
7fa447a26000-7fa448000000 ---p 00000000 00:00 0 
7fa448000000-7fa44bf2f000 rw-p 00000000 00:00 0 
7fa44bf2f000-7fa44c000000 ---p 00000000 00:00 0 
7fa44c000000-7fa44c024000 rw-p 00000000 00:00 0 
7fa44c024000-7fa450000000 ---p 00000000 00:00 0 
7fa450000000-7fa450021000 rw-p 00000000 00:00 0 
7fa450021000-7fa454000000 ---p 00000000 00:00 0 
7fa454000000-7fa454024000 rw-p 00000000 00:00 0 
7fa454024000-7fa458000000 ---p 00000000 00:00 0 
7fa458000000-7fa458025000 rw-p 00000000 00:00 0 
7fa458025000-7fa45c000000 ---p 00000000 00:00 0 
7fa45c000000-7fa45c021000 rw-p 00000000 00:00 0 
7fa45c021000-7fa460000000 ---p 00000000 00:00 0 
7fa460000000-7fa460021000 rw-p 00000000 00:00 0 
7fa460021000-7fa464000000 ---p 00000000 00:00 0 
7fa464000000-7fa464024000 rw-p 00000000 00:00 0 
7fa464024000-7fa468000000 ---p 00000000 00:00 0 
7fa468000000-7fa468024000 rw-p 00000000 00:00 0 
7fa468024000-7fa46c000000 ---p 00000000 00:00 0 
7fa46c000000-7fa46c021000 rw-p 00000000 00:00 0 
7fa46c021000-7fa470000000 ---p 00000000 00:00 0 
7fa474000000-7fa474024000 rw-p 00000000 00:00 0 
7fa474024000-7fa478000000 ---p 00000000 00:00 0 
7fa47c000000-7fa47c025000 rw-p 00000000 00:00 0 
7fa47c025000-7fa480000000 ---p 00000000 00:00 0 
7fa4812b6000-7fa484000000 rw-p 00000000 00:00 0 
7fa484000000-7fa484024000 rw-p 00000000 00:00 0 
7fa484024000-7fa488000000 ---p 00000000 00:00 0 
7fa48c000000-7fa48c021000 rw-p 00000000 00:00 0 
7fa48c021000-7fa490000000 ---p 00000000 00:00 0 
7fa490000000-7fa493fcd000 rw-p 00000000 00:00 0 
7fa493fcd000-7fa494000000 ---p 00000000 00:00 0 
7fa494000000-7fa497fbd000 rw-p 00000000 00:00 0 
7fa497fbd000-7fa498000000 ---p 00000000 00:00 0 
7fa498000000-7fa498024000 rw-p 00000000 00:00 0 
7fa498024000-7fa49c000000 ---p 00000000 00:00 0 
7fa49cb07000-7fa4b8cad000 rw-p 00000000 00:00 0 
7fa4b8cad000-7fa4c6d74000 r-xp 00000000 103:05 1975135                   /home/fernandr/Programmes/Fiji.app/lib/linux64/libSimpleITKJava.so
7fa4c6d74000-7fa4c6f73000 ---p 0e0c7000 103:05 1975135                   /home/fernandr/Programmes/Fiji.app/lib/linux64/libSimpleITKJava.so
7fa4c6f73000-7fa4c7fe1000 rw-p 0e0c6000 103:05 1975135                   /home/fernandr/Programmes/Fiji.app/lib/linux64/libSimpleITKJava.so
7fa4c7fe1000-7fa4c8000000 rw-p 00000000 00:00 0 
7fa4c8000000-7fa4c8021000 rw-p 00000000 00:00 0 
7fa4c8021000-7fa4cc000000 ---p 00000000 00:00 0 
7fa4cc000000-7fa4cc021000 rw-p 00000000 00:00 0 
7fa4cc021000-7fa4d0000000 ---p 00000000 00:00 0 
7fa4d0000000-7fa4d00fb000 rw-p 00000000 00:00 0 
7fa4d00fb000-7fa4d4000000 ---p 00000000 00:00 0 
7fa4d4000000-7fa4d4021000 rw-p 00000000 00:00 0 
7fa4d4021000-7fa4d8000000 ---p 00000000 00:00 0 
7fa4d8000000-7fa4d82bc000 rw-p 00000000 00:00 0 
7fa4d82bc000-7fa4dc000000 ---p 00000000 00:00 0 
7fa4dc000000-7fa4dc021000 rw-p 00000000 00:00 0 
7fa4dc021000-7fa4e0000000 ---p 00000000 00:00 0 
7fa4e0000000-7fa4e0021000 rw-p 00000000 00:00 0 
7fa4e0021000-7fa4e4000000 ---p 00000000 00:00 0 
7fa4e4000000-7fa4e4025000 rw-p 00000000 00:00 0 
7fa4e4025000-7fa4e8000000 ---p 00000000 00:00 0 
7fa4e8000000-7fa4e8754000 rw-p 00000000 00:00 0 
7fa4e8754000-7fa4ec000000 ---p 00000000 00:00 0 
7fa4ec000000-7fa4ec021000 rw-p 00000000 00:00 0 
7fa4ec021000-7fa4f0000000 ---p 00000000 00:00 0 
7fa4f0000000-7fa4f12e8000 rw-p 00000000 00:00 0 
7fa4f12e8000-7fa4f4000000 ---p 00000000 00:00 0 
7fa4f4000000-7fa4f54a5000 rw-p 00000000 00:00 0 
7fa4f54a5000-7fa4f8000000 ---p 00000000 00:00 0 
7fa4f8000000-7fa4f8021000 rw-p 00000000 00:00 0 
7fa4f8021000-7fa4fc000000 ---p 00000000 00:00 0 
7fa4fc000000-7fa4fcac2000 rw-p 00000000 00:00 0 
7fa4fcac2000-7fa500000000 ---p 00000000 00:00 0 
7fa500000000-7fa500021000 rw-p 00000000 00:00 0 
7fa500021000-7fa504000000 ---p 00000000 00:00 0 
7fa504000000-7fa504021000 rw-p 00000000 00:00 0 
7fa504021000-7fa508000000 ---p 00000000 00:00 0 
7fa508000000-7fa508021000 rw-p 00000000 00:00 0 
7fa508021000-7fa50c000000 ---p 00000000 00:00 0 
7fa50c000000-7fa50c04b000 rw-p 00000000 00:00 0 
7fa50c04b000-7fa510000000 ---p 00000000 00:00 0 
7fa510000000-7fa510021000 rw-p 00000000 00:00 0 
7fa510021000-7fa514000000 ---p 00000000 00:00 0 
7fa514690000-7fa524000000 rw-p 00000000 00:00 0 
7fa524000000-7fa524021000 rw-p 00000000 00:00 0 
7fa524021000-7fa528000000 ---p 00000000 00:00 0 
7fa528d74000-7fa52c000000 rw-p 00000000 00:00 0 
7fa52c000000-7fa52c021000 rw-p 00000000 00:00 0 
7fa52c021000-7fa530000000 ---p 00000000 00:00 0 
7fa530ffa000-7fa530ffb000 ---p 00000000 00:00 0 
7fa530ffb000-7fa5317fb000 rw-p 00000000 00:00 0 
7fa531ffc000-7fa531ffd000 ---p 00000000 00:00 0 
7fa531ffd000-7fa5327fd000 rw-p 00000000 00:00 0 
7fa5327fd000-7fa5327fe000 ---p 00000000 00:00 0 
7fa5327fe000-7fa532ffe000 rw-p 00000000 00:00 0 
7fa532ffe000-7fa532fff000 ---p 00000000 00:00 0 
7fa532fff000-7fa5337ff000 rw-p 00000000 00:00 0 
7fa534000000-7fa534021000 rw-p 00000000 00:00 0 
7fa534021000-7fa538000000 ---p 00000000 00:00 0 
7fa5382fb000-7fa5385d1000 rw-s 00000000 00:05 12681249                   /SYSV00000000 (deleted)
7fa53a882000-7fa53a885000 ---p 00000000 00:00 0 
7fa53a885000-7fa53aa83000 rw-p 00000000 00:00 0 
7fa53aa83000-7fa53ab83000 ---p 00000000 00:00 0 
7fa53ab83000-7fa53ab86000 ---p 00000000 00:00 0 
7fa53ab86000-7fa53ac84000 rw-p 00000000 00:00 0 
7fa53ac84000-7fa53ac87000 ---p 00000000 00:00 0 
7fa53ac87000-7fa53ad85000 rw-p 00000000 00:00 0 
7fa53ad85000-7fa53ad88000 ---p 00000000 00:00 0 
7fa53ad88000-7fa53ae86000 rw-p 00000000 00:00 0 
7fa53ae86000-7fa53ae89000 ---p 00000000 00:00 0 
7fa53ae89000-7fa53b187000 rw-p 00000000 00:00 0 
7fa53b24b000-7fa53b24e000 ---p 00000000 00:00 0 
7fa53b24e000-7fa53b34c000 rw-p 00000000 00:00 0 
7fa53b34c000-7fa53b34f000 ---p 00000000 00:00 0 
7fa53b34f000-7fa53b64d000 rw-p 00000000 00:00 0 
7fa53b64d000-7fa53b677000 r-xp 00000000 103:05 1319030                   /usr/lib/jvm/java-8-oracle/jre/lib/amd64/libdcpr.so
7fa53b677000-7fa53b876000 ---p 0002a000 103:05 1319030                   /usr/lib/jvm/java-8-oracle/jre/lib/amd64/libdcpr.so
7fa53b876000-7fa53b877000 r--p 00029000 103:05 1319030                   /usr/lib/jvm/java-8-oracle/jre/lib/amd64/libdcpr.so
7fa53b877000-7fa53b87a000 rw-p 0002a000 103:05 1319030                   /usr/lib/jvm/java-8-oracle/jre/lib/amd64/libdcpr.so
7fa53b87a000-7fa53ba7a000 rw-p 00000000 00:00 0 
7fa53ba7a000-7fa53ba7d000 ---p 00000000 00:00 0 
7fa53ba7d000-7fa53bb7b000 rw-p 00000000 00:00 0 
7fa53bb7b000-7fa53bbe7000 r-xp 00000000 103:05 1319045                   /usr/lib/jvm/java-8-oracle/jre/lib/amd64/libt2k.so
7fa53bbe7000-7fa53bde7000 ---p 0006c000 103:05 1319045                   /usr/lib/jvm/java-8-oracle/jre/lib/amd64/libt2k.so
7fa53bde7000-7fa53bded000 r--p 0006c000 103:05 1319045                   /usr/lib/jvm/java-8-oracle/jre/lib/amd64/libt2k.so
7fa53bded000-7fa53bdee000 rw-p 00072000 103:05 1319045                   /usr/lib/jvm/java-8-oracle/jre/lib/amd64/libt2k.so
7fa53bdee000-7fa53bdff000 r-xp 00000000 103:05 1319086                   /usr/lib/jvm/java-8-oracle/jre/lib/amd64/libnio.so
7fa53bdff000-7fa53bffe000 ---p 00011000 103:05 1319086                   /usr/lib/jvm/java-8-oracle/jre/lib/amd64/libnio.so
7fa53bffe000-7fa53bfff000 r--p 00010000 103:05 1319086                   /usr/lib/jvm/java-8-oracle/jre/lib/amd64/libnio.so
7fa53bfff000-7fa53c000000 rw-p 00011000 103:05 1319086                   /usr/lib/jvm/java-8-oracle/jre/lib/amd64/libnio.so
7fa53c000000-7fa53c021000 rw-p 00000000 00:00 0 
7fa53c021000-7fa540000000 ---p 00000000 00:00 0 
7fa540000000-7fa540021000 rw-p 00000000 00:00 0 
7fa540021000-7fa544000000 ---p 00000000 00:00 0 
7fa544000000-7fa544021000 rw-p 00000000 00:00 0 
7fa544021000-7fa548000000 ---p 00000000 00:00 0 
7fa548000000-7fa548021000 rw-p 00000000 00:00 0 
7fa548021000-7fa54c000000 ---p 00000000 00:00 0 
7fa54c0a8000-7fa54c0be000 r-xp 00000000 103:05 1319083                   /usr/lib/jvm/java-8-oracle/jre/lib/amd64/libnet.so
7fa54c0be000-7fa54c2be000 ---p 00016000 103:05 1319083                   /usr/lib/jvm/java-8-oracle/jre/lib/amd64/libnet.so
7fa54c2be000-7fa54c2bf000 r--p 00016000 103:05 1319083                   /usr/lib/jvm/java-8-oracle/jre/lib/amd64/libnet.so
7fa54c2bf000-7fa54c2c0000 rw-p 00017000 103:05 1319083                   /usr/lib/jvm/java-8-oracle/jre/lib/amd64/libnet.so
7fa54c2c0000-7fa54c2c3000 ---p 00000000 00:00 0 
7fa54c2c3000-7fa54c3c1000 rw-p 00000000 00:00 0 
7fa54c3c1000-7fa54c3c4000 ---p 00000000 00:00 0 
7fa54c3c4000-7fa54c6c2000 rw-p 00000000 00:00 0 
7fa54c6c2000-7fa54c6c5000 ---p 00000000 00:00 0 
7fa54c6c5000-7fa54c7c3000 rw-p 00000000 00:00 0 
7fa54c7c3000-7fa54c7c8000 r-xp 00000000 103:05 401423                    /usr/lib/x86_64-linux-gnu/libXfixes.so.3.1.0
7fa54c7c8000-7fa54c9c7000 ---p 00005000 103:05 401423                    /usr/lib/x86_64-linux-gnu/libXfixes.so.3.1.0
7fa54c9c7000-7fa54c9c8000 r--p 00004000 103:05 401423                    /usr/lib/x86_64-linux-gnu/libXfixes.so.3.1.0
7fa54c9c8000-7fa54c9c9000 rw-p 00005000 103:05 401423                    /usr/lib/x86_64-linux-gnu/libXfixes.so.3.1.0
7fa54c9c9000-7fa54c9d2000 r-xp 00000000 103:05 401415                    /usr/lib/x86_64-linux-gnu/libXcursor.so.1.0.2
7fa54c9d2000-7fa54cbd1000 ---p 00009000 103:05 401415                    /usr/lib/x86_64-linux-gnu/libXcursor.so.1.0.2
7fa54cbd1000-7fa54cbd2000 r--p 00008000 103:05 401415                    /usr/lib/x86_64-linux-gnu/libXcursor.so.1.0.2
7fa54cbd2000-7fa54cbd3000 rw-p 00009000 103:05 401415                    /usr/lib/x86_64-linux-gnu/libXcursor.so.1.0.2
7fa54cbd3000-7fa54cbd6000 ---p 00000000 00:00 0 
7fa54cbd6000-7fa54ccd4000 rw-p 00000000 00:00 0 
7fa54ccd4000-7fa54cceb000 r-xp 00000000 103:05 3801177                   /lib/x86_64-linux-gnu/libgcc_s.so.1
7fa54cceb000-7fa54ceea000 ---p 00017000 103:05 3801177                   /lib/x86_64-linux-gnu/libgcc_s.so.1
7fa54ceea000-7fa54ceeb000 r--p 00016000 103:05 3801177                   /lib/x86_64-linux-gnu/libgcc_s.so.1
7fa54ceeb000-7fa54ceec000 rw-p 00017000 103:05 3801177                   /lib/x86_64-linux-gnu/libgcc_s.so.1
7fa54ceec000-7fa54cf49000 r-xp 00000000 103:05 1319057                   /usr/lib/jvm/java-8-oracle/jre/lib/amd64/libfontmanager.so
7fa54cf49000-7fa54d149000 ---p 0005d000 103:05 1319057                   /usr/lib/jvm/java-8-oracle/jre/lib/amd64/libfontmanager.so
7fa54d149000-7fa54d14c000 r--p 0005d000 103:05 1319057                   /usr/lib/jvm/java-8-oracle/jre/lib/amd64/libfontmanager.so
7fa54d14c000-7fa54d14d000 rw-p 00060000 103:05 1319057                   /usr/lib/jvm/java-8-oracle/jre/lib/amd64/libfontmanager.so
7fa54d14d000-7fa54d160000 r-xp 00000000 103:05 3806054                   /lib/x86_64-linux-gnu/libbsd.so.0.8.7
7fa54d160000-7fa54d35f000 ---p 00013000 103:05 3806054                   /lib/x86_64-linux-gnu/libbsd.so.0.8.7
7fa54d35f000-7fa54d360000 r--p 00012000 103:05 3806054                   /lib/x86_64-linux-gnu/libbsd.so.0.8.7
7fa54d360000-7fa54d361000 rw-p 00013000 103:05 3806054                   /lib/x86_64-linux-gnu/libbsd.so.0.8.7
7fa54d361000-7fa54d362000 rw-p 00000000 00:00 0 
7fa54d362000-7fa54d367000 r-xp 00000000 103:05 401419                    /usr/lib/x86_64-linux-gnu/libXdmcp.so.6.0.0
7fa54d367000-7fa54d566000 ---p 00005000 103:05 401419                    /usr/lib/x86_64-linux-gnu/libXdmcp.so.6.0.0
7fa54d566000-7fa54d567000 r--p 00004000 103:05 401419                    /usr/lib/x86_64-linux-gnu/libXdmcp.so.6.0.0
7fa54d567000-7fa54d568000 rw-p 00005000 103:05 401419                    /usr/lib/x86_64-linux-gnu/libXdmcp.so.6.0.0
7fa54d568000-7fa54d56a000 r-xp 00000000 103:05 401408                    /usr/lib/x86_64-linux-gnu/libXau.so.6.0.0
7fa54d56a000-7fa54d76a000 ---p 00002000 103:05 401408                    /usr/lib/x86_64-linux-gnu/libXau.so.6.0.0
7fa54d76a000-7fa54d76b000 r--p 00002000 103:05 401408                    /usr/lib/x86_64-linux-gnu/libXau.so.6.0.0
7fa54d76b000-7fa54d76c000 rw-p 00003000 103:05 401408                    /usr/lib/x86_64-linux-gnu/libXau.so.6.0.0
7fa54d76c000-7fa54d792000 r-xp 00000000 103:05 396084                    /usr/lib/x86_64-linux-gnu/libxcb.so.1.1.0
7fa54d792000-7fa54d992000 ---p 00026000 103:05 396084                    /usr/lib/x86_64-linux-gnu/libxcb.so.1.1.0
7fa54d992000-7fa54d993000 r--p 00026000 103:05 396084                    /usr/lib/x86_64-linux-gnu/libxcb.so.1.1.0
7fa54d993000-7fa54d994000 rw-p 00027000 103:05 396084                    /usr/lib/x86_64-linux-gnu/libxcb.so.1.1.0
7fa54d994000-7fa54d9a3000 r-xp 00000000 103:05 401429                    /usr/lib/x86_64-linux-gnu/libXi.so.6.1.0
7fa54d9a3000-7fa54dba2000 ---p 0000f000 103:05 401429                    /usr/lib/x86_64-linux-gnu/libXi.so.6.1.0
7fa54dba2000-7fa54dba3000 r--p 0000e000 103:05 401429                    /usr/lib/x86_64-linux-gnu/libXi.so.6.1.0
7fa54dba3000-7fa54dba4000 rw-p 0000f000 103:05 401429                    /usr/lib/x86_64-linux-gnu/libXi.so.6.1.0
7fa54dba4000-7fa54dba9000 r-xp 00000000 103:05 401447                    /usr/lib/x86_64-linux-gnu/libXtst.so.6.1.0
7fa54dba9000-7fa54dda8000 ---p 00005000 103:05 401447                    /usr/lib/x86_64-linux-gnu/libXtst.so.6.1.0
7fa54dda8000-7fa54dda9000 r--p 00004000 103:05 401447                    /usr/lib/x86_64-linux-gnu/libXtst.so.6.1.0
7fa54dda9000-7fa54ddaa000 rw-p 00005000 103:05 401447                    /usr/lib/x86_64-linux-gnu/libXtst.so.6.1.0
7fa54ddaa000-7fa54ddb3000 r-xp 00000000 103:05 401441                    /usr/lib/x86_64-linux-gnu/libXrender.so.1.3.0
7fa54ddb3000-7fa54dfb2000 ---p 00009000 103:05 401441                    /usr/lib/x86_64-linux-gnu/libXrender.so.1.3.0
7fa54dfb2000-7fa54dfb3000 r--p 00008000 103:05 401441                    /usr/lib/x86_64-linux-gnu/libXrender.so.1.3.0
7fa54dfb3000-7fa54dfb4000 rw-p 00009000 103:05 401441                    /usr/lib/x86_64-linux-gnu/libXrender.so.1.3.0
7fa54dfb4000-7fa54e0e7000 r-xp 00000000 103:05 400060                    /usr/lib/x86_64-linux-gnu/libX11.so.6.3.0
7fa54e0e7000-7fa54e2e7000 ---p 00133000 103:05 400060                    /usr/lib/x86_64-linux-gnu/libX11.so.6.3.0
7fa54e2e7000-7fa54e2e8000 r--p 00133000 103:05 400060                    /usr/lib/x86_64-linux-gnu/libX11.so.6.3.0
7fa54e2e8000-7fa54e2ec000 rw-p 00134000 103:05 400060                    /usr/lib/x86_64-linux-gnu/libX11.so.6.3.0
7fa54e2ec000-7fa54e2fd000 r-xp 00000000 103:05 401421                    /usr/lib/x86_64-linux-gnu/libXext.so.6.4.0
7fa54e2fd000-7fa54e4fc000 ---p 00011000 103:05 401421                    /usr/lib/x86_64-linux-gnu/libXext.so.6.4.0
7fa54e4fc000-7fa54e4fd000 r--p 00010000 103:05 401421                    /usr/lib/x86_64-linux-gnu/libXext.so.6.4.0
7fa54e4fd000-7fa54e4fe000 rw-p 00011000 103:05 401421                    /usr/lib/x86_64-linux-gnu/libXext.so.6.4.0
7fa54e4fe000-7fa54e551000 r-xp 00000000 103:05 1319090                   /usr/lib/jvm/java-8-oracle/jre/lib/amd64/libawt_xawt.so
7fa54e551000-7fa54e750000 ---p 00053000 103:05 1319090                   /usr/lib/jvm/java-8-oracle/jre/lib/amd64/libawt_xawt.so
7fa54e750000-7fa54e751000 r--p 00052000 103:05 1319090                   /usr/lib/jvm/java-8-oracle/jre/lib/amd64/libawt_xawt.so
7fa54e751000-7fa54e754000 rw-p 00053000 103:05 1319090                   /usr/lib/jvm/java-8-oracle/jre/lib/amd64/libawt_xawt.so
7fa54e754000-7fa54e755000 rw-p 00000000 00:00 0 
7fa54e755000-7fa54e7f5000 r-xp 00000000 103:05 1319075                   /usr/lib/jvm/java-8-oracle/jre/lib/amd64/libawt.so
7fa54e7f5000-7fa54e9f4000 ---p 000a0000 103:05 1319075                   /usr/lib/jvm/java-8-oracle/jre/lib/amd64/libawt.so
7fa54e9f4000-7fa54e9f5000 r--p 0009f000 103:05 1319075                   /usr/lib/jvm/java-8-oracle/jre/lib/amd64/libawt.so
7fa54e9f5000-7fa54ea00000 rw-p 000a0000 103:05 1319075                   /usr/lib/jvm/java-8-oracle/jre/lib/amd64/libawt.so
7fa54ea00000-7fa54ea25000 rw-p 00000000 00:00 0 
7fa54eb26000-7fa54eb29000 ---p 00000000 00:00 0 
7fa54eb29000-7fa54ec27000 rw-p 00000000 00:00 0 
7fa54ec27000-7fa54ec28000 ---p 00000000 00:00 0 
7fa54ec28000-7fa54ec2b000 ---p 00000000 00:00 0 
7fa54ec2b000-7fa54ed28000 rw-p 00000000 00:00 0 
7fa54ed28000-7fa54ed29000 ---p 00000000 00:00 0 
7fa54ed29000-7fa54ed2c000 ---p 00000000 00:00 0 
7fa54ed2c000-7fa54ee29000 rw-p 00000000 00:00 0 
7fa54ee29000-7fa54ee2a000 ---p 00000000 00:00 0 
7fa54ee2a000-7fa54ee2d000 ---p 00000000 00:00 0 
7fa54ee2d000-7fa54ef2a000 rw-p 00000000 00:00 0 
7fa54ef2a000-7fa54ef2b000 ---p 00000000 00:00 0 
7fa54ef2b000-7fa54ef2e000 ---p 00000000 00:00 0 
7fa54ef2e000-7fa54f02b000 rw-p 00000000 00:00 0 
7fa54f02b000-7fa54f02e000 ---p 00000000 00:00 0 
7fa54f02e000-7fa54f12c000 rw-p 00000000 00:00 0 
7fa54f12c000-7fa54fafb000 r--p 00000000 103:05 400112                    /usr/lib/locale/locale-archive
7fa54fafb000-7fa54fafe000 ---p 00000000 00:00 0 
7fa54fafe000-7fa54fbfc000 rw-p 00000000 00:00 0 
7fa54fbfc000-7fa54fbff000 ---p 00000000 00:00 0 
7fa54fbff000-7fa54fcfd000 rw-p 00000000 00:00 0 
7fa54fcfd000-7fa54fcfe000 ---p 00000000 00:00 0 
7fa54fcfe000-7fa550000000 rw-p 00000000 00:00 0 
7fa550000000-7fa550021000 rw-p 00000000 00:00 0 
7fa550021000-7fa554000000 ---p 00000000 00:00 0 
7fa554034000-7fa554050000 r--s 00393000 103:05 1448276                   /usr/lib/jvm/java-8-oracle/jre/lib/ext/cldrdata.jar
7fa554050000-7fa554076000 r--p 00000000 103:05 1182632                   /usr/share/locale-langpack/fr/LC_MESSAGES/libc.mo
7fa554076000-7fa55614f000 rw-p 00000000 00:00 0 
7fa55614f000-7fa556329000 r--s 03d6f000 103:05 1319016                   /usr/lib/jvm/java-8-oracle/jre/lib/rt.jar
7fa556329000-7fa557b91000 rw-p 00000000 00:00 0 
7fa557b91000-7fa557b92000 ---p 00000000 00:00 0 
7fa557b92000-7fa557c92000 rw-p 00000000 00:00 0 
7fa557c92000-7fa557c93000 ---p 00000000 00:00 0 
7fa557c93000-7fa557d93000 rw-p 00000000 00:00 0 
7fa557d93000-7fa557d94000 ---p 00000000 00:00 0 
7fa557d94000-7fa557e94000 rw-p 00000000 00:00 0 
7fa557e94000-7fa557e95000 ---p 00000000 00:00 0 
7fa557e95000-7fa557f95000 rw-p 00000000 00:00 0 
7fa557f95000-7fa557f96000 ---p 00000000 00:00 0 
7fa557f96000-7fa558096000 rw-p 00000000 00:00 0 
7fa558096000-7fa558097000 ---p 00000000 00:00 0 
7fa558097000-7fa558197000 rw-p 00000000 00:00 0 
7fa558197000-7fa558198000 ---p 00000000 00:00 0 
7fa558198000-7fa558298000 rw-p 00000000 00:00 0 
7fa558298000-7fa558299000 ---p 00000000 00:00 0 
7fa558299000-7fa558399000 rw-p 00000000 00:00 0 
7fa558399000-7fa55839a000 ---p 00000000 00:00 0 
7fa55839a000-7fa55849a000 rw-p 00000000 00:00 0 
7fa55849a000-7fa55849b000 ---p 00000000 00:00 0 
7fa55849b000-7fa558c51000 rw-p 00000000 00:00 0 
7fa558c51000-7fa559000000 ---p 00000000 00:00 0 
7fa559000000-7fa559a60000 rwxp 00000000 00:00 0 
7fa559a60000-7fa568000000 ---p 00000000 00:00 0 
7fa568000000-7fa56bf87000 rw-p 00000000 00:00 0 
7fa56bf87000-7fa56c000000 ---p 00000000 00:00 0 
7fa56c007000-7fa56c011000 r--s 00116000 103:05 1448283                   /usr/lib/jvm/java-8-oracle/jre/lib/ext/localedata.jar
7fa56c011000-7fa56c6c7000 rw-p 00000000 00:00 0 
7fa56c6c7000-7fa56ca75000 ---p 00000000 00:00 0 
7fa56ca75000-7fa56cfa8000 rw-p 00000000 00:00 0 
7fa56cfa8000-7fa56cfd3000 rw-p 00000000 00:00 0 
7fa56cfd3000-7fa56d369000 ---p 00000000 00:00 0 
7fa56d369000-7fa56d384000 r-xp 00000000 103:05 1319079                   /usr/lib/jvm/java-8-oracle/jre/lib/amd64/libzip.so
7fa56d384000-7fa56d583000 ---p 0001b000 103:05 1319079                   /usr/lib/jvm/java-8-oracle/jre/lib/amd64/libzip.so
7fa56d583000-7fa56d584000 r--p 0001a000 103:05 1319079                   /usr/lib/jvm/java-8-oracle/jre/lib/amd64/libzip.so
7fa56d584000-7fa56d585000 rw-p 0001b000 103:05 1319079                   /usr/lib/jvm/java-8-oracle/jre/lib/amd64/libzip.so
7fa56d585000-7fa56d590000 r-xp 00000000 103:05 3806148                   /lib/x86_64-linux-gnu/libnss_files-2.27.so
7fa56d590000-7fa56d78f000 ---p 0000b000 103:05 3806148                   /lib/x86_64-linux-gnu/libnss_files-2.27.so
7fa56d78f000-7fa56d790000 r--p 0000a000 103:05 3806148                   /lib/x86_64-linux-gnu/libnss_files-2.27.so
7fa56d790000-7fa56d791000 rw-p 0000b000 103:05 3806148                   /lib/x86_64-linux-gnu/libnss_files-2.27.so
7fa56d791000-7fa56d797000 rw-p 00000000 00:00 0 
7fa56d797000-7fa56d7ae000 r-xp 00000000 103:05 3806142                   /lib/x86_64-linux-gnu/libnsl-2.27.so
7fa56d7ae000-7fa56d9ad000 ---p 00017000 103:05 3806142                   /lib/x86_64-linux-gnu/libnsl-2.27.so
7fa56d9ad000-7fa56d9ae000 r--p 00016000 103:05 3806142                   /lib/x86_64-linux-gnu/libnsl-2.27.so
7fa56d9ae000-7fa56d9af000 rw-p 00017000 103:05 3806142                   /lib/x86_64-linux-gnu/libnsl-2.27.so
7fa56d9af000-7fa56d9b1000 rw-p 00000000 00:00 0 
7fa56d9b1000-7fa56d9bc000 r-xp 00000000 103:05 3806159                   /lib/x86_64-linux-gnu/libnss_nis-2.27.so
7fa56d9bc000-7fa56dbbb000 ---p 0000b000 103:05 3806159                   /lib/x86_64-linux-gnu/libnss_nis-2.27.so
7fa56dbbb000-7fa56dbbc000 r--p 0000a000 103:05 3806159                   /lib/x86_64-linux-gnu/libnss_nis-2.27.so
7fa56dbbc000-7fa56dbbd000 rw-p 0000b000 103:05 3806159                   /lib/x86_64-linux-gnu/libnss_nis-2.27.so
7fa56dbbd000-7fa56dbc5000 r-xp 00000000 103:05 3806144                   /lib/x86_64-linux-gnu/libnss_compat-2.27.so
7fa56dbc5000-7fa56ddc5000 ---p 00008000 103:05 3806144                   /lib/x86_64-linux-gnu/libnss_compat-2.27.so
7fa56ddc5000-7fa56ddc6000 r--p 00008000 103:05 3806144                   /lib/x86_64-linux-gnu/libnss_compat-2.27.so
7fa56ddc6000-7fa56ddc7000 rw-p 00009000 103:05 3806144                   /lib/x86_64-linux-gnu/libnss_compat-2.27.so
7fa56ddc7000-7fa56ddf3000 r-xp 00000000 103:05 1319071                   /usr/lib/jvm/java-8-oracle/jre/lib/amd64/libjava.so
7fa56ddf3000-7fa56dff3000 ---p 0002c000 103:05 1319071                   /usr/lib/jvm/java-8-oracle/jre/lib/amd64/libjava.so
7fa56dff3000-7fa56dff4000 r--p 0002c000 103:05 1319071                   /usr/lib/jvm/java-8-oracle/jre/lib/amd64/libjava.so
7fa56dff4000-7fa56dff6000 rw-p 0002d000 103:05 1319071                   /usr/lib/jvm/java-8-oracle/jre/lib/amd64/libjava.so
7fa56dff6000-7fa56e003000 r-xp 00000000 103:05 1319077                   /usr/lib/jvm/java-8-oracle/jre/lib/amd64/libverify.so
7fa56e003000-7fa56e202000 ---p 0000d000 103:05 1319077                   /usr/lib/jvm/java-8-oracle/jre/lib/amd64/libverify.so
7fa56e202000-7fa56e204000 r--p 0000c000 103:05 1319077                   /usr/lib/jvm/java-8-oracle/jre/lib/amd64/libverify.so
7fa56e204000-7fa56e205000 rw-p 0000e000 103:05 1319077                   /usr/lib/jvm/java-8-oracle/jre/lib/amd64/libverify.so
7fa56e205000-7fa56e20c000 r-xp 00000000 103:05 3806199                   /lib/x86_64-linux-gnu/librt-2.27.so
7fa56e20c000-7fa56e40b000 ---p 00007000 103:05 3806199                   /lib/x86_64-linux-gnu/librt-2.27.so
7fa56e40b000-7fa56e40c000 r--p 00006000 103:05 3806199                   /lib/x86_64-linux-gnu/librt-2.27.so
7fa56e40c000-7fa56e40d000 rw-p 00007000 103:05 3806199                   /lib/x86_64-linux-gnu/librt-2.27.so
7fa56e40d000-7fa56e5aa000 r-xp 00000000 103:05 3806121                   /lib/x86_64-linux-gnu/libm-2.27.so
7fa56e5aa000-7fa56e7a9000 ---p 0019d000 103:05 3806121                   /lib/x86_64-linux-gnu/libm-2.27.so
7fa56e7a9000-7fa56e7aa000 r--p 0019c000 103:05 3806121                   /lib/x86_64-linux-gnu/libm-2.27.so
7fa56e7aa000-7fa56e7ab000 rw-p 0019d000 103:05 3806121                   /lib/x86_64-linux-gnu/libm-2.27.so
7fa56e7ab000-7fa56f493000 r-xp 00000000 103:05 1581920                   /usr/lib/jvm/java-8-oracle/jre/lib/amd64/server/libjvm.so
7fa56f493000-7fa56f692000 ---p 00ce8000 103:05 1581920                   /usr/lib/jvm/java-8-oracle/jre/lib/amd64/server/libjvm.so
7fa56f692000-7fa56f728000 r--p 00ce7000 103:05 1581920                   /usr/lib/jvm/java-8-oracle/jre/lib/amd64/server/libjvm.so
7fa56f728000-7fa56f759000 rw-p 00d7d000 103:05 1581920                   /usr/lib/jvm/java-8-oracle/jre/lib/amd64/server/libjvm.so
7fa56f759000-7fa56f794000 rw-p 00000000 00:00 0 
7fa56f794000-7fa56f97b000 r-xp 00000000 103:05 3806058                   /lib/x86_64-linux-gnu/libc-2.27.so
7fa56f97b000-7fa56fb7b000 ---p 001e7000 103:05 3806058                   /lib/x86_64-linux-gnu/libc-2.27.so
7fa56fb7b000-7fa56fb7f000 r--p 001e7000 103:05 3806058                   /lib/x86_64-linux-gnu/libc-2.27.so
7fa56fb7f000-7fa56fb81000 rw-p 001eb000 103:05 3806058                   /lib/x86_64-linux-gnu/libc-2.27.so
7fa56fb81000-7fa56fb85000 rw-p 00000000 00:00 0 
7fa56fb85000-7fa56fb88000 r-xp 00000000 103:05 3806081                   /lib/x86_64-linux-gnu/libdl-2.27.so
7fa56fb88000-7fa56fd87000 ---p 00003000 103:05 3806081                   /lib/x86_64-linux-gnu/libdl-2.27.so
7fa56fd87000-7fa56fd88000 r--p 00002000 103:05 3806081                   /lib/x86_64-linux-gnu/libdl-2.27.so
7fa56fd88000-7fa56fd89000 rw-p 00003000 103:05 3806081                   /lib/x86_64-linux-gnu/libdl-2.27.so
7fa56fd89000-7fa56fda0000 r-xp 00000000 103:05 409197                    /usr/lib/jvm/java-8-oracle/lib/amd64/jli/libjli.so
7fa56fda0000-7fa56ff9f000 ---p 00017000 103:05 409197                    /usr/lib/jvm/java-8-oracle/lib/amd64/jli/libjli.so
7fa56ff9f000-7fa56ffa0000 r--p 00016000 103:05 409197                    /usr/lib/jvm/java-8-oracle/lib/amd64/jli/libjli.so
7fa56ffa0000-7fa56ffa1000 rw-p 00017000 103:05 409197                    /usr/lib/jvm/java-8-oracle/lib/amd64/jli/libjli.so
7fa56ffa1000-7fa56ffbb000 r-xp 00000000 103:05 3806191                   /lib/x86_64-linux-gnu/libpthread-2.27.so
7fa56ffbb000-7fa5701ba000 ---p 0001a000 103:05 3806191                   /lib/x86_64-linux-gnu/libpthread-2.27.so
7fa5701ba000-7fa5701bb000 r--p 00019000 103:05 3806191                   /lib/x86_64-linux-gnu/libpthread-2.27.so
7fa5701bb000-7fa5701bc000 rw-p 0001a000 103:05 3806191                   /lib/x86_64-linux-gnu/libpthread-2.27.so
7fa5701bc000-7fa5701c0000 rw-p 00000000 00:00 0 
7fa5701c0000-7fa5701c6000 r-xp 00000000 103:05 413404                    /usr/lib/x86_64-linux-gnu/libgtk3-nocsd.so.0
7fa5701c6000-7fa5703c5000 ---p 00006000 103:05 413404                    /usr/lib/x86_64-linux-gnu/libgtk3-nocsd.so.0
7fa5703c5000-7fa5703c6000 r--p 00005000 103:05 413404                    /usr/lib/x86_64-linux-gnu/libgtk3-nocsd.so.0
7fa5703c6000-7fa5703c7000 rw-p 00006000 103:05 413404                    /usr/lib/x86_64-linux-gnu/libgtk3-nocsd.so.0
7fa5703c7000-7fa5703ee000 r-xp 00000000 103:05 3806030                   /lib/x86_64-linux-gnu/ld-2.27.so
7fa5703f2000-7fa5703f9000 r--s 00000000 103:05 657616                    /usr/lib/x86_64-linux-gnu/gconv/gconv-modules.cache
7fa5703f9000-7fa570403000 r--s 00226000 103:05 1984601                   /home/fernandr/.m2/repository/net/imagej/ij/1.52k/ij-1.52k.jar
7fa570403000-7fa5704c7000 rw-p 00000000 00:00 0 
7fa5704c7000-7fa5704c8000 ---p 00000000 00:00 0 
7fa5704c8000-7fa5704cb000 ---p 00000000 00:00 0 
7fa5704cb000-7fa5705cc000 rw-p 00000000 00:00 0 
7fa5705d1000-7fa5705d8000 r--s 00095000 103:05 2028044                   /home/fernandr/Programmes/LIB_EXT/JAR/VIB-lib-2.1.2.jar
7fa5705d8000-7fa5705e3000 r--s 00093000 103:05 1983880                   /home/fernandr/Programmes/LIB_EXT/JAR/simpleitk-1.2.0.jar
7fa5705e3000-7fa5705e4000 r--s 00005000 103:05 3411772                   /home/fernandr/eclipse-workspace/MyIJPlugs/vitimage/target/lib/ext/lma.jar
7fa5705e4000-7fa5705ec000 rw-s 00000000 103:05 2883962                   /tmp/hsperfdata_fernandr/17534 (deleted)
7fa5705ec000-7fa5705ed000 rw-p 00000000 00:00 0 
7fa5705ed000-7fa5705ee000 ---p 00000000 00:00 0 
7fa5705ee000-7fa5705ef000 r--p 00027000 103:05 3806030                   /lib/x86_64-linux-gnu/ld-2.27.so
7fa5705ef000-7fa5705f0000 rw-p 00028000 103:05 3806030                   /lib/x86_64-linux-gnu/ld-2.27.so
7fa5705f0000-7fa5705f1000 rw-p 00000000 00:00 0 
7ffc2d979000-7ffc2d99a000 rw-p 00000000 00:00 0                          [stack]
7ffc2d9b8000-7ffc2d9bb000 r--p 00000000 00:00 0                          [vvar]
7ffc2d9bb000-7ffc2d9bd000 r-xp 00000000 00:00 0                          [vdso]
ffffffffff600000-ffffffffff601000 r-xp 00000000 00:00 0                  [vsyscall]

VM Arguments:
jvm_args: -Djava.library.path=/home/fernandr/Programmes/Fiji.app/lib/linux64 -Dfile.encoding=UTF-8 
java_command: com.vitimage.KhalifaTestSpace
java_class_path (initial): /home/fernandr/eclipse-workspace/MyIJPlugs/vitimage/target/lib/ext/lma.jar:/home/fernandr/eclipse-workspace/MyIJPlugs/vitimage/target/classes:/home/fernandr/Programmes/LIB_EXT/JAR/simpleitk-1.2.0.jar:/home/fernandr/Programmes/LIB_EXT/JAR/VIB-lib-2.1.2.jar:/home/fernandr/.m2/repository/net/imagej/ij/1.52k/ij-1.52k.jar:/usr/lib/jvm/java-8-oracle/lib/tools.jar:/home/fernandr/.m2/repository/sc/fiji/imagescience/3.0.0/imagescience-3.0.0.jar:/home/fernandr/.m2/repository/sc/fiji/Image_5D/1.2.6/Image_5D-1.2.6.jar:/home/fernandr/.m2/repository/sc/fiji/VIB-lib/2.1.2/VIB-lib-2.1.2.jar:/home/fernandr/.m2/repository/sc/fiji/pal-optimization/2.0.0/pal-optimization-2.0.0.jar:/home/fernandr/.m2/repository/gov/nist/math/jama/1.0.3/jama-1.0.3.jar
Launcher Type: SUN_STANDARD

Environment Variables:
JAVA_HOME=/usr/lib/jvm/java-8-oracle
PATH=/usr/local/sbin:/usr/local/bin:/usr/sbin:/usr/bin:/sbin:/bin:/usr/games:/usr/local/games:/home/fernandr/Programmes/ImageJ:/home/fernandr/Programmes/Fiji.app:/snap/bin:/usr/lib/jvm/java-8-oracle/bin:/usr/lib/jvm/java-8-oracle/db/bin:/usr/lib/jvm/java-8-oracle/jre/bin
USERNAME=fernandr
LD_PRELOAD=libgtk3-nocsd.so.0
SHELL=/bin/bash
DISPLAY=:1

Signal Handlers:
SIGSEGV: [libjvm.so+0xad3e60], sa_mask[0]=11111111011111111101111111111110, sa_flags=SA_RESTART|SA_SIGINFO
SIGBUS: [libjvm.so+0xad3e60], sa_mask[0]=11111111011111111101111111111110, sa_flags=SA_RESTART|SA_SIGINFO
SIGFPE: [libjvm.so+0x90b880], sa_mask[0]=11111111011111111101111111111110, sa_flags=SA_RESTART|SA_SIGINFO
SIGPIPE: [libjvm.so+0x90b880], sa_mask[0]=11111111011111111101111111111110, sa_flags=SA_RESTART|SA_SIGINFO
SIGXFSZ: [libjvm.so+0x90b880], sa_mask[0]=11111111011111111101111111111110, sa_flags=SA_RESTART|SA_SIGINFO
SIGILL: [libjvm.so+0x90b880], sa_mask[0]=11111111011111111101111111111110, sa_flags=SA_RESTART|SA_SIGINFO
SIGUSR1: SIG_DFL, sa_mask[0]=00000000000000000000000000000000, sa_flags=none
SIGUSR2: [libjvm.so+0x90b750], sa_mask[0]=00100000000000000000000000000000, sa_flags=SA_RESTART|SA_SIGINFO
SIGHUP: [libjvm.so+0x90bd70], sa_mask[0]=11111111011111111101111111111110, sa_flags=SA_RESTART|SA_SIGINFO
SIGINT: [libjvm.so+0x90bd70], sa_mask[0]=11111111011111111101111111111110, sa_flags=SA_RESTART|SA_SIGINFO
SIGTERM: [libjvm.so+0x90bd70], sa_mask[0]=11111111011111111101111111111110, sa_flags=SA_RESTART|SA_SIGINFO
SIGQUIT: [libjvm.so+0x90bd70], sa_mask[0]=11111111011111111101111111111110, sa_flags=SA_RESTART|SA_SIGINFO


---------------  S Y S T E M  ---------------

OS:DISTRIB_ID=Ubuntu
DISTRIB_RELEASE=18.04
DISTRIB_CODENAME=bionic
DISTRIB_DESCRIPTION="Ubuntu 18.04.2 LTS"

uname:Linux 4.15.0-46-generic #49-Ubuntu SMP Wed Feb 6 09:33:07 UTC 2019 x86_64
libc:glibc 2.27 NPTL 2.27 
rlimit: STACK 8192k, CORE 0k, NPROC 127341, NOFILE 4096, AS infinity
load average:46,26 22,54 9,48

/proc/meminfo:
MemTotal:       32693780 kB
MemFree:         1330576 kB
MemAvailable:    1230260 kB
Buffers:           10080 kB
Cached:           358120 kB
SwapCached:       184188 kB
Active:         28737056 kB
Inactive:        2001780 kB
Active(anon):   28658692 kB
Inactive(anon):  1834968 kB
Active(file):      78364 kB
Inactive(file):   166812 kB
Unevictable:       14184 kB
Mlocked:           14184 kB
SwapTotal:      19530748 kB
SwapFree:         572424 kB
Dirty:              7652 kB
Writeback:             0 kB
AnonPages:      30202144 kB
Mapped:           411164 kB
Shmem:            117748 kB
Slab:             157336 kB
SReclaimable:      51944 kB
SUnreclaim:       105392 kB
KernelStack:       23072 kB
PageTables:       163524 kB
NFS_Unstable:          0 kB
Bounce:                0 kB
WritebackTmp:          0 kB
CommitLimit:    35877636 kB
Committed_AS:   58358400 kB
VmallocTotal:   34359738367 kB
VmallocUsed:           0 kB
VmallocChunk:          0 kB
HardwareCorrupted:     0 kB
AnonHugePages:         0 kB
ShmemHugePages:        0 kB
ShmemPmdMapped:        0 kB
CmaTotal:              0 kB
CmaFree:               0 kB
HugePages_Total:       0
HugePages_Free:        0
HugePages_Rsvd:        0
HugePages_Surp:        0
Hugepagesize:       2048 kB
DirectMap4k:      502268 kB
DirectMap2M:    22321152 kB
DirectMap1G:    11534336 kB

container (cgroup) information:
container_type: cgroupv1
cpu_cpuset_cpus: 0-11
cpu_memory_nodes: 0
active_processor_count: 12
cpu_quota: -1
cpu_period: 100000
cpu_shares: -1
memory_limit_in_bytes: -1
memory_and_swap_limit_in_bytes: -2
memory_soft_limit_in_bytes: -1
memory_usage_in_bytes: 31444041728
memory_max_usage_in_bytes: 0


CPU:total 12 (initial active 12) (6 cores per cpu, 2 threads per core) family 6 model 158 stepping 10, cmov, cx8, fxsr, mmx, sse, sse2, sse3, ssse3, sse4.1, sse4.2, popcnt, avx, avx2, aes, clmul, erms, rtm, 3dnowpref, lzcnt, ht, tsc, tscinvbit, bmi1, bmi2, adx

/proc/cpuinfo:
processor	: 0
vendor_id	: GenuineIntel
cpu family	: 6
model		: 158
model name	: Intel(R) Xeon(R) E-2186M  CPU @ 2.90GHz
stepping	: 10
microcode	: 0x96
cpu MHz		: 4000.100
cache size	: 12288 KB
physical id	: 0
siblings	: 12
core id		: 0
cpu cores	: 6
apicid		: 0
initial apicid	: 0
fpu		: yes
fpu_exception	: yes
cpuid level	: 22
wp		: yes
flags		: fpu vme de pse tsc msr pae mce cx8 apic sep mtrr pge mca cmov pat pse36 clflush dts acpi mmx fxsr sse sse2 ss ht tm pbe syscall nx pdpe1gb rdtscp lm constant_tsc art arch_perfmon pebs bts rep_good nopl xtopology nonstop_tsc cpuid aperfmperf tsc_known_freq pni pclmulqdq dtes64 monitor ds_cpl vmx smx est tm2 ssse3 sdbg fma cx16 xtpr pdcm pcid sse4_1 sse4_2 x2apic movbe popcnt tsc_deadline_timer aes xsave avx f16c rdrand lahf_lm abm 3dnowprefetch cpuid_fault epb invpcid_single pti ssbd ibrs ibpb stibp tpr_shadow vnmi flexpriority ept vpid fsgsbase tsc_adjust bmi1 hle avx2 smep bmi2 erms invpcid rtm mpx rdseed adx smap clflushopt intel_pt xsaveopt xsavec xgetbv1 xsaves dtherm ida arat pln pts hwp hwp_notify hwp_act_window hwp_epp flush_l1d
bugs		: cpu_meltdown spectre_v1 spectre_v2 spec_store_bypass l1tf
bogomips	: 5808.00
clflush size	: 64
cache_alignment	: 64
address sizes	: 39 bits physical, 48 bits virtual
power management:

processor	: 1
vendor_id	: GenuineIntel
cpu family	: 6
model		: 158
model name	: Intel(R) Xeon(R) E-2186M  CPU @ 2.90GHz
stepping	: 10
microcode	: 0x96
cpu MHz		: 3999.827
cache size	: 12288 KB
physical id	: 0
siblings	: 12
core id		: 1
cpu cores	: 6
apicid		: 2
initial apicid	: 2
fpu		: yes
fpu_exception	: yes
cpuid level	: 22
wp		: yes
flags		: fpu vme de pse tsc msr pae mce cx8 apic sep mtrr pge mca cmov pat pse36 clflush dts acpi mmx fxsr sse sse2 ss ht tm pbe syscall nx pdpe1gb rdtscp lm constant_tsc art arch_perfmon pebs bts rep_good nopl xtopology nonstop_tsc cpuid aperfmperf tsc_known_freq pni pclmulqdq dtes64 monitor ds_cpl vmx smx est tm2 ssse3 sdbg fma cx16 xtpr pdcm pcid sse4_1 sse4_2 x2apic movbe popcnt tsc_deadline_timer aes xsave avx f16c rdrand lahf_lm abm 3dnowprefetch cpuid_fault epb invpcid_single pti ssbd ibrs ibpb stibp tpr_shadow vnmi flexpriority ept vpid fsgsbase tsc_adjust bmi1 hle avx2 smep bmi2 erms invpcid rtm mpx rdseed adx smap clflushopt intel_pt xsaveopt xsavec xgetbv1 xsaves dtherm ida arat pln pts hwp hwp_notify hwp_act_window hwp_epp flush_l1d
bugs		: cpu_meltdown spectre_v1 spectre_v2 spec_store_bypass l1tf
bogomips	: 5808.00
clflush size	: 64
cache_alignment	: 64
address sizes	: 39 bits physical, 48 bits virtual
power management:

processor	: 2
vendor_id	: GenuineIntel
cpu family	: 6
model		: 158
model name	: Intel(R) Xeon(R) E-2186M  CPU @ 2.90GHz
stepping	: 10
microcode	: 0x96
cpu MHz		: 4000.001
cache size	: 12288 KB
physical id	: 0
siblings	: 12
core id		: 2
cpu cores	: 6
apicid		: 4
initial apicid	: 4
fpu		: yes
fpu_exception	: yes
cpuid level	: 22
wp		: yes
flags		: fpu vme de pse tsc msr pae mce cx8 apic sep mtrr pge mca cmov pat pse36 clflush dts acpi mmx fxsr sse sse2 ss ht tm pbe syscall nx pdpe1gb rdtscp lm constant_tsc art arch_perfmon pebs bts rep_good nopl xtopology nonstop_tsc cpuid aperfmperf tsc_known_freq pni pclmulqdq dtes64 monitor ds_cpl vmx smx est tm2 ssse3 sdbg fma cx16 xtpr pdcm pcid sse4_1 sse4_2 x2apic movbe popcnt tsc_deadline_timer aes xsave avx f16c rdrand lahf_lm abm 3dnowprefetch cpuid_fault epb invpcid_single pti ssbd ibrs ibpb stibp tpr_shadow vnmi flexpriority ept vpid fsgsbase tsc_adjust bmi1 hle avx2 smep bmi2 erms invpcid rtm mpx rdseed adx smap clflushopt intel_pt xsaveopt xsavec xgetbv1 xsaves dtherm ida arat pln pts hwp hwp_notify hwp_act_window hwp_epp flush_l1d
bugs		: cpu_meltdown spectre_v1 spectre_v2 spec_store_bypass l1tf
bogomips	: 5808.00
clflush size	: 64
cache_alignment	: 64
address sizes	: 39 bits physical, 48 bits virtual
power management:

processor	: 3
vendor_id	: GenuineIntel
cpu family	: 6
model		: 158
model name	: Intel(R) Xeon(R) E-2186M  CPU @ 2.90GHz
stepping	: 10
microcode	: 0x96
cpu MHz		: 3999.949
cache size	: 12288 KB
physical id	: 0
siblings	: 12
core id		: 3
cpu cores	: 6
apicid		: 6
initial apicid	: 6
fpu		: yes
fpu_exception	: yes
cpuid level	: 22
wp		: yes
flags		: fpu vme de pse tsc msr pae mce cx8 apic sep mtrr pge mca cmov pat pse36 clflush dts acpi mmx fxsr sse sse2 ss ht tm pbe syscall nx pdpe1gb rdtscp lm constant_tsc art arch_perfmon pebs bts rep_good nopl xtopology nonstop_tsc cpuid aperfmperf tsc_known_freq pni pclmulqdq dtes64 monitor ds_cpl vmx smx est tm2 ssse3 sdbg fma cx16 xtpr pdcm pcid sse4_1 sse4_2 x2apic movbe popcnt tsc_deadline_timer aes xsave avx f16c rdrand lahf_lm abm 3dnowprefetch cpuid_fault epb invpcid_single pti ssbd ibrs ibpb stibp tpr_shadow vnmi flexpriority ept vpid fsgsbase tsc_adjust bmi1 hle avx2 smep bmi2 erms invpcid rtm mpx rdseed adx smap clflushopt intel_pt xsaveopt xsavec xgetbv1 xsaves dtherm ida arat pln pts hwp hwp_notify hwp_act_window hwp_epp flush_l1d
bugs		: cpu_meltdown spectre_v1 spectre_v2 spec_store_bypass l1tf
bogomips	: 5808.00
clflush size	: 64
cache_alignment	: 64
address sizes	: 39 bits physical, 48 bits virtual
power management:

processor	: 4
vendor_id	: GenuineIntel
cpu family	: 6
model		: 158
model name	: Intel(R) Xeon(R) E-2186M  CPU @ 2.90GHz
stepping	: 10
microcode	: 0x96
cpu MHz		: 4000.375
cache size	: 12288 KB
physical id	: 0
siblings	: 12
core id		: 4
cpu cores	: 6
apicid		: 8
initial apicid	: 8
fpu		: yes
fpu_exception	: yes
cpuid level	: 22
wp		: yes
flags		: fpu vme de pse tsc msr pae mce cx8 apic sep mtrr pge mca cmov pat pse36 clflush dts acpi mmx fxsr sse sse2 ss ht tm pbe syscall nx pdpe1gb rdtscp lm constant_tsc art arch_perfmon pebs bts rep_good nopl xtopology nonstop_tsc cpuid aperfmperf tsc_known_freq pni pclmulqdq dtes64 monitor ds_cpl vmx smx est tm2 ssse3 sdbg fma cx16 xtpr pdcm pcid sse4_1 sse4_2 x2apic movbe popcnt tsc_deadline_timer aes xsave avx f16c rdrand lahf_lm abm 3dnowprefetch cpuid_fault epb invpcid_single pti ssbd ibrs ibpb stibp tpr_shadow vnmi flexpriority ept vpid fsgsbase tsc_adjust bmi1 hle avx2 smep bmi2 erms invpcid rtm mpx rdseed adx smap clflushopt intel_pt xsaveopt xsavec xgetbv1 xsaves dtherm ida arat pln pts hwp hwp_notify hwp_act_window hwp_epp flush_l1d
bugs		: cpu_meltdown spectre_v1 spectre_v2 spec_store_bypass l1tf
bogomips	: 5808.00
clflush size	: 64
cache_alignment	: 64
address sizes	: 39 bits physical, 48 bits virtual
power management:

processor	: 5
vendor_id	: GenuineIntel
cpu family	: 6
model		: 158
model name	: Intel(R) Xeon(R) E-2186M  CPU @ 2.90GHz
stepping	: 10
microcode	: 0x96
cpu MHz		: 4000.134
cache size	: 12288 KB
physical id	: 0
siblings	: 12
core id		: 5
cpu cores	: 6
apicid		: 10
initial apicid	: 10
fpu		: yes
fpu_exception	: yes
cpuid level	: 22
wp		: yes
flags		: fpu vme de pse tsc msr pae mce cx8 apic sep mtrr pge mca cmov pat pse36 clflush dts acpi mmx fxsr sse sse2 ss ht tm pbe syscall nx pdpe1gb rdtscp lm constant_tsc art arch_perfmon pebs bts rep_good nopl xtopology nonstop_tsc cpuid aperfmperf tsc_known_freq pni pclmulqdq dtes64 monitor ds_cpl vmx smx est tm2 ssse3 sdbg fma cx16 xtpr pdcm pcid sse4_1 sse4_2 x2apic movbe popcnt tsc_deadline_timer aes xsave avx f16c rdrand lahf_lm abm 3dnowprefetch cpuid_fault epb invpcid_single pti ssbd ibrs ibpb stibp tpr_shadow vnmi flexpriority ept vpid fsgsbase tsc_adjust bmi1 hle avx2 smep bmi2 erms invpcid rtm mpx rdseed adx smap clflushopt intel_pt xsaveopt xsavec xgetbv1 xsaves dtherm ida arat pln pts hwp hwp_notify hwp_act_window hwp_epp flush_l1d
bugs		: cpu_meltdown spectre_v1 spectre_v2 spec_store_bypass l1tf
bogomips	: 5808.00
clflush size	: 64
cache_alignment	: 64
address sizes	: 39 bits physical, 48 bits virtual
power management:

processor	: 6
vendor_id	: GenuineIntel
cpu family	: 6
model		: 158
model name	: Intel(R) Xeon(R) E-2186M  CPU @ 2.90GHz
stepping	: 10
microcode	: 0x96
cpu MHz		: 3999.858
cache size	: 12288 KB
physical id	: 0
siblings	: 12
core id		: 0
cpu cores	: 6
apicid		: 1
initial apicid	: 1
fpu		: yes
fpu_exception	: yes
cpuid level	: 22
wp		: yes
flags		: fpu vme de pse tsc msr pae mce cx8 apic sep mtrr pge mca cmov pat pse36 clflush dts acpi mmx fxsr sse sse2 ss ht tm pbe syscall nx pdpe1gb rdtscp lm constant_tsc art arch_perfmon pebs bts rep_good nopl xtopology nonstop_tsc cpuid aperfmperf tsc_known_freq pni pclmulqdq dtes64 monitor ds_cpl vmx smx est tm2 ssse3 sdbg fma cx16 xtpr pdcm pcid sse4_1 sse4_2 x2apic movbe popcnt tsc_deadline_timer aes xsave avx f16c rdrand lahf_lm abm 3dnowprefetch cpuid_fault epb invpcid_single pti ssbd ibrs ibpb stibp tpr_shadow vnmi flexpriority ept vpid fsgsbase tsc_adjust bmi1 hle avx2 smep bmi2 erms invpcid rtm mpx rdseed adx smap clflushopt intel_pt xsaveopt xsavec xgetbv1 xsaves dtherm ida arat pln pts hwp hwp_notify hwp_act_window hwp_epp flush_l1d
bugs		: cpu_meltdown spectre_v1 spectre_v2 spec_store_bypass l1tf
bogomips	: 5808.00
clflush size	: 64
cache_alignment	: 64
address sizes	: 39 bits physical, 48 bits virtual
power management:

processor	: 7
vendor_id	: GenuineIntel
cpu family	: 6
model		: 158
model name	: Intel(R) Xeon(R) E-2186M  CPU @ 2.90GHz
stepping	: 10
microcode	: 0x96
cpu MHz		: 4000.042
cache size	: 12288 KB
physical id	: 0
siblings	: 12
core id		: 1
cpu cores	: 6
apicid		: 3
initial apicid	: 3
fpu		: yes
fpu_exception	: yes
cpuid level	: 22
wp		: yes
flags		: fpu vme de pse tsc msr pae mce cx8 apic sep mtrr pge mca cmov pat pse36 clflush dts acpi mmx fxsr sse sse2 ss ht tm pbe syscall nx pdpe1gb rdtscp lm constant_tsc art arch_perfmon pebs bts rep_good nopl xtopology nonstop_tsc cpuid aperfmperf tsc_known_freq pni pclmulqdq dtes64 monitor ds_cpl vmx smx est tm2 ssse3 sdbg fma cx16 xtpr pdcm pcid sse4_1 sse4_2 x2apic movbe popcnt tsc_deadline_timer aes xsave avx f16c rdrand lahf_lm abm 3dnowprefetch cpuid_fault epb invpcid_single pti ssbd ibrs ibpb stibp tpr_shadow vnmi flexpriority ept vpid fsgsbase tsc_adjust bmi1 hle avx2 smep bmi2 erms invpcid rtm mpx rdseed adx smap clflushopt intel_pt xsaveopt xsavec xgetbv1 xsaves dtherm ida arat pln pts hwp hwp_notify hwp_act_window hwp_epp flush_l1d
bugs		: cpu_meltdown spectre_v1 spectre_v2 spec_store_bypass l1tf
bogomips	: 5808.00
clflush size	: 64
cache_alignment	: 64
address sizes	: 39 bits physical, 48 bits virtual
power management:

processor	: 8
vendor_id	: GenuineIntel
cpu family	: 6
model		: 158
model name	: Intel(R) Xeon(R) E-2186M  CPU @ 2.90GHz
stepping	: 10
microcode	: 0x96
cpu MHz		: 4000.008
cache size	: 12288 KB
physical id	: 0
siblings	: 12
core id		: 2
cpu cores	: 6
apicid		: 5
initial apicid	: 5
fpu		: yes
fpu_exception	: yes
cpuid level	: 22
wp		: yes
flags		: fpu vme de pse tsc msr pae mce cx8 apic sep mtrr pge mca cmov pat pse36 clflush dts acpi mmx fxsr sse sse2 ss ht tm pbe syscall nx pdpe1gb rdtscp lm constant_tsc art arch_perfmon pebs bts rep_good nopl xtopology nonstop_tsc cpuid aperfmperf tsc_known_freq pni pclmulqdq dtes64 monitor ds_cpl vmx smx est tm2 ssse3 sdbg fma cx16 xtpr pdcm pcid sse4_1 sse4_2 x2apic movbe popcnt tsc_deadline_timer aes xsave avx f16c rdrand lahf_lm abm 3dnowprefetch cpuid_fault epb invpcid_single pti ssbd ibrs ibpb stibp tpr_shadow vnmi flexpriority ept vpid fsgsbase tsc_adjust bmi1 hle avx2 smep bmi2 erms invpcid rtm mpx rdseed adx smap clflushopt intel_pt xsaveopt xsavec xgetbv1 xsaves dtherm ida arat pln pts hwp hwp_notify hwp_act_window hwp_epp flush_l1d
bugs		: cpu_meltdown spectre_v1 spectre_v2 spec_store_bypass l1tf
bogomips	: 5808.00
clflush size	: 64
cache_alignment	: 64
address sizes	: 39 bits physical, 48 bits virtual
power management:

processor	: 9
vendor_id	: GenuineIntel
cpu family	: 6
model		: 158
model name	: Intel(R) Xeon(R) E-2186M  CPU @ 2.90GHz
stepping	: 10
microcode	: 0x96
cpu MHz		: 3999.999
cache size	: 12288 KB
physical id	: 0
siblings	: 12
core id		: 3
cpu cores	: 6
apicid		: 7
initial apicid	: 7
fpu		: yes
fpu_exception	: yes
cpuid level	: 22
wp		: yes
flags		: fpu vme de pse tsc msr pae mce cx8 apic sep mtrr pge mca cmov pat pse36 clflush dts acpi mmx fxsr sse sse2 ss ht tm pbe syscall nx pdpe1gb rdtscp lm constant_tsc art arch_perfmon pebs bts rep_good nopl xtopology nonstop_tsc cpuid aperfmperf tsc_known_freq pni pclmulqdq dtes64 monitor ds_cpl vmx smx est tm2 ssse3 sdbg fma cx16 xtpr pdcm pcid sse4_1 sse4_2 x2apic movbe popcnt tsc_deadline_timer aes xsave avx f16c rdrand lahf_lm abm 3dnowprefetch cpuid_fault epb invpcid_single pti ssbd ibrs ibpb stibp tpr_shadow vnmi flexpriority ept vpid fsgsbase tsc_adjust bmi1 hle avx2 smep bmi2 erms invpcid rtm mpx rdseed adx smap clflushopt intel_pt xsaveopt xsavec xgetbv1 xsaves dtherm ida arat pln pts hwp hwp_notify hwp_act_window hwp_epp flush_l1d
bugs		: cpu_meltdown spectre_v1 spectre_v2 spec_store_bypass l1tf
bogomips	: 5808.00
clflush size	: 64
cache_alignment	: 64
address sizes	: 39 bits physical, 48 bits virtual
power management:

processor	: 10
vendor_id	: GenuineIntel
cpu family	: 6
model		: 158
model name	: Intel(R) Xeon(R) E-2186M  CPU @ 2.90GHz
stepping	: 10
microcode	: 0x96
cpu MHz		: 4000.197
cache size	: 12288 KB
physical id	: 0
siblings	: 12
core id		: 4
cpu cores	: 6
apicid		: 9
initial apicid	: 9
fpu		: yes
fpu_exception	: yes
cpuid level	: 22
wp		: yes
flags		: fpu vme de pse tsc msr pae mce cx8 apic sep mtrr pge mca cmov pat pse36 clflush dts acpi mmx fxsr sse sse2 ss ht tm pbe syscall nx pdpe1gb rdtscp lm constant_tsc art arch_perfmon pebs bts rep_good nopl xtopology nonstop_tsc cpuid aperfmperf tsc_known_freq pni pclmulqdq dtes64 monitor ds_cpl vmx smx est tm2 ssse3 sdbg fma cx16 xtpr pdcm pcid sse4_1 sse4_2 x2apic movbe popcnt tsc_deadline_timer aes xsave avx f16c rdrand lahf_lm abm 3dnowprefetch cpuid_fault epb invpcid_single pti ssbd ibrs ibpb stibp tpr_shadow vnmi flexpriority ept vpid fsgsbase tsc_adjust bmi1 hle avx2 smep bmi2 erms invpcid rtm mpx rdseed adx smap clflushopt intel_pt xsaveopt xsavec xgetbv1 xsaves dtherm ida arat pln pts hwp hwp_notify hwp_act_window hwp_epp flush_l1d
bugs		: cpu_meltdown spectre_v1 spectre_v2 spec_store_bypass l1tf
bogomips	: 5808.00
clflush size	: 64
cache_alignment	: 64
address sizes	: 39 bits physical, 48 bits virtual
power management:

processor	: 11
vendor_id	: GenuineIntel
cpu family	: 6
model		: 158
model name	: Intel(R) Xeon(R) E-2186M  CPU @ 2.90GHz
stepping	: 10
microcode	: 0x96
cpu MHz		: 4000.664
cache size	: 12288 KB
physical id	: 0
siblings	: 12
core id		: 5
cpu cores	: 6
apicid		: 11
initial apicid	: 11
fpu		: yes
fpu_exception	: yes
cpuid level	: 22
wp		: yes
flags		: fpu vme de pse tsc msr pae mce cx8 apic sep mtrr pge mca cmov pat pse36 clflush dts acpi mmx fxsr sse sse2 ss ht tm pbe syscall nx pdpe1gb rdtscp lm constant_tsc art arch_perfmon pebs bts rep_good nopl xtopology nonstop_tsc cpuid aperfmperf tsc_known_freq pni pclmulqdq dtes64 monitor ds_cpl vmx smx est tm2 ssse3 sdbg fma cx16 xtpr pdcm pcid sse4_1 sse4_2 x2apic movbe popcnt tsc_deadline_timer aes xsave avx f16c rdrand lahf_lm abm 3dnowprefetch cpuid_fault epb invpcid_single pti ssbd ibrs ibpb stibp tpr_shadow vnmi flexpriority ept vpid fsgsbase tsc_adjust bmi1 hle avx2 smep bmi2 erms invpcid rtm mpx rdseed adx smap clflushopt intel_pt xsaveopt xsavec xgetbv1 xsaves dtherm ida arat pln pts hwp hwp_notify hwp_act_window hwp_epp flush_l1d
bugs		: cpu_meltdown spectre_v1 spectre_v2 spec_store_bypass l1tf
bogomips	: 5808.00
clflush size	: 64
cache_alignment	: 64
address sizes	: 39 bits physical, 48 bits virtual
power management:



Memory: 4k page, physical 32693780k(1328516k free), swap 19530748k(573464k free)

vm_info: Java HotSpot(TM) 64-Bit Server VM (25.201-b09) for linux-amd64 JRE (1.8.0_201-b09), built on Dec 15 2018 11:35:59 by "java_re" with gcc 7.3.0

time: Tue Mar 26 23:32:47 2019
timezone: CET
elapsed time: 835 seconds (0d 0h 13m 55s)

