#
# A fatal error has been detected by the Java Runtime Environment:
#
#  SIGSEGV (0xb) at pc=0x00007f6ad665b98d, pid=15557, tid=0x00007f6aa6a87700
#
# JRE version: Java(TM) SE Runtime Environment (8.0_201-b09) (build 1.8.0_201-b09)
# Java VM: Java HotSpot(TM) 64-Bit Server VM (25.201-b09 mixed mode linux-amd64 compressed oops)
# Problematic frame:
# C  [libc.so.6+0x9798d]  cfree+0x3d
#
# Failed to write core dump. Core dumps have been disabled. To enable core dumping, try "ulimit -c unlimited" before starting Java again
#
# If you would like to submit a bug report, please visit:
#   http://bugreport.java.com/bugreport/crash.jsp
# The crash happened outside the Java Virtual Machine in native code.
# See problematic frame for where to report the bug.
#

---------------  T H R E A D  ---------------

Current thread (0x00007f6ad0092000):  JavaThread "Finalizer" daemon [_thread_in_native, id=15576, stack(0x00007f6aa6987000,0x00007f6aa6a88000)]

siginfo: si_signo: 11 (SIGSEGV), si_code: 1 (SEGV_MAPERR), si_addr: 0x00007f69b8fff008

Registers:
RAX=0x0000000000000000, RBX=0x00007f69cd495f30, RCX=0x0000000000000020, RDX=0x00007f6ad0000080
RSP=0x00007f6aa6a839c0, RBP=0x00007f6aa6a83aa0, RSI=0x00007f6aa6a83aa0, RDI=0x00007f69b8fff010
R8 =0x00000000bb6f147b, R9 =0x00000005d34e3068, R10=0x00007f6ac101869b, R11=0x00007f6ad5f9adb0
R12=0x00007f69b8fff010, R13=0x00007f6a9e7c03d8, R14=0x00007f6aa6a868c8, R15=0x00007f6ad0092000
RIP=0x00007f6ad665b98d, EFLAGS=0x0000000000010202, CSGSFS=0x002b000000000033, ERR=0x0000000000000004
  TRAPNO=0x000000000000000e

Top of Stack: (sp=0x00007f6aa6a839c0)
0x00007f6aa6a839c0:   0000000000000007 00007f6a00000001
0x00007f6aa6a839d0:   0000000000000000 00000000b1029c0d
0x00007f6aa6a839e0:   00007f6ad039d790 b19353a276c1ce00
0x00007f6aa6a839f0:   0000000000000000 00007f69cd495f30
0x00007f6aa6a83a00:   00007f6aa6a83aa0 0000000000000000
0x00007f6aa6a83a10:   00007f6a9e7c03d8 00007f6aa6a868c8
0x00007f6aa6a83a20:   00007f6ad0092000 00007f6a3387a708
0x00007f6aa6a83a30:   00007f69cd495f30 00007f6a3387a74c
0x00007f6aa6a83a40:   00007f6ad039d430 00007f69cd495f30
0x00007f6aa6a83a50:   00007f6aa6a83aa0 00007f6a3387a779
0x00007f6aa6a83a60:   00007f69cd495f30 00007f6a390280ef
0x00007f6aa6a83a70:   00007f6a2d27dfc0 00007f6a39012d3c
0x00007f6aa6a83a80:   00000000ffffffff 00007f6a00000000
0x00007f6aa6a83a90:   00007f6aa6a83b90 00007f6a00000003
0x00007f6aa6a83aa0:   00007f6a3b058690 00007f6a39012d3c
0x00007f6aa6a83ab0:   00007f6ad0376550 0000000000000000
0x00007f6aa6a83ac0:   0000000000000007 0000000000000001
0x00007f6aa6a83ad0:   00007f6ad0000020 00000000f74e7f72
0x00007f6aa6a83ae0:   00007f6ad039d790 00007f6aa6a83c28
0x00007f6aa6a83af0:   0000000000000000 00007f6ad039d430
0x00007f6aa6a83b00:   0000000000000000 00007f6ad72021ef
0x00007f6aa6a83b10:   0000000000000000 0000000000000000
0x00007f6aa6a83b20:   0000000000000005 0000000000000000
0x00007f6aa6a83b30:   0000000000000001 00007f6ad039d430
0x00007f6aa6a83b40:   00007f6a2e77fcd5 0000000000001000
0x00007f6aa6a83b50:   00007f69a8000020 00007f6ad665bdfa
0x00007f6aa6a83b60:   00007f6ad039d788 00007f6aa6a83fc0
0x00007f6aa6a83b70:   00007f6ad01f3b40 00007f6ad01f3b40
0x00007f6aa6a83b80:   00000000ffffffff 00007f6ad0000080
0x00007f6aa6a83b90:   0000000000000000 00007f6ad665bdfa
0x00007f6aa6a83ba0:   00007f6ad0092000 00007f6a390280ef
0x00007f6aa6a83bb0:   00007f6ad0000020 0000000000000000 

Instructions: (pc=0x00007f6ad665b98d)
0x00007f6ad665b96d:   24 28 31 c0 48 8b 05 70 35 35 00 48 8b 00 48 85
0x00007f6ad665b97d:   c0 0f 85 9c 02 00 00 48 85 ff 0f 84 13 01 00 00
0x00007f6ad665b98d:   48 8b 77 f8 4c 8d 6f f0 40 f6 c6 02 0f 85 29 01
0x00007f6ad665b99d:   00 00 48 8b 2d d2 33 35 00 64 48 83 7d 00 00 0f 

Register to memory mapping:

RAX=0x0000000000000000 is an unknown value
RBX=0x00007f69cd495f30 is an unknown value
RCX=0x0000000000000020 is an unknown value
RDX=0x00007f6ad0000080 is an unknown value
RSP=0x00007f6aa6a839c0 is pointing into the stack for thread: 0x00007f6ad0092000
RBP=0x00007f6aa6a83aa0 is pointing into the stack for thread: 0x00007f6ad0092000
RSI=0x00007f6aa6a83aa0 is pointing into the stack for thread: 0x00007f6ad0092000
RDI=0x00007f69b8fff010 is an unknown value
R8 =0x00000000bb6f147b is an unknown value
R9 =0x00000005d34e3068 is an oop
java.lang.System$2 
 - klass: 'java/lang/System$2'
R10=0x00007f6ac101869b is at code_begin+859 in an Interpreter codelet
method entry point (kind = native)  [0x00007f6ac1018340, 0x00007f6ac1018cc0]  2432 bytes
R11=0x00007f6ad5f9adb0: <offset 0x9bfdb0> in /usr/lib/jvm/java-8-oracle/jre/lib/amd64/server/libjvm.so at 0x00007f6ad55db000
R12=0x00007f69b8fff010 is an unknown value
R13={method} {0x00007f6a9e7c03d8} 'delete_DisplacementFieldTransform' '(J)V' in 'org/itk/simple/SimpleITKJNI'
R14=0x00007f6aa6a868c8 is pointing into the stack for thread: 0x00007f6ad0092000
R15=0x00007f6ad0092000 is a thread


Stack: [0x00007f6aa6987000,0x00007f6aa6a88000],  sp=0x00007f6aa6a839c0,  free space=1010k
Native frames: (J=compiled Java code, j=interpreted, Vv=VM code, C=native code)
C  [libc.so.6+0x9798d]  cfree+0x3d
C  [libSimpleITKJava.so+0xc365d3c]  itk::Object::UnRegister() const+0x1c

Java frames: (J=compiled Java code, j=interpreted, Vv=VM code)
j  org.itk.simple.SimpleITKJNI.delete_DisplacementFieldTransform(J)V+0
j  org.itk.simple.DisplacementFieldTransform.delete()V+25
j  org.itk.simple.DisplacementFieldTransform.finalize()V+1
J 1272 C2 java.lang.ref.Finalizer.access$100(Ljava/lang/ref/Finalizer;Lsun/misc/JavaLangAccess;)V (6 bytes) @ 0x00007f6ac16e0ea0 [0x00007f6ac16e0c00+0x2a0]
J 1271% C2 java.lang.ref.Finalizer$FinalizerThread.run()V (55 bytes) @ 0x00007f6ac16d9838 [0x00007f6ac16d9740+0xf8]
v  ~StubRoutines::call_stub

---------------  P R O C E S S  ---------------

Java Threads: ( => current thread )
  0x00007f6ad034f000 JavaThread "AWT-EventQueue-0" [_thread_blocked, id=15587, stack(0x00007f6a9f05f000,0x00007f6a9f160000)]
  0x00007f6ad034a800 JavaThread "AWT-Shutdown" [_thread_blocked, id=15586, stack(0x00007f6a9f160000,0x00007f6a9f261000)]
  0x00007f6ad02b3800 JavaThread "AWT-XAWT" daemon [_thread_in_native, id=15585, stack(0x00007f6a9f461000,0x00007f6a9f562000)]
  0x00007f6ad0275000 JavaThread "Java2D Disposer" daemon [_thread_blocked, id=15584, stack(0x00007f6aa40c7000,0x00007f6aa41c8000)]
  0x00007f6ad00d9000 JavaThread "Service Thread" daemon [_thread_blocked, id=15582, stack(0x00007f6aa59b2000,0x00007f6aa5ab3000)]
  0x00007f6ad00cd800 JavaThread "C1 CompilerThread3" daemon [_thread_blocked, id=15581, stack(0x00007f6aa5ab4000,0x00007f6aa5bb4000)]
  0x00007f6ad00cb800 JavaThread "C2 CompilerThread2" daemon [_thread_blocked, id=15580, stack(0x00007f6aa5bb5000,0x00007f6aa5cb5000)]
  0x00007f6ad00c9800 JavaThread "C2 CompilerThread1" daemon [_thread_blocked, id=15579, stack(0x00007f6aa5cb6000,0x00007f6aa5db6000)]
  0x00007f6ad00c7000 JavaThread "C2 CompilerThread0" daemon [_thread_blocked, id=15578, stack(0x00007f6aa5db7000,0x00007f6aa5eb7000)]
  0x00007f6ad00c5800 JavaThread "Signal Dispatcher" daemon [_thread_blocked, id=15577, stack(0x00007f6aa5eb7000,0x00007f6aa5fb8000)]
=>0x00007f6ad0092000 JavaThread "Finalizer" daemon [_thread_in_native, id=15576, stack(0x00007f6aa6987000,0x00007f6aa6a88000)]
  0x00007f6ad008f800 JavaThread "Reference Handler" daemon [_thread_blocked, id=15575, stack(0x00007f6aa6a88000,0x00007f6aa6b89000)]
  0x00007f6ad000b800 JavaThread "Run$_main" [_thread_in_native, id=15562, stack(0x00007f6ad72f4000,0x00007f6ad73f4000)]

Other Threads:
  0x00007f6ad0086000 VMThread [stack: 0x00007f6aa6b8a000,0x00007f6aa6c8a000] [id=15573]
  0x00007f6ad00db800 WatcherThread [stack: 0x00007f6aa58b2000,0x00007f6aa59b2000] [id=15583]

VM state:not at safepoint (normal execution)

VM Mutex/Monitor currently owned by a thread: None

heap address: 0x00000005cd200000, size: 7982 MB, Compressed Oops mode: Zero based, Oop shift amount: 3
Narrow klass base: 0x0000000000000000, Narrow klass shift: 3
Compressed class space size: 1073741824 Address: 0x00000007c0000000

Heap:
 PSYoungGen      total 2100224K, used 809197K [0x0000000719b80000, 0x00000007c0000000, 0x00000007c0000000)
  eden space 1556480K, 51% used [0x0000000719b80000,0x000000074af9b740,0x0000000778b80000)
  from space 543744K, 0% used [0x0000000778b80000,0x0000000778da0000,0x0000000799e80000)
  to   space 537088K, 0% used [0x000000079f380000,0x000000079f380000,0x00000007c0000000)
 ParOldGen       total 1324032K, used 757240K [0x00000005cd200000, 0x000000061df00000, 0x0000000719b80000)
  object space 1324032K, 57% used [0x00000005cd200000,0x00000005fb57e3f0,0x000000061df00000)
 Metaspace       used 14950K, capacity 15139K, committed 15360K, reserved 1062912K
  class space    used 1413K, capacity 1482K, committed 1536K, reserved 1048576K

Card table byte_map: [0x00007f6abfca8000,0x00007f6ac0c40000] byte_map_base: 0x00007f6abce3f000

Marking Bits: (ParMarkBitMap*) 0x00007f6ad65a6d80
 Begin Bits: [0x00007f6a78690000, 0x00007f6a80348000)
 End Bits:   [0x00007f6a80348000, 0x00007f6a88000000)

Polling page: 0x00007f6ad741d000

CodeCache: size=245760Kb used=8025Kb max_used=8040Kb free=237734Kb
 bounds [0x00007f6ac1000000, 0x00007f6ac17f0000, 0x00007f6ad0000000]
 total_blobs=2272 nmethods=1378 adapters=807
 compilation: enabled

Compilation events (10 events):
Event: 36,667 Thread 0x00007f6ad00c9800 nmethod 1400% 0x00007f6ac17dc550 code [0x00007f6ac17dc780, 0x00007f6ac17de2b8]
Event: 36,669 Thread 0x00007f6ad00c7000 nmethod 1399 0x00007f6ac17df450 code [0x00007f6ac17df6a0, 0x00007f6ac17e15f8]
Event: 36,776 Thread 0x00007f6ad00cd800 1402       1       ij.process.ImageProcessor::setCalibrationTable (6 bytes)
Event: 36,776 Thread 0x00007f6ad00cb800 1401       4       ij.measure.Calibration::calibrated (15 bytes)
Event: 36,776 Thread 0x00007f6ad00cd800 nmethod 1402 0x00007f6ac119b9d0 code [0x00007f6ac119bb20, 0x00007f6ac119bc50]
Event: 36,777 Thread 0x00007f6ad00cb800 nmethod 1401 0x00007f6ac10fef10 code [0x00007f6ac10ff060, 0x00007f6ac10ff0d8]
Event: 36,946 Thread 0x00007f6ad00cd800 1404       3       ij.ImagePlus::getBitDepth (130 bytes)
Event: 36,946 Thread 0x00007f6ad00cd800 nmethod 1404 0x00007f6ac17dbb90 code [0x00007f6ac17dbd20, 0x00007f6ac17dc4b0]
Event: 36,946 Thread 0x00007f6ad00cd800 1403       1       ij.gui.ImageWindow::getCanvas (5 bytes)
Event: 36,946 Thread 0x00007f6ad00cd800 nmethod 1403 0x00007f6ac17b0890 code [0x00007f6ac17b09e0, 0x00007f6ac17b0af0]

GC Heap History (10 events):
Event: 22,167 GC heap before
{Heap before GC invocations=15 (full 1):
 PSYoungGen      total 1426432K, used 1412156K [0x0000000719b80000, 0x0000000798a80000, 0x00000007c0000000)
  eden space 1134592K, 100% used [0x0000000719b80000,0x000000075ef80000,0x000000075ef80000)
  from space 291840K, 95% used [0x000000075ef80000,0x000000076fe8f0e8,0x0000000770c80000)
  to   space 342528K, 0% used [0x0000000783c00000,0x0000000783c00000,0x0000000798a80000)
 ParOldGen       total 1077760K, used 689215K [0x00000005cd200000, 0x000000060ee80000, 0x0000000719b80000)
  object space 1077760K, 63% used [0x00000005cd200000,0x00000005f730fe58,0x000000060ee80000)
 Metaspace       used 14920K, capacity 15067K, committed 15360K, reserved 1062912K
  class space    used 1413K, capacity 1482K, committed 1536K, reserved 1048576K
Event: 22,247 GC heap after
Heap after GC invocations=15 (full 1):
 PSYoungGen      total 1697792K, used 274620K [0x0000000719b80000, 0x00000007a2980000, 0x00000007c0000000)
  eden space 1355264K, 0% used [0x0000000719b80000,0x0000000719b80000,0x000000076c700000)
  from space 342528K, 80% used [0x0000000783c00000,0x000000079482f0e8,0x0000000798a80000)
  to   space 381952K, 0% used [0x000000076c700000,0x000000076c700000,0x0000000783c00000)
 ParOldGen       total 1077760K, used 689215K [0x00000005cd200000, 0x000000060ee80000, 0x0000000719b80000)
  object space 1077760K, 63% used [0x00000005cd200000,0x00000005f730fe58,0x000000060ee80000)
 Metaspace       used 14920K, capacity 15067K, committed 15360K, reserved 1062912K
  class space    used 1413K, capacity 1482K, committed 1536K, reserved 1048576K
}
Event: 26,842 GC heap before
{Heap before GC invocations=16 (full 1):
 PSYoungGen      total 1697792K, used 1629884K [0x0000000719b80000, 0x00000007a2980000, 0x00000007c0000000)
  eden space 1355264K, 100% used [0x0000000719b80000,0x000000076c700000,0x000000076c700000)
  from space 342528K, 80% used [0x0000000783c00000,0x000000079482f0e8,0x0000000798a80000)
  to   space 381952K, 0% used [0x000000076c700000,0x000000076c700000,0x0000000783c00000)
 ParOldGen       total 1077760K, used 689215K [0x00000005cd200000, 0x000000060ee80000, 0x0000000719b80000)
  object space 1077760K, 63% used [0x00000005cd200000,0x00000005f730fe58,0x000000060ee80000)
 Metaspace       used 14938K, capacity 15139K, committed 15360K, reserved 1062912K
  class space    used 1413K, capacity 1482K, committed 1536K, reserved 1048576K
Event: 26,923 GC heap after
Heap after GC invocations=16 (full 1):
 PSYoungGen      total 1737216K, used 184546K [0x0000000719b80000, 0x00000007b1100000, 0x00000007c0000000)
  eden space 1355264K, 0% used [0x0000000719b80000,0x0000000719b80000,0x000000076c700000)
  from space 381952K, 48% used [0x000000076c700000,0x0000000777b38800,0x0000000783c00000)
  to   space 379392K, 0% used [0x0000000799e80000,0x0000000799e80000,0x00000007b1100000)
 ParOldGen       total 1077760K, used 694268K [0x00000005cd200000, 0x000000060ee80000, 0x0000000719b80000)
  object space 1077760K, 64% used [0x00000005cd200000,0x00000005f77ff008,0x000000060ee80000)
 Metaspace       used 14938K, capacity 15139K, committed 15360K, reserved 1062912K
  class space    used 1413K, capacity 1482K, committed 1536K, reserved 1048576K
}
Event: 33,920 GC heap before
{Heap before GC invocations=17 (full 1):
 PSYoungGen      total 1737216K, used 1539810K [0x0000000719b80000, 0x00000007b1100000, 0x00000007c0000000)
  eden space 1355264K, 100% used [0x0000000719b80000,0x000000076c700000,0x000000076c700000)
  from space 381952K, 48% used [0x000000076c700000,0x0000000777b38800,0x0000000783c00000)
  to   space 379392K, 0% used [0x0000000799e80000,0x0000000799e80000,0x00000007b1100000)
 ParOldGen       total 1077760K, used 694268K [0x00000005cd200000, 0x000000060ee80000, 0x0000000719b80000)
  object space 1077760K, 64% used [0x00000005cd200000,0x00000005f77ff008,0x000000060ee80000)
 Metaspace       used 14949K, capacity 15139K, committed 15360K, reserved 1062912K
  class space    used 1413K, capacity 1482K, committed 1536K, reserved 1048576K
Event: 34,853 GC heap after
Heap after GC invocations=17 (full 1):
 PSYoungGen      total 1935872K, used 379390K [0x0000000719b80000, 0x00000007c0000000, 0x00000007c0000000)
  eden space 1556480K, 0% used [0x0000000719b80000,0x0000000719b80000,0x0000000778b80000)
  from space 379392K, 99% used [0x0000000799e80000,0x00000007b10ffac0,0x00000007b1100000)
  to   space 543744K, 0% used [0x0000000778b80000,0x0000000778b80000,0x0000000799e80000)
 ParOldGen       total 1077760K, used 953252K [0x00000005cd200000, 0x000000060ee80000, 0x0000000719b80000)
  object space 1077760K, 88% used [0x00000005cd200000,0x00000006074e9008,0x000000060ee80000)
 Metaspace       used 14949K, capacity 15139K, committed 15360K, reserved 1062912K
  class space    used 1413K, capacity 1482K, committed 1536K, reserved 1048576K
}
Event: 34,853 GC heap before
{Heap before GC invocations=18 (full 2):
 PSYoungGen      total 1935872K, used 379390K [0x0000000719b80000, 0x00000007c0000000, 0x00000007c0000000)
  eden space 1556480K, 0% used [0x0000000719b80000,0x0000000719b80000,0x0000000778b80000)
  from space 379392K, 99% used [0x0000000799e80000,0x00000007b10ffac0,0x00000007b1100000)
  to   space 543744K, 0% used [0x0000000778b80000,0x0000000778b80000,0x0000000799e80000)
 ParOldGen       total 1077760K, used 953252K [0x00000005cd200000, 0x000000060ee80000, 0x0000000719b80000)
  object space 1077760K, 88% used [0x00000005cd200000,0x00000006074e9008,0x000000060ee80000)
 Metaspace       used 14949K, capacity 15139K, committed 15360K, reserved 1062912K
  class space    used 1413K, capacity 1482K, committed 1536K, reserved 1048576K
Event: 35,917 GC heap after
Heap after GC invocations=18 (full 2):
 PSYoungGen      total 1935872K, used 0K [0x0000000719b80000, 0x00000007c0000000, 0x00000007c0000000)
  eden space 1556480K, 0% used [0x0000000719b80000,0x0000000719b80000,0x0000000778b80000)
  from space 379392K, 0% used [0x0000000799e80000,0x0000000799e80000,0x00000007b1100000)
  to   space 543744K, 0% used [0x0000000778b80000,0x0000000778b80000,0x0000000799e80000)
 ParOldGen       total 1324032K, used 757240K [0x00000005cd200000, 0x000000061df00000, 0x0000000719b80000)
  object space 1324032K, 57% used [0x00000005cd200000,0x00000005fb57e3f0,0x000000061df00000)
 Metaspace       used 14949K, capacity 15139K, committed 15360K, reserved 1062912K
  class space    used 1413K, capacity 1482K, committed 1536K, reserved 1048576K
}
Event: 36,379 GC heap before
{Heap before GC invocations=19 (full 2):
 PSYoungGen      total 1935872K, used 1556480K [0x0000000719b80000, 0x00000007c0000000, 0x00000007c0000000)
  eden space 1556480K, 100% used [0x0000000719b80000,0x0000000778b80000,0x0000000778b80000)
  from space 379392K, 0% used [0x0000000799e80000,0x0000000799e80000,0x00000007b1100000)
  to   space 543744K, 0% used [0x0000000778b80000,0x0000000778b80000,0x0000000799e80000)
 ParOldGen       total 1324032K, used 757240K [0x00000005cd200000, 0x000000061df00000, 0x0000000719b80000)
  object space 1324032K, 57% used [0x00000005cd200000,0x00000005fb57e3f0,0x000000061df00000)
 Metaspace       used 14949K, capacity 15139K, committed 15360K, reserved 1062912K
  class space    used 1413K, capacity 1482K, committed 1536K, reserved 1048576K
Event: 36,391 GC heap after
Heap after GC invocations=19 (full 2):
 PSYoungGen      total 2100224K, used 2176K [0x0000000719b80000, 0x00000007c0000000, 0x00000007c0000000)
  eden space 1556480K, 0% used [0x0000000719b80000,0x0000000719b80000,0x0000000778b80000)
  from space 543744K, 0% used [0x0000000778b80000,0x0000000778da0000,0x0000000799e80000)
  to   space 537088K, 0% used [0x000000079f380000,0x000000079f380000,0x00000007c0000000)
 ParOldGen       total 1324032K, used 757240K [0x00000005cd200000, 0x000000061df00000, 0x0000000719b80000)
  object space 1324032K, 57% used [0x00000005cd200000,0x00000005fb57e3f0,0x000000061df00000)
 Metaspace       used 14949K, capacity 15139K, committed 15360K, reserved 1062912K
  class space    used 1413K, capacity 1482K, committed 1536K, reserved 1048576K
}

Deoptimization events (10 events):
Event: 33,696 Thread 0x00007f6ad000b800 Uncommon trap: reason=array_check action=maybe_recompile pc=0x00007f6ac17a6db8 method=java.util.TimSort.mergeLo(IIII)V @ 375
Event: 33,696 Thread 0x00007f6ad000b800 Uncommon trap: reason=array_check action=maybe_recompile pc=0x00007f6ac17a3c28 method=java.util.TimSort.mergeHi(IIII)V @ 282
Event: 33,697 Thread 0x00007f6ad000b800 Uncommon trap: reason=array_check action=maybe_recompile pc=0x00007f6ac17a3c28 method=java.util.TimSort.mergeHi(IIII)V @ 282
Event: 33,840 Thread 0x00007f6ad000b800 Uncommon trap: reason=unreached action=reinterpret pc=0x00007f6ac1778240 method=com.vitimage.BlockMatchingRegistration.runMultiThreaded()Lcom/vitimage/ItkTransform; @ 2417
Event: 36,600 Thread 0x00007f6ad000b800 Uncommon trap: reason=unstable_if action=reinterpret pc=0x00007f6ac178ce2c method=com.vitimage.BlockMatchingRegistration.runMultiThreaded()Lcom/vitimage/ItkTransform; @ 2633
Event: 36,623 Thread 0x00007f6ad000b800 Uncommon trap: reason=unstable_if action=reinterpret pc=0x00007f6ac11029bc method=com.vitimage.BlockMatchingRegistration.trimPoint3dTabBasedOnScores([[Lmath3d/Point3d;I)[[Lmath3d/Point3d; @ 29
Event: 36,645 Thread 0x00007f6ad000b800 Uncommon trap: reason=array_check action=maybe_recompile pc=0x00007f6ac17cc438 method=java.util.TimSort.mergeHi(IIII)V @ 419
Event: 36,645 Thread 0x00007f6ad000b800 Uncommon trap: reason=array_check action=maybe_recompile pc=0x00007f6ac17cc438 method=java.util.TimSort.mergeHi(IIII)V @ 419
Event: 36,646 Thread 0x00007f6ad000b800 Uncommon trap: reason=array_check action=maybe_recompile pc=0x00007f6ac17c2f08 method=java.util.TimSort.mergeLo(IIII)V @ 468
Event: 36,647 Thread 0x00007f6ad000b800 Uncommon trap: reason=array_check action=maybe_recompile pc=0x00007f6ac17c2f08 method=java.util.TimSort.mergeLo(IIII)V @ 468

Classes redefined (0 events):
No events

Internal exceptions (10 events):
Event: 0,064 Thread 0x00007f6ad000b800 Exception <a 'java/security/PrivilegedActionException'> (0x0000000719cbce30) thrown at [/HUDSON/workspace/8-2-build-linux-amd64/jdk8u201/12317/hotspot/src/share/vm/prims/jvm.cpp, line 1502]
Event: 0,064 Thread 0x00007f6ad000b800 Exception <a 'java/security/PrivilegedActionException'> (0x0000000719cbd040) thrown at [/HUDSON/workspace/8-2-build-linux-amd64/jdk8u201/12317/hotspot/src/share/vm/prims/jvm.cpp, line 1502]
Event: 0,089 Thread 0x00007f6ad000b800 Exception <a 'java/lang/NoSuchFieldError': method resolution failed> (0x0000000719d8c4f8) thrown at [/HUDSON/workspace/8-2-build-linux-amd64/jdk8u201/12317/hotspot/src/share/vm/prims/methodHandles.cpp, line 1167]
Event: 0,089 Thread 0x00007f6ad000b800 Exception <a 'java/lang/NoSuchFieldError': method resolution failed> (0x0000000719d99cf8) thrown at [/HUDSON/workspace/8-2-build-linux-amd64/jdk8u201/12317/hotspot/src/share/vm/prims/methodHandles.cpp, line 1167]
Event: 0,101 Thread 0x00007f6ad000b800 Exception <a 'java/io/FileNotFoundException'> (0x000000071a09a850) thrown at [/HUDSON/workspace/8-2-build-linux-amd64/jdk8u201/12317/hotspot/src/share/vm/prims/jni.cpp, line 709]
Event: 0,102 Thread 0x00007f6ad000b800 Exception <a 'java/io/FileNotFoundException'> (0x000000071a09b338) thrown at [/HUDSON/workspace/8-2-build-linux-amd64/jdk8u201/12317/hotspot/src/share/vm/prims/jni.cpp, line 709]
Event: 0,571 Thread 0x00007f6ad034f000 Exception <a 'java/lang/UnsupportedOperationException': > (0x000000071a8e3610) thrown at [/HUDSON/workspace/8-2-build-linux-amd64/jdk8u201/12317/hotspot/src/share/vm/prims/jni.cpp, line 735]
Event: 4,230 Thread 0x00007f6ad034f000 Exception <a 'java/lang/UnsupportedOperationException': > (0x000000071c231bc8) thrown at [/HUDSON/workspace/8-2-build-linux-amd64/jdk8u201/12317/hotspot/src/share/vm/prims/jni.cpp, line 735]
Event: 4,296 Thread 0x00007f6ad034f000 Exception <a 'java/lang/UnsupportedOperationException': > (0x000000071c23e110) thrown at [/HUDSON/workspace/8-2-build-linux-amd64/jdk8u201/12317/hotspot/src/share/vm/prims/jni.cpp, line 735]
Event: 4,590 Thread 0x00007f6ad034f000 Exception <a 'java/lang/UnsupportedOperationException': > (0x000000071c24c5a0) thrown at [/HUDSON/workspace/8-2-build-linux-amd64/jdk8u201/12317/hotspot/src/share/vm/prims/jni.cpp, line 735]

Events (10 events):
Event: 36,645 Thread 0x00007f6ad000b800 DEOPT UNPACKING pc=0x00007f6ac104573a sp=0x00007f6ad73f22a0 mode 2
Event: 36,645 Thread 0x00007f6ad000b800 Uncommon trap: trap_request=0xffffffd6 fr.pc=0x00007f6ac17cc438
Event: 36,645 Thread 0x00007f6ad000b800 DEOPT PACKING pc=0x00007f6ac17cc438 sp=0x00007f6ad73f22c0
Event: 36,645 Thread 0x00007f6ad000b800 DEOPT UNPACKING pc=0x00007f6ac104573a sp=0x00007f6ad73f22a0 mode 2
Event: 36,646 Thread 0x00007f6ad000b800 Uncommon trap: trap_request=0xffffffd6 fr.pc=0x00007f6ac17c2f08
Event: 36,646 Thread 0x00007f6ad000b800 DEOPT PACKING pc=0x00007f6ac17c2f08 sp=0x00007f6ad73f22c0
Event: 36,646 Thread 0x00007f6ad000b800 DEOPT UNPACKING pc=0x00007f6ac104573a sp=0x00007f6ad73f22a8 mode 2
Event: 36,647 Thread 0x00007f6ad000b800 Uncommon trap: trap_request=0xffffffd6 fr.pc=0x00007f6ac17c2f08
Event: 36,647 Thread 0x00007f6ad000b800 DEOPT PACKING pc=0x00007f6ac17c2f08 sp=0x00007f6ad73f22c0
Event: 36,647 Thread 0x00007f6ad000b800 DEOPT UNPACKING pc=0x00007f6ac104573a sp=0x00007f6ad73f22a8 mode 2


Dynamic libraries:
00400000-00401000 r-xp 00000000 103:05 399591                            /usr/lib/jvm/java-8-oracle/bin/java
00600000-00601000 r--p 00000000 103:05 399591                            /usr/lib/jvm/java-8-oracle/bin/java
00601000-00602000 rw-p 00001000 103:05 399591                            /usr/lib/jvm/java-8-oracle/bin/java
0072c000-0074d000 rw-p 00000000 00:00 0                                  [heap]
5cd200000-61df00000 rw-p 00000000 00:00 0 
61df00000-719b80000 ---p 00000000 00:00 0 
719b80000-7c0000000 rw-p 00000000 00:00 0 
7c0000000-7c0180000 rw-p 00000000 00:00 0 
7c0180000-800000000 ---p 00000000 00:00 0 
7f69a03ff000-7f69a4000000 rw-p 00000000 00:00 0 
7f69a4000000-7f69a7c01000 rw-p 00000000 00:00 0 
7f69a7c01000-7f69a8000000 ---p 00000000 00:00 0 
7f69a8000000-7f69a8a21000 rw-p 00000000 00:00 0 
7f69a8a21000-7f69ac000000 ---p 00000000 00:00 0 
7f69ac000000-7f69afc01000 rw-p 00000000 00:00 0 
7f69afc01000-7f69b0000000 ---p 00000000 00:00 0 
7f69b03fd000-7f69b3ffe000 rw-p 00000000 00:00 0 
7f69c8000000-7f69cfcb8000 rw-p 00000000 00:00 0 
7f69cfcb8000-7f69d0000000 ---p 00000000 00:00 0 
7f69d0000000-7f69d8000000 rw-p 00000000 00:00 0 
7f69d8000000-7f69e0000000 rw-p 00000000 00:00 0 
7f69e0000000-7f69e8000000 rw-p 00000000 00:00 0 
7f69e8000000-7f69ec000000 rw-p 00000000 00:00 0 
7f69ec3ff000-7f69f0000000 rw-p 00000000 00:00 0 
7f69f0000000-7f69f3c01000 rw-p 00000000 00:00 0 
7f69f3c01000-7f69f4000000 ---p 00000000 00:00 0 
7f69f4000000-7f69f7c01000 rw-p 00000000 00:00 0 
7f69f7c01000-7f69f8000000 ---p 00000000 00:00 0 
7f69f8000000-7f69f8021000 rw-p 00000000 00:00 0 
7f69f8021000-7f69fc000000 ---p 00000000 00:00 0 
7f69fc000000-7f69fc021000 rw-p 00000000 00:00 0 
7f69fc021000-7f6a00000000 ---p 00000000 00:00 0 
7f6a00000000-7f6a00021000 rw-p 00000000 00:00 0 
7f6a00021000-7f6a04000000 ---p 00000000 00:00 0 
7f6a04000000-7f6a04021000 rw-p 00000000 00:00 0 
7f6a04021000-7f6a08000000 ---p 00000000 00:00 0 
7f6a08000000-7f6a08021000 rw-p 00000000 00:00 0 
7f6a08021000-7f6a0c000000 ---p 00000000 00:00 0 
7f6a0c000000-7f6a0c021000 rw-p 00000000 00:00 0 
7f6a0c021000-7f6a10000000 ---p 00000000 00:00 0 
7f6a10000000-7f6a10021000 rw-p 00000000 00:00 0 
7f6a10021000-7f6a14000000 ---p 00000000 00:00 0 
7f6a18000000-7f6a18021000 rw-p 00000000 00:00 0 
7f6a18021000-7f6a1c000000 ---p 00000000 00:00 0 
7f6a20000000-7f6a20021000 rw-p 00000000 00:00 0 
7f6a20021000-7f6a24000000 ---p 00000000 00:00 0 
7f6a28000000-7f6a28021000 rw-p 00000000 00:00 0 
7f6a28021000-7f6a2c000000 ---p 00000000 00:00 0 
7f6a2ccad000-7f6a3ad74000 r-xp 00000000 103:05 1975135                   /home/fernandr/Programmes/Fiji.app/lib/linux64/libSimpleITKJava.so
7f6a3ad74000-7f6a3af73000 ---p 0e0c7000 103:05 1975135                   /home/fernandr/Programmes/Fiji.app/lib/linux64/libSimpleITKJava.so
7f6a3af73000-7f6a3bfe1000 rw-p 0e0c6000 103:05 1975135                   /home/fernandr/Programmes/Fiji.app/lib/linux64/libSimpleITKJava.so
7f6a3bfe1000-7f6a3c000000 rw-p 00000000 00:00 0 
7f6a3c000000-7f6a3c310000 rw-p 00000000 00:00 0 
7f6a3c310000-7f6a40000000 ---p 00000000 00:00 0 
7f6a40000000-7f6a40021000 rw-p 00000000 00:00 0 
7f6a40021000-7f6a44000000 ---p 00000000 00:00 0 
7f6a44000000-7f6a4402d000 rw-p 00000000 00:00 0 
7f6a4402d000-7f6a48000000 ---p 00000000 00:00 0 
7f6a48000000-7f6a48021000 rw-p 00000000 00:00 0 
7f6a48021000-7f6a4c000000 ---p 00000000 00:00 0 
7f6a4c000000-7f6a4c021000 rw-p 00000000 00:00 0 
7f6a4c021000-7f6a50000000 ---p 00000000 00:00 0 
7f6a50000000-7f6a50021000 rw-p 00000000 00:00 0 
7f6a50021000-7f6a54000000 ---p 00000000 00:00 0 
7f6a54000000-7f6a54bff000 rw-p 00000000 00:00 0 
7f6a54bff000-7f6a58000000 ---p 00000000 00:00 0 
7f6a58000000-7f6a58021000 rw-p 00000000 00:00 0 
7f6a58021000-7f6a5c000000 ---p 00000000 00:00 0 
7f6a5c000000-7f6a5c5b3000 rw-p 00000000 00:00 0 
7f6a5c5b3000-7f6a60000000 ---p 00000000 00:00 0 
7f6a60000000-7f6a60636000 rw-p 00000000 00:00 0 
7f6a60636000-7f6a64000000 ---p 00000000 00:00 0 
7f6a64000000-7f6a64021000 rw-p 00000000 00:00 0 
7f6a64021000-7f6a68000000 ---p 00000000 00:00 0 
7f6a68000000-7f6a68526000 rw-p 00000000 00:00 0 
7f6a68526000-7f6a6c000000 ---p 00000000 00:00 0 
7f6a6c000000-7f6a6c021000 rw-p 00000000 00:00 0 
7f6a6c021000-7f6a70000000 ---p 00000000 00:00 0 
7f6a70000000-7f6a71298000 rw-p 00000000 00:00 0 
7f6a71298000-7f6a74000000 ---p 00000000 00:00 0 
7f6a74000000-7f6a743da000 rw-p 00000000 00:00 0 
7f6a743da000-7f6a78000000 ---p 00000000 00:00 0 
7f6a78690000-7f6a88000000 rw-p 00000000 00:00 0 
7f6a88000000-7f6a88021000 rw-p 00000000 00:00 0 
7f6a88021000-7f6a8c000000 ---p 00000000 00:00 0 
7f6a8c000000-7f6a8c021000 rw-p 00000000 00:00 0 
7f6a8c021000-7f6a90000000 ---p 00000000 00:00 0 
7f6a90000000-7f6a90021000 rw-p 00000000 00:00 0 
7f6a90021000-7f6a94000000 ---p 00000000 00:00 0 
7f6a947f9000-7f6a947fa000 ---p 00000000 00:00 0 
7f6a947fa000-7f6a94ffa000 rw-p 00000000 00:00 0 
7f6a94ffa000-7f6a94ffb000 ---p 00000000 00:00 0 
7f6a94ffb000-7f6a957fb000 rw-p 00000000 00:00 0 
7f6a977ff000-7f6a97800000 ---p 00000000 00:00 0 
7f6a97800000-7f6a98000000 rw-p 00000000 00:00 0 
7f6a98000000-7f6a98021000 rw-p 00000000 00:00 0 
7f6a98021000-7f6a9c000000 ---p 00000000 00:00 0 
7f6a9c290000-7f6a9c291000 ---p 00000000 00:00 0 
7f6a9c291000-7f6a9ca91000 rw-p 00000000 00:00 0 
7f6a9e294000-7f6a9e414000 rw-p 00000000 00:00 0 
7f6a9e414000-7f6a9e494000 ---p 00000000 00:00 0 
7f6a9e494000-7f6a9e4be000 r-xp 00000000 103:05 1319030                   /usr/lib/jvm/java-8-oracle/jre/lib/amd64/libdcpr.so
7f6a9e4be000-7f6a9e6bd000 ---p 0002a000 103:05 1319030                   /usr/lib/jvm/java-8-oracle/jre/lib/amd64/libdcpr.so
7f6a9e6bd000-7f6a9e6be000 r--p 00029000 103:05 1319030                   /usr/lib/jvm/java-8-oracle/jre/lib/amd64/libdcpr.so
7f6a9e6be000-7f6a9e6c1000 rw-p 0002a000 103:05 1319030                   /usr/lib/jvm/java-8-oracle/jre/lib/amd64/libdcpr.so
7f6a9e6c1000-7f6a9e8c1000 rw-p 00000000 00:00 0 
7f6a9e8c2000-7f6a9e9c2000 rw-s 00000000 00:05 8028180                    /SYSV00000000 (deleted)
7f6a9e9c2000-7f6a9ea2e000 r-xp 00000000 103:05 1319045                   /usr/lib/jvm/java-8-oracle/jre/lib/amd64/libt2k.so
7f6a9ea2e000-7f6a9ec2e000 ---p 0006c000 103:05 1319045                   /usr/lib/jvm/java-8-oracle/jre/lib/amd64/libt2k.so
7f6a9ec2e000-7f6a9ec34000 r--p 0006c000 103:05 1319045                   /usr/lib/jvm/java-8-oracle/jre/lib/amd64/libt2k.so
7f6a9ec34000-7f6a9ec35000 rw-p 00072000 103:05 1319045                   /usr/lib/jvm/java-8-oracle/jre/lib/amd64/libt2k.so
7f6a9ec35000-7f6a9ec46000 r-xp 00000000 103:05 1319086                   /usr/lib/jvm/java-8-oracle/jre/lib/amd64/libnio.so
7f6a9ec46000-7f6a9ee45000 ---p 00011000 103:05 1319086                   /usr/lib/jvm/java-8-oracle/jre/lib/amd64/libnio.so
7f6a9ee45000-7f6a9ee46000 r--p 00010000 103:05 1319086                   /usr/lib/jvm/java-8-oracle/jre/lib/amd64/libnio.so
7f6a9ee46000-7f6a9ee47000 rw-p 00011000 103:05 1319086                   /usr/lib/jvm/java-8-oracle/jre/lib/amd64/libnio.so
7f6a9ee47000-7f6a9ee5d000 r-xp 00000000 103:05 1319083                   /usr/lib/jvm/java-8-oracle/jre/lib/amd64/libnet.so
7f6a9ee5d000-7f6a9f05d000 ---p 00016000 103:05 1319083                   /usr/lib/jvm/java-8-oracle/jre/lib/amd64/libnet.so
7f6a9f05d000-7f6a9f05e000 r--p 00016000 103:05 1319083                   /usr/lib/jvm/java-8-oracle/jre/lib/amd64/libnet.so
7f6a9f05e000-7f6a9f05f000 rw-p 00017000 103:05 1319083                   /usr/lib/jvm/java-8-oracle/jre/lib/amd64/libnet.so
7f6a9f05f000-7f6a9f062000 ---p 00000000 00:00 0 
7f6a9f062000-7f6a9f160000 rw-p 00000000 00:00 0 
7f6a9f160000-7f6a9f163000 ---p 00000000 00:00 0 
7f6a9f163000-7f6a9f461000 rw-p 00000000 00:00 0 
7f6a9f461000-7f6a9f464000 ---p 00000000 00:00 0 
7f6a9f464000-7f6a9f562000 rw-p 00000000 00:00 0 
7f6a9f562000-7f6a9f567000 r-xp 00000000 103:05 401423                    /usr/lib/x86_64-linux-gnu/libXfixes.so.3.1.0
7f6a9f567000-7f6a9f766000 ---p 00005000 103:05 401423                    /usr/lib/x86_64-linux-gnu/libXfixes.so.3.1.0
7f6a9f766000-7f6a9f767000 r--p 00004000 103:05 401423                    /usr/lib/x86_64-linux-gnu/libXfixes.so.3.1.0
7f6a9f767000-7f6a9f768000 rw-p 00005000 103:05 401423                    /usr/lib/x86_64-linux-gnu/libXfixes.so.3.1.0
7f6a9f768000-7f6a9f771000 r-xp 00000000 103:05 401415                    /usr/lib/x86_64-linux-gnu/libXcursor.so.1.0.2
7f6a9f771000-7f6a9f970000 ---p 00009000 103:05 401415                    /usr/lib/x86_64-linux-gnu/libXcursor.so.1.0.2
7f6a9f970000-7f6a9f971000 r--p 00008000 103:05 401415                    /usr/lib/x86_64-linux-gnu/libXcursor.so.1.0.2
7f6a9f971000-7f6a9f972000 rw-p 00009000 103:05 401415                    /usr/lib/x86_64-linux-gnu/libXcursor.so.1.0.2
7f6a9f972000-7f6a9f989000 r-xp 00000000 103:05 3801177                   /lib/x86_64-linux-gnu/libgcc_s.so.1
7f6a9f989000-7f6a9fb88000 ---p 00017000 103:05 3801177                   /lib/x86_64-linux-gnu/libgcc_s.so.1
7f6a9fb88000-7f6a9fb89000 r--p 00016000 103:05 3801177                   /lib/x86_64-linux-gnu/libgcc_s.so.1
7f6a9fb89000-7f6a9fb8a000 rw-p 00017000 103:05 3801177                   /lib/x86_64-linux-gnu/libgcc_s.so.1
7f6a9fb8a000-7f6a9fbe7000 r-xp 00000000 103:05 1319057                   /usr/lib/jvm/java-8-oracle/jre/lib/amd64/libfontmanager.so
7f6a9fbe7000-7f6a9fde7000 ---p 0005d000 103:05 1319057                   /usr/lib/jvm/java-8-oracle/jre/lib/amd64/libfontmanager.so
7f6a9fde7000-7f6a9fdea000 r--p 0005d000 103:05 1319057                   /usr/lib/jvm/java-8-oracle/jre/lib/amd64/libfontmanager.so
7f6a9fdea000-7f6a9fdeb000 rw-p 00060000 103:05 1319057                   /usr/lib/jvm/java-8-oracle/jre/lib/amd64/libfontmanager.so
7f6a9fdeb000-7f6a9fdfe000 r-xp 00000000 103:05 3806054                   /lib/x86_64-linux-gnu/libbsd.so.0.8.7
7f6a9fdfe000-7f6a9fffd000 ---p 00013000 103:05 3806054                   /lib/x86_64-linux-gnu/libbsd.so.0.8.7
7f6a9fffd000-7f6a9fffe000 r--p 00012000 103:05 3806054                   /lib/x86_64-linux-gnu/libbsd.so.0.8.7
7f6a9fffe000-7f6a9ffff000 rw-p 00013000 103:05 3806054                   /lib/x86_64-linux-gnu/libbsd.so.0.8.7
7f6a9ffff000-7f6aa0000000 rw-p 00000000 00:00 0 
7f6aa0000000-7f6aa0021000 rw-p 00000000 00:00 0 
7f6aa0021000-7f6aa4000000 ---p 00000000 00:00 0 
7f6aa4051000-7f6aa405c000 r--s 00000000 103:05 2754318                   /var/cache/fontconfig/945677eb7aeaf62f1d50efc3fb3ec7d8-le64.cache-7
7f6aa405c000-7f6aa4061000 r--s 00000000 103:05 2754289                   /var/cache/fontconfig/2300eef321c393bfd76478a5c0e95b23-le64.cache-7
7f6aa4061000-7f6aa4062000 r--s 00000000 103:05 2754282                   /var/cache/fontconfig/0d8c3b2ac0904cb8a57a757ad11a4a08-le64.cache-7
7f6aa4062000-7f6aa4066000 r--s 00000000 103:05 2758608                   /var/cache/fontconfig/6d41288fd70b0be22e8c3a91e032eec0-le64.cache-7
7f6aa4066000-7f6aa407b000 r--s 00000000 103:05 2754278                   /var/cache/fontconfig/04aabc0a78ac019cf9454389977116d2-le64.cache-7
7f6aa407b000-7f6aa407c000 r--s 00000000 103:05 2754286                   /var/cache/fontconfig/1ac9eb803944fde146138c791f5cc56a-le64.cache-7
7f6aa407c000-7f6aa407d000 r--s 00000000 103:05 2754337                   /var/cache/fontconfig/dc05db6664285cc2f12bf69c139ae4c3-le64.cache-7
7f6aa407d000-7f6aa407f000 r--s 00000000 103:05 2754283                   /var/cache/fontconfig/14a5e22175779b556eaa434240950366-le64.cache-7
7f6aa407f000-7f6aa4080000 r--s 00000000 103:05 2754310                   /var/cache/fontconfig/660208299946a285a940457d1287da33-le64.cache-7
7f6aa4080000-7f6aa4082000 r--s 00000000 103:05 2754301                   /var/cache/fontconfig/4f3e3037c9980c83b53a9351efadef62-le64.cache-7
7f6aa4082000-7f6aa4084000 r--s 00000000 103:05 2754315                   /var/cache/fontconfig/767a8244fc0220cfb567a839d0392e0b-le64.cache-7
7f6aa4084000-7f6aa4085000 r--s 00000000 103:05 2755050                   /var/cache/fontconfig/4794a0821666d79190d59a36cb4f44b5-le64.cache-7
7f6aa4085000-7f6aa4087000 r--s 00000000 103:05 2759434                   /var/cache/fontconfig/0bd3dc0958fa2205aaaa8ebb13e2872b-le64.cache-7
7f6aa4087000-7f6aa408c000 r--s 00000000 103:05 2754338                   /var/cache/fontconfig/def309198bfa603429122923fa2bb2d4-le64.cache-7
7f6aa408c000-7f6aa408d000 r--s 00000000 103:05 2754326                   /var/cache/fontconfig/b872e6e592da6075ffa4ab0a1fcc0c75-le64.cache-7
7f6aa408d000-7f6aa408e000 r--s 00000000 103:05 2754343                   /var/cache/fontconfig/f6d4eedfaab2589bde49f7a3ff831d22-le64.cache-7
7f6aa408e000-7f6aa408f000 r--s 00000000 103:05 2754308                   /var/cache/fontconfig/589f83ef4c36d296ce6e1c846f468f08-le64.cache-7
7f6aa408f000-7f6aa4090000 r--s 00000000 103:05 2754328                   /var/cache/fontconfig/bab58bb527bb656aaa9f116d68a48d89-le64.cache-7
7f6aa4090000-7f6aa4091000 r--s 00000000 103:05 2754287                   /var/cache/fontconfig/2171a34dccabdb6bcbbc728186263178-le64.cache-7
7f6aa4091000-7f6aa4092000 r--s 00000000 103:05 2754329                   /var/cache/fontconfig/c5c45a61289222e0d30b1a26ef4effbe-le64.cache-7
7f6aa4092000-7f6aa4093000 r--s 00000000 103:05 2754324                   /var/cache/fontconfig/aec30016f93e1b46d1a973dce0d74068-le64.cache-7
7f6aa4093000-7f6aa4094000 r--s 00000000 103:05 2754294                   /var/cache/fontconfig/3f589640d34b7dc9042c8d453f7c8b9c-le64.cache-7
7f6aa4094000-7f6aa4095000 r--s 00000000 103:05 2754284                   /var/cache/fontconfig/16c2fda60d1b4b719f4b3d06fd951d25-le64.cache-7
7f6aa4095000-7f6aa4096000 r--s 00000000 103:05 2754323                   /var/cache/fontconfig/a48eab177a16e4f3713381162db2f3e9-le64.cache-7
7f6aa4096000-7f6aa4097000 r--s 00000000 103:05 2754304                   /var/cache/fontconfig/564b2e68ac9bc4e36a6f7f6d6125ec1c-le64.cache-7
7f6aa4097000-7f6aa409c000 r--s 00000000 103:05 2754981                   /var/cache/fontconfig/9d2451b1fd30e5bffe8383fd27c35478-le64.cache-7
7f6aa409c000-7f6aa40a2000 r--s 00000000 103:05 2759433                   /var/cache/fontconfig/3047814df9a2f067bd2d96a2b9c36e5a-le64.cache-7
7f6aa40a2000-7f6aa40aa000 r--s 00000000 103:05 2753774                   /var/cache/fontconfig/bf3b770c553c462765856025a94f1ce6-le64.cache-7
7f6aa40aa000-7f6aa40ab000 r--s 00000000 103:05 2754305                   /var/cache/fontconfig/56cf4f4769d0f4abc89a4895d7bd3ae1-le64.cache-7
7f6aa40ab000-7f6aa40ac000 r--s 00000000 103:05 2754327                   /var/cache/fontconfig/b9d506c9ac06c20b433354fa67a72993-le64.cache-7
7f6aa40ac000-7f6aa40b2000 r--s 00000000 103:05 2754325                   /var/cache/fontconfig/b47c4e1ecd0709278f4910c18777a504-le64.cache-7
7f6aa40b2000-7f6aa40c5000 r--s 00000000 103:05 2754334                   /var/cache/fontconfig/d52a8644073d54c13679302ca1180695-le64.cache-7
7f6aa40c5000-7f6aa40c6000 r--s 00000000 103:05 2754292                   /var/cache/fontconfig/370e5b74bf5dafc30834de68e24a87a4-le64.cache-7
7f6aa40c6000-7f6aa40c7000 r--s 00000000 103:05 2754313                   /var/cache/fontconfig/6b2c5944714ca7831b25bed9e85cb5c8-le64.cache-7
7f6aa40c7000-7f6aa40ca000 ---p 00000000 00:00 0 
7f6aa40ca000-7f6aa41c8000 rw-p 00000000 00:00 0 
7f6aa41c8000-7f6aa41cd000 r-xp 00000000 103:05 401419                    /usr/lib/x86_64-linux-gnu/libXdmcp.so.6.0.0
7f6aa41cd000-7f6aa43cc000 ---p 00005000 103:05 401419                    /usr/lib/x86_64-linux-gnu/libXdmcp.so.6.0.0
7f6aa43cc000-7f6aa43cd000 r--p 00004000 103:05 401419                    /usr/lib/x86_64-linux-gnu/libXdmcp.so.6.0.0
7f6aa43cd000-7f6aa43ce000 rw-p 00005000 103:05 401419                    /usr/lib/x86_64-linux-gnu/libXdmcp.so.6.0.0
7f6aa43ce000-7f6aa43d0000 r-xp 00000000 103:05 401408                    /usr/lib/x86_64-linux-gnu/libXau.so.6.0.0
7f6aa43d0000-7f6aa45d0000 ---p 00002000 103:05 401408                    /usr/lib/x86_64-linux-gnu/libXau.so.6.0.0
7f6aa45d0000-7f6aa45d1000 r--p 00002000 103:05 401408                    /usr/lib/x86_64-linux-gnu/libXau.so.6.0.0
7f6aa45d1000-7f6aa45d2000 rw-p 00003000 103:05 401408                    /usr/lib/x86_64-linux-gnu/libXau.so.6.0.0
7f6aa45d2000-7f6aa45f8000 r-xp 00000000 103:05 396084                    /usr/lib/x86_64-linux-gnu/libxcb.so.1.1.0
7f6aa45f8000-7f6aa47f8000 ---p 00026000 103:05 396084                    /usr/lib/x86_64-linux-gnu/libxcb.so.1.1.0
7f6aa47f8000-7f6aa47f9000 r--p 00026000 103:05 396084                    /usr/lib/x86_64-linux-gnu/libxcb.so.1.1.0
7f6aa47f9000-7f6aa47fa000 rw-p 00027000 103:05 396084                    /usr/lib/x86_64-linux-gnu/libxcb.so.1.1.0
7f6aa47fa000-7f6aa4809000 r-xp 00000000 103:05 401429                    /usr/lib/x86_64-linux-gnu/libXi.so.6.1.0
7f6aa4809000-7f6aa4a08000 ---p 0000f000 103:05 401429                    /usr/lib/x86_64-linux-gnu/libXi.so.6.1.0
7f6aa4a08000-7f6aa4a09000 r--p 0000e000 103:05 401429                    /usr/lib/x86_64-linux-gnu/libXi.so.6.1.0
7f6aa4a09000-7f6aa4a0a000 rw-p 0000f000 103:05 401429                    /usr/lib/x86_64-linux-gnu/libXi.so.6.1.0
7f6aa4a0a000-7f6aa4a0f000 r-xp 00000000 103:05 401447                    /usr/lib/x86_64-linux-gnu/libXtst.so.6.1.0
7f6aa4a0f000-7f6aa4c0e000 ---p 00005000 103:05 401447                    /usr/lib/x86_64-linux-gnu/libXtst.so.6.1.0
7f6aa4c0e000-7f6aa4c0f000 r--p 00004000 103:05 401447                    /usr/lib/x86_64-linux-gnu/libXtst.so.6.1.0
7f6aa4c0f000-7f6aa4c10000 rw-p 00005000 103:05 401447                    /usr/lib/x86_64-linux-gnu/libXtst.so.6.1.0
7f6aa4c10000-7f6aa4c19000 r-xp 00000000 103:05 401441                    /usr/lib/x86_64-linux-gnu/libXrender.so.1.3.0
7f6aa4c19000-7f6aa4e18000 ---p 00009000 103:05 401441                    /usr/lib/x86_64-linux-gnu/libXrender.so.1.3.0
7f6aa4e18000-7f6aa4e19000 r--p 00008000 103:05 401441                    /usr/lib/x86_64-linux-gnu/libXrender.so.1.3.0
7f6aa4e19000-7f6aa4e1a000 rw-p 00009000 103:05 401441                    /usr/lib/x86_64-linux-gnu/libXrender.so.1.3.0
7f6aa4e1a000-7f6aa4f4d000 r-xp 00000000 103:05 400060                    /usr/lib/x86_64-linux-gnu/libX11.so.6.3.0
7f6aa4f4d000-7f6aa514d000 ---p 00133000 103:05 400060                    /usr/lib/x86_64-linux-gnu/libX11.so.6.3.0
7f6aa514d000-7f6aa514e000 r--p 00133000 103:05 400060                    /usr/lib/x86_64-linux-gnu/libX11.so.6.3.0
7f6aa514e000-7f6aa5152000 rw-p 00134000 103:05 400060                    /usr/lib/x86_64-linux-gnu/libX11.so.6.3.0
7f6aa5152000-7f6aa5163000 r-xp 00000000 103:05 401421                    /usr/lib/x86_64-linux-gnu/libXext.so.6.4.0
7f6aa5163000-7f6aa5362000 ---p 00011000 103:05 401421                    /usr/lib/x86_64-linux-gnu/libXext.so.6.4.0
7f6aa5362000-7f6aa5363000 r--p 00010000 103:05 401421                    /usr/lib/x86_64-linux-gnu/libXext.so.6.4.0
7f6aa5363000-7f6aa5364000 rw-p 00011000 103:05 401421                    /usr/lib/x86_64-linux-gnu/libXext.so.6.4.0
7f6aa5364000-7f6aa538a000 r--p 00000000 103:05 1182632                   /usr/share/locale-langpack/fr/LC_MESSAGES/libc.mo
7f6aa538a000-7f6aa53dd000 r-xp 00000000 103:05 1319090                   /usr/lib/jvm/java-8-oracle/jre/lib/amd64/libawt_xawt.so
7f6aa53dd000-7f6aa55dc000 ---p 00053000 103:05 1319090                   /usr/lib/jvm/java-8-oracle/jre/lib/amd64/libawt_xawt.so
7f6aa55dc000-7f6aa55dd000 r--p 00052000 103:05 1319090                   /usr/lib/jvm/java-8-oracle/jre/lib/amd64/libawt_xawt.so
7f6aa55dd000-7f6aa55e0000 rw-p 00053000 103:05 1319090                   /usr/lib/jvm/java-8-oracle/jre/lib/amd64/libawt_xawt.so
7f6aa55e0000-7f6aa55e1000 rw-p 00000000 00:00 0 
7f6aa55e1000-7f6aa5681000 r-xp 00000000 103:05 1319075                   /usr/lib/jvm/java-8-oracle/jre/lib/amd64/libawt.so
7f6aa5681000-7f6aa5880000 ---p 000a0000 103:05 1319075                   /usr/lib/jvm/java-8-oracle/jre/lib/amd64/libawt.so
7f6aa5880000-7f6aa5881000 r--p 0009f000 103:05 1319075                   /usr/lib/jvm/java-8-oracle/jre/lib/amd64/libawt.so
7f6aa5881000-7f6aa588c000 rw-p 000a0000 103:05 1319075                   /usr/lib/jvm/java-8-oracle/jre/lib/amd64/libawt.so
7f6aa588c000-7f6aa58b1000 rw-p 00000000 00:00 0 
7f6aa58b1000-7f6aa58b2000 ---p 00000000 00:00 0 
7f6aa58b2000-7f6aa59b2000 rw-p 00000000 00:00 0 
7f6aa59b2000-7f6aa59b5000 ---p 00000000 00:00 0 
7f6aa59b5000-7f6aa5ab3000 rw-p 00000000 00:00 0 
7f6aa5ab3000-7f6aa5ab4000 ---p 00000000 00:00 0 
7f6aa5ab4000-7f6aa5ab7000 ---p 00000000 00:00 0 
7f6aa5ab7000-7f6aa5bb4000 rw-p 00000000 00:00 0 
7f6aa5bb4000-7f6aa5bb5000 ---p 00000000 00:00 0 
7f6aa5bb5000-7f6aa5bb8000 ---p 00000000 00:00 0 
7f6aa5bb8000-7f6aa5cb5000 rw-p 00000000 00:00 0 
7f6aa5cb5000-7f6aa5cb6000 ---p 00000000 00:00 0 
7f6aa5cb6000-7f6aa5cb9000 ---p 00000000 00:00 0 
7f6aa5cb9000-7f6aa5db6000 rw-p 00000000 00:00 0 
7f6aa5db6000-7f6aa5db7000 ---p 00000000 00:00 0 
7f6aa5db7000-7f6aa5dba000 ---p 00000000 00:00 0 
7f6aa5dba000-7f6aa5eb7000 rw-p 00000000 00:00 0 
7f6aa5eb7000-7f6aa5eba000 ---p 00000000 00:00 0 
7f6aa5eba000-7f6aa5fb8000 rw-p 00000000 00:00 0 
7f6aa5fb8000-7f6aa6987000 r--p 00000000 103:05 400112                    /usr/lib/locale/locale-archive
7f6aa6987000-7f6aa698a000 ---p 00000000 00:00 0 
7f6aa698a000-7f6aa6a88000 rw-p 00000000 00:00 0 
7f6aa6a88000-7f6aa6a8b000 ---p 00000000 00:00 0 
7f6aa6a8b000-7f6aa6b89000 rw-p 00000000 00:00 0 
7f6aa6b89000-7f6aa6b8a000 ---p 00000000 00:00 0 
7f6aa6b8a000-7f6aa8000000 rw-p 00000000 00:00 0 
7f6aa8000000-7f6aa8021000 rw-p 00000000 00:00 0 
7f6aa8021000-7f6aac000000 ---p 00000000 00:00 0 
7f6aac000000-7f6aac021000 rw-p 00000000 00:00 0 
7f6aac021000-7f6ab0000000 ---p 00000000 00:00 0 
7f6ab0000000-7f6ab0021000 rw-p 00000000 00:00 0 
7f6ab0021000-7f6ab4000000 ---p 00000000 00:00 0 
7f6ab4000000-7f6ab4021000 rw-p 00000000 00:00 0 
7f6ab4021000-7f6ab8000000 ---p 00000000 00:00 0 
7f6ab8000000-7f6ab8021000 rw-p 00000000 00:00 0 
7f6ab8021000-7f6abc000000 ---p 00000000 00:00 0 
7f6abc000000-7f6abc001000 r--s 00000000 103:05 2754333                   /var/cache/fontconfig/d5178ab6d91b49bf20a416737dcea9e8-le64.cache-7
7f6abc001000-7f6abc002000 r--s 00000000 103:05 2754303                   /var/cache/fontconfig/551ecf3b0e8b0bca0f25c0944f561853-le64.cache-7
7f6abc002000-7f6abc005000 r--s 00000000 103:05 2754342                   /var/cache/fontconfig/f259c2cffa685e28062317905db73c4a-le64.cache-7
7f6abc005000-7f6abc007000 r--s 00000000 103:05 2754302                   /var/cache/fontconfig/550f3886151c940c12a5ed35f6a00586-le64.cache-7
7f6abc007000-7f6abc00a000 r--s 00000000 103:05 2754311                   /var/cache/fontconfig/674d1711f2d1d2a09646eb0bdcadee49-le64.cache-7
7f6abc00a000-7f6abc00b000 r--s 00000000 103:05 2754295                   /var/cache/fontconfig/3f7329c5293ffd510edef78f73874cfd-le64.cache-7
7f6abc00b000-7f6abc00f000 r--s 00000000 103:05 2754335                   /var/cache/fontconfig/d589a48862398ed80a3d6066f4f56f4c-le64.cache-7
7f6abc00f000-7f6abcf53000 rw-p 00000000 00:00 0 
7f6abcf53000-7f6abd12d000 r--s 03d6f000 103:05 1319016                   /usr/lib/jvm/java-8-oracle/jre/lib/rt.jar
7f6abd12d000-7f6abe93a000 rw-p 00000000 00:00 0 
7f6abe93a000-7f6abe93b000 ---p 00000000 00:00 0 
7f6abe93b000-7f6abea3b000 rw-p 00000000 00:00 0 
7f6abea3b000-7f6abea3c000 ---p 00000000 00:00 0 
7f6abea3c000-7f6abeb3c000 rw-p 00000000 00:00 0 
7f6abeb3c000-7f6abeb3d000 ---p 00000000 00:00 0 
7f6abeb3d000-7f6abec3d000 rw-p 00000000 00:00 0 
7f6abec3d000-7f6abec3e000 ---p 00000000 00:00 0 
7f6abec3e000-7f6abed3e000 rw-p 00000000 00:00 0 
7f6abed3e000-7f6abed3f000 ---p 00000000 00:00 0 
7f6abed3f000-7f6abee3f000 rw-p 00000000 00:00 0 
7f6abee3f000-7f6abee40000 ---p 00000000 00:00 0 
7f6abee40000-7f6abef40000 rw-p 00000000 00:00 0 
7f6abef40000-7f6abef41000 ---p 00000000 00:00 0 
7f6abef41000-7f6abf041000 rw-p 00000000 00:00 0 
7f6abf041000-7f6abf042000 ---p 00000000 00:00 0 
7f6abf042000-7f6abf142000 rw-p 00000000 00:00 0 
7f6abf142000-7f6abf143000 ---p 00000000 00:00 0 
7f6abf143000-7f6abf4ca000 rw-p 00000000 00:00 0 
7f6abf4ca000-7f6abfca8000 ---p 00000000 00:00 0 
7f6abfca8000-7f6abff2f000 rw-p 00000000 00:00 0 
7f6abff2f000-7f6ac070c000 ---p 00000000 00:00 0 
7f6ac070c000-7f6ac0c3f000 rw-p 00000000 00:00 0 
7f6ac0c3f000-7f6ac0c60000 rw-p 00000000 00:00 0 
7f6ac0c60000-7f6ac1000000 ---p 00000000 00:00 0 
7f6ac1000000-7f6ac17f0000 rwxp 00000000 00:00 0 
7f6ac17f0000-7f6ad0000000 ---p 00000000 00:00 0 
7f6ad0000000-7f6ad3dfc000 rw-p 00000000 00:00 0 
7f6ad3dfc000-7f6ad4000000 ---p 00000000 00:00 0 
7f6ad4000000-7f6ad400e000 r--s 00000000 103:05 2754320                   /var/cache/fontconfig/9b89f8e3dae116d678bbf48e5f21f69b-le64.cache-7
7f6ad400e000-7f6ad401c000 r--s 00000000 103:05 2764616                   /var/cache/fontconfig/e13b20fdb08344e0e664864cc2ede53d-le64.cache-7
7f6ad401c000-7f6ad4098000 rw-p 00000000 00:00 0 
7f6ad4098000-7f6ad4099000 ---p 00000000 00:00 0 
7f6ad4099000-7f6ad4199000 rw-p 00000000 00:00 0 
7f6ad4199000-7f6ad41b4000 r-xp 00000000 103:05 1319079                   /usr/lib/jvm/java-8-oracle/jre/lib/amd64/libzip.so
7f6ad41b4000-7f6ad43b3000 ---p 0001b000 103:05 1319079                   /usr/lib/jvm/java-8-oracle/jre/lib/amd64/libzip.so
7f6ad43b3000-7f6ad43b4000 r--p 0001a000 103:05 1319079                   /usr/lib/jvm/java-8-oracle/jre/lib/amd64/libzip.so
7f6ad43b4000-7f6ad43b5000 rw-p 0001b000 103:05 1319079                   /usr/lib/jvm/java-8-oracle/jre/lib/amd64/libzip.so
7f6ad43b5000-7f6ad43c0000 r-xp 00000000 103:05 3806148                   /lib/x86_64-linux-gnu/libnss_files-2.27.so
7f6ad43c0000-7f6ad45bf000 ---p 0000b000 103:05 3806148                   /lib/x86_64-linux-gnu/libnss_files-2.27.so
7f6ad45bf000-7f6ad45c0000 r--p 0000a000 103:05 3806148                   /lib/x86_64-linux-gnu/libnss_files-2.27.so
7f6ad45c0000-7f6ad45c1000 rw-p 0000b000 103:05 3806148                   /lib/x86_64-linux-gnu/libnss_files-2.27.so
7f6ad45c1000-7f6ad45c7000 rw-p 00000000 00:00 0 
7f6ad45c7000-7f6ad45de000 r-xp 00000000 103:05 3806142                   /lib/x86_64-linux-gnu/libnsl-2.27.so
7f6ad45de000-7f6ad47dd000 ---p 00017000 103:05 3806142                   /lib/x86_64-linux-gnu/libnsl-2.27.so
7f6ad47dd000-7f6ad47de000 r--p 00016000 103:05 3806142                   /lib/x86_64-linux-gnu/libnsl-2.27.so
7f6ad47de000-7f6ad47df000 rw-p 00017000 103:05 3806142                   /lib/x86_64-linux-gnu/libnsl-2.27.so
7f6ad47df000-7f6ad47e1000 rw-p 00000000 00:00 0 
7f6ad47e1000-7f6ad47ec000 r-xp 00000000 103:05 3806159                   /lib/x86_64-linux-gnu/libnss_nis-2.27.so
7f6ad47ec000-7f6ad49eb000 ---p 0000b000 103:05 3806159                   /lib/x86_64-linux-gnu/libnss_nis-2.27.so
7f6ad49eb000-7f6ad49ec000 r--p 0000a000 103:05 3806159                   /lib/x86_64-linux-gnu/libnss_nis-2.27.so
7f6ad49ec000-7f6ad49ed000 rw-p 0000b000 103:05 3806159                   /lib/x86_64-linux-gnu/libnss_nis-2.27.so
7f6ad49ed000-7f6ad49f5000 r-xp 00000000 103:05 3806144                   /lib/x86_64-linux-gnu/libnss_compat-2.27.so
7f6ad49f5000-7f6ad4bf5000 ---p 00008000 103:05 3806144                   /lib/x86_64-linux-gnu/libnss_compat-2.27.so
7f6ad4bf5000-7f6ad4bf6000 r--p 00008000 103:05 3806144                   /lib/x86_64-linux-gnu/libnss_compat-2.27.so
7f6ad4bf6000-7f6ad4bf7000 rw-p 00009000 103:05 3806144                   /lib/x86_64-linux-gnu/libnss_compat-2.27.so
7f6ad4bf7000-7f6ad4c23000 r-xp 00000000 103:05 1319071                   /usr/lib/jvm/java-8-oracle/jre/lib/amd64/libjava.so
7f6ad4c23000-7f6ad4e23000 ---p 0002c000 103:05 1319071                   /usr/lib/jvm/java-8-oracle/jre/lib/amd64/libjava.so
7f6ad4e23000-7f6ad4e24000 r--p 0002c000 103:05 1319071                   /usr/lib/jvm/java-8-oracle/jre/lib/amd64/libjava.so
7f6ad4e24000-7f6ad4e26000 rw-p 0002d000 103:05 1319071                   /usr/lib/jvm/java-8-oracle/jre/lib/amd64/libjava.so
7f6ad4e26000-7f6ad4e33000 r-xp 00000000 103:05 1319077                   /usr/lib/jvm/java-8-oracle/jre/lib/amd64/libverify.so
7f6ad4e33000-7f6ad5032000 ---p 0000d000 103:05 1319077                   /usr/lib/jvm/java-8-oracle/jre/lib/amd64/libverify.so
7f6ad5032000-7f6ad5034000 r--p 0000c000 103:05 1319077                   /usr/lib/jvm/java-8-oracle/jre/lib/amd64/libverify.so
7f6ad5034000-7f6ad5035000 rw-p 0000e000 103:05 1319077                   /usr/lib/jvm/java-8-oracle/jre/lib/amd64/libverify.so
7f6ad5035000-7f6ad503c000 r-xp 00000000 103:05 3806199                   /lib/x86_64-linux-gnu/librt-2.27.so
7f6ad503c000-7f6ad523b000 ---p 00007000 103:05 3806199                   /lib/x86_64-linux-gnu/librt-2.27.so
7f6ad523b000-7f6ad523c000 r--p 00006000 103:05 3806199                   /lib/x86_64-linux-gnu/librt-2.27.so
7f6ad523c000-7f6ad523d000 rw-p 00007000 103:05 3806199                   /lib/x86_64-linux-gnu/librt-2.27.so
7f6ad523d000-7f6ad53da000 r-xp 00000000 103:05 3806121                   /lib/x86_64-linux-gnu/libm-2.27.so
7f6ad53da000-7f6ad55d9000 ---p 0019d000 103:05 3806121                   /lib/x86_64-linux-gnu/libm-2.27.so
7f6ad55d9000-7f6ad55da000 r--p 0019c000 103:05 3806121                   /lib/x86_64-linux-gnu/libm-2.27.so
7f6ad55da000-7f6ad55db000 rw-p 0019d000 103:05 3806121                   /lib/x86_64-linux-gnu/libm-2.27.so
7f6ad55db000-7f6ad62c3000 r-xp 00000000 103:05 1581920                   /usr/lib/jvm/java-8-oracle/jre/lib/amd64/server/libjvm.so
7f6ad62c3000-7f6ad64c2000 ---p 00ce8000 103:05 1581920                   /usr/lib/jvm/java-8-oracle/jre/lib/amd64/server/libjvm.so
7f6ad64c2000-7f6ad6558000 r--p 00ce7000 103:05 1581920                   /usr/lib/jvm/java-8-oracle/jre/lib/amd64/server/libjvm.so
7f6ad6558000-7f6ad6589000 rw-p 00d7d000 103:05 1581920                   /usr/lib/jvm/java-8-oracle/jre/lib/amd64/server/libjvm.so
7f6ad6589000-7f6ad65c4000 rw-p 00000000 00:00 0 
7f6ad65c4000-7f6ad67ab000 r-xp 00000000 103:05 3806058                   /lib/x86_64-linux-gnu/libc-2.27.so
7f6ad67ab000-7f6ad69ab000 ---p 001e7000 103:05 3806058                   /lib/x86_64-linux-gnu/libc-2.27.so
7f6ad69ab000-7f6ad69af000 r--p 001e7000 103:05 3806058                   /lib/x86_64-linux-gnu/libc-2.27.so
7f6ad69af000-7f6ad69b1000 rw-p 001eb000 103:05 3806058                   /lib/x86_64-linux-gnu/libc-2.27.so
7f6ad69b1000-7f6ad69b5000 rw-p 00000000 00:00 0 
7f6ad69b5000-7f6ad69b8000 r-xp 00000000 103:05 3806081                   /lib/x86_64-linux-gnu/libdl-2.27.so
7f6ad69b8000-7f6ad6bb7000 ---p 00003000 103:05 3806081                   /lib/x86_64-linux-gnu/libdl-2.27.so
7f6ad6bb7000-7f6ad6bb8000 r--p 00002000 103:05 3806081                   /lib/x86_64-linux-gnu/libdl-2.27.so
7f6ad6bb8000-7f6ad6bb9000 rw-p 00003000 103:05 3806081                   /lib/x86_64-linux-gnu/libdl-2.27.so
7f6ad6bb9000-7f6ad6bd0000 r-xp 00000000 103:05 409197                    /usr/lib/jvm/java-8-oracle/lib/amd64/jli/libjli.so
7f6ad6bd0000-7f6ad6dcf000 ---p 00017000 103:05 409197                    /usr/lib/jvm/java-8-oracle/lib/amd64/jli/libjli.so
7f6ad6dcf000-7f6ad6dd0000 r--p 00016000 103:05 409197                    /usr/lib/jvm/java-8-oracle/lib/amd64/jli/libjli.so
7f6ad6dd0000-7f6ad6dd1000 rw-p 00017000 103:05 409197                    /usr/lib/jvm/java-8-oracle/lib/amd64/jli/libjli.so
7f6ad6dd1000-7f6ad6deb000 r-xp 00000000 103:05 3806191                   /lib/x86_64-linux-gnu/libpthread-2.27.so
7f6ad6deb000-7f6ad6fea000 ---p 0001a000 103:05 3806191                   /lib/x86_64-linux-gnu/libpthread-2.27.so
7f6ad6fea000-7f6ad6feb000 r--p 00019000 103:05 3806191                   /lib/x86_64-linux-gnu/libpthread-2.27.so
7f6ad6feb000-7f6ad6fec000 rw-p 0001a000 103:05 3806191                   /lib/x86_64-linux-gnu/libpthread-2.27.so
7f6ad6fec000-7f6ad6ff0000 rw-p 00000000 00:00 0 
7f6ad6ff0000-7f6ad6ff6000 r-xp 00000000 103:05 413404                    /usr/lib/x86_64-linux-gnu/libgtk3-nocsd.so.0
7f6ad6ff6000-7f6ad71f5000 ---p 00006000 103:05 413404                    /usr/lib/x86_64-linux-gnu/libgtk3-nocsd.so.0
7f6ad71f5000-7f6ad71f6000 r--p 00005000 103:05 413404                    /usr/lib/x86_64-linux-gnu/libgtk3-nocsd.so.0
7f6ad71f6000-7f6ad71f7000 rw-p 00006000 103:05 413404                    /usr/lib/x86_64-linux-gnu/libgtk3-nocsd.so.0
7f6ad71f7000-7f6ad721e000 r-xp 00000000 103:05 3806030                   /lib/x86_64-linux-gnu/ld-2.27.so
7f6ad721e000-7f6ad721f000 r--s 00000000 103:05 2754281                   /var/cache/fontconfig/0c9eb80ebd1c36541ebe2852d3bb0c49-le64.cache-7
7f6ad721f000-7f6ad7220000 r--s 00000000 103:05 2754288                   /var/cache/fontconfig/22368d551a680bfe5a62c02760edf4ea-le64.cache-7
7f6ad7220000-7f6ad7221000 r--s 00000000 103:05 2754300                   /var/cache/fontconfig/4d9c95eba1cb85bbcf2878543262124a-le64.cache-7
7f6ad7221000-7f6ad7222000 r--s 00000000 103:05 2754317                   /var/cache/fontconfig/85e0a52ce643a7ba2ae53e5d6949cead-le64.cache-7
7f6ad7222000-7f6ad7223000 r--s 00000000 103:05 2754297                   /var/cache/fontconfig/49f0de54bdd920fe4f0dfd4cbac43e6b-le64.cache-7
7f6ad7223000-7f6ad7224000 r--s 00000000 103:05 2754344                   /var/cache/fontconfig/f6e6e0a5c3d2f6ae0c0c2e0ecd42a997-le64.cache-7
7f6ad7224000-7f6ad7225000 r--s 00000000 103:05 2754298                   /var/cache/fontconfig/4b2eda6bb976bda485cb2176619421d5-le64.cache-7
7f6ad7225000-7f6ad722f000 r--s 00226000 103:05 1984601                   /home/fernandr/.m2/repository/net/imagej/ij/1.52k/ij-1.52k.jar
7f6ad722f000-7f6ad72f3000 rw-p 00000000 00:00 0 
7f6ad72f3000-7f6ad72f4000 ---p 00000000 00:00 0 
7f6ad72f4000-7f6ad72f7000 ---p 00000000 00:00 0 
7f6ad72f7000-7f6ad73f8000 rw-p 00000000 00:00 0 
7f6ad73f8000-7f6ad73fa000 r--s 00000000 103:05 2754312                   /var/cache/fontconfig/6afa1bb216ce958c1589e297e8008489-le64.cache-7
7f6ad73fa000-7f6ad7401000 r--s 00000000 103:05 657616                    /usr/lib/x86_64-linux-gnu/gconv/gconv-modules.cache
7f6ad7401000-7f6ad7408000 r--s 00095000 103:05 2028044                   /home/fernandr/Programmes/LIB_EXT/JAR/VIB-lib-2.1.2.jar
7f6ad7408000-7f6ad7413000 r--s 00093000 103:05 1983880                   /home/fernandr/Programmes/LIB_EXT/JAR/simpleitk-1.2.0.jar
7f6ad7413000-7f6ad7414000 r--s 00005000 103:05 3411772                   /home/fernandr/eclipse-workspace/MyIJPlugs/vitimage/target/lib/ext/lma.jar
7f6ad7414000-7f6ad741c000 rw-s 00000000 103:05 2884091                   /tmp/hsperfdata_fernandr/15557
7f6ad741c000-7f6ad741d000 rw-p 00000000 00:00 0 
7f6ad741d000-7f6ad741e000 r--p 00000000 00:00 0 
7f6ad741e000-7f6ad741f000 r--p 00027000 103:05 3806030                   /lib/x86_64-linux-gnu/ld-2.27.so
7f6ad741f000-7f6ad7420000 rw-p 00028000 103:05 3806030                   /lib/x86_64-linux-gnu/ld-2.27.so
7f6ad7420000-7f6ad7421000 rw-p 00000000 00:00 0 
7ffc63242000-7ffc63263000 rw-p 00000000 00:00 0                          [stack]
7ffc632e5000-7ffc632e8000 r--p 00000000 00:00 0                          [vvar]
7ffc632e8000-7ffc632ea000 r-xp 00000000 00:00 0                          [vdso]
ffffffffff600000-ffffffffff601000 r-xp 00000000 00:00 0                  [vsyscall]

VM Arguments:
jvm_args: -Djava.library.path=/home/fernandr/Programmes/Fiji.app/lib/linux64 -Dfile.encoding=UTF-8 
java_command: com.vitimage.BlockMatchingRegistration
java_class_path (initial): /home/fernandr/eclipse-workspace/MyIJPlugs/vitimage/target/lib/ext/lma.jar:/home/fernandr/eclipse-workspace/MyIJPlugs/vitimage/target/classes:/home/fernandr/Programmes/LIB_EXT/JAR/simpleitk-1.2.0.jar:/home/fernandr/Programmes/LIB_EXT/JAR/VIB-lib-2.1.2.jar:/home/fernandr/.m2/repository/net/imagej/ij/1.52k/ij-1.52k.jar:/usr/lib/jvm/java-8-oracle/lib/tools.jar:/home/fernandr/.m2/repository/sc/fiji/imagescience/3.0.0/imagescience-3.0.0.jar:/home/fernandr/.m2/repository/sc/fiji/Image_5D/1.2.6/Image_5D-1.2.6.jar:/home/fernandr/.m2/repository/sc/fiji/VIB-lib/2.1.2/VIB-lib-2.1.2.jar:/home/fernandr/.m2/repository/sc/fiji/pal-optimization/2.0.0/pal-optimization-2.0.0.jar:/home/fernandr/.m2/repository/gov/nist/math/jama/1.0.3/jama-1.0.3.jar
Launcher Type: SUN_STANDARD

Environment Variables:
JAVA_HOME=/usr/lib/jvm/java-8-oracle
PATH=/usr/local/sbin:/usr/local/bin:/usr/sbin:/usr/bin:/sbin:/bin:/usr/games:/usr/local/games:/home/fernandr/Programmes/ImageJ:/home/fernandr/Programmes/Fiji.app:/snap/bin:/usr/lib/jvm/java-8-oracle/bin:/usr/lib/jvm/java-8-oracle/db/bin:/usr/lib/jvm/java-8-oracle/jre/bin
USERNAME=fernandr
LD_PRELOAD=libgtk3-nocsd.so.0
SHELL=/bin/bash
DISPLAY=:0

Signal Handlers:
SIGSEGV: [libjvm.so+0xad3e60], sa_mask[0]=11111111011111111101111111111110, sa_flags=SA_RESTART|SA_SIGINFO
SIGBUS: [libjvm.so+0xad3e60], sa_mask[0]=11111111011111111101111111111110, sa_flags=SA_RESTART|SA_SIGINFO
SIGFPE: [libjvm.so+0x90b880], sa_mask[0]=11111111011111111101111111111110, sa_flags=SA_RESTART|SA_SIGINFO
SIGPIPE: [libjvm.so+0x90b880], sa_mask[0]=11111111011111111101111111111110, sa_flags=SA_RESTART|SA_SIGINFO
SIGXFSZ: [libjvm.so+0x90b880], sa_mask[0]=11111111011111111101111111111110, sa_flags=SA_RESTART|SA_SIGINFO
SIGILL: [libjvm.so+0x90b880], sa_mask[0]=11111111011111111101111111111110, sa_flags=SA_RESTART|SA_SIGINFO
SIGUSR1: SIG_DFL, sa_mask[0]=00000000000000000000000000000000, sa_flags=none
SIGUSR2: [libjvm.so+0x90b750], sa_mask[0]=00100000000000000000000000000000, sa_flags=SA_RESTART|SA_SIGINFO
SIGHUP: [libjvm.so+0x90bd70], sa_mask[0]=11111111011111111101111111111110, sa_flags=SA_RESTART|SA_SIGINFO
SIGINT: [libjvm.so+0x90bd70], sa_mask[0]=11111111011111111101111111111110, sa_flags=SA_RESTART|SA_SIGINFO
SIGTERM: [libjvm.so+0x90bd70], sa_mask[0]=11111111011111111101111111111110, sa_flags=SA_RESTART|SA_SIGINFO
SIGQUIT: [libjvm.so+0x90bd70], sa_mask[0]=11111111011111111101111111111110, sa_flags=SA_RESTART|SA_SIGINFO


---------------  S Y S T E M  ---------------

OS:DISTRIB_ID=Ubuntu
DISTRIB_RELEASE=18.04
DISTRIB_CODENAME=bionic
DISTRIB_DESCRIPTION="Ubuntu 18.04.2 LTS"

uname:Linux 4.15.0-47-generic #50-Ubuntu SMP Wed Mar 13 10:44:52 UTC 2019 x86_64
libc:glibc 2.27 NPTL 2.27 
rlimit: STACK 8192k, CORE 0k, NPROC 127341, NOFILE 4096, AS infinity
load average:2,92 2,08 1,99

/proc/meminfo:
MemTotal:       32693780 kB
MemFree:        20990364 kB
MemAvailable:   23800408 kB
Buffers:          855120 kB
Cached:          2408084 kB
SwapCached:            0 kB
Active:          9053064 kB
Inactive:        1976520 kB
Active(anon):    7774496 kB
Inactive(anon):   207620 kB
Active(file):    1278568 kB
Inactive(file):  1768900 kB
Unevictable:       13612 kB
Mlocked:           13612 kB
SwapTotal:      19530748 kB
SwapFree:       19530748 kB
Dirty:               304 kB
Writeback:             0 kB
AnonPages:       7780240 kB
Mapped:           841952 kB
Shmem:            211216 kB
Slab:             331044 kB
SReclaimable:     234260 kB
SUnreclaim:        96784 kB
KernelStack:       20752 kB
PageTables:        77924 kB
NFS_Unstable:          0 kB
Bounce:                0 kB
WritebackTmp:          0 kB
CommitLimit:    35877636 kB
Committed_AS:   15381104 kB
VmallocTotal:   34359738367 kB
VmallocUsed:           0 kB
VmallocChunk:          0 kB
HardwareCorrupted:     0 kB
AnonHugePages:         0 kB
ShmemHugePages:        0 kB
ShmemPmdMapped:        0 kB
CmaTotal:              0 kB
CmaFree:               0 kB
HugePages_Total:       0
HugePages_Free:        0
HugePages_Rsvd:        0
HugePages_Surp:        0
Hugepagesize:       2048 kB
DirectMap4k:      543228 kB
DirectMap2M:    23328768 kB
DirectMap1G:    10485760 kB

container (cgroup) information:
container_type: cgroupv1
cpu_cpuset_cpus: 0-11
cpu_memory_nodes: 0
active_processor_count: 12
cpu_quota: -1
cpu_period: 100000
cpu_shares: -1
memory_limit_in_bytes: -1
memory_and_swap_limit_in_bytes: -2
memory_soft_limit_in_bytes: -1
memory_usage_in_bytes: 11309158400
memory_max_usage_in_bytes: 0


CPU:total 12 (initial active 12) (6 cores per cpu, 2 threads per core) family 6 model 158 stepping 10, cmov, cx8, fxsr, mmx, sse, sse2, sse3, ssse3, sse4.1, sse4.2, popcnt, avx, avx2, aes, clmul, erms, rtm, 3dnowpref, lzcnt, ht, tsc, tscinvbit, bmi1, bmi2, adx

/proc/cpuinfo:
processor	: 0
vendor_id	: GenuineIntel
cpu family	: 6
model		: 158
model name	: Intel(R) Xeon(R) E-2186M  CPU @ 2.90GHz
stepping	: 10
microcode	: 0x96
cpu MHz		: 4463.137
cache size	: 12288 KB
physical id	: 0
siblings	: 12
core id		: 0
cpu cores	: 6
apicid		: 0
initial apicid	: 0
fpu		: yes
fpu_exception	: yes
cpuid level	: 22
wp		: yes
flags		: fpu vme de pse tsc msr pae mce cx8 apic sep mtrr pge mca cmov pat pse36 clflush dts acpi mmx fxsr sse sse2 ss ht tm pbe syscall nx pdpe1gb rdtscp lm constant_tsc art arch_perfmon pebs bts rep_good nopl xtopology nonstop_tsc cpuid aperfmperf tsc_known_freq pni pclmulqdq dtes64 monitor ds_cpl vmx smx est tm2 ssse3 sdbg fma cx16 xtpr pdcm pcid sse4_1 sse4_2 x2apic movbe popcnt tsc_deadline_timer aes xsave avx f16c rdrand lahf_lm abm 3dnowprefetch cpuid_fault epb invpcid_single pti ssbd ibrs ibpb stibp tpr_shadow vnmi flexpriority ept vpid fsgsbase tsc_adjust bmi1 hle avx2 smep bmi2 erms invpcid rtm mpx rdseed adx smap clflushopt intel_pt xsaveopt xsavec xgetbv1 xsaves dtherm ida arat pln pts hwp hwp_notify hwp_act_window hwp_epp flush_l1d
bugs		: cpu_meltdown spectre_v1 spectre_v2 spec_store_bypass l1tf
bogomips	: 5808.00
clflush size	: 64
cache_alignment	: 64
address sizes	: 39 bits physical, 48 bits virtual
power management:

processor	: 1
vendor_id	: GenuineIntel
cpu family	: 6
model		: 158
model name	: Intel(R) Xeon(R) E-2186M  CPU @ 2.90GHz
stepping	: 10
microcode	: 0x96
cpu MHz		: 4291.861
cache size	: 12288 KB
physical id	: 0
siblings	: 12
core id		: 1
cpu cores	: 6
apicid		: 2
initial apicid	: 2
fpu		: yes
fpu_exception	: yes
cpuid level	: 22
wp		: yes
flags		: fpu vme de pse tsc msr pae mce cx8 apic sep mtrr pge mca cmov pat pse36 clflush dts acpi mmx fxsr sse sse2 ss ht tm pbe syscall nx pdpe1gb rdtscp lm constant_tsc art arch_perfmon pebs bts rep_good nopl xtopology nonstop_tsc cpuid aperfmperf tsc_known_freq pni pclmulqdq dtes64 monitor ds_cpl vmx smx est tm2 ssse3 sdbg fma cx16 xtpr pdcm pcid sse4_1 sse4_2 x2apic movbe popcnt tsc_deadline_timer aes xsave avx f16c rdrand lahf_lm abm 3dnowprefetch cpuid_fault epb invpcid_single pti ssbd ibrs ibpb stibp tpr_shadow vnmi flexpriority ept vpid fsgsbase tsc_adjust bmi1 hle avx2 smep bmi2 erms invpcid rtm mpx rdseed adx smap clflushopt intel_pt xsaveopt xsavec xgetbv1 xsaves dtherm ida arat pln pts hwp hwp_notify hwp_act_window hwp_epp flush_l1d
bugs		: cpu_meltdown spectre_v1 spectre_v2 spec_store_bypass l1tf
bogomips	: 5808.00
clflush size	: 64
cache_alignment	: 64
address sizes	: 39 bits physical, 48 bits virtual
power management:

processor	: 2
vendor_id	: GenuineIntel
cpu family	: 6
model		: 158
model name	: Intel(R) Xeon(R) E-2186M  CPU @ 2.90GHz
stepping	: 10
microcode	: 0x96
cpu MHz		: 4378.845
cache size	: 12288 KB
physical id	: 0
siblings	: 12
core id		: 2
cpu cores	: 6
apicid		: 4
initial apicid	: 4
fpu		: yes
fpu_exception	: yes
cpuid level	: 22
wp		: yes
flags		: fpu vme de pse tsc msr pae mce cx8 apic sep mtrr pge mca cmov pat pse36 clflush dts acpi mmx fxsr sse sse2 ss ht tm pbe syscall nx pdpe1gb rdtscp lm constant_tsc art arch_perfmon pebs bts rep_good nopl xtopology nonstop_tsc cpuid aperfmperf tsc_known_freq pni pclmulqdq dtes64 monitor ds_cpl vmx smx est tm2 ssse3 sdbg fma cx16 xtpr pdcm pcid sse4_1 sse4_2 x2apic movbe popcnt tsc_deadline_timer aes xsave avx f16c rdrand lahf_lm abm 3dnowprefetch cpuid_fault epb invpcid_single pti ssbd ibrs ibpb stibp tpr_shadow vnmi flexpriority ept vpid fsgsbase tsc_adjust bmi1 hle avx2 smep bmi2 erms invpcid rtm mpx rdseed adx smap clflushopt intel_pt xsaveopt xsavec xgetbv1 xsaves dtherm ida arat pln pts hwp hwp_notify hwp_act_window hwp_epp flush_l1d
bugs		: cpu_meltdown spectre_v1 spectre_v2 spec_store_bypass l1tf
bogomips	: 5808.00
clflush size	: 64
cache_alignment	: 64
address sizes	: 39 bits physical, 48 bits virtual
power management:

processor	: 3
vendor_id	: GenuineIntel
cpu family	: 6
model		: 158
model name	: Intel(R) Xeon(R) E-2186M  CPU @ 2.90GHz
stepping	: 10
microcode	: 0x96
cpu MHz		: 4456.197
cache size	: 12288 KB
physical id	: 0
siblings	: 12
core id		: 3
cpu cores	: 6
apicid		: 6
initial apicid	: 6
fpu		: yes
fpu_exception	: yes
cpuid level	: 22
wp		: yes
flags		: fpu vme de pse tsc msr pae mce cx8 apic sep mtrr pge mca cmov pat pse36 clflush dts acpi mmx fxsr sse sse2 ss ht tm pbe syscall nx pdpe1gb rdtscp lm constant_tsc art arch_perfmon pebs bts rep_good nopl xtopology nonstop_tsc cpuid aperfmperf tsc_known_freq pni pclmulqdq dtes64 monitor ds_cpl vmx smx est tm2 ssse3 sdbg fma cx16 xtpr pdcm pcid sse4_1 sse4_2 x2apic movbe popcnt tsc_deadline_timer aes xsave avx f16c rdrand lahf_lm abm 3dnowprefetch cpuid_fault epb invpcid_single pti ssbd ibrs ibpb stibp tpr_shadow vnmi flexpriority ept vpid fsgsbase tsc_adjust bmi1 hle avx2 smep bmi2 erms invpcid rtm mpx rdseed adx smap clflushopt intel_pt xsaveopt xsavec xgetbv1 xsaves dtherm ida arat pln pts hwp hwp_notify hwp_act_window hwp_epp flush_l1d
bugs		: cpu_meltdown spectre_v1 spectre_v2 spec_store_bypass l1tf
bogomips	: 5808.00
clflush size	: 64
cache_alignment	: 64
address sizes	: 39 bits physical, 48 bits virtual
power management:

processor	: 4
vendor_id	: GenuineIntel
cpu family	: 6
model		: 158
model name	: Intel(R) Xeon(R) E-2186M  CPU @ 2.90GHz
stepping	: 10
microcode	: 0x96
cpu MHz		: 4443.602
cache size	: 12288 KB
physical id	: 0
siblings	: 12
core id		: 4
cpu cores	: 6
apicid		: 8
initial apicid	: 8
fpu		: yes
fpu_exception	: yes
cpuid level	: 22
wp		: yes
flags		: fpu vme de pse tsc msr pae mce cx8 apic sep mtrr pge mca cmov pat pse36 clflush dts acpi mmx fxsr sse sse2 ss ht tm pbe syscall nx pdpe1gb rdtscp lm constant_tsc art arch_perfmon pebs bts rep_good nopl xtopology nonstop_tsc cpuid aperfmperf tsc_known_freq pni pclmulqdq dtes64 monitor ds_cpl vmx smx est tm2 ssse3 sdbg fma cx16 xtpr pdcm pcid sse4_1 sse4_2 x2apic movbe popcnt tsc_deadline_timer aes xsave avx f16c rdrand lahf_lm abm 3dnowprefetch cpuid_fault epb invpcid_single pti ssbd ibrs ibpb stibp tpr_shadow vnmi flexpriority ept vpid fsgsbase tsc_adjust bmi1 hle avx2 smep bmi2 erms invpcid rtm mpx rdseed adx smap clflushopt intel_pt xsaveopt xsavec xgetbv1 xsaves dtherm ida arat pln pts hwp hwp_notify hwp_act_window hwp_epp flush_l1d
bugs		: cpu_meltdown spectre_v1 spectre_v2 spec_store_bypass l1tf
bogomips	: 5808.00
clflush size	: 64
cache_alignment	: 64
address sizes	: 39 bits physical, 48 bits virtual
power management:

processor	: 5
vendor_id	: GenuineIntel
cpu family	: 6
model		: 158
model name	: Intel(R) Xeon(R) E-2186M  CPU @ 2.90GHz
stepping	: 10
microcode	: 0x96
cpu MHz		: 4387.811
cache size	: 12288 KB
physical id	: 0
siblings	: 12
core id		: 5
cpu cores	: 6
apicid		: 10
initial apicid	: 10
fpu		: yes
fpu_exception	: yes
cpuid level	: 22
wp		: yes
flags		: fpu vme de pse tsc msr pae mce cx8 apic sep mtrr pge mca cmov pat pse36 clflush dts acpi mmx fxsr sse sse2 ss ht tm pbe syscall nx pdpe1gb rdtscp lm constant_tsc art arch_perfmon pebs bts rep_good nopl xtopology nonstop_tsc cpuid aperfmperf tsc_known_freq pni pclmulqdq dtes64 monitor ds_cpl vmx smx est tm2 ssse3 sdbg fma cx16 xtpr pdcm pcid sse4_1 sse4_2 x2apic movbe popcnt tsc_deadline_timer aes xsave avx f16c rdrand lahf_lm abm 3dnowprefetch cpuid_fault epb invpcid_single pti ssbd ibrs ibpb stibp tpr_shadow vnmi flexpriority ept vpid fsgsbase tsc_adjust bmi1 hle avx2 smep bmi2 erms invpcid rtm mpx rdseed adx smap clflushopt intel_pt xsaveopt xsavec xgetbv1 xsaves dtherm ida arat pln pts hwp hwp_notify hwp_act_window hwp_epp flush_l1d
bugs		: cpu_meltdown spectre_v1 spectre_v2 spec_store_bypass l1tf
bogomips	: 5808.00
clflush size	: 64
cache_alignment	: 64
address sizes	: 39 bits physical, 48 bits virtual
power management:

processor	: 6
vendor_id	: GenuineIntel
cpu family	: 6
model		: 158
model name	: Intel(R) Xeon(R) E-2186M  CPU @ 2.90GHz
stepping	: 10
microcode	: 0x96
cpu MHz		: 4220.553
cache size	: 12288 KB
physical id	: 0
siblings	: 12
core id		: 0
cpu cores	: 6
apicid		: 1
initial apicid	: 1
fpu		: yes
fpu_exception	: yes
cpuid level	: 22
wp		: yes
flags		: fpu vme de pse tsc msr pae mce cx8 apic sep mtrr pge mca cmov pat pse36 clflush dts acpi mmx fxsr sse sse2 ss ht tm pbe syscall nx pdpe1gb rdtscp lm constant_tsc art arch_perfmon pebs bts rep_good nopl xtopology nonstop_tsc cpuid aperfmperf tsc_known_freq pni pclmulqdq dtes64 monitor ds_cpl vmx smx est tm2 ssse3 sdbg fma cx16 xtpr pdcm pcid sse4_1 sse4_2 x2apic movbe popcnt tsc_deadline_timer aes xsave avx f16c rdrand lahf_lm abm 3dnowprefetch cpuid_fault epb invpcid_single pti ssbd ibrs ibpb stibp tpr_shadow vnmi flexpriority ept vpid fsgsbase tsc_adjust bmi1 hle avx2 smep bmi2 erms invpcid rtm mpx rdseed adx smap clflushopt intel_pt xsaveopt xsavec xgetbv1 xsaves dtherm ida arat pln pts hwp hwp_notify hwp_act_window hwp_epp flush_l1d
bugs		: cpu_meltdown spectre_v1 spectre_v2 spec_store_bypass l1tf
bogomips	: 5808.00
clflush size	: 64
cache_alignment	: 64
address sizes	: 39 bits physical, 48 bits virtual
power management:

processor	: 7
vendor_id	: GenuineIntel
cpu family	: 6
model		: 158
model name	: Intel(R) Xeon(R) E-2186M  CPU @ 2.90GHz
stepping	: 10
microcode	: 0x96
cpu MHz		: 4493.194
cache size	: 12288 KB
physical id	: 0
siblings	: 12
core id		: 1
cpu cores	: 6
apicid		: 3
initial apicid	: 3
fpu		: yes
fpu_exception	: yes
cpuid level	: 22
wp		: yes
flags		: fpu vme de pse tsc msr pae mce cx8 apic sep mtrr pge mca cmov pat pse36 clflush dts acpi mmx fxsr sse sse2 ss ht tm pbe syscall nx pdpe1gb rdtscp lm constant_tsc art arch_perfmon pebs bts rep_good nopl xtopology nonstop_tsc cpuid aperfmperf tsc_known_freq pni pclmulqdq dtes64 monitor ds_cpl vmx smx est tm2 ssse3 sdbg fma cx16 xtpr pdcm pcid sse4_1 sse4_2 x2apic movbe popcnt tsc_deadline_timer aes xsave avx f16c rdrand lahf_lm abm 3dnowprefetch cpuid_fault epb invpcid_single pti ssbd ibrs ibpb stibp tpr_shadow vnmi flexpriority ept vpid fsgsbase tsc_adjust bmi1 hle avx2 smep bmi2 erms invpcid rtm mpx rdseed adx smap clflushopt intel_pt xsaveopt xsavec xgetbv1 xsaves dtherm ida arat pln pts hwp hwp_notify hwp_act_window hwp_epp flush_l1d
bugs		: cpu_meltdown spectre_v1 spectre_v2 spec_store_bypass l1tf
bogomips	: 5808.00
clflush size	: 64
cache_alignment	: 64
address sizes	: 39 bits physical, 48 bits virtual
power management:

processor	: 8
vendor_id	: GenuineIntel
cpu family	: 6
model		: 158
model name	: Intel(R) Xeon(R) E-2186M  CPU @ 2.90GHz
stepping	: 10
microcode	: 0x96
cpu MHz		: 4355.945
cache size	: 12288 KB
physical id	: 0
siblings	: 12
core id		: 2
cpu cores	: 6
apicid		: 5
initial apicid	: 5
fpu		: yes
fpu_exception	: yes
cpuid level	: 22
wp		: yes
flags		: fpu vme de pse tsc msr pae mce cx8 apic sep mtrr pge mca cmov pat pse36 clflush dts acpi mmx fxsr sse sse2 ss ht tm pbe syscall nx pdpe1gb rdtscp lm constant_tsc art arch_perfmon pebs bts rep_good nopl xtopology nonstop_tsc cpuid aperfmperf tsc_known_freq pni pclmulqdq dtes64 monitor ds_cpl vmx smx est tm2 ssse3 sdbg fma cx16 xtpr pdcm pcid sse4_1 sse4_2 x2apic movbe popcnt tsc_deadline_timer aes xsave avx f16c rdrand lahf_lm abm 3dnowprefetch cpuid_fault epb invpcid_single pti ssbd ibrs ibpb stibp tpr_shadow vnmi flexpriority ept vpid fsgsbase tsc_adjust bmi1 hle avx2 smep bmi2 erms invpcid rtm mpx rdseed adx smap clflushopt intel_pt xsaveopt xsavec xgetbv1 xsaves dtherm ida arat pln pts hwp hwp_notify hwp_act_window hwp_epp flush_l1d
bugs		: cpu_meltdown spectre_v1 spectre_v2 spec_store_bypass l1tf
bogomips	: 5808.00
clflush size	: 64
cache_alignment	: 64
address sizes	: 39 bits physical, 48 bits virtual
power management:

processor	: 9
vendor_id	: GenuineIntel
cpu family	: 6
model		: 158
model name	: Intel(R) Xeon(R) E-2186M  CPU @ 2.90GHz
stepping	: 10
microcode	: 0x96
cpu MHz		: 4392.243
cache size	: 12288 KB
physical id	: 0
siblings	: 12
core id		: 3
cpu cores	: 6
apicid		: 7
initial apicid	: 7
fpu		: yes
fpu_exception	: yes
cpuid level	: 22
wp		: yes
flags		: fpu vme de pse tsc msr pae mce cx8 apic sep mtrr pge mca cmov pat pse36 clflush dts acpi mmx fxsr sse sse2 ss ht tm pbe syscall nx pdpe1gb rdtscp lm constant_tsc art arch_perfmon pebs bts rep_good nopl xtopology nonstop_tsc cpuid aperfmperf tsc_known_freq pni pclmulqdq dtes64 monitor ds_cpl vmx smx est tm2 ssse3 sdbg fma cx16 xtpr pdcm pcid sse4_1 sse4_2 x2apic movbe popcnt tsc_deadline_timer aes xsave avx f16c rdrand lahf_lm abm 3dnowprefetch cpuid_fault epb invpcid_single pti ssbd ibrs ibpb stibp tpr_shadow vnmi flexpriority ept vpid fsgsbase tsc_adjust bmi1 hle avx2 smep bmi2 erms invpcid rtm mpx rdseed adx smap clflushopt intel_pt xsaveopt xsavec xgetbv1 xsaves dtherm ida arat pln pts hwp hwp_notify hwp_act_window hwp_epp flush_l1d
bugs		: cpu_meltdown spectre_v1 spectre_v2 spec_store_bypass l1tf
bogomips	: 5808.00
clflush size	: 64
cache_alignment	: 64
address sizes	: 39 bits physical, 48 bits virtual
power management:

processor	: 10
vendor_id	: GenuineIntel
cpu family	: 6
model		: 158
model name	: Intel(R) Xeon(R) E-2186M  CPU @ 2.90GHz
stepping	: 10
microcode	: 0x96
cpu MHz		: 4474.457
cache size	: 12288 KB
physical id	: 0
siblings	: 12
core id		: 4
cpu cores	: 6
apicid		: 9
initial apicid	: 9
fpu		: yes
fpu_exception	: yes
cpuid level	: 22
wp		: yes
flags		: fpu vme de pse tsc msr pae mce cx8 apic sep mtrr pge mca cmov pat pse36 clflush dts acpi mmx fxsr sse sse2 ss ht tm pbe syscall nx pdpe1gb rdtscp lm constant_tsc art arch_perfmon pebs bts rep_good nopl xtopology nonstop_tsc cpuid aperfmperf tsc_known_freq pni pclmulqdq dtes64 monitor ds_cpl vmx smx est tm2 ssse3 sdbg fma cx16 xtpr pdcm pcid sse4_1 sse4_2 x2apic movbe popcnt tsc_deadline_timer aes xsave avx f16c rdrand lahf_lm abm 3dnowprefetch cpuid_fault epb invpcid_single pti ssbd ibrs ibpb stibp tpr_shadow vnmi flexpriority ept vpid fsgsbase tsc_adjust bmi1 hle avx2 smep bmi2 erms invpcid rtm mpx rdseed adx smap clflushopt intel_pt xsaveopt xsavec xgetbv1 xsaves dtherm ida arat pln pts hwp hwp_notify hwp_act_window hwp_epp flush_l1d
bugs		: cpu_meltdown spectre_v1 spectre_v2 spec_store_bypass l1tf
bogomips	: 5808.00
clflush size	: 64
cache_alignment	: 64
address sizes	: 39 bits physical, 48 bits virtual
power management:

processor	: 11
vendor_id	: GenuineIntel
cpu family	: 6
model		: 158
model name	: Intel(R) Xeon(R) E-2186M  CPU @ 2.90GHz
stepping	: 10
microcode	: 0x96
cpu MHz		: 4314.731
cache size	: 12288 KB
physical id	: 0
siblings	: 12
core id		: 5
cpu cores	: 6
apicid		: 11
initial apicid	: 11
fpu		: yes
fpu_exception	: yes
cpuid level	: 22
wp		: yes
flags		: fpu vme de pse tsc msr pae mce cx8 apic sep mtrr pge mca cmov pat pse36 clflush dts acpi mmx fxsr sse sse2 ss ht tm pbe syscall nx pdpe1gb rdtscp lm constant_tsc art arch_perfmon pebs bts rep_good nopl xtopology nonstop_tsc cpuid aperfmperf tsc_known_freq pni pclmulqdq dtes64 monitor ds_cpl vmx smx est tm2 ssse3 sdbg fma cx16 xtpr pdcm pcid sse4_1 sse4_2 x2apic movbe popcnt tsc_deadline_timer aes xsave avx f16c rdrand lahf_lm abm 3dnowprefetch cpuid_fault epb invpcid_single pti ssbd ibrs ibpb stibp tpr_shadow vnmi flexpriority ept vpid fsgsbase tsc_adjust bmi1 hle avx2 smep bmi2 erms invpcid rtm mpx rdseed adx smap clflushopt intel_pt xsaveopt xsavec xgetbv1 xsaves dtherm ida arat pln pts hwp hwp_notify hwp_act_window hwp_epp flush_l1d
bugs		: cpu_meltdown spectre_v1 spectre_v2 spec_store_bypass l1tf
bogomips	: 5808.00
clflush size	: 64
cache_alignment	: 64
address sizes	: 39 bits physical, 48 bits virtual
power management:



Memory: 4k page, physical 32693780k(20933448k free), swap 19530748k(19530748k free)

vm_info: Java HotSpot(TM) 64-Bit Server VM (25.201-b09) for linux-amd64 JRE (1.8.0_201-b09), built on Dec 15 2018 11:35:59 by "java_re" with gcc 7.3.0

time: Wed May 15 17:09:50 2019
timezone: CEST
elapsed time: 37 seconds (0d 0h 0m 37s)

