#
# A fatal error has been detected by the Java Runtime Environment:
#
#  SIGSEGV (0xb) at pc=0x00007f32cd01d98d, pid=6393, tid=0x00007f32a5458700
#
# JRE version: Java(TM) SE Runtime Environment (8.0_201-b09) (build 1.8.0_201-b09)
# Java VM: Java HotSpot(TM) 64-Bit Server VM (25.201-b09 mixed mode linux-amd64 compressed oops)
# Problematic frame:
# C  [libc.so.6+0x9798d]  cfree+0x3d
#
# Failed to write core dump. Core dumps have been disabled. To enable core dumping, try "ulimit -c unlimited" before starting Java again
#
# If you would like to submit a bug report, please visit:
#   http://bugreport.java.com/bugreport/crash.jsp
# The crash happened outside the Java Virtual Machine in native code.
# See problematic frame for where to report the bug.
#

---------------  T H R E A D  ---------------

Current thread (0x00007f32c4092000):  JavaThread "Finalizer" daemon [_thread_in_native, id=6411, stack(0x00007f32a5358000,0x00007f32a5459000)]

siginfo: si_signo: 11 (SIGSEGV), si_code: 1 (SEGV_MAPERR), si_addr: 0x00007f3178fff008

Registers:
RAX=0x0000000000000000, RBX=0x00007f31b05ed9f0, RCX=0x0000000000000020, RDX=0x00007f32c4000080
RSP=0x00007f32a54549d0, RBP=0x00007f32a5454ab0, RSI=0x00007f32a5454ab0, RDI=0x00007f3178fff010
R8 =0x00000000c483eb9c, R9 =0x00000005d2b68f18, R10=0x00007f32b501869b, R11=0x00007f32cc95cdb0
R12=0x00007f3178fff010, R13=0x00007f329d22bd48, R14=0x00007f32a54578c8, R15=0x00007f32c4092000
RIP=0x00007f32cd01d98d, EFLAGS=0x0000000000010202, CSGSFS=0x002b000000000033, ERR=0x0000000000000004
  TRAPNO=0x000000000000000e

Top of Stack: (sp=0x00007f32a54549d0)
0x00007f32a54549d0:   0000000000000000 0000000000000000
0x00007f32a54549e0:   0000000000000005 0000000000000000
0x00007f32a54549f0:   0000000000000001 d98d3e13bab95100
0x00007f32a5454a00:   00007f3225d34b19 00007f31b05ed9f0
0x00007f32a5454a10:   00007f32a5454ab0 0000000000000000
0x00007f32a5454a20:   00007f329d22bd48 00007f32a54578c8
0x00007f32a5454a30:   00007f32c4092000 00007f322b87a708
0x00007f32a5454a40:   00007f31b05ed9f0 00007f322b87a74c
0x00007f32a5454a50:   00007f32253518b0 00007f31b05ed9f0
0x00007f32a5454a60:   00007f32a5454ab0 00007f322b87a779
0x00007f32a5454a70:   00007f31b05ed9f0 00007f32310280ef
0x00007f32a5454a80:   00007f3128000020 00007f3231012d3c
0x00007f32a5454a90:   00007f322549dae8 00007f3233fc53f8
0x00007f32a5454aa0:   00007f32c491b250 00007f32c4000080
0x00007f32a5454ab0:   00007f3233058690 00007f3231012d3c
0x00007f32a5454ac0:   0000000000000000 00007f32cd01ddfa
0x00007f32a5454ad0:   00007f32c5326100 00007f32c4926010
0x00007f32a5454ae0:   0000000001400ff0 00007f32cd01e03b
0x00007f32a5454af0:   00000000014010f0 00007f32cd01dbef
0x00007f32a5454b00:   00007f3233beea70 00007f32cd01dbef
0x00007f32a5454b10:   0000000000000060 00007f323102846b
0x00007f32a5454b20:   00007f32c491d8a0 00007f323102846b
0x00007f32a5454b30:   0000000001401180 d98d3e13bab95100
0x00007f32a5454b40:   0000000000000000 0000000000001000
0x00007f32a5454b50:   00007f3128000020 00007f32cd01ddfa
0x00007f32a5454b60:   00007f329d227570 00007f32a5454fc0
0x00007f32a5454b70:   00007f32c4092000 d98d3e13bab95100
0x00007f32a5454b80:   00007f32c41f2b10 00007f32c41f2b10
0x00007f32a5454b90:   00007f32a5454bf0 0000000000000000
0x00007f32a5454ba0:   00007f329d227570 00007f32a54577f8
0x00007f32a5454bb0:   00007f32c4000020 0000000000000000
0x00007f32a5454bc0:   00007f32c6725ec0 00007f32c5730ff0 

Instructions: (pc=0x00007f32cd01d98d)
0x00007f32cd01d96d:   24 28 31 c0 48 8b 05 70 35 35 00 48 8b 00 48 85
0x00007f32cd01d97d:   c0 0f 85 9c 02 00 00 48 85 ff 0f 84 13 01 00 00
0x00007f32cd01d98d:   48 8b 77 f8 4c 8d 6f f0 40 f6 c6 02 0f 85 29 01
0x00007f32cd01d99d:   00 00 48 8b 2d d2 33 35 00 64 48 83 7d 00 00 0f 

Register to memory mapping:

RAX=0x0000000000000000 is an unknown value
RBX=0x00007f31b05ed9f0 is an unknown value
RCX=0x0000000000000020 is an unknown value
RDX=0x00007f32c4000080 is an unknown value
RSP=0x00007f32a54549d0 is pointing into the stack for thread: 0x00007f32c4092000
RBP=0x00007f32a5454ab0 is pointing into the stack for thread: 0x00007f32c4092000
RSI=0x00007f32a5454ab0 is pointing into the stack for thread: 0x00007f32c4092000
RDI=0x00007f3178fff010 is an unknown value
R8 =0x00000000c483eb9c is an unknown value
R9 =0x00000005d2b68f18 is an oop
java.lang.System$2 
 - klass: 'java/lang/System$2'
R10=0x00007f32b501869b is at code_begin+859 in an Interpreter codelet
method entry point (kind = native)  [0x00007f32b5018340, 0x00007f32b5018cc0]  2432 bytes
R11=0x00007f32cc95cdb0: <offset 0x9bfdb0> in /usr/lib/jvm/java-8-oracle/jre/lib/amd64/server/libjvm.so at 0x00007f32cbf9d000
R12=0x00007f3178fff010 is an unknown value
R13={method} {0x00007f329d22bd48} 'delete_Transform' '(J)V' in 'org/itk/simple/SimpleITKJNI'
R14=0x00007f32a54578c8 is pointing into the stack for thread: 0x00007f32c4092000
R15=0x00007f32c4092000 is a thread


Stack: [0x00007f32a5358000,0x00007f32a5459000],  sp=0x00007f32a54549d0,  free space=1010k
Native frames: (J=compiled Java code, j=interpreted, Vv=VM code, C=native code)
C  [libc.so.6+0x9798d]  cfree+0x3d
C  [libSimpleITKJava.so+0xc365d3c]  itk::Object::UnRegister() const+0x1c

Java frames: (J=compiled Java code, j=interpreted, Vv=VM code)
j  org.itk.simple.SimpleITKJNI.delete_Transform(J)V+0
j  org.itk.simple.Transform.delete()V+25
j  org.itk.simple.Transform.finalize()V+1
J 1511 C2 java.lang.ref.Finalizer.access$100(Ljava/lang/ref/Finalizer;Lsun/misc/JavaLangAccess;)V (6 bytes) @ 0x00007f32b551ae60 [0x00007f32b551abc0+0x2a0]
J 1503% C2 java.lang.ref.Finalizer$FinalizerThread.run()V (55 bytes) @ 0x00007f32b5725678 [0x00007f32b5725580+0xf8]
v  ~StubRoutines::call_stub

---------------  P R O C E S S  ---------------

Java Threads: ( => current thread )
  0x00007f32c433e000 JavaThread "AWT-EventQueue-0" [_thread_blocked, id=6422, stack(0x00007f329dacc000,0x00007f329dbcd000)]
  0x00007f32c4338000 JavaThread "AWT-Shutdown" [_thread_blocked, id=6421, stack(0x00007f329dbcd000,0x00007f329dcce000)]
  0x00007f32c42a3000 JavaThread "AWT-XAWT" daemon [_thread_in_native, id=6420, stack(0x00007f329dece000,0x00007f329dfcf000)]
  0x00007f32c4265000 JavaThread "Java2D Disposer" daemon [_thread_blocked, id=6419, stack(0x00007f329e3df000,0x00007f329e4e0000)]
  0x00007f32c40d9000 JavaThread "Service Thread" daemon [_thread_blocked, id=6417, stack(0x00007f32a4383000,0x00007f32a4484000)]
  0x00007f32c40cd800 JavaThread "C1 CompilerThread3" daemon [_thread_blocked, id=6416, stack(0x00007f32a4485000,0x00007f32a4585000)]
  0x00007f32c40cb800 JavaThread "C2 CompilerThread2" daemon [_thread_blocked, id=6415, stack(0x00007f32a4586000,0x00007f32a4686000)]
  0x00007f32c40c9800 JavaThread "C2 CompilerThread1" daemon [_thread_blocked, id=6414, stack(0x00007f32a4687000,0x00007f32a4787000)]
  0x00007f32c40c7000 JavaThread "C2 CompilerThread0" daemon [_thread_blocked, id=6413, stack(0x00007f32a4788000,0x00007f32a4888000)]
  0x00007f32c40c5800 JavaThread "Signal Dispatcher" daemon [_thread_blocked, id=6412, stack(0x00007f32a4888000,0x00007f32a4989000)]
=>0x00007f32c4092000 JavaThread "Finalizer" daemon [_thread_in_native, id=6411, stack(0x00007f32a5358000,0x00007f32a5459000)]
  0x00007f32c408f800 JavaThread "Reference Handler" daemon [_thread_blocked, id=6410, stack(0x00007f32a5459000,0x00007f32a555a000)]
  0x00007f32c400b800 JavaThread "Run$_main" [_thread_in_native, id=6398, stack(0x00007f32cdcb6000,0x00007f32cddb6000)]

Other Threads:
  0x00007f32c4086000 VMThread [stack: 0x00007f32a555b000,0x00007f32a565b000] [id=6409]
  0x00007f32c40db800 WatcherThread [stack: 0x00007f32a4283000,0x00007f32a4383000] [id=6418]

VM state:not at safepoint (normal execution)

VM Mutex/Monitor currently owned by a thread: None

heap address: 0x00000005cd200000, size: 7982 MB, Compressed Oops mode: Zero based, Oop shift amount: 3
Narrow klass base: 0x0000000000000000, Narrow klass shift: 3
Compressed class space size: 1073741824 Address: 0x00000007c0000000

Heap:
 PSYoungGen      total 2557440K, used 785327K [0x0000000719b80000, 0x00000007c0000000, 0x00000007c0000000)
  eden space 2553344K, 30% used [0x0000000719b80000,0x0000000749a6bfc0,0x00000007b5900000)
  from space 4096K, 0% used [0x00000007bfc00000,0x00000007bfc00000,0x00000007c0000000)
  to   space 85504K, 0% used [0x00000007b5900000,0x00000007b5900000,0x00000007bac80000)
 ParOldGen       total 2402816K, used 1972750K [0x00000005cd200000, 0x000000065fc80000, 0x0000000719b80000)
  object space 2402816K, 82% used [0x00000005cd200000,0x00000006458838b0,0x000000065fc80000)
 Metaspace       used 15354K, capacity 15491K, committed 15616K, reserved 1062912K
  class space    used 1441K, capacity 1514K, committed 1536K, reserved 1048576K

Card table byte_map: [0x00007f32c9803000,0x00007f32ca79b000] byte_map_base: 0x00007f32c699a000

Marking Bits: (ParMarkBitMap*) 0x00007f32ccf68d80
 Begin Bits: [0x00007f3270690000, 0x00007f3278348000)
 End Bits:   [0x00007f3278348000, 0x00007f3280000000)

Polling page: 0x00007f32cdddf000

CodeCache: size=245760Kb used=6671Kb max_used=7724Kb free=239088Kb
 bounds [0x00007f32b5000000, 0x00007f32b57b0000, 0x00007f32c4000000]
 total_blobs=2188 nmethods=1286 adapters=815
 compilation: enabled

Compilation events (10 events):
Event: 155,329 Thread 0x00007f32c40cb800 1511       4       java.lang.ref.Finalizer::access$100 (6 bytes)
Event: 155,329 Thread 0x00007f32c40c7000 1513   !   4       java.lang.ref.Finalizer::runFinalizer (62 bytes)
Event: 155,329 Thread 0x00007f32c40c9800 1512       4       java.lang.System$2::invokeFinalize (5 bytes)
Event: 155,330 Thread 0x00007f32c40c9800 nmethod 1512 0x00007f32b5412650 code [0x00007f32b54127c0, 0x00007f32b5412b48]
Event: 155,332 Thread 0x00007f32c40cb800 nmethod 1511 0x00007f32b551aa10 code [0x00007f32b551abc0, 0x00007f32b551b488]
Event: 155,333 Thread 0x00007f32c40c7000 nmethod 1513 0x00007f32b5519210 code [0x00007f32b55193c0, 0x00007f32b5519ca8]
Event: 155,728 Thread 0x00007f32c40cd800 1514  s    3       java.io.BufferedOutputStream::flush (12 bytes)
Event: 155,728 Thread 0x00007f32c40cd800 nmethod 1514 0x00007f32b551c6d0 code [0x00007f32b551c860, 0x00007f32b551cd58]
Event: 155,728 Thread 0x00007f32c40cd800 1515       3       java.io.OutputStream::flush (1 bytes)
Event: 155,728 Thread 0x00007f32c40cd800 nmethod 1515 0x00007f32b551a710 code [0x00007f32b551a860, 0x00007f32b551a9b0]

GC Heap History (10 events):
Event: 115,218 GC heap before
{Heap before GC invocations=112 (full 1):
 PSYoungGen      total 2720256K, used 2720128K [0x0000000719b80000, 0x00000007c0000000, 0x00000007c0000000)
  eden space 2716160K, 100% used [0x0000000719b80000,0x00000007bf800000,0x00000007bf800000)
  from space 4096K, 96% used [0x00000007bfc00000,0x00000007bffe0000,0x00000007c0000000)
  to   space 4096K, 0% used [0x00000007bf800000,0x00000007bf800000,0x00000007bfc00000)
 ParOldGen       total 524288K, used 431294K [0x00000005cd200000, 0x00000005ed200000, 0x0000000719b80000)
  object space 524288K, 82% used [0x00000005cd200000,0x00000005e772fa60,0x00000005ed200000)
 Metaspace       used 14640K, capacity 14843K, committed 15104K, reserved 1062912K
  class space    used 1373K, capacity 1450K, committed 1536K, reserved 1048576K
Event: 115,224 GC heap after
Heap after GC invocations=112 (full 1):
 PSYoungGen      total 2720256K, used 3936K [0x0000000719b80000, 0x00000007c0000000, 0x00000007c0000000)
  eden space 2716160K, 0% used [0x0000000719b80000,0x0000000719b80000,0x00000007bf800000)
  from space 4096K, 96% used [0x00000007bf800000,0x00000007bfbd8000,0x00000007bfc00000)
  to   space 4096K, 0% used [0x00000007bfc00000,0x00000007bfc00000,0x00000007c0000000)
 ParOldGen       total 524288K, used 431590K [0x00000005cd200000, 0x00000005ed200000, 0x0000000719b80000)
  object space 524288K, 82% used [0x00000005cd200000,0x00000005e7779a60,0x00000005ed200000)
 Metaspace       used 14640K, capacity 14843K, committed 15104K, reserved 1062912K
  class space    used 1373K, capacity 1450K, committed 1536K, reserved 1048576K
}
Event: 116,329 GC heap before
{Heap before GC invocations=113 (full 1):
 PSYoungGen      total 2720256K, used 2720096K [0x0000000719b80000, 0x00000007c0000000, 0x00000007c0000000)
  eden space 2716160K, 100% used [0x0000000719b80000,0x00000007bf800000,0x00000007bf800000)
  from space 4096K, 96% used [0x00000007bf800000,0x00000007bfbd8000,0x00000007bfc00000)
  to   space 4096K, 0% used [0x00000007bfc00000,0x00000007bfc00000,0x00000007c0000000)
 ParOldGen       total 524288K, used 431590K [0x00000005cd200000, 0x00000005ed200000, 0x0000000719b80000)
  object space 524288K, 82% used [0x00000005cd200000,0x00000005e7779a60,0x00000005ed200000)
 Metaspace       used 14770K, capacity 14971K, committed 15360K, reserved 1062912K
  class space    used 1388K, capacity 1450K, committed 1536K, reserved 1048576K
Event: 116,368 GC heap after
Heap after GC invocations=113 (full 1):
 PSYoungGen      total 2557440K, used 4078K [0x0000000719b80000, 0x00000007c0000000, 0x00000007c0000000)
  eden space 2553344K, 0% used [0x0000000719b80000,0x0000000719b80000,0x00000007b5900000)
  from space 4096K, 99% used [0x00000007bfc00000,0x00000007bfffb918,0x00000007c0000000)
  to   space 85504K, 0% used [0x00000007b5900000,0x00000007b5900000,0x00000007bac80000)
 ParOldGen       total 652288K, used 650829K [0x00000005cd200000, 0x00000005f4f00000, 0x0000000719b80000)
  object space 652288K, 99% used [0x00000005cd200000,0x00000005f4d936a0,0x00000005f4f00000)
 Metaspace       used 14770K, capacity 14971K, committed 15360K, reserved 1062912K
  class space    used 1388K, capacity 1450K, committed 1536K, reserved 1048576K
}
Event: 116,368 GC heap before
{Heap before GC invocations=114 (full 2):
 PSYoungGen      total 2557440K, used 4078K [0x0000000719b80000, 0x00000007c0000000, 0x00000007c0000000)
  eden space 2553344K, 0% used [0x0000000719b80000,0x0000000719b80000,0x00000007b5900000)
  from space 4096K, 99% used [0x00000007bfc00000,0x00000007bfffb918,0x00000007c0000000)
  to   space 85504K, 0% used [0x00000007b5900000,0x00000007b5900000,0x00000007bac80000)
 ParOldGen       total 652288K, used 650829K [0x00000005cd200000, 0x00000005f4f00000, 0x0000000719b80000)
  object space 652288K, 99% used [0x00000005cd200000,0x00000005f4d936a0,0x00000005f4f00000)
 Metaspace       used 14770K, capacity 14971K, committed 15360K, reserved 1062912K
  class space    used 1388K, capacity 1450K, committed 1536K, reserved 1048576K
Event: 116,784 GC heap after
Heap after GC invocations=114 (full 2):
 PSYoungGen      total 2557440K, used 0K [0x0000000719b80000, 0x00000007c0000000, 0x00000007c0000000)
  eden space 2553344K, 0% used [0x0000000719b80000,0x0000000719b80000,0x00000007b5900000)
  from space 4096K, 0% used [0x00000007bfc00000,0x00000007bfc00000,0x00000007c0000000)
  to   space 85504K, 0% used [0x00000007b5900000,0x00000007b5900000,0x00000007bac80000)
 ParOldGen       total 911360K, used 564374K [0x00000005cd200000, 0x0000000604c00000, 0x0000000719b80000)
  object space 911360K, 61% used [0x00000005cd200000,0x00000005ef925ac0,0x0000000604c00000)
 Metaspace       used 14770K, capacity 14971K, committed 15360K, reserved 1062912K
  class space    used 1388K, capacity 1450K, committed 1536K, reserved 1048576K
}
Event: 137,789 GC heap before
{Heap before GC invocations=115 (full 2):
 PSYoungGen      total 2557440K, used 2553344K [0x0000000719b80000, 0x00000007c0000000, 0x00000007c0000000)
  eden space 2553344K, 100% used [0x0000000719b80000,0x00000007b5900000,0x00000007b5900000)
  from space 4096K, 0% used [0x00000007bfc00000,0x00000007bfc00000,0x00000007c0000000)
  to   space 85504K, 0% used [0x00000007b5900000,0x00000007b5900000,0x00000007bac80000)
 ParOldGen       total 911360K, used 564374K [0x00000005cd200000, 0x0000000604c00000, 0x0000000719b80000)
  object space 911360K, 61% used [0x00000005cd200000,0x00000005ef925ac0,0x0000000604c00000)
 Metaspace       used 15336K, capacity 15491K, committed 15616K, reserved 1062912K
  class space    used 1440K, capacity 1514K, committed 1536K, reserved 1048576K
Event: 143,584 GC heap after
Heap after GC invocations=115 (full 2):
 PSYoungGen      total 2557440K, used 2553344K [0x0000000719b80000, 0x00000007c0000000, 0x00000007c0000000)
  eden space 2553344K, 100% used [0x0000000719b80000,0x00000007b5900000,0x00000007b5900000)
  from space 4096K, 0% used [0x00000007bfc00000,0x00000007bfc00000,0x00000007c0000000)
  to   space 85504K, 99% used [0x00000007b5900000,0x00000007bac7d900,0x00000007bac80000)
 ParOldGen       total 2330624K, used 2330561K [0x00000005cd200000, 0x000000065b600000, 0x0000000719b80000)
  object space 2330624K, 99% used [0x00000005cd200000,0x000000065b5f0658,0x000000065b600000)
 Metaspace       used 15336K, capacity 15491K, committed 15616K, reserved 1062912K
  class space    used 1440K, capacity 1514K, committed 1536K, reserved 1048576K
}
Event: 143,584 GC heap before
{Heap before GC invocations=116 (full 3):
 PSYoungGen      total 2557440K, used 2553344K [0x0000000719b80000, 0x00000007c0000000, 0x00000007c0000000)
  eden space 2553344K, 100% used [0x0000000719b80000,0x00000007b5900000,0x00000007b5900000)
  from space 4096K, 0% used [0x00000007bfc00000,0x00000007bfc00000,0x00000007c0000000)
  to   space 85504K, 99% used [0x00000007b5900000,0x00000007bac7d900,0x00000007bac80000)
 ParOldGen       total 2330624K, used 2330561K [0x00000005cd200000, 0x000000065b600000, 0x0000000719b80000)
  object space 2330624K, 99% used [0x00000005cd200000,0x000000065b5f0658,0x000000065b600000)
 Metaspace       used 15336K, capacity 15491K, committed 15616K, reserved 1062912K
  class space    used 1440K, capacity 1514K, committed 1536K, reserved 1048576K
Event: 149,379 GC heap after
Heap after GC invocations=116 (full 3):
 PSYoungGen      total 2557440K, used 0K [0x0000000719b80000, 0x00000007c0000000, 0x00000007c0000000)
  eden space 2553344K, 0% used [0x0000000719b80000,0x0000000719b80000,0x00000007b5900000)
  from space 4096K, 0% used [0x00000007bfc00000,0x00000007bfc00000,0x00000007c0000000)
  to   space 85504K, 0% used [0x00000007b5900000,0x00000007b5900000,0x00000007bac80000)
 ParOldGen       total 2402816K, used 1972750K [0x00000005cd200000, 0x000000065fc80000, 0x0000000719b80000)
  object space 2402816K, 82% used [0x00000005cd200000,0x00000006458838b0,0x000000065fc80000)
 Metaspace       used 15336K, capacity 15491K, committed 15616K, reserved 1062912K
  class space    used 1440K, capacity 1514K, committed 1536K, reserved 1048576K
}

Deoptimization events (10 events):
Event: 123,045 Thread 0x00007f32c400b800 Uncommon trap: reason=range_check action=make_not_entrant pc=0x00007f32b5390b50 method=java.awt.image.DirectColorModel.setFields()V @ 65
Event: 124,441 Thread 0x00007f32c400b800 Uncommon trap: reason=unstable_if action=reinterpret pc=0x00007f32b5384e34 method=ij.process.ByteProcessor.crop()Lij/process/ImageProcessor; @ 39
Event: 124,589 Thread 0x00007f32c400b800 Uncommon trap: reason=unstable_if action=reinterpret pc=0x00007f32b54111b4 method=com.vitimage.ItkTransform.flattenDenseField(Lij/ImagePlus;)Lcom/vitimage/ItkTransform; @ 432
Event: 128,392 Thread 0x00007f32c400b800 Uncommon trap: reason=unloaded action=reinterpret pc=0x00007f32b5404a9c method=com.vitimage.ItkTransform.flattenDenseField(Lij/ImagePlus;)Lcom/vitimage/ItkTransform; @ 455
Event: 128,489 Thread 0x00007f32c400b800 Uncommon trap: reason=unstable_if action=reinterpret pc=0x00007f32b525b130 method=com.vitimage.ItkImagePlusInterface.convertImagePlusArrayToDisplacementField([Lij/ImagePlus;)Lorg/itk/simple/Image; @ 309
Event: 154,553 Thread 0x00007f32c4092000 Uncommon trap: reason=class_check action=maybe_recompile pc=0x00007f32b550907c method=java.lang.System$2.invokeFinalize(Ljava/lang/Object;)V @ 1
Event: 155,219 Thread 0x00007f32c4092000 Uncommon trap: reason=class_check action=maybe_recompile pc=0x00007f32b550907c method=java.lang.System$2.invokeFinalize(Ljava/lang/Object;)V @ 1
Event: 155,310 Thread 0x00007f32c4092000 Uncommon trap: reason=class_check action=maybe_recompile pc=0x00007f32b550907c method=java.lang.System$2.invokeFinalize(Ljava/lang/Object;)V @ 1
Event: 155,310 Thread 0x00007f32c4092000 Uncommon trap: reason=class_check action=maybe_recompile pc=0x00007f32b550907c method=java.lang.System$2.invokeFinalize(Ljava/lang/Object;)V @ 1
Event: 155,310 Thread 0x00007f32c4092000 Uncommon trap: reason=class_check action=maybe_recompile pc=0x00007f32b53f885c method=java.lang.System$2.invokeFinalize(Ljava/lang/Object;)V @ 1

Classes redefined (0 events):
No events

Internal exceptions (10 events):
Event: 0,067 Thread 0x00007f32c400b800 Exception <a 'java/security/PrivilegedActionException'> (0x0000000719cbadc0) thrown at [/HUDSON/workspace/8-2-build-linux-amd64/jdk8u201/12317/hotspot/src/share/vm/prims/jvm.cpp, line 1502]
Event: 0,068 Thread 0x00007f32c400b800 Exception <a 'java/security/PrivilegedActionException'> (0x0000000719cbd228) thrown at [/HUDSON/workspace/8-2-build-linux-amd64/jdk8u201/12317/hotspot/src/share/vm/prims/jvm.cpp, line 1502]
Event: 0,068 Thread 0x00007f32c400b800 Exception <a 'java/security/PrivilegedActionException'> (0x0000000719cbd438) thrown at [/HUDSON/workspace/8-2-build-linux-amd64/jdk8u201/12317/hotspot/src/share/vm/prims/jvm.cpp, line 1502]
Event: 0,094 Thread 0x00007f32c400b800 Exception <a 'java/lang/NoSuchFieldError': method resolution failed> (0x0000000719d8c8f0) thrown at [/HUDSON/workspace/8-2-build-linux-amd64/jdk8u201/12317/hotspot/src/share/vm/prims/methodHandles.cpp, line 1167]
Event: 0,095 Thread 0x00007f32c400b800 Exception <a 'java/lang/NoSuchFieldError': method resolution failed> (0x0000000719d9a0f0) thrown at [/HUDSON/workspace/8-2-build-linux-amd64/jdk8u201/12317/hotspot/src/share/vm/prims/methodHandles.cpp, line 1167]
Event: 0,106 Thread 0x00007f32c400b800 Exception <a 'java/io/FileNotFoundException'> (0x000000071a09c3c8) thrown at [/HUDSON/workspace/8-2-build-linux-amd64/jdk8u201/12317/hotspot/src/share/vm/prims/jni.cpp, line 709]
Event: 0,106 Thread 0x00007f32c400b800 Exception <a 'java/io/FileNotFoundException'> (0x000000071a09ceb0) thrown at [/HUDSON/workspace/8-2-build-linux-amd64/jdk8u201/12317/hotspot/src/share/vm/prims/jni.cpp, line 709]
Event: 0,363 Thread 0x00007f32c433e000 Exception <a 'java/lang/UnsupportedOperationException': > (0x000000071a8e6330) thrown at [/HUDSON/workspace/8-2-build-linux-amd64/jdk8u201/12317/hotspot/src/share/vm/prims/jni.cpp, line 735]
Event: 4,158 Thread 0x00007f32c433e000 Exception <a 'java/lang/UnsupportedOperationException': > (0x000000071c131b60) thrown at [/HUDSON/workspace/8-2-build-linux-amd64/jdk8u201/12317/hotspot/src/share/vm/prims/jni.cpp, line 735]
Event: 4,221 Thread 0x00007f32c433e000 Exception <a 'java/lang/UnsupportedOperationException': > (0x000000071c135d18) thrown at [/HUDSON/workspace/8-2-build-linux-amd64/jdk8u201/12317/hotspot/src/share/vm/prims/jni.cpp, line 735]

Events (10 events):
Event: 155,219 Thread 0x00007f32c4092000 DEOPT UNPACKING pc=0x00007f32b504573a sp=0x00007f32a54578a8 mode 2
Event: 155,310 Thread 0x00007f32c4092000 Uncommon trap: trap_request=0xffffffde fr.pc=0x00007f32b550907c
Event: 155,310 Thread 0x00007f32c4092000 DEOPT PACKING pc=0x00007f32b550907c sp=0x00007f32a5457990
Event: 155,310 Thread 0x00007f32c4092000 DEOPT UNPACKING pc=0x00007f32b504573a sp=0x00007f32a54578a8 mode 2
Event: 155,310 Thread 0x00007f32c4092000 Uncommon trap: trap_request=0xffffffde fr.pc=0x00007f32b550907c
Event: 155,310 Thread 0x00007f32c4092000 DEOPT PACKING pc=0x00007f32b550907c sp=0x00007f32a5457990
Event: 155,310 Thread 0x00007f32c4092000 DEOPT UNPACKING pc=0x00007f32b504573a sp=0x00007f32a54578a8 mode 2
Event: 155,310 Thread 0x00007f32c4092000 Uncommon trap: trap_request=0xffffffde fr.pc=0x00007f32b53f885c
Event: 155,310 Thread 0x00007f32c4092000 DEOPT PACKING pc=0x00007f32b53f885c sp=0x00007f32a5457910
Event: 155,310 Thread 0x00007f32c4092000 DEOPT UNPACKING pc=0x00007f32b504573a sp=0x00007f32a5457898 mode 2


Dynamic libraries:
00400000-00401000 r-xp 00000000 103:05 399591                            /usr/lib/jvm/java-8-oracle/bin/java
00600000-00601000 r--p 00000000 103:05 399591                            /usr/lib/jvm/java-8-oracle/bin/java
00601000-00602000 rw-p 00001000 103:05 399591                            /usr/lib/jvm/java-8-oracle/bin/java
02259000-0227a000 rw-p 00000000 00:00 0                                  [heap]
5cd200000-65fc80000 rw-p 00000000 00:00 0 
65fc80000-719b80000 ---p 00000000 00:00 0 
719b80000-7c0000000 rw-p 00000000 00:00 0 
7c0000000-7c0180000 rw-p 00000000 00:00 0 
7c0180000-800000000 ---p 00000000 00:00 0 
7f3117ffe000-7f311cfff000 rw-p 00000000 00:00 0 
7f3124000000-7f312a712000 rw-p 00000000 00:00 0 
7f312a712000-7f312c000000 ---p 00000000 00:00 0 
7f312c000000-7f3134000000 rw-p 00000000 00:00 0 
7f3134000000-7f313c000000 rw-p 00000000 00:00 0 
7f313c000000-7f3144000000 rw-p 00000000 00:00 0 
7f3144000000-7f314c000000 rw-p 00000000 00:00 0 
7f314c000000-7f3154000000 rw-p 00000000 00:00 0 
7f3154000000-7f315c000000 rw-p 00000000 00:00 0 
7f315c000000-7f3164000000 rw-p 00000000 00:00 0 
7f3164000000-7f316c000000 rw-p 00000000 00:00 0 
7f316c000000-7f3170000000 rw-p 00000000 00:00 0 
7f3173ffe000-7f3178fff000 rw-p 00000000 00:00 0 
7f317afff000-7f3180000000 rw-p 00000000 00:00 0 
7f3180000000-7f3188000000 rw-p 00000000 00:00 0 
7f3188000000-7f3190000000 rw-p 00000000 00:00 0 
7f3190000000-7f3198000000 rw-p 00000000 00:00 0 
7f3198000000-7f31a0000000 rw-p 00000000 00:00 0 
7f31a0000000-7f31a8000000 rw-p 00000000 00:00 0 
7f31a8000000-7f31b0000000 rw-p 00000000 00:00 0 
7f31b0000000-7f31b4000000 rw-p 00000000 00:00 0 
7f31beff3000-7f31cdff4000 rw-p 00000000 00:00 0 
7f31e8000000-7f31e8021000 rw-p 00000000 00:00 0 
7f31e8021000-7f31ec000000 ---p 00000000 00:00 0 
7f31ec000000-7f31ec021000 rw-p 00000000 00:00 0 
7f31ec021000-7f31f0000000 ---p 00000000 00:00 0 
7f31f0000000-7f31f0021000 rw-p 00000000 00:00 0 
7f31f0021000-7f31f4000000 ---p 00000000 00:00 0 
7f31f4000000-7f31f4021000 rw-p 00000000 00:00 0 
7f31f4021000-7f31f8000000 ---p 00000000 00:00 0 
7f31f8000000-7f31f8021000 rw-p 00000000 00:00 0 
7f31f8021000-7f31fc000000 ---p 00000000 00:00 0 
7f31fc7fd000-7f31fc7fe000 ---p 00000000 00:00 0 
7f31fc7fe000-7f31fcffe000 rw-p 00000000 00:00 0 
7f31fcffe000-7f31fcfff000 ---p 00000000 00:00 0 
7f31fcfff000-7f31fd7ff000 rw-p 00000000 00:00 0 
7f3200000000-7f3200021000 rw-p 00000000 00:00 0 
7f3200021000-7f3204000000 ---p 00000000 00:00 0 
7f3204000000-7f3204021000 rw-p 00000000 00:00 0 
7f3204021000-7f3208000000 ---p 00000000 00:00 0 
7f3208000000-7f3208021000 rw-p 00000000 00:00 0 
7f3208021000-7f320c000000 ---p 00000000 00:00 0 
7f320c000000-7f320c021000 rw-p 00000000 00:00 0 
7f320c021000-7f3210000000 ---p 00000000 00:00 0 
7f3210000000-7f3210021000 rw-p 00000000 00:00 0 
7f3210021000-7f3214000000 ---p 00000000 00:00 0 
7f32147fd000-7f32147fe000 ---p 00000000 00:00 0 
7f32147fe000-7f3214ffe000 rw-p 00000000 00:00 0 
7f3214ffe000-7f3214fff000 ---p 00000000 00:00 0 
7f3214fff000-7f32157ff000 rw-p 00000000 00:00 0 
7f3218000000-7f3218021000 rw-p 00000000 00:00 0 
7f3218021000-7f321c000000 ---p 00000000 00:00 0 
7f3224cad000-7f3232d74000 r-xp 00000000 103:05 1975135                   /home/fernandr/Programmes/Fiji.app/lib/linux64/libSimpleITKJava.so
7f3232d74000-7f3232f73000 ---p 0e0c7000 103:05 1975135                   /home/fernandr/Programmes/Fiji.app/lib/linux64/libSimpleITKJava.so
7f3232f73000-7f3233fe1000 rw-p 0e0c6000 103:05 1975135                   /home/fernandr/Programmes/Fiji.app/lib/linux64/libSimpleITKJava.so
7f3233fe1000-7f3234000000 rw-p 00000000 00:00 0 
7f3234000000-7f323430e000 rw-p 00000000 00:00 0 
7f323430e000-7f3238000000 ---p 00000000 00:00 0 
7f3238000000-7f3238021000 rw-p 00000000 00:00 0 
7f3238021000-7f323c000000 ---p 00000000 00:00 0 
7f323c000000-7f323c02d000 rw-p 00000000 00:00 0 
7f323c02d000-7f3240000000 ---p 00000000 00:00 0 
7f3240000000-7f3240021000 rw-p 00000000 00:00 0 
7f3240021000-7f3244000000 ---p 00000000 00:00 0 
7f3244000000-7f3244021000 rw-p 00000000 00:00 0 
7f3244021000-7f3248000000 ---p 00000000 00:00 0 
7f3248000000-7f3248021000 rw-p 00000000 00:00 0 
7f3248021000-7f324c000000 ---p 00000000 00:00 0 
7f324c000000-7f324d041000 rw-p 00000000 00:00 0 
7f324d041000-7f3250000000 ---p 00000000 00:00 0 
7f3250000000-7f3250021000 rw-p 00000000 00:00 0 
7f3250021000-7f3254000000 ---p 00000000 00:00 0 
7f3254000000-7f32542c4000 rw-p 00000000 00:00 0 
7f32542c4000-7f3258000000 ---p 00000000 00:00 0 
7f3258000000-7f325846f000 rw-p 00000000 00:00 0 
7f325846f000-7f325c000000 ---p 00000000 00:00 0 
7f325c000000-7f325c021000 rw-p 00000000 00:00 0 
7f325c021000-7f3260000000 ---p 00000000 00:00 0 
7f3260000000-7f3260549000 rw-p 00000000 00:00 0 
7f3260549000-7f3264000000 ---p 00000000 00:00 0 
7f3264000000-7f3264021000 rw-p 00000000 00:00 0 
7f3264021000-7f3268000000 ---p 00000000 00:00 0 
7f3268000000-7f3269298000 rw-p 00000000 00:00 0 
7f3269298000-7f326c000000 ---p 00000000 00:00 0 
7f326c000000-7f326d42f000 rw-p 00000000 00:00 0 
7f326d42f000-7f3270000000 ---p 00000000 00:00 0 
7f3270690000-7f3280000000 rw-p 00000000 00:00 0 
7f3280000000-7f3280021000 rw-p 00000000 00:00 0 
7f3280021000-7f3284000000 ---p 00000000 00:00 0 
7f3284000000-7f3284021000 rw-p 00000000 00:00 0 
7f3284021000-7f3288000000 ---p 00000000 00:00 0 
7f3288000000-7f32895c7000 rw-p 00000000 00:00 0 
7f32895c7000-7f328c000000 ---p 00000000 00:00 0 
7f328c000000-7f328c05a000 rw-p 00000000 00:00 0 
7f328c05a000-7f3290000000 ---p 00000000 00:00 0 
7f3290000000-7f3290021000 rw-p 00000000 00:00 0 
7f3290021000-7f3294000000 ---p 00000000 00:00 0 
7f3298000000-7f3298021000 rw-p 00000000 00:00 0 
7f3298021000-7f329c000000 ---p 00000000 00:00 0 
7f329cacb000-7f329cc8b000 rw-p 00000000 00:00 0 
7f329cc8b000-7f329cccb000 ---p 00000000 00:00 0 
7f329cccb000-7f329ccf5000 r-xp 00000000 103:05 1319030                   /usr/lib/jvm/java-8-oracle/jre/lib/amd64/libdcpr.so
7f329ccf5000-7f329cef4000 ---p 0002a000 103:05 1319030                   /usr/lib/jvm/java-8-oracle/jre/lib/amd64/libdcpr.so
7f329cef4000-7f329cef5000 r--p 00029000 103:05 1319030                   /usr/lib/jvm/java-8-oracle/jre/lib/amd64/libdcpr.so
7f329cef5000-7f329cef8000 rw-p 0002a000 103:05 1319030                   /usr/lib/jvm/java-8-oracle/jre/lib/amd64/libdcpr.so
7f329cef8000-7f329cf03000 r--s 00000000 103:05 2754318                   /var/cache/fontconfig/945677eb7aeaf62f1d50efc3fb3ec7d8-le64.cache-7
7f329cf03000-7f329cf08000 r--s 00000000 103:05 2754289                   /var/cache/fontconfig/2300eef321c393bfd76478a5c0e95b23-le64.cache-7
7f329cf08000-7f329cf09000 r--s 00000000 103:05 2754282                   /var/cache/fontconfig/0d8c3b2ac0904cb8a57a757ad11a4a08-le64.cache-7
7f329cf09000-7f329cf0d000 r--s 00000000 103:05 2758608                   /var/cache/fontconfig/6d41288fd70b0be22e8c3a91e032eec0-le64.cache-7
7f329cf0d000-7f329cf22000 r--s 00000000 103:05 2754278                   /var/cache/fontconfig/04aabc0a78ac019cf9454389977116d2-le64.cache-7
7f329cf22000-7f329cf23000 r--s 00000000 103:05 2754286                   /var/cache/fontconfig/1ac9eb803944fde146138c791f5cc56a-le64.cache-7
7f329cf23000-7f329cf24000 r--s 00000000 103:05 2754337                   /var/cache/fontconfig/dc05db6664285cc2f12bf69c139ae4c3-le64.cache-7
7f329cf24000-7f329cf26000 r--s 00000000 103:05 2754283                   /var/cache/fontconfig/14a5e22175779b556eaa434240950366-le64.cache-7
7f329cf26000-7f329cf27000 r--s 00000000 103:05 2754310                   /var/cache/fontconfig/660208299946a285a940457d1287da33-le64.cache-7
7f329cf27000-7f329cf29000 r--s 00000000 103:05 2754301                   /var/cache/fontconfig/4f3e3037c9980c83b53a9351efadef62-le64.cache-7
7f329cf29000-7f329cf2b000 r--s 00000000 103:05 2754315                   /var/cache/fontconfig/767a8244fc0220cfb567a839d0392e0b-le64.cache-7
7f329cf2b000-7f329cf2c000 r--s 00000000 103:05 2755050                   /var/cache/fontconfig/4794a0821666d79190d59a36cb4f44b5-le64.cache-7
7f329cf2c000-7f329cf2e000 r--s 00000000 103:05 2759434                   /var/cache/fontconfig/0bd3dc0958fa2205aaaa8ebb13e2872b-le64.cache-7
7f329cf2e000-7f329cf33000 r--s 00000000 103:05 2754338                   /var/cache/fontconfig/def309198bfa603429122923fa2bb2d4-le64.cache-7
7f329cf33000-7f329cf34000 r--s 00000000 103:05 2754326                   /var/cache/fontconfig/b872e6e592da6075ffa4ab0a1fcc0c75-le64.cache-7
7f329cf34000-7f329cf35000 r--s 00000000 103:05 2754343                   /var/cache/fontconfig/f6d4eedfaab2589bde49f7a3ff831d22-le64.cache-7
7f329cf35000-7f329cf36000 r--s 00000000 103:05 2754308                   /var/cache/fontconfig/589f83ef4c36d296ce6e1c846f468f08-le64.cache-7
7f329cf36000-7f329cf37000 r--s 00000000 103:05 2754328                   /var/cache/fontconfig/bab58bb527bb656aaa9f116d68a48d89-le64.cache-7
7f329cf37000-7f329cf38000 r--s 00000000 103:05 2754287                   /var/cache/fontconfig/2171a34dccabdb6bcbbc728186263178-le64.cache-7
7f329cf38000-7f329cf39000 r--s 00000000 103:05 2754329                   /var/cache/fontconfig/c5c45a61289222e0d30b1a26ef4effbe-le64.cache-7
7f329cf39000-7f329cf3a000 r--s 00000000 103:05 2754324                   /var/cache/fontconfig/aec30016f93e1b46d1a973dce0d74068-le64.cache-7
7f329cf3a000-7f329cf3b000 r--s 00000000 103:05 2754294                   /var/cache/fontconfig/3f589640d34b7dc9042c8d453f7c8b9c-le64.cache-7
7f329cf3b000-7f329cf3c000 r--s 00000000 103:05 2754284                   /var/cache/fontconfig/16c2fda60d1b4b719f4b3d06fd951d25-le64.cache-7
7f329cf3c000-7f329cf3d000 r--s 00000000 103:05 2754323                   /var/cache/fontconfig/a48eab177a16e4f3713381162db2f3e9-le64.cache-7
7f329cf3d000-7f329cf3e000 r--s 00000000 103:05 2754304                   /var/cache/fontconfig/564b2e68ac9bc4e36a6f7f6d6125ec1c-le64.cache-7
7f329cf3e000-7f329cf44000 r--s 00000000 103:05 2759433                   /var/cache/fontconfig/3047814df9a2f067bd2d96a2b9c36e5a-le64.cache-7
7f329cf44000-7f329cf4c000 r--s 00000000 103:05 2753774                   /var/cache/fontconfig/bf3b770c553c462765856025a94f1ce6-le64.cache-7
7f329cf4c000-7f329cf52000 r--s 00000000 103:05 2754325                   /var/cache/fontconfig/b47c4e1ecd0709278f4910c18777a504-le64.cache-7
7f329d12e000-7f329d32e000 rw-p 00000000 00:00 0 
7f329d32f000-7f329d42f000 rw-s 00000000 00:05 11665427                   /SYSV00000000 (deleted)
7f329d42f000-7f329d49b000 r-xp 00000000 103:05 1319045                   /usr/lib/jvm/java-8-oracle/jre/lib/amd64/libt2k.so
7f329d49b000-7f329d69b000 ---p 0006c000 103:05 1319045                   /usr/lib/jvm/java-8-oracle/jre/lib/amd64/libt2k.so
7f329d69b000-7f329d6a1000 r--p 0006c000 103:05 1319045                   /usr/lib/jvm/java-8-oracle/jre/lib/amd64/libt2k.so
7f329d6a1000-7f329d6a2000 rw-p 00072000 103:05 1319045                   /usr/lib/jvm/java-8-oracle/jre/lib/amd64/libt2k.so
7f329d6a2000-7f329d6b3000 r-xp 00000000 103:05 1319086                   /usr/lib/jvm/java-8-oracle/jre/lib/amd64/libnio.so
7f329d6b3000-7f329d8b2000 ---p 00011000 103:05 1319086                   /usr/lib/jvm/java-8-oracle/jre/lib/amd64/libnio.so
7f329d8b2000-7f329d8b3000 r--p 00010000 103:05 1319086                   /usr/lib/jvm/java-8-oracle/jre/lib/amd64/libnio.so
7f329d8b3000-7f329d8b4000 rw-p 00011000 103:05 1319086                   /usr/lib/jvm/java-8-oracle/jre/lib/amd64/libnio.so
7f329d8b4000-7f329d8ca000 r-xp 00000000 103:05 1319083                   /usr/lib/jvm/java-8-oracle/jre/lib/amd64/libnet.so
7f329d8ca000-7f329daca000 ---p 00016000 103:05 1319083                   /usr/lib/jvm/java-8-oracle/jre/lib/amd64/libnet.so
7f329daca000-7f329dacb000 r--p 00016000 103:05 1319083                   /usr/lib/jvm/java-8-oracle/jre/lib/amd64/libnet.so
7f329dacb000-7f329dacc000 rw-p 00017000 103:05 1319083                   /usr/lib/jvm/java-8-oracle/jre/lib/amd64/libnet.so
7f329dacc000-7f329dacf000 ---p 00000000 00:00 0 
7f329dacf000-7f329dbcd000 rw-p 00000000 00:00 0 
7f329dbcd000-7f329dbd0000 ---p 00000000 00:00 0 
7f329dbd0000-7f329dece000 rw-p 00000000 00:00 0 
7f329dece000-7f329ded1000 ---p 00000000 00:00 0 
7f329ded1000-7f329dfcf000 rw-p 00000000 00:00 0 
7f329dfcf000-7f329dfd4000 r-xp 00000000 103:05 401423                    /usr/lib/x86_64-linux-gnu/libXfixes.so.3.1.0
7f329dfd4000-7f329e1d3000 ---p 00005000 103:05 401423                    /usr/lib/x86_64-linux-gnu/libXfixes.so.3.1.0
7f329e1d3000-7f329e1d4000 r--p 00004000 103:05 401423                    /usr/lib/x86_64-linux-gnu/libXfixes.so.3.1.0
7f329e1d4000-7f329e1d5000 rw-p 00005000 103:05 401423                    /usr/lib/x86_64-linux-gnu/libXfixes.so.3.1.0
7f329e1d5000-7f329e1de000 r-xp 00000000 103:05 401415                    /usr/lib/x86_64-linux-gnu/libXcursor.so.1.0.2
7f329e1de000-7f329e3dd000 ---p 00009000 103:05 401415                    /usr/lib/x86_64-linux-gnu/libXcursor.so.1.0.2
7f329e3dd000-7f329e3de000 r--p 00008000 103:05 401415                    /usr/lib/x86_64-linux-gnu/libXcursor.so.1.0.2
7f329e3de000-7f329e3df000 rw-p 00009000 103:05 401415                    /usr/lib/x86_64-linux-gnu/libXcursor.so.1.0.2
7f329e3df000-7f329e3e2000 ---p 00000000 00:00 0 
7f329e3e2000-7f329e4e0000 rw-p 00000000 00:00 0 
7f329e4e0000-7f329e4f7000 r-xp 00000000 103:05 3801177                   /lib/x86_64-linux-gnu/libgcc_s.so.1
7f329e4f7000-7f329e6f6000 ---p 00017000 103:05 3801177                   /lib/x86_64-linux-gnu/libgcc_s.so.1
7f329e6f6000-7f329e6f7000 r--p 00016000 103:05 3801177                   /lib/x86_64-linux-gnu/libgcc_s.so.1
7f329e6f7000-7f329e6f8000 rw-p 00017000 103:05 3801177                   /lib/x86_64-linux-gnu/libgcc_s.so.1
7f329e6f8000-7f329e6fd000 r--s 00000000 103:05 2754981                   /var/cache/fontconfig/9d2451b1fd30e5bffe8383fd27c35478-le64.cache-7
7f329e6fd000-7f329e710000 r--s 00000000 103:05 2754334                   /var/cache/fontconfig/d52a8644073d54c13679302ca1180695-le64.cache-7
7f329e710000-7f329e71e000 r--s 00000000 103:05 2754320                   /var/cache/fontconfig/9b89f8e3dae116d678bbf48e5f21f69b-le64.cache-7
7f329e71e000-7f329e77b000 r-xp 00000000 103:05 1319057                   /usr/lib/jvm/java-8-oracle/jre/lib/amd64/libfontmanager.so
7f329e77b000-7f329e97b000 ---p 0005d000 103:05 1319057                   /usr/lib/jvm/java-8-oracle/jre/lib/amd64/libfontmanager.so
7f329e97b000-7f329e97e000 r--p 0005d000 103:05 1319057                   /usr/lib/jvm/java-8-oracle/jre/lib/amd64/libfontmanager.so
7f329e97e000-7f329e97f000 rw-p 00060000 103:05 1319057                   /usr/lib/jvm/java-8-oracle/jre/lib/amd64/libfontmanager.so
7f329e97f000-7f329e992000 r-xp 00000000 103:05 3806054                   /lib/x86_64-linux-gnu/libbsd.so.0.8.7
7f329e992000-7f329eb91000 ---p 00013000 103:05 3806054                   /lib/x86_64-linux-gnu/libbsd.so.0.8.7
7f329eb91000-7f329eb92000 r--p 00012000 103:05 3806054                   /lib/x86_64-linux-gnu/libbsd.so.0.8.7
7f329eb92000-7f329eb93000 rw-p 00013000 103:05 3806054                   /lib/x86_64-linux-gnu/libbsd.so.0.8.7
7f329eb93000-7f329eb94000 rw-p 00000000 00:00 0 
7f329eb94000-7f329eb99000 r-xp 00000000 103:05 401419                    /usr/lib/x86_64-linux-gnu/libXdmcp.so.6.0.0
7f329eb99000-7f329ed98000 ---p 00005000 103:05 401419                    /usr/lib/x86_64-linux-gnu/libXdmcp.so.6.0.0
7f329ed98000-7f329ed99000 r--p 00004000 103:05 401419                    /usr/lib/x86_64-linux-gnu/libXdmcp.so.6.0.0
7f329ed99000-7f329ed9a000 rw-p 00005000 103:05 401419                    /usr/lib/x86_64-linux-gnu/libXdmcp.so.6.0.0
7f329ed9a000-7f329ed9c000 r-xp 00000000 103:05 401408                    /usr/lib/x86_64-linux-gnu/libXau.so.6.0.0
7f329ed9c000-7f329ef9c000 ---p 00002000 103:05 401408                    /usr/lib/x86_64-linux-gnu/libXau.so.6.0.0
7f329ef9c000-7f329ef9d000 r--p 00002000 103:05 401408                    /usr/lib/x86_64-linux-gnu/libXau.so.6.0.0
7f329ef9d000-7f329ef9e000 rw-p 00003000 103:05 401408                    /usr/lib/x86_64-linux-gnu/libXau.so.6.0.0
7f329ef9e000-7f329efc4000 r-xp 00000000 103:05 396084                    /usr/lib/x86_64-linux-gnu/libxcb.so.1.1.0
7f329efc4000-7f329f1c4000 ---p 00026000 103:05 396084                    /usr/lib/x86_64-linux-gnu/libxcb.so.1.1.0
7f329f1c4000-7f329f1c5000 r--p 00026000 103:05 396084                    /usr/lib/x86_64-linux-gnu/libxcb.so.1.1.0
7f329f1c5000-7f329f1c6000 rw-p 00027000 103:05 396084                    /usr/lib/x86_64-linux-gnu/libxcb.so.1.1.0
7f329f1c6000-7f329f1d5000 r-xp 00000000 103:05 401429                    /usr/lib/x86_64-linux-gnu/libXi.so.6.1.0
7f329f1d5000-7f329f3d4000 ---p 0000f000 103:05 401429                    /usr/lib/x86_64-linux-gnu/libXi.so.6.1.0
7f329f3d4000-7f329f3d5000 r--p 0000e000 103:05 401429                    /usr/lib/x86_64-linux-gnu/libXi.so.6.1.0
7f329f3d5000-7f329f3d6000 rw-p 0000f000 103:05 401429                    /usr/lib/x86_64-linux-gnu/libXi.so.6.1.0
7f329f3d6000-7f329f3db000 r-xp 00000000 103:05 401447                    /usr/lib/x86_64-linux-gnu/libXtst.so.6.1.0
7f329f3db000-7f329f5da000 ---p 00005000 103:05 401447                    /usr/lib/x86_64-linux-gnu/libXtst.so.6.1.0
7f329f5da000-7f329f5db000 r--p 00004000 103:05 401447                    /usr/lib/x86_64-linux-gnu/libXtst.so.6.1.0
7f329f5db000-7f329f5dc000 rw-p 00005000 103:05 401447                    /usr/lib/x86_64-linux-gnu/libXtst.so.6.1.0
7f329f5dc000-7f329f5e5000 r-xp 00000000 103:05 401441                    /usr/lib/x86_64-linux-gnu/libXrender.so.1.3.0
7f329f5e5000-7f329f7e4000 ---p 00009000 103:05 401441                    /usr/lib/x86_64-linux-gnu/libXrender.so.1.3.0
7f329f7e4000-7f329f7e5000 r--p 00008000 103:05 401441                    /usr/lib/x86_64-linux-gnu/libXrender.so.1.3.0
7f329f7e5000-7f329f7e6000 rw-p 00009000 103:05 401441                    /usr/lib/x86_64-linux-gnu/libXrender.so.1.3.0
7f329f7e6000-7f329f919000 r-xp 00000000 103:05 400060                    /usr/lib/x86_64-linux-gnu/libX11.so.6.3.0
7f329f919000-7f329fb19000 ---p 00133000 103:05 400060                    /usr/lib/x86_64-linux-gnu/libX11.so.6.3.0
7f329fb19000-7f329fb1a000 r--p 00133000 103:05 400060                    /usr/lib/x86_64-linux-gnu/libX11.so.6.3.0
7f329fb1a000-7f329fb1e000 rw-p 00134000 103:05 400060                    /usr/lib/x86_64-linux-gnu/libX11.so.6.3.0
7f329fb1e000-7f329fb2f000 r-xp 00000000 103:05 401421                    /usr/lib/x86_64-linux-gnu/libXext.so.6.4.0
7f329fb2f000-7f329fd2e000 ---p 00011000 103:05 401421                    /usr/lib/x86_64-linux-gnu/libXext.so.6.4.0
7f329fd2e000-7f329fd2f000 r--p 00010000 103:05 401421                    /usr/lib/x86_64-linux-gnu/libXext.so.6.4.0
7f329fd2f000-7f329fd30000 rw-p 00011000 103:05 401421                    /usr/lib/x86_64-linux-gnu/libXext.so.6.4.0
7f329fd30000-7f329fdd0000 r-xp 00000000 103:05 1319075                   /usr/lib/jvm/java-8-oracle/jre/lib/amd64/libawt.so
7f329fdd0000-7f329ffcf000 ---p 000a0000 103:05 1319075                   /usr/lib/jvm/java-8-oracle/jre/lib/amd64/libawt.so
7f329ffcf000-7f329ffd0000 r--p 0009f000 103:05 1319075                   /usr/lib/jvm/java-8-oracle/jre/lib/amd64/libawt.so
7f329ffd0000-7f329ffdb000 rw-p 000a0000 103:05 1319075                   /usr/lib/jvm/java-8-oracle/jre/lib/amd64/libawt.so
7f329ffdb000-7f32a0000000 rw-p 00000000 00:00 0 
7f32a0000000-7f32a0060000 rw-p 00000000 00:00 0 
7f32a0060000-7f32a4000000 ---p 00000000 00:00 0 
7f32a4000000-7f32a4001000 r--s 00000000 103:05 2754305                   /var/cache/fontconfig/56cf4f4769d0f4abc89a4895d7bd3ae1-le64.cache-7
7f32a4001000-7f32a4002000 r--s 00000000 103:05 2754327                   /var/cache/fontconfig/b9d506c9ac06c20b433354fa67a72993-le64.cache-7
7f32a4002000-7f32a4003000 r--s 00000000 103:05 2754292                   /var/cache/fontconfig/370e5b74bf5dafc30834de68e24a87a4-le64.cache-7
7f32a4003000-7f32a4004000 r--s 00000000 103:05 2754313                   /var/cache/fontconfig/6b2c5944714ca7831b25bed9e85cb5c8-le64.cache-7
7f32a4004000-7f32a4005000 r--s 00000000 103:05 2754333                   /var/cache/fontconfig/d5178ab6d91b49bf20a416737dcea9e8-le64.cache-7
7f32a4005000-7f32a402b000 r--p 00000000 103:05 1182632                   /usr/share/locale-langpack/fr/LC_MESSAGES/libc.mo
7f32a402b000-7f32a407e000 r-xp 00000000 103:05 1319090                   /usr/lib/jvm/java-8-oracle/jre/lib/amd64/libawt_xawt.so
7f32a407e000-7f32a427d000 ---p 00053000 103:05 1319090                   /usr/lib/jvm/java-8-oracle/jre/lib/amd64/libawt_xawt.so
7f32a427d000-7f32a427e000 r--p 00052000 103:05 1319090                   /usr/lib/jvm/java-8-oracle/jre/lib/amd64/libawt_xawt.so
7f32a427e000-7f32a4281000 rw-p 00053000 103:05 1319090                   /usr/lib/jvm/java-8-oracle/jre/lib/amd64/libawt_xawt.so
7f32a4281000-7f32a4282000 rw-p 00000000 00:00 0 
7f32a4282000-7f32a4283000 ---p 00000000 00:00 0 
7f32a4283000-7f32a4383000 rw-p 00000000 00:00 0 
7f32a4383000-7f32a4386000 ---p 00000000 00:00 0 
7f32a4386000-7f32a4484000 rw-p 00000000 00:00 0 
7f32a4484000-7f32a4485000 ---p 00000000 00:00 0 
7f32a4485000-7f32a4488000 ---p 00000000 00:00 0 
7f32a4488000-7f32a4585000 rw-p 00000000 00:00 0 
7f32a4585000-7f32a4586000 ---p 00000000 00:00 0 
7f32a4586000-7f32a4589000 ---p 00000000 00:00 0 
7f32a4589000-7f32a4686000 rw-p 00000000 00:00 0 
7f32a4686000-7f32a4687000 ---p 00000000 00:00 0 
7f32a4687000-7f32a468a000 ---p 00000000 00:00 0 
7f32a468a000-7f32a4787000 rw-p 00000000 00:00 0 
7f32a4787000-7f32a4788000 ---p 00000000 00:00 0 
7f32a4788000-7f32a478b000 ---p 00000000 00:00 0 
7f32a478b000-7f32a4888000 rw-p 00000000 00:00 0 
7f32a4888000-7f32a488b000 ---p 00000000 00:00 0 
7f32a488b000-7f32a4989000 rw-p 00000000 00:00 0 
7f32a4989000-7f32a5358000 r--p 00000000 103:05 400112                    /usr/lib/locale/locale-archive
7f32a5358000-7f32a535b000 ---p 00000000 00:00 0 
7f32a535b000-7f32a5459000 rw-p 00000000 00:00 0 
7f32a5459000-7f32a545c000 ---p 00000000 00:00 0 
7f32a545c000-7f32a555a000 rw-p 00000000 00:00 0 
7f32a555a000-7f32a555b000 ---p 00000000 00:00 0 
7f32a555b000-7f32a8000000 rw-p 00000000 00:00 0 
7f32a8000000-7f32a80f1000 rw-p 00000000 00:00 0 
7f32a80f1000-7f32ac000000 ---p 00000000 00:00 0 
7f32ac000000-7f32ac0dc000 rw-p 00000000 00:00 0 
7f32ac0dc000-7f32b0000000 ---p 00000000 00:00 0 
7f32b0000000-7f32b005f000 rw-p 00000000 00:00 0 
7f32b005f000-7f32b4000000 ---p 00000000 00:00 0 
7f32b4000000-7f32b4001000 r--s 00000000 103:05 2754303                   /var/cache/fontconfig/551ecf3b0e8b0bca0f25c0944f561853-le64.cache-7
7f32b4001000-7f32b4004000 r--s 00000000 103:05 2754342                   /var/cache/fontconfig/f259c2cffa685e28062317905db73c4a-le64.cache-7
7f32b4004000-7f32b4006000 r--s 00000000 103:05 2754302                   /var/cache/fontconfig/550f3886151c940c12a5ed35f6a00586-le64.cache-7
7f32b4006000-7f32b5000000 rw-p 00000000 00:00 0 
7f32b5000000-7f32b57b0000 rwxp 00000000 00:00 0 
7f32b57b0000-7f32c4000000 ---p 00000000 00:00 0 
7f32c4000000-7f32c8000000 rw-p 00000000 00:00 0 
7f32c8000000-7f32c8003000 r--s 00000000 103:05 2754311                   /var/cache/fontconfig/674d1711f2d1d2a09646eb0bdcadee49-le64.cache-7
7f32c8003000-7f32c8004000 r--s 00000000 103:05 2754295                   /var/cache/fontconfig/3f7329c5293ffd510edef78f73874cfd-le64.cache-7
7f32c8004000-7f32c8008000 r--s 00000000 103:05 2754335                   /var/cache/fontconfig/d589a48862398ed80a3d6066f4f56f4c-le64.cache-7
7f32c8008000-7f32c8016000 r--s 00000000 103:05 2764616                   /var/cache/fontconfig/e13b20fdb08344e0e664864cc2ede53d-le64.cache-7
7f32c8016000-7f32c80e9000 rw-p 00000000 00:00 0 
7f32c80e9000-7f32c82c3000 r--s 03d6f000 103:05 1319016                   /usr/lib/jvm/java-8-oracle/jre/lib/rt.jar
7f32c82c3000-7f32c8394000 rw-p 00000000 00:00 0 
7f32c8394000-7f32c8395000 ---p 00000000 00:00 0 
7f32c8395000-7f32c8495000 rw-p 00000000 00:00 0 
7f32c8495000-7f32c8496000 ---p 00000000 00:00 0 
7f32c8496000-7f32c8596000 rw-p 00000000 00:00 0 
7f32c8596000-7f32c8597000 ---p 00000000 00:00 0 
7f32c8597000-7f32c8697000 rw-p 00000000 00:00 0 
7f32c8697000-7f32c8698000 ---p 00000000 00:00 0 
7f32c8698000-7f32c8798000 rw-p 00000000 00:00 0 
7f32c8798000-7f32c8799000 ---p 00000000 00:00 0 
7f32c8799000-7f32c8899000 rw-p 00000000 00:00 0 
7f32c8899000-7f32c889a000 ---p 00000000 00:00 0 
7f32c889a000-7f32c899a000 rw-p 00000000 00:00 0 
7f32c899a000-7f32c899b000 ---p 00000000 00:00 0 
7f32c899b000-7f32c8a9b000 rw-p 00000000 00:00 0 
7f32c8a9b000-7f32c8a9c000 ---p 00000000 00:00 0 
7f32c8a9c000-7f32c8b9c000 rw-p 00000000 00:00 0 
7f32c8b9c000-7f32c8b9d000 ---p 00000000 00:00 0 
7f32c8b9d000-7f32c8c9d000 rw-p 00000000 00:00 0 
7f32c8c9d000-7f32c8c9e000 ---p 00000000 00:00 0 
7f32c8c9e000-7f32c9234000 rw-p 00000000 00:00 0 
7f32c9234000-7f32c9803000 ---p 00000000 00:00 0 
7f32c9803000-7f32c9c99000 rw-p 00000000 00:00 0 
7f32c9c99000-7f32ca267000 ---p 00000000 00:00 0 
7f32ca267000-7f32ca79a000 rw-p 00000000 00:00 0 
7f32ca79a000-7f32ca7ba000 rw-p 00000000 00:00 0 
7f32ca7ba000-7f32cab5b000 ---p 00000000 00:00 0 
7f32cab5b000-7f32cab76000 r-xp 00000000 103:05 1319079                   /usr/lib/jvm/java-8-oracle/jre/lib/amd64/libzip.so
7f32cab76000-7f32cad75000 ---p 0001b000 103:05 1319079                   /usr/lib/jvm/java-8-oracle/jre/lib/amd64/libzip.so
7f32cad75000-7f32cad76000 r--p 0001a000 103:05 1319079                   /usr/lib/jvm/java-8-oracle/jre/lib/amd64/libzip.so
7f32cad76000-7f32cad77000 rw-p 0001b000 103:05 1319079                   /usr/lib/jvm/java-8-oracle/jre/lib/amd64/libzip.so
7f32cad77000-7f32cad82000 r-xp 00000000 103:05 3806148                   /lib/x86_64-linux-gnu/libnss_files-2.27.so
7f32cad82000-7f32caf81000 ---p 0000b000 103:05 3806148                   /lib/x86_64-linux-gnu/libnss_files-2.27.so
7f32caf81000-7f32caf82000 r--p 0000a000 103:05 3806148                   /lib/x86_64-linux-gnu/libnss_files-2.27.so
7f32caf82000-7f32caf83000 rw-p 0000b000 103:05 3806148                   /lib/x86_64-linux-gnu/libnss_files-2.27.so
7f32caf83000-7f32caf89000 rw-p 00000000 00:00 0 
7f32caf89000-7f32cafa0000 r-xp 00000000 103:05 3806142                   /lib/x86_64-linux-gnu/libnsl-2.27.so
7f32cafa0000-7f32cb19f000 ---p 00017000 103:05 3806142                   /lib/x86_64-linux-gnu/libnsl-2.27.so
7f32cb19f000-7f32cb1a0000 r--p 00016000 103:05 3806142                   /lib/x86_64-linux-gnu/libnsl-2.27.so
7f32cb1a0000-7f32cb1a1000 rw-p 00017000 103:05 3806142                   /lib/x86_64-linux-gnu/libnsl-2.27.so
7f32cb1a1000-7f32cb1a3000 rw-p 00000000 00:00 0 
7f32cb1a3000-7f32cb1ae000 r-xp 00000000 103:05 3806159                   /lib/x86_64-linux-gnu/libnss_nis-2.27.so
7f32cb1ae000-7f32cb3ad000 ---p 0000b000 103:05 3806159                   /lib/x86_64-linux-gnu/libnss_nis-2.27.so
7f32cb3ad000-7f32cb3ae000 r--p 0000a000 103:05 3806159                   /lib/x86_64-linux-gnu/libnss_nis-2.27.so
7f32cb3ae000-7f32cb3af000 rw-p 0000b000 103:05 3806159                   /lib/x86_64-linux-gnu/libnss_nis-2.27.so
7f32cb3af000-7f32cb3b7000 r-xp 00000000 103:05 3806144                   /lib/x86_64-linux-gnu/libnss_compat-2.27.so
7f32cb3b7000-7f32cb5b7000 ---p 00008000 103:05 3806144                   /lib/x86_64-linux-gnu/libnss_compat-2.27.so
7f32cb5b7000-7f32cb5b8000 r--p 00008000 103:05 3806144                   /lib/x86_64-linux-gnu/libnss_compat-2.27.so
7f32cb5b8000-7f32cb5b9000 rw-p 00009000 103:05 3806144                   /lib/x86_64-linux-gnu/libnss_compat-2.27.so
7f32cb5b9000-7f32cb5e5000 r-xp 00000000 103:05 1319071                   /usr/lib/jvm/java-8-oracle/jre/lib/amd64/libjava.so
7f32cb5e5000-7f32cb7e5000 ---p 0002c000 103:05 1319071                   /usr/lib/jvm/java-8-oracle/jre/lib/amd64/libjava.so
7f32cb7e5000-7f32cb7e6000 r--p 0002c000 103:05 1319071                   /usr/lib/jvm/java-8-oracle/jre/lib/amd64/libjava.so
7f32cb7e6000-7f32cb7e8000 rw-p 0002d000 103:05 1319071                   /usr/lib/jvm/java-8-oracle/jre/lib/amd64/libjava.so
7f32cb7e8000-7f32cb7f5000 r-xp 00000000 103:05 1319077                   /usr/lib/jvm/java-8-oracle/jre/lib/amd64/libverify.so
7f32cb7f5000-7f32cb9f4000 ---p 0000d000 103:05 1319077                   /usr/lib/jvm/java-8-oracle/jre/lib/amd64/libverify.so
7f32cb9f4000-7f32cb9f6000 r--p 0000c000 103:05 1319077                   /usr/lib/jvm/java-8-oracle/jre/lib/amd64/libverify.so
7f32cb9f6000-7f32cb9f7000 rw-p 0000e000 103:05 1319077                   /usr/lib/jvm/java-8-oracle/jre/lib/amd64/libverify.so
7f32cb9f7000-7f32cb9fe000 r-xp 00000000 103:05 3806199                   /lib/x86_64-linux-gnu/librt-2.27.so
7f32cb9fe000-7f32cbbfd000 ---p 00007000 103:05 3806199                   /lib/x86_64-linux-gnu/librt-2.27.so
7f32cbbfd000-7f32cbbfe000 r--p 00006000 103:05 3806199                   /lib/x86_64-linux-gnu/librt-2.27.so
7f32cbbfe000-7f32cbbff000 rw-p 00007000 103:05 3806199                   /lib/x86_64-linux-gnu/librt-2.27.so
7f32cbbff000-7f32cbd9c000 r-xp 00000000 103:05 3806121                   /lib/x86_64-linux-gnu/libm-2.27.so
7f32cbd9c000-7f32cbf9b000 ---p 0019d000 103:05 3806121                   /lib/x86_64-linux-gnu/libm-2.27.so
7f32cbf9b000-7f32cbf9c000 r--p 0019c000 103:05 3806121                   /lib/x86_64-linux-gnu/libm-2.27.so
7f32cbf9c000-7f32cbf9d000 rw-p 0019d000 103:05 3806121                   /lib/x86_64-linux-gnu/libm-2.27.so
7f32cbf9d000-7f32ccc85000 r-xp 00000000 103:05 1581920                   /usr/lib/jvm/java-8-oracle/jre/lib/amd64/server/libjvm.so
7f32ccc85000-7f32cce84000 ---p 00ce8000 103:05 1581920                   /usr/lib/jvm/java-8-oracle/jre/lib/amd64/server/libjvm.so
7f32cce84000-7f32ccf1a000 r--p 00ce7000 103:05 1581920                   /usr/lib/jvm/java-8-oracle/jre/lib/amd64/server/libjvm.so
7f32ccf1a000-7f32ccf4b000 rw-p 00d7d000 103:05 1581920                   /usr/lib/jvm/java-8-oracle/jre/lib/amd64/server/libjvm.so
7f32ccf4b000-7f32ccf86000 rw-p 00000000 00:00 0 
7f32ccf86000-7f32cd16d000 r-xp 00000000 103:05 3806058                   /lib/x86_64-linux-gnu/libc-2.27.so
7f32cd16d000-7f32cd36d000 ---p 001e7000 103:05 3806058                   /lib/x86_64-linux-gnu/libc-2.27.so
7f32cd36d000-7f32cd371000 r--p 001e7000 103:05 3806058                   /lib/x86_64-linux-gnu/libc-2.27.so
7f32cd371000-7f32cd373000 rw-p 001eb000 103:05 3806058                   /lib/x86_64-linux-gnu/libc-2.27.so
7f32cd373000-7f32cd377000 rw-p 00000000 00:00 0 
7f32cd377000-7f32cd37a000 r-xp 00000000 103:05 3806081                   /lib/x86_64-linux-gnu/libdl-2.27.so
7f32cd37a000-7f32cd579000 ---p 00003000 103:05 3806081                   /lib/x86_64-linux-gnu/libdl-2.27.so
7f32cd579000-7f32cd57a000 r--p 00002000 103:05 3806081                   /lib/x86_64-linux-gnu/libdl-2.27.so
7f32cd57a000-7f32cd57b000 rw-p 00003000 103:05 3806081                   /lib/x86_64-linux-gnu/libdl-2.27.so
7f32cd57b000-7f32cd592000 r-xp 00000000 103:05 409197                    /usr/lib/jvm/java-8-oracle/lib/amd64/jli/libjli.so
7f32cd592000-7f32cd791000 ---p 00017000 103:05 409197                    /usr/lib/jvm/java-8-oracle/lib/amd64/jli/libjli.so
7f32cd791000-7f32cd792000 r--p 00016000 103:05 409197                    /usr/lib/jvm/java-8-oracle/lib/amd64/jli/libjli.so
7f32cd792000-7f32cd793000 rw-p 00017000 103:05 409197                    /usr/lib/jvm/java-8-oracle/lib/amd64/jli/libjli.so
7f32cd793000-7f32cd7ad000 r-xp 00000000 103:05 3806191                   /lib/x86_64-linux-gnu/libpthread-2.27.so
7f32cd7ad000-7f32cd9ac000 ---p 0001a000 103:05 3806191                   /lib/x86_64-linux-gnu/libpthread-2.27.so
7f32cd9ac000-7f32cd9ad000 r--p 00019000 103:05 3806191                   /lib/x86_64-linux-gnu/libpthread-2.27.so
7f32cd9ad000-7f32cd9ae000 rw-p 0001a000 103:05 3806191                   /lib/x86_64-linux-gnu/libpthread-2.27.so
7f32cd9ae000-7f32cd9b2000 rw-p 00000000 00:00 0 
7f32cd9b2000-7f32cd9b8000 r-xp 00000000 103:05 413404                    /usr/lib/x86_64-linux-gnu/libgtk3-nocsd.so.0
7f32cd9b8000-7f32cdbb7000 ---p 00006000 103:05 413404                    /usr/lib/x86_64-linux-gnu/libgtk3-nocsd.so.0
7f32cdbb7000-7f32cdbb8000 r--p 00005000 103:05 413404                    /usr/lib/x86_64-linux-gnu/libgtk3-nocsd.so.0
7f32cdbb8000-7f32cdbb9000 rw-p 00006000 103:05 413404                    /usr/lib/x86_64-linux-gnu/libgtk3-nocsd.so.0
7f32cdbb9000-7f32cdbe0000 r-xp 00000000 103:05 3806030                   /lib/x86_64-linux-gnu/ld-2.27.so
7f32cdbe0000-7f32cdbe1000 r--s 00000000 103:05 2754281                   /var/cache/fontconfig/0c9eb80ebd1c36541ebe2852d3bb0c49-le64.cache-7
7f32cdbe1000-7f32cdbe2000 r--s 00000000 103:05 2754288                   /var/cache/fontconfig/22368d551a680bfe5a62c02760edf4ea-le64.cache-7
7f32cdbe2000-7f32cdbe3000 r--s 00000000 103:05 2754300                   /var/cache/fontconfig/4d9c95eba1cb85bbcf2878543262124a-le64.cache-7
7f32cdbe3000-7f32cdbe4000 r--s 00000000 103:05 2754317                   /var/cache/fontconfig/85e0a52ce643a7ba2ae53e5d6949cead-le64.cache-7
7f32cdbe4000-7f32cdbe5000 r--s 00000000 103:05 2754297                   /var/cache/fontconfig/49f0de54bdd920fe4f0dfd4cbac43e6b-le64.cache-7
7f32cdbe5000-7f32cdbe6000 r--s 00000000 103:05 2754344                   /var/cache/fontconfig/f6e6e0a5c3d2f6ae0c0c2e0ecd42a997-le64.cache-7
7f32cdbe6000-7f32cdbe7000 r--s 00000000 103:05 2754298                   /var/cache/fontconfig/4b2eda6bb976bda485cb2176619421d5-le64.cache-7
7f32cdbe7000-7f32cdbf1000 r--s 00226000 103:05 1984601                   /home/fernandr/.m2/repository/net/imagej/ij/1.52k/ij-1.52k.jar
7f32cdbf1000-7f32cdcb5000 rw-p 00000000 00:00 0 
7f32cdcb5000-7f32cdcb6000 ---p 00000000 00:00 0 
7f32cdcb6000-7f32cdcb9000 ---p 00000000 00:00 0 
7f32cdcb9000-7f32cddba000 rw-p 00000000 00:00 0 
7f32cddba000-7f32cddbc000 r--s 00000000 103:05 2754312                   /var/cache/fontconfig/6afa1bb216ce958c1589e297e8008489-le64.cache-7
7f32cddbc000-7f32cddc3000 r--s 00000000 103:05 657616                    /usr/lib/x86_64-linux-gnu/gconv/gconv-modules.cache
7f32cddc3000-7f32cddca000 r--s 00095000 103:05 2028044                   /home/fernandr/Programmes/LIB_EXT/JAR/VIB-lib-2.1.2.jar
7f32cddca000-7f32cddd5000 r--s 00093000 103:05 1983880                   /home/fernandr/Programmes/LIB_EXT/JAR/simpleitk-1.2.0.jar
7f32cddd5000-7f32cddd6000 r--s 00005000 103:05 3411772                   /home/fernandr/eclipse-workspace/MyIJPlugs/vitimage/target/lib/ext/lma.jar
7f32cddd6000-7f32cddde000 rw-s 00000000 103:05 2883974                   /tmp/hsperfdata_fernandr/6393
7f32cddde000-7f32cdddf000 rw-p 00000000 00:00 0 
7f32cdddf000-7f32cdde0000 r--p 00000000 00:00 0 
7f32cdde0000-7f32cdde1000 r--p 00027000 103:05 3806030                   /lib/x86_64-linux-gnu/ld-2.27.so
7f32cdde1000-7f32cdde2000 rw-p 00028000 103:05 3806030                   /lib/x86_64-linux-gnu/ld-2.27.so
7f32cdde2000-7f32cdde3000 rw-p 00000000 00:00 0 
7ffc11b95000-7ffc11bb7000 rw-p 00000000 00:00 0                          [stack]
7ffc11bc8000-7ffc11bcb000 r--p 00000000 00:00 0                          [vvar]
7ffc11bcb000-7ffc11bcd000 r-xp 00000000 00:00 0                          [vdso]
ffffffffff600000-ffffffffff601000 r-xp 00000000 00:00 0                  [vsyscall]

VM Arguments:
jvm_args: -Djava.library.path=/home/fernandr/Programmes/Fiji.app/lib/linux64 -Dfile.encoding=UTF-8 
java_command: com.vitimage.BlockMatchingRegistration
java_class_path (initial): /home/fernandr/eclipse-workspace/MyIJPlugs/vitimage/target/lib/ext/lma.jar:/home/fernandr/eclipse-workspace/MyIJPlugs/vitimage/target/classes:/home/fernandr/Programmes/LIB_EXT/JAR/simpleitk-1.2.0.jar:/home/fernandr/Programmes/LIB_EXT/JAR/VIB-lib-2.1.2.jar:/home/fernandr/.m2/repository/net/imagej/ij/1.52k/ij-1.52k.jar:/usr/lib/jvm/java-8-oracle/lib/tools.jar:/home/fernandr/.m2/repository/sc/fiji/imagescience/3.0.0/imagescience-3.0.0.jar:/home/fernandr/.m2/repository/sc/fiji/Image_5D/1.2.6/Image_5D-1.2.6.jar:/home/fernandr/.m2/repository/sc/fiji/VIB-lib/2.1.2/VIB-lib-2.1.2.jar:/home/fernandr/.m2/repository/sc/fiji/pal-optimization/2.0.0/pal-optimization-2.0.0.jar:/home/fernandr/.m2/repository/gov/nist/math/jama/1.0.3/jama-1.0.3.jar
Launcher Type: SUN_STANDARD

Environment Variables:
JAVA_HOME=/usr/lib/jvm/java-8-oracle
PATH=/home/fernandr/Programmes/Fiji.app:/home/fernandr/Scripts:/usr/lib/jvm/java-8-oracle/bin:/usr/lib/jvm/java-8-oracle/bin:/usr/local/sbin:/usr/local/bin:/usr/sbin:/usr/bin:/sbin:/bin:/usr/games:/usr/local/games:/home/fernandr/Programmes/ImageJ:/home/fernandr/Programmes/Fiji.app:/snap/bin:/usr/lib/jvm/java-8-oracle/bin:/usr/lib/jvm/java-8-oracle/db/bin:/usr/lib/jvm/java-8-oracle/jre/bin
USERNAME=fernandr
LD_PRELOAD=libgtk3-nocsd.so.0
SHELL=/bin/bash
DISPLAY=:0

Signal Handlers:
SIGSEGV: [libjvm.so+0xad3e60], sa_mask[0]=11111111011111111101111111111110, sa_flags=SA_RESTART|SA_SIGINFO
SIGBUS: [libjvm.so+0xad3e60], sa_mask[0]=11111111011111111101111111111110, sa_flags=SA_RESTART|SA_SIGINFO
SIGFPE: [libjvm.so+0x90b880], sa_mask[0]=11111111011111111101111111111110, sa_flags=SA_RESTART|SA_SIGINFO
SIGPIPE: [libjvm.so+0x90b880], sa_mask[0]=11111111011111111101111111111110, sa_flags=SA_RESTART|SA_SIGINFO
SIGXFSZ: [libjvm.so+0x90b880], sa_mask[0]=11111111011111111101111111111110, sa_flags=SA_RESTART|SA_SIGINFO
SIGILL: [libjvm.so+0x90b880], sa_mask[0]=11111111011111111101111111111110, sa_flags=SA_RESTART|SA_SIGINFO
SIGUSR1: SIG_DFL, sa_mask[0]=00000000000000000000000000000000, sa_flags=none
SIGUSR2: [libjvm.so+0x90b750], sa_mask[0]=00100000000000000000000000000000, sa_flags=SA_RESTART|SA_SIGINFO
SIGHUP: [libjvm.so+0x90bd70], sa_mask[0]=11111111011111111101111111111110, sa_flags=SA_RESTART|SA_SIGINFO
SIGINT: [libjvm.so+0x90bd70], sa_mask[0]=11111111011111111101111111111110, sa_flags=SA_RESTART|SA_SIGINFO
SIGTERM: [libjvm.so+0x90bd70], sa_mask[0]=11111111011111111101111111111110, sa_flags=SA_RESTART|SA_SIGINFO
SIGQUIT: [libjvm.so+0x90bd70], sa_mask[0]=11111111011111111101111111111110, sa_flags=SA_RESTART|SA_SIGINFO


---------------  S Y S T E M  ---------------

OS:DISTRIB_ID=Ubuntu
DISTRIB_RELEASE=18.04
DISTRIB_CODENAME=bionic
DISTRIB_DESCRIPTION="Ubuntu 18.04.2 LTS"

uname:Linux 4.15.0-50-generic #54-Ubuntu SMP Mon May 6 18:46:08 UTC 2019 x86_64
libc:glibc 2.27 NPTL 2.27 
rlimit: STACK 8192k, CORE 0k, NPROC 127338, NOFILE 4096, AS infinity
load average:4,32 2,86 2,20

/proc/meminfo:
MemTotal:       32693752 kB
MemFree:         1403984 kB
MemAvailable:   20618568 kB
Buffers:        10910320 kB
Cached:          8408028 kB
SwapCached:            0 kB
Active:         11618372 kB
Inactive:       18627576 kB
Active(anon):   10231448 kB
Inactive(anon):   937660 kB
Active(file):    1386924 kB
Inactive(file): 17689916 kB
Unevictable:       14020 kB
Mlocked:           14020 kB
SwapTotal:      19530748 kB
SwapFree:       19530748 kB
Dirty:               800 kB
Writeback:             0 kB
AnonPages:      10941548 kB
Mapped:           807216 kB
Shmem:            236984 kB
Slab:             710148 kB
SReclaimable:     609440 kB
SUnreclaim:       100708 kB
KernelStack:       19040 kB
PageTables:        82936 kB
NFS_Unstable:          0 kB
Bounce:                0 kB
WritebackTmp:          0 kB
CommitLimit:    35877624 kB
Committed_AS:   16339284 kB
VmallocTotal:   34359738367 kB
VmallocUsed:           0 kB
VmallocChunk:          0 kB
HardwareCorrupted:     0 kB
AnonHugePages:         0 kB
ShmemHugePages:        0 kB
ShmemPmdMapped:        0 kB
CmaTotal:              0 kB
CmaFree:               0 kB
HugePages_Total:       0
HugePages_Free:        0
HugePages_Rsvd:        0
HugePages_Surp:        0
Hugepagesize:       2048 kB
DirectMap4k:     1051132 kB
DirectMap2M:    32258048 kB
DirectMap1G:     1048576 kB

container (cgroup) information:
container_type: cgroupv1
cpu_cpuset_cpus: 0-11
cpu_memory_nodes: 0
active_processor_count: 12
cpu_quota: -1
cpu_period: 100000
cpu_shares: -1
memory_limit_in_bytes: -1
memory_and_swap_limit_in_bytes: -2
memory_soft_limit_in_bytes: -1
memory_usage_in_bytes: 30986141696
memory_max_usage_in_bytes: 0


CPU:total 12 (initial active 12) (6 cores per cpu, 2 threads per core) family 6 model 158 stepping 10, cmov, cx8, fxsr, mmx, sse, sse2, sse3, ssse3, sse4.1, sse4.2, popcnt, avx, avx2, aes, clmul, erms, rtm, 3dnowpref, lzcnt, ht, tsc, tscinvbit, bmi1, bmi2, adx

/proc/cpuinfo:
processor	: 0
vendor_id	: GenuineIntel
cpu family	: 6
model		: 158
model name	: Intel(R) Xeon(R) E-2186M  CPU @ 2.90GHz
stepping	: 10
microcode	: 0xb4
cpu MHz		: 3700.129
cache size	: 12288 KB
physical id	: 0
siblings	: 12
core id		: 0
cpu cores	: 6
apicid		: 0
initial apicid	: 0
fpu		: yes
fpu_exception	: yes
cpuid level	: 22
wp		: yes
flags		: fpu vme de pse tsc msr pae mce cx8 apic sep mtrr pge mca cmov pat pse36 clflush dts acpi mmx fxsr sse sse2 ss ht tm pbe syscall nx pdpe1gb rdtscp lm constant_tsc art arch_perfmon pebs bts rep_good nopl xtopology nonstop_tsc cpuid aperfmperf tsc_known_freq pni pclmulqdq dtes64 monitor ds_cpl vmx smx est tm2 ssse3 sdbg fma cx16 xtpr pdcm pcid sse4_1 sse4_2 x2apic movbe popcnt tsc_deadline_timer aes xsave avx f16c rdrand lahf_lm abm 3dnowprefetch cpuid_fault epb invpcid_single pti ssbd ibrs ibpb stibp tpr_shadow vnmi flexpriority ept vpid fsgsbase tsc_adjust bmi1 hle avx2 smep bmi2 erms invpcid rtm mpx rdseed adx smap clflushopt intel_pt xsaveopt xsavec xgetbv1 xsaves dtherm ida arat pln pts hwp hwp_notify hwp_act_window hwp_epp md_clear flush_l1d
bugs		: cpu_meltdown spectre_v1 spectre_v2 spec_store_bypass l1tf mds
bogomips	: 5808.00
clflush size	: 64
cache_alignment	: 64
address sizes	: 39 bits physical, 48 bits virtual
power management:

processor	: 1
vendor_id	: GenuineIntel
cpu family	: 6
model		: 158
model name	: Intel(R) Xeon(R) E-2186M  CPU @ 2.90GHz
stepping	: 10
microcode	: 0xb4
cpu MHz		: 3700.000
cache size	: 12288 KB
physical id	: 0
siblings	: 12
core id		: 1
cpu cores	: 6
apicid		: 2
initial apicid	: 2
fpu		: yes
fpu_exception	: yes
cpuid level	: 22
wp		: yes
flags		: fpu vme de pse tsc msr pae mce cx8 apic sep mtrr pge mca cmov pat pse36 clflush dts acpi mmx fxsr sse sse2 ss ht tm pbe syscall nx pdpe1gb rdtscp lm constant_tsc art arch_perfmon pebs bts rep_good nopl xtopology nonstop_tsc cpuid aperfmperf tsc_known_freq pni pclmulqdq dtes64 monitor ds_cpl vmx smx est tm2 ssse3 sdbg fma cx16 xtpr pdcm pcid sse4_1 sse4_2 x2apic movbe popcnt tsc_deadline_timer aes xsave avx f16c rdrand lahf_lm abm 3dnowprefetch cpuid_fault epb invpcid_single pti ssbd ibrs ibpb stibp tpr_shadow vnmi flexpriority ept vpid fsgsbase tsc_adjust bmi1 hle avx2 smep bmi2 erms invpcid rtm mpx rdseed adx smap clflushopt intel_pt xsaveopt xsavec xgetbv1 xsaves dtherm ida arat pln pts hwp hwp_notify hwp_act_window hwp_epp md_clear flush_l1d
bugs		: cpu_meltdown spectre_v1 spectre_v2 spec_store_bypass l1tf mds
bogomips	: 5808.00
clflush size	: 64
cache_alignment	: 64
address sizes	: 39 bits physical, 48 bits virtual
power management:

processor	: 2
vendor_id	: GenuineIntel
cpu family	: 6
model		: 158
model name	: Intel(R) Xeon(R) E-2186M  CPU @ 2.90GHz
stepping	: 10
microcode	: 0xb4
cpu MHz		: 3699.986
cache size	: 12288 KB
physical id	: 0
siblings	: 12
core id		: 2
cpu cores	: 6
apicid		: 4
initial apicid	: 4
fpu		: yes
fpu_exception	: yes
cpuid level	: 22
wp		: yes
flags		: fpu vme de pse tsc msr pae mce cx8 apic sep mtrr pge mca cmov pat pse36 clflush dts acpi mmx fxsr sse sse2 ss ht tm pbe syscall nx pdpe1gb rdtscp lm constant_tsc art arch_perfmon pebs bts rep_good nopl xtopology nonstop_tsc cpuid aperfmperf tsc_known_freq pni pclmulqdq dtes64 monitor ds_cpl vmx smx est tm2 ssse3 sdbg fma cx16 xtpr pdcm pcid sse4_1 sse4_2 x2apic movbe popcnt tsc_deadline_timer aes xsave avx f16c rdrand lahf_lm abm 3dnowprefetch cpuid_fault epb invpcid_single pti ssbd ibrs ibpb stibp tpr_shadow vnmi flexpriority ept vpid fsgsbase tsc_adjust bmi1 hle avx2 smep bmi2 erms invpcid rtm mpx rdseed adx smap clflushopt intel_pt xsaveopt xsavec xgetbv1 xsaves dtherm ida arat pln pts hwp hwp_notify hwp_act_window hwp_epp md_clear flush_l1d
bugs		: cpu_meltdown spectre_v1 spectre_v2 spec_store_bypass l1tf mds
bogomips	: 5808.00
clflush size	: 64
cache_alignment	: 64
address sizes	: 39 bits physical, 48 bits virtual
power management:

processor	: 3
vendor_id	: GenuineIntel
cpu family	: 6
model		: 158
model name	: Intel(R) Xeon(R) E-2186M  CPU @ 2.90GHz
stepping	: 10
microcode	: 0xb4
cpu MHz		: 3700.057
cache size	: 12288 KB
physical id	: 0
siblings	: 12
core id		: 3
cpu cores	: 6
apicid		: 6
initial apicid	: 6
fpu		: yes
fpu_exception	: yes
cpuid level	: 22
wp		: yes
flags		: fpu vme de pse tsc msr pae mce cx8 apic sep mtrr pge mca cmov pat pse36 clflush dts acpi mmx fxsr sse sse2 ss ht tm pbe syscall nx pdpe1gb rdtscp lm constant_tsc art arch_perfmon pebs bts rep_good nopl xtopology nonstop_tsc cpuid aperfmperf tsc_known_freq pni pclmulqdq dtes64 monitor ds_cpl vmx smx est tm2 ssse3 sdbg fma cx16 xtpr pdcm pcid sse4_1 sse4_2 x2apic movbe popcnt tsc_deadline_timer aes xsave avx f16c rdrand lahf_lm abm 3dnowprefetch cpuid_fault epb invpcid_single pti ssbd ibrs ibpb stibp tpr_shadow vnmi flexpriority ept vpid fsgsbase tsc_adjust bmi1 hle avx2 smep bmi2 erms invpcid rtm mpx rdseed adx smap clflushopt intel_pt xsaveopt xsavec xgetbv1 xsaves dtherm ida arat pln pts hwp hwp_notify hwp_act_window hwp_epp md_clear flush_l1d
bugs		: cpu_meltdown spectre_v1 spectre_v2 spec_store_bypass l1tf mds
bogomips	: 5808.00
clflush size	: 64
cache_alignment	: 64
address sizes	: 39 bits physical, 48 bits virtual
power management:

processor	: 4
vendor_id	: GenuineIntel
cpu family	: 6
model		: 158
model name	: Intel(R) Xeon(R) E-2186M  CPU @ 2.90GHz
stepping	: 10
microcode	: 0xb4
cpu MHz		: 3700.099
cache size	: 12288 KB
physical id	: 0
siblings	: 12
core id		: 4
cpu cores	: 6
apicid		: 8
initial apicid	: 8
fpu		: yes
fpu_exception	: yes
cpuid level	: 22
wp		: yes
flags		: fpu vme de pse tsc msr pae mce cx8 apic sep mtrr pge mca cmov pat pse36 clflush dts acpi mmx fxsr sse sse2 ss ht tm pbe syscall nx pdpe1gb rdtscp lm constant_tsc art arch_perfmon pebs bts rep_good nopl xtopology nonstop_tsc cpuid aperfmperf tsc_known_freq pni pclmulqdq dtes64 monitor ds_cpl vmx smx est tm2 ssse3 sdbg fma cx16 xtpr pdcm pcid sse4_1 sse4_2 x2apic movbe popcnt tsc_deadline_timer aes xsave avx f16c rdrand lahf_lm abm 3dnowprefetch cpuid_fault epb invpcid_single pti ssbd ibrs ibpb stibp tpr_shadow vnmi flexpriority ept vpid fsgsbase tsc_adjust bmi1 hle avx2 smep bmi2 erms invpcid rtm mpx rdseed adx smap clflushopt intel_pt xsaveopt xsavec xgetbv1 xsaves dtherm ida arat pln pts hwp hwp_notify hwp_act_window hwp_epp md_clear flush_l1d
bugs		: cpu_meltdown spectre_v1 spectre_v2 spec_store_bypass l1tf mds
bogomips	: 5808.00
clflush size	: 64
cache_alignment	: 64
address sizes	: 39 bits physical, 48 bits virtual
power management:

processor	: 5
vendor_id	: GenuineIntel
cpu family	: 6
model		: 158
model name	: Intel(R) Xeon(R) E-2186M  CPU @ 2.90GHz
stepping	: 10
microcode	: 0xb4
cpu MHz		: 3700.423
cache size	: 12288 KB
physical id	: 0
siblings	: 12
core id		: 5
cpu cores	: 6
apicid		: 10
initial apicid	: 10
fpu		: yes
fpu_exception	: yes
cpuid level	: 22
wp		: yes
flags		: fpu vme de pse tsc msr pae mce cx8 apic sep mtrr pge mca cmov pat pse36 clflush dts acpi mmx fxsr sse sse2 ss ht tm pbe syscall nx pdpe1gb rdtscp lm constant_tsc art arch_perfmon pebs bts rep_good nopl xtopology nonstop_tsc cpuid aperfmperf tsc_known_freq pni pclmulqdq dtes64 monitor ds_cpl vmx smx est tm2 ssse3 sdbg fma cx16 xtpr pdcm pcid sse4_1 sse4_2 x2apic movbe popcnt tsc_deadline_timer aes xsave avx f16c rdrand lahf_lm abm 3dnowprefetch cpuid_fault epb invpcid_single pti ssbd ibrs ibpb stibp tpr_shadow vnmi flexpriority ept vpid fsgsbase tsc_adjust bmi1 hle avx2 smep bmi2 erms invpcid rtm mpx rdseed adx smap clflushopt intel_pt xsaveopt xsavec xgetbv1 xsaves dtherm ida arat pln pts hwp hwp_notify hwp_act_window hwp_epp md_clear flush_l1d
bugs		: cpu_meltdown spectre_v1 spectre_v2 spec_store_bypass l1tf mds
bogomips	: 5808.00
clflush size	: 64
cache_alignment	: 64
address sizes	: 39 bits physical, 48 bits virtual
power management:

processor	: 6
vendor_id	: GenuineIntel
cpu family	: 6
model		: 158
model name	: Intel(R) Xeon(R) E-2186M  CPU @ 2.90GHz
stepping	: 10
microcode	: 0xb4
cpu MHz		: 3700.014
cache size	: 12288 KB
physical id	: 0
siblings	: 12
core id		: 0
cpu cores	: 6
apicid		: 1
initial apicid	: 1
fpu		: yes
fpu_exception	: yes
cpuid level	: 22
wp		: yes
flags		: fpu vme de pse tsc msr pae mce cx8 apic sep mtrr pge mca cmov pat pse36 clflush dts acpi mmx fxsr sse sse2 ss ht tm pbe syscall nx pdpe1gb rdtscp lm constant_tsc art arch_perfmon pebs bts rep_good nopl xtopology nonstop_tsc cpuid aperfmperf tsc_known_freq pni pclmulqdq dtes64 monitor ds_cpl vmx smx est tm2 ssse3 sdbg fma cx16 xtpr pdcm pcid sse4_1 sse4_2 x2apic movbe popcnt tsc_deadline_timer aes xsave avx f16c rdrand lahf_lm abm 3dnowprefetch cpuid_fault epb invpcid_single pti ssbd ibrs ibpb stibp tpr_shadow vnmi flexpriority ept vpid fsgsbase tsc_adjust bmi1 hle avx2 smep bmi2 erms invpcid rtm mpx rdseed adx smap clflushopt intel_pt xsaveopt xsavec xgetbv1 xsaves dtherm ida arat pln pts hwp hwp_notify hwp_act_window hwp_epp md_clear flush_l1d
bugs		: cpu_meltdown spectre_v1 spectre_v2 spec_store_bypass l1tf mds
bogomips	: 5808.00
clflush size	: 64
cache_alignment	: 64
address sizes	: 39 bits physical, 48 bits virtual
power management:

processor	: 7
vendor_id	: GenuineIntel
cpu family	: 6
model		: 158
model name	: Intel(R) Xeon(R) E-2186M  CPU @ 2.90GHz
stepping	: 10
microcode	: 0xb4
cpu MHz		: 3703.099
cache size	: 12288 KB
physical id	: 0
siblings	: 12
core id		: 1
cpu cores	: 6
apicid		: 3
initial apicid	: 3
fpu		: yes
fpu_exception	: yes
cpuid level	: 22
wp		: yes
flags		: fpu vme de pse tsc msr pae mce cx8 apic sep mtrr pge mca cmov pat pse36 clflush dts acpi mmx fxsr sse sse2 ss ht tm pbe syscall nx pdpe1gb rdtscp lm constant_tsc art arch_perfmon pebs bts rep_good nopl xtopology nonstop_tsc cpuid aperfmperf tsc_known_freq pni pclmulqdq dtes64 monitor ds_cpl vmx smx est tm2 ssse3 sdbg fma cx16 xtpr pdcm pcid sse4_1 sse4_2 x2apic movbe popcnt tsc_deadline_timer aes xsave avx f16c rdrand lahf_lm abm 3dnowprefetch cpuid_fault epb invpcid_single pti ssbd ibrs ibpb stibp tpr_shadow vnmi flexpriority ept vpid fsgsbase tsc_adjust bmi1 hle avx2 smep bmi2 erms invpcid rtm mpx rdseed adx smap clflushopt intel_pt xsaveopt xsavec xgetbv1 xsaves dtherm ida arat pln pts hwp hwp_notify hwp_act_window hwp_epp md_clear flush_l1d
bugs		: cpu_meltdown spectre_v1 spectre_v2 spec_store_bypass l1tf mds
bogomips	: 5808.00
clflush size	: 64
cache_alignment	: 64
address sizes	: 39 bits physical, 48 bits virtual
power management:

processor	: 8
vendor_id	: GenuineIntel
cpu family	: 6
model		: 158
model name	: Intel(R) Xeon(R) E-2186M  CPU @ 2.90GHz
stepping	: 10
microcode	: 0xb4
cpu MHz		: 3700.001
cache size	: 12288 KB
physical id	: 0
siblings	: 12
core id		: 2
cpu cores	: 6
apicid		: 5
initial apicid	: 5
fpu		: yes
fpu_exception	: yes
cpuid level	: 22
wp		: yes
flags		: fpu vme de pse tsc msr pae mce cx8 apic sep mtrr pge mca cmov pat pse36 clflush dts acpi mmx fxsr sse sse2 ss ht tm pbe syscall nx pdpe1gb rdtscp lm constant_tsc art arch_perfmon pebs bts rep_good nopl xtopology nonstop_tsc cpuid aperfmperf tsc_known_freq pni pclmulqdq dtes64 monitor ds_cpl vmx smx est tm2 ssse3 sdbg fma cx16 xtpr pdcm pcid sse4_1 sse4_2 x2apic movbe popcnt tsc_deadline_timer aes xsave avx f16c rdrand lahf_lm abm 3dnowprefetch cpuid_fault epb invpcid_single pti ssbd ibrs ibpb stibp tpr_shadow vnmi flexpriority ept vpid fsgsbase tsc_adjust bmi1 hle avx2 smep bmi2 erms invpcid rtm mpx rdseed adx smap clflushopt intel_pt xsaveopt xsavec xgetbv1 xsaves dtherm ida arat pln pts hwp hwp_notify hwp_act_window hwp_epp md_clear flush_l1d
bugs		: cpu_meltdown spectre_v1 spectre_v2 spec_store_bypass l1tf mds
bogomips	: 5808.00
clflush size	: 64
cache_alignment	: 64
address sizes	: 39 bits physical, 48 bits virtual
power management:

processor	: 9
vendor_id	: GenuineIntel
cpu family	: 6
model		: 158
model name	: Intel(R) Xeon(R) E-2186M  CPU @ 2.90GHz
stepping	: 10
microcode	: 0xb4
cpu MHz		: 3700.027
cache size	: 12288 KB
physical id	: 0
siblings	: 12
core id		: 3
cpu cores	: 6
apicid		: 7
initial apicid	: 7
fpu		: yes
fpu_exception	: yes
cpuid level	: 22
wp		: yes
flags		: fpu vme de pse tsc msr pae mce cx8 apic sep mtrr pge mca cmov pat pse36 clflush dts acpi mmx fxsr sse sse2 ss ht tm pbe syscall nx pdpe1gb rdtscp lm constant_tsc art arch_perfmon pebs bts rep_good nopl xtopology nonstop_tsc cpuid aperfmperf tsc_known_freq pni pclmulqdq dtes64 monitor ds_cpl vmx smx est tm2 ssse3 sdbg fma cx16 xtpr pdcm pcid sse4_1 sse4_2 x2apic movbe popcnt tsc_deadline_timer aes xsave avx f16c rdrand lahf_lm abm 3dnowprefetch cpuid_fault epb invpcid_single pti ssbd ibrs ibpb stibp tpr_shadow vnmi flexpriority ept vpid fsgsbase tsc_adjust bmi1 hle avx2 smep bmi2 erms invpcid rtm mpx rdseed adx smap clflushopt intel_pt xsaveopt xsavec xgetbv1 xsaves dtherm ida arat pln pts hwp hwp_notify hwp_act_window hwp_epp md_clear flush_l1d
bugs		: cpu_meltdown spectre_v1 spectre_v2 spec_store_bypass l1tf mds
bogomips	: 5808.00
clflush size	: 64
cache_alignment	: 64
address sizes	: 39 bits physical, 48 bits virtual
power management:

processor	: 10
vendor_id	: GenuineIntel
cpu family	: 6
model		: 158
model name	: Intel(R) Xeon(R) E-2186M  CPU @ 2.90GHz
stepping	: 10
microcode	: 0xb4
cpu MHz		: 3700.618
cache size	: 12288 KB
physical id	: 0
siblings	: 12
core id		: 4
cpu cores	: 6
apicid		: 9
initial apicid	: 9
fpu		: yes
fpu_exception	: yes
cpuid level	: 22
wp		: yes
flags		: fpu vme de pse tsc msr pae mce cx8 apic sep mtrr pge mca cmov pat pse36 clflush dts acpi mmx fxsr sse sse2 ss ht tm pbe syscall nx pdpe1gb rdtscp lm constant_tsc art arch_perfmon pebs bts rep_good nopl xtopology nonstop_tsc cpuid aperfmperf tsc_known_freq pni pclmulqdq dtes64 monitor ds_cpl vmx smx est tm2 ssse3 sdbg fma cx16 xtpr pdcm pcid sse4_1 sse4_2 x2apic movbe popcnt tsc_deadline_timer aes xsave avx f16c rdrand lahf_lm abm 3dnowprefetch cpuid_fault epb invpcid_single pti ssbd ibrs ibpb stibp tpr_shadow vnmi flexpriority ept vpid fsgsbase tsc_adjust bmi1 hle avx2 smep bmi2 erms invpcid rtm mpx rdseed adx smap clflushopt intel_pt xsaveopt xsavec xgetbv1 xsaves dtherm ida arat pln pts hwp hwp_notify hwp_act_window hwp_epp md_clear flush_l1d
bugs		: cpu_meltdown spectre_v1 spectre_v2 spec_store_bypass l1tf mds
bogomips	: 5808.00
clflush size	: 64
cache_alignment	: 64
address sizes	: 39 bits physical, 48 bits virtual
power management:

processor	: 11
vendor_id	: GenuineIntel
cpu family	: 6
model		: 158
model name	: Intel(R) Xeon(R) E-2186M  CPU @ 2.90GHz
stepping	: 10
microcode	: 0xb4
cpu MHz		: 3700.005
cache size	: 12288 KB
physical id	: 0
siblings	: 12
core id		: 5
cpu cores	: 6
apicid		: 11
initial apicid	: 11
fpu		: yes
fpu_exception	: yes
cpuid level	: 22
wp		: yes
flags		: fpu vme de pse tsc msr pae mce cx8 apic sep mtrr pge mca cmov pat pse36 clflush dts acpi mmx fxsr sse sse2 ss ht tm pbe syscall nx pdpe1gb rdtscp lm constant_tsc art arch_perfmon pebs bts rep_good nopl xtopology nonstop_tsc cpuid aperfmperf tsc_known_freq pni pclmulqdq dtes64 monitor ds_cpl vmx smx est tm2 ssse3 sdbg fma cx16 xtpr pdcm pcid sse4_1 sse4_2 x2apic movbe popcnt tsc_deadline_timer aes xsave avx f16c rdrand lahf_lm abm 3dnowprefetch cpuid_fault epb invpcid_single pti ssbd ibrs ibpb stibp tpr_shadow vnmi flexpriority ept vpid fsgsbase tsc_adjust bmi1 hle avx2 smep bmi2 erms invpcid rtm mpx rdseed adx smap clflushopt intel_pt xsaveopt xsavec xgetbv1 xsaves dtherm ida arat pln pts hwp hwp_notify hwp_act_window hwp_epp md_clear flush_l1d
bugs		: cpu_meltdown spectre_v1 spectre_v2 spec_store_bypass l1tf mds
bogomips	: 5808.00
clflush size	: 64
cache_alignment	: 64
address sizes	: 39 bits physical, 48 bits virtual
power management:



Memory: 4k page, physical 32693752k(1403984k free), swap 19530748k(19530748k free)

vm_info: Java HotSpot(TM) 64-Bit Server VM (25.201-b09) for linux-amd64 JRE (1.8.0_201-b09), built on Dec 15 2018 11:35:59 by "java_re" with gcc 7.3.0

time: Tue May 21 15:48:25 2019
timezone: CEST
elapsed time: 155 seconds (0d 0h 2m 35s)

