#
# A fatal error has been detected by the Java Runtime Environment:
#
#  SIGSEGV (0xb) at pc=0x00007f1679dd798d, pid=5779, tid=0x00007f165a21c700
#
# JRE version: Java(TM) SE Runtime Environment (8.0_201-b09) (build 1.8.0_201-b09)
# Java VM: Java HotSpot(TM) 64-Bit Server VM (25.201-b09 mixed mode linux-amd64 compressed oops)
# Problematic frame:
# C  [libc.so.6+0x9798d]  cfree+0x3d
#
# Failed to write core dump. Core dumps have been disabled. To enable core dumping, try "ulimit -c unlimited" before starting Java again
#
# If you would like to submit a bug report, please visit:
#   http://bugreport.java.com/bugreport/crash.jsp
# The crash happened outside the Java Virtual Machine in native code.
# See problematic frame for where to report the bug.
#

---------------  T H R E A D  ---------------

Current thread (0x00007f1674092000):  JavaThread "Finalizer" daemon [_thread_in_native, id=5804, stack(0x00007f165a11c000,0x00007f165a21d000)]

siginfo: si_signo: 11 (SIGSEGV), si_code: 1 (SEGV_MAPERR), si_addr: 0x00007f14c4fff008

Registers:
RAX=0x0000000000000000, RBX=0x00007f1537603d20, RCX=0x0000000000000080, RDX=0x00007f1674000080
RSP=0x00007f165a2189c0, RBP=0x00007f165a218aa0, RSI=0x00007f165a218aa0, RDI=0x00007f14c4fff010
R8 =0x00000000babf51f2, R9 =0x00000005d2c25238, R10=0x00007f16647c469b, R11=0x00007f1679716db0
R12=0x00007f14c4fff010, R13=0x00007f1651f7e608, R14=0x00007f165a21b8c8, R15=0x00007f1674092000
RIP=0x00007f1679dd798d, EFLAGS=0x0000000000010202, CSGSFS=0x002b000000000033, ERR=0x0000000000000004
  TRAPNO=0x000000000000000e

Top of Stack: (sp=0x00007f165a2189c0)
0x00007f165a2189c0:   0000000000000007 00007f1600000001
0x00007f165a2189d0:   0000000000000000 00007f15d502846b
0x00007f165a2189e0:   00007f1674373860 1715f9f982943900
0x00007f165a2189f0:   0000000000000000 00007f1537603d20
0x00007f165a218a00:   00007f165a218aa0 0000000000000000
0x00007f165a218a10:   00007f1651f7e608 00007f165a21b8c8
0x00007f165a218a20:   00007f1674092000 00007f15cf87a708
0x00007f165a218a30:   00007f1537603d20 00007f15cf87a74c
0x00007f165a218a40:   00007f1674373500 00007f1537603d20
0x00007f165a218a50:   00007f165a218aa0 00007f15cf87a779
0x00007f165a218a60:   00007f1537603d20 00007f15d50280ef
0x00007f165a218a70:   00007f15c927dfc0 00007f15d5012d3c
0x00007f165a218a80:   00000000ffffffff 00007f1600000000
0x00007f165a218a90:   00007f165a218b90 00007f1600000003
0x00007f165a218aa0:   00007f15d7058690 00007f15d5012d3c
0x00007f165a218ab0:   00007f1674373a70 0000000000000000
0x00007f165a218ac0:   0000000000000007 0000000000000001
0x00007f165a218ad0:   00007f1674000020 00000000f74e7f72
0x00007f165a218ae0:   00007f1674373860 00007f165a218c28
0x00007f165a218af0:   0000000000000000 00007f1674373500
0x00007f165a218b00:   0000000000000000 00007f167a97e1ef
0x00007f165a218b10:   0000000000000000 0000000000000000
0x00007f165a218b20:   0000000000000005 0000000000000000
0x00007f165a218b30:   0000000000000001 00007f1674373500
0x00007f165a218b40:   00007f15ca77fcd5 0000000100000000
0x00007f165a218b50:   00007f165a218b80 00007f165a218b90
0x00007f165a218b60:   00007f1674373858 00007f165a218fc0
0x00007f165a218b70:   00007f16748f0b00 00007f16748f0b00
0x00007f165a218b80:   00000000ffffffff 00007f15070e1280
0x00007f165a218b90:   00007f15c927dfc0 00007f1674373500
0x00007f165a218ba0:   00007f1651f7e608 00007f165a21b8c8
0x00007f165a218bb0:   00007f1674092000 00007f15d5011e98 

Instructions: (pc=0x00007f1679dd798d)
0x00007f1679dd796d:   24 28 31 c0 48 8b 05 70 35 35 00 48 8b 00 48 85
0x00007f1679dd797d:   c0 0f 85 9c 02 00 00 48 85 ff 0f 84 13 01 00 00
0x00007f1679dd798d:   48 8b 77 f8 4c 8d 6f f0 40 f6 c6 02 0f 85 29 01
0x00007f1679dd799d:   00 00 48 8b 2d d2 33 35 00 64 48 83 7d 00 00 0f 

Register to memory mapping:

RAX=0x0000000000000000 is an unknown value
RBX=0x00007f1537603d20 is an unknown value
RCX=0x0000000000000080 is an unknown value
RDX=0x00007f1674000080 is an unknown value
RSP=0x00007f165a2189c0 is pointing into the stack for thread: 0x00007f1674092000
RBP=0x00007f165a218aa0 is pointing into the stack for thread: 0x00007f1674092000
RSI=0x00007f165a218aa0 is pointing into the stack for thread: 0x00007f1674092000
RDI=0x00007f14c4fff010 is an unknown value
R8 =0x00000000babf51f2 is an unknown value
R9 =0x00000005d2c25238 is an oop
java.lang.System$2 
 - klass: 'java/lang/System$2'
R10=0x00007f16647c469b is at code_begin+859 in an Interpreter codelet
method entry point (kind = native)  [0x00007f16647c4340, 0x00007f16647c4cc0]  2432 bytes
R11=0x00007f1679716db0: <offset 0x9bfdb0> in /usr/lib/jvm/java-8-oracle/jre/lib/amd64/server/libjvm.so at 0x00007f1678d57000
R12=0x00007f14c4fff010 is an unknown value
R13={method} {0x00007f1651f7e608} 'delete_DisplacementFieldTransform' '(J)V' in 'org/itk/simple/SimpleITKJNI'
R14=0x00007f165a21b8c8 is pointing into the stack for thread: 0x00007f1674092000
R15=0x00007f1674092000 is a thread


Stack: [0x00007f165a11c000,0x00007f165a21d000],  sp=0x00007f165a2189c0,  free space=1010k
Native frames: (J=compiled Java code, j=interpreted, Vv=VM code, C=native code)
C  [libc.so.6+0x9798d]  cfree+0x3d
C  [libSimpleITKJava.so+0xc365d3c]  itk::Object::UnRegister() const+0x1c

Java frames: (J=compiled Java code, j=interpreted, Vv=VM code)
j  org.itk.simple.SimpleITKJNI.delete_DisplacementFieldTransform(J)V+0
j  org.itk.simple.DisplacementFieldTransform.delete()V+25
j  org.itk.simple.DisplacementFieldTransform.finalize()V+1
J 1366 C2 java.lang.ref.Finalizer.access$100(Ljava/lang/ref/Finalizer;Lsun/misc/JavaLangAccess;)V (6 bytes) @ 0x00007f1664fc5b20 [0x00007f1664fc5880+0x2a0]
J 1365% C2 java.lang.ref.Finalizer$FinalizerThread.run()V (55 bytes) @ 0x00007f1664fbf4b8 [0x00007f1664fbf3c0+0xf8]
v  ~StubRoutines::call_stub

---------------  P R O C E S S  ---------------

Java Threads: ( => current thread )
  0x00007f14e1189800 JavaThread "DestroyJavaVM" [_thread_blocked, id=5781, stack(0x00007f167aa70000,0x00007f167ab70000)]
  0x00007f15848d2000 JavaThread "zSelector" [_thread_blocked, id=6058, stack(0x00007f165114b000,0x00007f165124c000)]
  0x00007f14dfff5800 JavaThread "zSelector" [_thread_blocked, id=6057, stack(0x00007f165124c000,0x00007f165134d000)]
  0x00007f15848fd000 JavaThread "zSelector" [_thread_blocked, id=6047, stack(0x00007f165134d000,0x00007f165144e000)]
  0x00007f15848e3000 JavaThread "zSelector" [_thread_blocked, id=6046, stack(0x00007f165144e000,0x00007f165154f000)]
  0x00007f15848e1000 JavaThread "zSelector" [_thread_blocked, id=6045, stack(0x00007f165174f000,0x00007f1651850000)]
  0x00007f15848d0800 JavaThread "zSelector" [_thread_blocked, id=6035, stack(0x00007f1651850000,0x00007f1651951000)]
  0x00007f1510961800 JavaThread "zSelector" [_thread_blocked, id=6016, stack(0x00007f1651951000,0x00007f1651a52000)]
  0x00007f1674327800 JavaThread "AWT-EventQueue-0" [_thread_blocked, id=5815, stack(0x00007f165281d000,0x00007f165291e000)]
  0x00007f1674323000 JavaThread "AWT-Shutdown" [_thread_blocked, id=5814, stack(0x00007f165291e000,0x00007f1652a1f000)]
  0x00007f167428a800 JavaThread "AWT-XAWT" daemon [_thread_in_native, id=5813, stack(0x00007f1652c1f000,0x00007f1652d20000)]
  0x00007f167424d000 JavaThread "Java2D Disposer" daemon [_thread_blocked, id=5812, stack(0x00007f165809e000,0x00007f165819f000)]
  0x00007f16740d9000 JavaThread "Service Thread" daemon [_thread_blocked, id=5810, stack(0x00007f1659147000,0x00007f1659248000)]
  0x00007f16740cd800 JavaThread "C1 CompilerThread3" daemon [_thread_blocked, id=5809, stack(0x00007f1659249000,0x00007f1659349000)]
  0x00007f16740cb800 JavaThread "C2 CompilerThread2" daemon [_thread_blocked, id=5808, stack(0x00007f165934a000,0x00007f165944a000)]
  0x00007f16740c9800 JavaThread "C2 CompilerThread1" daemon [_thread_blocked, id=5807, stack(0x00007f165944b000,0x00007f165954b000)]
  0x00007f16740c7000 JavaThread "C2 CompilerThread0" daemon [_thread_blocked, id=5806, stack(0x00007f165954c000,0x00007f165964c000)]
  0x00007f16740c5800 JavaThread "Signal Dispatcher" daemon [_thread_blocked, id=5805, stack(0x00007f165964c000,0x00007f165974d000)]
=>0x00007f1674092000 JavaThread "Finalizer" daemon [_thread_in_native, id=5804, stack(0x00007f165a11c000,0x00007f165a21d000)]
  0x00007f167408f800 JavaThread "Reference Handler" daemon [_thread_blocked, id=5803, stack(0x00007f165a21d000,0x00007f165a31e000)]

Other Threads:
  0x00007f1674086000 VMThread [stack: 0x00007f165a31f000,0x00007f165a41f000] [id=5802]
  0x00007f16740db800 WatcherThread [stack: 0x00007f1659047000,0x00007f1659147000] [id=5811]

VM state:not at safepoint (normal execution)

VM Mutex/Monitor currently owned by a thread: None

heap address: 0x00000005cd200000, size: 7982 MB, Compressed Oops mode: Zero based, Oop shift amount: 3
Narrow klass base: 0x0000000000000000, Narrow klass shift: 3
Compressed class space size: 1073741824 Address: 0x00000007c0000000

Heap:
 PSYoungGen      total 992256K, used 131228K [0x0000000719b80000, 0x00000007c0000000, 0x00000007c0000000)
  eden space 908800K, 14% used [0x0000000719b80000,0x0000000721ba73e0,0x0000000751300000)
  from space 83456K, 0% used [0x00000007bae80000,0x00000007bae80000,0x00000007c0000000)
  to   space 907776K, 0% used [0x0000000751300000,0x0000000751300000,0x0000000788980000)
 ParOldGen       total 4021760K, used 2345387K [0x00000005cd200000, 0x00000006c2980000, 0x0000000719b80000)
  object space 4021760K, 58% used [0x00000005cd200000,0x000000065c46ae80,0x00000006c2980000)
 Metaspace       used 16209K, capacity 16393K, committed 16768K, reserved 1064960K
  class space    used 1510K, capacity 1579K, committed 1664K, reserved 1048576K

Card table byte_map: [0x00007f1663454000,0x00007f16643ec000] byte_map_base: 0x00007f16605eb000

Marking Bits: (ParMarkBitMap*) 0x00007f1679d22d80
 Begin Bits: [0x00007f161c690000, 0x00007f1624348000)
 End Bits:   [0x00007f1624348000, 0x00007f162c000000)

Polling page: 0x00007f167ab99000

CodeCache: size=245760Kb used=7947Kb max_used=9416Kb free=237812Kb
 bounds [0x00007f16647ac000, 0x00007f16650ec000, 0x00007f16737ac000]
 total_blobs=2601 nmethods=1692 adapters=820
 compilation: enabled

Compilation events (10 events):
Event: 77,654 Thread 0x00007f16740cd800 2002       3       java.awt.EventDispatchThread$HierarchyEventFilter::acceptEvent (225 bytes)
Event: 77,655 Thread 0x00007f16740cd800 nmethod 2002 0x00007f1664fabc50 code [0x00007f1664fabe80, 0x00007f1664fad0c8]
Event: 77,723 Thread 0x00007f16740cd800 2003       3       sun.awt.X11.XConfigureEvent::get_send_event (20 bytes)
Event: 77,724 Thread 0x00007f16740cd800 nmethod 2003 0x00007f16650ad2d0 code [0x00007f16650ad460, 0x00007f16650ad868]
Event: 77,724 Thread 0x00007f16740cd800 2004       3       sun.awt.X11.Native::getBool (13 bytes)
Event: 77,724 Thread 0x00007f16740cd800 nmethod 2004 0x00007f1664ca6e10 code [0x00007f1664ca6f80, 0x00007f1664ca7190]
Event: 77,734 Thread 0x00007f16740cd800 2005       3       java.awt.Container::createChildHierarchyEvents (76 bytes)
Event: 77,735 Thread 0x00007f16740cd800 nmethod 2005 0x00007f1664faad90 code [0x00007f1664faaf80, 0x00007f1664fab898]
Event: 77,936 Thread 0x00007f16740cd800 2006       3       java.awt.Window::processEvent (101 bytes)
Event: 77,936 Thread 0x00007f16740cd800 nmethod 2006 0x00007f1664fa9dd0 code [0x00007f1664fa9fc0, 0x00007f1664faab88]

GC Heap History (10 events):
Event: 19,263 GC heap before
{Heap before GC invocations=29 (full 1):
 PSYoungGen      total 2627072K, used 2565120K [0x0000000719b80000, 0x00000007bff00000, 0x00000007c0000000)
  eden space 2548736K, 100% used [0x0000000719b80000,0x00000007b5480000,0x00000007b5480000)
  from space 78336K, 20% used [0x00000007b5480000,0x00000007b6480000,0x00000007ba100000)
  to   space 72704K, 0% used [0x00000007bb800000,0x00000007bb800000,0x00000007bff00000)
 ParOldGen       total 529920K, used 429115K [0x00000005cd200000, 0x00000005ed780000, 0x0000000719b80000)
  object space 529920K, 80% used [0x00000005cd200000,0x00000005e750ee08,0x00000005ed780000)
 Metaspace       used 14394K, capacity 14587K, committed 14848K, reserved 1062912K
  class space    used 1366K, capacity 1450K, committed 1536K, reserved 1048576K
Event: 19,282 GC heap after
Heap after GC invocations=29 (full 1):
 PSYoungGen      total 2631168K, used 18560K [0x0000000719b80000, 0x00000007bf080000, 0x00000007c0000000)
  eden space 2573312K, 0% used [0x0000000719b80000,0x0000000719b80000,0x00000007b6c80000)
  from space 57856K, 32% used [0x00000007bb800000,0x00000007bca20000,0x00000007bf080000)
  to   space 67584K, 0% used [0x00000007b6c80000,0x00000007b6c80000,0x00000007bae80000)
 ParOldGen       total 529920K, used 429115K [0x00000005cd200000, 0x00000005ed780000, 0x0000000719b80000)
  object space 529920K, 80% used [0x00000005cd200000,0x00000005e750ee08,0x00000005ed780000)
 Metaspace       used 14394K, capacity 14587K, committed 14848K, reserved 1062912K
  class space    used 1366K, capacity 1450K, committed 1536K, reserved 1048576K
}
Event: 34,311 GC heap before
{Heap before GC invocations=30 (full 1):
 PSYoungGen      total 2631168K, used 2591872K [0x0000000719b80000, 0x00000007bf080000, 0x00000007c0000000)
  eden space 2573312K, 100% used [0x0000000719b80000,0x00000007b6c80000,0x00000007b6c80000)
  from space 57856K, 32% used [0x00000007bb800000,0x00000007bca20000,0x00000007bf080000)
  to   space 67584K, 0% used [0x00000007b6c80000,0x00000007b6c80000,0x00000007bae80000)
 ParOldGen       total 529920K, used 429115K [0x00000005cd200000, 0x00000005ed780000, 0x0000000719b80000)
  object space 529920K, 80% used [0x00000005cd200000,0x00000005e750ee08,0x00000005ed780000)
 Metaspace       used 14883K, capacity 15067K, committed 15360K, reserved 1062912K
  class space    used 1418K, capacity 1482K, committed 1536K, reserved 1048576K
Event: 37,233 GC heap after
Heap after GC invocations=30 (full 1):
 PSYoungGen      total 2640896K, used 67566K [0x0000000719b80000, 0x00000007c0000000, 0x00000007c0000000)
  eden space 2573312K, 0% used [0x0000000719b80000,0x0000000719b80000,0x00000007b6c80000)
  from space 67584K, 99% used [0x00000007b6c80000,0x00000007bae7bad0,0x00000007bae80000)
  to   space 83456K, 0% used [0x00000007bae80000,0x00000007bae80000,0x00000007c0000000)
 ParOldGen       total 1832960K, used 1832594K [0x00000005cd200000, 0x000000063d000000, 0x0000000719b80000)
  object space 1832960K, 99% used [0x00000005cd200000,0x000000063cfa4a48,0x000000063d000000)
 Metaspace       used 14883K, capacity 15067K, committed 15360K, reserved 1062912K
  class space    used 1418K, capacity 1482K, committed 1536K, reserved 1048576K
}
Event: 37,233 GC heap before
{Heap before GC invocations=31 (full 2):
 PSYoungGen      total 2640896K, used 67566K [0x0000000719b80000, 0x00000007c0000000, 0x00000007c0000000)
  eden space 2573312K, 0% used [0x0000000719b80000,0x0000000719b80000,0x00000007b6c80000)
  from space 67584K, 99% used [0x00000007b6c80000,0x00000007bae7bad0,0x00000007bae80000)
  to   space 83456K, 0% used [0x00000007bae80000,0x00000007bae80000,0x00000007c0000000)
 ParOldGen       total 1832960K, used 1832594K [0x00000005cd200000, 0x000000063d000000, 0x0000000719b80000)
  object space 1832960K, 99% used [0x00000005cd200000,0x000000063cfa4a48,0x000000063d000000)
 Metaspace       used 14883K, capacity 15067K, committed 15360K, reserved 1062912K
  class space    used 1418K, capacity 1482K, committed 1536K, reserved 1048576K
Event: 41,429 GC heap after
Heap after GC invocations=31 (full 2):
 PSYoungGen      total 2640896K, used 0K [0x0000000719b80000, 0x00000007c0000000, 0x00000007c0000000)
  eden space 2573312K, 0% used [0x0000000719b80000,0x0000000719b80000,0x00000007b6c80000)
  from space 67584K, 0% used [0x00000007b6c80000,0x00000007b6c80000,0x00000007bae80000)
  to   space 83456K, 0% used [0x00000007bae80000,0x00000007bae80000,0x00000007c0000000)
 ParOldGen       total 2374144K, used 1519835K [0x00000005cd200000, 0x000000065e080000, 0x0000000719b80000)
  object space 2374144K, 64% used [0x00000005cd200000,0x0000000629e36ee0,0x000000065e080000)
 Metaspace       used 14883K, capacity 15067K, committed 15360K, reserved 1062912K
  class space    used 1418K, capacity 1482K, committed 1536K, reserved 1048576K
}
Event: 59,358 GC heap before
{Heap before GC invocations=32 (full 2):
 PSYoungGen      total 2640896K, used 2573098K [0x0000000719b80000, 0x00000007c0000000, 0x00000007c0000000)
  eden space 2573312K, 99% used [0x0000000719b80000,0x00000007b6c4abc0,0x00000007b6c80000)
  from space 67584K, 0% used [0x00000007b6c80000,0x00000007b6c80000,0x00000007bae80000)
  to   space 83456K, 0% used [0x00000007bae80000,0x00000007bae80000,0x00000007c0000000)
 ParOldGen       total 2374144K, used 1519835K [0x00000005cd200000, 0x000000065e080000, 0x0000000719b80000)
  object space 2374144K, 64% used [0x00000005cd200000,0x0000000629e36ee0,0x000000065e080000)
 Metaspace       used 15871K, capacity 16035K, committed 16256K, reserved 1064960K
  class space    used 1474K, capacity 1546K, committed 1664K, reserved 1048576K
Event: 63,918 GC heap after
Heap after GC invocations=32 (full 2):
 PSYoungGen      total 992256K, used 83425K [0x0000000719b80000, 0x00000007c0000000, 0x00000007c0000000)
  eden space 908800K, 0% used [0x0000000719b80000,0x0000000719b80000,0x0000000751300000)
  from space 83456K, 99% used [0x00000007bae80000,0x00000007bfff8460,0x00000007c0000000)
  to   space 907776K, 0% used [0x0000000751300000,0x0000000751300000,0x0000000788980000)
 ParOldGen       total 3744768K, used 3744661K [0x00000005cd200000, 0x00000006b1b00000, 0x0000000719b80000)
  object space 3744768K, 99% used [0x00000005cd200000,0x00000006b1ae5740,0x00000006b1b00000)
 Metaspace       used 15871K, capacity 16035K, committed 16256K, reserved 1064960K
  class space    used 1474K, capacity 1546K, committed 1664K, reserved 1048576K
}
Event: 63,918 GC heap before
{Heap before GC invocations=33 (full 3):
 PSYoungGen      total 992256K, used 83425K [0x0000000719b80000, 0x00000007c0000000, 0x00000007c0000000)
  eden space 908800K, 0% used [0x0000000719b80000,0x0000000719b80000,0x0000000751300000)
  from space 83456K, 99% used [0x00000007bae80000,0x00000007bfff8460,0x00000007c0000000)
  to   space 907776K, 0% used [0x0000000751300000,0x0000000751300000,0x0000000788980000)
 ParOldGen       total 3744768K, used 3744661K [0x00000005cd200000, 0x00000006b1b00000, 0x0000000719b80000)
  object space 3744768K, 99% used [0x00000005cd200000,0x00000006b1ae5740,0x00000006b1b00000)
 Metaspace       used 15871K, capacity 16035K, committed 16256K, reserved 1064960K
  class space    used 1474K, capacity 1546K, committed 1664K, reserved 1048576K
Event: 69,915 GC heap after
Heap after GC invocations=33 (full 3):
 PSYoungGen      total 992256K, used 0K [0x0000000719b80000, 0x00000007c0000000, 0x00000007c0000000)
  eden space 908800K, 0% used [0x0000000719b80000,0x0000000719b80000,0x0000000751300000)
  from space 83456K, 0% used [0x00000007bae80000,0x00000007bae80000,0x00000007c0000000)
  to   space 907776K, 0% used [0x0000000751300000,0x0000000751300000,0x0000000788980000)
 ParOldGen       total 4021760K, used 2345387K [0x00000005cd200000, 0x00000006c2980000, 0x0000000719b80000)
  object space 4021760K, 58% used [0x00000005cd200000,0x000000065c46ae80,0x00000006c2980000)
 Metaspace       used 15871K, capacity 16035K, committed 16256K, reserved 1064960K
  class space    used 1474K, capacity 1546K, committed 1664K, reserved 1048576K
}

Deoptimization events (10 events):
Event: 44,609 Thread 0x00007f1674092000 Uncommon trap: reason=class_check action=maybe_recompile pc=0x00007f1664fa40dc method=java.lang.System$2.invokeFinalize(Ljava/lang/Object;)V @ 1
Event: 46,695 Thread 0x00007f167400b800 Uncommon trap: reason=unstable_if action=reinterpret pc=0x00007f16650a91f0 method=com.vitimage.ItkTransform.normOfDenseField(Lij/ImagePlus;)Lij/ImagePlus; @ 392
Event: 51,118 Thread 0x00007f167400b800 Uncommon trap: reason=unstable_if action=reinterpret pc=0x00007f1664ce2ebc method=java.awt.image.IndexColorModel.setRGBs(I[B[B[B[B)V @ 124
Event: 56,239 Thread 0x00007f167400b800 Uncommon trap: reason=unstable_if action=reinterpret pc=0x00007f1664f27678 method=ij.process.FloatProcessor.create8BitImage(Z)[B @ 86
Event: 56,434 Thread 0x00007f167400b800 Uncommon trap: reason=unstable_if action=reinterpret pc=0x00007f1664b66148 method=ij.process.FloatProcessor.setMinAndMax(DD)V @ 3
Event: 57,660 Thread 0x00007f167400b800 Uncommon trap: reason=unstable_if action=reinterpret pc=0x00007f1664ca6d4c method=ij.ImagePlus.getStackSize()I @ 25
Event: 57,661 Thread 0x00007f167400b800 Uncommon trap: reason=unstable_if action=reinterpret pc=0x00007f1664e6ec90 method=ij.process.ByteProcessor.setMinAndMax(DD)V @ 23
Event: 58,497 Thread 0x00007f1674327800 Uncommon trap: reason=unstable_if action=reinterpret pc=0x00007f16650cad30 method=java.security.AccessControlContext.optimize()Ljava/security/AccessControlContext; @ 220
Event: 70,628 Thread 0x00007f167400b800 Uncommon trap: reason=predicate action=maybe_recompile pc=0x00007f1664f3385c method=com.vitimage.VitimageUtils.getBinaryGrid(Lij/ImagePlus;I)Lij/ImagePlus; @ 91
Event: 70,629 Thread 0x00007f167400b800 Uncommon trap: reason=predicate action=maybe_recompile pc=0x00007f1664af2928 method=com.vitimage.VitimageUtils.getBinaryGrid(Lij/ImagePlus;I)Lij/ImagePlus; @ 91

Classes redefined (0 events):
No events

Internal exceptions (10 events):
Event: 0,435 Thread 0x00007f1674327800 Exception <a 'java/lang/UnsupportedOperationException': > (0x000000071a8e79b8) thrown at [/HUDSON/workspace/8-2-build-linux-amd64/jdk8u201/12317/hotspot/src/share/vm/prims/jni.cpp, line 735]
Event: 3,821 Thread 0x00007f1674327800 Exception <a 'java/lang/UnsupportedOperationException': > (0x000000071c1398e8) thrown at [/HUDSON/workspace/8-2-build-linux-amd64/jdk8u201/12317/hotspot/src/share/vm/prims/jni.cpp, line 735]
Event: 3,876 Thread 0x00007f1674327800 Exception <a 'java/lang/UnsupportedOperationException': > (0x000000071c13d4b0) thrown at [/HUDSON/workspace/8-2-build-linux-amd64/jdk8u201/12317/hotspot/src/share/vm/prims/jni.cpp, line 735]
Event: 51,168 Thread 0x00007f1674327800 Exception <a 'java/lang/UnsupportedOperationException': > (0x00000007466833c8) thrown at [/HUDSON/workspace/8-2-build-linux-amd64/jdk8u201/12317/hotspot/src/share/vm/prims/jni.cpp, line 735]
Event: 56,477 Thread 0x00007f1674327800 Exception <a 'java/lang/UnsupportedOperationException': > (0x0000000746691258) thrown at [/HUDSON/workspace/8-2-build-linux-amd64/jdk8u201/12317/hotspot/src/share/vm/prims/jni.cpp, line 735]
Event: 57,703 Thread 0x00007f1674327800 Exception <a 'java/lang/UnsupportedOperationException': > (0x000000074669ccf0) thrown at [/HUDSON/workspace/8-2-build-linux-amd64/jdk8u201/12317/hotspot/src/share/vm/prims/jni.cpp, line 735]
Event: 58,101 Thread 0x00007f1674327800 Exception <a 'java/lang/UnsupportedOperationException': > (0x00000007466a87c0) thrown at [/HUDSON/workspace/8-2-build-linux-amd64/jdk8u201/12317/hotspot/src/share/vm/prims/jni.cpp, line 735]
Event: 58,239 Thread 0x00007f1674327800 Exception <a 'java/lang/UnsupportedOperationException': > (0x00000007466ad678) thrown at [/HUDSON/workspace/8-2-build-linux-amd64/jdk8u201/12317/hotspot/src/share/vm/prims/jni.cpp, line 735]
Event: 70,371 Thread 0x00007f1674327800 Exception <a 'java/lang/UnsupportedOperationException': > (0x0000000719f2cba0) thrown at [/HUDSON/workspace/8-2-build-linux-amd64/jdk8u201/12317/hotspot/src/share/vm/prims/jni.cpp, line 735]
Event: 70,673 Thread 0x00007f1674327800 Exception <a 'java/lang/UnsupportedOperationException': > (0x0000000719f36270) thrown at [/HUDSON/workspace/8-2-build-linux-amd64/jdk8u201/12317/hotspot/src/share/vm/prims/jni.cpp, line 735]

Events (10 events):
Event: 75,119 Executing VM operation: RevokeBias
Event: 75,119 Executing VM operation: RevokeBias done
Event: 75,119 Executing VM operation: RevokeBias
Event: 75,119 Executing VM operation: RevokeBias done
Event: 77,208 Executing VM operation: BulkRevokeBias
Event: 77,208 Executing VM operation: BulkRevokeBias done
Event: 77,585 Executing VM operation: RevokeBias
Event: 77,585 Executing VM operation: RevokeBias done
Event: 77,585 Executing VM operation: RevokeBias
Event: 77,585 Executing VM operation: RevokeBias done


Dynamic libraries:
00400000-00401000 r-xp 00000000 103:05 399591                            /usr/lib/jvm/java-8-oracle/bin/java
00600000-00601000 r--p 00000000 103:05 399591                            /usr/lib/jvm/java-8-oracle/bin/java
00601000-00602000 rw-p 00001000 103:05 399591                            /usr/lib/jvm/java-8-oracle/bin/java
00e4e000-00e6f000 rw-p 00000000 00:00 0                                  [heap]
5cd200000-6c2980000 rw-p 00000000 00:00 0 
6c2980000-719b80000 ---p 00000000 00:00 0 
719b80000-7c0000000 rw-p 00000000 00:00 0 
7c0000000-7c01a0000 rw-p 00000000 00:00 0 
7c01a0000-800000000 ---p 00000000 00:00 0 
7f14b8000000-7f14b8021000 rw-p 00000000 00:00 0 
7f14b8021000-7f14bc000000 ---p 00000000 00:00 0 
7f14bc000000-7f14bc021000 rw-p 00000000 00:00 0 
7f14bc021000-7f14c0000000 ---p 00000000 00:00 0 
7f14c0000000-7f14c0021000 rw-p 00000000 00:00 0 
7f14c0021000-7f14c4000000 ---p 00000000 00:00 0 
7f14d4000000-7f14dc000000 rw-p 00000000 00:00 0 
7f14dc000000-7f14e4000000 rw-p 00000000 00:00 0 
7f14e4000000-7f14ec000000 rw-p 00000000 00:00 0 
7f14ec000000-7f14f0000000 rw-p 00000000 00:00 0 
7f1500000000-7f1508000000 rw-p 00000000 00:00 0 
7f1508000000-7f1510000000 rw-p 00000000 00:00 0 
7f1510000000-7f1518000000 rw-p 00000000 00:00 0 
7f1518000000-7f1520000000 rw-p 00000000 00:00 0 
7f1520000000-7f1524000000 rw-p 00000000 00:00 0 
7f1524fff000-7f1534000000 rw-p 00000000 00:00 0 
7f1534000000-7f153c000000 rw-p 00000000 00:00 0 
7f153c000000-7f1544000000 rw-p 00000000 00:00 0 
7f1544000000-7f154c000000 rw-p 00000000 00:00 0 
7f154c000000-7f1554000000 rw-p 00000000 00:00 0 
7f1554000000-7f155c000000 rw-p 00000000 00:00 0 
7f155c000000-7f1560000000 rw-p 00000000 00:00 0 
7f1564000000-7f1564021000 rw-p 00000000 00:00 0 
7f1564021000-7f1568000000 ---p 00000000 00:00 0 
7f156bff5000-7f157aff6000 rw-p 00000000 00:00 0 
7f157c7fe000-7f157efff000 rw-p 00000000 00:00 0 
7f1584000000-7f1585d06000 rw-p 00000000 00:00 0 
7f1585d06000-7f1588000000 ---p 00000000 00:00 0 
7f1588000000-7f1588021000 rw-p 00000000 00:00 0 
7f1588021000-7f158c000000 ---p 00000000 00:00 0 
7f158c000000-7f1594000000 rw-p 00000000 00:00 0 
7f1594000000-7f1594021000 rw-p 00000000 00:00 0 
7f1594021000-7f1598000000 ---p 00000000 00:00 0 
7f159c000000-7f159c021000 rw-p 00000000 00:00 0 
7f159c021000-7f15a0000000 ---p 00000000 00:00 0 
7f15a0000000-7f15a0021000 rw-p 00000000 00:00 0 
7f15a0021000-7f15a4000000 ---p 00000000 00:00 0 
7f15a4000000-7f15a4021000 rw-p 00000000 00:00 0 
7f15a4021000-7f15a8000000 ---p 00000000 00:00 0 
7f15ac000000-7f15ac021000 rw-p 00000000 00:00 0 
7f15ac021000-7f15b0000000 ---p 00000000 00:00 0 
7f15b0000000-7f15b0021000 rw-p 00000000 00:00 0 
7f15b0021000-7f15b4000000 ---p 00000000 00:00 0 
7f15b4000000-7f15b4021000 rw-p 00000000 00:00 0 
7f15b4021000-7f15b8000000 ---p 00000000 00:00 0 
7f15b8000000-7f15b8021000 rw-p 00000000 00:00 0 
7f15b8021000-7f15bc000000 ---p 00000000 00:00 0 
7f15bc000000-7f15bc021000 rw-p 00000000 00:00 0 
7f15bc021000-7f15c0000000 ---p 00000000 00:00 0 
7f15c4000000-7f15c4021000 rw-p 00000000 00:00 0 
7f15c4021000-7f15c8000000 ---p 00000000 00:00 0 
7f15c8cad000-7f15d6d74000 r-xp 00000000 103:05 1975135                   /home/fernandr/Programmes/Fiji.app/lib/linux64/libSimpleITKJava.so
7f15d6d74000-7f15d6f73000 ---p 0e0c7000 103:05 1975135                   /home/fernandr/Programmes/Fiji.app/lib/linux64/libSimpleITKJava.so
7f15d6f73000-7f15d7fe1000 rw-p 0e0c6000 103:05 1975135                   /home/fernandr/Programmes/Fiji.app/lib/linux64/libSimpleITKJava.so
7f15d7fe1000-7f15d8000000 rw-p 00000000 00:00 0 
7f15d8000000-7f15d8148000 rw-p 00000000 00:00 0 
7f15d8148000-7f15dc000000 ---p 00000000 00:00 0 
7f15dc000000-7f15dc021000 rw-p 00000000 00:00 0 
7f15dc021000-7f15e0000000 ---p 00000000 00:00 0 
7f15e0000000-7f15e0035000 rw-p 00000000 00:00 0 
7f15e0035000-7f15e4000000 ---p 00000000 00:00 0 
7f15e4000000-7f15e4021000 rw-p 00000000 00:00 0 
7f15e4021000-7f15e8000000 ---p 00000000 00:00 0 
7f15e8000000-7f15e8021000 rw-p 00000000 00:00 0 
7f15e8021000-7f15ec000000 ---p 00000000 00:00 0 
7f15ec000000-7f15ec021000 rw-p 00000000 00:00 0 
7f15ec021000-7f15f0000000 ---p 00000000 00:00 0 
7f15f0000000-7f15f087c000 rw-p 00000000 00:00 0 
7f15f087c000-7f15f4000000 ---p 00000000 00:00 0 
7f15f4000000-7f15f4021000 rw-p 00000000 00:00 0 
7f15f4021000-7f15f8000000 ---p 00000000 00:00 0 
7f15f8000000-7f15f84b1000 rw-p 00000000 00:00 0 
7f15f84b1000-7f15fc000000 ---p 00000000 00:00 0 
7f15fc000000-7f15fc3c1000 rw-p 00000000 00:00 0 
7f15fc3c1000-7f1600000000 ---p 00000000 00:00 0 
7f1600000000-7f1600021000 rw-p 00000000 00:00 0 
7f1600021000-7f1604000000 ---p 00000000 00:00 0 
7f1604000000-7f1604547000 rw-p 00000000 00:00 0 
7f1604547000-7f1608000000 ---p 00000000 00:00 0 
7f1608000000-7f1608021000 rw-p 00000000 00:00 0 
7f1608021000-7f160c000000 ---p 00000000 00:00 0 
7f160c000000-7f160d298000 rw-p 00000000 00:00 0 
7f160d298000-7f1610000000 ---p 00000000 00:00 0 
7f1610000000-7f1610021000 rw-p 00000000 00:00 0 
7f1610021000-7f1614000000 ---p 00000000 00:00 0 
7f1614000000-7f16156da000 rw-p 00000000 00:00 0 
7f16156da000-7f1618000000 ---p 00000000 00:00 0 
7f1618000000-7f1618021000 rw-p 00000000 00:00 0 
7f1618021000-7f161c000000 ---p 00000000 00:00 0 
7f161c690000-7f162c000000 rw-p 00000000 00:00 0 
7f162c000000-7f162c15f000 rw-p 00000000 00:00 0 
7f162c15f000-7f1630000000 ---p 00000000 00:00 0 
7f1630000000-7f1630021000 rw-p 00000000 00:00 0 
7f1630021000-7f1634000000 ---p 00000000 00:00 0 
7f1634000000-7f1634021000 rw-p 00000000 00:00 0 
7f1634021000-7f1638000000 ---p 00000000 00:00 0 
7f163c000000-7f163c1b8000 rw-p 00000000 00:00 0 
7f163c1b8000-7f1640000000 ---p 00000000 00:00 0 
7f1640ffe000-7f1640fff000 ---p 00000000 00:00 0 
7f1640fff000-7f16417ff000 rw-p 00000000 00:00 0 
7f1644000000-7f1644021000 rw-p 00000000 00:00 0 
7f1644021000-7f1648000000 ---p 00000000 00:00 0 
7f164affe000-7f164afff000 ---p 00000000 00:00 0 
7f164afff000-7f164b7ff000 rw-p 00000000 00:00 0 
7f164b7ff000-7f164b800000 ---p 00000000 00:00 0 
7f164b800000-7f164c000000 rw-p 00000000 00:00 0 
7f164c000000-7f164c1ac000 rw-p 00000000 00:00 0 
7f164c1ac000-7f1650000000 ---p 00000000 00:00 0 
7f1650149000-7f165014a000 ---p 00000000 00:00 0 
7f165014a000-7f165094a000 rw-p 00000000 00:00 0 
7f165114b000-7f165114e000 ---p 00000000 00:00 0 
7f165114e000-7f165124c000 rw-p 00000000 00:00 0 
7f165124c000-7f165124f000 ---p 00000000 00:00 0 
7f165124f000-7f165134d000 rw-p 00000000 00:00 0 
7f165134d000-7f1651350000 ---p 00000000 00:00 0 
7f1651350000-7f165144e000 rw-p 00000000 00:00 0 
7f165144e000-7f1651451000 ---p 00000000 00:00 0 
7f1651451000-7f165160f000 rw-p 00000000 00:00 0 
7f165160f000-7f165174f000 ---p 00000000 00:00 0 
7f165174f000-7f1651752000 ---p 00000000 00:00 0 
7f1651752000-7f1651850000 rw-p 00000000 00:00 0 
7f1651850000-7f1651853000 ---p 00000000 00:00 0 
7f1651853000-7f1651951000 rw-p 00000000 00:00 0 
7f1651951000-7f1651954000 ---p 00000000 00:00 0 
7f1651954000-7f1651c52000 rw-p 00000000 00:00 0 
7f1651c52000-7f1651c7c000 r-xp 00000000 103:05 1319030                   /usr/lib/jvm/java-8-oracle/jre/lib/amd64/libdcpr.so
7f1651c7c000-7f1651e7b000 ---p 0002a000 103:05 1319030                   /usr/lib/jvm/java-8-oracle/jre/lib/amd64/libdcpr.so
7f1651e7b000-7f1651e7c000 r--p 00029000 103:05 1319030                   /usr/lib/jvm/java-8-oracle/jre/lib/amd64/libdcpr.so
7f1651e7c000-7f1651e7f000 rw-p 0002a000 103:05 1319030                   /usr/lib/jvm/java-8-oracle/jre/lib/amd64/libdcpr.so
7f1651e7f000-7f165207f000 rw-p 00000000 00:00 0 
7f1652080000-7f1652180000 rw-s 00000000 00:05 4849682                    /SYSV00000000 (deleted)
7f1652180000-7f16521ec000 r-xp 00000000 103:05 1319045                   /usr/lib/jvm/java-8-oracle/jre/lib/amd64/libt2k.so
7f16521ec000-7f16523ec000 ---p 0006c000 103:05 1319045                   /usr/lib/jvm/java-8-oracle/jre/lib/amd64/libt2k.so
7f16523ec000-7f16523f2000 r--p 0006c000 103:05 1319045                   /usr/lib/jvm/java-8-oracle/jre/lib/amd64/libt2k.so
7f16523f2000-7f16523f3000 rw-p 00072000 103:05 1319045                   /usr/lib/jvm/java-8-oracle/jre/lib/amd64/libt2k.so
7f16523f3000-7f1652404000 r-xp 00000000 103:05 1319086                   /usr/lib/jvm/java-8-oracle/jre/lib/amd64/libnio.so
7f1652404000-7f1652603000 ---p 00011000 103:05 1319086                   /usr/lib/jvm/java-8-oracle/jre/lib/amd64/libnio.so
7f1652603000-7f1652604000 r--p 00010000 103:05 1319086                   /usr/lib/jvm/java-8-oracle/jre/lib/amd64/libnio.so
7f1652604000-7f1652605000 rw-p 00011000 103:05 1319086                   /usr/lib/jvm/java-8-oracle/jre/lib/amd64/libnio.so
7f1652605000-7f165261b000 r-xp 00000000 103:05 1319083                   /usr/lib/jvm/java-8-oracle/jre/lib/amd64/libnet.so
7f165261b000-7f165281b000 ---p 00016000 103:05 1319083                   /usr/lib/jvm/java-8-oracle/jre/lib/amd64/libnet.so
7f165281b000-7f165281c000 r--p 00016000 103:05 1319083                   /usr/lib/jvm/java-8-oracle/jre/lib/amd64/libnet.so
7f165281c000-7f165281d000 rw-p 00017000 103:05 1319083                   /usr/lib/jvm/java-8-oracle/jre/lib/amd64/libnet.so
7f165281d000-7f1652820000 ---p 00000000 00:00 0 
7f1652820000-7f165291e000 rw-p 00000000 00:00 0 
7f165291e000-7f1652921000 ---p 00000000 00:00 0 
7f1652921000-7f1652c1f000 rw-p 00000000 00:00 0 
7f1652c1f000-7f1652c22000 ---p 00000000 00:00 0 
7f1652c22000-7f1652d20000 rw-p 00000000 00:00 0 
7f1652d20000-7f1652d25000 r-xp 00000000 103:05 401423                    /usr/lib/x86_64-linux-gnu/libXfixes.so.3.1.0
7f1652d25000-7f1652f24000 ---p 00005000 103:05 401423                    /usr/lib/x86_64-linux-gnu/libXfixes.so.3.1.0
7f1652f24000-7f1652f25000 r--p 00004000 103:05 401423                    /usr/lib/x86_64-linux-gnu/libXfixes.so.3.1.0
7f1652f25000-7f1652f26000 rw-p 00005000 103:05 401423                    /usr/lib/x86_64-linux-gnu/libXfixes.so.3.1.0
7f1652f26000-7f1652f2f000 r-xp 00000000 103:05 401415                    /usr/lib/x86_64-linux-gnu/libXcursor.so.1.0.2
7f1652f2f000-7f165312e000 ---p 00009000 103:05 401415                    /usr/lib/x86_64-linux-gnu/libXcursor.so.1.0.2
7f165312e000-7f165312f000 r--p 00008000 103:05 401415                    /usr/lib/x86_64-linux-gnu/libXcursor.so.1.0.2
7f165312f000-7f1653130000 rw-p 00009000 103:05 401415                    /usr/lib/x86_64-linux-gnu/libXcursor.so.1.0.2
7f1653130000-7f1653147000 r-xp 00000000 103:05 3801177                   /lib/x86_64-linux-gnu/libgcc_s.so.1
7f1653147000-7f1653346000 ---p 00017000 103:05 3801177                   /lib/x86_64-linux-gnu/libgcc_s.so.1
7f1653346000-7f1653347000 r--p 00016000 103:05 3801177                   /lib/x86_64-linux-gnu/libgcc_s.so.1
7f1653347000-7f1653348000 rw-p 00017000 103:05 3801177                   /lib/x86_64-linux-gnu/libgcc_s.so.1
7f1653348000-7f16533a5000 r-xp 00000000 103:05 1319057                   /usr/lib/jvm/java-8-oracle/jre/lib/amd64/libfontmanager.so
7f16533a5000-7f16535a5000 ---p 0005d000 103:05 1319057                   /usr/lib/jvm/java-8-oracle/jre/lib/amd64/libfontmanager.so
7f16535a5000-7f16535a8000 r--p 0005d000 103:05 1319057                   /usr/lib/jvm/java-8-oracle/jre/lib/amd64/libfontmanager.so
7f16535a8000-7f16535a9000 rw-p 00060000 103:05 1319057                   /usr/lib/jvm/java-8-oracle/jre/lib/amd64/libfontmanager.so
7f16535a9000-7f16535bc000 r-xp 00000000 103:05 3806054                   /lib/x86_64-linux-gnu/libbsd.so.0.8.7
7f16535bc000-7f16537bb000 ---p 00013000 103:05 3806054                   /lib/x86_64-linux-gnu/libbsd.so.0.8.7
7f16537bb000-7f16537bc000 r--p 00012000 103:05 3806054                   /lib/x86_64-linux-gnu/libbsd.so.0.8.7
7f16537bc000-7f16537bd000 rw-p 00013000 103:05 3806054                   /lib/x86_64-linux-gnu/libbsd.so.0.8.7
7f16537bd000-7f16537be000 rw-p 00000000 00:00 0 
7f16537be000-7f16537c3000 r-xp 00000000 103:05 401419                    /usr/lib/x86_64-linux-gnu/libXdmcp.so.6.0.0
7f16537c3000-7f16539c2000 ---p 00005000 103:05 401419                    /usr/lib/x86_64-linux-gnu/libXdmcp.so.6.0.0
7f16539c2000-7f16539c3000 r--p 00004000 103:05 401419                    /usr/lib/x86_64-linux-gnu/libXdmcp.so.6.0.0
7f16539c3000-7f16539c4000 rw-p 00005000 103:05 401419                    /usr/lib/x86_64-linux-gnu/libXdmcp.so.6.0.0
7f16539c4000-7f16539c6000 r-xp 00000000 103:05 401408                    /usr/lib/x86_64-linux-gnu/libXau.so.6.0.0
7f16539c6000-7f1653bc6000 ---p 00002000 103:05 401408                    /usr/lib/x86_64-linux-gnu/libXau.so.6.0.0
7f1653bc6000-7f1653bc7000 r--p 00002000 103:05 401408                    /usr/lib/x86_64-linux-gnu/libXau.so.6.0.0
7f1653bc7000-7f1653bc8000 rw-p 00003000 103:05 401408                    /usr/lib/x86_64-linux-gnu/libXau.so.6.0.0
7f1653bc8000-7f1653bee000 r-xp 00000000 103:05 396084                    /usr/lib/x86_64-linux-gnu/libxcb.so.1.1.0
7f1653bee000-7f1653dee000 ---p 00026000 103:05 396084                    /usr/lib/x86_64-linux-gnu/libxcb.so.1.1.0
7f1653dee000-7f1653def000 r--p 00026000 103:05 396084                    /usr/lib/x86_64-linux-gnu/libxcb.so.1.1.0
7f1653def000-7f1653df0000 rw-p 00027000 103:05 396084                    /usr/lib/x86_64-linux-gnu/libxcb.so.1.1.0
7f1653df0000-7f1653dff000 r-xp 00000000 103:05 401429                    /usr/lib/x86_64-linux-gnu/libXi.so.6.1.0
7f1653dff000-7f1653ffe000 ---p 0000f000 103:05 401429                    /usr/lib/x86_64-linux-gnu/libXi.so.6.1.0
7f1653ffe000-7f1653fff000 r--p 0000e000 103:05 401429                    /usr/lib/x86_64-linux-gnu/libXi.so.6.1.0
7f1653fff000-7f1654000000 rw-p 0000f000 103:05 401429                    /usr/lib/x86_64-linux-gnu/libXi.so.6.1.0
7f1654000000-7f1654021000 rw-p 00000000 00:00 0 
7f1654021000-7f1658000000 ---p 00000000 00:00 0 
7f165800f000-7f165801a000 r--s 00000000 103:05 2754318                   /var/cache/fontconfig/945677eb7aeaf62f1d50efc3fb3ec7d8-le64.cache-7
7f165801a000-7f165801f000 r--s 00000000 103:05 2754289                   /var/cache/fontconfig/2300eef321c393bfd76478a5c0e95b23-le64.cache-7
7f165801f000-7f1658020000 r--s 00000000 103:05 2754282                   /var/cache/fontconfig/0d8c3b2ac0904cb8a57a757ad11a4a08-le64.cache-7
7f1658020000-7f1658024000 r--s 00000000 103:05 2758608                   /var/cache/fontconfig/6d41288fd70b0be22e8c3a91e032eec0-le64.cache-7
7f1658024000-7f1658039000 r--s 00000000 103:05 2754278                   /var/cache/fontconfig/04aabc0a78ac019cf9454389977116d2-le64.cache-7
7f1658039000-7f165803a000 r--s 00000000 103:05 2754286                   /var/cache/fontconfig/1ac9eb803944fde146138c791f5cc56a-le64.cache-7
7f165803a000-7f165803b000 r--s 00000000 103:05 2754337                   /var/cache/fontconfig/dc05db6664285cc2f12bf69c139ae4c3-le64.cache-7
7f165803b000-7f165803d000 r--s 00000000 103:05 2754283                   /var/cache/fontconfig/14a5e22175779b556eaa434240950366-le64.cache-7
7f165803d000-7f165803e000 r--s 00000000 103:05 2754310                   /var/cache/fontconfig/660208299946a285a940457d1287da33-le64.cache-7
7f165803e000-7f1658040000 r--s 00000000 103:05 2754301                   /var/cache/fontconfig/4f3e3037c9980c83b53a9351efadef62-le64.cache-7
7f1658040000-7f1658042000 r--s 00000000 103:05 2754315                   /var/cache/fontconfig/767a8244fc0220cfb567a839d0392e0b-le64.cache-7
7f1658042000-7f1658043000 r--s 00000000 103:05 2755050                   /var/cache/fontconfig/4794a0821666d79190d59a36cb4f44b5-le64.cache-7
7f1658043000-7f1658045000 r--s 00000000 103:05 2759434                   /var/cache/fontconfig/0bd3dc0958fa2205aaaa8ebb13e2872b-le64.cache-7
7f1658045000-7f165804a000 r--s 00000000 103:05 2754338                   /var/cache/fontconfig/def309198bfa603429122923fa2bb2d4-le64.cache-7
7f165804a000-7f165804b000 r--s 00000000 103:05 2754326                   /var/cache/fontconfig/b872e6e592da6075ffa4ab0a1fcc0c75-le64.cache-7
7f165804b000-7f165804c000 r--s 00000000 103:05 2754343                   /var/cache/fontconfig/f6d4eedfaab2589bde49f7a3ff831d22-le64.cache-7
7f165804c000-7f165804d000 r--s 00000000 103:05 2754308                   /var/cache/fontconfig/589f83ef4c36d296ce6e1c846f468f08-le64.cache-7
7f165804d000-7f165804e000 r--s 00000000 103:05 2754328                   /var/cache/fontconfig/bab58bb527bb656aaa9f116d68a48d89-le64.cache-7
7f165804e000-7f165804f000 r--s 00000000 103:05 2754287                   /var/cache/fontconfig/2171a34dccabdb6bcbbc728186263178-le64.cache-7
7f165804f000-7f1658050000 r--s 00000000 103:05 2754329                   /var/cache/fontconfig/c5c45a61289222e0d30b1a26ef4effbe-le64.cache-7
7f1658050000-7f1658051000 r--s 00000000 103:05 2754324                   /var/cache/fontconfig/aec30016f93e1b46d1a973dce0d74068-le64.cache-7
7f1658051000-7f1658052000 r--s 00000000 103:05 2754294                   /var/cache/fontconfig/3f589640d34b7dc9042c8d453f7c8b9c-le64.cache-7
7f1658052000-7f1658053000 r--s 00000000 103:05 2754284                   /var/cache/fontconfig/16c2fda60d1b4b719f4b3d06fd951d25-le64.cache-7
7f1658053000-7f1658054000 r--s 00000000 103:05 2754323                   /var/cache/fontconfig/a48eab177a16e4f3713381162db2f3e9-le64.cache-7
7f1658054000-7f1658055000 r--s 00000000 103:05 2754304                   /var/cache/fontconfig/564b2e68ac9bc4e36a6f7f6d6125ec1c-le64.cache-7
7f1658055000-7f165805a000 r--s 00000000 103:05 2754981                   /var/cache/fontconfig/9d2451b1fd30e5bffe8383fd27c35478-le64.cache-7
7f165805a000-7f1658060000 r--s 00000000 103:05 2759433                   /var/cache/fontconfig/3047814df9a2f067bd2d96a2b9c36e5a-le64.cache-7
7f1658060000-7f1658068000 r--s 00000000 103:05 2753774                   /var/cache/fontconfig/bf3b770c553c462765856025a94f1ce6-le64.cache-7
7f1658068000-7f1658069000 r--s 00000000 103:05 2754305                   /var/cache/fontconfig/56cf4f4769d0f4abc89a4895d7bd3ae1-le64.cache-7
7f1658069000-7f165806f000 r--s 00000000 103:05 2754325                   /var/cache/fontconfig/b47c4e1ecd0709278f4910c18777a504-le64.cache-7
7f165806f000-7f1658082000 r--s 00000000 103:05 2754334                   /var/cache/fontconfig/d52a8644073d54c13679302ca1180695-le64.cache-7
7f1658082000-7f1658090000 r--s 00000000 103:05 2754320                   /var/cache/fontconfig/9b89f8e3dae116d678bbf48e5f21f69b-le64.cache-7
7f1658090000-7f165809e000 r--s 00000000 103:05 2764616                   /var/cache/fontconfig/e13b20fdb08344e0e664864cc2ede53d-le64.cache-7
7f165809e000-7f16580a1000 ---p 00000000 00:00 0 
7f16580a1000-7f165819f000 rw-p 00000000 00:00 0 
7f165819f000-7f16581a4000 r-xp 00000000 103:05 401447                    /usr/lib/x86_64-linux-gnu/libXtst.so.6.1.0
7f16581a4000-7f16583a3000 ---p 00005000 103:05 401447                    /usr/lib/x86_64-linux-gnu/libXtst.so.6.1.0
7f16583a3000-7f16583a4000 r--p 00004000 103:05 401447                    /usr/lib/x86_64-linux-gnu/libXtst.so.6.1.0
7f16583a4000-7f16583a5000 rw-p 00005000 103:05 401447                    /usr/lib/x86_64-linux-gnu/libXtst.so.6.1.0
7f16583a5000-7f16583ae000 r-xp 00000000 103:05 401441                    /usr/lib/x86_64-linux-gnu/libXrender.so.1.3.0
7f16583ae000-7f16585ad000 ---p 00009000 103:05 401441                    /usr/lib/x86_64-linux-gnu/libXrender.so.1.3.0
7f16585ad000-7f16585ae000 r--p 00008000 103:05 401441                    /usr/lib/x86_64-linux-gnu/libXrender.so.1.3.0
7f16585ae000-7f16585af000 rw-p 00009000 103:05 401441                    /usr/lib/x86_64-linux-gnu/libXrender.so.1.3.0
7f16585af000-7f16586e2000 r-xp 00000000 103:05 400060                    /usr/lib/x86_64-linux-gnu/libX11.so.6.3.0
7f16586e2000-7f16588e2000 ---p 00133000 103:05 400060                    /usr/lib/x86_64-linux-gnu/libX11.so.6.3.0
7f16588e2000-7f16588e3000 r--p 00133000 103:05 400060                    /usr/lib/x86_64-linux-gnu/libX11.so.6.3.0
7f16588e3000-7f16588e7000 rw-p 00134000 103:05 400060                    /usr/lib/x86_64-linux-gnu/libX11.so.6.3.0
7f16588e7000-7f16588f8000 r-xp 00000000 103:05 401421                    /usr/lib/x86_64-linux-gnu/libXext.so.6.4.0
7f16588f8000-7f1658af7000 ---p 00011000 103:05 401421                    /usr/lib/x86_64-linux-gnu/libXext.so.6.4.0
7f1658af7000-7f1658af8000 r--p 00010000 103:05 401421                    /usr/lib/x86_64-linux-gnu/libXext.so.6.4.0
7f1658af8000-7f1658af9000 rw-p 00011000 103:05 401421                    /usr/lib/x86_64-linux-gnu/libXext.so.6.4.0
7f1658af9000-7f1658b1f000 r--p 00000000 103:05 1182632                   /usr/share/locale-langpack/fr/LC_MESSAGES/libc.mo
7f1658b1f000-7f1658b72000 r-xp 00000000 103:05 1319090                   /usr/lib/jvm/java-8-oracle/jre/lib/amd64/libawt_xawt.so
7f1658b72000-7f1658d71000 ---p 00053000 103:05 1319090                   /usr/lib/jvm/java-8-oracle/jre/lib/amd64/libawt_xawt.so
7f1658d71000-7f1658d72000 r--p 00052000 103:05 1319090                   /usr/lib/jvm/java-8-oracle/jre/lib/amd64/libawt_xawt.so
7f1658d72000-7f1658d75000 rw-p 00053000 103:05 1319090                   /usr/lib/jvm/java-8-oracle/jre/lib/amd64/libawt_xawt.so
7f1658d75000-7f1658d76000 rw-p 00000000 00:00 0 
7f1658d76000-7f1658e16000 r-xp 00000000 103:05 1319075                   /usr/lib/jvm/java-8-oracle/jre/lib/amd64/libawt.so
7f1658e16000-7f1659015000 ---p 000a0000 103:05 1319075                   /usr/lib/jvm/java-8-oracle/jre/lib/amd64/libawt.so
7f1659015000-7f1659016000 r--p 0009f000 103:05 1319075                   /usr/lib/jvm/java-8-oracle/jre/lib/amd64/libawt.so
7f1659016000-7f1659021000 rw-p 000a0000 103:05 1319075                   /usr/lib/jvm/java-8-oracle/jre/lib/amd64/libawt.so
7f1659021000-7f1659046000 rw-p 00000000 00:00 0 
7f1659046000-7f1659047000 ---p 00000000 00:00 0 
7f1659047000-7f1659147000 rw-p 00000000 00:00 0 
7f1659147000-7f165914a000 ---p 00000000 00:00 0 
7f165914a000-7f1659248000 rw-p 00000000 00:00 0 
7f1659248000-7f1659249000 ---p 00000000 00:00 0 
7f1659249000-7f165924c000 ---p 00000000 00:00 0 
7f165924c000-7f1659349000 rw-p 00000000 00:00 0 
7f1659349000-7f165934a000 ---p 00000000 00:00 0 
7f165934a000-7f165934d000 ---p 00000000 00:00 0 
7f165934d000-7f165944a000 rw-p 00000000 00:00 0 
7f165944a000-7f165944b000 ---p 00000000 00:00 0 
7f165944b000-7f165944e000 ---p 00000000 00:00 0 
7f165944e000-7f165954b000 rw-p 00000000 00:00 0 
7f165954b000-7f165954c000 ---p 00000000 00:00 0 
7f165954c000-7f165954f000 ---p 00000000 00:00 0 
7f165954f000-7f165964c000 rw-p 00000000 00:00 0 
7f165964c000-7f165964f000 ---p 00000000 00:00 0 
7f165964f000-7f165974d000 rw-p 00000000 00:00 0 
7f165974d000-7f165a11c000 r--p 00000000 103:05 400112                    /usr/lib/locale/locale-archive
7f165a11c000-7f165a11f000 ---p 00000000 00:00 0 
7f165a11f000-7f165a21d000 rw-p 00000000 00:00 0 
7f165a21d000-7f165a220000 ---p 00000000 00:00 0 
7f165a220000-7f165a31e000 rw-p 00000000 00:00 0 
7f165a31e000-7f165a31f000 ---p 00000000 00:00 0 
7f165a31f000-7f165c000000 rw-p 00000000 00:00 0 
7f165c000000-7f165c021000 rw-p 00000000 00:00 0 
7f165c021000-7f1660000000 ---p 00000000 00:00 0 
7f1660000000-7f1660001000 r--s 00000000 103:05 2754327                   /var/cache/fontconfig/b9d506c9ac06c20b433354fa67a72993-le64.cache-7
7f1660001000-7f1660002000 r--s 00000000 103:05 2754292                   /var/cache/fontconfig/370e5b74bf5dafc30834de68e24a87a4-le64.cache-7
7f1660002000-7f1660003000 r--s 00000000 103:05 2754313                   /var/cache/fontconfig/6b2c5944714ca7831b25bed9e85cb5c8-le64.cache-7
7f1660003000-7f1660004000 r--s 00000000 103:05 2754333                   /var/cache/fontconfig/d5178ab6d91b49bf20a416737dcea9e8-le64.cache-7
7f1660004000-7f1660005000 r--s 00000000 103:05 2754303                   /var/cache/fontconfig/551ecf3b0e8b0bca0f25c0944f561853-le64.cache-7
7f1660005000-7f16606ff000 rw-p 00000000 00:00 0 
7f16606ff000-7f16608d9000 r--s 03d6f000 103:05 1319016                   /usr/lib/jvm/java-8-oracle/jre/lib/rt.jar
7f16608d9000-7f16620e6000 rw-p 00000000 00:00 0 
7f16620e6000-7f16620e7000 ---p 00000000 00:00 0 
7f16620e7000-7f16621e7000 rw-p 00000000 00:00 0 
7f16621e7000-7f16621e8000 ---p 00000000 00:00 0 
7f16621e8000-7f16622e8000 rw-p 00000000 00:00 0 
7f16622e8000-7f16622e9000 ---p 00000000 00:00 0 
7f16622e9000-7f16623e9000 rw-p 00000000 00:00 0 
7f16623e9000-7f16623ea000 ---p 00000000 00:00 0 
7f16623ea000-7f16624ea000 rw-p 00000000 00:00 0 
7f16624ea000-7f16624eb000 ---p 00000000 00:00 0 
7f16624eb000-7f16625eb000 rw-p 00000000 00:00 0 
7f16625eb000-7f16625ec000 ---p 00000000 00:00 0 
7f16625ec000-7f16626ec000 rw-p 00000000 00:00 0 
7f16626ec000-7f16626ed000 ---p 00000000 00:00 0 
7f16626ed000-7f16627ed000 rw-p 00000000 00:00 0 
7f16627ed000-7f16627ee000 ---p 00000000 00:00 0 
7f16627ee000-7f16628ee000 rw-p 00000000 00:00 0 
7f16628ee000-7f16628ef000 ---p 00000000 00:00 0 
7f16628ef000-7f166319b000 rw-p 00000000 00:00 0 
7f166319b000-7f1663454000 ---p 00000000 00:00 0 
7f1663454000-7f1663c00000 rw-p 00000000 00:00 0 
7f1663c00000-7f1663eb8000 ---p 00000000 00:00 0 
7f1663eb8000-7f16643eb000 rw-p 00000000 00:00 0 
7f16643eb000-7f1664411000 rw-p 00000000 00:00 0 
7f1664411000-7f16647ac000 ---p 00000000 00:00 0 
7f16647ac000-7f16650ec000 rwxp 00000000 00:00 0 
7f16650ec000-7f16737ac000 ---p 00000000 00:00 0 
7f16737ac000-7f16737c7000 r-xp 00000000 103:05 1319079                   /usr/lib/jvm/java-8-oracle/jre/lib/amd64/libzip.so
7f16737c7000-7f16739c6000 ---p 0001b000 103:05 1319079                   /usr/lib/jvm/java-8-oracle/jre/lib/amd64/libzip.so
7f16739c6000-7f16739c7000 r--p 0001a000 103:05 1319079                   /usr/lib/jvm/java-8-oracle/jre/lib/amd64/libzip.so
7f16739c7000-7f16739c8000 rw-p 0001b000 103:05 1319079                   /usr/lib/jvm/java-8-oracle/jre/lib/amd64/libzip.so
7f16739c8000-7f16739d3000 r-xp 00000000 103:05 3806148                   /lib/x86_64-linux-gnu/libnss_files-2.27.so
7f16739d3000-7f1673bd2000 ---p 0000b000 103:05 3806148                   /lib/x86_64-linux-gnu/libnss_files-2.27.so
7f1673bd2000-7f1673bd3000 r--p 0000a000 103:05 3806148                   /lib/x86_64-linux-gnu/libnss_files-2.27.so
7f1673bd3000-7f1673bd4000 rw-p 0000b000 103:05 3806148                   /lib/x86_64-linux-gnu/libnss_files-2.27.so
7f1673bd4000-7f1673bda000 rw-p 00000000 00:00 0 
7f1673bda000-7f1673bf1000 r-xp 00000000 103:05 3806142                   /lib/x86_64-linux-gnu/libnsl-2.27.so
7f1673bf1000-7f1673df0000 ---p 00017000 103:05 3806142                   /lib/x86_64-linux-gnu/libnsl-2.27.so
7f1673df0000-7f1673df1000 r--p 00016000 103:05 3806142                   /lib/x86_64-linux-gnu/libnsl-2.27.so
7f1673df1000-7f1673df2000 rw-p 00017000 103:05 3806142                   /lib/x86_64-linux-gnu/libnsl-2.27.so
7f1673df2000-7f1673df4000 rw-p 00000000 00:00 0 
7f1673df4000-7f1673dff000 r-xp 00000000 103:05 3806159                   /lib/x86_64-linux-gnu/libnss_nis-2.27.so
7f1673dff000-7f1673ffe000 ---p 0000b000 103:05 3806159                   /lib/x86_64-linux-gnu/libnss_nis-2.27.so
7f1673ffe000-7f1673fff000 r--p 0000a000 103:05 3806159                   /lib/x86_64-linux-gnu/libnss_nis-2.27.so
7f1673fff000-7f1674000000 rw-p 0000b000 103:05 3806159                   /lib/x86_64-linux-gnu/libnss_nis-2.27.so
7f1674000000-7f1678000000 rw-p 00000000 00:00 0 
7f1678000000-7f1678003000 r--s 00000000 103:05 2754342                   /var/cache/fontconfig/f259c2cffa685e28062317905db73c4a-le64.cache-7
7f1678003000-7f1678005000 r--s 00000000 103:05 2754302                   /var/cache/fontconfig/550f3886151c940c12a5ed35f6a00586-le64.cache-7
7f1678005000-7f1678008000 r--s 00000000 103:05 2754311                   /var/cache/fontconfig/674d1711f2d1d2a09646eb0bdcadee49-le64.cache-7
7f1678008000-7f1678009000 r--s 00000000 103:05 2754295                   /var/cache/fontconfig/3f7329c5293ffd510edef78f73874cfd-le64.cache-7
7f1678009000-7f167800d000 r--s 00000000 103:05 2754335                   /var/cache/fontconfig/d589a48862398ed80a3d6066f4f56f4c-le64.cache-7
7f167800d000-7f1678068000 rw-p 00000000 00:00 0 
7f1678068000-7f1678069000 ---p 00000000 00:00 0 
7f1678069000-7f1678169000 rw-p 00000000 00:00 0 
7f1678169000-7f1678171000 r-xp 00000000 103:05 3806144                   /lib/x86_64-linux-gnu/libnss_compat-2.27.so
7f1678171000-7f1678371000 ---p 00008000 103:05 3806144                   /lib/x86_64-linux-gnu/libnss_compat-2.27.so
7f1678371000-7f1678372000 r--p 00008000 103:05 3806144                   /lib/x86_64-linux-gnu/libnss_compat-2.27.so
7f1678372000-7f1678373000 rw-p 00009000 103:05 3806144                   /lib/x86_64-linux-gnu/libnss_compat-2.27.so
7f1678373000-7f167839f000 r-xp 00000000 103:05 1319071                   /usr/lib/jvm/java-8-oracle/jre/lib/amd64/libjava.so
7f167839f000-7f167859f000 ---p 0002c000 103:05 1319071                   /usr/lib/jvm/java-8-oracle/jre/lib/amd64/libjava.so
7f167859f000-7f16785a0000 r--p 0002c000 103:05 1319071                   /usr/lib/jvm/java-8-oracle/jre/lib/amd64/libjava.so
7f16785a0000-7f16785a2000 rw-p 0002d000 103:05 1319071                   /usr/lib/jvm/java-8-oracle/jre/lib/amd64/libjava.so
7f16785a2000-7f16785af000 r-xp 00000000 103:05 1319077                   /usr/lib/jvm/java-8-oracle/jre/lib/amd64/libverify.so
7f16785af000-7f16787ae000 ---p 0000d000 103:05 1319077                   /usr/lib/jvm/java-8-oracle/jre/lib/amd64/libverify.so
7f16787ae000-7f16787b0000 r--p 0000c000 103:05 1319077                   /usr/lib/jvm/java-8-oracle/jre/lib/amd64/libverify.so
7f16787b0000-7f16787b1000 rw-p 0000e000 103:05 1319077                   /usr/lib/jvm/java-8-oracle/jre/lib/amd64/libverify.so
7f16787b1000-7f16787b8000 r-xp 00000000 103:05 3806199                   /lib/x86_64-linux-gnu/librt-2.27.so
7f16787b8000-7f16789b7000 ---p 00007000 103:05 3806199                   /lib/x86_64-linux-gnu/librt-2.27.so
7f16789b7000-7f16789b8000 r--p 00006000 103:05 3806199                   /lib/x86_64-linux-gnu/librt-2.27.so
7f16789b8000-7f16789b9000 rw-p 00007000 103:05 3806199                   /lib/x86_64-linux-gnu/librt-2.27.so
7f16789b9000-7f1678b56000 r-xp 00000000 103:05 3806121                   /lib/x86_64-linux-gnu/libm-2.27.so
7f1678b56000-7f1678d55000 ---p 0019d000 103:05 3806121                   /lib/x86_64-linux-gnu/libm-2.27.so
7f1678d55000-7f1678d56000 r--p 0019c000 103:05 3806121                   /lib/x86_64-linux-gnu/libm-2.27.so
7f1678d56000-7f1678d57000 rw-p 0019d000 103:05 3806121                   /lib/x86_64-linux-gnu/libm-2.27.so
7f1678d57000-7f1679a3f000 r-xp 00000000 103:05 1581920                   /usr/lib/jvm/java-8-oracle/jre/lib/amd64/server/libjvm.so
7f1679a3f000-7f1679c3e000 ---p 00ce8000 103:05 1581920                   /usr/lib/jvm/java-8-oracle/jre/lib/amd64/server/libjvm.so
7f1679c3e000-7f1679cd4000 r--p 00ce7000 103:05 1581920                   /usr/lib/jvm/java-8-oracle/jre/lib/amd64/server/libjvm.so
7f1679cd4000-7f1679d05000 rw-p 00d7d000 103:05 1581920                   /usr/lib/jvm/java-8-oracle/jre/lib/amd64/server/libjvm.so
7f1679d05000-7f1679d40000 rw-p 00000000 00:00 0 
7f1679d40000-7f1679f27000 r-xp 00000000 103:05 3806058                   /lib/x86_64-linux-gnu/libc-2.27.so
7f1679f27000-7f167a127000 ---p 001e7000 103:05 3806058                   /lib/x86_64-linux-gnu/libc-2.27.so
7f167a127000-7f167a12b000 r--p 001e7000 103:05 3806058                   /lib/x86_64-linux-gnu/libc-2.27.so
7f167a12b000-7f167a12d000 rw-p 001eb000 103:05 3806058                   /lib/x86_64-linux-gnu/libc-2.27.so
7f167a12d000-7f167a131000 rw-p 00000000 00:00 0 
7f167a131000-7f167a134000 r-xp 00000000 103:05 3806081                   /lib/x86_64-linux-gnu/libdl-2.27.so
7f167a134000-7f167a333000 ---p 00003000 103:05 3806081                   /lib/x86_64-linux-gnu/libdl-2.27.so
7f167a333000-7f167a334000 r--p 00002000 103:05 3806081                   /lib/x86_64-linux-gnu/libdl-2.27.so
7f167a334000-7f167a335000 rw-p 00003000 103:05 3806081                   /lib/x86_64-linux-gnu/libdl-2.27.so
7f167a335000-7f167a34c000 r-xp 00000000 103:05 409197                    /usr/lib/jvm/java-8-oracle/lib/amd64/jli/libjli.so
7f167a34c000-7f167a54b000 ---p 00017000 103:05 409197                    /usr/lib/jvm/java-8-oracle/lib/amd64/jli/libjli.so
7f167a54b000-7f167a54c000 r--p 00016000 103:05 409197                    /usr/lib/jvm/java-8-oracle/lib/amd64/jli/libjli.so
7f167a54c000-7f167a54d000 rw-p 00017000 103:05 409197                    /usr/lib/jvm/java-8-oracle/lib/amd64/jli/libjli.so
7f167a54d000-7f167a567000 r-xp 00000000 103:05 3806191                   /lib/x86_64-linux-gnu/libpthread-2.27.so
7f167a567000-7f167a766000 ---p 0001a000 103:05 3806191                   /lib/x86_64-linux-gnu/libpthread-2.27.so
7f167a766000-7f167a767000 r--p 00019000 103:05 3806191                   /lib/x86_64-linux-gnu/libpthread-2.27.so
7f167a767000-7f167a768000 rw-p 0001a000 103:05 3806191                   /lib/x86_64-linux-gnu/libpthread-2.27.so
7f167a768000-7f167a76c000 rw-p 00000000 00:00 0 
7f167a76c000-7f167a772000 r-xp 00000000 103:05 413404                    /usr/lib/x86_64-linux-gnu/libgtk3-nocsd.so.0
7f167a772000-7f167a971000 ---p 00006000 103:05 413404                    /usr/lib/x86_64-linux-gnu/libgtk3-nocsd.so.0
7f167a971000-7f167a972000 r--p 00005000 103:05 413404                    /usr/lib/x86_64-linux-gnu/libgtk3-nocsd.so.0
7f167a972000-7f167a973000 rw-p 00006000 103:05 413404                    /usr/lib/x86_64-linux-gnu/libgtk3-nocsd.so.0
7f167a973000-7f167a99a000 r-xp 00000000 103:05 3806030                   /lib/x86_64-linux-gnu/ld-2.27.so
7f167a99a000-7f167a99b000 r--s 00000000 103:05 2754281                   /var/cache/fontconfig/0c9eb80ebd1c36541ebe2852d3bb0c49-le64.cache-7
7f167a99b000-7f167a99c000 r--s 00000000 103:05 2754288                   /var/cache/fontconfig/22368d551a680bfe5a62c02760edf4ea-le64.cache-7
7f167a99c000-7f167a99d000 r--s 00000000 103:05 2754300                   /var/cache/fontconfig/4d9c95eba1cb85bbcf2878543262124a-le64.cache-7
7f167a99d000-7f167a99e000 r--s 00000000 103:05 2754317                   /var/cache/fontconfig/85e0a52ce643a7ba2ae53e5d6949cead-le64.cache-7
7f167a99e000-7f167a99f000 r--s 00000000 103:05 2754297                   /var/cache/fontconfig/49f0de54bdd920fe4f0dfd4cbac43e6b-le64.cache-7
7f167a99f000-7f167a9a0000 r--s 00000000 103:05 2754344                   /var/cache/fontconfig/f6e6e0a5c3d2f6ae0c0c2e0ecd42a997-le64.cache-7
7f167a9a0000-7f167a9a1000 r--s 00000000 103:05 2754298                   /var/cache/fontconfig/4b2eda6bb976bda485cb2176619421d5-le64.cache-7
7f167a9a1000-7f167a9ab000 r--s 00226000 103:05 1984601                   /home/fernandr/.m2/repository/net/imagej/ij/1.52k/ij-1.52k.jar
7f167a9ab000-7f167aa6f000 rw-p 00000000 00:00 0 
7f167aa6f000-7f167aa70000 ---p 00000000 00:00 0 
7f167aa70000-7f167aa73000 ---p 00000000 00:00 0 
7f167aa73000-7f167ab74000 rw-p 00000000 00:00 0 
7f167ab74000-7f167ab76000 r--s 00000000 103:05 2754312                   /var/cache/fontconfig/6afa1bb216ce958c1589e297e8008489-le64.cache-7
7f167ab76000-7f167ab7d000 r--s 00000000 103:05 657616                    /usr/lib/x86_64-linux-gnu/gconv/gconv-modules.cache
7f167ab7d000-7f167ab84000 r--s 00095000 103:05 2028044                   /home/fernandr/Programmes/LIB_EXT/JAR/VIB-lib-2.1.2.jar
7f167ab84000-7f167ab8f000 r--s 00093000 103:05 1983880                   /home/fernandr/Programmes/LIB_EXT/JAR/simpleitk-1.2.0.jar
7f167ab8f000-7f167ab90000 r--s 00005000 103:05 3411772                   /home/fernandr/eclipse-workspace/MyIJPlugs/vitimage/target/lib/ext/lma.jar
7f167ab90000-7f167ab98000 rw-s 00000000 103:05 2883882                   /tmp/hsperfdata_fernandr/5779
7f167ab98000-7f167ab99000 rw-p 00000000 00:00 0 
7f167ab99000-7f167ab9a000 r--p 00000000 00:00 0 
7f167ab9a000-7f167ab9b000 r--p 00027000 103:05 3806030                   /lib/x86_64-linux-gnu/ld-2.27.so
7f167ab9b000-7f167ab9c000 rw-p 00028000 103:05 3806030                   /lib/x86_64-linux-gnu/ld-2.27.so
7f167ab9c000-7f167ab9d000 rw-p 00000000 00:00 0 
7ffeb0d33000-7ffeb0d54000 rw-p 00000000 00:00 0                          [stack]
7ffeb0d77000-7ffeb0d7a000 r--p 00000000 00:00 0                          [vvar]
7ffeb0d7a000-7ffeb0d7c000 r-xp 00000000 00:00 0                          [vdso]
ffffffffff600000-ffffffffff601000 r-xp 00000000 00:00 0                  [vsyscall]

VM Arguments:
jvm_args: -Djava.library.path=/home/fernandr/Programmes/Fiji.app/lib/linux64 -Dfile.encoding=UTF-8 
java_command: com.vitimage.BlockMatchingRegistration
java_class_path (initial): /home/fernandr/eclipse-workspace/MyIJPlugs/vitimage/target/lib/ext/lma.jar:/home/fernandr/eclipse-workspace/MyIJPlugs/vitimage/target/classes:/home/fernandr/Programmes/LIB_EXT/JAR/simpleitk-1.2.0.jar:/home/fernandr/Programmes/LIB_EXT/JAR/VIB-lib-2.1.2.jar:/home/fernandr/.m2/repository/net/imagej/ij/1.52k/ij-1.52k.jar:/usr/lib/jvm/java-8-oracle/lib/tools.jar:/home/fernandr/.m2/repository/sc/fiji/imagescience/3.0.0/imagescience-3.0.0.jar:/home/fernandr/.m2/repository/sc/fiji/Image_5D/1.2.6/Image_5D-1.2.6.jar:/home/fernandr/.m2/repository/sc/fiji/VIB-lib/2.1.2/VIB-lib-2.1.2.jar:/home/fernandr/.m2/repository/sc/fiji/pal-optimization/2.0.0/pal-optimization-2.0.0.jar:/home/fernandr/.m2/repository/gov/nist/math/jama/1.0.3/jama-1.0.3.jar
Launcher Type: SUN_STANDARD

Environment Variables:
JAVA_HOME=/usr/lib/jvm/java-8-oracle
PATH=/usr/local/sbin:/usr/local/bin:/usr/sbin:/usr/bin:/sbin:/bin:/usr/games:/usr/local/games:/home/fernandr/Programmes/ImageJ:/home/fernandr/Programmes/Fiji.app:/snap/bin:/usr/lib/jvm/java-8-oracle/bin:/usr/lib/jvm/java-8-oracle/db/bin:/usr/lib/jvm/java-8-oracle/jre/bin
USERNAME=fernandr
LD_PRELOAD=libgtk3-nocsd.so.0
SHELL=/bin/bash
DISPLAY=:0

Signal Handlers:
SIGSEGV: [libjvm.so+0xad3e60], sa_mask[0]=11111111011111111101111111111110, sa_flags=SA_RESTART|SA_SIGINFO
SIGBUS: [libjvm.so+0xad3e60], sa_mask[0]=11111111011111111101111111111110, sa_flags=SA_RESTART|SA_SIGINFO
SIGFPE: [libjvm.so+0x90b880], sa_mask[0]=11111111011111111101111111111110, sa_flags=SA_RESTART|SA_SIGINFO
SIGPIPE: [libjvm.so+0x90b880], sa_mask[0]=11111111011111111101111111111110, sa_flags=SA_RESTART|SA_SIGINFO
SIGXFSZ: [libjvm.so+0x90b880], sa_mask[0]=11111111011111111101111111111110, sa_flags=SA_RESTART|SA_SIGINFO
SIGILL: [libjvm.so+0x90b880], sa_mask[0]=11111111011111111101111111111110, sa_flags=SA_RESTART|SA_SIGINFO
SIGUSR1: SIG_DFL, sa_mask[0]=00000000000000000000000000000000, sa_flags=none
SIGUSR2: [libjvm.so+0x90b750], sa_mask[0]=00100000000000000000000000000000, sa_flags=SA_RESTART|SA_SIGINFO
SIGHUP: [libjvm.so+0x90bd70], sa_mask[0]=11111111011111111101111111111110, sa_flags=SA_RESTART|SA_SIGINFO
SIGINT: [libjvm.so+0x90bd70], sa_mask[0]=11111111011111111101111111111110, sa_flags=SA_RESTART|SA_SIGINFO
SIGTERM: [libjvm.so+0x90bd70], sa_mask[0]=11111111011111111101111111111110, sa_flags=SA_RESTART|SA_SIGINFO
SIGQUIT: [libjvm.so+0x90bd70], sa_mask[0]=11111111011111111101111111111110, sa_flags=SA_RESTART|SA_SIGINFO


---------------  S Y S T E M  ---------------

OS:DISTRIB_ID=Ubuntu
DISTRIB_RELEASE=18.04
DISTRIB_CODENAME=bionic
DISTRIB_DESCRIPTION="Ubuntu 18.04.2 LTS"

uname:Linux 4.15.0-47-generic #50-Ubuntu SMP Wed Mar 13 10:44:52 UTC 2019 x86_64
libc:glibc 2.27 NPTL 2.27 
rlimit: STACK 8192k, CORE 0k, NPROC 127341, NOFILE 4096, AS infinity
load average:2,69 1,72 1,84

/proc/meminfo:
MemTotal:       32693780 kB
MemFree:        15236832 kB
MemAvailable:   18557060 kB
Buffers:          813436 kB
Cached:          2929620 kB
SwapCached:            0 kB
Active:         14293936 kB
Inactive:        2409976 kB
Active(anon):   12967896 kB
Inactive(anon):   245084 kB
Active(file):    1326040 kB
Inactive(file):  2164892 kB
Unevictable:       13896 kB
Mlocked:           13896 kB
SwapTotal:      19530748 kB
SwapFree:       19530748 kB
Dirty:               740 kB
Writeback:             0 kB
AnonPages:      12974828 kB
Mapped:           829824 kB
Shmem:            247596 kB
Slab:             398464 kB
SReclaimable:     300980 kB
SUnreclaim:        97484 kB
KernelStack:       21424 kB
PageTables:        88276 kB
NFS_Unstable:          0 kB
Bounce:                0 kB
WritebackTmp:          0 kB
CommitLimit:    35877636 kB
Committed_AS:   19072536 kB
VmallocTotal:   34359738367 kB
VmallocUsed:           0 kB
VmallocChunk:          0 kB
HardwareCorrupted:     0 kB
AnonHugePages:         0 kB
ShmemHugePages:        0 kB
ShmemPmdMapped:        0 kB
CmaTotal:              0 kB
CmaFree:               0 kB
HugePages_Total:       0
HugePages_Free:        0
HugePages_Rsvd:        0
HugePages_Surp:        0
Hugepagesize:       2048 kB
DirectMap4k:      371196 kB
DirectMap2M:    11966464 kB
DirectMap1G:    22020096 kB

container (cgroup) information:
container_type: cgroupv1
cpu_cpuset_cpus: 0-11
cpu_memory_nodes: 0
active_processor_count: 12
cpu_quota: -1
cpu_period: 100000
cpu_shares: -1
memory_limit_in_bytes: -1
memory_and_swap_limit_in_bytes: -2
memory_soft_limit_in_bytes: -1
memory_usage_in_bytes: 17119080448
memory_max_usage_in_bytes: 0


CPU:total 12 (initial active 12) (6 cores per cpu, 2 threads per core) family 6 model 158 stepping 10, cmov, cx8, fxsr, mmx, sse, sse2, sse3, ssse3, sse4.1, sse4.2, popcnt, avx, avx2, aes, clmul, erms, rtm, 3dnowpref, lzcnt, ht, tsc, tscinvbit, bmi1, bmi2, adx

/proc/cpuinfo:
processor	: 0
vendor_id	: GenuineIntel
cpu family	: 6
model		: 158
model name	: Intel(R) Xeon(R) E-2186M  CPU @ 2.90GHz
stepping	: 10
microcode	: 0x96
cpu MHz		: 4388.483
cache size	: 12288 KB
physical id	: 0
siblings	: 12
core id		: 0
cpu cores	: 6
apicid		: 0
initial apicid	: 0
fpu		: yes
fpu_exception	: yes
cpuid level	: 22
wp		: yes
flags		: fpu vme de pse tsc msr pae mce cx8 apic sep mtrr pge mca cmov pat pse36 clflush dts acpi mmx fxsr sse sse2 ss ht tm pbe syscall nx pdpe1gb rdtscp lm constant_tsc art arch_perfmon pebs bts rep_good nopl xtopology nonstop_tsc cpuid aperfmperf tsc_known_freq pni pclmulqdq dtes64 monitor ds_cpl vmx smx est tm2 ssse3 sdbg fma cx16 xtpr pdcm pcid sse4_1 sse4_2 x2apic movbe popcnt tsc_deadline_timer aes xsave avx f16c rdrand lahf_lm abm 3dnowprefetch cpuid_fault epb invpcid_single pti ssbd ibrs ibpb stibp tpr_shadow vnmi flexpriority ept vpid fsgsbase tsc_adjust bmi1 hle avx2 smep bmi2 erms invpcid rtm mpx rdseed adx smap clflushopt intel_pt xsaveopt xsavec xgetbv1 xsaves dtherm ida arat pln pts hwp hwp_notify hwp_act_window hwp_epp flush_l1d
bugs		: cpu_meltdown spectre_v1 spectre_v2 spec_store_bypass l1tf
bogomips	: 5808.00
clflush size	: 64
cache_alignment	: 64
address sizes	: 39 bits physical, 48 bits virtual
power management:

processor	: 1
vendor_id	: GenuineIntel
cpu family	: 6
model		: 158
model name	: Intel(R) Xeon(R) E-2186M  CPU @ 2.90GHz
stepping	: 10
microcode	: 0x96
cpu MHz		: 4464.440
cache size	: 12288 KB
physical id	: 0
siblings	: 12
core id		: 1
cpu cores	: 6
apicid		: 2
initial apicid	: 2
fpu		: yes
fpu_exception	: yes
cpuid level	: 22
wp		: yes
flags		: fpu vme de pse tsc msr pae mce cx8 apic sep mtrr pge mca cmov pat pse36 clflush dts acpi mmx fxsr sse sse2 ss ht tm pbe syscall nx pdpe1gb rdtscp lm constant_tsc art arch_perfmon pebs bts rep_good nopl xtopology nonstop_tsc cpuid aperfmperf tsc_known_freq pni pclmulqdq dtes64 monitor ds_cpl vmx smx est tm2 ssse3 sdbg fma cx16 xtpr pdcm pcid sse4_1 sse4_2 x2apic movbe popcnt tsc_deadline_timer aes xsave avx f16c rdrand lahf_lm abm 3dnowprefetch cpuid_fault epb invpcid_single pti ssbd ibrs ibpb stibp tpr_shadow vnmi flexpriority ept vpid fsgsbase tsc_adjust bmi1 hle avx2 smep bmi2 erms invpcid rtm mpx rdseed adx smap clflushopt intel_pt xsaveopt xsavec xgetbv1 xsaves dtherm ida arat pln pts hwp hwp_notify hwp_act_window hwp_epp flush_l1d
bugs		: cpu_meltdown spectre_v1 spectre_v2 spec_store_bypass l1tf
bogomips	: 5808.00
clflush size	: 64
cache_alignment	: 64
address sizes	: 39 bits physical, 48 bits virtual
power management:

processor	: 2
vendor_id	: GenuineIntel
cpu family	: 6
model		: 158
model name	: Intel(R) Xeon(R) E-2186M  CPU @ 2.90GHz
stepping	: 10
microcode	: 0x96
cpu MHz		: 4399.474
cache size	: 12288 KB
physical id	: 0
siblings	: 12
core id		: 2
cpu cores	: 6
apicid		: 4
initial apicid	: 4
fpu		: yes
fpu_exception	: yes
cpuid level	: 22
wp		: yes
flags		: fpu vme de pse tsc msr pae mce cx8 apic sep mtrr pge mca cmov pat pse36 clflush dts acpi mmx fxsr sse sse2 ss ht tm pbe syscall nx pdpe1gb rdtscp lm constant_tsc art arch_perfmon pebs bts rep_good nopl xtopology nonstop_tsc cpuid aperfmperf tsc_known_freq pni pclmulqdq dtes64 monitor ds_cpl vmx smx est tm2 ssse3 sdbg fma cx16 xtpr pdcm pcid sse4_1 sse4_2 x2apic movbe popcnt tsc_deadline_timer aes xsave avx f16c rdrand lahf_lm abm 3dnowprefetch cpuid_fault epb invpcid_single pti ssbd ibrs ibpb stibp tpr_shadow vnmi flexpriority ept vpid fsgsbase tsc_adjust bmi1 hle avx2 smep bmi2 erms invpcid rtm mpx rdseed adx smap clflushopt intel_pt xsaveopt xsavec xgetbv1 xsaves dtherm ida arat pln pts hwp hwp_notify hwp_act_window hwp_epp flush_l1d
bugs		: cpu_meltdown spectre_v1 spectre_v2 spec_store_bypass l1tf
bogomips	: 5808.00
clflush size	: 64
cache_alignment	: 64
address sizes	: 39 bits physical, 48 bits virtual
power management:

processor	: 3
vendor_id	: GenuineIntel
cpu family	: 6
model		: 158
model name	: Intel(R) Xeon(R) E-2186M  CPU @ 2.90GHz
stepping	: 10
microcode	: 0x96
cpu MHz		: 4504.281
cache size	: 12288 KB
physical id	: 0
siblings	: 12
core id		: 3
cpu cores	: 6
apicid		: 6
initial apicid	: 6
fpu		: yes
fpu_exception	: yes
cpuid level	: 22
wp		: yes
flags		: fpu vme de pse tsc msr pae mce cx8 apic sep mtrr pge mca cmov pat pse36 clflush dts acpi mmx fxsr sse sse2 ss ht tm pbe syscall nx pdpe1gb rdtscp lm constant_tsc art arch_perfmon pebs bts rep_good nopl xtopology nonstop_tsc cpuid aperfmperf tsc_known_freq pni pclmulqdq dtes64 monitor ds_cpl vmx smx est tm2 ssse3 sdbg fma cx16 xtpr pdcm pcid sse4_1 sse4_2 x2apic movbe popcnt tsc_deadline_timer aes xsave avx f16c rdrand lahf_lm abm 3dnowprefetch cpuid_fault epb invpcid_single pti ssbd ibrs ibpb stibp tpr_shadow vnmi flexpriority ept vpid fsgsbase tsc_adjust bmi1 hle avx2 smep bmi2 erms invpcid rtm mpx rdseed adx smap clflushopt intel_pt xsaveopt xsavec xgetbv1 xsaves dtherm ida arat pln pts hwp hwp_notify hwp_act_window hwp_epp flush_l1d
bugs		: cpu_meltdown spectre_v1 spectre_v2 spec_store_bypass l1tf
bogomips	: 5808.00
clflush size	: 64
cache_alignment	: 64
address sizes	: 39 bits physical, 48 bits virtual
power management:

processor	: 4
vendor_id	: GenuineIntel
cpu family	: 6
model		: 158
model name	: Intel(R) Xeon(R) E-2186M  CPU @ 2.90GHz
stepping	: 10
microcode	: 0x96
cpu MHz		: 4586.936
cache size	: 12288 KB
physical id	: 0
siblings	: 12
core id		: 4
cpu cores	: 6
apicid		: 8
initial apicid	: 8
fpu		: yes
fpu_exception	: yes
cpuid level	: 22
wp		: yes
flags		: fpu vme de pse tsc msr pae mce cx8 apic sep mtrr pge mca cmov pat pse36 clflush dts acpi mmx fxsr sse sse2 ss ht tm pbe syscall nx pdpe1gb rdtscp lm constant_tsc art arch_perfmon pebs bts rep_good nopl xtopology nonstop_tsc cpuid aperfmperf tsc_known_freq pni pclmulqdq dtes64 monitor ds_cpl vmx smx est tm2 ssse3 sdbg fma cx16 xtpr pdcm pcid sse4_1 sse4_2 x2apic movbe popcnt tsc_deadline_timer aes xsave avx f16c rdrand lahf_lm abm 3dnowprefetch cpuid_fault epb invpcid_single pti ssbd ibrs ibpb stibp tpr_shadow vnmi flexpriority ept vpid fsgsbase tsc_adjust bmi1 hle avx2 smep bmi2 erms invpcid rtm mpx rdseed adx smap clflushopt intel_pt xsaveopt xsavec xgetbv1 xsaves dtherm ida arat pln pts hwp hwp_notify hwp_act_window hwp_epp flush_l1d
bugs		: cpu_meltdown spectre_v1 spectre_v2 spec_store_bypass l1tf
bogomips	: 5808.00
clflush size	: 64
cache_alignment	: 64
address sizes	: 39 bits physical, 48 bits virtual
power management:

processor	: 5
vendor_id	: GenuineIntel
cpu family	: 6
model		: 158
model name	: Intel(R) Xeon(R) E-2186M  CPU @ 2.90GHz
stepping	: 10
microcode	: 0x96
cpu MHz		: 4576.331
cache size	: 12288 KB
physical id	: 0
siblings	: 12
core id		: 5
cpu cores	: 6
apicid		: 10
initial apicid	: 10
fpu		: yes
fpu_exception	: yes
cpuid level	: 22
wp		: yes
flags		: fpu vme de pse tsc msr pae mce cx8 apic sep mtrr pge mca cmov pat pse36 clflush dts acpi mmx fxsr sse sse2 ss ht tm pbe syscall nx pdpe1gb rdtscp lm constant_tsc art arch_perfmon pebs bts rep_good nopl xtopology nonstop_tsc cpuid aperfmperf tsc_known_freq pni pclmulqdq dtes64 monitor ds_cpl vmx smx est tm2 ssse3 sdbg fma cx16 xtpr pdcm pcid sse4_1 sse4_2 x2apic movbe popcnt tsc_deadline_timer aes xsave avx f16c rdrand lahf_lm abm 3dnowprefetch cpuid_fault epb invpcid_single pti ssbd ibrs ibpb stibp tpr_shadow vnmi flexpriority ept vpid fsgsbase tsc_adjust bmi1 hle avx2 smep bmi2 erms invpcid rtm mpx rdseed adx smap clflushopt intel_pt xsaveopt xsavec xgetbv1 xsaves dtherm ida arat pln pts hwp hwp_notify hwp_act_window hwp_epp flush_l1d
bugs		: cpu_meltdown spectre_v1 spectre_v2 spec_store_bypass l1tf
bogomips	: 5808.00
clflush size	: 64
cache_alignment	: 64
address sizes	: 39 bits physical, 48 bits virtual
power management:

processor	: 6
vendor_id	: GenuineIntel
cpu family	: 6
model		: 158
model name	: Intel(R) Xeon(R) E-2186M  CPU @ 2.90GHz
stepping	: 10
microcode	: 0x96
cpu MHz		: 4515.920
cache size	: 12288 KB
physical id	: 0
siblings	: 12
core id		: 0
cpu cores	: 6
apicid		: 1
initial apicid	: 1
fpu		: yes
fpu_exception	: yes
cpuid level	: 22
wp		: yes
flags		: fpu vme de pse tsc msr pae mce cx8 apic sep mtrr pge mca cmov pat pse36 clflush dts acpi mmx fxsr sse sse2 ss ht tm pbe syscall nx pdpe1gb rdtscp lm constant_tsc art arch_perfmon pebs bts rep_good nopl xtopology nonstop_tsc cpuid aperfmperf tsc_known_freq pni pclmulqdq dtes64 monitor ds_cpl vmx smx est tm2 ssse3 sdbg fma cx16 xtpr pdcm pcid sse4_1 sse4_2 x2apic movbe popcnt tsc_deadline_timer aes xsave avx f16c rdrand lahf_lm abm 3dnowprefetch cpuid_fault epb invpcid_single pti ssbd ibrs ibpb stibp tpr_shadow vnmi flexpriority ept vpid fsgsbase tsc_adjust bmi1 hle avx2 smep bmi2 erms invpcid rtm mpx rdseed adx smap clflushopt intel_pt xsaveopt xsavec xgetbv1 xsaves dtherm ida arat pln pts hwp hwp_notify hwp_act_window hwp_epp flush_l1d
bugs		: cpu_meltdown spectre_v1 spectre_v2 spec_store_bypass l1tf
bogomips	: 5808.00
clflush size	: 64
cache_alignment	: 64
address sizes	: 39 bits physical, 48 bits virtual
power management:

processor	: 7
vendor_id	: GenuineIntel
cpu family	: 6
model		: 158
model name	: Intel(R) Xeon(R) E-2186M  CPU @ 2.90GHz
stepping	: 10
microcode	: 0x96
cpu MHz		: 4521.604
cache size	: 12288 KB
physical id	: 0
siblings	: 12
core id		: 1
cpu cores	: 6
apicid		: 3
initial apicid	: 3
fpu		: yes
fpu_exception	: yes
cpuid level	: 22
wp		: yes
flags		: fpu vme de pse tsc msr pae mce cx8 apic sep mtrr pge mca cmov pat pse36 clflush dts acpi mmx fxsr sse sse2 ss ht tm pbe syscall nx pdpe1gb rdtscp lm constant_tsc art arch_perfmon pebs bts rep_good nopl xtopology nonstop_tsc cpuid aperfmperf tsc_known_freq pni pclmulqdq dtes64 monitor ds_cpl vmx smx est tm2 ssse3 sdbg fma cx16 xtpr pdcm pcid sse4_1 sse4_2 x2apic movbe popcnt tsc_deadline_timer aes xsave avx f16c rdrand lahf_lm abm 3dnowprefetch cpuid_fault epb invpcid_single pti ssbd ibrs ibpb stibp tpr_shadow vnmi flexpriority ept vpid fsgsbase tsc_adjust bmi1 hle avx2 smep bmi2 erms invpcid rtm mpx rdseed adx smap clflushopt intel_pt xsaveopt xsavec xgetbv1 xsaves dtherm ida arat pln pts hwp hwp_notify hwp_act_window hwp_epp flush_l1d
bugs		: cpu_meltdown spectre_v1 spectre_v2 spec_store_bypass l1tf
bogomips	: 5808.00
clflush size	: 64
cache_alignment	: 64
address sizes	: 39 bits physical, 48 bits virtual
power management:

processor	: 8
vendor_id	: GenuineIntel
cpu family	: 6
model		: 158
model name	: Intel(R) Xeon(R) E-2186M  CPU @ 2.90GHz
stepping	: 10
microcode	: 0x96
cpu MHz		: 4572.743
cache size	: 12288 KB
physical id	: 0
siblings	: 12
core id		: 2
cpu cores	: 6
apicid		: 5
initial apicid	: 5
fpu		: yes
fpu_exception	: yes
cpuid level	: 22
wp		: yes
flags		: fpu vme de pse tsc msr pae mce cx8 apic sep mtrr pge mca cmov pat pse36 clflush dts acpi mmx fxsr sse sse2 ss ht tm pbe syscall nx pdpe1gb rdtscp lm constant_tsc art arch_perfmon pebs bts rep_good nopl xtopology nonstop_tsc cpuid aperfmperf tsc_known_freq pni pclmulqdq dtes64 monitor ds_cpl vmx smx est tm2 ssse3 sdbg fma cx16 xtpr pdcm pcid sse4_1 sse4_2 x2apic movbe popcnt tsc_deadline_timer aes xsave avx f16c rdrand lahf_lm abm 3dnowprefetch cpuid_fault epb invpcid_single pti ssbd ibrs ibpb stibp tpr_shadow vnmi flexpriority ept vpid fsgsbase tsc_adjust bmi1 hle avx2 smep bmi2 erms invpcid rtm mpx rdseed adx smap clflushopt intel_pt xsaveopt xsavec xgetbv1 xsaves dtherm ida arat pln pts hwp hwp_notify hwp_act_window hwp_epp flush_l1d
bugs		: cpu_meltdown spectre_v1 spectre_v2 spec_store_bypass l1tf
bogomips	: 5808.00
clflush size	: 64
cache_alignment	: 64
address sizes	: 39 bits physical, 48 bits virtual
power management:

processor	: 9
vendor_id	: GenuineIntel
cpu family	: 6
model		: 158
model name	: Intel(R) Xeon(R) E-2186M  CPU @ 2.90GHz
stepping	: 10
microcode	: 0x96
cpu MHz		: 4546.078
cache size	: 12288 KB
physical id	: 0
siblings	: 12
core id		: 3
cpu cores	: 6
apicid		: 7
initial apicid	: 7
fpu		: yes
fpu_exception	: yes
cpuid level	: 22
wp		: yes
flags		: fpu vme de pse tsc msr pae mce cx8 apic sep mtrr pge mca cmov pat pse36 clflush dts acpi mmx fxsr sse sse2 ss ht tm pbe syscall nx pdpe1gb rdtscp lm constant_tsc art arch_perfmon pebs bts rep_good nopl xtopology nonstop_tsc cpuid aperfmperf tsc_known_freq pni pclmulqdq dtes64 monitor ds_cpl vmx smx est tm2 ssse3 sdbg fma cx16 xtpr pdcm pcid sse4_1 sse4_2 x2apic movbe popcnt tsc_deadline_timer aes xsave avx f16c rdrand lahf_lm abm 3dnowprefetch cpuid_fault epb invpcid_single pti ssbd ibrs ibpb stibp tpr_shadow vnmi flexpriority ept vpid fsgsbase tsc_adjust bmi1 hle avx2 smep bmi2 erms invpcid rtm mpx rdseed adx smap clflushopt intel_pt xsaveopt xsavec xgetbv1 xsaves dtherm ida arat pln pts hwp hwp_notify hwp_act_window hwp_epp flush_l1d
bugs		: cpu_meltdown spectre_v1 spectre_v2 spec_store_bypass l1tf
bogomips	: 5808.00
clflush size	: 64
cache_alignment	: 64
address sizes	: 39 bits physical, 48 bits virtual
power management:

processor	: 10
vendor_id	: GenuineIntel
cpu family	: 6
model		: 158
model name	: Intel(R) Xeon(R) E-2186M  CPU @ 2.90GHz
stepping	: 10
microcode	: 0x96
cpu MHz		: 4591.924
cache size	: 12288 KB
physical id	: 0
siblings	: 12
core id		: 4
cpu cores	: 6
apicid		: 9
initial apicid	: 9
fpu		: yes
fpu_exception	: yes
cpuid level	: 22
wp		: yes
flags		: fpu vme de pse tsc msr pae mce cx8 apic sep mtrr pge mca cmov pat pse36 clflush dts acpi mmx fxsr sse sse2 ss ht tm pbe syscall nx pdpe1gb rdtscp lm constant_tsc art arch_perfmon pebs bts rep_good nopl xtopology nonstop_tsc cpuid aperfmperf tsc_known_freq pni pclmulqdq dtes64 monitor ds_cpl vmx smx est tm2 ssse3 sdbg fma cx16 xtpr pdcm pcid sse4_1 sse4_2 x2apic movbe popcnt tsc_deadline_timer aes xsave avx f16c rdrand lahf_lm abm 3dnowprefetch cpuid_fault epb invpcid_single pti ssbd ibrs ibpb stibp tpr_shadow vnmi flexpriority ept vpid fsgsbase tsc_adjust bmi1 hle avx2 smep bmi2 erms invpcid rtm mpx rdseed adx smap clflushopt intel_pt xsaveopt xsavec xgetbv1 xsaves dtherm ida arat pln pts hwp hwp_notify hwp_act_window hwp_epp flush_l1d
bugs		: cpu_meltdown spectre_v1 spectre_v2 spec_store_bypass l1tf
bogomips	: 5808.00
clflush size	: 64
cache_alignment	: 64
address sizes	: 39 bits physical, 48 bits virtual
power management:

processor	: 11
vendor_id	: GenuineIntel
cpu family	: 6
model		: 158
model name	: Intel(R) Xeon(R) E-2186M  CPU @ 2.90GHz
stepping	: 10
microcode	: 0x96
cpu MHz		: 4569.841
cache size	: 12288 KB
physical id	: 0
siblings	: 12
core id		: 5
cpu cores	: 6
apicid		: 11
initial apicid	: 11
fpu		: yes
fpu_exception	: yes
cpuid level	: 22
wp		: yes
flags		: fpu vme de pse tsc msr pae mce cx8 apic sep mtrr pge mca cmov pat pse36 clflush dts acpi mmx fxsr sse sse2 ss ht tm pbe syscall nx pdpe1gb rdtscp lm constant_tsc art arch_perfmon pebs bts rep_good nopl xtopology nonstop_tsc cpuid aperfmperf tsc_known_freq pni pclmulqdq dtes64 monitor ds_cpl vmx smx est tm2 ssse3 sdbg fma cx16 xtpr pdcm pcid sse4_1 sse4_2 x2apic movbe popcnt tsc_deadline_timer aes xsave avx f16c rdrand lahf_lm abm 3dnowprefetch cpuid_fault epb invpcid_single pti ssbd ibrs ibpb stibp tpr_shadow vnmi flexpriority ept vpid fsgsbase tsc_adjust bmi1 hle avx2 smep bmi2 erms invpcid rtm mpx rdseed adx smap clflushopt intel_pt xsaveopt xsavec xgetbv1 xsaves dtherm ida arat pln pts hwp hwp_notify hwp_act_window hwp_epp flush_l1d
bugs		: cpu_meltdown spectre_v1 spectre_v2 spec_store_bypass l1tf
bogomips	: 5808.00
clflush size	: 64
cache_alignment	: 64
address sizes	: 39 bits physical, 48 bits virtual
power management:



Memory: 4k page, physical 32693780k(15238128k free), swap 19530748k(19530748k free)

vm_info: Java HotSpot(TM) 64-Bit Server VM (25.201-b09) for linux-amd64 JRE (1.8.0_201-b09), built on Dec 15 2018 11:35:59 by "java_re" with gcc 7.3.0

time: Thu May 16 10:22:16 2019
timezone: CEST
elapsed time: 78 seconds (0d 0h 1m 18s)

