#
# A fatal error has been detected by the Java Runtime Environment:
#
#  SIGSEGV (0xb) at pc=0x00007f4b3f4d398d, pid=27859, tid=0x00007f4b178f8700
#
# JRE version: Java(TM) SE Runtime Environment (8.0_201-b09) (build 1.8.0_201-b09)
# Java VM: Java HotSpot(TM) 64-Bit Server VM (25.201-b09 mixed mode linux-amd64 compressed oops)
# Problematic frame:
# C  [libc.so.6+0x9798d]  cfree+0x3d
#
# Failed to write core dump. Core dumps have been disabled. To enable core dumping, try "ulimit -c unlimited" before starting Java again
#
# If you would like to submit a bug report, please visit:
#   http://bugreport.java.com/bugreport/crash.jsp
# The crash happened outside the Java Virtual Machine in native code.
# See problematic frame for where to report the bug.
#

---------------  T H R E A D  ---------------

Current thread (0x00007f4b38092000):  JavaThread "Finalizer" daemon [_thread_in_native, id=27877, stack(0x00007f4b177f8000,0x00007f4b178f9000)]

siginfo: si_signo: 11 (SIGSEGV), si_code: 1 (SEGV_MAPERR), si_addr: 0x00007f4a44fff008

Registers:
RAX=0x0000000000000000, RBX=0x00007f4a20610d30, RCX=0x0000000000000020, RDX=0x00007f4b38000080
RSP=0x00007f4b178f49c0, RBP=0x00007f4b178f4aa0, RSI=0x00007f4b178f4aa0, RDI=0x00007f4a44fff010
R8 =0x00000000bd4d3a2a, R9 =0x00000005d3017b80, R10=0x00007f4b2901869b, R11=0x00007f4b3ee12db0
R12=0x00007f4a44fff010, R13=0x00007f4b0b6705a0, R14=0x00007f4b178f78c8, R15=0x00007f4b38092000
RIP=0x00007f4b3f4d398d, EFLAGS=0x0000000000010202, CSGSFS=0x002b000000000033, ERR=0x0000000000000004
  TRAPNO=0x000000000000000e

Top of Stack: (sp=0x00007f4b178f49c0)
0x00007f4b178f49c0:   0000000000000007 00007f4b00000001
0x00007f4b178f49d0:   0000000000000000 00000000b1029c0d
0x00007f4b178f49e0:   00007f4b38398280 02eb782e4fbd3300
0x00007f4b178f49f0:   0000000000000000 00007f4a20610d30
0x00007f4b178f4a00:   00007f4b178f4aa0 0000000000000000
0x00007f4b178f4a10:   00007f4b0b6705a0 00007f4b178f78c8
0x00007f4b178f4a20:   00007f4b38092000 00007f4a9787a708
0x00007f4b178f4a30:   00007f4a20610d30 00007f4a9787a74c
0x00007f4b178f4a40:   00007f4a917e166c 00007f4a20610d30
0x00007f4b178f4a50:   00007f4b178f4aa0 00007f4a9787a779
0x00007f4b178f4a60:   00007f4a20610d30 00007f4a9d0280ef
0x00007f4b178f4a70:   00007f4a14000020 00007f4a9d012d3c
0x00007f4b178f4a80:   00000000ffffffff 00007f4b178f4ee0
0x00007f4b178f4a90:   00007f4a9172dcc0 00007f4b38397f20
0x00007f4b178f4aa0:   00007f4a9f058690 00007f4a9d012d3c
0x00007f4b178f4ab0:   00007f4b0b718498 00007f4b178f77e0
0x00007f4b178f4ac0:   00007f4b38000020 0000000000000000
0x00007f4b178f4ad0:   00007f4b38000020 0000000000000000
0x00007f4b178f4ae0:   00007f4b3892ed70 00007f4b3892ed60
0x00007f4b178f4af0:   0000000000a00010 00007f4b3f4d403b
0x00007f4b178f4b00:   0000000000000ca0 00007f4b4007eec3
0x00007f4b178f4b10:   0000000000000005 00007f4a9d02846b
0x00007f4b178f4b20:   00007f4b382a4f60 02eb782e4fbd3300
0x00007f4b178f4b30:   00007f4b178f4f10 00007f4b38136dc0
0x00007f4b178f4b40:   0000000000000000 0000000000001000
0x00007f4b178f4b50:   00007f4a14000020 00007f4b3f4d3dfa
0x00007f4b178f4b60:   00007f4b38092000 02eb782e4fbd3300
0x00007f4b178f4b70:   00007f4b38136dc0 00007f4b38136dc0
0x00007f4b178f4b80:   00007f4b178f4be0 0000000000000000
0x00007f4b178f4b90:   00007f4b0b66a4d8 00007f4b178f77e8
0x00007f4b178f4ba0:   00007f4b38092000 00007f4a9d0280ef
0x00007f4b178f4bb0:   00007f4b38000020 0000000000000000 

Instructions: (pc=0x00007f4b3f4d398d)
0x00007f4b3f4d396d:   24 28 31 c0 48 8b 05 70 35 35 00 48 8b 00 48 85
0x00007f4b3f4d397d:   c0 0f 85 9c 02 00 00 48 85 ff 0f 84 13 01 00 00
0x00007f4b3f4d398d:   48 8b 77 f8 4c 8d 6f f0 40 f6 c6 02 0f 85 29 01
0x00007f4b3f4d399d:   00 00 48 8b 2d d2 33 35 00 64 48 83 7d 00 00 0f 

Register to memory mapping:

RAX=0x0000000000000000 is an unknown value
RBX=0x00007f4a20610d30 is an unknown value
RCX=0x0000000000000020 is an unknown value
RDX=0x00007f4b38000080 is an unknown value
RSP=0x00007f4b178f49c0 is pointing into the stack for thread: 0x00007f4b38092000
RBP=0x00007f4b178f4aa0 is pointing into the stack for thread: 0x00007f4b38092000
RSI=0x00007f4b178f4aa0 is pointing into the stack for thread: 0x00007f4b38092000
RDI=0x00007f4a44fff010 is an unknown value
R8 =0x00000000bd4d3a2a is an unknown value
R9 =0x00000005d3017b80 is an oop
java.lang.System$2 
 - klass: 'java/lang/System$2'
R10=0x00007f4b2901869b is at code_begin+859 in an Interpreter codelet
method entry point (kind = native)  [0x00007f4b29018340, 0x00007f4b29018cc0]  2432 bytes
R11=0x00007f4b3ee12db0: <offset 0x9bfdb0> in /usr/lib/jvm/java-8-oracle/jre/lib/amd64/server/libjvm.so at 0x00007f4b3e453000
R12=0x00007f4a44fff010 is an unknown value
R13={method} {0x00007f4b0b6705a0} 'delete_DisplacementFieldTransform' '(J)V' in 'org/itk/simple/SimpleITKJNI'
R14=0x00007f4b178f78c8 is pointing into the stack for thread: 0x00007f4b38092000
R15=0x00007f4b38092000 is a thread


Stack: [0x00007f4b177f8000,0x00007f4b178f9000],  sp=0x00007f4b178f49c0,  free space=1010k
Native frames: (J=compiled Java code, j=interpreted, Vv=VM code, C=native code)
C  [libc.so.6+0x9798d]  cfree+0x3d
C  [libSimpleITKJava.so+0xc365d3c]  itk::Object::UnRegister() const+0x1c

Java frames: (J=compiled Java code, j=interpreted, Vv=VM code)
j  org.itk.simple.SimpleITKJNI.delete_DisplacementFieldTransform(J)V+0
j  org.itk.simple.DisplacementFieldTransform.delete()V+25
j  org.itk.simple.DisplacementFieldTransform.finalize()V+1
J 1415 C2 java.lang.ref.Finalizer.access$100(Ljava/lang/ref/Finalizer;Lsun/misc/JavaLangAccess;)V (6 bytes) @ 0x00007f4b29852620 [0x00007f4b29852380+0x2a0]
J 1414% C2 java.lang.ref.Finalizer$FinalizerThread.run()V (55 bytes) @ 0x00007f4b2984d778 [0x00007f4b2984d680+0xf8]
v  ~StubRoutines::call_stub

---------------  P R O C E S S  ---------------

Java Threads: ( => current thread )
  0x00007f4b3833d800 JavaThread "AWT-EventQueue-0" [_thread_blocked, id=27888, stack(0x00007f4b0beff000,0x00007f4b0c000000)]
  0x00007f4b38339000 JavaThread "AWT-Shutdown" [_thread_blocked, id=27887, stack(0x00007f4b14072000,0x00007f4b14173000)]
  0x00007f4b382a3000 JavaThread "AWT-XAWT" daemon [_thread_in_native, id=27886, stack(0x00007f4b14373000,0x00007f4b14474000)]
  0x00007f4b38265000 JavaThread "Java2D Disposer" daemon [_thread_blocked, id=27885, stack(0x00007f4b14884000,0x00007f4b14985000)]
  0x00007f4b380d9000 JavaThread "Service Thread" daemon [_thread_blocked, id=27883, stack(0x00007f4b16823000,0x00007f4b16924000)]
  0x00007f4b380cd800 JavaThread "C1 CompilerThread3" daemon [_thread_blocked, id=27882, stack(0x00007f4b16925000,0x00007f4b16a25000)]
  0x00007f4b380cb800 JavaThread "C2 CompilerThread2" daemon [_thread_blocked, id=27881, stack(0x00007f4b16a26000,0x00007f4b16b26000)]
  0x00007f4b380c9800 JavaThread "C2 CompilerThread1" daemon [_thread_blocked, id=27880, stack(0x00007f4b16b27000,0x00007f4b16c27000)]
  0x00007f4b380c7000 JavaThread "C2 CompilerThread0" daemon [_thread_blocked, id=27879, stack(0x00007f4b16c28000,0x00007f4b16d28000)]
  0x00007f4b380c5800 JavaThread "Signal Dispatcher" daemon [_thread_blocked, id=27878, stack(0x00007f4b16d28000,0x00007f4b16e29000)]
=>0x00007f4b38092000 JavaThread "Finalizer" daemon [_thread_in_native, id=27877, stack(0x00007f4b177f8000,0x00007f4b178f9000)]
  0x00007f4b3808f800 JavaThread "Reference Handler" daemon [_thread_blocked, id=27876, stack(0x00007f4b178f9000,0x00007f4b179fa000)]
  0x00007f4b3800b800 JavaThread "Run$_main" [_thread_in_native, id=27864, stack(0x00007f4b4016c000,0x00007f4b4026c000)]

Other Threads:
  0x00007f4b38086000 VMThread [stack: 0x00007f4b179fb000,0x00007f4b17afb000] [id=27875]
  0x00007f4b380db800 WatcherThread [stack: 0x00007f4b16723000,0x00007f4b16823000] [id=27884]

VM state:not at safepoint (normal execution)

VM Mutex/Monitor currently owned by a thread: None

heap address: 0x00000005cd200000, size: 7982 MB, Compressed Oops mode: Zero based, Oop shift amount: 3
Narrow klass base: 0x0000000000000000, Narrow klass shift: 3
Compressed class space size: 1073741824 Address: 0x00000007c0000000

Heap:
 PSYoungGen      total 1273856K, used 314034K [0x0000000719b80000, 0x00000007ac600000, 0x00000007c0000000)
  eden space 953856K, 32% used [0x0000000719b80000,0x000000072ce2c9a8,0x0000000753f00000)
  from space 320000K, 0% used [0x0000000777a00000,0x0000000777a00000,0x000000078b280000)
  to   space 584704K, 0% used [0x0000000753f00000,0x0000000753f00000,0x0000000777a00000)
 ParOldGen       total 1662976K, used 982172K [0x00000005cd200000, 0x0000000632a00000, 0x0000000719b80000)
  object space 1662976K, 59% used [0x00000005cd200000,0x00000006091271a8,0x0000000632a00000)
 Metaspace       used 15149K, capacity 15355K, committed 15616K, reserved 1062912K
  class space    used 1435K, capacity 1514K, committed 1536K, reserved 1048576K

Card table byte_map: [0x00007f4b28068000,0x00007f4b29000000] byte_map_base: 0x00007f4b251ff000

Marking Bits: (ParMarkBitMap*) 0x00007f4b3f41ed80
 Begin Bits: [0x00007f4adc690000, 0x00007f4ae4348000)
 End Bits:   [0x00007f4ae4348000, 0x00007f4aec000000)

Polling page: 0x00007f4b40295000

CodeCache: size=245760Kb used=8542Kb max_used=8557Kb free=237217Kb
 bounds [0x00007f4b29000000, 0x00007f4b29870000, 0x00007f4b38000000]
 total_blobs=2316 nmethods=1416 adapters=813
 compilation: enabled

Compilation events (10 events):
Event: 22,739 Thread 0x00007f4b380cd800 1423       3       sun.nio.cs.UTF_8$Encoder::encodeArrayLoop (489 bytes)
Event: 22,740 Thread 0x00007f4b380cd800 nmethod 1423 0x00007f4b29857f90 code [0x00007f4b298584e0, 0x00007f4b2985bb08]
Event: 22,763 Thread 0x00007f4b380c7000 1424 %     4       com.vitimage.ItkTransform::flattenDenseField @ 301 (471 bytes)
Event: 22,775 Thread 0x00007f4b380c7000 nmethod 1424% 0x00007f4b2985ded0 code [0x00007f4b2985e200, 0x00007f4b2985f350]
Event: 22,776 Thread 0x00007f4b380c9800 1425       4       com.vitimage.ItkTransform::flattenDenseField (471 bytes)
Event: 22,793 Thread 0x00007f4b380c9800 nmethod 1425 0x00007f4b29860990 code [0x00007f4b29860d80, 0x00007f4b29862308]
Event: 24,645 Thread 0x00007f4b380cd800 1426       3       java.nio.Buffer::remaining (10 bytes)
Event: 24,645 Thread 0x00007f4b380cd800 nmethod 1426 0x00007f4b29181450 code [0x00007f4b291815a0, 0x00007f4b291816f0]
Event: 28,889 Thread 0x00007f4b380cd800 1427       3       java.nio.Buffer::limit (62 bytes)
Event: 28,889 Thread 0x00007f4b380cd800 nmethod 1427 0x00007f4b29181d50 code [0x00007f4b29181ec0, 0x00007f4b291821c8]

GC Heap History (10 events):
Event: 9,567 GC heap before
{Heap before GC invocations=14 (full 2):
 PSYoungGen      total 1018880K, used 134116K [0x0000000719b80000, 0x000000076ca80000, 0x00000007c0000000)
  eden space 884736K, 0% used [0x0000000719b80000,0x0000000719b80000,0x000000074fb80000)
  from space 134144K, 99% used [0x000000075c400000,0x00000007646f91c0,0x0000000764700000)
  to   space 205312K, 0% used [0x000000074fb80000,0x000000074fb80000,0x000000075c400000)
 ParOldGen       total 515584K, used 455383K [0x00000005cd200000, 0x00000005ec980000, 0x0000000719b80000)
  object space 515584K, 88% used [0x00000005cd200000,0x00000005e8eb5d78,0x00000005ec980000)
 Metaspace       used 14535K, capacity 14715K, committed 15104K, reserved 1062912K
  class space    used 1380K, capacity 1450K, committed 1536K, reserved 1048576K
Event: 9,897 GC heap after
Heap after GC invocations=14 (full 2):
 PSYoungGen      total 1018880K, used 4767K [0x0000000719b80000, 0x000000076ca80000, 0x00000007c0000000)
  eden space 884736K, 0% used [0x0000000719b80000,0x0000000719b80000,0x000000074fb80000)
  from space 134144K, 3% used [0x000000075c400000,0x000000075c8a7da0,0x0000000764700000)
  to   space 205312K, 0% used [0x000000074fb80000,0x000000074fb80000,0x000000075c400000)
 ParOldGen       total 843264K, used 515527K [0x00000005cd200000, 0x0000000600980000, 0x0000000719b80000)
  object space 843264K, 61% used [0x00000005cd200000,0x00000005ec971e70,0x0000000600980000)
 Metaspace       used 14535K, capacity 14715K, committed 15104K, reserved 1062912K
  class space    used 1380K, capacity 1450K, committed 1536K, reserved 1048576K
}
Event: 17,952 GC heap before
{Heap before GC invocations=15 (full 2):
 PSYoungGen      total 1018880K, used 889503K [0x0000000719b80000, 0x000000076ca80000, 0x00000007c0000000)
  eden space 884736K, 100% used [0x0000000719b80000,0x000000074fb80000,0x000000074fb80000)
  from space 134144K, 3% used [0x000000075c400000,0x000000075c8a7da0,0x0000000764700000)
  to   space 205312K, 0% used [0x000000074fb80000,0x000000074fb80000,0x000000075c400000)
 ParOldGen       total 843264K, used 515527K [0x00000005cd200000, 0x0000000600980000, 0x0000000719b80000)
  object space 843264K, 61% used [0x00000005cd200000,0x00000005ec971e70,0x0000000600980000)
 Metaspace       used 15126K, capacity 15355K, committed 15616K, reserved 1062912K
  class space    used 1433K, capacity 1514K, committed 1536K, reserved 1048576K
Event: 18,486 GC heap after
Heap after GC invocations=15 (full 2):
 PSYoungGen      total 1090048K, used 205306K [0x0000000719b80000, 0x000000078b280000, 0x00000007c0000000)
  eden space 884736K, 0% used [0x0000000719b80000,0x0000000719b80000,0x000000074fb80000)
  from space 205312K, 99% used [0x000000074fb80000,0x000000075c3fe980,0x000000075c400000)
  to   space 320000K, 0% used [0x0000000777a00000,0x0000000777a00000,0x000000078b280000)
 ParOldGen       total 843264K, used 729497K [0x00000005cd200000, 0x0000000600980000, 0x0000000719b80000)
  object space 843264K, 86% used [0x00000005cd200000,0x00000005f9a666e8,0x0000000600980000)
 Metaspace       used 15126K, capacity 15355K, committed 15616K, reserved 1062912K
  class space    used 1433K, capacity 1514K, committed 1536K, reserved 1048576K
}
Event: 18,486 GC heap before
{Heap before GC invocations=16 (full 3):
 PSYoungGen      total 1090048K, used 205306K [0x0000000719b80000, 0x000000078b280000, 0x00000007c0000000)
  eden space 884736K, 0% used [0x0000000719b80000,0x0000000719b80000,0x000000074fb80000)
  from space 205312K, 99% used [0x000000074fb80000,0x000000075c3fe980,0x000000075c400000)
  to   space 320000K, 0% used [0x0000000777a00000,0x0000000777a00000,0x000000078b280000)
 ParOldGen       total 843264K, used 729497K [0x00000005cd200000, 0x0000000600980000, 0x0000000719b80000)
  object space 843264K, 86% used [0x00000005cd200000,0x00000005f9a666e8,0x0000000600980000)
 Metaspace       used 15126K, capacity 15355K, committed 15616K, reserved 1062912K
  class space    used 1433K, capacity 1514K, committed 1536K, reserved 1048576K
Event: 19,191 GC heap after
Heap after GC invocations=16 (full 3):
 PSYoungGen      total 1090048K, used 0K [0x0000000719b80000, 0x000000078b280000, 0x00000007c0000000)
  eden space 884736K, 0% used [0x0000000719b80000,0x0000000719b80000,0x000000074fb80000)
  from space 205312K, 0% used [0x000000074fb80000,0x000000074fb80000,0x000000075c400000)
  to   space 320000K, 0% used [0x0000000777a00000,0x0000000777a00000,0x000000078b280000)
 ParOldGen       total 907776K, used 473097K [0x00000005cd200000, 0x0000000604880000, 0x0000000719b80000)
  object space 907776K, 52% used [0x00000005cd200000,0x00000005ea0026a8,0x0000000604880000)
 Metaspace       used 15126K, capacity 15355K, committed 15616K, reserved 1062912K
  class space    used 1433K, capacity 1514K, committed 1536K, reserved 1048576K
}
Event: 24,657 GC heap before
{Heap before GC invocations=17 (full 3):
 PSYoungGen      total 1090048K, used 884736K [0x0000000719b80000, 0x000000078b280000, 0x00000007c0000000)
  eden space 884736K, 100% used [0x0000000719b80000,0x000000074fb80000,0x000000074fb80000)
  from space 205312K, 0% used [0x000000074fb80000,0x000000074fb80000,0x000000075c400000)
  to   space 320000K, 0% used [0x0000000777a00000,0x0000000777a00000,0x000000078b280000)
 ParOldGen       total 907776K, used 473097K [0x00000005cd200000, 0x0000000604880000, 0x0000000719b80000)
  object space 907776K, 52% used [0x00000005cd200000,0x00000005ea0026a8,0x0000000604880000)
 Metaspace       used 15149K, capacity 15355K, committed 15616K, reserved 1062912K
  class space    used 1435K, capacity 1514K, committed 1536K, reserved 1048576K
Event: 26,132 GC heap after
Heap after GC invocations=17 (full 3):
 PSYoungGen      total 1273856K, used 319969K [0x0000000719b80000, 0x00000007ac600000, 0x00000007c0000000)
  eden space 953856K, 0% used [0x0000000719b80000,0x0000000719b80000,0x0000000753f00000)
  from space 320000K, 99% used [0x0000000777a00000,0x000000078b278780,0x000000078b280000)
  to   space 584704K, 0% used [0x0000000753f00000,0x0000000753f00000,0x0000000777a00000)
 ParOldGen       total 1034240K, used 1033945K [0x00000005cd200000, 0x000000060c400000, 0x0000000719b80000)
  object space 1034240K, 99% used [0x00000005cd200000,0x000000060c3b66a8,0x000000060c400000)
 Metaspace       used 15149K, capacity 15355K, committed 15616K, reserved 1062912K
  class space    used 1435K, capacity 1514K, committed 1536K, reserved 1048576K
}
Event: 26,132 GC heap before
{Heap before GC invocations=18 (full 4):
 PSYoungGen      total 1273856K, used 319969K [0x0000000719b80000, 0x00000007ac600000, 0x00000007c0000000)
  eden space 953856K, 0% used [0x0000000719b80000,0x0000000719b80000,0x0000000753f00000)
  from space 320000K, 99% used [0x0000000777a00000,0x000000078b278780,0x000000078b280000)
  to   space 584704K, 0% used [0x0000000753f00000,0x0000000753f00000,0x0000000777a00000)
 ParOldGen       total 1034240K, used 1033945K [0x00000005cd200000, 0x000000060c400000, 0x0000000719b80000)
  object space 1034240K, 99% used [0x00000005cd200000,0x000000060c3b66a8,0x000000060c400000)
 Metaspace       used 15149K, capacity 15355K, committed 15616K, reserved 1062912K
  class space    used 1435K, capacity 1514K, committed 1536K, reserved 1048576K
Event: 28,015 GC heap after
Heap after GC invocations=18 (full 4):
 PSYoungGen      total 1273856K, used 0K [0x0000000719b80000, 0x00000007ac600000, 0x00000007c0000000)
  eden space 953856K, 0% used [0x0000000719b80000,0x0000000719b80000,0x0000000753f00000)
  from space 320000K, 0% used [0x0000000777a00000,0x0000000777a00000,0x000000078b280000)
  to   space 584704K, 0% used [0x0000000753f00000,0x0000000753f00000,0x0000000777a00000)
 ParOldGen       total 1662976K, used 982172K [0x00000005cd200000, 0x0000000632a00000, 0x0000000719b80000)
  object space 1662976K, 59% used [0x00000005cd200000,0x00000006091271a8,0x0000000632a00000)
 Metaspace       used 15149K, capacity 15355K, committed 15616K, reserved 1062912K
  class space    used 1435K, capacity 1514K, committed 1536K, reserved 1048576K
}

Deoptimization events (10 events):
Event: 15,159 Thread 0x00007f4b3800b800 Uncommon trap: reason=unstable_if action=reinterpret pc=0x00007f4b293a1b88 method=ij.process.ColorProcessor.crop()Lij/process/ImageProcessor; @ 27
Event: 16,474 Thread 0x00007f4b3800b800 Uncommon trap: reason=unstable_if action=reinterpret pc=0x00007f4b2939ff34 method=ij.process.ByteProcessor.crop()Lij/process/ImageProcessor; @ 39
Event: 16,621 Thread 0x00007f4b3800b800 Uncommon trap: reason=unstable_if action=reinterpret pc=0x00007f4b298392b4 method=com.vitimage.ItkTransform.flattenDenseField(Lij/ImagePlus;)Lcom/vitimage/ItkTransform; @ 432
Event: 19,329 Thread 0x00007f4b38092000 Uncommon trap: reason=class_check action=maybe_recompile pc=0x00007f4b298472fc method=java.lang.System$2.invokeFinalize(Ljava/lang/Object;)V @ 1
Event: 19,578 Thread 0x00007f4b38092000 Uncommon trap: reason=class_check action=maybe_recompile pc=0x00007f4b298472fc method=java.lang.System$2.invokeFinalize(Ljava/lang/Object;)V @ 1
Event: 19,778 Thread 0x00007f4b38092000 Uncommon trap: reason=class_check action=maybe_recompile pc=0x00007f4b298472fc method=java.lang.System$2.invokeFinalize(Ljava/lang/Object;)V @ 1
Event: 19,778 Thread 0x00007f4b38092000 Uncommon trap: reason=class_check action=maybe_recompile pc=0x00007f4b298472fc method=java.lang.System$2.invokeFinalize(Ljava/lang/Object;)V @ 1
Event: 19,778 Thread 0x00007f4b38092000 Uncommon trap: reason=class_check action=maybe_recompile pc=0x00007f4b29845a5c method=java.lang.System$2.invokeFinalize(Ljava/lang/Object;)V @ 1
Event: 21,695 Thread 0x00007f4b3800b800 Uncommon trap: reason=unloaded action=reinterpret pc=0x00007f4b29842e54 method=com.vitimage.ItkTransform.flattenDenseField(Lij/ImagePlus;)Lcom/vitimage/ItkTransform; @ 455
Event: 21,784 Thread 0x00007f4b3800b800 Uncommon trap: reason=unstable_if action=reinterpret pc=0x00007f4b297ba5b0 method=com.vitimage.ItkImagePlusInterface.convertImagePlusArrayToDisplacementField([Lij/ImagePlus;)Lorg/itk/simple/Image; @ 309

Classes redefined (0 events):
No events

Internal exceptions (10 events):
Event: 0,055 Thread 0x00007f4b3800b800 Exception <a 'java/security/PrivilegedActionException'> (0x0000000719cbadd0) thrown at [/HUDSON/workspace/8-2-build-linux-amd64/jdk8u201/12317/hotspot/src/share/vm/prims/jvm.cpp, line 1502]
Event: 0,055 Thread 0x00007f4b3800b800 Exception <a 'java/security/PrivilegedActionException'> (0x0000000719cbd238) thrown at [/HUDSON/workspace/8-2-build-linux-amd64/jdk8u201/12317/hotspot/src/share/vm/prims/jvm.cpp, line 1502]
Event: 0,055 Thread 0x00007f4b3800b800 Exception <a 'java/security/PrivilegedActionException'> (0x0000000719cbd448) thrown at [/HUDSON/workspace/8-2-build-linux-amd64/jdk8u201/12317/hotspot/src/share/vm/prims/jvm.cpp, line 1502]
Event: 0,078 Thread 0x00007f4b3800b800 Exception <a 'java/lang/NoSuchFieldError': method resolution failed> (0x0000000719d8c900) thrown at [/HUDSON/workspace/8-2-build-linux-amd64/jdk8u201/12317/hotspot/src/share/vm/prims/methodHandles.cpp, line 1167]
Event: 0,079 Thread 0x00007f4b3800b800 Exception <a 'java/lang/NoSuchFieldError': method resolution failed> (0x0000000719d9a100) thrown at [/HUDSON/workspace/8-2-build-linux-amd64/jdk8u201/12317/hotspot/src/share/vm/prims/methodHandles.cpp, line 1167]
Event: 0,089 Thread 0x00007f4b3800b800 Exception <a 'java/io/FileNotFoundException'> (0x000000071a09c3c8) thrown at [/HUDSON/workspace/8-2-build-linux-amd64/jdk8u201/12317/hotspot/src/share/vm/prims/jni.cpp, line 709]
Event: 0,089 Thread 0x00007f4b3800b800 Exception <a 'java/io/FileNotFoundException'> (0x000000071a09ceb0) thrown at [/HUDSON/workspace/8-2-build-linux-amd64/jdk8u201/12317/hotspot/src/share/vm/prims/jni.cpp, line 709]
Event: 0,353 Thread 0x00007f4b3833d800 Exception <a 'java/lang/UnsupportedOperationException': > (0x000000071a8e1fe8) thrown at [/HUDSON/workspace/8-2-build-linux-amd64/jdk8u201/12317/hotspot/src/share/vm/prims/jni.cpp, line 735]
Event: 4,025 Thread 0x00007f4b3833d800 Exception <a 'java/lang/UnsupportedOperationException': > (0x000000071c22f0c0) thrown at [/HUDSON/workspace/8-2-build-linux-amd64/jdk8u201/12317/hotspot/src/share/vm/prims/jni.cpp, line 735]
Event: 4,107 Thread 0x00007f4b3833d800 Exception <a 'java/lang/UnsupportedOperationException': > (0x000000071c233210) thrown at [/HUDSON/workspace/8-2-build-linux-amd64/jdk8u201/12317/hotspot/src/share/vm/prims/jni.cpp, line 735]

Events (10 events):
Event: 30,080 Thread 0x00007f4b3800b800 DEOPT PACKING pc=0x00007f4b29855acb sp=0x00007f4b4026a6b0
Event: 30,100 Thread 0x00007f4b3800b800 DEOPT UNPACKING pc=0x00007f4b29047784 sp=0x00007f4b4026a4b8 mode 0
Event: 30,719 Executing VM operation: RevokeBias
Event: 30,719 Executing VM operation: RevokeBias done
Event: 30,726 Executing VM operation: RevokeBias
Event: 30,726 Executing VM operation: RevokeBias done
Event: 30,726 Executing VM operation: RevokeBias
Event: 30,726 Executing VM operation: RevokeBias done
Event: 30,726 Executing VM operation: RevokeBias
Event: 30,726 Executing VM operation: RevokeBias done


Dynamic libraries:
00400000-00401000 r-xp 00000000 103:05 399591                            /usr/lib/jvm/java-8-oracle/bin/java
00600000-00601000 r--p 00000000 103:05 399591                            /usr/lib/jvm/java-8-oracle/bin/java
00601000-00602000 rw-p 00001000 103:05 399591                            /usr/lib/jvm/java-8-oracle/bin/java
007b7000-007d8000 rw-p 00000000 00:00 0                                  [heap]
5cd200000-632a00000 rw-p 00000000 00:00 0 
632a00000-719b80000 ---p 00000000 00:00 0 
719b80000-7ac600000 rw-p 00000000 00:00 0 
7ac600000-7c0000000 ---p 00000000 00:00 0 
7c0000000-7c0180000 rw-p 00000000 00:00 0 
7c0180000-800000000 ---p 00000000 00:00 0 
7f49f0fff000-7f4a00000000 rw-p 00000000 00:00 0 
7f4a00000000-7f4a05218000 rw-p 00000000 00:00 0 
7f4a05218000-7f4a08000000 ---p 00000000 00:00 0 
7f4a08000000-7f4a10000000 rw-p 00000000 00:00 0 
7f4a10000000-7f4a18000000 rw-p 00000000 00:00 0 
7f4a18000000-7f4a20000000 rw-p 00000000 00:00 0 
7f4a20000000-7f4a2c000000 rw-p 00000000 00:00 0 
7f4a2c000000-7f4a30000000 rw-p 00000000 00:00 0 
7f4a317f0000-7f4a407f1000 rw-p 00000000 00:00 0 
7f4a54000000-7f4a60000000 rw-p 00000000 00:00 0 
7f4a60000000-7f4a60021000 rw-p 00000000 00:00 0 
7f4a60021000-7f4a64000000 ---p 00000000 00:00 0 
7f4a64000000-7f4a64021000 rw-p 00000000 00:00 0 
7f4a64021000-7f4a68000000 ---p 00000000 00:00 0 
7f4a68000000-7f4a68021000 rw-p 00000000 00:00 0 
7f4a68021000-7f4a6c000000 ---p 00000000 00:00 0 
7f4a6c000000-7f4a6c021000 rw-p 00000000 00:00 0 
7f4a6c021000-7f4a70000000 ---p 00000000 00:00 0 
7f4a70000000-7f4a70021000 rw-p 00000000 00:00 0 
7f4a70021000-7f4a74000000 ---p 00000000 00:00 0 
7f4a74000000-7f4a74021000 rw-p 00000000 00:00 0 
7f4a74021000-7f4a78000000 ---p 00000000 00:00 0 
7f4a78000000-7f4a78021000 rw-p 00000000 00:00 0 
7f4a78021000-7f4a7c000000 ---p 00000000 00:00 0 
7f4a80000000-7f4a80021000 rw-p 00000000 00:00 0 
7f4a80021000-7f4a84000000 ---p 00000000 00:00 0 
7f4a84000000-7f4a84021000 rw-p 00000000 00:00 0 
7f4a84021000-7f4a88000000 ---p 00000000 00:00 0 
7f4a88000000-7f4a88021000 rw-p 00000000 00:00 0 
7f4a88021000-7f4a8c000000 ---p 00000000 00:00 0 
7f4a8c000000-7f4a8c021000 rw-p 00000000 00:00 0 
7f4a8c021000-7f4a90000000 ---p 00000000 00:00 0 
7f4a90cad000-7f4a9ed74000 r-xp 00000000 103:05 1975135                   /home/fernandr/Programmes/Fiji.app/lib/linux64/libSimpleITKJava.so
7f4a9ed74000-7f4a9ef73000 ---p 0e0c7000 103:05 1975135                   /home/fernandr/Programmes/Fiji.app/lib/linux64/libSimpleITKJava.so
7f4a9ef73000-7f4a9ffe1000 rw-p 0e0c6000 103:05 1975135                   /home/fernandr/Programmes/Fiji.app/lib/linux64/libSimpleITKJava.so
7f4a9ffe1000-7f4aa0000000 rw-p 00000000 00:00 0 
7f4aa0000000-7f4aa0021000 rw-p 00000000 00:00 0 
7f4aa0021000-7f4aa4000000 ---p 00000000 00:00 0 
7f4aa8000000-7f4aa8021000 rw-p 00000000 00:00 0 
7f4aa8021000-7f4aac000000 ---p 00000000 00:00 0 
7f4aac000000-7f4aac0ef000 rw-p 00000000 00:00 0 
7f4aac0ef000-7f4ab0000000 ---p 00000000 00:00 0 
7f4ab0000000-7f4ab0021000 rw-p 00000000 00:00 0 
7f4ab0021000-7f4ab4000000 ---p 00000000 00:00 0 
7f4ab4000000-7f4ab402d000 rw-p 00000000 00:00 0 
7f4ab402d000-7f4ab8000000 ---p 00000000 00:00 0 
7f4ab8000000-7f4ab8021000 rw-p 00000000 00:00 0 
7f4ab8021000-7f4abc000000 ---p 00000000 00:00 0 
7f4abc000000-7f4abc021000 rw-p 00000000 00:00 0 
7f4abc021000-7f4ac0000000 ---p 00000000 00:00 0 
7f4ac0000000-7f4ac0623000 rw-p 00000000 00:00 0 
7f4ac0623000-7f4ac4000000 ---p 00000000 00:00 0 
7f4ac4000000-7f4ac4a5b000 rw-p 00000000 00:00 0 
7f4ac4a5b000-7f4ac8000000 ---p 00000000 00:00 0 
7f4ac8000000-7f4ac84e3000 rw-p 00000000 00:00 0 
7f4ac84e3000-7f4acc000000 ---p 00000000 00:00 0 
7f4acc000000-7f4acc42b000 rw-p 00000000 00:00 0 
7f4acc42b000-7f4ad0000000 ---p 00000000 00:00 0 
7f4ad0000000-7f4ad1298000 rw-p 00000000 00:00 0 
7f4ad1298000-7f4ad4000000 ---p 00000000 00:00 0 
7f4ad4000000-7f4ad4021000 rw-p 00000000 00:00 0 
7f4ad4021000-7f4ad8000000 ---p 00000000 00:00 0 
7f4ad8000000-7f4ad8021000 rw-p 00000000 00:00 0 
7f4ad8021000-7f4adc000000 ---p 00000000 00:00 0 
7f4adc690000-7f4aec000000 rw-p 00000000 00:00 0 
7f4aec000000-7f4aec021000 rw-p 00000000 00:00 0 
7f4aec021000-7f4af0000000 ---p 00000000 00:00 0 
7f4af0000000-7f4af0469000 rw-p 00000000 00:00 0 
7f4af0469000-7f4af4000000 ---p 00000000 00:00 0 
7f4af4000000-7f4af4021000 rw-p 00000000 00:00 0 
7f4af4021000-7f4af8000000 ---p 00000000 00:00 0 
7f4afa7fd000-7f4afa7fe000 ---p 00000000 00:00 0 
7f4afa7fe000-7f4afaffe000 rw-p 00000000 00:00 0 
7f4afaffe000-7f4afafff000 ---p 00000000 00:00 0 
7f4afafff000-7f4afb7ff000 rw-p 00000000 00:00 0 
7f4afb7ff000-7f4afb800000 ---p 00000000 00:00 0 
7f4afb800000-7f4afc000000 rw-p 00000000 00:00 0 
7f4afc000000-7f4afc021000 rw-p 00000000 00:00 0 
7f4afc021000-7f4b00000000 ---p 00000000 00:00 0 
7f4b00000000-7f4b0048e000 rw-p 00000000 00:00 0 
7f4b0048e000-7f4b04000000 ---p 00000000 00:00 0 
7f4b04000000-7f4b04021000 rw-p 00000000 00:00 0 
7f4b04021000-7f4b08000000 ---p 00000000 00:00 0 
7f4b0812e000-7f4b0812f000 ---p 00000000 00:00 0 
7f4b0812f000-7f4b0892f000 rw-p 00000000 00:00 0 
7f4b0b134000-7f4b0b2f4000 rw-p 00000000 00:00 0 
7f4b0b2f4000-7f4b0b334000 ---p 00000000 00:00 0 
7f4b0b334000-7f4b0b35e000 r-xp 00000000 103:05 1319030                   /usr/lib/jvm/java-8-oracle/jre/lib/amd64/libdcpr.so
7f4b0b35e000-7f4b0b55d000 ---p 0002a000 103:05 1319030                   /usr/lib/jvm/java-8-oracle/jre/lib/amd64/libdcpr.so
7f4b0b55d000-7f4b0b55e000 r--p 00029000 103:05 1319030                   /usr/lib/jvm/java-8-oracle/jre/lib/amd64/libdcpr.so
7f4b0b55e000-7f4b0b561000 rw-p 0002a000 103:05 1319030                   /usr/lib/jvm/java-8-oracle/jre/lib/amd64/libdcpr.so
7f4b0b561000-7f4b0b761000 rw-p 00000000 00:00 0 
7f4b0b762000-7f4b0b862000 rw-s 00000000 00:05 13303830                   /SYSV00000000 (deleted)
7f4b0b862000-7f4b0b8ce000 r-xp 00000000 103:05 1319045                   /usr/lib/jvm/java-8-oracle/jre/lib/amd64/libt2k.so
7f4b0b8ce000-7f4b0bace000 ---p 0006c000 103:05 1319045                   /usr/lib/jvm/java-8-oracle/jre/lib/amd64/libt2k.so
7f4b0bace000-7f4b0bad4000 r--p 0006c000 103:05 1319045                   /usr/lib/jvm/java-8-oracle/jre/lib/amd64/libt2k.so
7f4b0bad4000-7f4b0bad5000 rw-p 00072000 103:05 1319045                   /usr/lib/jvm/java-8-oracle/jre/lib/amd64/libt2k.so
7f4b0bad5000-7f4b0bae6000 r-xp 00000000 103:05 1319086                   /usr/lib/jvm/java-8-oracle/jre/lib/amd64/libnio.so
7f4b0bae6000-7f4b0bce5000 ---p 00011000 103:05 1319086                   /usr/lib/jvm/java-8-oracle/jre/lib/amd64/libnio.so
7f4b0bce5000-7f4b0bce6000 r--p 00010000 103:05 1319086                   /usr/lib/jvm/java-8-oracle/jre/lib/amd64/libnio.so
7f4b0bce6000-7f4b0bce7000 rw-p 00011000 103:05 1319086                   /usr/lib/jvm/java-8-oracle/jre/lib/amd64/libnio.so
7f4b0bce7000-7f4b0bcfd000 r-xp 00000000 103:05 1319083                   /usr/lib/jvm/java-8-oracle/jre/lib/amd64/libnet.so
7f4b0bcfd000-7f4b0befd000 ---p 00016000 103:05 1319083                   /usr/lib/jvm/java-8-oracle/jre/lib/amd64/libnet.so
7f4b0befd000-7f4b0befe000 r--p 00016000 103:05 1319083                   /usr/lib/jvm/java-8-oracle/jre/lib/amd64/libnet.so
7f4b0befe000-7f4b0beff000 rw-p 00017000 103:05 1319083                   /usr/lib/jvm/java-8-oracle/jre/lib/amd64/libnet.so
7f4b0beff000-7f4b0bf02000 ---p 00000000 00:00 0 
7f4b0bf02000-7f4b0c000000 rw-p 00000000 00:00 0 
7f4b0c000000-7f4b0c021000 rw-p 00000000 00:00 0 
7f4b0c021000-7f4b10000000 ---p 00000000 00:00 0 
7f4b10000000-7f4b10525000 rw-p 00000000 00:00 0 
7f4b10525000-7f4b14000000 ---p 00000000 00:00 0 
7f4b14029000-7f4b14034000 r--s 00000000 103:05 2754318                   /var/cache/fontconfig/945677eb7aeaf62f1d50efc3fb3ec7d8-le64.cache-7
7f4b14034000-7f4b14039000 r--s 00000000 103:05 2754289                   /var/cache/fontconfig/2300eef321c393bfd76478a5c0e95b23-le64.cache-7
7f4b14039000-7f4b1403a000 r--s 00000000 103:05 2754282                   /var/cache/fontconfig/0d8c3b2ac0904cb8a57a757ad11a4a08-le64.cache-7
7f4b1403a000-7f4b1403e000 r--s 00000000 103:05 2758608                   /var/cache/fontconfig/6d41288fd70b0be22e8c3a91e032eec0-le64.cache-7
7f4b1403e000-7f4b14053000 r--s 00000000 103:05 2754278                   /var/cache/fontconfig/04aabc0a78ac019cf9454389977116d2-le64.cache-7
7f4b14053000-7f4b14054000 r--s 00000000 103:05 2754286                   /var/cache/fontconfig/1ac9eb803944fde146138c791f5cc56a-le64.cache-7
7f4b14054000-7f4b14055000 r--s 00000000 103:05 2754337                   /var/cache/fontconfig/dc05db6664285cc2f12bf69c139ae4c3-le64.cache-7
7f4b14055000-7f4b14057000 r--s 00000000 103:05 2754283                   /var/cache/fontconfig/14a5e22175779b556eaa434240950366-le64.cache-7
7f4b14057000-7f4b14058000 r--s 00000000 103:05 2754310                   /var/cache/fontconfig/660208299946a285a940457d1287da33-le64.cache-7
7f4b14058000-7f4b1405a000 r--s 00000000 103:05 2754301                   /var/cache/fontconfig/4f3e3037c9980c83b53a9351efadef62-le64.cache-7
7f4b1405a000-7f4b1405c000 r--s 00000000 103:05 2754315                   /var/cache/fontconfig/767a8244fc0220cfb567a839d0392e0b-le64.cache-7
7f4b1405c000-7f4b1405d000 r--s 00000000 103:05 2755050                   /var/cache/fontconfig/4794a0821666d79190d59a36cb4f44b5-le64.cache-7
7f4b1405d000-7f4b1405f000 r--s 00000000 103:05 2759434                   /var/cache/fontconfig/0bd3dc0958fa2205aaaa8ebb13e2872b-le64.cache-7
7f4b1405f000-7f4b14064000 r--s 00000000 103:05 2754338                   /var/cache/fontconfig/def309198bfa603429122923fa2bb2d4-le64.cache-7
7f4b14064000-7f4b14065000 r--s 00000000 103:05 2754326                   /var/cache/fontconfig/b872e6e592da6075ffa4ab0a1fcc0c75-le64.cache-7
7f4b14065000-7f4b14066000 r--s 00000000 103:05 2754343                   /var/cache/fontconfig/f6d4eedfaab2589bde49f7a3ff831d22-le64.cache-7
7f4b14066000-7f4b14067000 r--s 00000000 103:05 2754308                   /var/cache/fontconfig/589f83ef4c36d296ce6e1c846f468f08-le64.cache-7
7f4b14067000-7f4b14068000 r--s 00000000 103:05 2754328                   /var/cache/fontconfig/bab58bb527bb656aaa9f116d68a48d89-le64.cache-7
7f4b14068000-7f4b14069000 r--s 00000000 103:05 2754287                   /var/cache/fontconfig/2171a34dccabdb6bcbbc728186263178-le64.cache-7
7f4b14069000-7f4b1406a000 r--s 00000000 103:05 2754329                   /var/cache/fontconfig/c5c45a61289222e0d30b1a26ef4effbe-le64.cache-7
7f4b1406a000-7f4b1406b000 r--s 00000000 103:05 2754324                   /var/cache/fontconfig/aec30016f93e1b46d1a973dce0d74068-le64.cache-7
7f4b1406b000-7f4b1406c000 r--s 00000000 103:05 2754294                   /var/cache/fontconfig/3f589640d34b7dc9042c8d453f7c8b9c-le64.cache-7
7f4b1406c000-7f4b14072000 r--s 00000000 103:05 2759433                   /var/cache/fontconfig/3047814df9a2f067bd2d96a2b9c36e5a-le64.cache-7
7f4b14072000-7f4b14075000 ---p 00000000 00:00 0 
7f4b14075000-7f4b14373000 rw-p 00000000 00:00 0 
7f4b14373000-7f4b14376000 ---p 00000000 00:00 0 
7f4b14376000-7f4b14474000 rw-p 00000000 00:00 0 
7f4b14474000-7f4b14479000 r-xp 00000000 103:05 401423                    /usr/lib/x86_64-linux-gnu/libXfixes.so.3.1.0
7f4b14479000-7f4b14678000 ---p 00005000 103:05 401423                    /usr/lib/x86_64-linux-gnu/libXfixes.so.3.1.0
7f4b14678000-7f4b14679000 r--p 00004000 103:05 401423                    /usr/lib/x86_64-linux-gnu/libXfixes.so.3.1.0
7f4b14679000-7f4b1467a000 rw-p 00005000 103:05 401423                    /usr/lib/x86_64-linux-gnu/libXfixes.so.3.1.0
7f4b1467a000-7f4b14683000 r-xp 00000000 103:05 401415                    /usr/lib/x86_64-linux-gnu/libXcursor.so.1.0.2
7f4b14683000-7f4b14882000 ---p 00009000 103:05 401415                    /usr/lib/x86_64-linux-gnu/libXcursor.so.1.0.2
7f4b14882000-7f4b14883000 r--p 00008000 103:05 401415                    /usr/lib/x86_64-linux-gnu/libXcursor.so.1.0.2
7f4b14883000-7f4b14884000 rw-p 00009000 103:05 401415                    /usr/lib/x86_64-linux-gnu/libXcursor.so.1.0.2
7f4b14884000-7f4b14887000 ---p 00000000 00:00 0 
7f4b14887000-7f4b14985000 rw-p 00000000 00:00 0 
7f4b14985000-7f4b1499c000 r-xp 00000000 103:05 3801177                   /lib/x86_64-linux-gnu/libgcc_s.so.1
7f4b1499c000-7f4b14b9b000 ---p 00017000 103:05 3801177                   /lib/x86_64-linux-gnu/libgcc_s.so.1
7f4b14b9b000-7f4b14b9c000 r--p 00016000 103:05 3801177                   /lib/x86_64-linux-gnu/libgcc_s.so.1
7f4b14b9c000-7f4b14b9d000 rw-p 00017000 103:05 3801177                   /lib/x86_64-linux-gnu/libgcc_s.so.1
7f4b14b9d000-7f4b14ba2000 r--s 00000000 103:05 2754981                   /var/cache/fontconfig/9d2451b1fd30e5bffe8383fd27c35478-le64.cache-7
7f4b14ba2000-7f4b14baa000 r--s 00000000 103:05 2753774                   /var/cache/fontconfig/bf3b770c553c462765856025a94f1ce6-le64.cache-7
7f4b14baa000-7f4b14bb0000 r--s 00000000 103:05 2754325                   /var/cache/fontconfig/b47c4e1ecd0709278f4910c18777a504-le64.cache-7
7f4b14bb0000-7f4b14bc3000 r--s 00000000 103:05 2754334                   /var/cache/fontconfig/d52a8644073d54c13679302ca1180695-le64.cache-7
7f4b14bc3000-7f4b14c20000 r-xp 00000000 103:05 1319057                   /usr/lib/jvm/java-8-oracle/jre/lib/amd64/libfontmanager.so
7f4b14c20000-7f4b14e20000 ---p 0005d000 103:05 1319057                   /usr/lib/jvm/java-8-oracle/jre/lib/amd64/libfontmanager.so
7f4b14e20000-7f4b14e23000 r--p 0005d000 103:05 1319057                   /usr/lib/jvm/java-8-oracle/jre/lib/amd64/libfontmanager.so
7f4b14e23000-7f4b14e24000 rw-p 00060000 103:05 1319057                   /usr/lib/jvm/java-8-oracle/jre/lib/amd64/libfontmanager.so
7f4b14e24000-7f4b14e37000 r-xp 00000000 103:05 3806054                   /lib/x86_64-linux-gnu/libbsd.so.0.8.7
7f4b14e37000-7f4b15036000 ---p 00013000 103:05 3806054                   /lib/x86_64-linux-gnu/libbsd.so.0.8.7
7f4b15036000-7f4b15037000 r--p 00012000 103:05 3806054                   /lib/x86_64-linux-gnu/libbsd.so.0.8.7
7f4b15037000-7f4b15038000 rw-p 00013000 103:05 3806054                   /lib/x86_64-linux-gnu/libbsd.so.0.8.7
7f4b15038000-7f4b15039000 rw-p 00000000 00:00 0 
7f4b15039000-7f4b1503e000 r-xp 00000000 103:05 401419                    /usr/lib/x86_64-linux-gnu/libXdmcp.so.6.0.0
7f4b1503e000-7f4b1523d000 ---p 00005000 103:05 401419                    /usr/lib/x86_64-linux-gnu/libXdmcp.so.6.0.0
7f4b1523d000-7f4b1523e000 r--p 00004000 103:05 401419                    /usr/lib/x86_64-linux-gnu/libXdmcp.so.6.0.0
7f4b1523e000-7f4b1523f000 rw-p 00005000 103:05 401419                    /usr/lib/x86_64-linux-gnu/libXdmcp.so.6.0.0
7f4b1523f000-7f4b15241000 r-xp 00000000 103:05 401408                    /usr/lib/x86_64-linux-gnu/libXau.so.6.0.0
7f4b15241000-7f4b15441000 ---p 00002000 103:05 401408                    /usr/lib/x86_64-linux-gnu/libXau.so.6.0.0
7f4b15441000-7f4b15442000 r--p 00002000 103:05 401408                    /usr/lib/x86_64-linux-gnu/libXau.so.6.0.0
7f4b15442000-7f4b15443000 rw-p 00003000 103:05 401408                    /usr/lib/x86_64-linux-gnu/libXau.so.6.0.0
7f4b15443000-7f4b15469000 r-xp 00000000 103:05 396084                    /usr/lib/x86_64-linux-gnu/libxcb.so.1.1.0
7f4b15469000-7f4b15669000 ---p 00026000 103:05 396084                    /usr/lib/x86_64-linux-gnu/libxcb.so.1.1.0
7f4b15669000-7f4b1566a000 r--p 00026000 103:05 396084                    /usr/lib/x86_64-linux-gnu/libxcb.so.1.1.0
7f4b1566a000-7f4b1566b000 rw-p 00027000 103:05 396084                    /usr/lib/x86_64-linux-gnu/libxcb.so.1.1.0
7f4b1566b000-7f4b1567a000 r-xp 00000000 103:05 401429                    /usr/lib/x86_64-linux-gnu/libXi.so.6.1.0
7f4b1567a000-7f4b15879000 ---p 0000f000 103:05 401429                    /usr/lib/x86_64-linux-gnu/libXi.so.6.1.0
7f4b15879000-7f4b1587a000 r--p 0000e000 103:05 401429                    /usr/lib/x86_64-linux-gnu/libXi.so.6.1.0
7f4b1587a000-7f4b1587b000 rw-p 0000f000 103:05 401429                    /usr/lib/x86_64-linux-gnu/libXi.so.6.1.0
7f4b1587b000-7f4b15880000 r-xp 00000000 103:05 401447                    /usr/lib/x86_64-linux-gnu/libXtst.so.6.1.0
7f4b15880000-7f4b15a7f000 ---p 00005000 103:05 401447                    /usr/lib/x86_64-linux-gnu/libXtst.so.6.1.0
7f4b15a7f000-7f4b15a80000 r--p 00004000 103:05 401447                    /usr/lib/x86_64-linux-gnu/libXtst.so.6.1.0
7f4b15a80000-7f4b15a81000 rw-p 00005000 103:05 401447                    /usr/lib/x86_64-linux-gnu/libXtst.so.6.1.0
7f4b15a81000-7f4b15a8a000 r-xp 00000000 103:05 401441                    /usr/lib/x86_64-linux-gnu/libXrender.so.1.3.0
7f4b15a8a000-7f4b15c89000 ---p 00009000 103:05 401441                    /usr/lib/x86_64-linux-gnu/libXrender.so.1.3.0
7f4b15c89000-7f4b15c8a000 r--p 00008000 103:05 401441                    /usr/lib/x86_64-linux-gnu/libXrender.so.1.3.0
7f4b15c8a000-7f4b15c8b000 rw-p 00009000 103:05 401441                    /usr/lib/x86_64-linux-gnu/libXrender.so.1.3.0
7f4b15c8b000-7f4b15dbe000 r-xp 00000000 103:05 400060                    /usr/lib/x86_64-linux-gnu/libX11.so.6.3.0
7f4b15dbe000-7f4b15fbe000 ---p 00133000 103:05 400060                    /usr/lib/x86_64-linux-gnu/libX11.so.6.3.0
7f4b15fbe000-7f4b15fbf000 r--p 00133000 103:05 400060                    /usr/lib/x86_64-linux-gnu/libX11.so.6.3.0
7f4b15fbf000-7f4b15fc3000 rw-p 00134000 103:05 400060                    /usr/lib/x86_64-linux-gnu/libX11.so.6.3.0
7f4b15fc3000-7f4b15fd4000 r-xp 00000000 103:05 401421                    /usr/lib/x86_64-linux-gnu/libXext.so.6.4.0
7f4b15fd4000-7f4b161d3000 ---p 00011000 103:05 401421                    /usr/lib/x86_64-linux-gnu/libXext.so.6.4.0
7f4b161d3000-7f4b161d4000 r--p 00010000 103:05 401421                    /usr/lib/x86_64-linux-gnu/libXext.so.6.4.0
7f4b161d4000-7f4b161d5000 rw-p 00011000 103:05 401421                    /usr/lib/x86_64-linux-gnu/libXext.so.6.4.0
7f4b161d5000-7f4b161fb000 r--p 00000000 103:05 1182632                   /usr/share/locale-langpack/fr/LC_MESSAGES/libc.mo
7f4b161fb000-7f4b1624e000 r-xp 00000000 103:05 1319090                   /usr/lib/jvm/java-8-oracle/jre/lib/amd64/libawt_xawt.so
7f4b1624e000-7f4b1644d000 ---p 00053000 103:05 1319090                   /usr/lib/jvm/java-8-oracle/jre/lib/amd64/libawt_xawt.so
7f4b1644d000-7f4b1644e000 r--p 00052000 103:05 1319090                   /usr/lib/jvm/java-8-oracle/jre/lib/amd64/libawt_xawt.so
7f4b1644e000-7f4b16451000 rw-p 00053000 103:05 1319090                   /usr/lib/jvm/java-8-oracle/jre/lib/amd64/libawt_xawt.so
7f4b16451000-7f4b16452000 rw-p 00000000 00:00 0 
7f4b16452000-7f4b164f2000 r-xp 00000000 103:05 1319075                   /usr/lib/jvm/java-8-oracle/jre/lib/amd64/libawt.so
7f4b164f2000-7f4b166f1000 ---p 000a0000 103:05 1319075                   /usr/lib/jvm/java-8-oracle/jre/lib/amd64/libawt.so
7f4b166f1000-7f4b166f2000 r--p 0009f000 103:05 1319075                   /usr/lib/jvm/java-8-oracle/jre/lib/amd64/libawt.so
7f4b166f2000-7f4b166fd000 rw-p 000a0000 103:05 1319075                   /usr/lib/jvm/java-8-oracle/jre/lib/amd64/libawt.so
7f4b166fd000-7f4b16722000 rw-p 00000000 00:00 0 
7f4b16722000-7f4b16723000 ---p 00000000 00:00 0 
7f4b16723000-7f4b16823000 rw-p 00000000 00:00 0 
7f4b16823000-7f4b16826000 ---p 00000000 00:00 0 
7f4b16826000-7f4b16924000 rw-p 00000000 00:00 0 
7f4b16924000-7f4b16925000 ---p 00000000 00:00 0 
7f4b16925000-7f4b16928000 ---p 00000000 00:00 0 
7f4b16928000-7f4b16a25000 rw-p 00000000 00:00 0 
7f4b16a25000-7f4b16a26000 ---p 00000000 00:00 0 
7f4b16a26000-7f4b16a29000 ---p 00000000 00:00 0 
7f4b16a29000-7f4b16b26000 rw-p 00000000 00:00 0 
7f4b16b26000-7f4b16b27000 ---p 00000000 00:00 0 
7f4b16b27000-7f4b16b2a000 ---p 00000000 00:00 0 
7f4b16b2a000-7f4b16c27000 rw-p 00000000 00:00 0 
7f4b16c27000-7f4b16c28000 ---p 00000000 00:00 0 
7f4b16c28000-7f4b16c2b000 ---p 00000000 00:00 0 
7f4b16c2b000-7f4b16d28000 rw-p 00000000 00:00 0 
7f4b16d28000-7f4b16d2b000 ---p 00000000 00:00 0 
7f4b16d2b000-7f4b16e29000 rw-p 00000000 00:00 0 
7f4b16e29000-7f4b177f8000 r--p 00000000 103:05 400112                    /usr/lib/locale/locale-archive
7f4b177f8000-7f4b177fb000 ---p 00000000 00:00 0 
7f4b177fb000-7f4b178f9000 rw-p 00000000 00:00 0 
7f4b178f9000-7f4b178fc000 ---p 00000000 00:00 0 
7f4b178fc000-7f4b179fa000 rw-p 00000000 00:00 0 
7f4b179fa000-7f4b179fb000 ---p 00000000 00:00 0 
7f4b179fb000-7f4b18000000 rw-p 00000000 00:00 0 
7f4b18000000-7f4b18021000 rw-p 00000000 00:00 0 
7f4b18021000-7f4b1c000000 ---p 00000000 00:00 0 
7f4b1c000000-7f4b1c352000 rw-p 00000000 00:00 0 
7f4b1c352000-7f4b20000000 ---p 00000000 00:00 0 
7f4b20000000-7f4b20021000 rw-p 00000000 00:00 0 
7f4b20021000-7f4b24000000 ---p 00000000 00:00 0 
7f4b24000000-7f4b24001000 r--s 00000000 103:05 2754284                   /var/cache/fontconfig/16c2fda60d1b4b719f4b3d06fd951d25-le64.cache-7
7f4b24001000-7f4b24002000 r--s 00000000 103:05 2754323                   /var/cache/fontconfig/a48eab177a16e4f3713381162db2f3e9-le64.cache-7
7f4b24002000-7f4b24003000 r--s 00000000 103:05 2754304                   /var/cache/fontconfig/564b2e68ac9bc4e36a6f7f6d6125ec1c-le64.cache-7
7f4b24003000-7f4b24004000 r--s 00000000 103:05 2754305                   /var/cache/fontconfig/56cf4f4769d0f4abc89a4895d7bd3ae1-le64.cache-7
7f4b24004000-7f4b24005000 r--s 00000000 103:05 2754327                   /var/cache/fontconfig/b9d506c9ac06c20b433354fa67a72993-le64.cache-7
7f4b24005000-7f4b24006000 r--s 00000000 103:05 2754292                   /var/cache/fontconfig/370e5b74bf5dafc30834de68e24a87a4-le64.cache-7
7f4b24006000-7f4b24007000 r--s 00000000 103:05 2754313                   /var/cache/fontconfig/6b2c5944714ca7831b25bed9e85cb5c8-le64.cache-7
7f4b24007000-7f4b2400a000 r--s 00000000 103:05 2754342                   /var/cache/fontconfig/f259c2cffa685e28062317905db73c4a-le64.cache-7
7f4b2400a000-7f4b24018000 r--s 00000000 103:05 2754320                   /var/cache/fontconfig/9b89f8e3dae116d678bbf48e5f21f69b-le64.cache-7
7f4b24018000-7f4b25dee000 rw-p 00000000 00:00 0 
7f4b25dee000-7f4b25fc8000 r--s 03d6f000 103:05 1319016                   /usr/lib/jvm/java-8-oracle/jre/lib/rt.jar
7f4b25fc8000-7f4b2775f000 rw-p 00000000 00:00 0 
7f4b2775f000-7f4b27760000 ---p 00000000 00:00 0 
7f4b27760000-7f4b27860000 rw-p 00000000 00:00 0 
7f4b27860000-7f4b27861000 ---p 00000000 00:00 0 
7f4b27861000-7f4b27961000 rw-p 00000000 00:00 0 
7f4b27961000-7f4b27962000 ---p 00000000 00:00 0 
7f4b27962000-7f4b27a62000 rw-p 00000000 00:00 0 
7f4b27a62000-7f4b27a63000 ---p 00000000 00:00 0 
7f4b27a63000-7f4b27b63000 rw-p 00000000 00:00 0 
7f4b27b63000-7f4b27b64000 ---p 00000000 00:00 0 
7f4b27b64000-7f4b27c64000 rw-p 00000000 00:00 0 
7f4b27c64000-7f4b27c65000 ---p 00000000 00:00 0 
7f4b27c65000-7f4b27d65000 rw-p 00000000 00:00 0 
7f4b27d65000-7f4b27d66000 ---p 00000000 00:00 0 
7f4b27d66000-7f4b27e66000 rw-p 00000000 00:00 0 
7f4b27e66000-7f4b27e67000 ---p 00000000 00:00 0 
7f4b27e67000-7f4b27f67000 rw-p 00000000 00:00 0 
7f4b27f67000-7f4b27f68000 ---p 00000000 00:00 0 
7f4b27f68000-7f4b28394000 rw-p 00000000 00:00 0 
7f4b28394000-7f4b28acc000 ---p 00000000 00:00 0 
7f4b28acc000-7f4b28f62000 rw-p 00000000 00:00 0 
7f4b28f62000-7f4b28fff000 ---p 00000000 00:00 0 
7f4b28fff000-7f4b29000000 rw-p 00000000 00:00 0 
7f4b29000000-7f4b29870000 rwxp 00000000 00:00 0 
7f4b29870000-7f4b38000000 ---p 00000000 00:00 0 
7f4b38000000-7f4b3c000000 rw-p 00000000 00:00 0 
7f4b3c000000-7f4b3c001000 r--s 00000000 103:05 2754333                   /var/cache/fontconfig/d5178ab6d91b49bf20a416737dcea9e8-le64.cache-7
7f4b3c001000-7f4b3c002000 r--s 00000000 103:05 2754303                   /var/cache/fontconfig/551ecf3b0e8b0bca0f25c0944f561853-le64.cache-7
7f4b3c002000-7f4b3c004000 r--s 00000000 103:05 2754302                   /var/cache/fontconfig/550f3886151c940c12a5ed35f6a00586-le64.cache-7
7f4b3c004000-7f4b3c007000 r--s 00000000 103:05 2754311                   /var/cache/fontconfig/674d1711f2d1d2a09646eb0bdcadee49-le64.cache-7
7f4b3c007000-7f4b3c008000 r--s 00000000 103:05 2754295                   /var/cache/fontconfig/3f7329c5293ffd510edef78f73874cfd-le64.cache-7
7f4b3c008000-7f4b3c00c000 r--s 00000000 103:05 2754335                   /var/cache/fontconfig/d589a48862398ed80a3d6066f4f56f4c-le64.cache-7
7f4b3c00c000-7f4b3c01a000 r--s 00000000 103:05 2764616                   /var/cache/fontconfig/e13b20fdb08344e0e664864cc2ede53d-le64.cache-7
7f4b3c01a000-7f4b3c0eb000 rw-p 00000000 00:00 0 
7f4b3c0eb000-7f4b3c0ec000 ---p 00000000 00:00 0 
7f4b3c0ec000-7f4b3c518000 rw-p 00000000 00:00 0 
7f4b3c518000-7f4b3cc51000 ---p 00000000 00:00 0 
7f4b3cc51000-7f4b3cc73000 rw-p 00000000 00:00 0 
7f4b3cc73000-7f4b3d011000 ---p 00000000 00:00 0 
7f4b3d011000-7f4b3d02c000 r-xp 00000000 103:05 1319079                   /usr/lib/jvm/java-8-oracle/jre/lib/amd64/libzip.so
7f4b3d02c000-7f4b3d22b000 ---p 0001b000 103:05 1319079                   /usr/lib/jvm/java-8-oracle/jre/lib/amd64/libzip.so
7f4b3d22b000-7f4b3d22c000 r--p 0001a000 103:05 1319079                   /usr/lib/jvm/java-8-oracle/jre/lib/amd64/libzip.so
7f4b3d22c000-7f4b3d22d000 rw-p 0001b000 103:05 1319079                   /usr/lib/jvm/java-8-oracle/jre/lib/amd64/libzip.so
7f4b3d22d000-7f4b3d238000 r-xp 00000000 103:05 3806148                   /lib/x86_64-linux-gnu/libnss_files-2.27.so
7f4b3d238000-7f4b3d437000 ---p 0000b000 103:05 3806148                   /lib/x86_64-linux-gnu/libnss_files-2.27.so
7f4b3d437000-7f4b3d438000 r--p 0000a000 103:05 3806148                   /lib/x86_64-linux-gnu/libnss_files-2.27.so
7f4b3d438000-7f4b3d439000 rw-p 0000b000 103:05 3806148                   /lib/x86_64-linux-gnu/libnss_files-2.27.so
7f4b3d439000-7f4b3d43f000 rw-p 00000000 00:00 0 
7f4b3d43f000-7f4b3d456000 r-xp 00000000 103:05 3806142                   /lib/x86_64-linux-gnu/libnsl-2.27.so
7f4b3d456000-7f4b3d655000 ---p 00017000 103:05 3806142                   /lib/x86_64-linux-gnu/libnsl-2.27.so
7f4b3d655000-7f4b3d656000 r--p 00016000 103:05 3806142                   /lib/x86_64-linux-gnu/libnsl-2.27.so
7f4b3d656000-7f4b3d657000 rw-p 00017000 103:05 3806142                   /lib/x86_64-linux-gnu/libnsl-2.27.so
7f4b3d657000-7f4b3d659000 rw-p 00000000 00:00 0 
7f4b3d659000-7f4b3d664000 r-xp 00000000 103:05 3806159                   /lib/x86_64-linux-gnu/libnss_nis-2.27.so
7f4b3d664000-7f4b3d863000 ---p 0000b000 103:05 3806159                   /lib/x86_64-linux-gnu/libnss_nis-2.27.so
7f4b3d863000-7f4b3d864000 r--p 0000a000 103:05 3806159                   /lib/x86_64-linux-gnu/libnss_nis-2.27.so
7f4b3d864000-7f4b3d865000 rw-p 0000b000 103:05 3806159                   /lib/x86_64-linux-gnu/libnss_nis-2.27.so
7f4b3d865000-7f4b3d86d000 r-xp 00000000 103:05 3806144                   /lib/x86_64-linux-gnu/libnss_compat-2.27.so
7f4b3d86d000-7f4b3da6d000 ---p 00008000 103:05 3806144                   /lib/x86_64-linux-gnu/libnss_compat-2.27.so
7f4b3da6d000-7f4b3da6e000 r--p 00008000 103:05 3806144                   /lib/x86_64-linux-gnu/libnss_compat-2.27.so
7f4b3da6e000-7f4b3da6f000 rw-p 00009000 103:05 3806144                   /lib/x86_64-linux-gnu/libnss_compat-2.27.so
7f4b3da6f000-7f4b3da9b000 r-xp 00000000 103:05 1319071                   /usr/lib/jvm/java-8-oracle/jre/lib/amd64/libjava.so
7f4b3da9b000-7f4b3dc9b000 ---p 0002c000 103:05 1319071                   /usr/lib/jvm/java-8-oracle/jre/lib/amd64/libjava.so
7f4b3dc9b000-7f4b3dc9c000 r--p 0002c000 103:05 1319071                   /usr/lib/jvm/java-8-oracle/jre/lib/amd64/libjava.so
7f4b3dc9c000-7f4b3dc9e000 rw-p 0002d000 103:05 1319071                   /usr/lib/jvm/java-8-oracle/jre/lib/amd64/libjava.so
7f4b3dc9e000-7f4b3dcab000 r-xp 00000000 103:05 1319077                   /usr/lib/jvm/java-8-oracle/jre/lib/amd64/libverify.so
7f4b3dcab000-7f4b3deaa000 ---p 0000d000 103:05 1319077                   /usr/lib/jvm/java-8-oracle/jre/lib/amd64/libverify.so
7f4b3deaa000-7f4b3deac000 r--p 0000c000 103:05 1319077                   /usr/lib/jvm/java-8-oracle/jre/lib/amd64/libverify.so
7f4b3deac000-7f4b3dead000 rw-p 0000e000 103:05 1319077                   /usr/lib/jvm/java-8-oracle/jre/lib/amd64/libverify.so
7f4b3dead000-7f4b3deb4000 r-xp 00000000 103:05 3806199                   /lib/x86_64-linux-gnu/librt-2.27.so
7f4b3deb4000-7f4b3e0b3000 ---p 00007000 103:05 3806199                   /lib/x86_64-linux-gnu/librt-2.27.so
7f4b3e0b3000-7f4b3e0b4000 r--p 00006000 103:05 3806199                   /lib/x86_64-linux-gnu/librt-2.27.so
7f4b3e0b4000-7f4b3e0b5000 rw-p 00007000 103:05 3806199                   /lib/x86_64-linux-gnu/librt-2.27.so
7f4b3e0b5000-7f4b3e252000 r-xp 00000000 103:05 3806121                   /lib/x86_64-linux-gnu/libm-2.27.so
7f4b3e252000-7f4b3e451000 ---p 0019d000 103:05 3806121                   /lib/x86_64-linux-gnu/libm-2.27.so
7f4b3e451000-7f4b3e452000 r--p 0019c000 103:05 3806121                   /lib/x86_64-linux-gnu/libm-2.27.so
7f4b3e452000-7f4b3e453000 rw-p 0019d000 103:05 3806121                   /lib/x86_64-linux-gnu/libm-2.27.so
7f4b3e453000-7f4b3f13b000 r-xp 00000000 103:05 1581920                   /usr/lib/jvm/java-8-oracle/jre/lib/amd64/server/libjvm.so
7f4b3f13b000-7f4b3f33a000 ---p 00ce8000 103:05 1581920                   /usr/lib/jvm/java-8-oracle/jre/lib/amd64/server/libjvm.so
7f4b3f33a000-7f4b3f3d0000 r--p 00ce7000 103:05 1581920                   /usr/lib/jvm/java-8-oracle/jre/lib/amd64/server/libjvm.so
7f4b3f3d0000-7f4b3f401000 rw-p 00d7d000 103:05 1581920                   /usr/lib/jvm/java-8-oracle/jre/lib/amd64/server/libjvm.so
7f4b3f401000-7f4b3f43c000 rw-p 00000000 00:00 0 
7f4b3f43c000-7f4b3f623000 r-xp 00000000 103:05 3806058                   /lib/x86_64-linux-gnu/libc-2.27.so
7f4b3f623000-7f4b3f823000 ---p 001e7000 103:05 3806058                   /lib/x86_64-linux-gnu/libc-2.27.so
7f4b3f823000-7f4b3f827000 r--p 001e7000 103:05 3806058                   /lib/x86_64-linux-gnu/libc-2.27.so
7f4b3f827000-7f4b3f829000 rw-p 001eb000 103:05 3806058                   /lib/x86_64-linux-gnu/libc-2.27.so
7f4b3f829000-7f4b3f82d000 rw-p 00000000 00:00 0 
7f4b3f82d000-7f4b3f830000 r-xp 00000000 103:05 3806081                   /lib/x86_64-linux-gnu/libdl-2.27.so
7f4b3f830000-7f4b3fa2f000 ---p 00003000 103:05 3806081                   /lib/x86_64-linux-gnu/libdl-2.27.so
7f4b3fa2f000-7f4b3fa30000 r--p 00002000 103:05 3806081                   /lib/x86_64-linux-gnu/libdl-2.27.so
7f4b3fa30000-7f4b3fa31000 rw-p 00003000 103:05 3806081                   /lib/x86_64-linux-gnu/libdl-2.27.so
7f4b3fa31000-7f4b3fa48000 r-xp 00000000 103:05 409197                    /usr/lib/jvm/java-8-oracle/lib/amd64/jli/libjli.so
7f4b3fa48000-7f4b3fc47000 ---p 00017000 103:05 409197                    /usr/lib/jvm/java-8-oracle/lib/amd64/jli/libjli.so
7f4b3fc47000-7f4b3fc48000 r--p 00016000 103:05 409197                    /usr/lib/jvm/java-8-oracle/lib/amd64/jli/libjli.so
7f4b3fc48000-7f4b3fc49000 rw-p 00017000 103:05 409197                    /usr/lib/jvm/java-8-oracle/lib/amd64/jli/libjli.so
7f4b3fc49000-7f4b3fc63000 r-xp 00000000 103:05 3806191                   /lib/x86_64-linux-gnu/libpthread-2.27.so
7f4b3fc63000-7f4b3fe62000 ---p 0001a000 103:05 3806191                   /lib/x86_64-linux-gnu/libpthread-2.27.so
7f4b3fe62000-7f4b3fe63000 r--p 00019000 103:05 3806191                   /lib/x86_64-linux-gnu/libpthread-2.27.so
7f4b3fe63000-7f4b3fe64000 rw-p 0001a000 103:05 3806191                   /lib/x86_64-linux-gnu/libpthread-2.27.so
7f4b3fe64000-7f4b3fe68000 rw-p 00000000 00:00 0 
7f4b3fe68000-7f4b3fe6e000 r-xp 00000000 103:05 413404                    /usr/lib/x86_64-linux-gnu/libgtk3-nocsd.so.0
7f4b3fe6e000-7f4b4006d000 ---p 00006000 103:05 413404                    /usr/lib/x86_64-linux-gnu/libgtk3-nocsd.so.0
7f4b4006d000-7f4b4006e000 r--p 00005000 103:05 413404                    /usr/lib/x86_64-linux-gnu/libgtk3-nocsd.so.0
7f4b4006e000-7f4b4006f000 rw-p 00006000 103:05 413404                    /usr/lib/x86_64-linux-gnu/libgtk3-nocsd.so.0
7f4b4006f000-7f4b40096000 r-xp 00000000 103:05 3806030                   /lib/x86_64-linux-gnu/ld-2.27.so
7f4b40096000-7f4b40097000 r--s 00000000 103:05 2754281                   /var/cache/fontconfig/0c9eb80ebd1c36541ebe2852d3bb0c49-le64.cache-7
7f4b40097000-7f4b40098000 r--s 00000000 103:05 2754288                   /var/cache/fontconfig/22368d551a680bfe5a62c02760edf4ea-le64.cache-7
7f4b40098000-7f4b40099000 r--s 00000000 103:05 2754300                   /var/cache/fontconfig/4d9c95eba1cb85bbcf2878543262124a-le64.cache-7
7f4b40099000-7f4b4009a000 r--s 00000000 103:05 2754317                   /var/cache/fontconfig/85e0a52ce643a7ba2ae53e5d6949cead-le64.cache-7
7f4b4009a000-7f4b4009b000 r--s 00000000 103:05 2754297                   /var/cache/fontconfig/49f0de54bdd920fe4f0dfd4cbac43e6b-le64.cache-7
7f4b4009b000-7f4b4009c000 r--s 00000000 103:05 2754344                   /var/cache/fontconfig/f6e6e0a5c3d2f6ae0c0c2e0ecd42a997-le64.cache-7
7f4b4009c000-7f4b4009d000 r--s 00000000 103:05 2754298                   /var/cache/fontconfig/4b2eda6bb976bda485cb2176619421d5-le64.cache-7
7f4b4009d000-7f4b400a7000 r--s 00226000 103:05 1984601                   /home/fernandr/.m2/repository/net/imagej/ij/1.52k/ij-1.52k.jar
7f4b400a7000-7f4b4016b000 rw-p 00000000 00:00 0 
7f4b4016b000-7f4b4016c000 ---p 00000000 00:00 0 
7f4b4016c000-7f4b4016f000 ---p 00000000 00:00 0 
7f4b4016f000-7f4b40270000 rw-p 00000000 00:00 0 
7f4b40270000-7f4b40272000 r--s 00000000 103:05 2754312                   /var/cache/fontconfig/6afa1bb216ce958c1589e297e8008489-le64.cache-7
7f4b40272000-7f4b40279000 r--s 00000000 103:05 657616                    /usr/lib/x86_64-linux-gnu/gconv/gconv-modules.cache
7f4b40279000-7f4b40280000 r--s 00095000 103:05 2028044                   /home/fernandr/Programmes/LIB_EXT/JAR/VIB-lib-2.1.2.jar
7f4b40280000-7f4b4028b000 r--s 00093000 103:05 1983880                   /home/fernandr/Programmes/LIB_EXT/JAR/simpleitk-1.2.0.jar
7f4b4028b000-7f4b4028c000 r--s 00005000 103:05 3411772                   /home/fernandr/eclipse-workspace/MyIJPlugs/vitimage/target/lib/ext/lma.jar
7f4b4028c000-7f4b40294000 rw-s 00000000 103:05 2883657                   /tmp/hsperfdata_fernandr/27859
7f4b40294000-7f4b40295000 rw-p 00000000 00:00 0 
7f4b40295000-7f4b40296000 r--p 00000000 00:00 0 
7f4b40296000-7f4b40297000 r--p 00027000 103:05 3806030                   /lib/x86_64-linux-gnu/ld-2.27.so
7f4b40297000-7f4b40298000 rw-p 00028000 103:05 3806030                   /lib/x86_64-linux-gnu/ld-2.27.so
7f4b40298000-7f4b40299000 rw-p 00000000 00:00 0 
7ffc131b7000-7ffc131d9000 rw-p 00000000 00:00 0                          [stack]
7ffc131f9000-7ffc131fc000 r--p 00000000 00:00 0                          [vvar]
7ffc131fc000-7ffc131fe000 r-xp 00000000 00:00 0                          [vdso]
ffffffffff600000-ffffffffff601000 r-xp 00000000 00:00 0                  [vsyscall]

VM Arguments:
jvm_args: -Djava.library.path=/home/fernandr/Programmes/Fiji.app/lib/linux64 -Dfile.encoding=UTF-8 
java_command: com.vitimage.BlockMatchingRegistration
java_class_path (initial): /home/fernandr/eclipse-workspace/MyIJPlugs/vitimage/target/lib/ext/lma.jar:/home/fernandr/eclipse-workspace/MyIJPlugs/vitimage/target/classes:/home/fernandr/Programmes/LIB_EXT/JAR/simpleitk-1.2.0.jar:/home/fernandr/Programmes/LIB_EXT/JAR/VIB-lib-2.1.2.jar:/home/fernandr/.m2/repository/net/imagej/ij/1.52k/ij-1.52k.jar:/usr/lib/jvm/java-8-oracle/lib/tools.jar:/home/fernandr/.m2/repository/sc/fiji/imagescience/3.0.0/imagescience-3.0.0.jar:/home/fernandr/.m2/repository/sc/fiji/Image_5D/1.2.6/Image_5D-1.2.6.jar:/home/fernandr/.m2/repository/sc/fiji/VIB-lib/2.1.2/VIB-lib-2.1.2.jar:/home/fernandr/.m2/repository/sc/fiji/pal-optimization/2.0.0/pal-optimization-2.0.0.jar:/home/fernandr/.m2/repository/gov/nist/math/jama/1.0.3/jama-1.0.3.jar
Launcher Type: SUN_STANDARD

Environment Variables:
JAVA_HOME=/usr/lib/jvm/java-8-oracle
PATH=/home/fernandr/Programmes/Fiji.app:/home/fernandr/Scripts:/usr/lib/jvm/java-8-oracle/bin:/usr/lib/jvm/java-8-oracle/bin:/usr/local/sbin:/usr/local/bin:/usr/sbin:/usr/bin:/sbin:/bin:/usr/games:/usr/local/games:/home/fernandr/Programmes/ImageJ:/home/fernandr/Programmes/Fiji.app:/snap/bin:/usr/lib/jvm/java-8-oracle/bin:/usr/lib/jvm/java-8-oracle/db/bin:/usr/lib/jvm/java-8-oracle/jre/bin
USERNAME=fernandr
LD_PRELOAD=libgtk3-nocsd.so.0
SHELL=/bin/bash
DISPLAY=:0

Signal Handlers:
SIGSEGV: [libjvm.so+0xad3e60], sa_mask[0]=11111111011111111101111111111110, sa_flags=SA_RESTART|SA_SIGINFO
SIGBUS: [libjvm.so+0xad3e60], sa_mask[0]=11111111011111111101111111111110, sa_flags=SA_RESTART|SA_SIGINFO
SIGFPE: [libjvm.so+0x90b880], sa_mask[0]=11111111011111111101111111111110, sa_flags=SA_RESTART|SA_SIGINFO
SIGPIPE: [libjvm.so+0x90b880], sa_mask[0]=11111111011111111101111111111110, sa_flags=SA_RESTART|SA_SIGINFO
SIGXFSZ: [libjvm.so+0x90b880], sa_mask[0]=11111111011111111101111111111110, sa_flags=SA_RESTART|SA_SIGINFO
SIGILL: [libjvm.so+0x90b880], sa_mask[0]=11111111011111111101111111111110, sa_flags=SA_RESTART|SA_SIGINFO
SIGUSR1: SIG_DFL, sa_mask[0]=00000000000000000000000000000000, sa_flags=none
SIGUSR2: [libjvm.so+0x90b750], sa_mask[0]=00100000000000000000000000000000, sa_flags=SA_RESTART|SA_SIGINFO
SIGHUP: [libjvm.so+0x90bd70], sa_mask[0]=11111111011111111101111111111110, sa_flags=SA_RESTART|SA_SIGINFO
SIGINT: [libjvm.so+0x90bd70], sa_mask[0]=11111111011111111101111111111110, sa_flags=SA_RESTART|SA_SIGINFO
SIGTERM: [libjvm.so+0x90bd70], sa_mask[0]=11111111011111111101111111111110, sa_flags=SA_RESTART|SA_SIGINFO
SIGQUIT: [libjvm.so+0x90bd70], sa_mask[0]=11111111011111111101111111111110, sa_flags=SA_RESTART|SA_SIGINFO


---------------  S Y S T E M  ---------------

OS:DISTRIB_ID=Ubuntu
DISTRIB_RELEASE=18.04
DISTRIB_CODENAME=bionic
DISTRIB_DESCRIPTION="Ubuntu 18.04.2 LTS"

uname:Linux 4.15.0-50-generic #54-Ubuntu SMP Mon May 6 18:46:08 UTC 2019 x86_64
libc:glibc 2.27 NPTL 2.27 
rlimit: STACK 8192k, CORE 0k, NPROC 127338, NOFILE 4096, AS infinity
load average:2,67 2,63 2,31

/proc/meminfo:
MemTotal:       32693752 kB
MemFree:         9485320 kB
MemAvailable:   24148464 kB
Buffers:        12148660 kB
Cached:          2633464 kB
SwapCached:            0 kB
Active:          8127468 kB
Inactive:       14029960 kB
Active(anon):    6678936 kB
Inactive(anon):   959416 kB
Active(file):    1448532 kB
Inactive(file): 13070544 kB
Unevictable:       14020 kB
Mlocked:           14020 kB
SwapTotal:      19530748 kB
SwapFree:       19530748 kB
Dirty:               348 kB
Writeback:             0 kB
AnonPages:       7389188 kB
Mapped:           827472 kB
Shmem:            258520 kB
Slab:             716976 kB
SReclaimable:     615764 kB
SUnreclaim:       101212 kB
KernelStack:       20128 kB
PageTables:        76836 kB
NFS_Unstable:          0 kB
Bounce:                0 kB
WritebackTmp:          0 kB
CommitLimit:    35877624 kB
Committed_AS:   15546996 kB
VmallocTotal:   34359738367 kB
VmallocUsed:           0 kB
VmallocChunk:          0 kB
HardwareCorrupted:     0 kB
AnonHugePages:         0 kB
ShmemHugePages:        0 kB
ShmemPmdMapped:        0 kB
CmaTotal:              0 kB
CmaFree:               0 kB
HugePages_Total:       0
HugePages_Free:        0
HugePages_Rsvd:        0
HugePages_Surp:        0
Hugepagesize:       2048 kB
DirectMap4k:     2308604 kB
DirectMap2M:    31000576 kB
DirectMap1G:     1048576 kB

container (cgroup) information:
container_type: cgroupv1
cpu_cpuset_cpus: 0-11
cpu_memory_nodes: 0
active_processor_count: 12
cpu_quota: -1
cpu_period: 100000
cpu_shares: -1
memory_limit_in_bytes: -1
memory_and_swap_limit_in_bytes: -2
memory_soft_limit_in_bytes: -1
memory_usage_in_bytes: 22703644672
memory_max_usage_in_bytes: 0


CPU:total 12 (initial active 12) (6 cores per cpu, 2 threads per core) family 6 model 158 stepping 10, cmov, cx8, fxsr, mmx, sse, sse2, sse3, ssse3, sse4.1, sse4.2, popcnt, avx, avx2, aes, clmul, erms, rtm, 3dnowpref, lzcnt, ht, tsc, tscinvbit, bmi1, bmi2, adx

/proc/cpuinfo:
processor	: 0
vendor_id	: GenuineIntel
cpu family	: 6
model		: 158
model name	: Intel(R) Xeon(R) E-2186M  CPU @ 2.90GHz
stepping	: 10
microcode	: 0xb4
cpu MHz		: 4363.058
cache size	: 12288 KB
physical id	: 0
siblings	: 12
core id		: 0
cpu cores	: 6
apicid		: 0
initial apicid	: 0
fpu		: yes
fpu_exception	: yes
cpuid level	: 22
wp		: yes
flags		: fpu vme de pse tsc msr pae mce cx8 apic sep mtrr pge mca cmov pat pse36 clflush dts acpi mmx fxsr sse sse2 ss ht tm pbe syscall nx pdpe1gb rdtscp lm constant_tsc art arch_perfmon pebs bts rep_good nopl xtopology nonstop_tsc cpuid aperfmperf tsc_known_freq pni pclmulqdq dtes64 monitor ds_cpl vmx smx est tm2 ssse3 sdbg fma cx16 xtpr pdcm pcid sse4_1 sse4_2 x2apic movbe popcnt tsc_deadline_timer aes xsave avx f16c rdrand lahf_lm abm 3dnowprefetch cpuid_fault epb invpcid_single pti ssbd ibrs ibpb stibp tpr_shadow vnmi flexpriority ept vpid fsgsbase tsc_adjust bmi1 hle avx2 smep bmi2 erms invpcid rtm mpx rdseed adx smap clflushopt intel_pt xsaveopt xsavec xgetbv1 xsaves dtherm ida arat pln pts hwp hwp_notify hwp_act_window hwp_epp md_clear flush_l1d
bugs		: cpu_meltdown spectre_v1 spectre_v2 spec_store_bypass l1tf mds
bogomips	: 5808.00
clflush size	: 64
cache_alignment	: 64
address sizes	: 39 bits physical, 48 bits virtual
power management:

processor	: 1
vendor_id	: GenuineIntel
cpu family	: 6
model		: 158
model name	: Intel(R) Xeon(R) E-2186M  CPU @ 2.90GHz
stepping	: 10
microcode	: 0xb4
cpu MHz		: 4269.927
cache size	: 12288 KB
physical id	: 0
siblings	: 12
core id		: 1
cpu cores	: 6
apicid		: 2
initial apicid	: 2
fpu		: yes
fpu_exception	: yes
cpuid level	: 22
wp		: yes
flags		: fpu vme de pse tsc msr pae mce cx8 apic sep mtrr pge mca cmov pat pse36 clflush dts acpi mmx fxsr sse sse2 ss ht tm pbe syscall nx pdpe1gb rdtscp lm constant_tsc art arch_perfmon pebs bts rep_good nopl xtopology nonstop_tsc cpuid aperfmperf tsc_known_freq pni pclmulqdq dtes64 monitor ds_cpl vmx smx est tm2 ssse3 sdbg fma cx16 xtpr pdcm pcid sse4_1 sse4_2 x2apic movbe popcnt tsc_deadline_timer aes xsave avx f16c rdrand lahf_lm abm 3dnowprefetch cpuid_fault epb invpcid_single pti ssbd ibrs ibpb stibp tpr_shadow vnmi flexpriority ept vpid fsgsbase tsc_adjust bmi1 hle avx2 smep bmi2 erms invpcid rtm mpx rdseed adx smap clflushopt intel_pt xsaveopt xsavec xgetbv1 xsaves dtherm ida arat pln pts hwp hwp_notify hwp_act_window hwp_epp md_clear flush_l1d
bugs		: cpu_meltdown spectre_v1 spectre_v2 spec_store_bypass l1tf mds
bogomips	: 5808.00
clflush size	: 64
cache_alignment	: 64
address sizes	: 39 bits physical, 48 bits virtual
power management:

processor	: 2
vendor_id	: GenuineIntel
cpu family	: 6
model		: 158
model name	: Intel(R) Xeon(R) E-2186M  CPU @ 2.90GHz
stepping	: 10
microcode	: 0xb4
cpu MHz		: 4290.060
cache size	: 12288 KB
physical id	: 0
siblings	: 12
core id		: 2
cpu cores	: 6
apicid		: 4
initial apicid	: 4
fpu		: yes
fpu_exception	: yes
cpuid level	: 22
wp		: yes
flags		: fpu vme de pse tsc msr pae mce cx8 apic sep mtrr pge mca cmov pat pse36 clflush dts acpi mmx fxsr sse sse2 ss ht tm pbe syscall nx pdpe1gb rdtscp lm constant_tsc art arch_perfmon pebs bts rep_good nopl xtopology nonstop_tsc cpuid aperfmperf tsc_known_freq pni pclmulqdq dtes64 monitor ds_cpl vmx smx est tm2 ssse3 sdbg fma cx16 xtpr pdcm pcid sse4_1 sse4_2 x2apic movbe popcnt tsc_deadline_timer aes xsave avx f16c rdrand lahf_lm abm 3dnowprefetch cpuid_fault epb invpcid_single pti ssbd ibrs ibpb stibp tpr_shadow vnmi flexpriority ept vpid fsgsbase tsc_adjust bmi1 hle avx2 smep bmi2 erms invpcid rtm mpx rdseed adx smap clflushopt intel_pt xsaveopt xsavec xgetbv1 xsaves dtherm ida arat pln pts hwp hwp_notify hwp_act_window hwp_epp md_clear flush_l1d
bugs		: cpu_meltdown spectre_v1 spectre_v2 spec_store_bypass l1tf mds
bogomips	: 5808.00
clflush size	: 64
cache_alignment	: 64
address sizes	: 39 bits physical, 48 bits virtual
power management:

processor	: 3
vendor_id	: GenuineIntel
cpu family	: 6
model		: 158
model name	: Intel(R) Xeon(R) E-2186M  CPU @ 2.90GHz
stepping	: 10
microcode	: 0xb4
cpu MHz		: 4301.520
cache size	: 12288 KB
physical id	: 0
siblings	: 12
core id		: 3
cpu cores	: 6
apicid		: 6
initial apicid	: 6
fpu		: yes
fpu_exception	: yes
cpuid level	: 22
wp		: yes
flags		: fpu vme de pse tsc msr pae mce cx8 apic sep mtrr pge mca cmov pat pse36 clflush dts acpi mmx fxsr sse sse2 ss ht tm pbe syscall nx pdpe1gb rdtscp lm constant_tsc art arch_perfmon pebs bts rep_good nopl xtopology nonstop_tsc cpuid aperfmperf tsc_known_freq pni pclmulqdq dtes64 monitor ds_cpl vmx smx est tm2 ssse3 sdbg fma cx16 xtpr pdcm pcid sse4_1 sse4_2 x2apic movbe popcnt tsc_deadline_timer aes xsave avx f16c rdrand lahf_lm abm 3dnowprefetch cpuid_fault epb invpcid_single pti ssbd ibrs ibpb stibp tpr_shadow vnmi flexpriority ept vpid fsgsbase tsc_adjust bmi1 hle avx2 smep bmi2 erms invpcid rtm mpx rdseed adx smap clflushopt intel_pt xsaveopt xsavec xgetbv1 xsaves dtherm ida arat pln pts hwp hwp_notify hwp_act_window hwp_epp md_clear flush_l1d
bugs		: cpu_meltdown spectre_v1 spectre_v2 spec_store_bypass l1tf mds
bogomips	: 5808.00
clflush size	: 64
cache_alignment	: 64
address sizes	: 39 bits physical, 48 bits virtual
power management:

processor	: 4
vendor_id	: GenuineIntel
cpu family	: 6
model		: 158
model name	: Intel(R) Xeon(R) E-2186M  CPU @ 2.90GHz
stepping	: 10
microcode	: 0xb4
cpu MHz		: 4146.793
cache size	: 12288 KB
physical id	: 0
siblings	: 12
core id		: 4
cpu cores	: 6
apicid		: 8
initial apicid	: 8
fpu		: yes
fpu_exception	: yes
cpuid level	: 22
wp		: yes
flags		: fpu vme de pse tsc msr pae mce cx8 apic sep mtrr pge mca cmov pat pse36 clflush dts acpi mmx fxsr sse sse2 ss ht tm pbe syscall nx pdpe1gb rdtscp lm constant_tsc art arch_perfmon pebs bts rep_good nopl xtopology nonstop_tsc cpuid aperfmperf tsc_known_freq pni pclmulqdq dtes64 monitor ds_cpl vmx smx est tm2 ssse3 sdbg fma cx16 xtpr pdcm pcid sse4_1 sse4_2 x2apic movbe popcnt tsc_deadline_timer aes xsave avx f16c rdrand lahf_lm abm 3dnowprefetch cpuid_fault epb invpcid_single pti ssbd ibrs ibpb stibp tpr_shadow vnmi flexpriority ept vpid fsgsbase tsc_adjust bmi1 hle avx2 smep bmi2 erms invpcid rtm mpx rdseed adx smap clflushopt intel_pt xsaveopt xsavec xgetbv1 xsaves dtherm ida arat pln pts hwp hwp_notify hwp_act_window hwp_epp md_clear flush_l1d
bugs		: cpu_meltdown spectre_v1 spectre_v2 spec_store_bypass l1tf mds
bogomips	: 5808.00
clflush size	: 64
cache_alignment	: 64
address sizes	: 39 bits physical, 48 bits virtual
power management:

processor	: 5
vendor_id	: GenuineIntel
cpu family	: 6
model		: 158
model name	: Intel(R) Xeon(R) E-2186M  CPU @ 2.90GHz
stepping	: 10
microcode	: 0xb4
cpu MHz		: 4388.630
cache size	: 12288 KB
physical id	: 0
siblings	: 12
core id		: 5
cpu cores	: 6
apicid		: 10
initial apicid	: 10
fpu		: yes
fpu_exception	: yes
cpuid level	: 22
wp		: yes
flags		: fpu vme de pse tsc msr pae mce cx8 apic sep mtrr pge mca cmov pat pse36 clflush dts acpi mmx fxsr sse sse2 ss ht tm pbe syscall nx pdpe1gb rdtscp lm constant_tsc art arch_perfmon pebs bts rep_good nopl xtopology nonstop_tsc cpuid aperfmperf tsc_known_freq pni pclmulqdq dtes64 monitor ds_cpl vmx smx est tm2 ssse3 sdbg fma cx16 xtpr pdcm pcid sse4_1 sse4_2 x2apic movbe popcnt tsc_deadline_timer aes xsave avx f16c rdrand lahf_lm abm 3dnowprefetch cpuid_fault epb invpcid_single pti ssbd ibrs ibpb stibp tpr_shadow vnmi flexpriority ept vpid fsgsbase tsc_adjust bmi1 hle avx2 smep bmi2 erms invpcid rtm mpx rdseed adx smap clflushopt intel_pt xsaveopt xsavec xgetbv1 xsaves dtherm ida arat pln pts hwp hwp_notify hwp_act_window hwp_epp md_clear flush_l1d
bugs		: cpu_meltdown spectre_v1 spectre_v2 spec_store_bypass l1tf mds
bogomips	: 5808.00
clflush size	: 64
cache_alignment	: 64
address sizes	: 39 bits physical, 48 bits virtual
power management:

processor	: 6
vendor_id	: GenuineIntel
cpu family	: 6
model		: 158
model name	: Intel(R) Xeon(R) E-2186M  CPU @ 2.90GHz
stepping	: 10
microcode	: 0xb4
cpu MHz		: 4379.228
cache size	: 12288 KB
physical id	: 0
siblings	: 12
core id		: 0
cpu cores	: 6
apicid		: 1
initial apicid	: 1
fpu		: yes
fpu_exception	: yes
cpuid level	: 22
wp		: yes
flags		: fpu vme de pse tsc msr pae mce cx8 apic sep mtrr pge mca cmov pat pse36 clflush dts acpi mmx fxsr sse sse2 ss ht tm pbe syscall nx pdpe1gb rdtscp lm constant_tsc art arch_perfmon pebs bts rep_good nopl xtopology nonstop_tsc cpuid aperfmperf tsc_known_freq pni pclmulqdq dtes64 monitor ds_cpl vmx smx est tm2 ssse3 sdbg fma cx16 xtpr pdcm pcid sse4_1 sse4_2 x2apic movbe popcnt tsc_deadline_timer aes xsave avx f16c rdrand lahf_lm abm 3dnowprefetch cpuid_fault epb invpcid_single pti ssbd ibrs ibpb stibp tpr_shadow vnmi flexpriority ept vpid fsgsbase tsc_adjust bmi1 hle avx2 smep bmi2 erms invpcid rtm mpx rdseed adx smap clflushopt intel_pt xsaveopt xsavec xgetbv1 xsaves dtherm ida arat pln pts hwp hwp_notify hwp_act_window hwp_epp md_clear flush_l1d
bugs		: cpu_meltdown spectre_v1 spectre_v2 spec_store_bypass l1tf mds
bogomips	: 5808.00
clflush size	: 64
cache_alignment	: 64
address sizes	: 39 bits physical, 48 bits virtual
power management:

processor	: 7
vendor_id	: GenuineIntel
cpu family	: 6
model		: 158
model name	: Intel(R) Xeon(R) E-2186M  CPU @ 2.90GHz
stepping	: 10
microcode	: 0xb4
cpu MHz		: 4249.830
cache size	: 12288 KB
physical id	: 0
siblings	: 12
core id		: 1
cpu cores	: 6
apicid		: 3
initial apicid	: 3
fpu		: yes
fpu_exception	: yes
cpuid level	: 22
wp		: yes
flags		: fpu vme de pse tsc msr pae mce cx8 apic sep mtrr pge mca cmov pat pse36 clflush dts acpi mmx fxsr sse sse2 ss ht tm pbe syscall nx pdpe1gb rdtscp lm constant_tsc art arch_perfmon pebs bts rep_good nopl xtopology nonstop_tsc cpuid aperfmperf tsc_known_freq pni pclmulqdq dtes64 monitor ds_cpl vmx smx est tm2 ssse3 sdbg fma cx16 xtpr pdcm pcid sse4_1 sse4_2 x2apic movbe popcnt tsc_deadline_timer aes xsave avx f16c rdrand lahf_lm abm 3dnowprefetch cpuid_fault epb invpcid_single pti ssbd ibrs ibpb stibp tpr_shadow vnmi flexpriority ept vpid fsgsbase tsc_adjust bmi1 hle avx2 smep bmi2 erms invpcid rtm mpx rdseed adx smap clflushopt intel_pt xsaveopt xsavec xgetbv1 xsaves dtherm ida arat pln pts hwp hwp_notify hwp_act_window hwp_epp md_clear flush_l1d
bugs		: cpu_meltdown spectre_v1 spectre_v2 spec_store_bypass l1tf mds
bogomips	: 5808.00
clflush size	: 64
cache_alignment	: 64
address sizes	: 39 bits physical, 48 bits virtual
power management:

processor	: 8
vendor_id	: GenuineIntel
cpu family	: 6
model		: 158
model name	: Intel(R) Xeon(R) E-2186M  CPU @ 2.90GHz
stepping	: 10
microcode	: 0xb4
cpu MHz		: 4353.219
cache size	: 12288 KB
physical id	: 0
siblings	: 12
core id		: 2
cpu cores	: 6
apicid		: 5
initial apicid	: 5
fpu		: yes
fpu_exception	: yes
cpuid level	: 22
wp		: yes
flags		: fpu vme de pse tsc msr pae mce cx8 apic sep mtrr pge mca cmov pat pse36 clflush dts acpi mmx fxsr sse sse2 ss ht tm pbe syscall nx pdpe1gb rdtscp lm constant_tsc art arch_perfmon pebs bts rep_good nopl xtopology nonstop_tsc cpuid aperfmperf tsc_known_freq pni pclmulqdq dtes64 monitor ds_cpl vmx smx est tm2 ssse3 sdbg fma cx16 xtpr pdcm pcid sse4_1 sse4_2 x2apic movbe popcnt tsc_deadline_timer aes xsave avx f16c rdrand lahf_lm abm 3dnowprefetch cpuid_fault epb invpcid_single pti ssbd ibrs ibpb stibp tpr_shadow vnmi flexpriority ept vpid fsgsbase tsc_adjust bmi1 hle avx2 smep bmi2 erms invpcid rtm mpx rdseed adx smap clflushopt intel_pt xsaveopt xsavec xgetbv1 xsaves dtherm ida arat pln pts hwp hwp_notify hwp_act_window hwp_epp md_clear flush_l1d
bugs		: cpu_meltdown spectre_v1 spectre_v2 spec_store_bypass l1tf mds
bogomips	: 5808.00
clflush size	: 64
cache_alignment	: 64
address sizes	: 39 bits physical, 48 bits virtual
power management:

processor	: 9
vendor_id	: GenuineIntel
cpu family	: 6
model		: 158
model name	: Intel(R) Xeon(R) E-2186M  CPU @ 2.90GHz
stepping	: 10
microcode	: 0xb4
cpu MHz		: 4188.319
cache size	: 12288 KB
physical id	: 0
siblings	: 12
core id		: 3
cpu cores	: 6
apicid		: 7
initial apicid	: 7
fpu		: yes
fpu_exception	: yes
cpuid level	: 22
wp		: yes
flags		: fpu vme de pse tsc msr pae mce cx8 apic sep mtrr pge mca cmov pat pse36 clflush dts acpi mmx fxsr sse sse2 ss ht tm pbe syscall nx pdpe1gb rdtscp lm constant_tsc art arch_perfmon pebs bts rep_good nopl xtopology nonstop_tsc cpuid aperfmperf tsc_known_freq pni pclmulqdq dtes64 monitor ds_cpl vmx smx est tm2 ssse3 sdbg fma cx16 xtpr pdcm pcid sse4_1 sse4_2 x2apic movbe popcnt tsc_deadline_timer aes xsave avx f16c rdrand lahf_lm abm 3dnowprefetch cpuid_fault epb invpcid_single pti ssbd ibrs ibpb stibp tpr_shadow vnmi flexpriority ept vpid fsgsbase tsc_adjust bmi1 hle avx2 smep bmi2 erms invpcid rtm mpx rdseed adx smap clflushopt intel_pt xsaveopt xsavec xgetbv1 xsaves dtherm ida arat pln pts hwp hwp_notify hwp_act_window hwp_epp md_clear flush_l1d
bugs		: cpu_meltdown spectre_v1 spectre_v2 spec_store_bypass l1tf mds
bogomips	: 5808.00
clflush size	: 64
cache_alignment	: 64
address sizes	: 39 bits physical, 48 bits virtual
power management:

processor	: 10
vendor_id	: GenuineIntel
cpu family	: 6
model		: 158
model name	: Intel(R) Xeon(R) E-2186M  CPU @ 2.90GHz
stepping	: 10
microcode	: 0xb4
cpu MHz		: 4244.956
cache size	: 12288 KB
physical id	: 0
siblings	: 12
core id		: 4
cpu cores	: 6
apicid		: 9
initial apicid	: 9
fpu		: yes
fpu_exception	: yes
cpuid level	: 22
wp		: yes
flags		: fpu vme de pse tsc msr pae mce cx8 apic sep mtrr pge mca cmov pat pse36 clflush dts acpi mmx fxsr sse sse2 ss ht tm pbe syscall nx pdpe1gb rdtscp lm constant_tsc art arch_perfmon pebs bts rep_good nopl xtopology nonstop_tsc cpuid aperfmperf tsc_known_freq pni pclmulqdq dtes64 monitor ds_cpl vmx smx est tm2 ssse3 sdbg fma cx16 xtpr pdcm pcid sse4_1 sse4_2 x2apic movbe popcnt tsc_deadline_timer aes xsave avx f16c rdrand lahf_lm abm 3dnowprefetch cpuid_fault epb invpcid_single pti ssbd ibrs ibpb stibp tpr_shadow vnmi flexpriority ept vpid fsgsbase tsc_adjust bmi1 hle avx2 smep bmi2 erms invpcid rtm mpx rdseed adx smap clflushopt intel_pt xsaveopt xsavec xgetbv1 xsaves dtherm ida arat pln pts hwp hwp_notify hwp_act_window hwp_epp md_clear flush_l1d
bugs		: cpu_meltdown spectre_v1 spectre_v2 spec_store_bypass l1tf mds
bogomips	: 5808.00
clflush size	: 64
cache_alignment	: 64
address sizes	: 39 bits physical, 48 bits virtual
power management:

processor	: 11
vendor_id	: GenuineIntel
cpu family	: 6
model		: 158
model name	: Intel(R) Xeon(R) E-2186M  CPU @ 2.90GHz
stepping	: 10
microcode	: 0xb4
cpu MHz		: 4399.515
cache size	: 12288 KB
physical id	: 0
siblings	: 12
core id		: 5
cpu cores	: 6
apicid		: 11
initial apicid	: 11
fpu		: yes
fpu_exception	: yes
cpuid level	: 22
wp		: yes
flags		: fpu vme de pse tsc msr pae mce cx8 apic sep mtrr pge mca cmov pat pse36 clflush dts acpi mmx fxsr sse sse2 ss ht tm pbe syscall nx pdpe1gb rdtscp lm constant_tsc art arch_perfmon pebs bts rep_good nopl xtopology nonstop_tsc cpuid aperfmperf tsc_known_freq pni pclmulqdq dtes64 monitor ds_cpl vmx smx est tm2 ssse3 sdbg fma cx16 xtpr pdcm pcid sse4_1 sse4_2 x2apic movbe popcnt tsc_deadline_timer aes xsave avx f16c rdrand lahf_lm abm 3dnowprefetch cpuid_fault epb invpcid_single pti ssbd ibrs ibpb stibp tpr_shadow vnmi flexpriority ept vpid fsgsbase tsc_adjust bmi1 hle avx2 smep bmi2 erms invpcid rtm mpx rdseed adx smap clflushopt intel_pt xsaveopt xsavec xgetbv1 xsaves dtherm ida arat pln pts hwp hwp_notify hwp_act_window hwp_epp md_clear flush_l1d
bugs		: cpu_meltdown spectre_v1 spectre_v2 spec_store_bypass l1tf mds
bogomips	: 5808.00
clflush size	: 64
cache_alignment	: 64
address sizes	: 39 bits physical, 48 bits virtual
power management:



Memory: 4k page, physical 32693752k(9485612k free), swap 19530748k(19530748k free)

vm_info: Java HotSpot(TM) 64-Bit Server VM (25.201-b09) for linux-amd64 JRE (1.8.0_201-b09), built on Dec 15 2018 11:35:59 by "java_re" with gcc 7.3.0

time: Tue May 21 16:10:42 2019
timezone: CEST
elapsed time: 30 seconds (0d 0h 0m 30s)

