#
# A fatal error has been detected by the Java Runtime Environment:
#
#  SIGSEGV (0xb) at pc=0x00007f2c43c9f98d, pid=7925, tid=0x00007f2c0bfff700
#
# JRE version: Java(TM) SE Runtime Environment (8.0_201-b09) (build 1.8.0_201-b09)
# Java VM: Java HotSpot(TM) 64-Bit Server VM (25.201-b09 mixed mode linux-amd64 compressed oops)
# Problematic frame:
# C  [libc.so.6+0x9798d]  cfree+0x3d
#
# Failed to write core dump. Core dumps have been disabled. To enable core dumping, try "ulimit -c unlimited" before starting Java again
#
# If you would like to submit a bug report, please visit:
#   http://bugreport.java.com/bugreport/crash.jsp
# The crash happened outside the Java Virtual Machine in native code.
# See problematic frame for where to report the bug.
#

---------------  T H R E A D  ---------------

Current thread (0x00007f2c3c092000):  JavaThread "Finalizer" daemon [_thread_in_native, id=7942, stack(0x00007f2c0beff000,0x00007f2c0c000000)]

siginfo: si_signo: 11 (SIGSEGV), si_code: 1 (SEGV_MAPERR), si_addr: 0x00007f2b50fff008

Registers:
RAX=0x0000000000000000, RBX=0x00007f2c3c1dece0, RCX=0x0000000000000020, RDX=0x00007f2c3c000080
RSP=0x00007f2c0bffb9e0, RBP=0x00007f2c0bffbac0, RSI=0x00007f2c0bffbac0, RDI=0x00007f2b50fff010
R8 =0x00000000f800c16f, R9 =0x00000007c00604c8, R10=0x00007f2c2d01869b, R11=0x00007f2c435dedb0
R12=0x00007f2b50fff010, R13=0x00007f2bec49e570, R14=0x00007f2c0bffe8e8, R15=0x00007f2c3c092000
RIP=0x00007f2c43c9f98d, EFLAGS=0x0000000000010202, CSGSFS=0x002b000000000033, ERR=0x0000000000000004
  TRAPNO=0x000000000000000e

Top of Stack: (sp=0x00007f2c0bffb9e0)
0x00007f2c0bffb9e0:   00007f2c3c410820 00007f2c0bffbb28
0x00007f2c0bffb9f0:   0000000000000000 00007f2bace2846b
0x00007f2c0bffba00:   0000000000000000 f445be8b53918800
0x00007f2c0bffba10:   0000000000000000 00007f2c3c1dece0
0x00007f2c0bffba20:   00007f2c0bffbac0 0000000000000000
0x00007f2c0bffba30:   00007f2bec49e570 00007f2c0bffe8e8
0x00007f2c0bffba40:   00007f2c3c092000 00007f2ba767a708
0x00007f2c0bffba50:   00007f2c3c1dece0 00007f2ba767a74c
0x00007f2c0bffba60:   0000000003dd39fd 00007f2c3c1dece0
0x00007f2c0bffba70:   00007f2c0bffbac0 00007f2ba767a779
0x00007f2c0bffba80:   00007f2c3c1dece0 00007f2bace280ef
0x00007f2c0bffba90:   00007f2c0bffbb90 00007f2bace12d3c
0x00007f2c0bffbaa0:   00007f2c0bffbb80 f445be8b00000000
0x00007f2c0bffbab0:   00007f2c3c410a30 0000000000000000
0x00007f2c0bffbac0:   00007f2baee58690 00007f2bace12d3c
0x00007f2c0bffbad0:   00007f2c3e7a5020 00000000f74e7f72
0x00007f2c0bffbae0:   00007f2c3c410820 00007f2c0bffbc28
0x00007f2c0bffbaf0:   0000000000000000 00007f2c3c4104c0
0x00007f2c0bffbb00:   0000000000000000 00007f2bace2846b
0x00007f2c0bffbb10:   0000000000000000 0000000000000000
0x00007f2c0bffbb20:   0000000000000005 0000000000000000
0x00007f2c0bffbb30:   0000000000000001 00007f2c3c4104c0
0x00007f2c0bffbb40:   00007f2ba257fcd5 0000000100000000
0x00007f2c0bffbb50:   00007f2c0bffbb80 00007f2c0bffbb90
0x00007f2c0bffbb60:   00007f2c3c410818 0000000000000000
0x00007f2c0bffbb70:   00000000028b8020 00007f2c3c1a4830
0x00007f2c0bffbb80:   00000000ffffffff 00007f2c0bffbfe0
0x00007f2c0bffbb90:   00007f2ba107dfc0 00007f2c3c4104c0
0x00007f2c0bffbba0:   00000000028001f0 00007f2c3c976280
0x00007f2c0bffbbb0:   0000000000000000 0000000000000000
0x00007f2c0bffbbc0:   00007f2bec49e570 00007f2c0bffe8e8
0x00007f2c0bffbbd0:   00007f2c3c092000 00007f2bafd93950 

Instructions: (pc=0x00007f2c43c9f98d)
0x00007f2c43c9f96d:   24 28 31 c0 48 8b 05 70 35 35 00 48 8b 00 48 85
0x00007f2c43c9f97d:   c0 0f 85 9c 02 00 00 48 85 ff 0f 84 13 01 00 00
0x00007f2c43c9f98d:   48 8b 77 f8 4c 8d 6f f0 40 f6 c6 02 0f 85 29 01
0x00007f2c43c9f99d:   00 00 48 8b 2d d2 33 35 00 64 48 83 7d 00 00 0f 

Register to memory mapping:

RAX=0x0000000000000000 is an unknown value
RBX=0x00007f2c3c1dece0 is an unknown value
RCX=0x0000000000000020 is an unknown value
RDX=0x00007f2c3c000080 is an unknown value
RSP=0x00007f2c0bffb9e0 is pointing into the stack for thread: 0x00007f2c3c092000
RBP=0x00007f2c0bffbac0 is pointing into the stack for thread: 0x00007f2c3c092000
RSI=0x00007f2c0bffbac0 is pointing into the stack for thread: 0x00007f2c3c092000
RDI=0x00007f2b50fff010 is an unknown value
R8 =0x00000000f800c16f is an unknown value
R9 =0x00000007c00604c8 is pointing into metadata
R10=0x00007f2c2d01869b is at code_begin+859 in an Interpreter codelet
method entry point (kind = native)  [0x00007f2c2d018340, 0x00007f2c2d018cc0]  2432 bytes
R11=0x00007f2c435dedb0: <offset 0x9bfdb0> in /usr/lib/jvm/java-8-oracle/jre/lib/amd64/server/libjvm.so at 0x00007f2c42c1f000
R12=0x00007f2b50fff010 is an unknown value
R13={method} {0x00007f2bec49e570} 'delete_DisplacementFieldTransform' '(J)V' in 'org/itk/simple/SimpleITKJNI'
R14=0x00007f2c0bffe8e8 is pointing into the stack for thread: 0x00007f2c3c092000
R15=0x00007f2c3c092000 is a thread


Stack: [0x00007f2c0beff000,0x00007f2c0c000000],  sp=0x00007f2c0bffb9e0,  free space=1010k
Native frames: (J=compiled Java code, j=interpreted, Vv=VM code, C=native code)
C  [libc.so.6+0x9798d]  cfree+0x3d
C  [libSimpleITKJava.so+0xc365d3c]  itk::Object::UnRegister() const+0x1c

Java frames: (J=compiled Java code, j=interpreted, Vv=VM code)
j  org.itk.simple.SimpleITKJNI.delete_DisplacementFieldTransform(J)V+0
j  org.itk.simple.DisplacementFieldTransform.delete()V+25
j  org.itk.simple.DisplacementFieldTransform.finalize()V+1
J 1941% C2 java.lang.ref.Finalizer$FinalizerThread.run()V (55 bytes) @ 0x00007f2c2d645c40 [0x00007f2c2d645640+0x600]
v  ~StubRoutines::call_stub

---------------  P R O C E S S  ---------------

Java Threads: ( => current thread )
  0x00007f299592c800 JavaThread "DestroyJavaVM" [_thread_blocked, id=7927, stack(0x00007f2c44938000,0x00007f2c44a38000)]
  0x00007f295973d800 JavaThread "zSelector" [_thread_blocked, id=10357, stack(0x00007f2ba05a8000,0x00007f2ba06a9000)]
  0x00007f295d9f9800 JavaThread "zSelector" [_thread_blocked, id=10356, stack(0x00007f2ba06a9000,0x00007f2ba07aa000)]
  0x00007f299592f800 JavaThread "zSelector" [_thread_blocked, id=10346, stack(0x00007f2bec061000,0x00007f2bec162000)]
  0x00007f299592e800 JavaThread "zSelector" [_thread_blocked, id=10345, stack(0x00007f2ba09ac000,0x00007f2ba0aad000)]
  0x00007f299659b800 JavaThread "zSelector" [_thread_blocked, id=10344, stack(0x00007f2ba07aa000,0x00007f2ba08ab000)]
  0x00007f29a8d55800 JavaThread "zSelector" [_thread_blocked, id=10313, stack(0x00007f2ba08ab000,0x00007f2ba09ac000)]
  0x00007f2c3c33b800 JavaThread "AWT-EventQueue-0" [_thread_blocked, id=7956, stack(0x00007f2c086c4000,0x00007f2c087c5000)]
  0x00007f2c3c337800 JavaThread "AWT-Shutdown" [_thread_blocked, id=7955, stack(0x00007f2c087c5000,0x00007f2c088c6000)]
  0x00007f2c3c2a2800 JavaThread "AWT-XAWT" daemon [_thread_in_native, id=7954, stack(0x00007f2c08ac6000,0x00007f2c08bc7000)]
  0x00007f2c3c264800 JavaThread "Java2D Disposer" daemon [_thread_blocked, id=7953, stack(0x00007f2c08fd7000,0x00007f2c090d8000)]
  0x00007f2c3c0d8800 JavaThread "Service Thread" daemon [_thread_blocked, id=7951, stack(0x00007f2c0af2a000,0x00007f2c0b02b000)]
  0x00007f2c3c0cd800 JavaThread "C1 CompilerThread3" daemon [_thread_blocked, id=7950, stack(0x00007f2c0b02c000,0x00007f2c0b12c000)]
  0x00007f2c3c0cb800 JavaThread "C2 CompilerThread2" daemon [_thread_blocked, id=7949, stack(0x00007f2c0b12d000,0x00007f2c0b22d000)]
  0x00007f2c3c0c9800 JavaThread "C2 CompilerThread1" daemon [_thread_blocked, id=7948, stack(0x00007f2c0b22e000,0x00007f2c0b32e000)]
  0x00007f2c3c0c7000 JavaThread "C2 CompilerThread0" daemon [_thread_blocked, id=7947, stack(0x00007f2c0b32f000,0x00007f2c0b42f000)]
  0x00007f2c3c0c5800 JavaThread "Signal Dispatcher" daemon [_thread_blocked, id=7946, stack(0x00007f2c0b42f000,0x00007f2c0b530000)]
=>0x00007f2c3c092000 JavaThread "Finalizer" daemon [_thread_in_native, id=7942, stack(0x00007f2c0beff000,0x00007f2c0c000000)]
  0x00007f2c3c08f800 JavaThread "Reference Handler" daemon [_thread_blocked, id=7940, stack(0x00007f2c280f2000,0x00007f2c281f3000)]

Other Threads:
  0x00007f2c3c086000 VMThread [stack: 0x00007f2c281f4000,0x00007f2c282f4000] [id=7938]
  0x00007f2c3c0db000 WatcherThread [stack: 0x00007f2c0ae2a000,0x00007f2c0af2a000] [id=7952]

VM state:not at safepoint (normal execution)

VM Mutex/Monitor currently owned by a thread: None

heap address: 0x00000005cd200000, size: 7982 MB, Compressed Oops mode: Zero based, Oop shift amount: 3
Narrow klass base: 0x0000000000000000, Narrow klass shift: 3
Compressed class space size: 1073741824 Address: 0x00000007c0000000

Heap:
 PSYoungGen      total 1184256K, used 450520K [0x0000000719b80000, 0x00000007c0000000, 0x00000007c0000000)
  eden space 908800K, 49% used [0x0000000719b80000,0x0000000735376068,0x0000000751300000)
  from space 275456K, 0% used [0x00000007af300000,0x00000007af300000,0x00000007c0000000)
  to   space 907776K, 0% used [0x0000000751300000,0x0000000751300000,0x0000000788980000)
 ParOldGen       total 3914752K, used 2138273K [0x00000005cd200000, 0x00000006bc100000, 0x0000000719b80000)
  object space 3914752K, 54% used [0x00000005cd200000,0x000000064fa286e8,0x00000006bc100000)
 Metaspace       used 16929K, capacity 17173K, committed 17280K, reserved 1064960K
  class space    used 1552K, capacity 1645K, committed 1664K, reserved 1048576K

Card table byte_map: [0x00007f2c40485000,0x00007f2c4141d000] byte_map_base: 0x00007f2c3d61c000

Marking Bits: (ParMarkBitMap*) 0x00007f2c43bead80
 Begin Bits: [0x00007f2bec690000, 0x00007f2bf4348000)
 End Bits:   [0x00007f2bf4348000, 0x00007f2bfc000000)

Polling page: 0x00007f2c44a61000

CodeCache: size=245760Kb used=9482Kb max_used=9550Kb free=236277Kb
 bounds [0x00007f2c2d000000, 0x00007f2c2d960000, 0x00007f2c3c000000]
 total_blobs=3081 nmethods=2169 adapters=824
 compilation: enabled

Compilation events (10 events):
Event: 417,980 Thread 0x00007f2c3c0cd800 2599       3       java.awt.event.InvocationEvent::<init> (13 bytes)
Event: 417,981 Thread 0x00007f2c3c0cd800 nmethod 2599 0x00007f2c2d343390 code [0x00007f2c2d343500, 0x00007f2c2d3436a8]
Event: 417,981 Thread 0x00007f2c3c0cd800 2600       3       java.awt.Image$1::getSurfaceManager (5 bytes)
Event: 417,981 Thread 0x00007f2c3c0cd800 nmethod 2600 0x00007f2c2d823bd0 code [0x00007f2c2d823d40, 0x00007f2c2d823e90]
Event: 417,990 Thread 0x00007f2c3c0cb800 2601       4       java.awt.Polygon$PolygonPathIterator::isDone (20 bytes)
Event: 417,991 Thread 0x00007f2c3c0cb800 nmethod 2601 0x00007f2c2d8a4750 code [0x00007f2c2d8a48a0, 0x00007f2c2d8a4938]
Event: 418,147 Thread 0x00007f2c3c0cd800 2602       3       java.lang.StringBuilder::append (8 bytes)
Event: 418,147 Thread 0x00007f2c3c0cd800 nmethod 2602 0x00007f2c2d79f850 code [0x00007f2c2d79f9e0, 0x00007f2c2d79fd58]
Event: 418,147 Thread 0x00007f2c3c0cd800 2603       3       java.lang.AbstractStringBuilder::append (7 bytes)
Event: 418,147 Thread 0x00007f2c3c0cd800 nmethod 2603 0x00007f2c2d79f210 code [0x00007f2c2d79f3a0, 0x00007f2c2d79f6b8]

GC Heap History (10 events):
Event: 339,511 GC heap before
{Heap before GC invocations=221 (full 3):
 PSYoungGen      total 2309120K, used 135649K [0x0000000719b80000, 0x00000007c0000000, 0x00000007c0000000)
  eden space 2173440K, 0% used [0x0000000719b80000,0x0000000719b80000,0x000000079e600000)
  from space 135680K, 99% used [0x00000007b7b80000,0x00000007bfff87e0,0x00000007c0000000)
  to   space 275456K, 0% used [0x000000079e600000,0x000000079e600000,0x00000007af300000)
 ParOldGen       total 836096K, used 835998K [0x00000005cd200000, 0x0000000600280000, 0x0000000719b80000)
  object space 836096K, 99% used [0x00000005cd200000,0x0000000600267ab0,0x0000000600280000)
 Metaspace       used 15700K, capacity 15855K, committed 16128K, reserved 1064960K
  class space    used 1428K, capacity 1484K, committed 1536K, reserved 1048576K
Event: 340,728 GC heap after
Heap after GC invocations=221 (full 3):
 PSYoungGen      total 2309120K, used 0K [0x0000000719b80000, 0x00000007c0000000, 0x00000007c0000000)
  eden space 2173440K, 0% used [0x0000000719b80000,0x0000000719b80000,0x000000079e600000)
  from space 135680K, 0% used [0x00000007b7b80000,0x00000007b7b80000,0x00000007c0000000)
  to   space 275456K, 0% used [0x000000079e600000,0x000000079e600000,0x00000007af300000)
 ParOldGen       total 1079296K, used 606074K [0x00000005cd200000, 0x000000060f000000, 0x0000000719b80000)
  object space 1079296K, 56% used [0x00000005cd200000,0x00000005f21deac8,0x000000060f000000)
 Metaspace       used 15700K, capacity 15855K, committed 16128K, reserved 1064960K
  class space    used 1428K, capacity 1484K, committed 1536K, reserved 1048576K
}
Event: 375,446 GC heap before
{Heap before GC invocations=222 (full 3):
 PSYoungGen      total 2309120K, used 2173440K [0x0000000719b80000, 0x00000007c0000000, 0x00000007c0000000)
  eden space 2173440K, 100% used [0x0000000719b80000,0x000000079e600000,0x000000079e600000)
  from space 135680K, 0% used [0x00000007b7b80000,0x00000007b7b80000,0x00000007c0000000)
  to   space 275456K, 0% used [0x000000079e600000,0x000000079e600000,0x00000007af300000)
 ParOldGen       total 1079296K, used 606074K [0x00000005cd200000, 0x000000060f000000, 0x0000000719b80000)
  object space 1079296K, 56% used [0x00000005cd200000,0x00000005f21deac8,0x000000060f000000)
 Metaspace       used 15927K, capacity 16143K, committed 16384K, reserved 1064960K
  class space    used 1439K, capacity 1516K, committed 1536K, reserved 1048576K
Event: 379,219 GC heap after
Heap after GC invocations=222 (full 3):
 PSYoungGen      total 2448896K, used 275426K [0x0000000719b80000, 0x00000007c0000000, 0x00000007c0000000)
  eden space 2173440K, 0% used [0x0000000719b80000,0x0000000719b80000,0x000000079e600000)
  from space 275456K, 99% used [0x000000079e600000,0x00000007af2f8a10,0x00000007af300000)
  to   space 275456K, 0% used [0x00000007af300000,0x00000007af300000,0x00000007c0000000)
 ParOldGen       total 2221056K, used 2220733K [0x00000005cd200000, 0x0000000654b00000, 0x0000000719b80000)
  object space 2221056K, 99% used [0x00000005cd200000,0x0000000654aaf460,0x0000000654b00000)
 Metaspace       used 15927K, capacity 16143K, committed 16384K, reserved 1064960K
  class space    used 1439K, capacity 1516K, committed 1536K, reserved 1048576K
}
Event: 379,219 GC heap before
{Heap before GC invocations=223 (full 4):
 PSYoungGen      total 2448896K, used 275426K [0x0000000719b80000, 0x00000007c0000000, 0x00000007c0000000)
  eden space 2173440K, 0% used [0x0000000719b80000,0x0000000719b80000,0x000000079e600000)
  from space 275456K, 99% used [0x000000079e600000,0x00000007af2f8a10,0x00000007af300000)
  to   space 275456K, 0% used [0x00000007af300000,0x00000007af300000,0x00000007c0000000)
 ParOldGen       total 2221056K, used 2220733K [0x00000005cd200000, 0x0000000654b00000, 0x0000000719b80000)
  object space 2221056K, 99% used [0x00000005cd200000,0x0000000654aaf460,0x0000000654b00000)
 Metaspace       used 15927K, capacity 16143K, committed 16384K, reserved 1064960K
  class space    used 1439K, capacity 1516K, committed 1536K, reserved 1048576K
Event: 384,407 GC heap after
Heap after GC invocations=223 (full 4):
 PSYoungGen      total 2448896K, used 0K [0x0000000719b80000, 0x00000007c0000000, 0x00000007c0000000)
  eden space 2173440K, 0% used [0x0000000719b80000,0x0000000719b80000,0x000000079e600000)
  from space 275456K, 0% used [0x000000079e600000,0x000000079e600000,0x00000007af300000)
  to   space 275456K, 0% used [0x00000007af300000,0x00000007af300000,0x00000007c0000000)
 ParOldGen       total 3159552K, used 2003407K [0x00000005cd200000, 0x000000068df80000, 0x0000000719b80000)
  object space 3159552K, 63% used [0x00000005cd200000,0x0000000647673e58,0x000000068df80000)
 Metaspace       used 15927K, capacity 16143K, committed 16384K, reserved 1064960K
  class space    used 1439K, capacity 1516K, committed 1536K, reserved 1048576K
}
Event: 402,240 GC heap before
{Heap before GC invocations=224 (full 4):
 PSYoungGen      total 2448896K, used 2173440K [0x0000000719b80000, 0x00000007c0000000, 0x00000007c0000000)
  eden space 2173440K, 100% used [0x0000000719b80000,0x000000079e600000,0x000000079e600000)
  from space 275456K, 0% used [0x000000079e600000,0x000000079e600000,0x00000007af300000)
  to   space 275456K, 0% used [0x00000007af300000,0x00000007af300000,0x00000007c0000000)
 ParOldGen       total 3159552K, used 2003407K [0x00000005cd200000, 0x000000068df80000, 0x0000000719b80000)
  object space 3159552K, 63% used [0x00000005cd200000,0x0000000647673e58,0x000000068df80000)
 Metaspace       used 16716K, capacity 16943K, committed 17280K, reserved 1064960K
  class space    used 1534K, capacity 1612K, committed 1664K, reserved 1048576K
Event: 406,508 GC heap after
Heap after GC invocations=224 (full 4):
 PSYoungGen      total 1184256K, used 275442K [0x0000000719b80000, 0x00000007c0000000, 0x00000007c0000000)
  eden space 908800K, 0% used [0x0000000719b80000,0x0000000719b80000,0x0000000751300000)
  from space 275456K, 99% used [0x00000007af300000,0x00000007bfffca50,0x00000007c0000000)
  to   space 907776K, 0% used [0x0000000751300000,0x0000000751300000,0x0000000788980000)
 ParOldGen       total 3752448K, used 3752324K [0x00000005cd200000, 0x00000006b2280000, 0x0000000719b80000)
  object space 3752448K, 99% used [0x00000005cd200000,0x00000006b22613d8,0x00000006b2280000)
 Metaspace       used 16716K, capacity 16943K, committed 17280K, reserved 1064960K
  class space    used 1534K, capacity 1612K, committed 1664K, reserved 1048576K
}
Event: 406,508 GC heap before
{Heap before GC invocations=225 (full 5):
 PSYoungGen      total 1184256K, used 275442K [0x0000000719b80000, 0x00000007c0000000, 0x00000007c0000000)
  eden space 908800K, 0% used [0x0000000719b80000,0x0000000719b80000,0x0000000751300000)
  from space 275456K, 99% used [0x00000007af300000,0x00000007bfffca50,0x00000007c0000000)
  to   space 907776K, 0% used [0x0000000751300000,0x0000000751300000,0x0000000788980000)
 ParOldGen       total 3752448K, used 3752324K [0x00000005cd200000, 0x00000006b2280000, 0x0000000719b80000)
  object space 3752448K, 99% used [0x00000005cd200000,0x00000006b22613d8,0x00000006b2280000)
 Metaspace       used 16716K, capacity 16943K, committed 17280K, reserved 1064960K
  class space    used 1534K, capacity 1612K, committed 1664K, reserved 1048576K
Event: 411,920 GC heap after
Heap after GC invocations=225 (full 5):
 PSYoungGen      total 1184256K, used 0K [0x0000000719b80000, 0x00000007c0000000, 0x00000007c0000000)
  eden space 908800K, 0% used [0x0000000719b80000,0x0000000719b80000,0x0000000751300000)
  from space 275456K, 0% used [0x00000007af300000,0x00000007af300000,0x00000007c0000000)
  to   space 907776K, 0% used [0x0000000751300000,0x0000000751300000,0x0000000788980000)
 ParOldGen       total 3914752K, used 2138273K [0x00000005cd200000, 0x00000006bc100000, 0x0000000719b80000)
  object space 3914752K, 54% used [0x00000005cd200000,0x000000064fa286e8,0x00000006bc100000)
 Metaspace       used 16716K, capacity 16943K, committed 17280K, reserved 1064960K
  class space    used 1534K, capacity 1612K, committed 1664K, reserved 1048576K
}

Deoptimization events (10 events):
Event: 398,053 Thread 0x00007f29a8d55800 Uncommon trap: reason=unstable_if action=reinterpret pc=0x00007f2c2d659efc method=ij.process.ImageProcessor.updateComposite([II)V @ 421
Event: 401,250 Thread 0x00007f2c3c00b800 Uncommon trap: reason=unstable_if action=reinterpret pc=0x00007f2c2d4542d0 method=ij.process.FloatProcessor.create8BitImage(Z)[B @ 86
Event: 401,250 Thread 0x00007f2c3c00b800 Uncommon trap: reason=unstable_if action=reinterpret pc=0x00007f2c2d50c1e4 method=ij.process.FloatProcessor.create8BitImage(Z)[B @ 86
Event: 401,430 Thread 0x00007f2c3c00b800 Uncommon trap: reason=unstable_if action=reinterpret pc=0x00007f2c2d40cc88 method=ij.process.FloatProcessor.setMinAndMax(DD)V @ 3
Event: 411,924 Thread 0x00007f2c3c2a2800 Uncommon trap: reason=unstable_if action=reinterpret pc=0x00007f2c2d93631c method=sun.awt.X11.XToolkit.callTimeoutTasks()V @ 43
Event: 412,407 Thread 0x00007f2c3c00b800 Uncommon trap: reason=class_check action=maybe_recompile pc=0x00007f2c2d46a2b8 method=java.util.Hashtable.put(Ljava/lang/Object;Ljava/lang/Object;)Ljava/lang/Object; @ 60
Event: 412,505 Thread 0x00007f2c3c00b800 Uncommon trap: reason=unstable_if action=reinterpret pc=0x00007f2c2d857eb8 method=ij.process.FloatProcessor.setMinAndMax(DD)V @ 3
Event: 412,884 Thread 0x00007f2c3c00b800 Uncommon trap: reason=unstable_if action=reinterpret pc=0x00007f2c2d39b944 method=ij.process.TypeConverter.convertRGBToFloat()Lij/process/FloatProcessor; @ 83
Event: 412,899 Thread 0x00007f2c3c00b800 Uncommon trap: reason=unstable_if action=reinterpret pc=0x00007f2c2d74d110 method=ij.process.ByteProcessor.setMinAndMax(DD)V @ 23
Event: 415,593 Thread 0x00007f299592c800 Uncommon trap: reason=unstable_if action=reinterpret pc=0x00007f2c2d40fd2c method=java.security.AccessControlContext.optimize()Ljava/security/AccessControlContext; @ 49

Classes redefined (0 events):
No events

Internal exceptions (10 events):
Event: 395,655 Thread 0x00007f2c3c33b800 Exception <a 'java/lang/UnsupportedOperationException': > (0x0000000769d8c788) thrown at [/HUDSON/workspace/8-2-build-linux-amd64/jdk8u201/12317/hotspot/src/share/vm/prims/jni.cpp, line 735]
Event: 395,955 Thread 0x00007f2c3c33b800 Exception <a 'java/lang/UnsupportedOperationException': > (0x0000000769db6da0) thrown at [/HUDSON/workspace/8-2-build-linux-amd64/jdk8u201/12317/hotspot/src/share/vm/prims/jni.cpp, line 735]
Event: 401,486 Thread 0x00007f2c3c33b800 Exception <a 'java/lang/UnsupportedOperationException': > (0x000000079d3a7708) thrown at [/HUDSON/workspace/8-2-build-linux-amd64/jdk8u201/12317/hotspot/src/share/vm/prims/jni.cpp, line 735]
Event: 412,504 Thread 0x00007f2c3c33b800 Exception <a 'java/lang/UnsupportedOperationException': > (0x000000071b34c920) thrown at [/HUDSON/workspace/8-2-build-linux-amd64/jdk8u201/12317/hotspot/src/share/vm/prims/jni.cpp, line 735]
Event: 412,829 Thread 0x00007f2c3c33b800 Exception <a 'java/lang/UnsupportedOperationException': > (0x000000071b367a98) thrown at [/HUDSON/workspace/8-2-build-linux-amd64/jdk8u201/12317/hotspot/src/share/vm/prims/jni.cpp, line 735]
Event: 413,171 Thread 0x00007f2c3c33b800 Exception <a 'java/lang/UnsupportedOperationException': > (0x000000071fd02ae0) thrown at [/HUDSON/workspace/8-2-build-linux-amd64/jdk8u201/12317/hotspot/src/share/vm/prims/jni.cpp, line 735]
Event: 413,446 Thread 0x00007f2c3c33b800 Exception <a 'java/lang/UnsupportedOperationException': > (0x000000071fd21a10) thrown at [/HUDSON/workspace/8-2-build-linux-amd64/jdk8u201/12317/hotspot/src/share/vm/prims/jni.cpp, line 735]
Event: 415,381 Thread 0x00007f2c3c33b800 Exception <a 'java/lang/UnsupportedOperationException': > (0x000000073410bb60) thrown at [/HUDSON/workspace/8-2-build-linux-amd64/jdk8u201/12317/hotspot/src/share/vm/prims/jni.cpp, line 735]
Event: 415,593 Thread 0x00007f299592c800 Implicit null exception at 0x00007f2c2d40f1a0 to 0x00007f2c2d40fd19
Event: 415,699 Thread 0x00007f2c3c33b800 Exception <a 'java/lang/UnsupportedOperationException': > (0x0000000734125860) thrown at [/HUDSON/workspace/8-2-build-linux-amd64/jdk8u201/12317/hotspot/src/share/vm/prims/jni.cpp, line 735]

Events (10 events):
Event: 417,232 Executing VM operation: RevokeBias done
Event: 417,251 Thread 0x00007f2c3c0c9800 flushing nmethod 0x00007f2c2d52aad0
Event: 417,251 Thread 0x00007f2c3c0c9800 flushing nmethod 0x00007f2c2d52cd10
Event: 417,251 Thread 0x00007f2c3c0c9800 flushing nmethod 0x00007f2c2d54b550
Event: 417,251 Thread 0x00007f2c3c0c9800 flushing nmethod 0x00007f2c2d562090
Event: 417,409 Thread 0x00007f2c3c0c7000 flushing nmethod 0x00007f2c2d7997d0
Event: 417,409 Thread 0x00007f2c3c0c7000 flushing nmethod 0x00007f2c2d79ee90
Event: 417,413 Thread 0x00007f2c3c0cb800 flushing nmethod 0x00007f2c2d823d90
Event: 417,460 Thread 0x00007f2c3c0cd800 flushing nmethod 0x00007f2c2d8a3390
Event: 417,460 Thread 0x00007f2c3c0cd800 flushing nmethod 0x00007f2c2d8bf0d0


Dynamic libraries:
00400000-00401000 r-xp 00000000 103:05 399591                            /usr/lib/jvm/java-8-oracle/bin/java
00600000-00601000 r--p 00000000 103:05 399591                            /usr/lib/jvm/java-8-oracle/bin/java
00601000-00602000 rw-p 00001000 103:05 399591                            /usr/lib/jvm/java-8-oracle/bin/java
0066b000-0068c000 rw-p 00000000 00:00 0                                  [heap]
5cd200000-6bc100000 rw-p 00000000 00:00 0 
6bc100000-719b80000 ---p 00000000 00:00 0 
719b80000-7c0000000 rw-p 00000000 00:00 0 
7c0000000-7c01a0000 rw-p 00000000 00:00 0 
7c01a0000-800000000 ---p 00000000 00:00 0 
7f2904000000-7f2904021000 rw-p 00000000 00:00 0 
7f2904021000-7f2908000000 ---p 00000000 00:00 0 
7f290c000000-7f290c021000 rw-p 00000000 00:00 0 
7f290c021000-7f2910000000 ---p 00000000 00:00 0 
7f2912ffe000-7f2918000000 rw-p 00000000 00:00 0 
7f2918000000-7f291916e000 rw-p 00000000 00:00 0 
7f291916e000-7f291c000000 ---p 00000000 00:00 0 
7f291d7ff000-7f2920000000 rw-p 00000000 00:00 0 
7f2920000000-7f2928000000 rw-p 00000000 00:00 0 
7f2928000000-7f2930000000 rw-p 00000000 00:00 0 
7f2930000000-7f2938000000 rw-p 00000000 00:00 0 
7f2938000000-7f2940000000 rw-p 00000000 00:00 0 
7f2940000000-7f2944000000 rw-p 00000000 00:00 0 
7f2944fff000-7f2954000000 rw-p 00000000 00:00 0 
7f2954000000-7f295c000000 rw-p 00000000 00:00 0 
7f295c000000-7f2964000000 rw-p 00000000 00:00 0 
7f2964000000-7f296c000000 rw-p 00000000 00:00 0 
7f296c000000-7f2974000000 rw-p 00000000 00:00 0 
7f2974000000-7f297c000000 rw-p 00000000 00:00 0 
7f297c000000-7f2984000000 rw-p 00000000 00:00 0 
7f2984000000-7f298c000000 rw-p 00000000 00:00 0 
7f298c000000-7f2994000000 rw-p 00000000 00:00 0 
7f2994000000-7f299c000000 rw-p 00000000 00:00 0 
7f299c000000-7f29a4000000 rw-p 00000000 00:00 0 
7f29a4000000-7f29b0000000 rw-p 00000000 00:00 0 
7f29b0000000-7f29b4000000 rw-p 00000000 00:00 0 
7f29b47d8000-7f2b497f3000 rw-p 00000000 00:00 0 
7f2b497fd000-7f2b4bffe000 rw-p 00000000 00:00 0 
7f2b60000000-7f2b60021000 rw-p 00000000 00:00 0 
7f2b60021000-7f2b64000000 ---p 00000000 00:00 0 
7f2b68000000-7f2b68021000 rw-p 00000000 00:00 0 
7f2b68021000-7f2b6c000000 ---p 00000000 00:00 0 
7f2b6c000000-7f2b6c021000 rw-p 00000000 00:00 0 
7f2b6c021000-7f2b70000000 ---p 00000000 00:00 0 
7f2b70000000-7f2b70021000 rw-p 00000000 00:00 0 
7f2b70021000-7f2b74000000 ---p 00000000 00:00 0 
7f2b74000000-7f2b74021000 rw-p 00000000 00:00 0 
7f2b74021000-7f2b78000000 ---p 00000000 00:00 0 
7f2b78000000-7f2b78021000 rw-p 00000000 00:00 0 
7f2b78021000-7f2b7c000000 ---p 00000000 00:00 0 
7f2b7c000000-7f2b7c021000 rw-p 00000000 00:00 0 
7f2b7c021000-7f2b80000000 ---p 00000000 00:00 0 
7f2b80000000-7f2b80021000 rw-p 00000000 00:00 0 
7f2b80021000-7f2b84000000 ---p 00000000 00:00 0 
7f2b847fd000-7f2b847fe000 ---p 00000000 00:00 0 
7f2b847fe000-7f2b84ffe000 rw-p 00000000 00:00 0 
7f2b88000000-7f2b88021000 rw-p 00000000 00:00 0 
7f2b88021000-7f2b8c000000 ---p 00000000 00:00 0 
7f2b8dffc000-7f2b8dffd000 ---p 00000000 00:00 0 
7f2b8dffd000-7f2b8e7fd000 rw-p 00000000 00:00 0 
7f2b8e7fd000-7f2b8e7fe000 ---p 00000000 00:00 0 
7f2b8e7fe000-7f2b8effe000 rw-p 00000000 00:00 0 
7f2b8effe000-7f2b8efff000 ---p 00000000 00:00 0 
7f2b8efff000-7f2b8f7ff000 rw-p 00000000 00:00 0 
7f2b90000000-7f2b90021000 rw-p 00000000 00:00 0 
7f2b90021000-7f2b94000000 ---p 00000000 00:00 0 
7f2b940a4000-7f2b941e4000 rw-p 00000000 00:00 0 
7f2b941e4000-7f2b942a4000 ---p 00000000 00:00 0 
7f2b947fd000-7f2b9c000000 rw-p 00000000 00:00 0 
7f2b9c000000-7f2ba0000000 rw-p 00000000 00:00 0 
7f2ba05a8000-7f2ba05ab000 ---p 00000000 00:00 0 
7f2ba05ab000-7f2ba06a9000 rw-p 00000000 00:00 0 
7f2ba06a9000-7f2ba06ac000 ---p 00000000 00:00 0 
7f2ba06ac000-7f2ba07aa000 rw-p 00000000 00:00 0 
7f2ba07aa000-7f2ba07ad000 ---p 00000000 00:00 0 
7f2ba07ad000-7f2ba08ab000 rw-p 00000000 00:00 0 
7f2ba08ab000-7f2ba08ae000 ---p 00000000 00:00 0 
7f2ba08ae000-7f2ba09ac000 rw-p 00000000 00:00 0 
7f2ba09ac000-7f2ba09af000 ---p 00000000 00:00 0 
7f2ba09af000-7f2ba0aad000 rw-p 00000000 00:00 0 
7f2ba0aad000-7f2baeb74000 r-xp 00000000 103:05 1975135                   /home/fernandr/Programmes/Fiji.app/lib/linux64/libSimpleITKJava.so
7f2baeb74000-7f2baed73000 ---p 0e0c7000 103:05 1975135                   /home/fernandr/Programmes/Fiji.app/lib/linux64/libSimpleITKJava.so
7f2baed73000-7f2bafde1000 rw-p 0e0c6000 103:05 1975135                   /home/fernandr/Programmes/Fiji.app/lib/linux64/libSimpleITKJava.so
7f2bafde1000-7f2bb0000000 rw-p 00000000 00:00 0 
7f2bb0000000-7f2bb00fd000 rw-p 00000000 00:00 0 
7f2bb00fd000-7f2bb4000000 ---p 00000000 00:00 0 
7f2bb4000000-7f2bb4021000 rw-p 00000000 00:00 0 
7f2bb4021000-7f2bb8000000 ---p 00000000 00:00 0 
7f2bb8000000-7f2bb802f000 rw-p 00000000 00:00 0 
7f2bb802f000-7f2bbc000000 ---p 00000000 00:00 0 
7f2bbc000000-7f2bbc021000 rw-p 00000000 00:00 0 
7f2bbc021000-7f2bc0000000 ---p 00000000 00:00 0 
7f2bc0000000-7f2bc0021000 rw-p 00000000 00:00 0 
7f2bc0021000-7f2bc4000000 ---p 00000000 00:00 0 
7f2bc4000000-7f2bc4021000 rw-p 00000000 00:00 0 
7f2bc4021000-7f2bc8000000 ---p 00000000 00:00 0 
7f2bc8000000-7f2bc8779000 rw-p 00000000 00:00 0 
7f2bc8779000-7f2bcc000000 ---p 00000000 00:00 0 
7f2bcc000000-7f2bcc021000 rw-p 00000000 00:00 0 
7f2bcc021000-7f2bd0000000 ---p 00000000 00:00 0 
7f2bd0000000-7f2bd0684000 rw-p 00000000 00:00 0 
7f2bd0684000-7f2bd4000000 ---p 00000000 00:00 0 
7f2bd4000000-7f2bd7710000 rw-p 00000000 00:00 0 
7f2bd7710000-7f2bd8000000 ---p 00000000 00:00 0 
7f2bd8000000-7f2bd8021000 rw-p 00000000 00:00 0 
7f2bd8021000-7f2bdc000000 ---p 00000000 00:00 0 
7f2bdc000000-7f2bdc9df000 rw-p 00000000 00:00 0 
7f2bdc9df000-7f2be0000000 ---p 00000000 00:00 0 
7f2be0000000-7f2be0021000 rw-p 00000000 00:00 0 
7f2be0021000-7f2be4000000 ---p 00000000 00:00 0 
7f2be4000000-7f2be5c1b000 rw-p 00000000 00:00 0 
7f2be5c1b000-7f2be8000000 ---p 00000000 00:00 0 
7f2be8000000-7f2be938f000 rw-p 00000000 00:00 0 
7f2be938f000-7f2bec000000 ---p 00000000 00:00 0 
7f2bec061000-7f2bec064000 ---p 00000000 00:00 0 
7f2bec064000-7f2bec162000 rw-p 00000000 00:00 0 
7f2bec162000-7f2bec18c000 r-xp 00000000 103:05 1319030                   /usr/lib/jvm/java-8-oracle/jre/lib/amd64/libdcpr.so
7f2bec18c000-7f2bec38b000 ---p 0002a000 103:05 1319030                   /usr/lib/jvm/java-8-oracle/jre/lib/amd64/libdcpr.so
7f2bec38b000-7f2bec38c000 r--p 00029000 103:05 1319030                   /usr/lib/jvm/java-8-oracle/jre/lib/amd64/libdcpr.so
7f2bec38c000-7f2bec38f000 rw-p 0002a000 103:05 1319030                   /usr/lib/jvm/java-8-oracle/jre/lib/amd64/libdcpr.so
7f2bec38f000-7f2bec58f000 rw-p 00000000 00:00 0 
7f2bec590000-7f2bec690000 rw-s 00000000 00:05 3702811                    /SYSV00000000 (deleted)
7f2bec690000-7f2bfc000000 rw-p 00000000 00:00 0 
7f2bfc000000-7f2bfc021000 rw-p 00000000 00:00 0 
7f2bfc021000-7f2c00000000 ---p 00000000 00:00 0 
7f2c00000000-7f2c00021000 rw-p 00000000 00:00 0 
7f2c00021000-7f2c04000000 ---p 00000000 00:00 0 
7f2c04000000-7f2c04187000 rw-p 00000000 00:00 0 
7f2c04187000-7f2c08000000 ---p 00000000 00:00 0 
7f2c08027000-7f2c08093000 r-xp 00000000 103:05 1319045                   /usr/lib/jvm/java-8-oracle/jre/lib/amd64/libt2k.so
7f2c08093000-7f2c08293000 ---p 0006c000 103:05 1319045                   /usr/lib/jvm/java-8-oracle/jre/lib/amd64/libt2k.so
7f2c08293000-7f2c08299000 r--p 0006c000 103:05 1319045                   /usr/lib/jvm/java-8-oracle/jre/lib/amd64/libt2k.so
7f2c08299000-7f2c0829a000 rw-p 00072000 103:05 1319045                   /usr/lib/jvm/java-8-oracle/jre/lib/amd64/libt2k.so
7f2c0829a000-7f2c082ab000 r-xp 00000000 103:05 1319086                   /usr/lib/jvm/java-8-oracle/jre/lib/amd64/libnio.so
7f2c082ab000-7f2c084aa000 ---p 00011000 103:05 1319086                   /usr/lib/jvm/java-8-oracle/jre/lib/amd64/libnio.so
7f2c084aa000-7f2c084ab000 r--p 00010000 103:05 1319086                   /usr/lib/jvm/java-8-oracle/jre/lib/amd64/libnio.so
7f2c084ab000-7f2c084ac000 rw-p 00011000 103:05 1319086                   /usr/lib/jvm/java-8-oracle/jre/lib/amd64/libnio.so
7f2c084ac000-7f2c084c2000 r-xp 00000000 103:05 1319083                   /usr/lib/jvm/java-8-oracle/jre/lib/amd64/libnet.so
7f2c084c2000-7f2c086c2000 ---p 00016000 103:05 1319083                   /usr/lib/jvm/java-8-oracle/jre/lib/amd64/libnet.so
7f2c086c2000-7f2c086c3000 r--p 00016000 103:05 1319083                   /usr/lib/jvm/java-8-oracle/jre/lib/amd64/libnet.so
7f2c086c3000-7f2c086c4000 rw-p 00017000 103:05 1319083                   /usr/lib/jvm/java-8-oracle/jre/lib/amd64/libnet.so
7f2c086c4000-7f2c086c7000 ---p 00000000 00:00 0 
7f2c086c7000-7f2c087c5000 rw-p 00000000 00:00 0 
7f2c087c5000-7f2c087c8000 ---p 00000000 00:00 0 
7f2c087c8000-7f2c08ac6000 rw-p 00000000 00:00 0 
7f2c08ac6000-7f2c08ac9000 ---p 00000000 00:00 0 
7f2c08ac9000-7f2c08bc7000 rw-p 00000000 00:00 0 
7f2c08bc7000-7f2c08bcc000 r-xp 00000000 103:05 401423                    /usr/lib/x86_64-linux-gnu/libXfixes.so.3.1.0
7f2c08bcc000-7f2c08dcb000 ---p 00005000 103:05 401423                    /usr/lib/x86_64-linux-gnu/libXfixes.so.3.1.0
7f2c08dcb000-7f2c08dcc000 r--p 00004000 103:05 401423                    /usr/lib/x86_64-linux-gnu/libXfixes.so.3.1.0
7f2c08dcc000-7f2c08dcd000 rw-p 00005000 103:05 401423                    /usr/lib/x86_64-linux-gnu/libXfixes.so.3.1.0
7f2c08dcd000-7f2c08dd6000 r-xp 00000000 103:05 401415                    /usr/lib/x86_64-linux-gnu/libXcursor.so.1.0.2
7f2c08dd6000-7f2c08fd5000 ---p 00009000 103:05 401415                    /usr/lib/x86_64-linux-gnu/libXcursor.so.1.0.2
7f2c08fd5000-7f2c08fd6000 r--p 00008000 103:05 401415                    /usr/lib/x86_64-linux-gnu/libXcursor.so.1.0.2
7f2c08fd6000-7f2c08fd7000 rw-p 00009000 103:05 401415                    /usr/lib/x86_64-linux-gnu/libXcursor.so.1.0.2
7f2c08fd7000-7f2c08fda000 ---p 00000000 00:00 0 
7f2c08fda000-7f2c090d8000 rw-p 00000000 00:00 0 
7f2c090d8000-7f2c090ef000 r-xp 00000000 103:05 3801177                   /lib/x86_64-linux-gnu/libgcc_s.so.1
7f2c090ef000-7f2c092ee000 ---p 00017000 103:05 3801177                   /lib/x86_64-linux-gnu/libgcc_s.so.1
7f2c092ee000-7f2c092ef000 r--p 00016000 103:05 3801177                   /lib/x86_64-linux-gnu/libgcc_s.so.1
7f2c092ef000-7f2c092f0000 rw-p 00017000 103:05 3801177                   /lib/x86_64-linux-gnu/libgcc_s.so.1
7f2c092f0000-7f2c0934d000 r-xp 00000000 103:05 1319057                   /usr/lib/jvm/java-8-oracle/jre/lib/amd64/libfontmanager.so
7f2c0934d000-7f2c0954d000 ---p 0005d000 103:05 1319057                   /usr/lib/jvm/java-8-oracle/jre/lib/amd64/libfontmanager.so
7f2c0954d000-7f2c09550000 r--p 0005d000 103:05 1319057                   /usr/lib/jvm/java-8-oracle/jre/lib/amd64/libfontmanager.so
7f2c09550000-7f2c09551000 rw-p 00060000 103:05 1319057                   /usr/lib/jvm/java-8-oracle/jre/lib/amd64/libfontmanager.so
7f2c09551000-7f2c09564000 r-xp 00000000 103:05 3806054                   /lib/x86_64-linux-gnu/libbsd.so.0.8.7
7f2c09564000-7f2c09763000 ---p 00013000 103:05 3806054                   /lib/x86_64-linux-gnu/libbsd.so.0.8.7
7f2c09763000-7f2c09764000 r--p 00012000 103:05 3806054                   /lib/x86_64-linux-gnu/libbsd.so.0.8.7
7f2c09764000-7f2c09765000 rw-p 00013000 103:05 3806054                   /lib/x86_64-linux-gnu/libbsd.so.0.8.7
7f2c09765000-7f2c09766000 rw-p 00000000 00:00 0 
7f2c09766000-7f2c0976b000 r-xp 00000000 103:05 401419                    /usr/lib/x86_64-linux-gnu/libXdmcp.so.6.0.0
7f2c0976b000-7f2c0996a000 ---p 00005000 103:05 401419                    /usr/lib/x86_64-linux-gnu/libXdmcp.so.6.0.0
7f2c0996a000-7f2c0996b000 r--p 00004000 103:05 401419                    /usr/lib/x86_64-linux-gnu/libXdmcp.so.6.0.0
7f2c0996b000-7f2c0996c000 rw-p 00005000 103:05 401419                    /usr/lib/x86_64-linux-gnu/libXdmcp.so.6.0.0
7f2c0996c000-7f2c0996e000 r-xp 00000000 103:05 401408                    /usr/lib/x86_64-linux-gnu/libXau.so.6.0.0
7f2c0996e000-7f2c09b6e000 ---p 00002000 103:05 401408                    /usr/lib/x86_64-linux-gnu/libXau.so.6.0.0
7f2c09b6e000-7f2c09b6f000 r--p 00002000 103:05 401408                    /usr/lib/x86_64-linux-gnu/libXau.so.6.0.0
7f2c09b6f000-7f2c09b70000 rw-p 00003000 103:05 401408                    /usr/lib/x86_64-linux-gnu/libXau.so.6.0.0
7f2c09b70000-7f2c09b96000 r-xp 00000000 103:05 396084                    /usr/lib/x86_64-linux-gnu/libxcb.so.1.1.0
7f2c09b96000-7f2c09d96000 ---p 00026000 103:05 396084                    /usr/lib/x86_64-linux-gnu/libxcb.so.1.1.0
7f2c09d96000-7f2c09d97000 r--p 00026000 103:05 396084                    /usr/lib/x86_64-linux-gnu/libxcb.so.1.1.0
7f2c09d97000-7f2c09d98000 rw-p 00027000 103:05 396084                    /usr/lib/x86_64-linux-gnu/libxcb.so.1.1.0
7f2c09d98000-7f2c09da7000 r-xp 00000000 103:05 401429                    /usr/lib/x86_64-linux-gnu/libXi.so.6.1.0
7f2c09da7000-7f2c09fa6000 ---p 0000f000 103:05 401429                    /usr/lib/x86_64-linux-gnu/libXi.so.6.1.0
7f2c09fa6000-7f2c09fa7000 r--p 0000e000 103:05 401429                    /usr/lib/x86_64-linux-gnu/libXi.so.6.1.0
7f2c09fa7000-7f2c09fa8000 rw-p 0000f000 103:05 401429                    /usr/lib/x86_64-linux-gnu/libXi.so.6.1.0
7f2c09fa8000-7f2c09fad000 r-xp 00000000 103:05 401447                    /usr/lib/x86_64-linux-gnu/libXtst.so.6.1.0
7f2c09fad000-7f2c0a1ac000 ---p 00005000 103:05 401447                    /usr/lib/x86_64-linux-gnu/libXtst.so.6.1.0
7f2c0a1ac000-7f2c0a1ad000 r--p 00004000 103:05 401447                    /usr/lib/x86_64-linux-gnu/libXtst.so.6.1.0
7f2c0a1ad000-7f2c0a1ae000 rw-p 00005000 103:05 401447                    /usr/lib/x86_64-linux-gnu/libXtst.so.6.1.0
7f2c0a1ae000-7f2c0a1b7000 r-xp 00000000 103:05 401441                    /usr/lib/x86_64-linux-gnu/libXrender.so.1.3.0
7f2c0a1b7000-7f2c0a3b6000 ---p 00009000 103:05 401441                    /usr/lib/x86_64-linux-gnu/libXrender.so.1.3.0
7f2c0a3b6000-7f2c0a3b7000 r--p 00008000 103:05 401441                    /usr/lib/x86_64-linux-gnu/libXrender.so.1.3.0
7f2c0a3b7000-7f2c0a3b8000 rw-p 00009000 103:05 401441                    /usr/lib/x86_64-linux-gnu/libXrender.so.1.3.0
7f2c0a3b8000-7f2c0a4eb000 r-xp 00000000 103:05 400060                    /usr/lib/x86_64-linux-gnu/libX11.so.6.3.0
7f2c0a4eb000-7f2c0a6eb000 ---p 00133000 103:05 400060                    /usr/lib/x86_64-linux-gnu/libX11.so.6.3.0
7f2c0a6eb000-7f2c0a6ec000 r--p 00133000 103:05 400060                    /usr/lib/x86_64-linux-gnu/libX11.so.6.3.0
7f2c0a6ec000-7f2c0a6f0000 rw-p 00134000 103:05 400060                    /usr/lib/x86_64-linux-gnu/libX11.so.6.3.0
7f2c0a6f0000-7f2c0a701000 r-xp 00000000 103:05 401421                    /usr/lib/x86_64-linux-gnu/libXext.so.6.4.0
7f2c0a701000-7f2c0a900000 ---p 00011000 103:05 401421                    /usr/lib/x86_64-linux-gnu/libXext.so.6.4.0
7f2c0a900000-7f2c0a901000 r--p 00010000 103:05 401421                    /usr/lib/x86_64-linux-gnu/libXext.so.6.4.0
7f2c0a901000-7f2c0a902000 rw-p 00011000 103:05 401421                    /usr/lib/x86_64-linux-gnu/libXext.so.6.4.0
7f2c0a902000-7f2c0a955000 r-xp 00000000 103:05 1319090                   /usr/lib/jvm/java-8-oracle/jre/lib/amd64/libawt_xawt.so
7f2c0a955000-7f2c0ab54000 ---p 00053000 103:05 1319090                   /usr/lib/jvm/java-8-oracle/jre/lib/amd64/libawt_xawt.so
7f2c0ab54000-7f2c0ab55000 r--p 00052000 103:05 1319090                   /usr/lib/jvm/java-8-oracle/jre/lib/amd64/libawt_xawt.so
7f2c0ab55000-7f2c0ab58000 rw-p 00053000 103:05 1319090                   /usr/lib/jvm/java-8-oracle/jre/lib/amd64/libawt_xawt.so
7f2c0ab58000-7f2c0ab59000 rw-p 00000000 00:00 0 
7f2c0ab59000-7f2c0abf9000 r-xp 00000000 103:05 1319075                   /usr/lib/jvm/java-8-oracle/jre/lib/amd64/libawt.so
7f2c0abf9000-7f2c0adf8000 ---p 000a0000 103:05 1319075                   /usr/lib/jvm/java-8-oracle/jre/lib/amd64/libawt.so
7f2c0adf8000-7f2c0adf9000 r--p 0009f000 103:05 1319075                   /usr/lib/jvm/java-8-oracle/jre/lib/amd64/libawt.so
7f2c0adf9000-7f2c0ae04000 rw-p 000a0000 103:05 1319075                   /usr/lib/jvm/java-8-oracle/jre/lib/amd64/libawt.so
7f2c0ae04000-7f2c0ae29000 rw-p 00000000 00:00 0 
7f2c0ae29000-7f2c0ae2a000 ---p 00000000 00:00 0 
7f2c0ae2a000-7f2c0af2a000 rw-p 00000000 00:00 0 
7f2c0af2a000-7f2c0af2d000 ---p 00000000 00:00 0 
7f2c0af2d000-7f2c0b02b000 rw-p 00000000 00:00 0 
7f2c0b02b000-7f2c0b02c000 ---p 00000000 00:00 0 
7f2c0b02c000-7f2c0b02f000 ---p 00000000 00:00 0 
7f2c0b02f000-7f2c0b12c000 rw-p 00000000 00:00 0 
7f2c0b12c000-7f2c0b12d000 ---p 00000000 00:00 0 
7f2c0b12d000-7f2c0b130000 ---p 00000000 00:00 0 
7f2c0b130000-7f2c0b22d000 rw-p 00000000 00:00 0 
7f2c0b22d000-7f2c0b22e000 ---p 00000000 00:00 0 
7f2c0b22e000-7f2c0b231000 ---p 00000000 00:00 0 
7f2c0b231000-7f2c0b32e000 rw-p 00000000 00:00 0 
7f2c0b32e000-7f2c0b32f000 ---p 00000000 00:00 0 
7f2c0b32f000-7f2c0b332000 ---p 00000000 00:00 0 
7f2c0b332000-7f2c0b42f000 rw-p 00000000 00:00 0 
7f2c0b42f000-7f2c0b432000 ---p 00000000 00:00 0 
7f2c0b432000-7f2c0b530000 rw-p 00000000 00:00 0 
7f2c0b530000-7f2c0beff000 r--p 00000000 103:05 400112                    /usr/lib/locale/locale-archive
7f2c0beff000-7f2c0bf02000 ---p 00000000 00:00 0 
7f2c0bf02000-7f2c0c000000 rw-p 00000000 00:00 0 
7f2c0c000000-7f2c0c021000 rw-p 00000000 00:00 0 
7f2c0c021000-7f2c10000000 ---p 00000000 00:00 0 
7f2c10000000-7f2c10208000 rw-p 00000000 00:00 0 
7f2c10208000-7f2c14000000 ---p 00000000 00:00 0 
7f2c14000000-7f2c1408f000 rw-p 00000000 00:00 0 
7f2c1408f000-7f2c18000000 ---p 00000000 00:00 0 
7f2c18000000-7f2c18021000 rw-p 00000000 00:00 0 
7f2c18021000-7f2c1c000000 ---p 00000000 00:00 0 
7f2c1c000000-7f2c1c121000 rw-p 00000000 00:00 0 
7f2c1c121000-7f2c20000000 ---p 00000000 00:00 0 
7f2c20000000-7f2c20021000 rw-p 00000000 00:00 0 
7f2c20021000-7f2c24000000 ---p 00000000 00:00 0 
7f2c24000000-7f2c24021000 rw-p 00000000 00:00 0 
7f2c24021000-7f2c28000000 ---p 00000000 00:00 0 
7f2c28030000-7f2c2803b000 r--s 00000000 103:05 2754318                   /var/cache/fontconfig/945677eb7aeaf62f1d50efc3fb3ec7d8-le64.cache-7
7f2c2803b000-7f2c28040000 r--s 00000000 103:05 2754289                   /var/cache/fontconfig/2300eef321c393bfd76478a5c0e95b23-le64.cache-7
7f2c28040000-7f2c28041000 r--s 00000000 103:05 2754282                   /var/cache/fontconfig/0d8c3b2ac0904cb8a57a757ad11a4a08-le64.cache-7
7f2c28041000-7f2c28045000 r--s 00000000 103:05 2758608                   /var/cache/fontconfig/6d41288fd70b0be22e8c3a91e032eec0-le64.cache-7
7f2c28045000-7f2c2805a000 r--s 00000000 103:05 2754278                   /var/cache/fontconfig/04aabc0a78ac019cf9454389977116d2-le64.cache-7
7f2c2805a000-7f2c2805b000 r--s 00000000 103:05 2754286                   /var/cache/fontconfig/1ac9eb803944fde146138c791f5cc56a-le64.cache-7
7f2c2805b000-7f2c2805c000 r--s 00000000 103:05 2754337                   /var/cache/fontconfig/dc05db6664285cc2f12bf69c139ae4c3-le64.cache-7
7f2c2805c000-7f2c2805e000 r--s 00000000 103:05 2754283                   /var/cache/fontconfig/14a5e22175779b556eaa434240950366-le64.cache-7
7f2c2805e000-7f2c2805f000 r--s 00000000 103:05 2754310                   /var/cache/fontconfig/660208299946a285a940457d1287da33-le64.cache-7
7f2c2805f000-7f2c28061000 r--s 00000000 103:05 2754301                   /var/cache/fontconfig/4f3e3037c9980c83b53a9351efadef62-le64.cache-7
7f2c28061000-7f2c28063000 r--s 00000000 103:05 2754315                   /var/cache/fontconfig/767a8244fc0220cfb567a839d0392e0b-le64.cache-7
7f2c28063000-7f2c28064000 r--s 00000000 103:05 2755050                   /var/cache/fontconfig/4794a0821666d79190d59a36cb4f44b5-le64.cache-7
7f2c28064000-7f2c28066000 r--s 00000000 103:05 2759434                   /var/cache/fontconfig/0bd3dc0958fa2205aaaa8ebb13e2872b-le64.cache-7
7f2c28066000-7f2c2806b000 r--s 00000000 103:05 2754338                   /var/cache/fontconfig/def309198bfa603429122923fa2bb2d4-le64.cache-7
7f2c2806b000-7f2c2806c000 r--s 00000000 103:05 2754326                   /var/cache/fontconfig/b872e6e592da6075ffa4ab0a1fcc0c75-le64.cache-7
7f2c2806c000-7f2c2806d000 r--s 00000000 103:05 2754343                   /var/cache/fontconfig/f6d4eedfaab2589bde49f7a3ff831d22-le64.cache-7
7f2c2806d000-7f2c2806e000 r--s 00000000 103:05 2754308                   /var/cache/fontconfig/589f83ef4c36d296ce6e1c846f468f08-le64.cache-7
7f2c2806e000-7f2c2806f000 r--s 00000000 103:05 2754328                   /var/cache/fontconfig/bab58bb527bb656aaa9f116d68a48d89-le64.cache-7
7f2c2806f000-7f2c28070000 r--s 00000000 103:05 2754287                   /var/cache/fontconfig/2171a34dccabdb6bcbbc728186263178-le64.cache-7
7f2c28070000-7f2c28071000 r--s 00000000 103:05 2754329                   /var/cache/fontconfig/c5c45a61289222e0d30b1a26ef4effbe-le64.cache-7
7f2c28071000-7f2c28072000 r--s 00000000 103:05 2754324                   /var/cache/fontconfig/aec30016f93e1b46d1a973dce0d74068-le64.cache-7
7f2c28072000-7f2c28073000 r--s 00000000 103:05 2754294                   /var/cache/fontconfig/3f589640d34b7dc9042c8d453f7c8b9c-le64.cache-7
7f2c28073000-7f2c28074000 r--s 00000000 103:05 2754284                   /var/cache/fontconfig/16c2fda60d1b4b719f4b3d06fd951d25-le64.cache-7
7f2c28074000-7f2c28075000 r--s 00000000 103:05 2754323                   /var/cache/fontconfig/a48eab177a16e4f3713381162db2f3e9-le64.cache-7
7f2c28075000-7f2c28076000 r--s 00000000 103:05 2754304                   /var/cache/fontconfig/564b2e68ac9bc4e36a6f7f6d6125ec1c-le64.cache-7
7f2c28076000-7f2c2807b000 r--s 00000000 103:05 2754981                   /var/cache/fontconfig/9d2451b1fd30e5bffe8383fd27c35478-le64.cache-7
7f2c2807b000-7f2c28081000 r--s 00000000 103:05 2759433                   /var/cache/fontconfig/3047814df9a2f067bd2d96a2b9c36e5a-le64.cache-7
7f2c28081000-7f2c28089000 r--s 00000000 103:05 2753774                   /var/cache/fontconfig/bf3b770c553c462765856025a94f1ce6-le64.cache-7
7f2c28089000-7f2c2808a000 r--s 00000000 103:05 2754305                   /var/cache/fontconfig/56cf4f4769d0f4abc89a4895d7bd3ae1-le64.cache-7
7f2c2808a000-7f2c2808b000 r--s 00000000 103:05 2754327                   /var/cache/fontconfig/b9d506c9ac06c20b433354fa67a72993-le64.cache-7
7f2c2808b000-7f2c28091000 r--s 00000000 103:05 2754325                   /var/cache/fontconfig/b47c4e1ecd0709278f4910c18777a504-le64.cache-7
7f2c28091000-7f2c280a4000 r--s 00000000 103:05 2754334                   /var/cache/fontconfig/d52a8644073d54c13679302ca1180695-le64.cache-7
7f2c280a4000-7f2c280a5000 r--s 00000000 103:05 2754292                   /var/cache/fontconfig/370e5b74bf5dafc30834de68e24a87a4-le64.cache-7
7f2c280a5000-7f2c280a6000 r--s 00000000 103:05 2754313                   /var/cache/fontconfig/6b2c5944714ca7831b25bed9e85cb5c8-le64.cache-7
7f2c280a6000-7f2c280a7000 r--s 00000000 103:05 2754333                   /var/cache/fontconfig/d5178ab6d91b49bf20a416737dcea9e8-le64.cache-7
7f2c280a7000-7f2c280a8000 r--s 00000000 103:05 2754303                   /var/cache/fontconfig/551ecf3b0e8b0bca0f25c0944f561853-le64.cache-7
7f2c280a8000-7f2c280ab000 r--s 00000000 103:05 2754342                   /var/cache/fontconfig/f259c2cffa685e28062317905db73c4a-le64.cache-7
7f2c280ab000-7f2c280ad000 r--s 00000000 103:05 2754302                   /var/cache/fontconfig/550f3886151c940c12a5ed35f6a00586-le64.cache-7
7f2c280ad000-7f2c280b0000 r--s 00000000 103:05 2754311                   /var/cache/fontconfig/674d1711f2d1d2a09646eb0bdcadee49-le64.cache-7
7f2c280b0000-7f2c280be000 r--s 00000000 103:05 2754320                   /var/cache/fontconfig/9b89f8e3dae116d678bbf48e5f21f69b-le64.cache-7
7f2c280be000-7f2c280cc000 r--s 00000000 103:05 2764616                   /var/cache/fontconfig/e13b20fdb08344e0e664864cc2ede53d-le64.cache-7
7f2c280cc000-7f2c280f2000 r--p 00000000 103:05 1182632                   /usr/share/locale-langpack/fr/LC_MESSAGES/libc.mo
7f2c280f2000-7f2c280f5000 ---p 00000000 00:00 0 
7f2c280f5000-7f2c281f3000 rw-p 00000000 00:00 0 
7f2c281f3000-7f2c281f4000 ---p 00000000 00:00 0 
7f2c281f4000-7f2c2a5ae000 rw-p 00000000 00:00 0 
7f2c2a5ae000-7f2c2a788000 r--s 03d6f000 103:05 1319016                   /usr/lib/jvm/java-8-oracle/jre/lib/rt.jar
7f2c2a788000-7f2c2bf95000 rw-p 00000000 00:00 0 
7f2c2bf95000-7f2c2bf96000 ---p 00000000 00:00 0 
7f2c2bf96000-7f2c2c096000 rw-p 00000000 00:00 0 
7f2c2c096000-7f2c2c097000 ---p 00000000 00:00 0 
7f2c2c097000-7f2c2c197000 rw-p 00000000 00:00 0 
7f2c2c197000-7f2c2c198000 ---p 00000000 00:00 0 
7f2c2c198000-7f2c2c298000 rw-p 00000000 00:00 0 
7f2c2c298000-7f2c2c299000 ---p 00000000 00:00 0 
7f2c2c299000-7f2c2c399000 rw-p 00000000 00:00 0 
7f2c2c399000-7f2c2c39a000 ---p 00000000 00:00 0 
7f2c2c39a000-7f2c2c49a000 rw-p 00000000 00:00 0 
7f2c2c49a000-7f2c2c49b000 ---p 00000000 00:00 0 
7f2c2c49b000-7f2c2cd13000 rw-p 00000000 00:00 0 
7f2c2cd13000-7f2c2d000000 ---p 00000000 00:00 0 
7f2c2d000000-7f2c2d960000 rwxp 00000000 00:00 0 
7f2c2d960000-7f2c3c000000 ---p 00000000 00:00 0 
7f2c3c000000-7f2c40000000 rw-p 00000000 00:00 0 
7f2c40000000-7f2c40001000 r--s 00000000 103:05 2754295                   /var/cache/fontconfig/3f7329c5293ffd510edef78f73874cfd-le64.cache-7
7f2c40001000-7f2c40005000 r--s 00000000 103:05 2754335                   /var/cache/fontconfig/d589a48862398ed80a3d6066f4f56f4c-le64.cache-7
7f2c40005000-7f2c40081000 rw-p 00000000 00:00 0 
7f2c40081000-7f2c40082000 ---p 00000000 00:00 0 
7f2c40082000-7f2c40182000 rw-p 00000000 00:00 0 
7f2c40182000-7f2c40183000 ---p 00000000 00:00 0 
7f2c40183000-7f2c40283000 rw-p 00000000 00:00 0 
7f2c40283000-7f2c40284000 ---p 00000000 00:00 0 
7f2c40284000-7f2c40384000 rw-p 00000000 00:00 0 
7f2c40384000-7f2c40385000 ---p 00000000 00:00 0 
7f2c40385000-7f2c40bfd000 rw-p 00000000 00:00 0 
7f2c40bfd000-7f2c40ee9000 ---p 00000000 00:00 0 
7f2c40ee9000-7f2c4141c000 rw-p 00000000 00:00 0 
7f2c4141c000-7f2c41443000 rw-p 00000000 00:00 0 
7f2c41443000-7f2c417dd000 ---p 00000000 00:00 0 
7f2c417dd000-7f2c417f8000 r-xp 00000000 103:05 1319079                   /usr/lib/jvm/java-8-oracle/jre/lib/amd64/libzip.so
7f2c417f8000-7f2c419f7000 ---p 0001b000 103:05 1319079                   /usr/lib/jvm/java-8-oracle/jre/lib/amd64/libzip.so
7f2c419f7000-7f2c419f8000 r--p 0001a000 103:05 1319079                   /usr/lib/jvm/java-8-oracle/jre/lib/amd64/libzip.so
7f2c419f8000-7f2c419f9000 rw-p 0001b000 103:05 1319079                   /usr/lib/jvm/java-8-oracle/jre/lib/amd64/libzip.so
7f2c419f9000-7f2c41a04000 r-xp 00000000 103:05 3806148                   /lib/x86_64-linux-gnu/libnss_files-2.27.so
7f2c41a04000-7f2c41c03000 ---p 0000b000 103:05 3806148                   /lib/x86_64-linux-gnu/libnss_files-2.27.so
7f2c41c03000-7f2c41c04000 r--p 0000a000 103:05 3806148                   /lib/x86_64-linux-gnu/libnss_files-2.27.so
7f2c41c04000-7f2c41c05000 rw-p 0000b000 103:05 3806148                   /lib/x86_64-linux-gnu/libnss_files-2.27.so
7f2c41c05000-7f2c41c0b000 rw-p 00000000 00:00 0 
7f2c41c0b000-7f2c41c22000 r-xp 00000000 103:05 3806142                   /lib/x86_64-linux-gnu/libnsl-2.27.so
7f2c41c22000-7f2c41e21000 ---p 00017000 103:05 3806142                   /lib/x86_64-linux-gnu/libnsl-2.27.so
7f2c41e21000-7f2c41e22000 r--p 00016000 103:05 3806142                   /lib/x86_64-linux-gnu/libnsl-2.27.so
7f2c41e22000-7f2c41e23000 rw-p 00017000 103:05 3806142                   /lib/x86_64-linux-gnu/libnsl-2.27.so
7f2c41e23000-7f2c41e25000 rw-p 00000000 00:00 0 
7f2c41e25000-7f2c41e30000 r-xp 00000000 103:05 3806159                   /lib/x86_64-linux-gnu/libnss_nis-2.27.so
7f2c41e30000-7f2c4202f000 ---p 0000b000 103:05 3806159                   /lib/x86_64-linux-gnu/libnss_nis-2.27.so
7f2c4202f000-7f2c42030000 r--p 0000a000 103:05 3806159                   /lib/x86_64-linux-gnu/libnss_nis-2.27.so
7f2c42030000-7f2c42031000 rw-p 0000b000 103:05 3806159                   /lib/x86_64-linux-gnu/libnss_nis-2.27.so
7f2c42031000-7f2c42039000 r-xp 00000000 103:05 3806144                   /lib/x86_64-linux-gnu/libnss_compat-2.27.so
7f2c42039000-7f2c42239000 ---p 00008000 103:05 3806144                   /lib/x86_64-linux-gnu/libnss_compat-2.27.so
7f2c42239000-7f2c4223a000 r--p 00008000 103:05 3806144                   /lib/x86_64-linux-gnu/libnss_compat-2.27.so
7f2c4223a000-7f2c4223b000 rw-p 00009000 103:05 3806144                   /lib/x86_64-linux-gnu/libnss_compat-2.27.so
7f2c4223b000-7f2c42267000 r-xp 00000000 103:05 1319071                   /usr/lib/jvm/java-8-oracle/jre/lib/amd64/libjava.so
7f2c42267000-7f2c42467000 ---p 0002c000 103:05 1319071                   /usr/lib/jvm/java-8-oracle/jre/lib/amd64/libjava.so
7f2c42467000-7f2c42468000 r--p 0002c000 103:05 1319071                   /usr/lib/jvm/java-8-oracle/jre/lib/amd64/libjava.so
7f2c42468000-7f2c4246a000 rw-p 0002d000 103:05 1319071                   /usr/lib/jvm/java-8-oracle/jre/lib/amd64/libjava.so
7f2c4246a000-7f2c42477000 r-xp 00000000 103:05 1319077                   /usr/lib/jvm/java-8-oracle/jre/lib/amd64/libverify.so
7f2c42477000-7f2c42676000 ---p 0000d000 103:05 1319077                   /usr/lib/jvm/java-8-oracle/jre/lib/amd64/libverify.so
7f2c42676000-7f2c42678000 r--p 0000c000 103:05 1319077                   /usr/lib/jvm/java-8-oracle/jre/lib/amd64/libverify.so
7f2c42678000-7f2c42679000 rw-p 0000e000 103:05 1319077                   /usr/lib/jvm/java-8-oracle/jre/lib/amd64/libverify.so
7f2c42679000-7f2c42680000 r-xp 00000000 103:05 3806199                   /lib/x86_64-linux-gnu/librt-2.27.so
7f2c42680000-7f2c4287f000 ---p 00007000 103:05 3806199                   /lib/x86_64-linux-gnu/librt-2.27.so
7f2c4287f000-7f2c42880000 r--p 00006000 103:05 3806199                   /lib/x86_64-linux-gnu/librt-2.27.so
7f2c42880000-7f2c42881000 rw-p 00007000 103:05 3806199                   /lib/x86_64-linux-gnu/librt-2.27.so
7f2c42881000-7f2c42a1e000 r-xp 00000000 103:05 3806121                   /lib/x86_64-linux-gnu/libm-2.27.so
7f2c42a1e000-7f2c42c1d000 ---p 0019d000 103:05 3806121                   /lib/x86_64-linux-gnu/libm-2.27.so
7f2c42c1d000-7f2c42c1e000 r--p 0019c000 103:05 3806121                   /lib/x86_64-linux-gnu/libm-2.27.so
7f2c42c1e000-7f2c42c1f000 rw-p 0019d000 103:05 3806121                   /lib/x86_64-linux-gnu/libm-2.27.so
7f2c42c1f000-7f2c43907000 r-xp 00000000 103:05 1581920                   /usr/lib/jvm/java-8-oracle/jre/lib/amd64/server/libjvm.so
7f2c43907000-7f2c43b06000 ---p 00ce8000 103:05 1581920                   /usr/lib/jvm/java-8-oracle/jre/lib/amd64/server/libjvm.so
7f2c43b06000-7f2c43b9c000 r--p 00ce7000 103:05 1581920                   /usr/lib/jvm/java-8-oracle/jre/lib/amd64/server/libjvm.so
7f2c43b9c000-7f2c43bcd000 rw-p 00d7d000 103:05 1581920                   /usr/lib/jvm/java-8-oracle/jre/lib/amd64/server/libjvm.so
7f2c43bcd000-7f2c43c08000 rw-p 00000000 00:00 0 
7f2c43c08000-7f2c43def000 r-xp 00000000 103:05 3806058                   /lib/x86_64-linux-gnu/libc-2.27.so
7f2c43def000-7f2c43fef000 ---p 001e7000 103:05 3806058                   /lib/x86_64-linux-gnu/libc-2.27.so
7f2c43fef000-7f2c43ff3000 r--p 001e7000 103:05 3806058                   /lib/x86_64-linux-gnu/libc-2.27.so
7f2c43ff3000-7f2c43ff5000 rw-p 001eb000 103:05 3806058                   /lib/x86_64-linux-gnu/libc-2.27.so
7f2c43ff5000-7f2c43ff9000 rw-p 00000000 00:00 0 
7f2c43ff9000-7f2c43ffc000 r-xp 00000000 103:05 3806081                   /lib/x86_64-linux-gnu/libdl-2.27.so
7f2c43ffc000-7f2c441fb000 ---p 00003000 103:05 3806081                   /lib/x86_64-linux-gnu/libdl-2.27.so
7f2c441fb000-7f2c441fc000 r--p 00002000 103:05 3806081                   /lib/x86_64-linux-gnu/libdl-2.27.so
7f2c441fc000-7f2c441fd000 rw-p 00003000 103:05 3806081                   /lib/x86_64-linux-gnu/libdl-2.27.so
7f2c441fd000-7f2c44214000 r-xp 00000000 103:05 409197                    /usr/lib/jvm/java-8-oracle/lib/amd64/jli/libjli.so
7f2c44214000-7f2c44413000 ---p 00017000 103:05 409197                    /usr/lib/jvm/java-8-oracle/lib/amd64/jli/libjli.so
7f2c44413000-7f2c44414000 r--p 00016000 103:05 409197                    /usr/lib/jvm/java-8-oracle/lib/amd64/jli/libjli.so
7f2c44414000-7f2c44415000 rw-p 00017000 103:05 409197                    /usr/lib/jvm/java-8-oracle/lib/amd64/jli/libjli.so
7f2c44415000-7f2c4442f000 r-xp 00000000 103:05 3806191                   /lib/x86_64-linux-gnu/libpthread-2.27.so
7f2c4442f000-7f2c4462e000 ---p 0001a000 103:05 3806191                   /lib/x86_64-linux-gnu/libpthread-2.27.so
7f2c4462e000-7f2c4462f000 r--p 00019000 103:05 3806191                   /lib/x86_64-linux-gnu/libpthread-2.27.so
7f2c4462f000-7f2c44630000 rw-p 0001a000 103:05 3806191                   /lib/x86_64-linux-gnu/libpthread-2.27.so
7f2c44630000-7f2c44634000 rw-p 00000000 00:00 0 
7f2c44634000-7f2c4463a000 r-xp 00000000 103:05 413404                    /usr/lib/x86_64-linux-gnu/libgtk3-nocsd.so.0
7f2c4463a000-7f2c44839000 ---p 00006000 103:05 413404                    /usr/lib/x86_64-linux-gnu/libgtk3-nocsd.so.0
7f2c44839000-7f2c4483a000 r--p 00005000 103:05 413404                    /usr/lib/x86_64-linux-gnu/libgtk3-nocsd.so.0
7f2c4483a000-7f2c4483b000 rw-p 00006000 103:05 413404                    /usr/lib/x86_64-linux-gnu/libgtk3-nocsd.so.0
7f2c4483b000-7f2c44862000 r-xp 00000000 103:05 3806030                   /lib/x86_64-linux-gnu/ld-2.27.so
7f2c44862000-7f2c44863000 r--s 00000000 103:05 2754281                   /var/cache/fontconfig/0c9eb80ebd1c36541ebe2852d3bb0c49-le64.cache-7
7f2c44863000-7f2c44864000 r--s 00000000 103:05 2754288                   /var/cache/fontconfig/22368d551a680bfe5a62c02760edf4ea-le64.cache-7
7f2c44864000-7f2c44865000 r--s 00000000 103:05 2754300                   /var/cache/fontconfig/4d9c95eba1cb85bbcf2878543262124a-le64.cache-7
7f2c44865000-7f2c44866000 r--s 00000000 103:05 2754317                   /var/cache/fontconfig/85e0a52ce643a7ba2ae53e5d6949cead-le64.cache-7
7f2c44866000-7f2c44867000 r--s 00000000 103:05 2754297                   /var/cache/fontconfig/49f0de54bdd920fe4f0dfd4cbac43e6b-le64.cache-7
7f2c44867000-7f2c44868000 r--s 00000000 103:05 2754344                   /var/cache/fontconfig/f6e6e0a5c3d2f6ae0c0c2e0ecd42a997-le64.cache-7
7f2c44868000-7f2c44869000 r--s 00000000 103:05 2754298                   /var/cache/fontconfig/4b2eda6bb976bda485cb2176619421d5-le64.cache-7
7f2c44869000-7f2c44873000 r--s 00226000 103:05 1984601                   /home/fernandr/.m2/repository/net/imagej/ij/1.52k/ij-1.52k.jar
7f2c44873000-7f2c44937000 rw-p 00000000 00:00 0 
7f2c44937000-7f2c44938000 ---p 00000000 00:00 0 
7f2c44938000-7f2c4493b000 ---p 00000000 00:00 0 
7f2c4493b000-7f2c44a3c000 rw-p 00000000 00:00 0 
7f2c44a3c000-7f2c44a3e000 r--s 00000000 103:05 2754312                   /var/cache/fontconfig/6afa1bb216ce958c1589e297e8008489-le64.cache-7
7f2c44a3e000-7f2c44a45000 r--s 00000000 103:05 657616                    /usr/lib/x86_64-linux-gnu/gconv/gconv-modules.cache
7f2c44a45000-7f2c44a4c000 r--s 00095000 103:05 2028044                   /home/fernandr/Programmes/LIB_EXT/JAR/VIB-lib-2.1.2.jar
7f2c44a4c000-7f2c44a57000 r--s 00093000 103:05 1983880                   /home/fernandr/Programmes/LIB_EXT/JAR/simpleitk-1.2.0.jar
7f2c44a57000-7f2c44a58000 r--s 00005000 103:05 3411772                   /home/fernandr/eclipse-workspace/MyIJPlugs/vitimage/target/lib/ext/lma.jar
7f2c44a58000-7f2c44a60000 rw-s 00000000 103:05 2884162                   /tmp/hsperfdata_fernandr/7925
7f2c44a60000-7f2c44a61000 rw-p 00000000 00:00 0 
7f2c44a61000-7f2c44a62000 r--p 00000000 00:00 0 
7f2c44a62000-7f2c44a63000 r--p 00027000 103:05 3806030                   /lib/x86_64-linux-gnu/ld-2.27.so
7f2c44a63000-7f2c44a64000 rw-p 00028000 103:05 3806030                   /lib/x86_64-linux-gnu/ld-2.27.so
7f2c44a64000-7f2c44a65000 rw-p 00000000 00:00 0 
7ffcd65db000-7ffcd65fc000 rw-p 00000000 00:00 0                          [stack]
7ffcd6710000-7ffcd6713000 r--p 00000000 00:00 0                          [vvar]
7ffcd6713000-7ffcd6715000 r-xp 00000000 00:00 0                          [vdso]
ffffffffff600000-ffffffffff601000 r-xp 00000000 00:00 0                  [vsyscall]

VM Arguments:
jvm_args: -Djava.library.path=/home/fernandr/Programmes/Fiji.app/lib/linux64 -Dfile.encoding=UTF-8 
java_command: com.vitimage.BlockMatchingRegistration
java_class_path (initial): /home/fernandr/eclipse-workspace/MyIJPlugs/vitimage/target/lib/ext/lma.jar:/home/fernandr/eclipse-workspace/MyIJPlugs/vitimage/target/classes:/home/fernandr/Programmes/LIB_EXT/JAR/simpleitk-1.2.0.jar:/home/fernandr/Programmes/LIB_EXT/JAR/VIB-lib-2.1.2.jar:/home/fernandr/.m2/repository/net/imagej/ij/1.52k/ij-1.52k.jar:/usr/lib/jvm/java-8-oracle/lib/tools.jar:/home/fernandr/.m2/repository/sc/fiji/imagescience/3.0.0/imagescience-3.0.0.jar:/home/fernandr/.m2/repository/sc/fiji/Image_5D/1.2.6/Image_5D-1.2.6.jar:/home/fernandr/.m2/repository/sc/fiji/VIB-lib/2.1.2/VIB-lib-2.1.2.jar:/home/fernandr/.m2/repository/sc/fiji/pal-optimization/2.0.0/pal-optimization-2.0.0.jar:/home/fernandr/.m2/repository/gov/nist/math/jama/1.0.3/jama-1.0.3.jar
Launcher Type: SUN_STANDARD

Environment Variables:
JAVA_HOME=/usr/lib/jvm/java-8-oracle
PATH=/usr/local/sbin:/usr/local/bin:/usr/sbin:/usr/bin:/sbin:/bin:/usr/games:/usr/local/games:/home/fernandr/Programmes/ImageJ:/home/fernandr/Programmes/Fiji.app:/snap/bin:/usr/lib/jvm/java-8-oracle/bin:/usr/lib/jvm/java-8-oracle/db/bin:/usr/lib/jvm/java-8-oracle/jre/bin
USERNAME=fernandr
LD_PRELOAD=libgtk3-nocsd.so.0
SHELL=/bin/bash
DISPLAY=:0

Signal Handlers:
SIGSEGV: [libjvm.so+0xad3e60], sa_mask[0]=11111111011111111101111111111110, sa_flags=SA_RESTART|SA_SIGINFO
SIGBUS: [libjvm.so+0xad3e60], sa_mask[0]=11111111011111111101111111111110, sa_flags=SA_RESTART|SA_SIGINFO
SIGFPE: [libjvm.so+0x90b880], sa_mask[0]=11111111011111111101111111111110, sa_flags=SA_RESTART|SA_SIGINFO
SIGPIPE: [libjvm.so+0x90b880], sa_mask[0]=11111111011111111101111111111110, sa_flags=SA_RESTART|SA_SIGINFO
SIGXFSZ: [libjvm.so+0x90b880], sa_mask[0]=11111111011111111101111111111110, sa_flags=SA_RESTART|SA_SIGINFO
SIGILL: [libjvm.so+0x90b880], sa_mask[0]=11111111011111111101111111111110, sa_flags=SA_RESTART|SA_SIGINFO
SIGUSR1: SIG_DFL, sa_mask[0]=00000000000000000000000000000000, sa_flags=none
SIGUSR2: [libjvm.so+0x90b750], sa_mask[0]=00100000000000000000000000000000, sa_flags=SA_RESTART|SA_SIGINFO
SIGHUP: [libjvm.so+0x90bd70], sa_mask[0]=11111111011111111101111111111110, sa_flags=SA_RESTART|SA_SIGINFO
SIGINT: [libjvm.so+0x90bd70], sa_mask[0]=11111111011111111101111111111110, sa_flags=SA_RESTART|SA_SIGINFO
SIGTERM: [libjvm.so+0x90bd70], sa_mask[0]=11111111011111111101111111111110, sa_flags=SA_RESTART|SA_SIGINFO
SIGQUIT: [libjvm.so+0x90bd70], sa_mask[0]=11111111011111111101111111111110, sa_flags=SA_RESTART|SA_SIGINFO


---------------  S Y S T E M  ---------------

OS:DISTRIB_ID=Ubuntu
DISTRIB_RELEASE=18.04
DISTRIB_CODENAME=bionic
DISTRIB_DESCRIPTION="Ubuntu 18.04.2 LTS"

uname:Linux 4.15.0-50-generic #54-Ubuntu SMP Mon May 6 18:46:08 UTC 2019 x86_64
libc:glibc 2.27 NPTL 2.27 
rlimit: STACK 8192k, CORE 0k, NPROC 127338, NOFILE 4096, AS infinity
load average:4,02 2,86 1,68

/proc/meminfo:
MemTotal:       32693752 kB
MemFree:         9912520 kB
MemAvailable:   12155652 kB
Buffers:          165516 kB
Cached:          2633636 kB
SwapCached:            0 kB
Active:         20269504 kB
Inactive:        1907680 kB
Active(anon):   19385232 kB
Inactive(anon):   246348 kB
Active(file):     884272 kB
Inactive(file):  1661332 kB
Unevictable:       13760 kB
Mlocked:           13768 kB
SwapTotal:      19530748 kB
SwapFree:       19530748 kB
Dirty:               276 kB
Writeback:             0 kB
AnonPages:      19392020 kB
Mapped:           896344 kB
Shmem:            249028 kB
Slab:             241644 kB
SReclaimable:     137996 kB
SUnreclaim:       103648 kB
KernelStack:       20528 kB
PageTables:       101004 kB
NFS_Unstable:          0 kB
Bounce:                0 kB
WritebackTmp:          0 kB
CommitLimit:    35877624 kB
Committed_AS:   25555680 kB
VmallocTotal:   34359738367 kB
VmallocUsed:           0 kB
VmallocChunk:          0 kB
HardwareCorrupted:     0 kB
AnonHugePages:         0 kB
ShmemHugePages:        0 kB
ShmemPmdMapped:        0 kB
CmaTotal:              0 kB
CmaFree:               0 kB
HugePages_Total:       0
HugePages_Free:        0
HugePages_Rsvd:        0
HugePages_Surp:        0
Hugepagesize:       2048 kB
DirectMap4k:      434684 kB
DirectMap2M:    10854400 kB
DirectMap1G:    23068672 kB

container (cgroup) information:
container_type: cgroupv1
cpu_cpuset_cpus: 0-11
cpu_memory_nodes: 0
active_processor_count: 12
cpu_quota: -1
cpu_period: 100000
cpu_shares: -1
memory_limit_in_bytes: -1
memory_and_swap_limit_in_bytes: -2
memory_soft_limit_in_bytes: -1
memory_usage_in_bytes: 22723530752
memory_max_usage_in_bytes: 0


CPU:total 12 (initial active 12) (6 cores per cpu, 2 threads per core) family 6 model 158 stepping 10, cmov, cx8, fxsr, mmx, sse, sse2, sse3, ssse3, sse4.1, sse4.2, popcnt, avx, avx2, aes, clmul, erms, rtm, 3dnowpref, lzcnt, ht, tsc, tscinvbit, bmi1, bmi2, adx

/proc/cpuinfo:
processor	: 0
vendor_id	: GenuineIntel
cpu family	: 6
model		: 158
model name	: Intel(R) Xeon(R) E-2186M  CPU @ 2.90GHz
stepping	: 10
microcode	: 0xb4
cpu MHz		: 4367.141
cache size	: 12288 KB
physical id	: 0
siblings	: 12
core id		: 0
cpu cores	: 6
apicid		: 0
initial apicid	: 0
fpu		: yes
fpu_exception	: yes
cpuid level	: 22
wp		: yes
flags		: fpu vme de pse tsc msr pae mce cx8 apic sep mtrr pge mca cmov pat pse36 clflush dts acpi mmx fxsr sse sse2 ss ht tm pbe syscall nx pdpe1gb rdtscp lm constant_tsc art arch_perfmon pebs bts rep_good nopl xtopology nonstop_tsc cpuid aperfmperf tsc_known_freq pni pclmulqdq dtes64 monitor ds_cpl vmx smx est tm2 ssse3 sdbg fma cx16 xtpr pdcm pcid sse4_1 sse4_2 x2apic movbe popcnt tsc_deadline_timer aes xsave avx f16c rdrand lahf_lm abm 3dnowprefetch cpuid_fault epb invpcid_single pti ssbd ibrs ibpb stibp tpr_shadow vnmi flexpriority ept vpid fsgsbase tsc_adjust bmi1 hle avx2 smep bmi2 erms invpcid rtm mpx rdseed adx smap clflushopt intel_pt xsaveopt xsavec xgetbv1 xsaves dtherm ida arat pln pts hwp hwp_notify hwp_act_window hwp_epp md_clear flush_l1d
bugs		: cpu_meltdown spectre_v1 spectre_v2 spec_store_bypass l1tf mds
bogomips	: 5808.00
clflush size	: 64
cache_alignment	: 64
address sizes	: 39 bits physical, 48 bits virtual
power management:

processor	: 1
vendor_id	: GenuineIntel
cpu family	: 6
model		: 158
model name	: Intel(R) Xeon(R) E-2186M  CPU @ 2.90GHz
stepping	: 10
microcode	: 0xb4
cpu MHz		: 4378.413
cache size	: 12288 KB
physical id	: 0
siblings	: 12
core id		: 1
cpu cores	: 6
apicid		: 2
initial apicid	: 2
fpu		: yes
fpu_exception	: yes
cpuid level	: 22
wp		: yes
flags		: fpu vme de pse tsc msr pae mce cx8 apic sep mtrr pge mca cmov pat pse36 clflush dts acpi mmx fxsr sse sse2 ss ht tm pbe syscall nx pdpe1gb rdtscp lm constant_tsc art arch_perfmon pebs bts rep_good nopl xtopology nonstop_tsc cpuid aperfmperf tsc_known_freq pni pclmulqdq dtes64 monitor ds_cpl vmx smx est tm2 ssse3 sdbg fma cx16 xtpr pdcm pcid sse4_1 sse4_2 x2apic movbe popcnt tsc_deadline_timer aes xsave avx f16c rdrand lahf_lm abm 3dnowprefetch cpuid_fault epb invpcid_single pti ssbd ibrs ibpb stibp tpr_shadow vnmi flexpriority ept vpid fsgsbase tsc_adjust bmi1 hle avx2 smep bmi2 erms invpcid rtm mpx rdseed adx smap clflushopt intel_pt xsaveopt xsavec xgetbv1 xsaves dtherm ida arat pln pts hwp hwp_notify hwp_act_window hwp_epp md_clear flush_l1d
bugs		: cpu_meltdown spectre_v1 spectre_v2 spec_store_bypass l1tf mds
bogomips	: 5808.00
clflush size	: 64
cache_alignment	: 64
address sizes	: 39 bits physical, 48 bits virtual
power management:

processor	: 2
vendor_id	: GenuineIntel
cpu family	: 6
model		: 158
model name	: Intel(R) Xeon(R) E-2186M  CPU @ 2.90GHz
stepping	: 10
microcode	: 0xb4
cpu MHz		: 4386.654
cache size	: 12288 KB
physical id	: 0
siblings	: 12
core id		: 2
cpu cores	: 6
apicid		: 4
initial apicid	: 4
fpu		: yes
fpu_exception	: yes
cpuid level	: 22
wp		: yes
flags		: fpu vme de pse tsc msr pae mce cx8 apic sep mtrr pge mca cmov pat pse36 clflush dts acpi mmx fxsr sse sse2 ss ht tm pbe syscall nx pdpe1gb rdtscp lm constant_tsc art arch_perfmon pebs bts rep_good nopl xtopology nonstop_tsc cpuid aperfmperf tsc_known_freq pni pclmulqdq dtes64 monitor ds_cpl vmx smx est tm2 ssse3 sdbg fma cx16 xtpr pdcm pcid sse4_1 sse4_2 x2apic movbe popcnt tsc_deadline_timer aes xsave avx f16c rdrand lahf_lm abm 3dnowprefetch cpuid_fault epb invpcid_single pti ssbd ibrs ibpb stibp tpr_shadow vnmi flexpriority ept vpid fsgsbase tsc_adjust bmi1 hle avx2 smep bmi2 erms invpcid rtm mpx rdseed adx smap clflushopt intel_pt xsaveopt xsavec xgetbv1 xsaves dtherm ida arat pln pts hwp hwp_notify hwp_act_window hwp_epp md_clear flush_l1d
bugs		: cpu_meltdown spectre_v1 spectre_v2 spec_store_bypass l1tf mds
bogomips	: 5808.00
clflush size	: 64
cache_alignment	: 64
address sizes	: 39 bits physical, 48 bits virtual
power management:

processor	: 3
vendor_id	: GenuineIntel
cpu family	: 6
model		: 158
model name	: Intel(R) Xeon(R) E-2186M  CPU @ 2.90GHz
stepping	: 10
microcode	: 0xb4
cpu MHz		: 4376.366
cache size	: 12288 KB
physical id	: 0
siblings	: 12
core id		: 3
cpu cores	: 6
apicid		: 6
initial apicid	: 6
fpu		: yes
fpu_exception	: yes
cpuid level	: 22
wp		: yes
flags		: fpu vme de pse tsc msr pae mce cx8 apic sep mtrr pge mca cmov pat pse36 clflush dts acpi mmx fxsr sse sse2 ss ht tm pbe syscall nx pdpe1gb rdtscp lm constant_tsc art arch_perfmon pebs bts rep_good nopl xtopology nonstop_tsc cpuid aperfmperf tsc_known_freq pni pclmulqdq dtes64 monitor ds_cpl vmx smx est tm2 ssse3 sdbg fma cx16 xtpr pdcm pcid sse4_1 sse4_2 x2apic movbe popcnt tsc_deadline_timer aes xsave avx f16c rdrand lahf_lm abm 3dnowprefetch cpuid_fault epb invpcid_single pti ssbd ibrs ibpb stibp tpr_shadow vnmi flexpriority ept vpid fsgsbase tsc_adjust bmi1 hle avx2 smep bmi2 erms invpcid rtm mpx rdseed adx smap clflushopt intel_pt xsaveopt xsavec xgetbv1 xsaves dtherm ida arat pln pts hwp hwp_notify hwp_act_window hwp_epp md_clear flush_l1d
bugs		: cpu_meltdown spectre_v1 spectre_v2 spec_store_bypass l1tf mds
bogomips	: 5808.00
clflush size	: 64
cache_alignment	: 64
address sizes	: 39 bits physical, 48 bits virtual
power management:

processor	: 4
vendor_id	: GenuineIntel
cpu family	: 6
model		: 158
model name	: Intel(R) Xeon(R) E-2186M  CPU @ 2.90GHz
stepping	: 10
microcode	: 0xb4
cpu MHz		: 4391.323
cache size	: 12288 KB
physical id	: 0
siblings	: 12
core id		: 4
cpu cores	: 6
apicid		: 8
initial apicid	: 8
fpu		: yes
fpu_exception	: yes
cpuid level	: 22
wp		: yes
flags		: fpu vme de pse tsc msr pae mce cx8 apic sep mtrr pge mca cmov pat pse36 clflush dts acpi mmx fxsr sse sse2 ss ht tm pbe syscall nx pdpe1gb rdtscp lm constant_tsc art arch_perfmon pebs bts rep_good nopl xtopology nonstop_tsc cpuid aperfmperf tsc_known_freq pni pclmulqdq dtes64 monitor ds_cpl vmx smx est tm2 ssse3 sdbg fma cx16 xtpr pdcm pcid sse4_1 sse4_2 x2apic movbe popcnt tsc_deadline_timer aes xsave avx f16c rdrand lahf_lm abm 3dnowprefetch cpuid_fault epb invpcid_single pti ssbd ibrs ibpb stibp tpr_shadow vnmi flexpriority ept vpid fsgsbase tsc_adjust bmi1 hle avx2 smep bmi2 erms invpcid rtm mpx rdseed adx smap clflushopt intel_pt xsaveopt xsavec xgetbv1 xsaves dtherm ida arat pln pts hwp hwp_notify hwp_act_window hwp_epp md_clear flush_l1d
bugs		: cpu_meltdown spectre_v1 spectre_v2 spec_store_bypass l1tf mds
bogomips	: 5808.00
clflush size	: 64
cache_alignment	: 64
address sizes	: 39 bits physical, 48 bits virtual
power management:

processor	: 5
vendor_id	: GenuineIntel
cpu family	: 6
model		: 158
model name	: Intel(R) Xeon(R) E-2186M  CPU @ 2.90GHz
stepping	: 10
microcode	: 0xb4
cpu MHz		: 4293.305
cache size	: 12288 KB
physical id	: 0
siblings	: 12
core id		: 5
cpu cores	: 6
apicid		: 10
initial apicid	: 10
fpu		: yes
fpu_exception	: yes
cpuid level	: 22
wp		: yes
flags		: fpu vme de pse tsc msr pae mce cx8 apic sep mtrr pge mca cmov pat pse36 clflush dts acpi mmx fxsr sse sse2 ss ht tm pbe syscall nx pdpe1gb rdtscp lm constant_tsc art arch_perfmon pebs bts rep_good nopl xtopology nonstop_tsc cpuid aperfmperf tsc_known_freq pni pclmulqdq dtes64 monitor ds_cpl vmx smx est tm2 ssse3 sdbg fma cx16 xtpr pdcm pcid sse4_1 sse4_2 x2apic movbe popcnt tsc_deadline_timer aes xsave avx f16c rdrand lahf_lm abm 3dnowprefetch cpuid_fault epb invpcid_single pti ssbd ibrs ibpb stibp tpr_shadow vnmi flexpriority ept vpid fsgsbase tsc_adjust bmi1 hle avx2 smep bmi2 erms invpcid rtm mpx rdseed adx smap clflushopt intel_pt xsaveopt xsavec xgetbv1 xsaves dtherm ida arat pln pts hwp hwp_notify hwp_act_window hwp_epp md_clear flush_l1d
bugs		: cpu_meltdown spectre_v1 spectre_v2 spec_store_bypass l1tf mds
bogomips	: 5808.00
clflush size	: 64
cache_alignment	: 64
address sizes	: 39 bits physical, 48 bits virtual
power management:

processor	: 6
vendor_id	: GenuineIntel
cpu family	: 6
model		: 158
model name	: Intel(R) Xeon(R) E-2186M  CPU @ 2.90GHz
stepping	: 10
microcode	: 0xb4
cpu MHz		: 4371.397
cache size	: 12288 KB
physical id	: 0
siblings	: 12
core id		: 0
cpu cores	: 6
apicid		: 1
initial apicid	: 1
fpu		: yes
fpu_exception	: yes
cpuid level	: 22
wp		: yes
flags		: fpu vme de pse tsc msr pae mce cx8 apic sep mtrr pge mca cmov pat pse36 clflush dts acpi mmx fxsr sse sse2 ss ht tm pbe syscall nx pdpe1gb rdtscp lm constant_tsc art arch_perfmon pebs bts rep_good nopl xtopology nonstop_tsc cpuid aperfmperf tsc_known_freq pni pclmulqdq dtes64 monitor ds_cpl vmx smx est tm2 ssse3 sdbg fma cx16 xtpr pdcm pcid sse4_1 sse4_2 x2apic movbe popcnt tsc_deadline_timer aes xsave avx f16c rdrand lahf_lm abm 3dnowprefetch cpuid_fault epb invpcid_single pti ssbd ibrs ibpb stibp tpr_shadow vnmi flexpriority ept vpid fsgsbase tsc_adjust bmi1 hle avx2 smep bmi2 erms invpcid rtm mpx rdseed adx smap clflushopt intel_pt xsaveopt xsavec xgetbv1 xsaves dtherm ida arat pln pts hwp hwp_notify hwp_act_window hwp_epp md_clear flush_l1d
bugs		: cpu_meltdown spectre_v1 spectre_v2 spec_store_bypass l1tf mds
bogomips	: 5808.00
clflush size	: 64
cache_alignment	: 64
address sizes	: 39 bits physical, 48 bits virtual
power management:

processor	: 7
vendor_id	: GenuineIntel
cpu family	: 6
model		: 158
model name	: Intel(R) Xeon(R) E-2186M  CPU @ 2.90GHz
stepping	: 10
microcode	: 0xb4
cpu MHz		: 4395.777
cache size	: 12288 KB
physical id	: 0
siblings	: 12
core id		: 1
cpu cores	: 6
apicid		: 3
initial apicid	: 3
fpu		: yes
fpu_exception	: yes
cpuid level	: 22
wp		: yes
flags		: fpu vme de pse tsc msr pae mce cx8 apic sep mtrr pge mca cmov pat pse36 clflush dts acpi mmx fxsr sse sse2 ss ht tm pbe syscall nx pdpe1gb rdtscp lm constant_tsc art arch_perfmon pebs bts rep_good nopl xtopology nonstop_tsc cpuid aperfmperf tsc_known_freq pni pclmulqdq dtes64 monitor ds_cpl vmx smx est tm2 ssse3 sdbg fma cx16 xtpr pdcm pcid sse4_1 sse4_2 x2apic movbe popcnt tsc_deadline_timer aes xsave avx f16c rdrand lahf_lm abm 3dnowprefetch cpuid_fault epb invpcid_single pti ssbd ibrs ibpb stibp tpr_shadow vnmi flexpriority ept vpid fsgsbase tsc_adjust bmi1 hle avx2 smep bmi2 erms invpcid rtm mpx rdseed adx smap clflushopt intel_pt xsaveopt xsavec xgetbv1 xsaves dtherm ida arat pln pts hwp hwp_notify hwp_act_window hwp_epp md_clear flush_l1d
bugs		: cpu_meltdown spectre_v1 spectre_v2 spec_store_bypass l1tf mds
bogomips	: 5808.00
clflush size	: 64
cache_alignment	: 64
address sizes	: 39 bits physical, 48 bits virtual
power management:

processor	: 8
vendor_id	: GenuineIntel
cpu family	: 6
model		: 158
model name	: Intel(R) Xeon(R) E-2186M  CPU @ 2.90GHz
stepping	: 10
microcode	: 0xb4
cpu MHz		: 3322.411
cache size	: 12288 KB
physical id	: 0
siblings	: 12
core id		: 2
cpu cores	: 6
apicid		: 5
initial apicid	: 5
fpu		: yes
fpu_exception	: yes
cpuid level	: 22
wp		: yes
flags		: fpu vme de pse tsc msr pae mce cx8 apic sep mtrr pge mca cmov pat pse36 clflush dts acpi mmx fxsr sse sse2 ss ht tm pbe syscall nx pdpe1gb rdtscp lm constant_tsc art arch_perfmon pebs bts rep_good nopl xtopology nonstop_tsc cpuid aperfmperf tsc_known_freq pni pclmulqdq dtes64 monitor ds_cpl vmx smx est tm2 ssse3 sdbg fma cx16 xtpr pdcm pcid sse4_1 sse4_2 x2apic movbe popcnt tsc_deadline_timer aes xsave avx f16c rdrand lahf_lm abm 3dnowprefetch cpuid_fault epb invpcid_single pti ssbd ibrs ibpb stibp tpr_shadow vnmi flexpriority ept vpid fsgsbase tsc_adjust bmi1 hle avx2 smep bmi2 erms invpcid rtm mpx rdseed adx smap clflushopt intel_pt xsaveopt xsavec xgetbv1 xsaves dtherm ida arat pln pts hwp hwp_notify hwp_act_window hwp_epp md_clear flush_l1d
bugs		: cpu_meltdown spectre_v1 spectre_v2 spec_store_bypass l1tf mds
bogomips	: 5808.00
clflush size	: 64
cache_alignment	: 64
address sizes	: 39 bits physical, 48 bits virtual
power management:

processor	: 9
vendor_id	: GenuineIntel
cpu family	: 6
model		: 158
model name	: Intel(R) Xeon(R) E-2186M  CPU @ 2.90GHz
stepping	: 10
microcode	: 0xb4
cpu MHz		: 4343.329
cache size	: 12288 KB
physical id	: 0
siblings	: 12
core id		: 3
cpu cores	: 6
apicid		: 7
initial apicid	: 7
fpu		: yes
fpu_exception	: yes
cpuid level	: 22
wp		: yes
flags		: fpu vme de pse tsc msr pae mce cx8 apic sep mtrr pge mca cmov pat pse36 clflush dts acpi mmx fxsr sse sse2 ss ht tm pbe syscall nx pdpe1gb rdtscp lm constant_tsc art arch_perfmon pebs bts rep_good nopl xtopology nonstop_tsc cpuid aperfmperf tsc_known_freq pni pclmulqdq dtes64 monitor ds_cpl vmx smx est tm2 ssse3 sdbg fma cx16 xtpr pdcm pcid sse4_1 sse4_2 x2apic movbe popcnt tsc_deadline_timer aes xsave avx f16c rdrand lahf_lm abm 3dnowprefetch cpuid_fault epb invpcid_single pti ssbd ibrs ibpb stibp tpr_shadow vnmi flexpriority ept vpid fsgsbase tsc_adjust bmi1 hle avx2 smep bmi2 erms invpcid rtm mpx rdseed adx smap clflushopt intel_pt xsaveopt xsavec xgetbv1 xsaves dtherm ida arat pln pts hwp hwp_notify hwp_act_window hwp_epp md_clear flush_l1d
bugs		: cpu_meltdown spectre_v1 spectre_v2 spec_store_bypass l1tf mds
bogomips	: 5808.00
clflush size	: 64
cache_alignment	: 64
address sizes	: 39 bits physical, 48 bits virtual
power management:

processor	: 10
vendor_id	: GenuineIntel
cpu family	: 6
model		: 158
model name	: Intel(R) Xeon(R) E-2186M  CPU @ 2.90GHz
stepping	: 10
microcode	: 0xb4
cpu MHz		: 4386.183
cache size	: 12288 KB
physical id	: 0
siblings	: 12
core id		: 4
cpu cores	: 6
apicid		: 9
initial apicid	: 9
fpu		: yes
fpu_exception	: yes
cpuid level	: 22
wp		: yes
flags		: fpu vme de pse tsc msr pae mce cx8 apic sep mtrr pge mca cmov pat pse36 clflush dts acpi mmx fxsr sse sse2 ss ht tm pbe syscall nx pdpe1gb rdtscp lm constant_tsc art arch_perfmon pebs bts rep_good nopl xtopology nonstop_tsc cpuid aperfmperf tsc_known_freq pni pclmulqdq dtes64 monitor ds_cpl vmx smx est tm2 ssse3 sdbg fma cx16 xtpr pdcm pcid sse4_1 sse4_2 x2apic movbe popcnt tsc_deadline_timer aes xsave avx f16c rdrand lahf_lm abm 3dnowprefetch cpuid_fault epb invpcid_single pti ssbd ibrs ibpb stibp tpr_shadow vnmi flexpriority ept vpid fsgsbase tsc_adjust bmi1 hle avx2 smep bmi2 erms invpcid rtm mpx rdseed adx smap clflushopt intel_pt xsaveopt xsavec xgetbv1 xsaves dtherm ida arat pln pts hwp hwp_notify hwp_act_window hwp_epp md_clear flush_l1d
bugs		: cpu_meltdown spectre_v1 spectre_v2 spec_store_bypass l1tf mds
bogomips	: 5808.00
clflush size	: 64
cache_alignment	: 64
address sizes	: 39 bits physical, 48 bits virtual
power management:

processor	: 11
vendor_id	: GenuineIntel
cpu family	: 6
model		: 158
model name	: Intel(R) Xeon(R) E-2186M  CPU @ 2.90GHz
stepping	: 10
microcode	: 0xb4
cpu MHz		: 4388.111
cache size	: 12288 KB
physical id	: 0
siblings	: 12
core id		: 5
cpu cores	: 6
apicid		: 11
initial apicid	: 11
fpu		: yes
fpu_exception	: yes
cpuid level	: 22
wp		: yes
flags		: fpu vme de pse tsc msr pae mce cx8 apic sep mtrr pge mca cmov pat pse36 clflush dts acpi mmx fxsr sse sse2 ss ht tm pbe syscall nx pdpe1gb rdtscp lm constant_tsc art arch_perfmon pebs bts rep_good nopl xtopology nonstop_tsc cpuid aperfmperf tsc_known_freq pni pclmulqdq dtes64 monitor ds_cpl vmx smx est tm2 ssse3 sdbg fma cx16 xtpr pdcm pcid sse4_1 sse4_2 x2apic movbe popcnt tsc_deadline_timer aes xsave avx f16c rdrand lahf_lm abm 3dnowprefetch cpuid_fault epb invpcid_single pti ssbd ibrs ibpb stibp tpr_shadow vnmi flexpriority ept vpid fsgsbase tsc_adjust bmi1 hle avx2 smep bmi2 erms invpcid rtm mpx rdseed adx smap clflushopt intel_pt xsaveopt xsavec xgetbv1 xsaves dtherm ida arat pln pts hwp hwp_notify hwp_act_window hwp_epp md_clear flush_l1d
bugs		: cpu_meltdown spectre_v1 spectre_v2 spec_store_bypass l1tf mds
bogomips	: 5808.00
clflush size	: 64
cache_alignment	: 64
address sizes	: 39 bits physical, 48 bits virtual
power management:



Memory: 4k page, physical 32693752k(9913396k free), swap 19530748k(19530748k free)

vm_info: Java HotSpot(TM) 64-Bit Server VM (25.201-b09) for linux-amd64 JRE (1.8.0_201-b09), built on Dec 15 2018 11:35:59 by "java_re" with gcc 7.3.0

time: Mon May 20 16:26:22 2019
timezone: CEST
elapsed time: 418 seconds (0d 0h 6m 58s)

