#
# There is insufficient memory for the Java Runtime Environment to continue.
# Native memory allocation (mmap) failed to map 468189184 bytes for committing reserved memory.
# Possible reasons:
#   The system is out of physical RAM or swap space
#   The process is running with CompressedOops enabled, and the Java Heap may be blocking the growth of the native heap
# Possible solutions:
#   Reduce memory load on the system
#   Increase physical memory or swap space
#   Check if swap backing store is full
#   Decrease Java heap size (-Xmx/-Xms)
#   Decrease number of Java threads
#   Decrease Java thread stack sizes (-Xss)
#   Set larger code cache with -XX:ReservedCodeCacheSize=
#   JVM is running with Zero Based Compressed Oops mode in which the Java heap is
#     placed in the first 32GB address space. The Java Heap base address is the
#     maximum limit for the native heap growth. Please use -XX:HeapBaseMinAddress
#     to set the Java Heap base and to place the Java Heap above 32GB virtual address.
# This output file may be truncated or incomplete.
#
#  Out of Memory Error (os_linux.cpp:2749), pid=32419, tid=0x00007fe4b8129700
#
# JRE version: Java(TM) SE Runtime Environment (8.0_201-b09) (build 1.8.0_201-b09)
# Java VM: Java HotSpot(TM) 64-Bit Server VM (25.201-b09 mixed mode linux-amd64 compressed oops)
# Failed to write core dump. Core dumps have been disabled. To enable core dumping, try "ulimit -c unlimited" before starting Java again
#

---------------  T H R E A D  ---------------

Current thread (0x00007fe51c086000):  VMThread [stack: 0x00007fe4b802a000,0x00007fe4b812a000] [id=32439]

Stack: [0x00007fe4b802a000,0x00007fe4b812a000],  sp=0x00007fe4b81283f0,  free space=1016k
Native frames: (J=compiled Java code, j=interpreted, Vv=VM code, C=native code)
V  [libjvm.so+0xad3525]  VMError::report_and_die()+0x2e5
V  [libjvm.so+0x4e0457]  report_vm_out_of_memory(char const*, int, unsigned long, VMErrorType, char const*)+0x67
V  [libjvm.so+0x9102f0]  os::pd_commit_memory(char*, unsigned long, unsigned long, bool)+0x100
V  [libjvm.so+0x90791f]  os::commit_memory(char*, unsigned long, unsigned long, bool)+0x1f
V  [libjvm.so+0x98c806]  PSVirtualSpace::expand_by(unsigned long)+0x56
V  [libjvm.so+0x98da98]  PSYoungGen::resize(unsigned long, unsigned long)+0xd8
V  [libjvm.so+0x98a236]  PSScavenge::invoke_no_policy()+0x1376
V  [libjvm.so+0x98a5cc]  PSScavenge::invoke()+0x4c
V  [libjvm.so+0x93a318]  ParallelScavengeHeap::failed_mem_allocate(unsigned long)+0x68
V  [libjvm.so+0xad5073]  VM_ParallelGCFailedAllocation::doit()+0x93
V  [libjvm.so+0xada296]  VM_Operation::evaluate()+0x46
V  [libjvm.so+0xad85cd]  VMThread::evaluate_operation(VM_Operation*) [clone .constprop.44]+0xcd
V  [libjvm.so+0xad8bb3]  VMThread::loop()+0x3a3
V  [libjvm.so+0xad8f88]  VMThread::run()+0x78
V  [libjvm.so+0x90d922]  java_start(Thread*)+0x102

VM_Operation (0x00007fe525c4b1c0): ParallelGCFailedAllocation, mode: safepoint, requested by thread 0x00007fe51c00b800


---------------  P R O C E S S  ---------------

Java Threads: ( => current thread )
  0x00007fe51c378000 JavaThread "AWT-EventQueue-0" [_thread_blocked, id=32456, stack(0x00007fe4b05a1000,0x00007fe4b06a2000)]
  0x00007fe51c373800 JavaThread "AWT-Shutdown" [_thread_blocked, id=32455, stack(0x00007fe4b06a2000,0x00007fe4b07a3000)]
  0x00007fe51c2e0800 JavaThread "AWT-XAWT" daemon [_thread_blocked, id=32454, stack(0x00007fe4b09a3000,0x00007fe4b0aa4000)]
  0x00007fe51c2a2800 JavaThread "Java2D Disposer" daemon [_thread_blocked, id=32453, stack(0x00007fe4b0eb4000,0x00007fe4b0fb5000)]
  0x00007fe51c0d9000 JavaThread "Service Thread" daemon [_thread_blocked, id=32447, stack(0x00007fe4b2e29000,0x00007fe4b2f2a000)]
  0x00007fe51c0cd800 JavaThread "C1 CompilerThread3" daemon [_thread_blocked, id=32446, stack(0x00007fe4b2f2b000,0x00007fe4b302b000)]
  0x00007fe51c0cb800 JavaThread "C2 CompilerThread2" daemon [_thread_blocked, id=32445, stack(0x00007fe4b302c000,0x00007fe4b312c000)]
  0x00007fe51c0c9800 JavaThread "C2 CompilerThread1" daemon [_thread_blocked, id=32444, stack(0x00007fe4b312d000,0x00007fe4b322d000)]
  0x00007fe51c0c7000 JavaThread "C2 CompilerThread0" daemon [_thread_blocked, id=32443, stack(0x00007fe4b322e000,0x00007fe4b332e000)]
  0x00007fe51c0c5800 JavaThread "Signal Dispatcher" daemon [_thread_blocked, id=32442, stack(0x00007fe4b332e000,0x00007fe4b342f000)]
  0x00007fe51c092000 JavaThread "Finalizer" daemon [_thread_blocked, id=32441, stack(0x00007fe4b3dfe000,0x00007fe4b3eff000)]
  0x00007fe51c08f800 JavaThread "Reference Handler" daemon [_thread_blocked, id=32440, stack(0x00007fe4b3eff000,0x00007fe4b4000000)]
  0x00007fe51c00b800 JavaThread "main" [_thread_blocked, id=32421, stack(0x00007fe525b4d000,0x00007fe525c4d000)]

Other Threads:
=>0x00007fe51c086000 VMThread [stack: 0x00007fe4b802a000,0x00007fe4b812a000] [id=32439]
  0x00007fe51c0db800 WatcherThread [stack: 0x00007fe4b2d29000,0x00007fe4b2e29000] [id=32448]

VM state:at safepoint (normal execution)

VM Mutex/Monitor currently owned by a thread:  ([mutex/lock_event])
[0x00007fe51c008010] Threads_lock - owner thread: 0x00007fe51c086000
[0x00007fe51c008510] Heap_lock - owner thread: 0x00007fe51c00b800

heap address: 0x00000001e4000000, size: 24000 MB, Compressed Oops mode: Zero based, Oop shift amount: 3
Narrow klass base: 0x0000000000000000, Narrow klass shift: 3
Compressed class space size: 1073741824 Address: 0x00000007c0000000

Heap:
 PSYoungGen      total 1467392K, used 610010K [0x00000005cc000000, 0x0000000654380000, 0x00000007c0000000)
  eden space 702976K, 0% used [0x00000005cc000000,0x00000005cc000000,0x00000005f6e80000)
  from space 764416K, 79% used [0x00000005f6e80000,0x000000061c236b20,0x0000000625900000)
  to   space 749568K, 0% used [0x0000000625c80000,0x0000000625c80000,0x0000000653880000)
 ParOldGen       total 2861568K, used 2811656K [0x00000001e4000000, 0x0000000292a80000, 0x00000005cc000000)
  object space 2861568K, 98% used [0x00000001e4000000,0x000000028f9c2198,0x0000000292a80000)
 Metaspace       used 15572K, capacity 15779K, committed 16128K, reserved 1064960K
  class space    used 1402K, capacity 1460K, committed 1536K, reserved 1048576K

Card table byte_map: [0x00007fe50a11f000,0x00007fe50d000000] byte_map_base: 0x00007fe5091ff000

Marking Bits: (ParMarkBitMap*) 0x00007fe524dfbd80
 Begin Bits: [0x00007fe4b9200000, 0x00007fe4d0900000)
 End Bits:   [0x00007fe4d0900000, 0x00007fe4e8000000)

Polling page: 0x00007fe525c72000

CodeCache: size=245760Kb used=6594Kb max_used=6614Kb free=239165Kb
 bounds [0x00007fe50d000000, 0x00007fe50d680000, 0x00007fe51c000000]
 total_blobs=2721 nmethods=1693 adapters=941
 compilation: enabled

Compilation events (10 events):
Event: 22,502 Thread 0x00007fe51c0cb800 nmethod 1696 0x00007fe50d605d50 code [0x00007fe50d605ea0, 0x00007fe50d605ef8]
Event: 22,502 Thread 0x00007fe51c0c9800 nmethod 1695 0x00007fe50d1002d0 code [0x00007fe50d1004a0, 0x00007fe50d100970]
Event: 22,502 Thread 0x00007fe51c0c7000 nmethod 1697 0x00007fe50d101ed0 code [0x00007fe50d102020, 0x00007fe50d102298]
Event: 22,506 Thread 0x00007fe51c0cb800 1698       4       sun.awt.SunToolkit::getSystemEventQueueImpl (4 bytes)
Event: 22,507 Thread 0x00007fe51c0cb800 nmethod 1698 0x00007fe50d676110 code [0x00007fe50d676280, 0x00007fe50d6763a8]
Event: 22,509 Thread 0x00007fe51c0c7000 1699       4       java.awt.Component::dispatchEventImpl (921 bytes)
Event: 22,509 Thread 0x00007fe51c0c9800 1700   !   4       java.awt.KeyboardFocusManager::retargetFocusEvent (244 bytes)
Event: 22,513 Thread 0x00007fe51c0c9800 nmethod 1700 0x00007fe50d676d10 code [0x00007fe50d676f00, 0x00007fe50d677770]
Event: 22,524 Thread 0x00007fe51c0c7000 nmethod 1699 0x00007fe50d6792d0 code [0x00007fe50d6796e0, 0x00007fe50d67ba18]
Event: 22,597 Thread 0x00007fe51c0cd800 1701       3       java.util.Properties::load0 (250 bytes)

GC Heap History (10 events):
Event: 14,964 GC heap after
Heap after GC invocations=13 (full 3):
 PSYoungGen      total 1106432K, used 630606K [0x00000005cc000000, 0x000000064a000000, 0x00000007c0000000)
  eden space 475648K, 0% used [0x00000005cc000000,0x00000005cc000000,0x00000005e9080000)
  from space 630784K, 99% used [0x0000000616100000,0x000000063c8d3b80,0x000000063c900000)
  to   space 737792K, 0% used [0x00000005e9080000,0x00000005e9080000,0x0000000616100000)
 ParOldGen       total 1573888K, used 1395644K [0x00000001e4000000, 0x0000000244100000, 0x00000005cc000000)
  object space 1573888K, 88% used [0x00000001e4000000,0x00000002392ef138,0x0000000244100000)
 Metaspace       used 15535K, capacity 15779K, committed 16128K, reserved 1064960K
  class space    used 1402K, capacity 1460K, committed 1536K, reserved 1048576K
}
Event: 14,969 GC heap before
{Heap before GC invocations=14 (full 4):
 PSYoungGen      total 1106432K, used 630606K [0x00000005cc000000, 0x000000064a000000, 0x00000007c0000000)
  eden space 475648K, 0% used [0x00000005cc000000,0x00000005cc000000,0x00000005e9080000)
  from space 630784K, 99% used [0x0000000616100000,0x000000063c8d3b80,0x000000063c900000)
  to   space 737792K, 0% used [0x00000005e9080000,0x00000005e9080000,0x0000000616100000)
 ParOldGen       total 1573888K, used 1395644K [0x00000001e4000000, 0x0000000244100000, 0x00000005cc000000)
  object space 1573888K, 88% used [0x00000001e4000000,0x00000002392ef138,0x0000000244100000)
 Metaspace       used 15535K, capacity 15779K, committed 16128K, reserved 1064960K
  class space    used 1402K, capacity 1460K, committed 1536K, reserved 1048576K
Event: 15,196 GC heap after
Heap after GC invocations=14 (full 4):
 PSYoungGen      total 1106432K, used 452164K [0x00000005cc000000, 0x000000064a000000, 0x00000007c0000000)
  eden space 475648K, 0% used [0x00000005cc000000,0x00000005cc000000,0x00000005e9080000)
  from space 630784K, 71% used [0x0000000616100000,0x0000000631a91230,0x000000063c900000)
  to   space 737792K, 0% used [0x00000005e9080000,0x00000005e9080000,0x0000000616100000)
 ParOldGen       total 2152448K, used 1573532K [0x00000001e4000000, 0x0000000267600000, 0x00000005cc000000)
  object space 2152448K, 73% used [0x00000001e4000000,0x00000002440a73a8,0x0000000267600000)
 Metaspace       used 15535K, capacity 15779K, committed 16128K, reserved 1064960K
  class space    used 1402K, capacity 1460K, committed 1536K, reserved 1048576K
}
Event: 16,461 GC heap before
{Heap before GC invocations=15 (full 4):
 PSYoungGen      total 1106432K, used 927812K [0x00000005cc000000, 0x000000064a000000, 0x00000007c0000000)
  eden space 475648K, 100% used [0x00000005cc000000,0x00000005e9080000,0x00000005e9080000)
  from space 630784K, 71% used [0x0000000616100000,0x0000000631a91230,0x000000063c900000)
  to   space 737792K, 0% used [0x00000005e9080000,0x00000005e9080000,0x0000000616100000)
 ParOldGen       total 2152448K, used 1573532K [0x00000001e4000000, 0x0000000267600000, 0x00000005cc000000)
  object space 2152448K, 73% used [0x00000001e4000000,0x00000002440a73a8,0x0000000267600000)
 Metaspace       used 15552K, capacity 15779K, committed 16128K, reserved 1064960K
  class space    used 1402K, capacity 1460K, committed 1536K, reserved 1048576K
Event: 16,651 GC heap after
Heap after GC invocations=15 (full 4):
 PSYoungGen      total 1213440K, used 430890K [0x00000005cc000000, 0x0000000653880000, 0x00000007c0000000)
  eden space 475648K, 0% used [0x00000005cc000000,0x00000005cc000000,0x00000005e9080000)
  from space 737792K, 58% used [0x00000005e9080000,0x000000060354aa40,0x0000000616100000)
  to   space 749568K, 0% used [0x0000000625c80000,0x0000000625c80000,0x0000000653880000)
 ParOldGen       total 2152448K, used 2026248K [0x00000001e4000000, 0x0000000267600000, 0x00000005cc000000)
  object space 2152448K, 94% used [0x00000001e4000000,0x000000025fac2000,0x0000000267600000)
 Metaspace       used 15552K, capacity 15779K, committed 16128K, reserved 1064960K
  class space    used 1402K, capacity 1460K, committed 1536K, reserved 1048576K
}
Event: 16,675 GC heap before
{Heap before GC invocations=16 (full 5):
 PSYoungGen      total 1213440K, used 430890K [0x00000005cc000000, 0x0000000653880000, 0x00000007c0000000)
  eden space 475648K, 0% used [0x00000005cc000000,0x00000005cc000000,0x00000005e9080000)
  from space 737792K, 58% used [0x00000005e9080000,0x000000060354aa40,0x0000000616100000)
  to   space 749568K, 0% used [0x0000000625c80000,0x0000000625c80000,0x0000000653880000)
 ParOldGen       total 2152448K, used 2026248K [0x00000001e4000000, 0x0000000267600000, 0x00000005cc000000)
  object space 2152448K, 94% used [0x00000001e4000000,0x000000025fac2000,0x0000000267600000)
 Metaspace       used 15552K, capacity 15779K, committed 16128K, reserved 1064960K
  class space    used 1402K, capacity 1460K, committed 1536K, reserved 1048576K
Event: 17,042 GC heap after
Heap after GC invocations=16 (full 5):
 PSYoungGen      total 1213440K, used 262719K [0x00000005cc000000, 0x0000000653880000, 0x00000007c0000000)
  eden space 475648K, 0% used [0x00000005cc000000,0x00000005cc000000,0x00000005e9080000)
  from space 737792K, 35% used [0x00000005e9080000,0x00000005f910ff50,0x0000000616100000)
  to   space 749568K, 0% used [0x0000000625c80000,0x0000000625c80000,0x0000000653880000)
 ParOldGen       total 2861568K, used 2152062K [0x00000001e4000000, 0x0000000292a80000, 0x00000005cc000000)
  object space 2861568K, 75% used [0x00000001e4000000,0x000000026759faa8,0x0000000292a80000)
 Metaspace       used 15552K, capacity 15779K, committed 16128K, reserved 1064960K
  class space    used 1402K, capacity 1460K, committed 1536K, reserved 1048576K
}
Event: 18,616 GC heap before
{Heap before GC invocations=17 (full 5):
 PSYoungGen      total 1213440K, used 737590K [0x00000005cc000000, 0x0000000653880000, 0x00000007c0000000)
  eden space 475648K, 99% used [0x00000005cc000000,0x00000005e8fbda50,0x00000005e9080000)
  from space 737792K, 35% used [0x00000005e9080000,0x00000005f910ff50,0x0000000616100000)
  to   space 749568K, 0% used [0x0000000625c80000,0x0000000625c80000,0x0000000653880000)
 ParOldGen       total 2861568K, used 2152062K [0x00000001e4000000, 0x0000000292a80000, 0x00000005cc000000)
  object space 2861568K, 75% used [0x00000001e4000000,0x000000026759faa8,0x0000000292a80000)
 Metaspace       used 15555K, capacity 15779K, committed 16128K, reserved 1064960K
  class space    used 1402K, capacity 1460K, committed 1536K, reserved 1048576K
Event: 20,201 GC heap after
Heap after GC invocations=17 (full 5):
 PSYoungGen      total 1452544K, used 453453K [0x00000005cc000000, 0x0000000654380000, 0x00000007c0000000)
  eden space 702976K, 0% used [0x00000005cc000000,0x00000005cc000000,0x00000005f6e80000)
  from space 749568K, 60% used [0x0000000625c80000,0x0000000641753570,0x0000000653880000)
  to   space 764416K, 0% used [0x00000005f6e80000,0x00000005f6e80000,0x0000000625900000)
 ParOldGen       total 2861568K, used 2414803K [0x00000001e4000000, 0x0000000292a80000, 0x00000005cc000000)
  object space 2861568K, 84% used [0x00000001e4000000,0x0000000277634f68,0x0000000292a80000)
 Metaspace       used 15555K, capacity 15779K, committed 16128K, reserved 1064960K
  class space    used 1402K, capacity 1460K, committed 1536K, reserved 1048576K
}
Event: 22,604 GC heap before
{Heap before GC invocations=18 (full 5):
 PSYoungGen      total 1452544K, used 1156429K [0x00000005cc000000, 0x0000000654380000, 0x00000007c0000000)
  eden space 702976K, 100% used [0x00000005cc000000,0x00000005f6e80000,0x00000005f6e80000)
  from space 749568K, 60% used [0x0000000625c80000,0x0000000641753570,0x0000000653880000)
  to   space 764416K, 0% used [0x00000005f6e80000,0x00000005f6e80000,0x0000000625900000)
 ParOldGen       total 2861568K, used 2414803K [0x00000001e4000000, 0x0000000292a80000, 0x00000005cc000000)
  object space 2861568K, 84% used [0x00000001e4000000,0x0000000277634f68,0x0000000292a80000)
 Metaspace       used 15572K, capacity 15779K, committed 16128K, reserved 1064960K
  class space    used 1402K, capacity 1460K, committed 1536K, reserved 1048576K

Deoptimization events (10 events):
Event: 0,616 Thread 0x00007fe51c378000 Uncommon trap: reason=class_check action=maybe_recompile pc=0x00007fe50d235748 method=java.util.HashMap.putVal(ILjava/lang/Object;Ljava/lang/Object;ZZ)Ljava/lang/Object; @ 91
Event: 1,221 Thread 0x00007fe51c00b800 Uncommon trap: reason=unstable_if action=reinterpret pc=0x00007fe50d2eb4f8 method=ij.process.ShortProcessor.findMinAndMax()V @ 40
Event: 1,382 Thread 0x00007fe51c00b800 Uncommon trap: reason=unstable_if action=reinterpret pc=0x00007fe50d3f7e0c method=ij.process.ShortProcessor.crop()Lij/process/ImageProcessor; @ 39
Event: 1,409 Thread 0x00007fe51c00b800 Uncommon trap: reason=unreached action=reinterpret pc=0x00007fe50d3fcec8 method=com.vitimage.ItkImagePlusInterface.imagePlusToItkImage(Lij/ImagePlus;)Lorg/itk/simple/Image; @ 388
Event: 1,419 Thread 0x00007fe51c00b800 Uncommon trap: reason=unstable_if action=reinterpret pc=0x00007fe50d3fc5d4 method=com.vitimage.ItkImagePlusInterface.imagePlusToItkImage(Lij/ImagePlus;)Lorg/itk/simple/Image; @ 379
Event: 1,826 Thread 0x00007fe51c00b800 Uncommon trap: reason=unstable_if action=reinterpret pc=0x00007fe50d426694 method=ij.process.FloatProcessor.findMinAndMax()V @ 32
Event: 1,965 Thread 0x00007fe51c00b800 Uncommon trap: reason=unstable_if action=reinterpret pc=0x00007fe50d40a99c method=com.vitimage.ItkImagePlusInterface.imagePlusToItkImage(Lij/ImagePlus;)Lorg/itk/simple/Image; @ 379
Event: 12,034 Thread 0x00007fe51c378000 Uncommon trap: reason=unstable_if action=reinterpret pc=0x00007fe50d59344c method=java.awt.Component.invalidateIfValid()V @ 4
Event: 12,034 Thread 0x00007fe51c378000 Uncommon trap: reason=unstable_if action=reinterpret pc=0x00007fe50d59c428 method=javax.swing.RepaintManager.addInvalidComponent(Ljavax/swing/JComponent;)V @ 31
Event: 17,690 Thread 0x00007fe51c00b800 Uncommon trap: reason=unstable_if action=reinterpret pc=0x00007fe50d2d0d88 method=ij.io.ImageReader.read16bitImage(Ljava/io/InputStream;)[S @ 95

Classes redefined (0 events):
No events

Internal exceptions (10 events):
Event: 3,979 Thread 0x00007fe51c00b800 Exception <a 'java/security/PrivilegedActionException'> (0x00000005dad529a8) thrown at [/HUDSON/workspace/8-2-build-linux-amd64/jdk8u201/12317/hotspot/src/share/vm/prims/jvm.cpp, line 1502]
Event: 3,979 Thread 0x00007fe51c00b800 Exception <a 'java/security/PrivilegedActionException'> (0x00000005dad52bb8) thrown at [/HUDSON/workspace/8-2-build-linux-amd64/jdk8u201/12317/hotspot/src/share/vm/prims/jvm.cpp, line 1502]
Event: 3,980 Thread 0x00007fe51c00b800 Exception <a 'java/security/PrivilegedActionException'> (0x00000005dad59db0) thrown at [/HUDSON/workspace/8-2-build-linux-amd64/jdk8u201/12317/hotspot/src/share/vm/prims/jvm.cpp, line 1502]
Event: 3,980 Thread 0x00007fe51c00b800 Exception <a 'java/security/PrivilegedActionException'> (0x00000005dad59fc0) thrown at [/HUDSON/workspace/8-2-build-linux-amd64/jdk8u201/12317/hotspot/src/share/vm/prims/jvm.cpp, line 1502]
Event: 3,980 Thread 0x00007fe51c00b800 Exception <a 'java/security/PrivilegedActionException'> (0x00000005dad5ae08) thrown at [/HUDSON/workspace/8-2-build-linux-amd64/jdk8u201/12317/hotspot/src/share/vm/prims/jvm.cpp, line 1502]
Event: 3,980 Thread 0x00007fe51c00b800 Exception <a 'java/security/PrivilegedActionException'> (0x00000005dad5b018) thrown at [/HUDSON/workspace/8-2-build-linux-amd64/jdk8u201/12317/hotspot/src/share/vm/prims/jvm.cpp, line 1502]
Event: 3,980 Thread 0x00007fe51c00b800 Exception <a 'java/security/PrivilegedActionException'> (0x00000005dad5be98) thrown at [/HUDSON/workspace/8-2-build-linux-amd64/jdk8u201/12317/hotspot/src/share/vm/prims/jvm.cpp, line 1502]
Event: 3,980 Thread 0x00007fe51c00b800 Exception <a 'java/security/PrivilegedActionException'> (0x00000005dad5c0a8) thrown at [/HUDSON/workspace/8-2-build-linux-amd64/jdk8u201/12317/hotspot/src/share/vm/prims/jvm.cpp, line 1502]
Event: 12,795 Thread 0x00007fe51c00b800 Exception <a 'java/io/FileNotFoundException'> (0x00000005d0b3ef78) thrown at [/HUDSON/workspace/8-2-build-linux-amd64/jdk8u201/12317/hotspot/src/share/vm/prims/jni.cpp, line 709]
Event: 21,774 Thread 0x00007fe51c00b800 Exception <a 'java/io/FileNotFoundException'> (0x00000005d701bc88) thrown at [/HUDSON/workspace/8-2-build-linux-amd64/jdk8u201/12317/hotspot/src/share/vm/prims/jni.cpp, line 709]

Events (10 events):
Event: 21,775 loading class HandleExtraFileTypes
Event: 21,775 loading class HandleExtraFileTypes done
Event: 22,479 Thread 0x00007fe51c0cd800 flushing nmethod 0x00007fe50d100150
Event: 22,479 Thread 0x00007fe51c0cd800 flushing nmethod 0x00007fe50d100a10
Event: 22,479 Thread 0x00007fe51c0cd800 flushing nmethod 0x00007fe50d101c10
Event: 22,479 Thread 0x00007fe51c0cd800 flushing nmethod 0x00007fe50d101f50
Event: 22,479 Thread 0x00007fe51c0cd800 flushing nmethod 0x00007fe50d10b350
Event: 22,479 Thread 0x00007fe51c0cd800 flushing nmethod 0x00007fe50d10b6d0
Event: 22,479 Thread 0x00007fe51c0cd800 flushing nmethod 0x00007fe50d132a10
Event: 22,602 Executing VM operation: ParallelGCFailedAllocation


Dynamic libraries:
00400000-00401000 r-xp 00000000 103:05 399591                            /usr/lib/jvm/java-8-oracle/bin/java
00600000-00601000 r--p 00000000 103:05 399591                            /usr/lib/jvm/java-8-oracle/bin/java
00601000-00602000 rw-p 00001000 103:05 399591                            /usr/lib/jvm/java-8-oracle/bin/java
00af3000-00b14000 rw-p 00000000 00:00 0                                  [heap]
1e4000000-292a80000 rw-p 00000000 00:00 0 
292a80000-5cc000000 ---p 00000000 00:00 0 
5cc000000-654380000 rw-p 00000000 00:00 0 
670200000-7c0000000 ---p 00000000 00:00 0 
7c0000000-7c0180000 rw-p 00000000 00:00 0 
7c0180000-800000000 ---p 00000000 00:00 0 
7fe420000000-7fe420a21000 rw-p 00000000 00:00 0 
7fe420a21000-7fe424000000 ---p 00000000 00:00 0 
7fe428000000-7fe428021000 rw-p 00000000 00:00 0 
7fe428021000-7fe42c000000 ---p 00000000 00:00 0 
7fe42c000000-7fe42c021000 rw-p 00000000 00:00 0 
7fe42c021000-7fe430000000 ---p 00000000 00:00 0 
7fe430000000-7fe430021000 rw-p 00000000 00:00 0 
7fe430021000-7fe434000000 ---p 00000000 00:00 0 
7fe438000000-7fe438021000 rw-p 00000000 00:00 0 
7fe438021000-7fe43c000000 ---p 00000000 00:00 0 
7fe43c000000-7fe43c021000 rw-p 00000000 00:00 0 
7fe43c021000-7fe440000000 ---p 00000000 00:00 0 
7fe440000000-7fe440021000 rw-p 00000000 00:00 0 
7fe440021000-7fe444000000 ---p 00000000 00:00 0 
7fe444000000-7fe444021000 rw-p 00000000 00:00 0 
7fe444021000-7fe448000000 ---p 00000000 00:00 0 
7fe448000000-7fe448021000 rw-p 00000000 00:00 0 
7fe448021000-7fe44c000000 ---p 00000000 00:00 0 
7fe44c000000-7fe44c021000 rw-p 00000000 00:00 0 
7fe44c021000-7fe450000000 ---p 00000000 00:00 0 
7fe4507f9000-7fe4507fa000 ---p 00000000 00:00 0 
7fe4507fa000-7fe450ffa000 rw-p 00000000 00:00 0 
7fe450ffa000-7fe450ffb000 ---p 00000000 00:00 0 
7fe450ffb000-7fe4517fb000 rw-p 00000000 00:00 0 
7fe4537ff000-7fe453800000 ---p 00000000 00:00 0 
7fe453800000-7fe454000000 rw-p 00000000 00:00 0 
7fe454000000-7fe454021000 rw-p 00000000 00:00 0 
7fe454021000-7fe458000000 ---p 00000000 00:00 0 
7fe4585cc000-7fe4585cd000 ---p 00000000 00:00 0 
7fe4585cd000-7fe458dcd000 rw-p 00000000 00:00 0 
7fe4595ce000-7fe45ccad000 rw-p 00000000 00:00 0 
7fe45ccad000-7fe46ad74000 r-xp 00000000 103:05 1975135                   /home/fernandr/Programmes/Fiji.app/lib/linux64/libSimpleITKJava.so
7fe46ad74000-7fe46af73000 ---p 0e0c7000 103:05 1975135                   /home/fernandr/Programmes/Fiji.app/lib/linux64/libSimpleITKJava.so
7fe46af73000-7fe46bfe1000 rw-p 0e0c6000 103:05 1975135                   /home/fernandr/Programmes/Fiji.app/lib/linux64/libSimpleITKJava.so
7fe46bfe1000-7fe46c000000 rw-p 00000000 00:00 0 
7fe46c000000-7fe46c0a1000 rw-p 00000000 00:00 0 
7fe46c0a1000-7fe470000000 ---p 00000000 00:00 0 
7fe470000000-7fe470021000 rw-p 00000000 00:00 0 
7fe470021000-7fe474000000 ---p 00000000 00:00 0 
7fe474000000-7fe47402b000 rw-p 00000000 00:00 0 
7fe47402b000-7fe478000000 ---p 00000000 00:00 0 
7fe478000000-7fe478021000 rw-p 00000000 00:00 0 
7fe478021000-7fe47c000000 ---p 00000000 00:00 0 
7fe47c000000-7fe47c021000 rw-p 00000000 00:00 0 
7fe47c021000-7fe480000000 ---p 00000000 00:00 0 
7fe480000000-7fe480021000 rw-p 00000000 00:00 0 
7fe480021000-7fe484000000 ---p 00000000 00:00 0 
7fe484000000-7fe48467b000 rw-p 00000000 00:00 0 
7fe48467b000-7fe488000000 ---p 00000000 00:00 0 
7fe488000000-7fe488021000 rw-p 00000000 00:00 0 
7fe488021000-7fe48c000000 ---p 00000000 00:00 0 
7fe48c000000-7fe48cdb5000 rw-p 00000000 00:00 0 
7fe48cdb5000-7fe490000000 ---p 00000000 00:00 0 
7fe490000000-7fe490c97000 rw-p 00000000 00:00 0 
7fe490c97000-7fe494000000 ---p 00000000 00:00 0 
7fe494000000-7fe494021000 rw-p 00000000 00:00 0 
7fe494021000-7fe498000000 ---p 00000000 00:00 0 
7fe498000000-7fe498fd6000 rw-p 00000000 00:00 0 
7fe498fd6000-7fe49c000000 ---p 00000000 00:00 0 
7fe49c000000-7fe49c021000 rw-p 00000000 00:00 0 
7fe49c021000-7fe4a0000000 ---p 00000000 00:00 0 
7fe4a0000000-7fe4a0021000 rw-p 00000000 00:00 0 
7fe4a0021000-7fe4a4000000 ---p 00000000 00:00 0 
7fe4a4000000-7fe4a429b000 rw-p 00000000 00:00 0 
7fe4a429b000-7fe4a8000000 ---p 00000000 00:00 0 
7fe4a8680000-7fe4a86c0000 rw-p 00000000 00:00 0 
7fe4a86c0000-7fe4a8880000 ---p 00000000 00:00 0 
7fe4a8880000-7fe4a8a80000 rw-p 00000000 00:00 0 
7fe4a8a80000-7fe4a8aaa000 r-xp 00000000 103:05 1319030                   /usr/lib/jvm/java-8-oracle/jre/lib/amd64/libdcpr.so
7fe4a8aaa000-7fe4a8ca9000 ---p 0002a000 103:05 1319030                   /usr/lib/jvm/java-8-oracle/jre/lib/amd64/libdcpr.so
7fe4a8ca9000-7fe4a8caa000 r--p 00029000 103:05 1319030                   /usr/lib/jvm/java-8-oracle/jre/lib/amd64/libdcpr.so
7fe4a8caa000-7fe4a8cad000 rw-p 0002a000 103:05 1319030                   /usr/lib/jvm/java-8-oracle/jre/lib/amd64/libdcpr.so
7fe4a8cad000-7fe4a8ead000 rw-p 00000000 00:00 0 
7fe4a8ead000-7fe4a8f19000 r-xp 00000000 103:05 1319045                   /usr/lib/jvm/java-8-oracle/jre/lib/amd64/libt2k.so
7fe4a8f19000-7fe4a9119000 ---p 0006c000 103:05 1319045                   /usr/lib/jvm/java-8-oracle/jre/lib/amd64/libt2k.so
7fe4a9119000-7fe4a911f000 r--p 0006c000 103:05 1319045                   /usr/lib/jvm/java-8-oracle/jre/lib/amd64/libt2k.so
7fe4a911f000-7fe4a9120000 rw-p 00072000 103:05 1319045                   /usr/lib/jvm/java-8-oracle/jre/lib/amd64/libt2k.so
7fe4a9120000-7fe4ac000000 rw-p 00000000 00:00 0 
7fe4ac000000-7fe4ac021000 rw-p 00000000 00:00 0 
7fe4ac021000-7fe4b0000000 ---p 00000000 00:00 0 
7fe4b00fe000-7fe4b0177000 r--s 010fd000 103:05 409159                    /usr/lib/jvm/java-8-oracle/lib/tools.jar
7fe4b0177000-7fe4b0188000 r-xp 00000000 103:05 1319086                   /usr/lib/jvm/java-8-oracle/jre/lib/amd64/libnio.so
7fe4b0188000-7fe4b0387000 ---p 00011000 103:05 1319086                   /usr/lib/jvm/java-8-oracle/jre/lib/amd64/libnio.so
7fe4b0387000-7fe4b0388000 r--p 00010000 103:05 1319086                   /usr/lib/jvm/java-8-oracle/jre/lib/amd64/libnio.so
7fe4b0388000-7fe4b0389000 rw-p 00011000 103:05 1319086                   /usr/lib/jvm/java-8-oracle/jre/lib/amd64/libnio.so
7fe4b0389000-7fe4b039f000 r-xp 00000000 103:05 1319083                   /usr/lib/jvm/java-8-oracle/jre/lib/amd64/libnet.so
7fe4b039f000-7fe4b059f000 ---p 00016000 103:05 1319083                   /usr/lib/jvm/java-8-oracle/jre/lib/amd64/libnet.so
7fe4b059f000-7fe4b05a0000 r--p 00016000 103:05 1319083                   /usr/lib/jvm/java-8-oracle/jre/lib/amd64/libnet.so
7fe4b05a0000-7fe4b05a1000 rw-p 00017000 103:05 1319083                   /usr/lib/jvm/java-8-oracle/jre/lib/amd64/libnet.so
7fe4b05a1000-7fe4b05a4000 ---p 00000000 00:00 0 
7fe4b05a4000-7fe4b06a2000 rw-p 00000000 00:00 0 
7fe4b06a2000-7fe4b06a5000 ---p 00000000 00:00 0 
7fe4b06a5000-7fe4b09a3000 rw-p 00000000 00:00 0 
7fe4b09a3000-7fe4b09a6000 ---p 00000000 00:00 0 
7fe4b09a6000-7fe4b0aa4000 rw-p 00000000 00:00 0 
7fe4b0aa4000-7fe4b0aa9000 r-xp 00000000 103:05 401423                    /usr/lib/x86_64-linux-gnu/libXfixes.so.3.1.0
7fe4b0aa9000-7fe4b0ca8000 ---p 00005000 103:05 401423                    /usr/lib/x86_64-linux-gnu/libXfixes.so.3.1.0
7fe4b0ca8000-7fe4b0ca9000 r--p 00004000 103:05 401423                    /usr/lib/x86_64-linux-gnu/libXfixes.so.3.1.0
7fe4b0ca9000-7fe4b0caa000 rw-p 00005000 103:05 401423                    /usr/lib/x86_64-linux-gnu/libXfixes.so.3.1.0
7fe4b0caa000-7fe4b0cb3000 r-xp 00000000 103:05 401415                    /usr/lib/x86_64-linux-gnu/libXcursor.so.1.0.2
7fe4b0cb3000-7fe4b0eb2000 ---p 00009000 103:05 401415                    /usr/lib/x86_64-linux-gnu/libXcursor.so.1.0.2
7fe4b0eb2000-7fe4b0eb3000 r--p 00008000 103:05 401415                    /usr/lib/x86_64-linux-gnu/libXcursor.so.1.0.2
7fe4b0eb3000-7fe4b0eb4000 rw-p 00009000 103:05 401415                    /usr/lib/x86_64-linux-gnu/libXcursor.so.1.0.2
7fe4b0eb4000-7fe4b0eb7000 ---p 00000000 00:00 0 
7fe4b0eb7000-7fe4b0fb5000 rw-p 00000000 00:00 0 
7fe4b0fb5000-7fe4b0fcc000 r-xp 00000000 103:05 3801177                   /lib/x86_64-linux-gnu/libgcc_s.so.1
7fe4b0fcc000-7fe4b11cb000 ---p 00017000 103:05 3801177                   /lib/x86_64-linux-gnu/libgcc_s.so.1
7fe4b11cb000-7fe4b11cc000 r--p 00016000 103:05 3801177                   /lib/x86_64-linux-gnu/libgcc_s.so.1
7fe4b11cc000-7fe4b11cd000 rw-p 00017000 103:05 3801177                   /lib/x86_64-linux-gnu/libgcc_s.so.1
7fe4b11d3000-7fe4b11ef000 r--s 00393000 103:05 1448276                   /usr/lib/jvm/java-8-oracle/jre/lib/ext/cldrdata.jar
7fe4b11ef000-7fe4b124c000 r-xp 00000000 103:05 1319057                   /usr/lib/jvm/java-8-oracle/jre/lib/amd64/libfontmanager.so
7fe4b124c000-7fe4b144c000 ---p 0005d000 103:05 1319057                   /usr/lib/jvm/java-8-oracle/jre/lib/amd64/libfontmanager.so
7fe4b144c000-7fe4b144f000 r--p 0005d000 103:05 1319057                   /usr/lib/jvm/java-8-oracle/jre/lib/amd64/libfontmanager.so
7fe4b144f000-7fe4b1450000 rw-p 00060000 103:05 1319057                   /usr/lib/jvm/java-8-oracle/jre/lib/amd64/libfontmanager.so
7fe4b1450000-7fe4b1463000 r-xp 00000000 103:05 3806054                   /lib/x86_64-linux-gnu/libbsd.so.0.8.7
7fe4b1463000-7fe4b1662000 ---p 00013000 103:05 3806054                   /lib/x86_64-linux-gnu/libbsd.so.0.8.7
7fe4b1662000-7fe4b1663000 r--p 00012000 103:05 3806054                   /lib/x86_64-linux-gnu/libbsd.so.0.8.7
7fe4b1663000-7fe4b1664000 rw-p 00013000 103:05 3806054                   /lib/x86_64-linux-gnu/libbsd.so.0.8.7
7fe4b1664000-7fe4b1665000 rw-p 00000000 00:00 0 
7fe4b1665000-7fe4b166a000 r-xp 00000000 103:05 401419                    /usr/lib/x86_64-linux-gnu/libXdmcp.so.6.0.0
7fe4b166a000-7fe4b1869000 ---p 00005000 103:05 401419                    /usr/lib/x86_64-linux-gnu/libXdmcp.so.6.0.0
7fe4b1869000-7fe4b186a000 r--p 00004000 103:05 401419                    /usr/lib/x86_64-linux-gnu/libXdmcp.so.6.0.0
7fe4b186a000-7fe4b186b000 rw-p 00005000 103:05 401419                    /usr/lib/x86_64-linux-gnu/libXdmcp.so.6.0.0
7fe4b186b000-7fe4b186d000 r-xp 00000000 103:05 401408                    /usr/lib/x86_64-linux-gnu/libXau.so.6.0.0
7fe4b186d000-7fe4b1a6d000 ---p 00002000 103:05 401408                    /usr/lib/x86_64-linux-gnu/libXau.so.6.0.0
7fe4b1a6d000-7fe4b1a6e000 r--p 00002000 103:05 401408                    /usr/lib/x86_64-linux-gnu/libXau.so.6.0.0
7fe4b1a6e000-7fe4b1a6f000 rw-p 00003000 103:05 401408                    /usr/lib/x86_64-linux-gnu/libXau.so.6.0.0
7fe4b1a6f000-7fe4b1a95000 r-xp 00000000 103:05 396084                    /usr/lib/x86_64-linux-gnu/libxcb.so.1.1.0
7fe4b1a95000-7fe4b1c95000 ---p 00026000 103:05 396084                    /usr/lib/x86_64-linux-gnu/libxcb.so.1.1.0
7fe4b1c95000-7fe4b1c96000 r--p 00026000 103:05 396084                    /usr/lib/x86_64-linux-gnu/libxcb.so.1.1.0
7fe4b1c96000-7fe4b1c97000 rw-p 00027000 103:05 396084                    /usr/lib/x86_64-linux-gnu/libxcb.so.1.1.0
7fe4b1c97000-7fe4b1ca6000 r-xp 00000000 103:05 401429                    /usr/lib/x86_64-linux-gnu/libXi.so.6.1.0
7fe4b1ca6000-7fe4b1ea5000 ---p 0000f000 103:05 401429                    /usr/lib/x86_64-linux-gnu/libXi.so.6.1.0
7fe4b1ea5000-7fe4b1ea6000 r--p 0000e000 103:05 401429                    /usr/lib/x86_64-linux-gnu/libXi.so.6.1.0
7fe4b1ea6000-7fe4b1ea7000 rw-p 0000f000 103:05 401429                    /usr/lib/x86_64-linux-gnu/libXi.so.6.1.0
7fe4b1ea7000-7fe4b1eac000 r-xp 00000000 103:05 401447                    /usr/lib/x86_64-linux-gnu/libXtst.so.6.1.0
7fe4b1eac000-7fe4b20ab000 ---p 00005000 103:05 401447                    /usr/lib/x86_64-linux-gnu/libXtst.so.6.1.0
7fe4b20ab000-7fe4b20ac000 r--p 00004000 103:05 401447                    /usr/lib/x86_64-linux-gnu/libXtst.so.6.1.0
7fe4b20ac000-7fe4b20ad000 rw-p 00005000 103:05 401447                    /usr/lib/x86_64-linux-gnu/libXtst.so.6.1.0
7fe4b20ad000-7fe4b20b6000 r-xp 00000000 103:05 401441                    /usr/lib/x86_64-linux-gnu/libXrender.so.1.3.0
7fe4b20b6000-7fe4b22b5000 ---p 00009000 103:05 401441                    /usr/lib/x86_64-linux-gnu/libXrender.so.1.3.0
7fe4b22b5000-7fe4b22b6000 r--p 00008000 103:05 401441                    /usr/lib/x86_64-linux-gnu/libXrender.so.1.3.0
7fe4b22b6000-7fe4b22b7000 rw-p 00009000 103:05 401441                    /usr/lib/x86_64-linux-gnu/libXrender.so.1.3.0
7fe4b22b7000-7fe4b23ea000 r-xp 00000000 103:05 400060                    /usr/lib/x86_64-linux-gnu/libX11.so.6.3.0
7fe4b23ea000-7fe4b25ea000 ---p 00133000 103:05 400060                    /usr/lib/x86_64-linux-gnu/libX11.so.6.3.0
7fe4b25ea000-7fe4b25eb000 r--p 00133000 103:05 400060                    /usr/lib/x86_64-linux-gnu/libX11.so.6.3.0
7fe4b25eb000-7fe4b25ef000 rw-p 00134000 103:05 400060                    /usr/lib/x86_64-linux-gnu/libX11.so.6.3.0
7fe4b25ef000-7fe4b2600000 r-xp 00000000 103:05 401421                    /usr/lib/x86_64-linux-gnu/libXext.so.6.4.0
7fe4b2600000-7fe4b27ff000 ---p 00011000 103:05 401421                    /usr/lib/x86_64-linux-gnu/libXext.so.6.4.0
7fe4b27ff000-7fe4b2800000 r--p 00010000 103:05 401421                    /usr/lib/x86_64-linux-gnu/libXext.so.6.4.0
7fe4b2800000-7fe4b2801000 rw-p 00011000 103:05 401421                    /usr/lib/x86_64-linux-gnu/libXext.so.6.4.0
7fe4b2801000-7fe4b2854000 r-xp 00000000 103:05 1319090                   /usr/lib/jvm/java-8-oracle/jre/lib/amd64/libawt_xawt.so
7fe4b2854000-7fe4b2a53000 ---p 00053000 103:05 1319090                   /usr/lib/jvm/java-8-oracle/jre/lib/amd64/libawt_xawt.so
7fe4b2a53000-7fe4b2a54000 r--p 00052000 103:05 1319090                   /usr/lib/jvm/java-8-oracle/jre/lib/amd64/libawt_xawt.so
7fe4b2a54000-7fe4b2a57000 rw-p 00053000 103:05 1319090                   /usr/lib/jvm/java-8-oracle/jre/lib/amd64/libawt_xawt.so
7fe4b2a57000-7fe4b2a58000 rw-p 00000000 00:00 0 
7fe4b2a58000-7fe4b2af8000 r-xp 00000000 103:05 1319075                   /usr/lib/jvm/java-8-oracle/jre/lib/amd64/libawt.so
7fe4b2af8000-7fe4b2cf7000 ---p 000a0000 103:05 1319075                   /usr/lib/jvm/java-8-oracle/jre/lib/amd64/libawt.so
7fe4b2cf7000-7fe4b2cf8000 r--p 0009f000 103:05 1319075                   /usr/lib/jvm/java-8-oracle/jre/lib/amd64/libawt.so
7fe4b2cf8000-7fe4b2d03000 rw-p 000a0000 103:05 1319075                   /usr/lib/jvm/java-8-oracle/jre/lib/amd64/libawt.so
7fe4b2d03000-7fe4b2d28000 rw-p 00000000 00:00 0 
7fe4b2d28000-7fe4b2d29000 ---p 00000000 00:00 0 
7fe4b2d29000-7fe4b2e29000 rw-p 00000000 00:00 0 
7fe4b2e29000-7fe4b2e2c000 ---p 00000000 00:00 0 
7fe4b2e2c000-7fe4b2f2a000 rw-p 00000000 00:00 0 
7fe4b2f2a000-7fe4b2f2b000 ---p 00000000 00:00 0 
7fe4b2f2b000-7fe4b2f2e000 ---p 00000000 00:00 0 
7fe4b2f2e000-7fe4b302b000 rw-p 00000000 00:00 0 
7fe4b302b000-7fe4b302c000 ---p 00000000 00:00 0 
7fe4b302c000-7fe4b302f000 ---p 00000000 00:00 0 
7fe4b302f000-7fe4b312c000 rw-p 00000000 00:00 0 
7fe4b312c000-7fe4b312d000 ---p 00000000 00:00 0 
7fe4b312d000-7fe4b3130000 ---p 00000000 00:00 0 
7fe4b3130000-7fe4b322d000 rw-p 00000000 00:00 0 
7fe4b322d000-7fe4b322e000 ---p 00000000 00:00 0 
7fe4b322e000-7fe4b3231000 ---p 00000000 00:00 0 
7fe4b3231000-7fe4b332e000 rw-p 00000000 00:00 0 
7fe4b332e000-7fe4b3331000 ---p 00000000 00:00 0 
7fe4b3331000-7fe4b342f000 rw-p 00000000 00:00 0 
7fe4b342f000-7fe4b3dfe000 r--p 00000000 103:05 400112                    /usr/lib/locale/locale-archive
7fe4b3dfe000-7fe4b3e01000 ---p 00000000 00:00 0 
7fe4b3e01000-7fe4b3eff000 rw-p 00000000 00:00 0 
7fe4b3eff000-7fe4b3f02000 ---p 00000000 00:00 0 
7fe4b3f02000-7fe4b4000000 rw-p 00000000 00:00 0 
7fe4b4000000-7fe4b4021000 rw-p 00000000 00:00 0 
7fe4b4021000-7fe4b8000000 ---p 00000000 00:00 0 
7fe4b8003000-7fe4b8029000 r--p 00000000 103:05 1182632                   /usr/share/locale-langpack/fr/LC_MESSAGES/libc.mo
7fe4b8029000-7fe4b802a000 ---p 00000000 00:00 0 
7fe4b802a000-7fe4e8000000 rw-p 00000000 00:00 0 
7fe4e8000000-7fe4e8021000 rw-p 00000000 00:00 0 
7fe4e8021000-7fe4ec000000 ---p 00000000 00:00 0 
7fe4ec000000-7fe4ec021000 rw-p 00000000 00:00 0 
7fe4ec021000-7fe4f0000000 ---p 00000000 00:00 0 
7fe4f0000000-7fe4f0021000 rw-p 00000000 00:00 0 
7fe4f0021000-7fe4f4000000 ---p 00000000 00:00 0 
7fe4f4000000-7fe4f4021000 rw-p 00000000 00:00 0 
7fe4f4021000-7fe4f8000000 ---p 00000000 00:00 0 
7fe4f8000000-7fe4f8021000 rw-p 00000000 00:00 0 
7fe4f8021000-7fe4fc000000 ---p 00000000 00:00 0 
7fe4fc000000-7fe4fc021000 rw-p 00000000 00:00 0 
7fe4fc021000-7fe500000000 ---p 00000000 00:00 0 
7fe500000000-7fe500021000 rw-p 00000000 00:00 0 
7fe500021000-7fe504000000 ---p 00000000 00:00 0 
7fe504000000-7fe504021000 rw-p 00000000 00:00 0 
7fe504021000-7fe508000000 ---p 00000000 00:00 0 
7fe508008000-7fe50800f000 r--s 00095000 103:05 2027678                   /home/fernandr/.m2/repository/sc/fiji/VIB-lib/2.1.2/VIB-lib-2.1.2.jar
7fe50800f000-7fe508019000 r--s 00116000 103:05 1448283                   /usr/lib/jvm/java-8-oracle/jre/lib/ext/localedata.jar
7fe508019000-7fe50916c000 rw-p 00000000 00:00 0 
7fe50916c000-7fe509346000 r--s 03d6f000 103:05 1319016                   /usr/lib/jvm/java-8-oracle/jre/lib/rt.jar
7fe509346000-7fe509d1b000 rw-p 00000000 00:00 0 
7fe509d1b000-7fe509d1c000 ---p 00000000 00:00 0 
7fe509d1c000-7fe509e1c000 rw-p 00000000 00:00 0 
7fe509e1c000-7fe509e1d000 ---p 00000000 00:00 0 
7fe509e1d000-7fe509f1d000 rw-p 00000000 00:00 0 
7fe509f1d000-7fe509f1e000 ---p 00000000 00:00 0 
7fe509f1e000-7fe50a01e000 rw-p 00000000 00:00 0 
7fe50a01e000-7fe50a01f000 ---p 00000000 00:00 0 
7fe50a01f000-7fe50a695000 rw-p 00000000 00:00 0 
7fe50a695000-7fe50c05f000 ---p 00000000 00:00 0 
7fe50c05f000-7fe50c4a1000 rw-p 00000000 00:00 0 
7fe50c4a1000-7fe50cfff000 ---p 00000000 00:00 0 
7fe50cfff000-7fe50d000000 rw-p 00000000 00:00 0 
7fe50d000000-7fe50d680000 rwxp 00000000 00:00 0 
7fe50d680000-7fe51c000000 ---p 00000000 00:00 0 
7fe51c000000-7fe51fe10000 rw-p 00000000 00:00 0 
7fe51fe10000-7fe520000000 ---p 00000000 00:00 0 
7fe520001000-7fe520003000 r--s 00008000 103:05 2027869                   /home/fernandr/.m2/repository/gov/nist/math/jama/1.0.3/jama-1.0.3.jar
7fe520003000-7fe520005000 r--s 00009000 103:05 2027730                   /home/fernandr/.m2/repository/sc/fiji/pal-optimization/2.0.0/pal-optimization-2.0.0.jar
7fe520005000-7fe52000f000 r--s 00226000 103:05 1984601                   /home/fernandr/.m2/repository/net/imagej/ij/1.52k/ij-1.52k.jar
7fe52000f000-7fe5200e8000 rw-p 00000000 00:00 0 
7fe5200e8000-7fe5200e9000 ---p 00000000 00:00 0 
7fe5200e9000-7fe5201e9000 rw-p 00000000 00:00 0 
7fe5201e9000-7fe5201ea000 ---p 00000000 00:00 0 
7fe5201ea000-7fe5202ea000 rw-p 00000000 00:00 0 
7fe5202ea000-7fe5202eb000 ---p 00000000 00:00 0 
7fe5202eb000-7fe5203eb000 rw-p 00000000 00:00 0 
7fe5203eb000-7fe5203ec000 ---p 00000000 00:00 0 
7fe5203ec000-7fe5204ec000 rw-p 00000000 00:00 0 
7fe5204ec000-7fe5204ed000 ---p 00000000 00:00 0 
7fe5204ed000-7fe5205ed000 rw-p 00000000 00:00 0 
7fe5205ed000-7fe5205ee000 ---p 00000000 00:00 0 
7fe5205ee000-7fe520c64000 rw-p 00000000 00:00 0 
7fe520c64000-7fe52262e000 ---p 00000000 00:00 0 
7fe52262e000-7fe522648000 rw-p 00000000 00:00 0 
7fe522648000-7fe5229ee000 ---p 00000000 00:00 0 
7fe5229ee000-7fe522a09000 r-xp 00000000 103:05 1319079                   /usr/lib/jvm/java-8-oracle/jre/lib/amd64/libzip.so
7fe522a09000-7fe522c08000 ---p 0001b000 103:05 1319079                   /usr/lib/jvm/java-8-oracle/jre/lib/amd64/libzip.so
7fe522c08000-7fe522c09000 r--p 0001a000 103:05 1319079                   /usr/lib/jvm/java-8-oracle/jre/lib/amd64/libzip.so
7fe522c09000-7fe522c0a000 rw-p 0001b000 103:05 1319079                   /usr/lib/jvm/java-8-oracle/jre/lib/amd64/libzip.so
7fe522c0a000-7fe522c15000 r-xp 00000000 103:05 3806148                   /lib/x86_64-linux-gnu/libnss_files-2.27.so
7fe522c15000-7fe522e14000 ---p 0000b000 103:05 3806148                   /lib/x86_64-linux-gnu/libnss_files-2.27.so
7fe522e14000-7fe522e15000 r--p 0000a000 103:05 3806148                   /lib/x86_64-linux-gnu/libnss_files-2.27.so
7fe522e15000-7fe522e16000 rw-p 0000b000 103:05 3806148                   /lib/x86_64-linux-gnu/libnss_files-2.27.so
7fe522e16000-7fe522e1c000 rw-p 00000000 00:00 0 
7fe522e1c000-7fe522e33000 r-xp 00000000 103:05 3806142                   /lib/x86_64-linux-gnu/libnsl-2.27.so
7fe522e33000-7fe523032000 ---p 00017000 103:05 3806142                   /lib/x86_64-linux-gnu/libnsl-2.27.so
7fe523032000-7fe523033000 r--p 00016000 103:05 3806142                   /lib/x86_64-linux-gnu/libnsl-2.27.so
7fe523033000-7fe523034000 rw-p 00017000 103:05 3806142                   /lib/x86_64-linux-gnu/libnsl-2.27.so
7fe523034000-7fe523036000 rw-p 00000000 00:00 0 
7fe523036000-7fe523041000 r-xp 00000000 103:05 3806159                   /lib/x86_64-linux-gnu/libnss_nis-2.27.so
7fe523041000-7fe523240000 ---p 0000b000 103:05 3806159                   /lib/x86_64-linux-gnu/libnss_nis-2.27.so
7fe523240000-7fe523241000 r--p 0000a000 103:05 3806159                   /lib/x86_64-linux-gnu/libnss_nis-2.27.so
7fe523241000-7fe523242000 rw-p 0000b000 103:05 3806159                   /lib/x86_64-linux-gnu/libnss_nis-2.27.so
7fe523242000-7fe52324a000 r-xp 00000000 103:05 3806144                   /lib/x86_64-linux-gnu/libnss_compat-2.27.so
7fe52324a000-7fe52344a000 ---p 00008000 103:05 3806144                   /lib/x86_64-linux-gnu/libnss_compat-2.27.so
7fe52344a000-7fe52344b000 r--p 00008000 103:05 3806144                   /lib/x86_64-linux-gnu/libnss_compat-2.27.so
7fe52344b000-7fe52344c000 rw-p 00009000 103:05 3806144                   /lib/x86_64-linux-gnu/libnss_compat-2.27.so
7fe52344c000-7fe523478000 r-xp 00000000 103:05 1319071                   /usr/lib/jvm/java-8-oracle/jre/lib/amd64/libjava.so
7fe523478000-7fe523678000 ---p 0002c000 103:05 1319071                   /usr/lib/jvm/java-8-oracle/jre/lib/amd64/libjava.so
7fe523678000-7fe523679000 r--p 0002c000 103:05 1319071                   /usr/lib/jvm/java-8-oracle/jre/lib/amd64/libjava.so
7fe523679000-7fe52367b000 rw-p 0002d000 103:05 1319071                   /usr/lib/jvm/java-8-oracle/jre/lib/amd64/libjava.so
7fe52367b000-7fe523688000 r-xp 00000000 103:05 1319077                   /usr/lib/jvm/java-8-oracle/jre/lib/amd64/libverify.so
7fe523688000-7fe523887000 ---p 0000d000 103:05 1319077                   /usr/lib/jvm/java-8-oracle/jre/lib/amd64/libverify.so
7fe523887000-7fe523889000 r--p 0000c000 103:05 1319077                   /usr/lib/jvm/java-8-oracle/jre/lib/amd64/libverify.so
7fe523889000-7fe52388a000 rw-p 0000e000 103:05 1319077                   /usr/lib/jvm/java-8-oracle/jre/lib/amd64/libverify.so
7fe52388a000-7fe523891000 r-xp 00000000 103:05 3806199                   /lib/x86_64-linux-gnu/librt-2.27.so
7fe523891000-7fe523a90000 ---p 00007000 103:05 3806199                   /lib/x86_64-linux-gnu/librt-2.27.so
7fe523a90000-7fe523a91000 r--p 00006000 103:05 3806199                   /lib/x86_64-linux-gnu/librt-2.27.so
7fe523a91000-7fe523a92000 rw-p 00007000 103:05 3806199                   /lib/x86_64-linux-gnu/librt-2.27.so
7fe523a92000-7fe523c2f000 r-xp 00000000 103:05 3806121                   /lib/x86_64-linux-gnu/libm-2.27.so
7fe523c2f000-7fe523e2e000 ---p 0019d000 103:05 3806121                   /lib/x86_64-linux-gnu/libm-2.27.so
7fe523e2e000-7fe523e2f000 r--p 0019c000 103:05 3806121                   /lib/x86_64-linux-gnu/libm-2.27.so
7fe523e2f000-7fe523e30000 rw-p 0019d000 103:05 3806121                   /lib/x86_64-linux-gnu/libm-2.27.so
7fe523e30000-7fe524b18000 r-xp 00000000 103:05 1581920                   /usr/lib/jvm/java-8-oracle/jre/lib/amd64/server/libjvm.so
7fe524b18000-7fe524d17000 ---p 00ce8000 103:05 1581920                   /usr/lib/jvm/java-8-oracle/jre/lib/amd64/server/libjvm.so
7fe524d17000-7fe524dad000 r--p 00ce7000 103:05 1581920                   /usr/lib/jvm/java-8-oracle/jre/lib/amd64/server/libjvm.so
7fe524dad000-7fe524dde000 rw-p 00d7d000 103:05 1581920                   /usr/lib/jvm/java-8-oracle/jre/lib/amd64/server/libjvm.so
7fe524dde000-7fe524e19000 rw-p 00000000 00:00 0 
7fe524e19000-7fe525000000 r-xp 00000000 103:05 3806058                   /lib/x86_64-linux-gnu/libc-2.27.so
7fe525000000-7fe525200000 ---p 001e7000 103:05 3806058                   /lib/x86_64-linux-gnu/libc-2.27.so
7fe525200000-7fe525204000 r--p 001e7000 103:05 3806058                   /lib/x86_64-linux-gnu/libc-2.27.so
7fe525204000-7fe525206000 rw-p 001eb000 103:05 3806058                   /lib/x86_64-linux-gnu/libc-2.27.so
7fe525206000-7fe52520a000 rw-p 00000000 00:00 0 
7fe52520a000-7fe52520d000 r-xp 00000000 103:05 3806081                   /lib/x86_64-linux-gnu/libdl-2.27.so
7fe52520d000-7fe52540c000 ---p 00003000 103:05 3806081                   /lib/x86_64-linux-gnu/libdl-2.27.so
7fe52540c000-7fe52540d000 r--p 00002000 103:05 3806081                   /lib/x86_64-linux-gnu/libdl-2.27.so
7fe52540d000-7fe52540e000 rw-p 00003000 103:05 3806081                   /lib/x86_64-linux-gnu/libdl-2.27.so
7fe52540e000-7fe525425000 r-xp 00000000 103:05 409197                    /usr/lib/jvm/java-8-oracle/lib/amd64/jli/libjli.so
7fe525425000-7fe525624000 ---p 00017000 103:05 409197                    /usr/lib/jvm/java-8-oracle/lib/amd64/jli/libjli.so
7fe525624000-7fe525625000 r--p 00016000 103:05 409197                    /usr/lib/jvm/java-8-oracle/lib/amd64/jli/libjli.so
7fe525625000-7fe525626000 rw-p 00017000 103:05 409197                    /usr/lib/jvm/java-8-oracle/lib/amd64/jli/libjli.so
7fe525626000-7fe525640000 r-xp 00000000 103:05 3806191                   /lib/x86_64-linux-gnu/libpthread-2.27.so
7fe525640000-7fe52583f000 ---p 0001a000 103:05 3806191                   /lib/x86_64-linux-gnu/libpthread-2.27.so
7fe52583f000-7fe525840000 r--p 00019000 103:05 3806191                   /lib/x86_64-linux-gnu/libpthread-2.27.so
7fe525840000-7fe525841000 rw-p 0001a000 103:05 3806191                   /lib/x86_64-linux-gnu/libpthread-2.27.so
7fe525841000-7fe525845000 rw-p 00000000 00:00 0 
7fe525845000-7fe52584b000 r-xp 00000000 103:05 413404                    /usr/lib/x86_64-linux-gnu/libgtk3-nocsd.so.0
7fe52584b000-7fe525a4a000 ---p 00006000 103:05 413404                    /usr/lib/x86_64-linux-gnu/libgtk3-nocsd.so.0
7fe525a4a000-7fe525a4b000 r--p 00005000 103:05 413404                    /usr/lib/x86_64-linux-gnu/libgtk3-nocsd.so.0
7fe525a4b000-7fe525a4c000 rw-p 00006000 103:05 413404                    /usr/lib/x86_64-linux-gnu/libgtk3-nocsd.so.0
7fe525a4c000-7fe525a73000 r-xp 00000000 103:05 3806030                   /lib/x86_64-linux-gnu/ld-2.27.so
7fe525a73000-7fe525a7a000 r--s 00000000 103:05 657616                    /usr/lib/x86_64-linux-gnu/gconv/gconv-modules.cache
7fe525a7a000-7fe525b4c000 rw-p 00000000 00:00 0 
7fe525b4c000-7fe525b4d000 ---p 00000000 00:00 0 
7fe525b4d000-7fe525b50000 ---p 00000000 00:00 0 
7fe525b50000-7fe525c51000 rw-p 00000000 00:00 0 
7fe525c51000-7fe525c53000 r--s 0001c000 103:05 1985043                   /home/fernandr/.m2/repository/sc/fiji/Image_5D/1.2.6/Image_5D-1.2.6.jar
7fe525c53000-7fe525c56000 r--s 00052000 103:05 1985041                   /home/fernandr/.m2/repository/sc/fiji/imagescience/3.0.0/imagescience-3.0.0.jar
7fe525c56000-7fe525c5d000 r--s 00095000 103:05 2028044                   /home/fernandr/Programmes/LIB_EXT/JAR/VIB-lib-2.1.2.jar
7fe525c5d000-7fe525c68000 r--s 00093000 103:05 1983880                   /home/fernandr/Programmes/LIB_EXT/JAR/simpleitk-1.2.0.jar
7fe525c68000-7fe525c69000 r--s 00005000 103:05 3411772                   /home/fernandr/eclipse-workspace/MyIJPlugs/vitimage/target/lib/ext/lma.jar
7fe525c69000-7fe525c71000 rw-s 00000000 103:05 2884122                   /tmp/hsperfdata_fernandr/32419
7fe525c71000-7fe525c72000 rw-p 00000000 00:00 0 
7fe525c72000-7fe525c73000 ---p 00000000 00:00 0 
7fe525c73000-7fe525c74000 r--p 00027000 103:05 3806030                   /lib/x86_64-linux-gnu/ld-2.27.so
7fe525c74000-7fe525c75000 rw-p 00028000 103:05 3806030                   /lib/x86_64-linux-gnu/ld-2.27.so
7fe525c75000-7fe525c76000 rw-p 00000000 00:00 0 
7fff0c857000-7fff0c878000 rw-p 00000000 00:00 0                          [stack]
7fff0c903000-7fff0c906000 r--p 00000000 00:00 0                          [vvar]
7fff0c906000-7fff0c908000 r-xp 00000000 00:00 0                          [vdso]
ffffffffff600000-ffffffffff601000 r-xp 00000000 00:00 0                  [vsyscall]

VM Arguments:
jvm_args: -Xmx24000m -Djava.library.path=/home/fernandr/Programmes/Fiji.app/lib/linux64 -Dfile.encoding=UTF-8 
java_command: com.vitimage.Vitimage5D
java_class_path (initial): /home/fernandr/eclipse-workspace/MyIJPlugs/vitimage/target/lib/ext/lma.jar:/home/fernandr/eclipse-workspace/MyIJPlugs/vitimage/target/classes:/home/fernandr/Programmes/LIB_EXT/JAR/simpleitk-1.2.0.jar:/home/fernandr/Programmes/LIB_EXT/JAR/VIB-lib-2.1.2.jar:/home/fernandr/.m2/repository/net/imagej/ij/1.52k/ij-1.52k.jar:/usr/lib/jvm/java-8-oracle/lib/tools.jar:/home/fernandr/.m2/repository/sc/fiji/imagescience/3.0.0/imagescience-3.0.0.jar:/home/fernandr/.m2/repository/sc/fiji/Image_5D/1.2.6/Image_5D-1.2.6.jar:/home/fernandr/.m2/repository/sc/fiji/VIB-lib/2.1.2/VIB-lib-2.1.2.jar:/home/fernandr/.m2/repository/sc/fiji/pal-optimization/2.0.0/pal-optimization-2.0.0.jar:/home/fernandr/.m2/repository/gov/nist/math/jama/1.0.3/jama-1.0.3.jar
Launcher Type: SUN_STANDARD

Environment Variables:
JAVA_HOME=/usr/lib/jvm/java-8-oracle
PATH=/usr/local/sbin:/usr/local/bin:/usr/sbin:/usr/bin:/sbin:/bin:/usr/games:/usr/local/games:/home/fernandr/Programmes/ImageJ:/home/fernandr/Programmes/Fiji.app:/snap/bin:/usr/lib/jvm/java-8-oracle/bin:/usr/lib/jvm/java-8-oracle/db/bin:/usr/lib/jvm/java-8-oracle/jre/bin
USERNAME=fernandr
LD_PRELOAD=libgtk3-nocsd.so.0
SHELL=/bin/bash
DISPLAY=:0

Signal Handlers:
SIGSEGV: [libjvm.so+0xad3e60], sa_mask[0]=11111111011111111101111111111110, sa_flags=SA_RESTART|SA_SIGINFO
SIGBUS: [libjvm.so+0xad3e60], sa_mask[0]=11111111011111111101111111111110, sa_flags=SA_RESTART|SA_SIGINFO
SIGFPE: [libjvm.so+0x90b880], sa_mask[0]=11111111011111111101111111111110, sa_flags=SA_RESTART|SA_SIGINFO
SIGPIPE: [libjvm.so+0x90b880], sa_mask[0]=11111111011111111101111111111110, sa_flags=SA_RESTART|SA_SIGINFO
SIGXFSZ: [libjvm.so+0x90b880], sa_mask[0]=11111111011111111101111111111110, sa_flags=SA_RESTART|SA_SIGINFO
SIGILL: [libjvm.so+0x90b880], sa_mask[0]=11111111011111111101111111111110, sa_flags=SA_RESTART|SA_SIGINFO
SIGUSR1: SIG_DFL, sa_mask[0]=00000000000000000000000000000000, sa_flags=none
SIGUSR2: [libjvm.so+0x90b750], sa_mask[0]=00100000000000000000000000000000, sa_flags=SA_RESTART|SA_SIGINFO
SIGHUP: [libjvm.so+0x90bd70], sa_mask[0]=11111111011111111101111111111110, sa_flags=SA_RESTART|SA_SIGINFO
SIGINT: [libjvm.so+0x90bd70], sa_mask[0]=11111111011111111101111111111110, sa_flags=SA_RESTART|SA_SIGINFO
SIGTERM: [libjvm.so+0x90bd70], sa_mask[0]=11111111011111111101111111111110, sa_flags=SA_RESTART|SA_SIGINFO
SIGQUIT: [libjvm.so+0x90bd70], sa_mask[0]=11111111011111111101111111111110, sa_flags=SA_RESTART|SA_SIGINFO


---------------  S Y S T E M  ---------------

OS:DISTRIB_ID=Ubuntu
DISTRIB_RELEASE=18.04
DISTRIB_CODENAME=bionic
DISTRIB_DESCRIPTION="Ubuntu 18.04.2 LTS"

uname:Linux 4.15.0-46-generic #49-Ubuntu SMP Wed Feb 6 09:33:07 UTC 2019 x86_64
libc:glibc 2.27 NPTL 2.27 
rlimit: STACK 8192k, CORE 0k, NPROC 127341, NOFILE 4096, AS infinity
load average:1,99 0,70 0,42

/proc/meminfo:
MemTotal:       32693780 kB
MemFree:          496360 kB
MemAvailable:     281096 kB
Buffers:            1224 kB
Cached:            73528 kB
SwapCached:        25560 kB
Active:         29814180 kB
Inactive:        1803568 kB
Active(anon):   29807352 kB
Inactive(anon):  1753028 kB
Active(file):       6828 kB
Inactive(file):    50540 kB
Unevictable:       14952 kB
Mlocked:           14952 kB
SwapTotal:      19530748 kB
SwapFree:              4 kB
Dirty:               424 kB
Writeback:            76 kB
AnonPages:      31535392 kB
Mapped:           109220 kB
Shmem:             10988 kB
Slab:             153524 kB
SReclaimable:      54588 kB
SUnreclaim:        98936 kB
KernelStack:       24736 kB
PageTables:       169192 kB
NFS_Unstable:          0 kB
Bounce:                0 kB
WritebackTmp:          0 kB
CommitLimit:    35877636 kB
Committed_AS:   71175976 kB
VmallocTotal:   34359738367 kB
VmallocUsed:           0 kB
VmallocChunk:          0 kB
HardwareCorrupted:     0 kB
AnonHugePages:         0 kB
ShmemHugePages:        0 kB
ShmemPmdMapped:        0 kB
CmaTotal:              0 kB
CmaFree:               0 kB
HugePages_Total:       0
HugePages_Free:        0
HugePages_Rsvd:        0
HugePages_Surp:        0
Hugepagesize:       2048 kB
DirectMap4k:      594428 kB
DirectMap2M:    29569024 kB
DirectMap1G:     4194304 kB

container (cgroup) information:
container_type: cgroupv1
cpu_cpuset_cpus: 0-11
cpu_memory_nodes: 0
active_processor_count: 12
cpu_quota: -1
cpu_period: 100000
cpu_shares: -1
memory_limit_in_bytes: -1
memory_and_swap_limit_in_bytes: -2
memory_soft_limit_in_bytes: -1
memory_usage_in_bytes: 32394883072
memory_max_usage_in_bytes: 0


CPU:total 12 (initial active 12) (6 cores per cpu, 2 threads per core) family 6 model 158 stepping 10, cmov, cx8, fxsr, mmx, sse, sse2, sse3, ssse3, sse4.1, sse4.2, popcnt, avx, avx2, aes, clmul, erms, rtm, 3dnowpref, lzcnt, ht, tsc, tscinvbit, bmi1, bmi2, adx

/proc/cpuinfo:
processor	: 0
vendor_id	: GenuineIntel
cpu family	: 6
model		: 158
model name	: Intel(R) Xeon(R) E-2186M  CPU @ 2.90GHz
stepping	: 10
microcode	: 0x96
cpu MHz		: 4338.811
cache size	: 12288 KB
physical id	: 0
siblings	: 12
core id		: 0
cpu cores	: 6
apicid		: 0
initial apicid	: 0
fpu		: yes
fpu_exception	: yes
cpuid level	: 22
wp		: yes
flags		: fpu vme de pse tsc msr pae mce cx8 apic sep mtrr pge mca cmov pat pse36 clflush dts acpi mmx fxsr sse sse2 ss ht tm pbe syscall nx pdpe1gb rdtscp lm constant_tsc art arch_perfmon pebs bts rep_good nopl xtopology nonstop_tsc cpuid aperfmperf tsc_known_freq pni pclmulqdq dtes64 monitor ds_cpl vmx smx est tm2 ssse3 sdbg fma cx16 xtpr pdcm pcid sse4_1 sse4_2 x2apic movbe popcnt tsc_deadline_timer aes xsave avx f16c rdrand lahf_lm abm 3dnowprefetch cpuid_fault epb invpcid_single pti ssbd ibrs ibpb stibp tpr_shadow vnmi flexpriority ept vpid fsgsbase tsc_adjust bmi1 hle avx2 smep bmi2 erms invpcid rtm mpx rdseed adx smap clflushopt intel_pt xsaveopt xsavec xgetbv1 xsaves dtherm ida arat pln pts hwp hwp_notify hwp_act_window hwp_epp flush_l1d
bugs		: cpu_meltdown spectre_v1 spectre_v2 spec_store_bypass l1tf
bogomips	: 5808.00
clflush size	: 64
cache_alignment	: 64
address sizes	: 39 bits physical, 48 bits virtual
power management:

processor	: 1
vendor_id	: GenuineIntel
cpu family	: 6
model		: 158
model name	: Intel(R) Xeon(R) E-2186M  CPU @ 2.90GHz
stepping	: 10
microcode	: 0x96
cpu MHz		: 4280.757
cache size	: 12288 KB
physical id	: 0
siblings	: 12
core id		: 1
cpu cores	: 6
apicid		: 2
initial apicid	: 2
fpu		: yes
fpu_exception	: yes
cpuid level	: 22
wp		: yes
flags		: fpu vme de pse tsc msr pae mce cx8 apic sep mtrr pge mca cmov pat pse36 clflush dts acpi mmx fxsr sse sse2 ss ht tm pbe syscall nx pdpe1gb rdtscp lm constant_tsc art arch_perfmon pebs bts rep_good nopl xtopology nonstop_tsc cpuid aperfmperf tsc_known_freq pni pclmulqdq dtes64 monitor ds_cpl vmx smx est tm2 ssse3 sdbg fma cx16 xtpr pdcm pcid sse4_1 sse4_2 x2apic movbe popcnt tsc_deadline_timer aes xsave avx f16c rdrand lahf_lm abm 3dnowprefetch cpuid_fault epb invpcid_single pti ssbd ibrs ibpb stibp tpr_shadow vnmi flexpriority ept vpid fsgsbase tsc_adjust bmi1 hle avx2 smep bmi2 erms invpcid rtm mpx rdseed adx smap clflushopt intel_pt xsaveopt xsavec xgetbv1 xsaves dtherm ida arat pln pts hwp hwp_notify hwp_act_window hwp_epp flush_l1d
bugs		: cpu_meltdown spectre_v1 spectre_v2 spec_store_bypass l1tf
bogomips	: 5808.00
clflush size	: 64
cache_alignment	: 64
address sizes	: 39 bits physical, 48 bits virtual
power management:

processor	: 2
vendor_id	: GenuineIntel
cpu family	: 6
model		: 158
model name	: Intel(R) Xeon(R) E-2186M  CPU @ 2.90GHz
stepping	: 10
microcode	: 0x96
cpu MHz		: 4095.017
cache size	: 12288 KB
physical id	: 0
siblings	: 12
core id		: 2
cpu cores	: 6
apicid		: 4
initial apicid	: 4
fpu		: yes
fpu_exception	: yes
cpuid level	: 22
wp		: yes
flags		: fpu vme de pse tsc msr pae mce cx8 apic sep mtrr pge mca cmov pat pse36 clflush dts acpi mmx fxsr sse sse2 ss ht tm pbe syscall nx pdpe1gb rdtscp lm constant_tsc art arch_perfmon pebs bts rep_good nopl xtopology nonstop_tsc cpuid aperfmperf tsc_known_freq pni pclmulqdq dtes64 monitor ds_cpl vmx smx est tm2 ssse3 sdbg fma cx16 xtpr pdcm pcid sse4_1 sse4_2 x2apic movbe popcnt tsc_deadline_timer aes xsave avx f16c rdrand lahf_lm abm 3dnowprefetch cpuid_fault epb invpcid_single pti ssbd ibrs ibpb stibp tpr_shadow vnmi flexpriority ept vpid fsgsbase tsc_adjust bmi1 hle avx2 smep bmi2 erms invpcid rtm mpx rdseed adx smap clflushopt intel_pt xsaveopt xsavec xgetbv1 xsaves dtherm ida arat pln pts hwp hwp_notify hwp_act_window hwp_epp flush_l1d
bugs		: cpu_meltdown spectre_v1 spectre_v2 spec_store_bypass l1tf
bogomips	: 5808.00
clflush size	: 64
cache_alignment	: 64
address sizes	: 39 bits physical, 48 bits virtual
power management:

processor	: 3
vendor_id	: GenuineIntel
cpu family	: 6
model		: 158
model name	: Intel(R) Xeon(R) E-2186M  CPU @ 2.90GHz
stepping	: 10
microcode	: 0x96
cpu MHz		: 4138.643
cache size	: 12288 KB
physical id	: 0
siblings	: 12
core id		: 3
cpu cores	: 6
apicid		: 6
initial apicid	: 6
fpu		: yes
fpu_exception	: yes
cpuid level	: 22
wp		: yes
flags		: fpu vme de pse tsc msr pae mce cx8 apic sep mtrr pge mca cmov pat pse36 clflush dts acpi mmx fxsr sse sse2 ss ht tm pbe syscall nx pdpe1gb rdtscp lm constant_tsc art arch_perfmon pebs bts rep_good nopl xtopology nonstop_tsc cpuid aperfmperf tsc_known_freq pni pclmulqdq dtes64 monitor ds_cpl vmx smx est tm2 ssse3 sdbg fma cx16 xtpr pdcm pcid sse4_1 sse4_2 x2apic movbe popcnt tsc_deadline_timer aes xsave avx f16c rdrand lahf_lm abm 3dnowprefetch cpuid_fault epb invpcid_single pti ssbd ibrs ibpb stibp tpr_shadow vnmi flexpriority ept vpid fsgsbase tsc_adjust bmi1 hle avx2 smep bmi2 erms invpcid rtm mpx rdseed adx smap clflushopt intel_pt xsaveopt xsavec xgetbv1 xsaves dtherm ida arat pln pts hwp hwp_notify hwp_act_window hwp_epp flush_l1d
bugs		: cpu_meltdown spectre_v1 spectre_v2 spec_store_bypass l1tf
bogomips	: 5808.00
clflush size	: 64
cache_alignment	: 64
address sizes	: 39 bits physical, 48 bits virtual
power management:

processor	: 4
vendor_id	: GenuineIntel
cpu family	: 6
model		: 158
model name	: Intel(R) Xeon(R) E-2186M  CPU @ 2.90GHz
stepping	: 10
microcode	: 0x96
cpu MHz		: 4230.361
cache size	: 12288 KB
physical id	: 0
siblings	: 12
core id		: 4
cpu cores	: 6
apicid		: 8
initial apicid	: 8
fpu		: yes
fpu_exception	: yes
cpuid level	: 22
wp		: yes
flags		: fpu vme de pse tsc msr pae mce cx8 apic sep mtrr pge mca cmov pat pse36 clflush dts acpi mmx fxsr sse sse2 ss ht tm pbe syscall nx pdpe1gb rdtscp lm constant_tsc art arch_perfmon pebs bts rep_good nopl xtopology nonstop_tsc cpuid aperfmperf tsc_known_freq pni pclmulqdq dtes64 monitor ds_cpl vmx smx est tm2 ssse3 sdbg fma cx16 xtpr pdcm pcid sse4_1 sse4_2 x2apic movbe popcnt tsc_deadline_timer aes xsave avx f16c rdrand lahf_lm abm 3dnowprefetch cpuid_fault epb invpcid_single pti ssbd ibrs ibpb stibp tpr_shadow vnmi flexpriority ept vpid fsgsbase tsc_adjust bmi1 hle avx2 smep bmi2 erms invpcid rtm mpx rdseed adx smap clflushopt intel_pt xsaveopt xsavec xgetbv1 xsaves dtherm ida arat pln pts hwp hwp_notify hwp_act_window hwp_epp flush_l1d
bugs		: cpu_meltdown spectre_v1 spectre_v2 spec_store_bypass l1tf
bogomips	: 5808.00
clflush size	: 64
cache_alignment	: 64
address sizes	: 39 bits physical, 48 bits virtual
power management:

processor	: 5
vendor_id	: GenuineIntel
cpu family	: 6
model		: 158
model name	: Intel(R) Xeon(R) E-2186M  CPU @ 2.90GHz
stepping	: 10
microcode	: 0x96
cpu MHz		: 4269.034
cache size	: 12288 KB
physical id	: 0
siblings	: 12
core id		: 5
cpu cores	: 6
apicid		: 10
initial apicid	: 10
fpu		: yes
fpu_exception	: yes
cpuid level	: 22
wp		: yes
flags		: fpu vme de pse tsc msr pae mce cx8 apic sep mtrr pge mca cmov pat pse36 clflush dts acpi mmx fxsr sse sse2 ss ht tm pbe syscall nx pdpe1gb rdtscp lm constant_tsc art arch_perfmon pebs bts rep_good nopl xtopology nonstop_tsc cpuid aperfmperf tsc_known_freq pni pclmulqdq dtes64 monitor ds_cpl vmx smx est tm2 ssse3 sdbg fma cx16 xtpr pdcm pcid sse4_1 sse4_2 x2apic movbe popcnt tsc_deadline_timer aes xsave avx f16c rdrand lahf_lm abm 3dnowprefetch cpuid_fault epb invpcid_single pti ssbd ibrs ibpb stibp tpr_shadow vnmi flexpriority ept vpid fsgsbase tsc_adjust bmi1 hle avx2 smep bmi2 erms invpcid rtm mpx rdseed adx smap clflushopt intel_pt xsaveopt xsavec xgetbv1 xsaves dtherm ida arat pln pts hwp hwp_notify hwp_act_window hwp_epp flush_l1d
bugs		: cpu_meltdown spectre_v1 spectre_v2 spec_store_bypass l1tf
bogomips	: 5808.00
clflush size	: 64
cache_alignment	: 64
address sizes	: 39 bits physical, 48 bits virtual
power management:

processor	: 6
vendor_id	: GenuineIntel
cpu family	: 6
model		: 158
model name	: Intel(R) Xeon(R) E-2186M  CPU @ 2.90GHz
stepping	: 10
microcode	: 0x96
cpu MHz		: 4281.399
cache size	: 12288 KB
physical id	: 0
siblings	: 12
core id		: 0
cpu cores	: 6
apicid		: 1
initial apicid	: 1
fpu		: yes
fpu_exception	: yes
cpuid level	: 22
wp		: yes
flags		: fpu vme de pse tsc msr pae mce cx8 apic sep mtrr pge mca cmov pat pse36 clflush dts acpi mmx fxsr sse sse2 ss ht tm pbe syscall nx pdpe1gb rdtscp lm constant_tsc art arch_perfmon pebs bts rep_good nopl xtopology nonstop_tsc cpuid aperfmperf tsc_known_freq pni pclmulqdq dtes64 monitor ds_cpl vmx smx est tm2 ssse3 sdbg fma cx16 xtpr pdcm pcid sse4_1 sse4_2 x2apic movbe popcnt tsc_deadline_timer aes xsave avx f16c rdrand lahf_lm abm 3dnowprefetch cpuid_fault epb invpcid_single pti ssbd ibrs ibpb stibp tpr_shadow vnmi flexpriority ept vpid fsgsbase tsc_adjust bmi1 hle avx2 smep bmi2 erms invpcid rtm mpx rdseed adx smap clflushopt intel_pt xsaveopt xsavec xgetbv1 xsaves dtherm ida arat pln pts hwp hwp_notify hwp_act_window hwp_epp flush_l1d
bugs		: cpu_meltdown spectre_v1 spectre_v2 spec_store_bypass l1tf
bogomips	: 5808.00
clflush size	: 64
cache_alignment	: 64
address sizes	: 39 bits physical, 48 bits virtual
power management:

processor	: 7
vendor_id	: GenuineIntel
cpu family	: 6
model		: 158
model name	: Intel(R) Xeon(R) E-2186M  CPU @ 2.90GHz
stepping	: 10
microcode	: 0x96
cpu MHz		: 4291.106
cache size	: 12288 KB
physical id	: 0
siblings	: 12
core id		: 1
cpu cores	: 6
apicid		: 3
initial apicid	: 3
fpu		: yes
fpu_exception	: yes
cpuid level	: 22
wp		: yes
flags		: fpu vme de pse tsc msr pae mce cx8 apic sep mtrr pge mca cmov pat pse36 clflush dts acpi mmx fxsr sse sse2 ss ht tm pbe syscall nx pdpe1gb rdtscp lm constant_tsc art arch_perfmon pebs bts rep_good nopl xtopology nonstop_tsc cpuid aperfmperf tsc_known_freq pni pclmulqdq dtes64 monitor ds_cpl vmx smx est tm2 ssse3 sdbg fma cx16 xtpr pdcm pcid sse4_1 sse4_2 x2apic movbe popcnt tsc_deadline_timer aes xsave avx f16c rdrand lahf_lm abm 3dnowprefetch cpuid_fault epb invpcid_single pti ssbd ibrs ibpb stibp tpr_shadow vnmi flexpriority ept vpid fsgsbase tsc_adjust bmi1 hle avx2 smep bmi2 erms invpcid rtm mpx rdseed adx smap clflushopt intel_pt xsaveopt xsavec xgetbv1 xsaves dtherm ida arat pln pts hwp hwp_notify hwp_act_window hwp_epp flush_l1d
bugs		: cpu_meltdown spectre_v1 spectre_v2 spec_store_bypass l1tf
bogomips	: 5808.00
clflush size	: 64
cache_alignment	: 64
address sizes	: 39 bits physical, 48 bits virtual
power management:

processor	: 8
vendor_id	: GenuineIntel
cpu family	: 6
model		: 158
model name	: Intel(R) Xeon(R) E-2186M  CPU @ 2.90GHz
stepping	: 10
microcode	: 0x96
cpu MHz		: 4188.652
cache size	: 12288 KB
physical id	: 0
siblings	: 12
core id		: 2
cpu cores	: 6
apicid		: 5
initial apicid	: 5
fpu		: yes
fpu_exception	: yes
cpuid level	: 22
wp		: yes
flags		: fpu vme de pse tsc msr pae mce cx8 apic sep mtrr pge mca cmov pat pse36 clflush dts acpi mmx fxsr sse sse2 ss ht tm pbe syscall nx pdpe1gb rdtscp lm constant_tsc art arch_perfmon pebs bts rep_good nopl xtopology nonstop_tsc cpuid aperfmperf tsc_known_freq pni pclmulqdq dtes64 monitor ds_cpl vmx smx est tm2 ssse3 sdbg fma cx16 xtpr pdcm pcid sse4_1 sse4_2 x2apic movbe popcnt tsc_deadline_timer aes xsave avx f16c rdrand lahf_lm abm 3dnowprefetch cpuid_fault epb invpcid_single pti ssbd ibrs ibpb stibp tpr_shadow vnmi flexpriority ept vpid fsgsbase tsc_adjust bmi1 hle avx2 smep bmi2 erms invpcid rtm mpx rdseed adx smap clflushopt intel_pt xsaveopt xsavec xgetbv1 xsaves dtherm ida arat pln pts hwp hwp_notify hwp_act_window hwp_epp flush_l1d
bugs		: cpu_meltdown spectre_v1 spectre_v2 spec_store_bypass l1tf
bogomips	: 5808.00
clflush size	: 64
cache_alignment	: 64
address sizes	: 39 bits physical, 48 bits virtual
power management:

processor	: 9
vendor_id	: GenuineIntel
cpu family	: 6
model		: 158
model name	: Intel(R) Xeon(R) E-2186M  CPU @ 2.90GHz
stepping	: 10
microcode	: 0x96
cpu MHz		: 4272.438
cache size	: 12288 KB
physical id	: 0
siblings	: 12
core id		: 3
cpu cores	: 6
apicid		: 7
initial apicid	: 7
fpu		: yes
fpu_exception	: yes
cpuid level	: 22
wp		: yes
flags		: fpu vme de pse tsc msr pae mce cx8 apic sep mtrr pge mca cmov pat pse36 clflush dts acpi mmx fxsr sse sse2 ss ht tm pbe syscall nx pdpe1gb rdtscp lm constant_tsc art arch_perfmon pebs bts rep_good nopl xtopology nonstop_tsc cpuid aperfmperf tsc_known_freq pni pclmulqdq dtes64 monitor ds_cpl vmx smx est tm2 ssse3 sdbg fma cx16 xtpr pdcm pcid sse4_1 sse4_2 x2apic movbe popcnt tsc_deadline_timer aes xsave avx f16c rdrand lahf_lm abm 3dnowprefetch cpuid_fault epb invpcid_single pti ssbd ibrs ibpb stibp tpr_shadow vnmi flexpriority ept vpid fsgsbase tsc_adjust bmi1 hle avx2 smep bmi2 erms invpcid rtm mpx rdseed adx smap clflushopt intel_pt xsaveopt xsavec xgetbv1 xsaves dtherm ida arat pln pts hwp hwp_notify hwp_act_window hwp_epp flush_l1d
bugs		: cpu_meltdown spectre_v1 spectre_v2 spec_store_bypass l1tf
bogomips	: 5808.00
clflush size	: 64
cache_alignment	: 64
address sizes	: 39 bits physical, 48 bits virtual
power management:

processor	: 10
vendor_id	: GenuineIntel
cpu family	: 6
model		: 158
model name	: Intel(R) Xeon(R) E-2186M  CPU @ 2.90GHz
stepping	: 10
microcode	: 0x96
cpu MHz		: 4228.946
cache size	: 12288 KB
physical id	: 0
siblings	: 12
core id		: 4
cpu cores	: 6
apicid		: 9
initial apicid	: 9
fpu		: yes
fpu_exception	: yes
cpuid level	: 22
wp		: yes
flags		: fpu vme de pse tsc msr pae mce cx8 apic sep mtrr pge mca cmov pat pse36 clflush dts acpi mmx fxsr sse sse2 ss ht tm pbe syscall nx pdpe1gb rdtscp lm constant_tsc art arch_perfmon pebs bts rep_good nopl xtopology nonstop_tsc cpuid aperfmperf tsc_known_freq pni pclmulqdq dtes64 monitor ds_cpl vmx smx est tm2 ssse3 sdbg fma cx16 xtpr pdcm pcid sse4_1 sse4_2 x2apic movbe popcnt tsc_deadline_timer aes xsave avx f16c rdrand lahf_lm abm 3dnowprefetch cpuid_fault epb invpcid_single pti ssbd ibrs ibpb stibp tpr_shadow vnmi flexpriority ept vpid fsgsbase tsc_adjust bmi1 hle avx2 smep bmi2 erms invpcid rtm mpx rdseed adx smap clflushopt intel_pt xsaveopt xsavec xgetbv1 xsaves dtherm ida arat pln pts hwp hwp_notify hwp_act_window hwp_epp flush_l1d
bugs		: cpu_meltdown spectre_v1 spectre_v2 spec_store_bypass l1tf
bogomips	: 5808.00
clflush size	: 64
cache_alignment	: 64
address sizes	: 39 bits physical, 48 bits virtual
power management:

processor	: 11
vendor_id	: GenuineIntel
cpu family	: 6
model		: 158
model name	: Intel(R) Xeon(R) E-2186M  CPU @ 2.90GHz
stepping	: 10
microcode	: 0x96
cpu MHz		: 4281.738
cache size	: 12288 KB
physical id	: 0
siblings	: 12
core id		: 5
cpu cores	: 6
apicid		: 11
initial apicid	: 11
fpu		: yes
fpu_exception	: yes
cpuid level	: 22
wp		: yes
flags		: fpu vme de pse tsc msr pae mce cx8 apic sep mtrr pge mca cmov pat pse36 clflush dts acpi mmx fxsr sse sse2 ss ht tm pbe syscall nx pdpe1gb rdtscp lm constant_tsc art arch_perfmon pebs bts rep_good nopl xtopology nonstop_tsc cpuid aperfmperf tsc_known_freq pni pclmulqdq dtes64 monitor ds_cpl vmx smx est tm2 ssse3 sdbg fma cx16 xtpr pdcm pcid sse4_1 sse4_2 x2apic movbe popcnt tsc_deadline_timer aes xsave avx f16c rdrand lahf_lm abm 3dnowprefetch cpuid_fault epb invpcid_single pti ssbd ibrs ibpb stibp tpr_shadow vnmi flexpriority ept vpid fsgsbase tsc_adjust bmi1 hle avx2 smep bmi2 erms invpcid rtm mpx rdseed adx smap clflushopt intel_pt xsaveopt xsavec xgetbv1 xsaves dtherm ida arat pln pts hwp hwp_notify hwp_act_window hwp_epp flush_l1d
bugs		: cpu_meltdown spectre_v1 spectre_v2 spec_store_bypass l1tf
bogomips	: 5808.00
clflush size	: 64
cache_alignment	: 64
address sizes	: 39 bits physical, 48 bits virtual
power management:



Memory: 4k page, physical 32693780k(485500k free), swap 19530748k(0k free)

vm_info: Java HotSpot(TM) 64-Bit Server VM (25.201-b09) for linux-amd64 JRE (1.8.0_201-b09), built on Dec 15 2018 11:35:59 by "java_re" with gcc 7.3.0

time: Thu Mar 28 16:01:50 2019
timezone: CET
elapsed time: 23 seconds (0d 0h 0m 23s)

