#
# A fatal error has been detected by the Java Runtime Environment:
#
#  SIGSEGV (0xb) at pc=0x00007fe38c2f598d, pid=13785, tid=0x00007fe36c71f700
#
# JRE version: Java(TM) SE Runtime Environment (8.0_201-b09) (build 1.8.0_201-b09)
# Java VM: Java HotSpot(TM) 64-Bit Server VM (25.201-b09 mixed mode linux-amd64 compressed oops)
# Problematic frame:
# C  [libc.so.6+0x9798d]  cfree+0x3d
#
# Failed to write core dump. Core dumps have been disabled. To enable core dumping, try "ulimit -c unlimited" before starting Java again
#
# If you would like to submit a bug report, please visit:
#   http://bugreport.java.com/bugreport/crash.jsp
# The crash happened outside the Java Virtual Machine in native code.
# See problematic frame for where to report the bug.
#

---------------  T H R E A D  ---------------

Current thread (0x00007fe384092000):  JavaThread "Finalizer" daemon [_thread_in_native, id=13803, stack(0x00007fe36c61f000,0x00007fe36c720000)]

siginfo: si_signo: 11 (SIGSEGV), si_code: 1 (SEGV_MAPERR), si_addr: 0x00007fe268fff008

Registers:
RAX=0x0000000000000000, RBX=0x00007fe2a086bda0, RCX=0x0000000000000020, RDX=0x00007fe384000080
RSP=0x00007fe36c71b9c0, RBP=0x00007fe36c71baa0, RSI=0x00007fe36c71baa0, RDI=0x00007fe268fff010
R8 =0x00000000bbcdd886, R9 =0x00000005d34bc218, R10=0x00007fe37501869b, R11=0x00007fe38bc34db0
R12=0x00007fe268fff010, R13=0x00007fe3644f05a0, R14=0x00007fe36c71e8c8, R15=0x00007fe384092000
RIP=0x00007fe38c2f598d, EFLAGS=0x0000000000010202, CSGSFS=0x002b000000000033, ERR=0x0000000000000004
  TRAPNO=0x000000000000000e

Top of Stack: (sp=0x00007fe36c71b9c0)
0x00007fe36c71b9c0:   0000000000000007 00007fe300000001
0x00007fe36c71b9d0:   0000000000000000 00000000b1029c0d
0x00007fe36c71b9e0:   00007fe3843fc220 0616defaa9b99800
0x00007fe36c71b9f0:   0000000000000000 00007fe2a086bda0
0x00007fe36c71ba00:   00007fe36c71baa0 0000000000000000
0x00007fe36c71ba10:   00007fe3644f05a0 00007fe36c71e8c8
0x00007fe36c71ba20:   00007fe384092000 00007fe2db87a708
0x00007fe36c71ba30:   00007fe2a086bda0 00007fe2db87a74c
0x00007fe36c71ba40:   00007fe3843fbec0 00007fe2a086bda0
0x00007fe36c71ba50:   00007fe36c71baa0 00007fe2db87a779
0x00007fe36c71ba60:   00007fe2a086bda0 00007fe2e10280ef
0x00007fe36c71ba70:   00007fe2d527dfc0 00007fe2e1012d3c
0x00007fe36c71ba80:   00000000ffffffff 00007fe300000000
0x00007fe36c71ba90:   00007fe36c71bb90 00007fe300000003
0x00007fe36c71baa0:   00007fe2e3058690 00007fe2e1012d3c
0x00007fe36c71bab0:   00007fe3843e8310 0000000000000000
0x00007fe36c71bac0:   0000000000000007 0000000000000001
0x00007fe36c71bad0:   00007fe384000020 00000000f74e7f72
0x00007fe36c71bae0:   00007fe3843fc220 00007fe36c71bc28
0x00007fe36c71baf0:   0000000000000000 00007fe3843fbec0
0x00007fe36c71bb00:   0000000000000000 00007fe38ce9c1ef
0x00007fe36c71bb10:   0000000000000000 0000000000000000
0x00007fe36c71bb20:   0000000000000005 0000000000000000
0x00007fe36c71bb30:   0000000000000001 00007fe3843fbec0
0x00007fe36c71bb40:   00007fe2d677fcd5 0000000000001000
0x00007fe36c71bb50:   00007fe254000020 00007fe38c2f5dfa
0x00007fe36c71bb60:   00007fe3843fc218 00007fe36c71bfc0
0x00007fe36c71bb70:   00007fe384974ac0 00007fe384974ac0
0x00007fe36c71bb80:   00000000ffffffff 00007fe384000080
0x00007fe36c71bb90:   0000000000000000 00007fe38c2f5dfa
0x00007fe36c71bba0:   00007fe384092000 00007fe2e10280ef
0x00007fe36c71bbb0:   00007fe384000020 0000000000000000 

Instructions: (pc=0x00007fe38c2f598d)
0x00007fe38c2f596d:   24 28 31 c0 48 8b 05 70 35 35 00 48 8b 00 48 85
0x00007fe38c2f597d:   c0 0f 85 9c 02 00 00 48 85 ff 0f 84 13 01 00 00
0x00007fe38c2f598d:   48 8b 77 f8 4c 8d 6f f0 40 f6 c6 02 0f 85 29 01
0x00007fe38c2f599d:   00 00 48 8b 2d d2 33 35 00 64 48 83 7d 00 00 0f 

Register to memory mapping:

RAX=0x0000000000000000 is an unknown value
RBX=0x00007fe2a086bda0 is an unknown value
RCX=0x0000000000000020 is an unknown value
RDX=0x00007fe384000080 is an unknown value
RSP=0x00007fe36c71b9c0 is pointing into the stack for thread: 0x00007fe384092000
RBP=0x00007fe36c71baa0 is pointing into the stack for thread: 0x00007fe384092000
RSI=0x00007fe36c71baa0 is pointing into the stack for thread: 0x00007fe384092000
RDI=0x00007fe268fff010 is an unknown value
R8 =0x00000000bbcdd886 is an unknown value
R9 =0x00000005d34bc218 is an oop
java.lang.System$2 
 - klass: 'java/lang/System$2'
R10=0x00007fe37501869b is at code_begin+859 in an Interpreter codelet
method entry point (kind = native)  [0x00007fe375018340, 0x00007fe375018cc0]  2432 bytes
R11=0x00007fe38bc34db0: <offset 0x9bfdb0> in /usr/lib/jvm/java-8-oracle/jre/lib/amd64/server/libjvm.so at 0x00007fe38b275000
R12=0x00007fe268fff010 is an unknown value
R13={method} {0x00007fe3644f05a0} 'delete_DisplacementFieldTransform' '(J)V' in 'org/itk/simple/SimpleITKJNI'
R14=0x00007fe36c71e8c8 is pointing into the stack for thread: 0x00007fe384092000
R15=0x00007fe384092000 is a thread


Stack: [0x00007fe36c61f000,0x00007fe36c720000],  sp=0x00007fe36c71b9c0,  free space=1010k
Native frames: (J=compiled Java code, j=interpreted, Vv=VM code, C=native code)
C  [libc.so.6+0x9798d]  cfree+0x3d
C  [libSimpleITKJava.so+0xc365d3c]  itk::Object::UnRegister() const+0x1c

Java frames: (J=compiled Java code, j=interpreted, Vv=VM code)
j  org.itk.simple.SimpleITKJNI.delete_DisplacementFieldTransform(J)V+0
j  org.itk.simple.DisplacementFieldTransform.delete()V+25
j  org.itk.simple.DisplacementFieldTransform.finalize()V+1
J 1335 C2 java.lang.ref.Finalizer.access$100(Ljava/lang/ref/Finalizer;Lsun/misc/JavaLangAccess;)V (6 bytes) @ 0x00007fe3756c6ae0 [0x00007fe3756c6840+0x2a0]
J 1333% C2 java.lang.ref.Finalizer$FinalizerThread.run()V (55 bytes) @ 0x00007fe3756c4d38 [0x00007fe3756c4c40+0xf8]
v  ~StubRoutines::call_stub

---------------  P R O C E S S  ---------------

Java Threads: ( => current thread )
  0x00007fe38434e800 JavaThread "AWT-EventQueue-0" [_thread_blocked, id=13814, stack(0x00007fe364d7f000,0x00007fe364e80000)]
  0x00007fe38434a000 JavaThread "AWT-Shutdown" [_thread_blocked, id=13813, stack(0x00007fe364e80000,0x00007fe364f81000)]
  0x00007fe3842b3000 JavaThread "AWT-XAWT" daemon [_thread_in_native, id=13812, stack(0x00007fe365181000,0x00007fe365282000)]
  0x00007fe384275000 JavaThread "Java2D Disposer" daemon [_thread_blocked, id=13811, stack(0x00007fe365692000,0x00007fe365793000)]
  0x00007fe3840e1000 JavaThread "Service Thread" daemon [_thread_blocked, id=13809, stack(0x00007fe36c019000,0x00007fe36c11a000)]
  0x00007fe3840cd800 JavaThread "C1 CompilerThread3" daemon [_thread_blocked, id=13808, stack(0x00007fe36c11b000,0x00007fe36c21b000)]
  0x00007fe3840cb800 JavaThread "C2 CompilerThread2" daemon [_thread_blocked, id=13807, stack(0x00007fe36c21c000,0x00007fe36c31c000)]
  0x00007fe3840c9800 JavaThread "C2 CompilerThread1" daemon [_thread_blocked, id=13806, stack(0x00007fe36c31d000,0x00007fe36c41d000)]
  0x00007fe3840c7000 JavaThread "C2 CompilerThread0" daemon [_thread_blocked, id=13805, stack(0x00007fe36c41e000,0x00007fe36c51e000)]
  0x00007fe3840c5800 JavaThread "Signal Dispatcher" daemon [_thread_blocked, id=13804, stack(0x00007fe36c51e000,0x00007fe36c61f000)]
=>0x00007fe384092000 JavaThread "Finalizer" daemon [_thread_in_native, id=13803, stack(0x00007fe36c61f000,0x00007fe36c720000)]
  0x00007fe38408f800 JavaThread "Reference Handler" daemon [_thread_blocked, id=13802, stack(0x00007fe36c720000,0x00007fe36c821000)]
  0x00007fe38400b800 JavaThread "Run$_main" [_thread_in_native, id=13786, stack(0x00007fe38cf8e000,0x00007fe38d08e000)]

Other Threads:
  0x00007fe384086000 VMThread [stack: 0x00007fe36c822000,0x00007fe36c922000] [id=13801]
  0x00007fe3840e3800 WatcherThread [stack: 0x00007fe367531000,0x00007fe367631000] [id=13810]

VM state:not at safepoint (normal execution)

VM Mutex/Monitor currently owned by a thread: None

heap address: 0x00000005cd200000, size: 7982 MB, Compressed Oops mode: Zero based, Oop shift amount: 3
Narrow klass base: 0x0000000000000000, Narrow klass shift: 3
Compressed class space size: 1073741824 Address: 0x00000007c0000000

Heap:
 PSYoungGen      total 2141184K, used 766478K [0x0000000719b80000, 0x00000007c0000000, 0x00000007c0000000)
  eden space 1600000K, 47% used [0x0000000719b80000,0x00000007485e39e0,0x000000077b600000)
  from space 541184K, 0% used [0x000000077b600000,0x000000077b820000,0x000000079c680000)
  to   space 534528K, 0% used [0x000000079f600000,0x000000079f600000,0x00000007c0000000)
 ParOldGen       total 1338368K, used 771367K [0x00000005cd200000, 0x000000061ed00000, 0x0000000719b80000)
  object space 1338368K, 57% used [0x00000005cd200000,0x00000005fc349e68,0x000000061ed00000)
 Metaspace       used 15030K, capacity 15203K, committed 15360K, reserved 1062912K
  class space    used 1416K, capacity 1482K, committed 1536K, reserved 1048576K

Card table byte_map: [0x00007fe388adb000,0x00007fe389a73000] byte_map_base: 0x00007fe385c72000

Marking Bits: (ParMarkBitMap*) 0x00007fe38c240d80
 Begin Bits: [0x00007fe320690000, 0x00007fe328348000)
 End Bits:   [0x00007fe328348000, 0x00007fe330000000)

Polling page: 0x00007fe38d0b7000

CodeCache: size=245760Kb used=8621Kb max_used=8637Kb free=237138Kb
 bounds [0x00007fe375000000, 0x00007fe375880000, 0x00007fe384000000]
 total_blobs=2357 nmethods=1463 adapters=807
 compilation: enabled

Compilation events (10 events):
Event: 36,417 Thread 0x00007fe3840c7000 1469       4       java.util.TimSort::mergeLo (659 bytes)
Event: 36,424 Thread 0x00007fe3840cb800 1470 %     4       java.util.TimSort::mergeHi @ 191 (732 bytes)
Event: 36,439 Thread 0x00007fe3840c9800 1471       4       java.util.TimSort::ensureCapacity (107 bytes)
Event: 36,440 Thread 0x00007fe3840c9800 nmethod 1471 0x00007fe375836750 code [0x00007fe3758368a0, 0x00007fe375836a78]
Event: 36,442 Thread 0x00007fe3840cb800 nmethod 1470% 0x00007fe375849810 code [0x00007fe375849a40, 0x00007fe37584b598]
Event: 36,448 Thread 0x00007fe3840c7000 nmethod 1469 0x00007fe375878310 code [0x00007fe375878560, 0x00007fe37587a4d8]
Event: 36,727 Thread 0x00007fe3840cd800 1472       1       ij.gui.ImageWindow::getCanvas (5 bytes)
Event: 36,727 Thread 0x00007fe3840cd800 nmethod 1472 0x00007fe37517a150 code [0x00007fe37517a2a0, 0x00007fe37517a3b0]
Event: 36,727 Thread 0x00007fe3840cd800 1473       3       ij.ImagePlus::getBitDepth (130 bytes)
Event: 36,727 Thread 0x00007fe3840cd800 nmethod 1473 0x00007fe375835d90 code [0x00007fe375835f20, 0x00007fe3758366b0]

GC Heap History (10 events):
Event: 22,138 GC heap before
{Heap before GC invocations=15 (full 1):
 PSYoungGen      total 1424896K, used 1406588K [0x0000000719b80000, 0x0000000799180000, 0x00000007c0000000)
  eden space 1133056K, 100% used [0x0000000719b80000,0x000000075ee00000,0x000000075ee00000)
  from space 291840K, 93% used [0x000000075ee00000,0x000000076f91f0e8,0x0000000770b00000)
  to   space 340992K, 0% used [0x0000000784480000,0x0000000784480000,0x0000000799180000)
 ParOldGen       total 1076224K, used 692771K [0x00000005cd200000, 0x000000060ed00000, 0x0000000719b80000)
  object space 1076224K, 64% used [0x00000005cd200000,0x00000005f7688fe8,0x000000060ed00000)
 Metaspace       used 14987K, capacity 15139K, committed 15360K, reserved 1062912K
  class space    used 1416K, capacity 1482K, committed 1536K, reserved 1048576K
Event: 22,245 GC heap after
Heap after GC invocations=15 (full 1):
 PSYoungGen      total 1711616K, used 259516K [0x0000000719b80000, 0x00000007a3580000, 0x00000007c0000000)
  eden space 1370624K, 0% used [0x0000000719b80000,0x0000000719b80000,0x000000076d600000)
  from space 340992K, 76% used [0x0000000784480000,0x00000007941ef0e8,0x0000000799180000)
  to   space 375296K, 0% used [0x000000076d600000,0x000000076d600000,0x0000000784480000)
 ParOldGen       total 1076224K, used 692779K [0x00000005cd200000, 0x000000060ed00000, 0x0000000719b80000)
  object space 1076224K, 64% used [0x00000005cd200000,0x00000005f768afe8,0x000000060ed00000)
 Metaspace       used 14987K, capacity 15139K, committed 15360K, reserved 1062912K
  class space    used 1416K, capacity 1482K, committed 1536K, reserved 1048576K
}
Event: 26,726 GC heap before
{Heap before GC invocations=16 (full 1):
 PSYoungGen      total 1711616K, used 1630140K [0x0000000719b80000, 0x00000007a3580000, 0x00000007c0000000)
  eden space 1370624K, 100% used [0x0000000719b80000,0x000000076d600000,0x000000076d600000)
  from space 340992K, 76% used [0x0000000784480000,0x00000007941ef0e8,0x0000000799180000)
  to   space 375296K, 0% used [0x000000076d600000,0x000000076d600000,0x0000000784480000)
 ParOldGen       total 1076224K, used 692779K [0x00000005cd200000, 0x000000060ed00000, 0x0000000719b80000)
  object space 1076224K, 64% used [0x00000005cd200000,0x00000005f768afe8,0x000000060ed00000)
 Metaspace       used 15013K, capacity 15203K, committed 15360K, reserved 1062912K
  class space    used 1416K, capacity 1482K, committed 1536K, reserved 1048576K
Event: 26,792 GC heap after
Heap after GC invocations=16 (full 1):
 PSYoungGen      total 1745920K, used 175169K [0x0000000719b80000, 0x00000007b3080000, 0x00000007c0000000)
  eden space 1370624K, 0% used [0x0000000719b80000,0x0000000719b80000,0x000000076d600000)
  from space 375296K, 46% used [0x000000076d600000,0x00000007781107e0,0x0000000784480000)
  to   space 370688K, 0% used [0x000000079c680000,0x000000079c680000,0x00000007b3080000)
 ParOldGen       total 1076224K, used 698670K [0x00000005cd200000, 0x000000060ed00000, 0x0000000719b80000)
  object space 1076224K, 64% used [0x00000005cd200000,0x00000005f7c4ba50,0x000000060ed00000)
 Metaspace       used 15013K, capacity 15203K, committed 15360K, reserved 1062912K
  class space    used 1416K, capacity 1482K, committed 1536K, reserved 1048576K
}
Event: 33,479 GC heap before
{Heap before GC invocations=17 (full 1):
 PSYoungGen      total 1745920K, used 1545793K [0x0000000719b80000, 0x00000007b3080000, 0x00000007c0000000)
  eden space 1370624K, 100% used [0x0000000719b80000,0x000000076d600000,0x000000076d600000)
  from space 375296K, 46% used [0x000000076d600000,0x00000007781107e0,0x0000000784480000)
  to   space 370688K, 0% used [0x000000079c680000,0x000000079c680000,0x00000007b3080000)
 ParOldGen       total 1076224K, used 698670K [0x00000005cd200000, 0x000000060ed00000, 0x0000000719b80000)
  object space 1076224K, 64% used [0x00000005cd200000,0x00000005f7c4ba50,0x000000060ed00000)
 Metaspace       used 15029K, capacity 15203K, committed 15360K, reserved 1062912K
  class space    used 1416K, capacity 1482K, committed 1536K, reserved 1048576K
Event: 34,419 GC heap after
Heap after GC invocations=17 (full 1):
 PSYoungGen      total 1970688K, used 370683K [0x0000000719b80000, 0x00000007c0000000, 0x00000007c0000000)
  eden space 1600000K, 0% used [0x0000000719b80000,0x0000000719b80000,0x000000077b600000)
  from space 370688K, 99% used [0x000000079c680000,0x00000007b307ec40,0x00000007b3080000)
  to   space 541184K, 0% used [0x000000077b600000,0x000000077b600000,0x000000079c680000)
 ParOldGen       total 1076224K, used 980566K [0x00000005cd200000, 0x000000060ed00000, 0x0000000719b80000)
  object space 1076224K, 91% used [0x00000005cd200000,0x0000000608f95a60,0x000000060ed00000)
 Metaspace       used 15029K, capacity 15203K, committed 15360K, reserved 1062912K
  class space    used 1416K, capacity 1482K, committed 1536K, reserved 1048576K
}
Event: 34,419 GC heap before
{Heap before GC invocations=18 (full 2):
 PSYoungGen      total 1970688K, used 370683K [0x0000000719b80000, 0x00000007c0000000, 0x00000007c0000000)
  eden space 1600000K, 0% used [0x0000000719b80000,0x0000000719b80000,0x000000077b600000)
  from space 370688K, 99% used [0x000000079c680000,0x00000007b307ec40,0x00000007b3080000)
  to   space 541184K, 0% used [0x000000077b600000,0x000000077b600000,0x000000079c680000)
 ParOldGen       total 1076224K, used 980566K [0x00000005cd200000, 0x000000060ed00000, 0x0000000719b80000)
  object space 1076224K, 91% used [0x00000005cd200000,0x0000000608f95a60,0x000000060ed00000)
 Metaspace       used 15029K, capacity 15203K, committed 15360K, reserved 1062912K
  class space    used 1416K, capacity 1482K, committed 1536K, reserved 1048576K
Event: 35,448 GC heap after
Heap after GC invocations=18 (full 2):
 PSYoungGen      total 1970688K, used 0K [0x0000000719b80000, 0x00000007c0000000, 0x00000007c0000000)
  eden space 1600000K, 0% used [0x0000000719b80000,0x0000000719b80000,0x000000077b600000)
  from space 370688K, 0% used [0x000000079c680000,0x000000079c680000,0x00000007b3080000)
  to   space 541184K, 0% used [0x000000077b600000,0x000000077b600000,0x000000079c680000)
 ParOldGen       total 1338368K, used 771367K [0x00000005cd200000, 0x000000061ed00000, 0x0000000719b80000)
  object space 1338368K, 57% used [0x00000005cd200000,0x00000005fc349e68,0x000000061ed00000)
 Metaspace       used 15029K, capacity 15203K, committed 15360K, reserved 1062912K
  class space    used 1416K, capacity 1482K, committed 1536K, reserved 1048576K
}
Event: 36,091 GC heap before
{Heap before GC invocations=19 (full 2):
 PSYoungGen      total 1970688K, used 1600000K [0x0000000719b80000, 0x00000007c0000000, 0x00000007c0000000)
  eden space 1600000K, 100% used [0x0000000719b80000,0x000000077b600000,0x000000077b600000)
  from space 370688K, 0% used [0x000000079c680000,0x000000079c680000,0x00000007b3080000)
  to   space 541184K, 0% used [0x000000077b600000,0x000000077b600000,0x000000079c680000)
 ParOldGen       total 1338368K, used 771367K [0x00000005cd200000, 0x000000061ed00000, 0x0000000719b80000)
  object space 1338368K, 57% used [0x00000005cd200000,0x00000005fc349e68,0x000000061ed00000)
 Metaspace       used 15029K, capacity 15203K, committed 15360K, reserved 1062912K
  class space    used 1416K, capacity 1482K, committed 1536K, reserved 1048576K
Event: 36,106 GC heap after
Heap after GC invocations=19 (full 2):
 PSYoungGen      total 2141184K, used 2176K [0x0000000719b80000, 0x00000007c0000000, 0x00000007c0000000)
  eden space 1600000K, 0% used [0x0000000719b80000,0x0000000719b80000,0x000000077b600000)
  from space 541184K, 0% used [0x000000077b600000,0x000000077b820000,0x000000079c680000)
  to   space 534528K, 0% used [0x000000079f600000,0x000000079f600000,0x00000007c0000000)
 ParOldGen       total 1338368K, used 771367K [0x00000005cd200000, 0x000000061ed00000, 0x0000000719b80000)
  object space 1338368K, 57% used [0x00000005cd200000,0x00000005fc349e68,0x000000061ed00000)
 Metaspace       used 15029K, capacity 15203K, committed 15360K, reserved 1062912K
  class space    used 1416K, capacity 1482K, committed 1536K, reserved 1048576K
}

Deoptimization events (10 events):
Event: 33,237 Thread 0x00007fe38400b800 Uncommon trap: reason=array_check action=maybe_recompile pc=0x00007fe3757f1fa4 method=java.util.TimSort.mergeLo(IIII)V @ 375
Event: 33,237 Thread 0x00007fe38400b800 Uncommon trap: reason=array_check action=maybe_recompile pc=0x00007fe3757fa1c8 method=java.util.TimSort.mergeHi(IIII)V @ 282
Event: 33,238 Thread 0x00007fe38400b800 Uncommon trap: reason=array_check action=maybe_recompile pc=0x00007fe3757fa1c8 method=java.util.TimSort.mergeHi(IIII)V @ 282
Event: 33,255 Thread 0x00007fe38400b800 Uncommon trap: reason=unstable_if action=reinterpret pc=0x00007fe3757bf234 method=com.vitimage.BlockMatchingRegistration.runMultiThreaded()Lcom/vitimage/ItkTransform; @ 2161
Event: 36,351 Thread 0x00007fe38400b800 Uncommon trap: reason=unstable_if action=reinterpret pc=0x00007fe3757db300 method=com.vitimage.BlockMatchingRegistration.runMultiThreaded()Lcom/vitimage/ItkTransform; @ 2633
Event: 36,394 Thread 0x00007fe38400b800 Uncommon trap: reason=unstable_if action=reinterpret pc=0x00007fe3757bd33c method=com.vitimage.BlockMatchingRegistration.trimPoint3dTabBasedOnScores([[Lmath3d/Point3d;I)[[Lmath3d/Point3d; @ 29
Event: 36,407 Thread 0x00007fe38400b800 Uncommon trap: reason=array_check action=maybe_recompile pc=0x00007fe375841a48 method=java.util.TimSort.mergeHi(IIII)V @ 419
Event: 36,409 Thread 0x00007fe38400b800 Uncommon trap: reason=array_check action=maybe_recompile pc=0x00007fe375841a48 method=java.util.TimSort.mergeHi(IIII)V @ 419
Event: 36,417 Thread 0x00007fe38400b800 Uncommon trap: reason=array_check action=maybe_recompile pc=0x00007fe375844c9c method=java.util.TimSort.mergeLo(IIII)V @ 468
Event: 36,424 Thread 0x00007fe38400b800 Uncommon trap: reason=array_check action=maybe_recompile pc=0x00007fe375844c9c method=java.util.TimSort.mergeLo(IIII)V @ 468

Classes redefined (0 events):
No events

Internal exceptions (10 events):
Event: 0,060 Thread 0x00007fe38400b800 Exception <a 'java/security/PrivilegedActionException'> (0x0000000719cbcea8) thrown at [/HUDSON/workspace/8-2-build-linux-amd64/jdk8u201/12317/hotspot/src/share/vm/prims/jvm.cpp, line 1502]
Event: 0,060 Thread 0x00007fe38400b800 Exception <a 'java/security/PrivilegedActionException'> (0x0000000719cbd0b8) thrown at [/HUDSON/workspace/8-2-build-linux-amd64/jdk8u201/12317/hotspot/src/share/vm/prims/jvm.cpp, line 1502]
Event: 0,086 Thread 0x00007fe38400b800 Exception <a 'java/lang/NoSuchFieldError': method resolution failed> (0x0000000719d8c570) thrown at [/HUDSON/workspace/8-2-build-linux-amd64/jdk8u201/12317/hotspot/src/share/vm/prims/methodHandles.cpp, line 1167]
Event: 0,087 Thread 0x00007fe38400b800 Exception <a 'java/lang/NoSuchFieldError': method resolution failed> (0x0000000719d99d70) thrown at [/HUDSON/workspace/8-2-build-linux-amd64/jdk8u201/12317/hotspot/src/share/vm/prims/methodHandles.cpp, line 1167]
Event: 0,103 Thread 0x00007fe38400b800 Exception <a 'java/io/FileNotFoundException'> (0x000000071a09a850) thrown at [/HUDSON/workspace/8-2-build-linux-amd64/jdk8u201/12317/hotspot/src/share/vm/prims/jni.cpp, line 709]
Event: 0,103 Thread 0x00007fe38400b800 Exception <a 'java/io/FileNotFoundException'> (0x000000071a09b338) thrown at [/HUDSON/workspace/8-2-build-linux-amd64/jdk8u201/12317/hotspot/src/share/vm/prims/jni.cpp, line 709]
Event: 0,577 Thread 0x00007fe38434e800 Exception <a 'java/lang/UnsupportedOperationException': > (0x000000071a8d3560) thrown at [/HUDSON/workspace/8-2-build-linux-amd64/jdk8u201/12317/hotspot/src/share/vm/prims/jni.cpp, line 735]
Event: 4,546 Thread 0x00007fe38434e800 Exception <a 'java/lang/UnsupportedOperationException': > (0x000000071c2327c8) thrown at [/HUDSON/workspace/8-2-build-linux-amd64/jdk8u201/12317/hotspot/src/share/vm/prims/jni.cpp, line 735]
Event: 4,934 Thread 0x00007fe38434e800 Exception <a 'java/lang/UnsupportedOperationException': > (0x000000071c236750) thrown at [/HUDSON/workspace/8-2-build-linux-amd64/jdk8u201/12317/hotspot/src/share/vm/prims/jni.cpp, line 735]
Event: 5,030 Thread 0x00007fe38434e800 Exception <a 'java/lang/UnsupportedOperationException': > (0x000000071c23ac30) thrown at [/HUDSON/workspace/8-2-build-linux-amd64/jdk8u201/12317/hotspot/src/share/vm/prims/jni.cpp, line 735]

Events (10 events):
Event: 36,409 Thread 0x00007fe38400b800 DEOPT UNPACKING pc=0x00007fe37504573a sp=0x00007fe38d08c2a0 mode 2
Event: 36,409 Thread 0x00007fe38400b800 Uncommon trap: trap_request=0xffffffd6 fr.pc=0x00007fe375841a48
Event: 36,409 Thread 0x00007fe38400b800 DEOPT PACKING pc=0x00007fe375841a48 sp=0x00007fe38d08c2c0
Event: 36,416 Thread 0x00007fe38400b800 DEOPT UNPACKING pc=0x00007fe37504573a sp=0x00007fe38d08c2a0 mode 2
Event: 36,417 Thread 0x00007fe38400b800 Uncommon trap: trap_request=0xffffffd6 fr.pc=0x00007fe375844c9c
Event: 36,417 Thread 0x00007fe38400b800 DEOPT PACKING pc=0x00007fe375844c9c sp=0x00007fe38d08c2c0
Event: 36,423 Thread 0x00007fe38400b800 DEOPT UNPACKING pc=0x00007fe37504573a sp=0x00007fe38d08c2a8 mode 2
Event: 36,424 Thread 0x00007fe38400b800 Uncommon trap: trap_request=0xffffffd6 fr.pc=0x00007fe375844c9c
Event: 36,424 Thread 0x00007fe38400b800 DEOPT PACKING pc=0x00007fe375844c9c sp=0x00007fe38d08c2c0
Event: 36,431 Thread 0x00007fe38400b800 DEOPT UNPACKING pc=0x00007fe37504573a sp=0x00007fe38d08c2a8 mode 2


Dynamic libraries:
00400000-00401000 r-xp 00000000 103:05 399591                            /usr/lib/jvm/java-8-oracle/bin/java
00600000-00601000 r--p 00000000 103:05 399591                            /usr/lib/jvm/java-8-oracle/bin/java
00601000-00602000 rw-p 00001000 103:05 399591                            /usr/lib/jvm/java-8-oracle/bin/java
014d6000-014f7000 rw-p 00000000 00:00 0                                  [heap]
5cd200000-61ed00000 rw-p 00000000 00:00 0 
61ed00000-719b80000 ---p 00000000 00:00 0 
719b80000-7c0000000 rw-p 00000000 00:00 0 
7c0000000-7c0180000 rw-p 00000000 00:00 0 
7c0180000-800000000 ---p 00000000 00:00 0 
7fe254000000-7fe257c01000 rw-p 00000000 00:00 0 
7fe257c01000-7fe258000000 ---p 00000000 00:00 0 
7fe25c000000-7fe25fc01000 rw-p 00000000 00:00 0 
7fe25fc01000-7fe260000000 ---p 00000000 00:00 0 
7fe2603fd000-7fe263ffe000 rw-p 00000000 00:00 0 
7fe278000000-7fe27feba000 rw-p 00000000 00:00 0 
7fe27feba000-7fe280000000 ---p 00000000 00:00 0 
7fe280000000-7fe288000000 rw-p 00000000 00:00 0 
7fe288000000-7fe290000000 rw-p 00000000 00:00 0 
7fe290000000-7fe298000000 rw-p 00000000 00:00 0 
7fe298000000-7fe29c000000 rw-p 00000000 00:00 0 
7fe29c3ff000-7fe2a0000000 rw-p 00000000 00:00 0 
7fe2a0000000-7fe2a3c02000 rw-p 00000000 00:00 0 
7fe2a3c02000-7fe2a4000000 ---p 00000000 00:00 0 
7fe2a43ff000-7fe2a8000000 rw-p 00000000 00:00 0 
7fe2a8000000-7fe2a8021000 rw-p 00000000 00:00 0 
7fe2a8021000-7fe2ac000000 ---p 00000000 00:00 0 
7fe2ac000000-7fe2afc01000 rw-p 00000000 00:00 0 
7fe2afc01000-7fe2b0000000 ---p 00000000 00:00 0 
7fe2b0000000-7fe2b0021000 rw-p 00000000 00:00 0 
7fe2b0021000-7fe2b4000000 ---p 00000000 00:00 0 
7fe2b4000000-7fe2b4021000 rw-p 00000000 00:00 0 
7fe2b4021000-7fe2b8000000 ---p 00000000 00:00 0 
7fe2b8000000-7fe2b8021000 rw-p 00000000 00:00 0 
7fe2b8021000-7fe2bc000000 ---p 00000000 00:00 0 
7fe2bc000000-7fe2bc021000 rw-p 00000000 00:00 0 
7fe2bc021000-7fe2c0000000 ---p 00000000 00:00 0 
7fe2c0000000-7fe2c0021000 rw-p 00000000 00:00 0 
7fe2c0021000-7fe2c4000000 ---p 00000000 00:00 0 
7fe2c4000000-7fe2c4021000 rw-p 00000000 00:00 0 
7fe2c4021000-7fe2c8000000 ---p 00000000 00:00 0 
7fe2c8000000-7fe2c8021000 rw-p 00000000 00:00 0 
7fe2c8021000-7fe2cc000000 ---p 00000000 00:00 0 
7fe2cc000000-7fe2cc021000 rw-p 00000000 00:00 0 
7fe2cc021000-7fe2d0000000 ---p 00000000 00:00 0 
7fe2d0000000-7fe2d0021000 rw-p 00000000 00:00 0 
7fe2d0021000-7fe2d4000000 ---p 00000000 00:00 0 
7fe2d4cad000-7fe2e2d74000 r-xp 00000000 103:05 1975135                   /home/fernandr/Programmes/Fiji.app/lib/linux64/libSimpleITKJava.so
7fe2e2d74000-7fe2e2f73000 ---p 0e0c7000 103:05 1975135                   /home/fernandr/Programmes/Fiji.app/lib/linux64/libSimpleITKJava.so
7fe2e2f73000-7fe2e3fe1000 rw-p 0e0c6000 103:05 1975135                   /home/fernandr/Programmes/Fiji.app/lib/linux64/libSimpleITKJava.so
7fe2e3fe1000-7fe2e4000000 rw-p 00000000 00:00 0 
7fe2e4000000-7fe2e4310000 rw-p 00000000 00:00 0 
7fe2e4310000-7fe2e8000000 ---p 00000000 00:00 0 
7fe2e8000000-7fe2e8021000 rw-p 00000000 00:00 0 
7fe2e8021000-7fe2ec000000 ---p 00000000 00:00 0 
7fe2ec000000-7fe2ec02d000 rw-p 00000000 00:00 0 
7fe2ec02d000-7fe2f0000000 ---p 00000000 00:00 0 
7fe2f0000000-7fe2f0021000 rw-p 00000000 00:00 0 
7fe2f0021000-7fe2f4000000 ---p 00000000 00:00 0 
7fe2f4000000-7fe2f4021000 rw-p 00000000 00:00 0 
7fe2f4021000-7fe2f8000000 ---p 00000000 00:00 0 
7fe2f8000000-7fe2f8021000 rw-p 00000000 00:00 0 
7fe2f8021000-7fe2fc000000 ---p 00000000 00:00 0 
7fe2fc000000-7fe2fd29d000 rw-p 00000000 00:00 0 
7fe2fd29d000-7fe300000000 ---p 00000000 00:00 0 
7fe300000000-7fe300021000 rw-p 00000000 00:00 0 
7fe300021000-7fe304000000 ---p 00000000 00:00 0 
7fe304000000-7fe30458f000 rw-p 00000000 00:00 0 
7fe30458f000-7fe308000000 ---p 00000000 00:00 0 
7fe308000000-7fe30b487000 rw-p 00000000 00:00 0 
7fe30b487000-7fe30c000000 ---p 00000000 00:00 0 
7fe30c000000-7fe30c021000 rw-p 00000000 00:00 0 
7fe30c021000-7fe310000000 ---p 00000000 00:00 0 
7fe310000000-7fe31061b000 rw-p 00000000 00:00 0 
7fe31061b000-7fe314000000 ---p 00000000 00:00 0 
7fe314000000-7fe314021000 rw-p 00000000 00:00 0 
7fe314021000-7fe318000000 ---p 00000000 00:00 0 
7fe318000000-7fe319298000 rw-p 00000000 00:00 0 
7fe319298000-7fe31c000000 ---p 00000000 00:00 0 
7fe31c000000-7fe31c3e6000 rw-p 00000000 00:00 0 
7fe31c3e6000-7fe320000000 ---p 00000000 00:00 0 
7fe320690000-7fe330000000 rw-p 00000000 00:00 0 
7fe330000000-7fe330021000 rw-p 00000000 00:00 0 
7fe330021000-7fe334000000 ---p 00000000 00:00 0 
7fe334000000-7fe334021000 rw-p 00000000 00:00 0 
7fe334021000-7fe338000000 ---p 00000000 00:00 0 
7fe338000000-7fe338021000 rw-p 00000000 00:00 0 
7fe338021000-7fe33c000000 ---p 00000000 00:00 0 
7fe33c3ff000-7fe340000000 rw-p 00000000 00:00 0 
7fe340000000-7fe340021000 rw-p 00000000 00:00 0 
7fe340021000-7fe344000000 ---p 00000000 00:00 0 
7fe3447fd000-7fe3447fe000 ---p 00000000 00:00 0 
7fe3447fe000-7fe344ffe000 rw-p 00000000 00:00 0 
7fe344ffe000-7fe344fff000 ---p 00000000 00:00 0 
7fe344fff000-7fe3457ff000 rw-p 00000000 00:00 0 
7fe348000000-7fe348021000 rw-p 00000000 00:00 0 
7fe348021000-7fe34c000000 ---p 00000000 00:00 0 
7fe34c3ff000-7fe350000000 rw-p 00000000 00:00 0 
7fe350000000-7fe350021000 rw-p 00000000 00:00 0 
7fe350021000-7fe354000000 ---p 00000000 00:00 0 
7fe358000000-7fe358021000 rw-p 00000000 00:00 0 
7fe358021000-7fe35c000000 ---p 00000000 00:00 0 
7fe35d3ce000-7fe35d3cf000 ---p 00000000 00:00 0 
7fe35d3cf000-7fe35dbcf000 rw-p 00000000 00:00 0 
7fe35dbcf000-7fe35dbd0000 ---p 00000000 00:00 0 
7fe35dbd0000-7fe35e3d0000 rw-p 00000000 00:00 0 
7fe35fbd3000-7fe35fd53000 rw-p 00000000 00:00 0 
7fe35fd53000-7fe35fdd3000 ---p 00000000 00:00 0 
7fe35fdd3000-7fe35fdfd000 r-xp 00000000 103:05 1319030                   /usr/lib/jvm/java-8-oracle/jre/lib/amd64/libdcpr.so
7fe35fdfd000-7fe35fffc000 ---p 0002a000 103:05 1319030                   /usr/lib/jvm/java-8-oracle/jre/lib/amd64/libdcpr.so
7fe35fffc000-7fe35fffd000 r--p 00029000 103:05 1319030                   /usr/lib/jvm/java-8-oracle/jre/lib/amd64/libdcpr.so
7fe35fffd000-7fe360000000 rw-p 0002a000 103:05 1319030                   /usr/lib/jvm/java-8-oracle/jre/lib/amd64/libdcpr.so
7fe360000000-7fe360021000 rw-p 00000000 00:00 0 
7fe360021000-7fe364000000 ---p 00000000 00:00 0 
7fe3641d0000-7fe3641db000 r--s 00000000 103:05 2754318                   /var/cache/fontconfig/945677eb7aeaf62f1d50efc3fb3ec7d8-le64.cache-7
7fe3641db000-7fe3641e0000 r--s 00000000 103:05 2754289                   /var/cache/fontconfig/2300eef321c393bfd76478a5c0e95b23-le64.cache-7
7fe3641e0000-7fe3641e1000 r--s 00000000 103:05 2754282                   /var/cache/fontconfig/0d8c3b2ac0904cb8a57a757ad11a4a08-le64.cache-7
7fe3641e1000-7fe3641e5000 r--s 00000000 103:05 2758608                   /var/cache/fontconfig/6d41288fd70b0be22e8c3a91e032eec0-le64.cache-7
7fe3641e5000-7fe3641fa000 r--s 00000000 103:05 2754278                   /var/cache/fontconfig/04aabc0a78ac019cf9454389977116d2-le64.cache-7
7fe3641fa000-7fe3641fb000 r--s 00000000 103:05 2754286                   /var/cache/fontconfig/1ac9eb803944fde146138c791f5cc56a-le64.cache-7
7fe3641fb000-7fe3641fc000 r--s 00000000 103:05 2754337                   /var/cache/fontconfig/dc05db6664285cc2f12bf69c139ae4c3-le64.cache-7
7fe3641fc000-7fe3641fe000 r--s 00000000 103:05 2754283                   /var/cache/fontconfig/14a5e22175779b556eaa434240950366-le64.cache-7
7fe3641fe000-7fe3641ff000 r--s 00000000 103:05 2754310                   /var/cache/fontconfig/660208299946a285a940457d1287da33-le64.cache-7
7fe3641ff000-7fe364201000 r--s 00000000 103:05 2754301                   /var/cache/fontconfig/4f3e3037c9980c83b53a9351efadef62-le64.cache-7
7fe364201000-7fe364203000 r--s 00000000 103:05 2754315                   /var/cache/fontconfig/767a8244fc0220cfb567a839d0392e0b-le64.cache-7
7fe364203000-7fe364205000 r--s 00000000 103:05 2759434                   /var/cache/fontconfig/0bd3dc0958fa2205aaaa8ebb13e2872b-le64.cache-7
7fe3643e1000-7fe3645e1000 rw-p 00000000 00:00 0 
7fe3645e2000-7fe3646e2000 rw-s 00000000 00:05 7634964                    /SYSV00000000 (deleted)
7fe3646e2000-7fe36474e000 r-xp 00000000 103:05 1319045                   /usr/lib/jvm/java-8-oracle/jre/lib/amd64/libt2k.so
7fe36474e000-7fe36494e000 ---p 0006c000 103:05 1319045                   /usr/lib/jvm/java-8-oracle/jre/lib/amd64/libt2k.so
7fe36494e000-7fe364954000 r--p 0006c000 103:05 1319045                   /usr/lib/jvm/java-8-oracle/jre/lib/amd64/libt2k.so
7fe364954000-7fe364955000 rw-p 00072000 103:05 1319045                   /usr/lib/jvm/java-8-oracle/jre/lib/amd64/libt2k.so
7fe364955000-7fe364966000 r-xp 00000000 103:05 1319086                   /usr/lib/jvm/java-8-oracle/jre/lib/amd64/libnio.so
7fe364966000-7fe364b65000 ---p 00011000 103:05 1319086                   /usr/lib/jvm/java-8-oracle/jre/lib/amd64/libnio.so
7fe364b65000-7fe364b66000 r--p 00010000 103:05 1319086                   /usr/lib/jvm/java-8-oracle/jre/lib/amd64/libnio.so
7fe364b66000-7fe364b67000 rw-p 00011000 103:05 1319086                   /usr/lib/jvm/java-8-oracle/jre/lib/amd64/libnio.so
7fe364b67000-7fe364b7d000 r-xp 00000000 103:05 1319083                   /usr/lib/jvm/java-8-oracle/jre/lib/amd64/libnet.so
7fe364b7d000-7fe364d7d000 ---p 00016000 103:05 1319083                   /usr/lib/jvm/java-8-oracle/jre/lib/amd64/libnet.so
7fe364d7d000-7fe364d7e000 r--p 00016000 103:05 1319083                   /usr/lib/jvm/java-8-oracle/jre/lib/amd64/libnet.so
7fe364d7e000-7fe364d7f000 rw-p 00017000 103:05 1319083                   /usr/lib/jvm/java-8-oracle/jre/lib/amd64/libnet.so
7fe364d7f000-7fe364d82000 ---p 00000000 00:00 0 
7fe364d82000-7fe364e80000 rw-p 00000000 00:00 0 
7fe364e80000-7fe364e83000 ---p 00000000 00:00 0 
7fe364e83000-7fe365181000 rw-p 00000000 00:00 0 
7fe365181000-7fe365184000 ---p 00000000 00:00 0 
7fe365184000-7fe365282000 rw-p 00000000 00:00 0 
7fe365282000-7fe365287000 r-xp 00000000 103:05 401423                    /usr/lib/x86_64-linux-gnu/libXfixes.so.3.1.0
7fe365287000-7fe365486000 ---p 00005000 103:05 401423                    /usr/lib/x86_64-linux-gnu/libXfixes.so.3.1.0
7fe365486000-7fe365487000 r--p 00004000 103:05 401423                    /usr/lib/x86_64-linux-gnu/libXfixes.so.3.1.0
7fe365487000-7fe365488000 rw-p 00005000 103:05 401423                    /usr/lib/x86_64-linux-gnu/libXfixes.so.3.1.0
7fe365488000-7fe365491000 r-xp 00000000 103:05 401415                    /usr/lib/x86_64-linux-gnu/libXcursor.so.1.0.2
7fe365491000-7fe365690000 ---p 00009000 103:05 401415                    /usr/lib/x86_64-linux-gnu/libXcursor.so.1.0.2
7fe365690000-7fe365691000 r--p 00008000 103:05 401415                    /usr/lib/x86_64-linux-gnu/libXcursor.so.1.0.2
7fe365691000-7fe365692000 rw-p 00009000 103:05 401415                    /usr/lib/x86_64-linux-gnu/libXcursor.so.1.0.2
7fe365692000-7fe365695000 ---p 00000000 00:00 0 
7fe365695000-7fe365793000 rw-p 00000000 00:00 0 
7fe365793000-7fe3657aa000 r-xp 00000000 103:05 3801177                   /lib/x86_64-linux-gnu/libgcc_s.so.1
7fe3657aa000-7fe3659a9000 ---p 00017000 103:05 3801177                   /lib/x86_64-linux-gnu/libgcc_s.so.1
7fe3659a9000-7fe3659aa000 r--p 00016000 103:05 3801177                   /lib/x86_64-linux-gnu/libgcc_s.so.1
7fe3659aa000-7fe3659ab000 rw-p 00017000 103:05 3801177                   /lib/x86_64-linux-gnu/libgcc_s.so.1
7fe3659ab000-7fe3659ac000 r--s 00000000 103:05 2755050                   /var/cache/fontconfig/4794a0821666d79190d59a36cb4f44b5-le64.cache-7
7fe3659ac000-7fe3659b1000 r--s 00000000 103:05 2754338                   /var/cache/fontconfig/def309198bfa603429122923fa2bb2d4-le64.cache-7
7fe3659b1000-7fe3659b2000 r--s 00000000 103:05 2754326                   /var/cache/fontconfig/b872e6e592da6075ffa4ab0a1fcc0c75-le64.cache-7
7fe3659b2000-7fe3659b3000 r--s 00000000 103:05 2754343                   /var/cache/fontconfig/f6d4eedfaab2589bde49f7a3ff831d22-le64.cache-7
7fe3659b3000-7fe3659b4000 r--s 00000000 103:05 2754308                   /var/cache/fontconfig/589f83ef4c36d296ce6e1c846f468f08-le64.cache-7
7fe3659b4000-7fe3659b5000 r--s 00000000 103:05 2754328                   /var/cache/fontconfig/bab58bb527bb656aaa9f116d68a48d89-le64.cache-7
7fe3659b5000-7fe3659b6000 r--s 00000000 103:05 2754287                   /var/cache/fontconfig/2171a34dccabdb6bcbbc728186263178-le64.cache-7
7fe3659b6000-7fe3659b7000 r--s 00000000 103:05 2754329                   /var/cache/fontconfig/c5c45a61289222e0d30b1a26ef4effbe-le64.cache-7
7fe3659b7000-7fe3659b8000 r--s 00000000 103:05 2754324                   /var/cache/fontconfig/aec30016f93e1b46d1a973dce0d74068-le64.cache-7
7fe3659b8000-7fe3659b9000 r--s 00000000 103:05 2754294                   /var/cache/fontconfig/3f589640d34b7dc9042c8d453f7c8b9c-le64.cache-7
7fe3659b9000-7fe3659ba000 r--s 00000000 103:05 2754284                   /var/cache/fontconfig/16c2fda60d1b4b719f4b3d06fd951d25-le64.cache-7
7fe3659ba000-7fe3659bb000 r--s 00000000 103:05 2754323                   /var/cache/fontconfig/a48eab177a16e4f3713381162db2f3e9-le64.cache-7
7fe3659bb000-7fe3659bc000 r--s 00000000 103:05 2754304                   /var/cache/fontconfig/564b2e68ac9bc4e36a6f7f6d6125ec1c-le64.cache-7
7fe3659bc000-7fe3659c1000 r--s 00000000 103:05 2754981                   /var/cache/fontconfig/9d2451b1fd30e5bffe8383fd27c35478-le64.cache-7
7fe3659c1000-7fe3659c7000 r--s 00000000 103:05 2759433                   /var/cache/fontconfig/3047814df9a2f067bd2d96a2b9c36e5a-le64.cache-7
7fe3659c7000-7fe3659cf000 r--s 00000000 103:05 2753774                   /var/cache/fontconfig/bf3b770c553c462765856025a94f1ce6-le64.cache-7
7fe3659cf000-7fe3659d0000 r--s 00000000 103:05 2754305                   /var/cache/fontconfig/56cf4f4769d0f4abc89a4895d7bd3ae1-le64.cache-7
7fe3659d0000-7fe3659d1000 r--s 00000000 103:05 2754327                   /var/cache/fontconfig/b9d506c9ac06c20b433354fa67a72993-le64.cache-7
7fe3659d1000-7fe365a2e000 r-xp 00000000 103:05 1319057                   /usr/lib/jvm/java-8-oracle/jre/lib/amd64/libfontmanager.so
7fe365a2e000-7fe365c2e000 ---p 0005d000 103:05 1319057                   /usr/lib/jvm/java-8-oracle/jre/lib/amd64/libfontmanager.so
7fe365c2e000-7fe365c31000 r--p 0005d000 103:05 1319057                   /usr/lib/jvm/java-8-oracle/jre/lib/amd64/libfontmanager.so
7fe365c31000-7fe365c32000 rw-p 00060000 103:05 1319057                   /usr/lib/jvm/java-8-oracle/jre/lib/amd64/libfontmanager.so
7fe365c32000-7fe365c45000 r-xp 00000000 103:05 3806054                   /lib/x86_64-linux-gnu/libbsd.so.0.8.7
7fe365c45000-7fe365e44000 ---p 00013000 103:05 3806054                   /lib/x86_64-linux-gnu/libbsd.so.0.8.7
7fe365e44000-7fe365e45000 r--p 00012000 103:05 3806054                   /lib/x86_64-linux-gnu/libbsd.so.0.8.7
7fe365e45000-7fe365e46000 rw-p 00013000 103:05 3806054                   /lib/x86_64-linux-gnu/libbsd.so.0.8.7
7fe365e46000-7fe365e47000 rw-p 00000000 00:00 0 
7fe365e47000-7fe365e4c000 r-xp 00000000 103:05 401419                    /usr/lib/x86_64-linux-gnu/libXdmcp.so.6.0.0
7fe365e4c000-7fe36604b000 ---p 00005000 103:05 401419                    /usr/lib/x86_64-linux-gnu/libXdmcp.so.6.0.0
7fe36604b000-7fe36604c000 r--p 00004000 103:05 401419                    /usr/lib/x86_64-linux-gnu/libXdmcp.so.6.0.0
7fe36604c000-7fe36604d000 rw-p 00005000 103:05 401419                    /usr/lib/x86_64-linux-gnu/libXdmcp.so.6.0.0
7fe36604d000-7fe36604f000 r-xp 00000000 103:05 401408                    /usr/lib/x86_64-linux-gnu/libXau.so.6.0.0
7fe36604f000-7fe36624f000 ---p 00002000 103:05 401408                    /usr/lib/x86_64-linux-gnu/libXau.so.6.0.0
7fe36624f000-7fe366250000 r--p 00002000 103:05 401408                    /usr/lib/x86_64-linux-gnu/libXau.so.6.0.0
7fe366250000-7fe366251000 rw-p 00003000 103:05 401408                    /usr/lib/x86_64-linux-gnu/libXau.so.6.0.0
7fe366251000-7fe366277000 r-xp 00000000 103:05 396084                    /usr/lib/x86_64-linux-gnu/libxcb.so.1.1.0
7fe366277000-7fe366477000 ---p 00026000 103:05 396084                    /usr/lib/x86_64-linux-gnu/libxcb.so.1.1.0
7fe366477000-7fe366478000 r--p 00026000 103:05 396084                    /usr/lib/x86_64-linux-gnu/libxcb.so.1.1.0
7fe366478000-7fe366479000 rw-p 00027000 103:05 396084                    /usr/lib/x86_64-linux-gnu/libxcb.so.1.1.0
7fe366479000-7fe366488000 r-xp 00000000 103:05 401429                    /usr/lib/x86_64-linux-gnu/libXi.so.6.1.0
7fe366488000-7fe366687000 ---p 0000f000 103:05 401429                    /usr/lib/x86_64-linux-gnu/libXi.so.6.1.0
7fe366687000-7fe366688000 r--p 0000e000 103:05 401429                    /usr/lib/x86_64-linux-gnu/libXi.so.6.1.0
7fe366688000-7fe366689000 rw-p 0000f000 103:05 401429                    /usr/lib/x86_64-linux-gnu/libXi.so.6.1.0
7fe366689000-7fe36668e000 r-xp 00000000 103:05 401447                    /usr/lib/x86_64-linux-gnu/libXtst.so.6.1.0
7fe36668e000-7fe36688d000 ---p 00005000 103:05 401447                    /usr/lib/x86_64-linux-gnu/libXtst.so.6.1.0
7fe36688d000-7fe36688e000 r--p 00004000 103:05 401447                    /usr/lib/x86_64-linux-gnu/libXtst.so.6.1.0
7fe36688e000-7fe36688f000 rw-p 00005000 103:05 401447                    /usr/lib/x86_64-linux-gnu/libXtst.so.6.1.0
7fe36688f000-7fe366898000 r-xp 00000000 103:05 401441                    /usr/lib/x86_64-linux-gnu/libXrender.so.1.3.0
7fe366898000-7fe366a97000 ---p 00009000 103:05 401441                    /usr/lib/x86_64-linux-gnu/libXrender.so.1.3.0
7fe366a97000-7fe366a98000 r--p 00008000 103:05 401441                    /usr/lib/x86_64-linux-gnu/libXrender.so.1.3.0
7fe366a98000-7fe366a99000 rw-p 00009000 103:05 401441                    /usr/lib/x86_64-linux-gnu/libXrender.so.1.3.0
7fe366a99000-7fe366bcc000 r-xp 00000000 103:05 400060                    /usr/lib/x86_64-linux-gnu/libX11.so.6.3.0
7fe366bcc000-7fe366dcc000 ---p 00133000 103:05 400060                    /usr/lib/x86_64-linux-gnu/libX11.so.6.3.0
7fe366dcc000-7fe366dcd000 r--p 00133000 103:05 400060                    /usr/lib/x86_64-linux-gnu/libX11.so.6.3.0
7fe366dcd000-7fe366dd1000 rw-p 00134000 103:05 400060                    /usr/lib/x86_64-linux-gnu/libX11.so.6.3.0
7fe366dd1000-7fe366de2000 r-xp 00000000 103:05 401421                    /usr/lib/x86_64-linux-gnu/libXext.so.6.4.0
7fe366de2000-7fe366fe1000 ---p 00011000 103:05 401421                    /usr/lib/x86_64-linux-gnu/libXext.so.6.4.0
7fe366fe1000-7fe366fe2000 r--p 00010000 103:05 401421                    /usr/lib/x86_64-linux-gnu/libXext.so.6.4.0
7fe366fe2000-7fe366fe3000 rw-p 00011000 103:05 401421                    /usr/lib/x86_64-linux-gnu/libXext.so.6.4.0
7fe366fe3000-7fe367009000 r--p 00000000 103:05 1182632                   /usr/share/locale-langpack/fr/LC_MESSAGES/libc.mo
7fe367009000-7fe36705c000 r-xp 00000000 103:05 1319090                   /usr/lib/jvm/java-8-oracle/jre/lib/amd64/libawt_xawt.so
7fe36705c000-7fe36725b000 ---p 00053000 103:05 1319090                   /usr/lib/jvm/java-8-oracle/jre/lib/amd64/libawt_xawt.so
7fe36725b000-7fe36725c000 r--p 00052000 103:05 1319090                   /usr/lib/jvm/java-8-oracle/jre/lib/amd64/libawt_xawt.so
7fe36725c000-7fe36725f000 rw-p 00053000 103:05 1319090                   /usr/lib/jvm/java-8-oracle/jre/lib/amd64/libawt_xawt.so
7fe36725f000-7fe367260000 rw-p 00000000 00:00 0 
7fe367260000-7fe367300000 r-xp 00000000 103:05 1319075                   /usr/lib/jvm/java-8-oracle/jre/lib/amd64/libawt.so
7fe367300000-7fe3674ff000 ---p 000a0000 103:05 1319075                   /usr/lib/jvm/java-8-oracle/jre/lib/amd64/libawt.so
7fe3674ff000-7fe367500000 r--p 0009f000 103:05 1319075                   /usr/lib/jvm/java-8-oracle/jre/lib/amd64/libawt.so
7fe367500000-7fe36750b000 rw-p 000a0000 103:05 1319075                   /usr/lib/jvm/java-8-oracle/jre/lib/amd64/libawt.so
7fe36750b000-7fe367530000 rw-p 00000000 00:00 0 
7fe367530000-7fe367531000 ---p 00000000 00:00 0 
7fe367531000-7fe367631000 rw-p 00000000 00:00 0 
7fe367631000-7fe368000000 r--p 00000000 103:05 400112                    /usr/lib/locale/locale-archive
7fe368000000-7fe368021000 rw-p 00000000 00:00 0 
7fe368021000-7fe36c000000 ---p 00000000 00:00 0 
7fe36c000000-7fe36c006000 r--s 00000000 103:05 2754325                   /var/cache/fontconfig/b47c4e1ecd0709278f4910c18777a504-le64.cache-7
7fe36c006000-7fe36c019000 r--s 00000000 103:05 2754334                   /var/cache/fontconfig/d52a8644073d54c13679302ca1180695-le64.cache-7
7fe36c019000-7fe36c01c000 ---p 00000000 00:00 0 
7fe36c01c000-7fe36c11a000 rw-p 00000000 00:00 0 
7fe36c11a000-7fe36c11b000 ---p 00000000 00:00 0 
7fe36c11b000-7fe36c11e000 ---p 00000000 00:00 0 
7fe36c11e000-7fe36c21b000 rw-p 00000000 00:00 0 
7fe36c21b000-7fe36c21c000 ---p 00000000 00:00 0 
7fe36c21c000-7fe36c21f000 ---p 00000000 00:00 0 
7fe36c21f000-7fe36c31c000 rw-p 00000000 00:00 0 
7fe36c31c000-7fe36c31d000 ---p 00000000 00:00 0 
7fe36c31d000-7fe36c320000 ---p 00000000 00:00 0 
7fe36c320000-7fe36c41d000 rw-p 00000000 00:00 0 
7fe36c41d000-7fe36c41e000 ---p 00000000 00:00 0 
7fe36c41e000-7fe36c421000 ---p 00000000 00:00 0 
7fe36c421000-7fe36c51e000 rw-p 00000000 00:00 0 
7fe36c51e000-7fe36c521000 ---p 00000000 00:00 0 
7fe36c521000-7fe36c61f000 rw-p 00000000 00:00 0 
7fe36c61f000-7fe36c622000 ---p 00000000 00:00 0 
7fe36c622000-7fe36c720000 rw-p 00000000 00:00 0 
7fe36c720000-7fe36c723000 ---p 00000000 00:00 0 
7fe36c723000-7fe36c821000 rw-p 00000000 00:00 0 
7fe36c821000-7fe36c822000 ---p 00000000 00:00 0 
7fe36c822000-7fe370000000 rw-p 00000000 00:00 0 
7fe370000000-7fe370021000 rw-p 00000000 00:00 0 
7fe370021000-7fe374000000 ---p 00000000 00:00 0 
7fe374000000-7fe374001000 r--s 00000000 103:05 2754292                   /var/cache/fontconfig/370e5b74bf5dafc30834de68e24a87a4-le64.cache-7
7fe374001000-7fe374002000 r--s 00000000 103:05 2754313                   /var/cache/fontconfig/6b2c5944714ca7831b25bed9e85cb5c8-le64.cache-7
7fe374002000-7fe374003000 r--s 00000000 103:05 2754333                   /var/cache/fontconfig/d5178ab6d91b49bf20a416737dcea9e8-le64.cache-7
7fe374003000-7fe374004000 r--s 00000000 103:05 2754303                   /var/cache/fontconfig/551ecf3b0e8b0bca0f25c0944f561853-le64.cache-7
7fe374004000-7fe374012000 r--s 00000000 103:05 2754320                   /var/cache/fontconfig/9b89f8e3dae116d678bbf48e5f21f69b-le64.cache-7
7fe374012000-7fe3743a6000 rw-p 00000000 00:00 0 
7fe3743a6000-7fe374580000 r--s 03d6f000 103:05 1319016                   /usr/lib/jvm/java-8-oracle/jre/lib/rt.jar
7fe374580000-7fe3745f6000 rw-p 00000000 00:00 0 
7fe3745f6000-7fe3745f7000 ---p 00000000 00:00 0 
7fe3745f7000-7fe3746f7000 rw-p 00000000 00:00 0 
7fe3746f7000-7fe3746f8000 ---p 00000000 00:00 0 
7fe3746f8000-7fe3747f8000 rw-p 00000000 00:00 0 
7fe3747f8000-7fe3747f9000 ---p 00000000 00:00 0 
7fe3747f9000-7fe3748f9000 rw-p 00000000 00:00 0 
7fe3748f9000-7fe3748fa000 ---p 00000000 00:00 0 
7fe3748fa000-7fe3749fa000 rw-p 00000000 00:00 0 
7fe3749fa000-7fe3749fb000 ---p 00000000 00:00 0 
7fe3749fb000-7fe374afb000 rw-p 00000000 00:00 0 
7fe374afb000-7fe374afc000 ---p 00000000 00:00 0 
7fe374afc000-7fe374bfc000 rw-p 00000000 00:00 0 
7fe374bfc000-7fe374bfd000 ---p 00000000 00:00 0 
7fe374bfd000-7fe374cfd000 rw-p 00000000 00:00 0 
7fe374cfd000-7fe374cfe000 ---p 00000000 00:00 0 
7fe374cfe000-7fe374dfe000 rw-p 00000000 00:00 0 
7fe374dfe000-7fe374dff000 ---p 00000000 00:00 0 
7fe374dff000-7fe374eff000 rw-p 00000000 00:00 0 
7fe374eff000-7fe374f00000 ---p 00000000 00:00 0 
7fe374f00000-7fe375000000 rw-p 00000000 00:00 0 
7fe375000000-7fe375880000 rwxp 00000000 00:00 0 
7fe375880000-7fe384000000 ---p 00000000 00:00 0 
7fe384000000-7fe387bab000 rw-p 00000000 00:00 0 
7fe387bab000-7fe388000000 ---p 00000000 00:00 0 
7fe388000000-7fe388003000 r--s 00000000 103:05 2754342                   /var/cache/fontconfig/f259c2cffa685e28062317905db73c4a-le64.cache-7
7fe388003000-7fe388005000 r--s 00000000 103:05 2754302                   /var/cache/fontconfig/550f3886151c940c12a5ed35f6a00586-le64.cache-7
7fe388005000-7fe388008000 r--s 00000000 103:05 2754311                   /var/cache/fontconfig/674d1711f2d1d2a09646eb0bdcadee49-le64.cache-7
7fe388008000-7fe388009000 r--s 00000000 103:05 2754295                   /var/cache/fontconfig/3f7329c5293ffd510edef78f73874cfd-le64.cache-7
7fe388009000-7fe38800d000 r--s 00000000 103:05 2754335                   /var/cache/fontconfig/d589a48862398ed80a3d6066f4f56f4c-le64.cache-7
7fe38800d000-7fe38801b000 r--s 00000000 103:05 2764616                   /var/cache/fontconfig/e13b20fdb08344e0e664864cc2ede53d-le64.cache-7
7fe38801b000-7fe388304000 rw-p 00000000 00:00 0 
7fe388304000-7fe388adb000 ---p 00000000 00:00 0 
7fe388adb000-7fe388d69000 rw-p 00000000 00:00 0 
7fe388d69000-7fe38953f000 ---p 00000000 00:00 0 
7fe38953f000-7fe389a72000 rw-p 00000000 00:00 0 
7fe389a72000-7fe389a95000 rw-p 00000000 00:00 0 
7fe389a95000-7fe389e33000 ---p 00000000 00:00 0 
7fe389e33000-7fe389e4e000 r-xp 00000000 103:05 1319079                   /usr/lib/jvm/java-8-oracle/jre/lib/amd64/libzip.so
7fe389e4e000-7fe38a04d000 ---p 0001b000 103:05 1319079                   /usr/lib/jvm/java-8-oracle/jre/lib/amd64/libzip.so
7fe38a04d000-7fe38a04e000 r--p 0001a000 103:05 1319079                   /usr/lib/jvm/java-8-oracle/jre/lib/amd64/libzip.so
7fe38a04e000-7fe38a04f000 rw-p 0001b000 103:05 1319079                   /usr/lib/jvm/java-8-oracle/jre/lib/amd64/libzip.so
7fe38a04f000-7fe38a05a000 r-xp 00000000 103:05 3806148                   /lib/x86_64-linux-gnu/libnss_files-2.27.so
7fe38a05a000-7fe38a259000 ---p 0000b000 103:05 3806148                   /lib/x86_64-linux-gnu/libnss_files-2.27.so
7fe38a259000-7fe38a25a000 r--p 0000a000 103:05 3806148                   /lib/x86_64-linux-gnu/libnss_files-2.27.so
7fe38a25a000-7fe38a25b000 rw-p 0000b000 103:05 3806148                   /lib/x86_64-linux-gnu/libnss_files-2.27.so
7fe38a25b000-7fe38a261000 rw-p 00000000 00:00 0 
7fe38a261000-7fe38a278000 r-xp 00000000 103:05 3806142                   /lib/x86_64-linux-gnu/libnsl-2.27.so
7fe38a278000-7fe38a477000 ---p 00017000 103:05 3806142                   /lib/x86_64-linux-gnu/libnsl-2.27.so
7fe38a477000-7fe38a478000 r--p 00016000 103:05 3806142                   /lib/x86_64-linux-gnu/libnsl-2.27.so
7fe38a478000-7fe38a479000 rw-p 00017000 103:05 3806142                   /lib/x86_64-linux-gnu/libnsl-2.27.so
7fe38a479000-7fe38a47b000 rw-p 00000000 00:00 0 
7fe38a47b000-7fe38a486000 r-xp 00000000 103:05 3806159                   /lib/x86_64-linux-gnu/libnss_nis-2.27.so
7fe38a486000-7fe38a685000 ---p 0000b000 103:05 3806159                   /lib/x86_64-linux-gnu/libnss_nis-2.27.so
7fe38a685000-7fe38a686000 r--p 0000a000 103:05 3806159                   /lib/x86_64-linux-gnu/libnss_nis-2.27.so
7fe38a686000-7fe38a687000 rw-p 0000b000 103:05 3806159                   /lib/x86_64-linux-gnu/libnss_nis-2.27.so
7fe38a687000-7fe38a68f000 r-xp 00000000 103:05 3806144                   /lib/x86_64-linux-gnu/libnss_compat-2.27.so
7fe38a68f000-7fe38a88f000 ---p 00008000 103:05 3806144                   /lib/x86_64-linux-gnu/libnss_compat-2.27.so
7fe38a88f000-7fe38a890000 r--p 00008000 103:05 3806144                   /lib/x86_64-linux-gnu/libnss_compat-2.27.so
7fe38a890000-7fe38a891000 rw-p 00009000 103:05 3806144                   /lib/x86_64-linux-gnu/libnss_compat-2.27.so
7fe38a891000-7fe38a8bd000 r-xp 00000000 103:05 1319071                   /usr/lib/jvm/java-8-oracle/jre/lib/amd64/libjava.so
7fe38a8bd000-7fe38aabd000 ---p 0002c000 103:05 1319071                   /usr/lib/jvm/java-8-oracle/jre/lib/amd64/libjava.so
7fe38aabd000-7fe38aabe000 r--p 0002c000 103:05 1319071                   /usr/lib/jvm/java-8-oracle/jre/lib/amd64/libjava.so
7fe38aabe000-7fe38aac0000 rw-p 0002d000 103:05 1319071                   /usr/lib/jvm/java-8-oracle/jre/lib/amd64/libjava.so
7fe38aac0000-7fe38aacd000 r-xp 00000000 103:05 1319077                   /usr/lib/jvm/java-8-oracle/jre/lib/amd64/libverify.so
7fe38aacd000-7fe38accc000 ---p 0000d000 103:05 1319077                   /usr/lib/jvm/java-8-oracle/jre/lib/amd64/libverify.so
7fe38accc000-7fe38acce000 r--p 0000c000 103:05 1319077                   /usr/lib/jvm/java-8-oracle/jre/lib/amd64/libverify.so
7fe38acce000-7fe38accf000 rw-p 0000e000 103:05 1319077                   /usr/lib/jvm/java-8-oracle/jre/lib/amd64/libverify.so
7fe38accf000-7fe38acd6000 r-xp 00000000 103:05 3806199                   /lib/x86_64-linux-gnu/librt-2.27.so
7fe38acd6000-7fe38aed5000 ---p 00007000 103:05 3806199                   /lib/x86_64-linux-gnu/librt-2.27.so
7fe38aed5000-7fe38aed6000 r--p 00006000 103:05 3806199                   /lib/x86_64-linux-gnu/librt-2.27.so
7fe38aed6000-7fe38aed7000 rw-p 00007000 103:05 3806199                   /lib/x86_64-linux-gnu/librt-2.27.so
7fe38aed7000-7fe38b074000 r-xp 00000000 103:05 3806121                   /lib/x86_64-linux-gnu/libm-2.27.so
7fe38b074000-7fe38b273000 ---p 0019d000 103:05 3806121                   /lib/x86_64-linux-gnu/libm-2.27.so
7fe38b273000-7fe38b274000 r--p 0019c000 103:05 3806121                   /lib/x86_64-linux-gnu/libm-2.27.so
7fe38b274000-7fe38b275000 rw-p 0019d000 103:05 3806121                   /lib/x86_64-linux-gnu/libm-2.27.so
7fe38b275000-7fe38bf5d000 r-xp 00000000 103:05 1581920                   /usr/lib/jvm/java-8-oracle/jre/lib/amd64/server/libjvm.so
7fe38bf5d000-7fe38c15c000 ---p 00ce8000 103:05 1581920                   /usr/lib/jvm/java-8-oracle/jre/lib/amd64/server/libjvm.so
7fe38c15c000-7fe38c1f2000 r--p 00ce7000 103:05 1581920                   /usr/lib/jvm/java-8-oracle/jre/lib/amd64/server/libjvm.so
7fe38c1f2000-7fe38c223000 rw-p 00d7d000 103:05 1581920                   /usr/lib/jvm/java-8-oracle/jre/lib/amd64/server/libjvm.so
7fe38c223000-7fe38c25e000 rw-p 00000000 00:00 0 
7fe38c25e000-7fe38c445000 r-xp 00000000 103:05 3806058                   /lib/x86_64-linux-gnu/libc-2.27.so
7fe38c445000-7fe38c645000 ---p 001e7000 103:05 3806058                   /lib/x86_64-linux-gnu/libc-2.27.so
7fe38c645000-7fe38c649000 r--p 001e7000 103:05 3806058                   /lib/x86_64-linux-gnu/libc-2.27.so
7fe38c649000-7fe38c64b000 rw-p 001eb000 103:05 3806058                   /lib/x86_64-linux-gnu/libc-2.27.so
7fe38c64b000-7fe38c64f000 rw-p 00000000 00:00 0 
7fe38c64f000-7fe38c652000 r-xp 00000000 103:05 3806081                   /lib/x86_64-linux-gnu/libdl-2.27.so
7fe38c652000-7fe38c851000 ---p 00003000 103:05 3806081                   /lib/x86_64-linux-gnu/libdl-2.27.so
7fe38c851000-7fe38c852000 r--p 00002000 103:05 3806081                   /lib/x86_64-linux-gnu/libdl-2.27.so
7fe38c852000-7fe38c853000 rw-p 00003000 103:05 3806081                   /lib/x86_64-linux-gnu/libdl-2.27.so
7fe38c853000-7fe38c86a000 r-xp 00000000 103:05 409197                    /usr/lib/jvm/java-8-oracle/lib/amd64/jli/libjli.so
7fe38c86a000-7fe38ca69000 ---p 00017000 103:05 409197                    /usr/lib/jvm/java-8-oracle/lib/amd64/jli/libjli.so
7fe38ca69000-7fe38ca6a000 r--p 00016000 103:05 409197                    /usr/lib/jvm/java-8-oracle/lib/amd64/jli/libjli.so
7fe38ca6a000-7fe38ca6b000 rw-p 00017000 103:05 409197                    /usr/lib/jvm/java-8-oracle/lib/amd64/jli/libjli.so
7fe38ca6b000-7fe38ca85000 r-xp 00000000 103:05 3806191                   /lib/x86_64-linux-gnu/libpthread-2.27.so
7fe38ca85000-7fe38cc84000 ---p 0001a000 103:05 3806191                   /lib/x86_64-linux-gnu/libpthread-2.27.so
7fe38cc84000-7fe38cc85000 r--p 00019000 103:05 3806191                   /lib/x86_64-linux-gnu/libpthread-2.27.so
7fe38cc85000-7fe38cc86000 rw-p 0001a000 103:05 3806191                   /lib/x86_64-linux-gnu/libpthread-2.27.so
7fe38cc86000-7fe38cc8a000 rw-p 00000000 00:00 0 
7fe38cc8a000-7fe38cc90000 r-xp 00000000 103:05 413404                    /usr/lib/x86_64-linux-gnu/libgtk3-nocsd.so.0
7fe38cc90000-7fe38ce8f000 ---p 00006000 103:05 413404                    /usr/lib/x86_64-linux-gnu/libgtk3-nocsd.so.0
7fe38ce8f000-7fe38ce90000 r--p 00005000 103:05 413404                    /usr/lib/x86_64-linux-gnu/libgtk3-nocsd.so.0
7fe38ce90000-7fe38ce91000 rw-p 00006000 103:05 413404                    /usr/lib/x86_64-linux-gnu/libgtk3-nocsd.so.0
7fe38ce91000-7fe38ceb8000 r-xp 00000000 103:05 3806030                   /lib/x86_64-linux-gnu/ld-2.27.so
7fe38ceb8000-7fe38ceb9000 r--s 00000000 103:05 2754281                   /var/cache/fontconfig/0c9eb80ebd1c36541ebe2852d3bb0c49-le64.cache-7
7fe38ceb9000-7fe38ceba000 r--s 00000000 103:05 2754288                   /var/cache/fontconfig/22368d551a680bfe5a62c02760edf4ea-le64.cache-7
7fe38ceba000-7fe38cebb000 r--s 00000000 103:05 2754300                   /var/cache/fontconfig/4d9c95eba1cb85bbcf2878543262124a-le64.cache-7
7fe38cebb000-7fe38cebc000 r--s 00000000 103:05 2754317                   /var/cache/fontconfig/85e0a52ce643a7ba2ae53e5d6949cead-le64.cache-7
7fe38cebc000-7fe38cebd000 r--s 00000000 103:05 2754297                   /var/cache/fontconfig/49f0de54bdd920fe4f0dfd4cbac43e6b-le64.cache-7
7fe38cebd000-7fe38cebe000 r--s 00000000 103:05 2754344                   /var/cache/fontconfig/f6e6e0a5c3d2f6ae0c0c2e0ecd42a997-le64.cache-7
7fe38cebe000-7fe38cebf000 r--s 00000000 103:05 2754298                   /var/cache/fontconfig/4b2eda6bb976bda485cb2176619421d5-le64.cache-7
7fe38cebf000-7fe38cec9000 r--s 00226000 103:05 1984601                   /home/fernandr/.m2/repository/net/imagej/ij/1.52k/ij-1.52k.jar
7fe38cec9000-7fe38cf8d000 rw-p 00000000 00:00 0 
7fe38cf8d000-7fe38cf8e000 ---p 00000000 00:00 0 
7fe38cf8e000-7fe38cf91000 ---p 00000000 00:00 0 
7fe38cf91000-7fe38d092000 rw-p 00000000 00:00 0 
7fe38d092000-7fe38d094000 r--s 00000000 103:05 2754312                   /var/cache/fontconfig/6afa1bb216ce958c1589e297e8008489-le64.cache-7
7fe38d094000-7fe38d09b000 r--s 00000000 103:05 657616                    /usr/lib/x86_64-linux-gnu/gconv/gconv-modules.cache
7fe38d09b000-7fe38d0a2000 r--s 00095000 103:05 2028044                   /home/fernandr/Programmes/LIB_EXT/JAR/VIB-lib-2.1.2.jar
7fe38d0a2000-7fe38d0ad000 r--s 00093000 103:05 1983880                   /home/fernandr/Programmes/LIB_EXT/JAR/simpleitk-1.2.0.jar
7fe38d0ad000-7fe38d0ae000 r--s 00005000 103:05 3411772                   /home/fernandr/eclipse-workspace/MyIJPlugs/vitimage/target/lib/ext/lma.jar
7fe38d0ae000-7fe38d0b6000 rw-s 00000000 103:05 2884091                   /tmp/hsperfdata_fernandr/13785
7fe38d0b6000-7fe38d0b7000 rw-p 00000000 00:00 0 
7fe38d0b7000-7fe38d0b8000 r--p 00000000 00:00 0 
7fe38d0b8000-7fe38d0b9000 r--p 00027000 103:05 3806030                   /lib/x86_64-linux-gnu/ld-2.27.so
7fe38d0b9000-7fe38d0ba000 rw-p 00028000 103:05 3806030                   /lib/x86_64-linux-gnu/ld-2.27.so
7fe38d0ba000-7fe38d0bb000 rw-p 00000000 00:00 0 
7fff2eaa1000-7fff2eac2000 rw-p 00000000 00:00 0                          [stack]
7fff2ebde000-7fff2ebe1000 r--p 00000000 00:00 0                          [vvar]
7fff2ebe1000-7fff2ebe3000 r-xp 00000000 00:00 0                          [vdso]
ffffffffff600000-ffffffffff601000 r-xp 00000000 00:00 0                  [vsyscall]

VM Arguments:
jvm_args: -Djava.library.path=/home/fernandr/Programmes/Fiji.app/lib/linux64 -Dfile.encoding=UTF-8 
java_command: com.vitimage.BlockMatchingRegistration
java_class_path (initial): /home/fernandr/eclipse-workspace/MyIJPlugs/vitimage/target/lib/ext/lma.jar:/home/fernandr/eclipse-workspace/MyIJPlugs/vitimage/target/classes:/home/fernandr/Programmes/LIB_EXT/JAR/simpleitk-1.2.0.jar:/home/fernandr/Programmes/LIB_EXT/JAR/VIB-lib-2.1.2.jar:/home/fernandr/.m2/repository/net/imagej/ij/1.52k/ij-1.52k.jar:/usr/lib/jvm/java-8-oracle/lib/tools.jar:/home/fernandr/.m2/repository/sc/fiji/imagescience/3.0.0/imagescience-3.0.0.jar:/home/fernandr/.m2/repository/sc/fiji/Image_5D/1.2.6/Image_5D-1.2.6.jar:/home/fernandr/.m2/repository/sc/fiji/VIB-lib/2.1.2/VIB-lib-2.1.2.jar:/home/fernandr/.m2/repository/sc/fiji/pal-optimization/2.0.0/pal-optimization-2.0.0.jar:/home/fernandr/.m2/repository/gov/nist/math/jama/1.0.3/jama-1.0.3.jar
Launcher Type: SUN_STANDARD

Environment Variables:
JAVA_HOME=/usr/lib/jvm/java-8-oracle
PATH=/usr/local/sbin:/usr/local/bin:/usr/sbin:/usr/bin:/sbin:/bin:/usr/games:/usr/local/games:/home/fernandr/Programmes/ImageJ:/home/fernandr/Programmes/Fiji.app:/snap/bin:/usr/lib/jvm/java-8-oracle/bin:/usr/lib/jvm/java-8-oracle/db/bin:/usr/lib/jvm/java-8-oracle/jre/bin
USERNAME=fernandr
LD_PRELOAD=libgtk3-nocsd.so.0
SHELL=/bin/bash
DISPLAY=:0

Signal Handlers:
SIGSEGV: [libjvm.so+0xad3e60], sa_mask[0]=11111111011111111101111111111110, sa_flags=SA_RESTART|SA_SIGINFO
SIGBUS: [libjvm.so+0xad3e60], sa_mask[0]=11111111011111111101111111111110, sa_flags=SA_RESTART|SA_SIGINFO
SIGFPE: [libjvm.so+0x90b880], sa_mask[0]=11111111011111111101111111111110, sa_flags=SA_RESTART|SA_SIGINFO
SIGPIPE: [libjvm.so+0x90b880], sa_mask[0]=11111111011111111101111111111110, sa_flags=SA_RESTART|SA_SIGINFO
SIGXFSZ: [libjvm.so+0x90b880], sa_mask[0]=11111111011111111101111111111110, sa_flags=SA_RESTART|SA_SIGINFO
SIGILL: [libjvm.so+0x90b880], sa_mask[0]=11111111011111111101111111111110, sa_flags=SA_RESTART|SA_SIGINFO
SIGUSR1: SIG_DFL, sa_mask[0]=00000000000000000000000000000000, sa_flags=none
SIGUSR2: [libjvm.so+0x90b750], sa_mask[0]=00100000000000000000000000000000, sa_flags=SA_RESTART|SA_SIGINFO
SIGHUP: [libjvm.so+0x90bd70], sa_mask[0]=11111111011111111101111111111110, sa_flags=SA_RESTART|SA_SIGINFO
SIGINT: [libjvm.so+0x90bd70], sa_mask[0]=11111111011111111101111111111110, sa_flags=SA_RESTART|SA_SIGINFO
SIGTERM: [libjvm.so+0x90bd70], sa_mask[0]=11111111011111111101111111111110, sa_flags=SA_RESTART|SA_SIGINFO
SIGQUIT: [libjvm.so+0x90bd70], sa_mask[0]=11111111011111111101111111111110, sa_flags=SA_RESTART|SA_SIGINFO


---------------  S Y S T E M  ---------------

OS:DISTRIB_ID=Ubuntu
DISTRIB_RELEASE=18.04
DISTRIB_CODENAME=bionic
DISTRIB_DESCRIPTION="Ubuntu 18.04.2 LTS"

uname:Linux 4.15.0-47-generic #50-Ubuntu SMP Wed Mar 13 10:44:52 UTC 2019 x86_64
libc:glibc 2.27 NPTL 2.27 
rlimit: STACK 8192k, CORE 0k, NPROC 127341, NOFILE 4096, AS infinity
load average:2,23 2,27 2,11

/proc/meminfo:
MemTotal:       32693780 kB
MemFree:        20903828 kB
MemAvailable:   23688724 kB
Buffers:          853036 kB
Cached:          2404992 kB
SwapCached:            0 kB
Active:          9124900 kB
Inactive:        1988540 kB
Active(anon):    7863508 kB
Inactive(anon):   225764 kB
Active(file):    1261392 kB
Inactive(file):  1762776 kB
Unevictable:       13580 kB
Mlocked:           13580 kB
SwapTotal:      19530748 kB
SwapFree:       19530748 kB
Dirty:                32 kB
Writeback:             0 kB
AnonPages:       7869048 kB
Mapped:           838064 kB
Shmem:            229340 kB
Slab:             330600 kB
SReclaimable:     232412 kB
SUnreclaim:        98188 kB
KernelStack:       20576 kB
PageTables:        76800 kB
NFS_Unstable:          0 kB
Bounce:                0 kB
WritebackTmp:          0 kB
CommitLimit:    35877636 kB
Committed_AS:   15420004 kB
VmallocTotal:   34359738367 kB
VmallocUsed:           0 kB
VmallocChunk:          0 kB
HardwareCorrupted:     0 kB
AnonHugePages:         0 kB
ShmemHugePages:        0 kB
ShmemPmdMapped:        0 kB
CmaTotal:              0 kB
CmaFree:               0 kB
HugePages_Total:       0
HugePages_Free:        0
HugePages_Rsvd:        0
HugePages_Surp:        0
Hugepagesize:       2048 kB
DirectMap4k:      543228 kB
DirectMap2M:    23328768 kB
DirectMap1G:    10485760 kB

container (cgroup) information:
container_type: cgroupv1
cpu_cpuset_cpus: 0-11
cpu_memory_nodes: 0
active_processor_count: 12
cpu_quota: -1
cpu_period: 100000
cpu_shares: -1
memory_limit_in_bytes: -1
memory_and_swap_limit_in_bytes: -2
memory_soft_limit_in_bytes: -1
memory_usage_in_bytes: 11394498560
memory_max_usage_in_bytes: 0


CPU:total 12 (initial active 12) (6 cores per cpu, 2 threads per core) family 6 model 158 stepping 10, cmov, cx8, fxsr, mmx, sse, sse2, sse3, ssse3, sse4.1, sse4.2, popcnt, avx, avx2, aes, clmul, erms, rtm, 3dnowpref, lzcnt, ht, tsc, tscinvbit, bmi1, bmi2, adx

/proc/cpuinfo:
processor	: 0
vendor_id	: GenuineIntel
cpu family	: 6
model		: 158
model name	: Intel(R) Xeon(R) E-2186M  CPU @ 2.90GHz
stepping	: 10
microcode	: 0x96
cpu MHz		: 4384.794
cache size	: 12288 KB
physical id	: 0
siblings	: 12
core id		: 0
cpu cores	: 6
apicid		: 0
initial apicid	: 0
fpu		: yes
fpu_exception	: yes
cpuid level	: 22
wp		: yes
flags		: fpu vme de pse tsc msr pae mce cx8 apic sep mtrr pge mca cmov pat pse36 clflush dts acpi mmx fxsr sse sse2 ss ht tm pbe syscall nx pdpe1gb rdtscp lm constant_tsc art arch_perfmon pebs bts rep_good nopl xtopology nonstop_tsc cpuid aperfmperf tsc_known_freq pni pclmulqdq dtes64 monitor ds_cpl vmx smx est tm2 ssse3 sdbg fma cx16 xtpr pdcm pcid sse4_1 sse4_2 x2apic movbe popcnt tsc_deadline_timer aes xsave avx f16c rdrand lahf_lm abm 3dnowprefetch cpuid_fault epb invpcid_single pti ssbd ibrs ibpb stibp tpr_shadow vnmi flexpriority ept vpid fsgsbase tsc_adjust bmi1 hle avx2 smep bmi2 erms invpcid rtm mpx rdseed adx smap clflushopt intel_pt xsaveopt xsavec xgetbv1 xsaves dtherm ida arat pln pts hwp hwp_notify hwp_act_window hwp_epp flush_l1d
bugs		: cpu_meltdown spectre_v1 spectre_v2 spec_store_bypass l1tf
bogomips	: 5808.00
clflush size	: 64
cache_alignment	: 64
address sizes	: 39 bits physical, 48 bits virtual
power management:

processor	: 1
vendor_id	: GenuineIntel
cpu family	: 6
model		: 158
model name	: Intel(R) Xeon(R) E-2186M  CPU @ 2.90GHz
stepping	: 10
microcode	: 0x96
cpu MHz		: 4026.639
cache size	: 12288 KB
physical id	: 0
siblings	: 12
core id		: 1
cpu cores	: 6
apicid		: 2
initial apicid	: 2
fpu		: yes
fpu_exception	: yes
cpuid level	: 22
wp		: yes
flags		: fpu vme de pse tsc msr pae mce cx8 apic sep mtrr pge mca cmov pat pse36 clflush dts acpi mmx fxsr sse sse2 ss ht tm pbe syscall nx pdpe1gb rdtscp lm constant_tsc art arch_perfmon pebs bts rep_good nopl xtopology nonstop_tsc cpuid aperfmperf tsc_known_freq pni pclmulqdq dtes64 monitor ds_cpl vmx smx est tm2 ssse3 sdbg fma cx16 xtpr pdcm pcid sse4_1 sse4_2 x2apic movbe popcnt tsc_deadline_timer aes xsave avx f16c rdrand lahf_lm abm 3dnowprefetch cpuid_fault epb invpcid_single pti ssbd ibrs ibpb stibp tpr_shadow vnmi flexpriority ept vpid fsgsbase tsc_adjust bmi1 hle avx2 smep bmi2 erms invpcid rtm mpx rdseed adx smap clflushopt intel_pt xsaveopt xsavec xgetbv1 xsaves dtherm ida arat pln pts hwp hwp_notify hwp_act_window hwp_epp flush_l1d
bugs		: cpu_meltdown spectre_v1 spectre_v2 spec_store_bypass l1tf
bogomips	: 5808.00
clflush size	: 64
cache_alignment	: 64
address sizes	: 39 bits physical, 48 bits virtual
power management:

processor	: 2
vendor_id	: GenuineIntel
cpu family	: 6
model		: 158
model name	: Intel(R) Xeon(R) E-2186M  CPU @ 2.90GHz
stepping	: 10
microcode	: 0x96
cpu MHz		: 4397.405
cache size	: 12288 KB
physical id	: 0
siblings	: 12
core id		: 2
cpu cores	: 6
apicid		: 4
initial apicid	: 4
fpu		: yes
fpu_exception	: yes
cpuid level	: 22
wp		: yes
flags		: fpu vme de pse tsc msr pae mce cx8 apic sep mtrr pge mca cmov pat pse36 clflush dts acpi mmx fxsr sse sse2 ss ht tm pbe syscall nx pdpe1gb rdtscp lm constant_tsc art arch_perfmon pebs bts rep_good nopl xtopology nonstop_tsc cpuid aperfmperf tsc_known_freq pni pclmulqdq dtes64 monitor ds_cpl vmx smx est tm2 ssse3 sdbg fma cx16 xtpr pdcm pcid sse4_1 sse4_2 x2apic movbe popcnt tsc_deadline_timer aes xsave avx f16c rdrand lahf_lm abm 3dnowprefetch cpuid_fault epb invpcid_single pti ssbd ibrs ibpb stibp tpr_shadow vnmi flexpriority ept vpid fsgsbase tsc_adjust bmi1 hle avx2 smep bmi2 erms invpcid rtm mpx rdseed adx smap clflushopt intel_pt xsaveopt xsavec xgetbv1 xsaves dtherm ida arat pln pts hwp hwp_notify hwp_act_window hwp_epp flush_l1d
bugs		: cpu_meltdown spectre_v1 spectre_v2 spec_store_bypass l1tf
bogomips	: 5808.00
clflush size	: 64
cache_alignment	: 64
address sizes	: 39 bits physical, 48 bits virtual
power management:

processor	: 3
vendor_id	: GenuineIntel
cpu family	: 6
model		: 158
model name	: Intel(R) Xeon(R) E-2186M  CPU @ 2.90GHz
stepping	: 10
microcode	: 0x96
cpu MHz		: 4394.353
cache size	: 12288 KB
physical id	: 0
siblings	: 12
core id		: 3
cpu cores	: 6
apicid		: 6
initial apicid	: 6
fpu		: yes
fpu_exception	: yes
cpuid level	: 22
wp		: yes
flags		: fpu vme de pse tsc msr pae mce cx8 apic sep mtrr pge mca cmov pat pse36 clflush dts acpi mmx fxsr sse sse2 ss ht tm pbe syscall nx pdpe1gb rdtscp lm constant_tsc art arch_perfmon pebs bts rep_good nopl xtopology nonstop_tsc cpuid aperfmperf tsc_known_freq pni pclmulqdq dtes64 monitor ds_cpl vmx smx est tm2 ssse3 sdbg fma cx16 xtpr pdcm pcid sse4_1 sse4_2 x2apic movbe popcnt tsc_deadline_timer aes xsave avx f16c rdrand lahf_lm abm 3dnowprefetch cpuid_fault epb invpcid_single pti ssbd ibrs ibpb stibp tpr_shadow vnmi flexpriority ept vpid fsgsbase tsc_adjust bmi1 hle avx2 smep bmi2 erms invpcid rtm mpx rdseed adx smap clflushopt intel_pt xsaveopt xsavec xgetbv1 xsaves dtherm ida arat pln pts hwp hwp_notify hwp_act_window hwp_epp flush_l1d
bugs		: cpu_meltdown spectre_v1 spectre_v2 spec_store_bypass l1tf
bogomips	: 5808.00
clflush size	: 64
cache_alignment	: 64
address sizes	: 39 bits physical, 48 bits virtual
power management:

processor	: 4
vendor_id	: GenuineIntel
cpu family	: 6
model		: 158
model name	: Intel(R) Xeon(R) E-2186M  CPU @ 2.90GHz
stepping	: 10
microcode	: 0x96
cpu MHz		: 4392.878
cache size	: 12288 KB
physical id	: 0
siblings	: 12
core id		: 4
cpu cores	: 6
apicid		: 8
initial apicid	: 8
fpu		: yes
fpu_exception	: yes
cpuid level	: 22
wp		: yes
flags		: fpu vme de pse tsc msr pae mce cx8 apic sep mtrr pge mca cmov pat pse36 clflush dts acpi mmx fxsr sse sse2 ss ht tm pbe syscall nx pdpe1gb rdtscp lm constant_tsc art arch_perfmon pebs bts rep_good nopl xtopology nonstop_tsc cpuid aperfmperf tsc_known_freq pni pclmulqdq dtes64 monitor ds_cpl vmx smx est tm2 ssse3 sdbg fma cx16 xtpr pdcm pcid sse4_1 sse4_2 x2apic movbe popcnt tsc_deadline_timer aes xsave avx f16c rdrand lahf_lm abm 3dnowprefetch cpuid_fault epb invpcid_single pti ssbd ibrs ibpb stibp tpr_shadow vnmi flexpriority ept vpid fsgsbase tsc_adjust bmi1 hle avx2 smep bmi2 erms invpcid rtm mpx rdseed adx smap clflushopt intel_pt xsaveopt xsavec xgetbv1 xsaves dtherm ida arat pln pts hwp hwp_notify hwp_act_window hwp_epp flush_l1d
bugs		: cpu_meltdown spectre_v1 spectre_v2 spec_store_bypass l1tf
bogomips	: 5808.00
clflush size	: 64
cache_alignment	: 64
address sizes	: 39 bits physical, 48 bits virtual
power management:

processor	: 5
vendor_id	: GenuineIntel
cpu family	: 6
model		: 158
model name	: Intel(R) Xeon(R) E-2186M  CPU @ 2.90GHz
stepping	: 10
microcode	: 0x96
cpu MHz		: 4356.615
cache size	: 12288 KB
physical id	: 0
siblings	: 12
core id		: 5
cpu cores	: 6
apicid		: 10
initial apicid	: 10
fpu		: yes
fpu_exception	: yes
cpuid level	: 22
wp		: yes
flags		: fpu vme de pse tsc msr pae mce cx8 apic sep mtrr pge mca cmov pat pse36 clflush dts acpi mmx fxsr sse sse2 ss ht tm pbe syscall nx pdpe1gb rdtscp lm constant_tsc art arch_perfmon pebs bts rep_good nopl xtopology nonstop_tsc cpuid aperfmperf tsc_known_freq pni pclmulqdq dtes64 monitor ds_cpl vmx smx est tm2 ssse3 sdbg fma cx16 xtpr pdcm pcid sse4_1 sse4_2 x2apic movbe popcnt tsc_deadline_timer aes xsave avx f16c rdrand lahf_lm abm 3dnowprefetch cpuid_fault epb invpcid_single pti ssbd ibrs ibpb stibp tpr_shadow vnmi flexpriority ept vpid fsgsbase tsc_adjust bmi1 hle avx2 smep bmi2 erms invpcid rtm mpx rdseed adx smap clflushopt intel_pt xsaveopt xsavec xgetbv1 xsaves dtherm ida arat pln pts hwp hwp_notify hwp_act_window hwp_epp flush_l1d
bugs		: cpu_meltdown spectre_v1 spectre_v2 spec_store_bypass l1tf
bogomips	: 5808.00
clflush size	: 64
cache_alignment	: 64
address sizes	: 39 bits physical, 48 bits virtual
power management:

processor	: 6
vendor_id	: GenuineIntel
cpu family	: 6
model		: 158
model name	: Intel(R) Xeon(R) E-2186M  CPU @ 2.90GHz
stepping	: 10
microcode	: 0x96
cpu MHz		: 4020.704
cache size	: 12288 KB
physical id	: 0
siblings	: 12
core id		: 0
cpu cores	: 6
apicid		: 1
initial apicid	: 1
fpu		: yes
fpu_exception	: yes
cpuid level	: 22
wp		: yes
flags		: fpu vme de pse tsc msr pae mce cx8 apic sep mtrr pge mca cmov pat pse36 clflush dts acpi mmx fxsr sse sse2 ss ht tm pbe syscall nx pdpe1gb rdtscp lm constant_tsc art arch_perfmon pebs bts rep_good nopl xtopology nonstop_tsc cpuid aperfmperf tsc_known_freq pni pclmulqdq dtes64 monitor ds_cpl vmx smx est tm2 ssse3 sdbg fma cx16 xtpr pdcm pcid sse4_1 sse4_2 x2apic movbe popcnt tsc_deadline_timer aes xsave avx f16c rdrand lahf_lm abm 3dnowprefetch cpuid_fault epb invpcid_single pti ssbd ibrs ibpb stibp tpr_shadow vnmi flexpriority ept vpid fsgsbase tsc_adjust bmi1 hle avx2 smep bmi2 erms invpcid rtm mpx rdseed adx smap clflushopt intel_pt xsaveopt xsavec xgetbv1 xsaves dtherm ida arat pln pts hwp hwp_notify hwp_act_window hwp_epp flush_l1d
bugs		: cpu_meltdown spectre_v1 spectre_v2 spec_store_bypass l1tf
bogomips	: 5808.00
clflush size	: 64
cache_alignment	: 64
address sizes	: 39 bits physical, 48 bits virtual
power management:

processor	: 7
vendor_id	: GenuineIntel
cpu family	: 6
model		: 158
model name	: Intel(R) Xeon(R) E-2186M  CPU @ 2.90GHz
stepping	: 10
microcode	: 0x96
cpu MHz		: 4322.103
cache size	: 12288 KB
physical id	: 0
siblings	: 12
core id		: 1
cpu cores	: 6
apicid		: 3
initial apicid	: 3
fpu		: yes
fpu_exception	: yes
cpuid level	: 22
wp		: yes
flags		: fpu vme de pse tsc msr pae mce cx8 apic sep mtrr pge mca cmov pat pse36 clflush dts acpi mmx fxsr sse sse2 ss ht tm pbe syscall nx pdpe1gb rdtscp lm constant_tsc art arch_perfmon pebs bts rep_good nopl xtopology nonstop_tsc cpuid aperfmperf tsc_known_freq pni pclmulqdq dtes64 monitor ds_cpl vmx smx est tm2 ssse3 sdbg fma cx16 xtpr pdcm pcid sse4_1 sse4_2 x2apic movbe popcnt tsc_deadline_timer aes xsave avx f16c rdrand lahf_lm abm 3dnowprefetch cpuid_fault epb invpcid_single pti ssbd ibrs ibpb stibp tpr_shadow vnmi flexpriority ept vpid fsgsbase tsc_adjust bmi1 hle avx2 smep bmi2 erms invpcid rtm mpx rdseed adx smap clflushopt intel_pt xsaveopt xsavec xgetbv1 xsaves dtherm ida arat pln pts hwp hwp_notify hwp_act_window hwp_epp flush_l1d
bugs		: cpu_meltdown spectre_v1 spectre_v2 spec_store_bypass l1tf
bogomips	: 5808.00
clflush size	: 64
cache_alignment	: 64
address sizes	: 39 bits physical, 48 bits virtual
power management:

processor	: 8
vendor_id	: GenuineIntel
cpu family	: 6
model		: 158
model name	: Intel(R) Xeon(R) E-2186M  CPU @ 2.90GHz
stepping	: 10
microcode	: 0x96
cpu MHz		: 4393.921
cache size	: 12288 KB
physical id	: 0
siblings	: 12
core id		: 2
cpu cores	: 6
apicid		: 5
initial apicid	: 5
fpu		: yes
fpu_exception	: yes
cpuid level	: 22
wp		: yes
flags		: fpu vme de pse tsc msr pae mce cx8 apic sep mtrr pge mca cmov pat pse36 clflush dts acpi mmx fxsr sse sse2 ss ht tm pbe syscall nx pdpe1gb rdtscp lm constant_tsc art arch_perfmon pebs bts rep_good nopl xtopology nonstop_tsc cpuid aperfmperf tsc_known_freq pni pclmulqdq dtes64 monitor ds_cpl vmx smx est tm2 ssse3 sdbg fma cx16 xtpr pdcm pcid sse4_1 sse4_2 x2apic movbe popcnt tsc_deadline_timer aes xsave avx f16c rdrand lahf_lm abm 3dnowprefetch cpuid_fault epb invpcid_single pti ssbd ibrs ibpb stibp tpr_shadow vnmi flexpriority ept vpid fsgsbase tsc_adjust bmi1 hle avx2 smep bmi2 erms invpcid rtm mpx rdseed adx smap clflushopt intel_pt xsaveopt xsavec xgetbv1 xsaves dtherm ida arat pln pts hwp hwp_notify hwp_act_window hwp_epp flush_l1d
bugs		: cpu_meltdown spectre_v1 spectre_v2 spec_store_bypass l1tf
bogomips	: 5808.00
clflush size	: 64
cache_alignment	: 64
address sizes	: 39 bits physical, 48 bits virtual
power management:

processor	: 9
vendor_id	: GenuineIntel
cpu family	: 6
model		: 158
model name	: Intel(R) Xeon(R) E-2186M  CPU @ 2.90GHz
stepping	: 10
microcode	: 0x96
cpu MHz		: 4373.451
cache size	: 12288 KB
physical id	: 0
siblings	: 12
core id		: 3
cpu cores	: 6
apicid		: 7
initial apicid	: 7
fpu		: yes
fpu_exception	: yes
cpuid level	: 22
wp		: yes
flags		: fpu vme de pse tsc msr pae mce cx8 apic sep mtrr pge mca cmov pat pse36 clflush dts acpi mmx fxsr sse sse2 ss ht tm pbe syscall nx pdpe1gb rdtscp lm constant_tsc art arch_perfmon pebs bts rep_good nopl xtopology nonstop_tsc cpuid aperfmperf tsc_known_freq pni pclmulqdq dtes64 monitor ds_cpl vmx smx est tm2 ssse3 sdbg fma cx16 xtpr pdcm pcid sse4_1 sse4_2 x2apic movbe popcnt tsc_deadline_timer aes xsave avx f16c rdrand lahf_lm abm 3dnowprefetch cpuid_fault epb invpcid_single pti ssbd ibrs ibpb stibp tpr_shadow vnmi flexpriority ept vpid fsgsbase tsc_adjust bmi1 hle avx2 smep bmi2 erms invpcid rtm mpx rdseed adx smap clflushopt intel_pt xsaveopt xsavec xgetbv1 xsaves dtherm ida arat pln pts hwp hwp_notify hwp_act_window hwp_epp flush_l1d
bugs		: cpu_meltdown spectre_v1 spectre_v2 spec_store_bypass l1tf
bogomips	: 5808.00
clflush size	: 64
cache_alignment	: 64
address sizes	: 39 bits physical, 48 bits virtual
power management:

processor	: 10
vendor_id	: GenuineIntel
cpu family	: 6
model		: 158
model name	: Intel(R) Xeon(R) E-2186M  CPU @ 2.90GHz
stepping	: 10
microcode	: 0x96
cpu MHz		: 4390.368
cache size	: 12288 KB
physical id	: 0
siblings	: 12
core id		: 4
cpu cores	: 6
apicid		: 9
initial apicid	: 9
fpu		: yes
fpu_exception	: yes
cpuid level	: 22
wp		: yes
flags		: fpu vme de pse tsc msr pae mce cx8 apic sep mtrr pge mca cmov pat pse36 clflush dts acpi mmx fxsr sse sse2 ss ht tm pbe syscall nx pdpe1gb rdtscp lm constant_tsc art arch_perfmon pebs bts rep_good nopl xtopology nonstop_tsc cpuid aperfmperf tsc_known_freq pni pclmulqdq dtes64 monitor ds_cpl vmx smx est tm2 ssse3 sdbg fma cx16 xtpr pdcm pcid sse4_1 sse4_2 x2apic movbe popcnt tsc_deadline_timer aes xsave avx f16c rdrand lahf_lm abm 3dnowprefetch cpuid_fault epb invpcid_single pti ssbd ibrs ibpb stibp tpr_shadow vnmi flexpriority ept vpid fsgsbase tsc_adjust bmi1 hle avx2 smep bmi2 erms invpcid rtm mpx rdseed adx smap clflushopt intel_pt xsaveopt xsavec xgetbv1 xsaves dtherm ida arat pln pts hwp hwp_notify hwp_act_window hwp_epp flush_l1d
bugs		: cpu_meltdown spectre_v1 spectre_v2 spec_store_bypass l1tf
bogomips	: 5808.00
clflush size	: 64
cache_alignment	: 64
address sizes	: 39 bits physical, 48 bits virtual
power management:

processor	: 11
vendor_id	: GenuineIntel
cpu family	: 6
model		: 158
model name	: Intel(R) Xeon(R) E-2186M  CPU @ 2.90GHz
stepping	: 10
microcode	: 0x96
cpu MHz		: 4368.276
cache size	: 12288 KB
physical id	: 0
siblings	: 12
core id		: 5
cpu cores	: 6
apicid		: 11
initial apicid	: 11
fpu		: yes
fpu_exception	: yes
cpuid level	: 22
wp		: yes
flags		: fpu vme de pse tsc msr pae mce cx8 apic sep mtrr pge mca cmov pat pse36 clflush dts acpi mmx fxsr sse sse2 ss ht tm pbe syscall nx pdpe1gb rdtscp lm constant_tsc art arch_perfmon pebs bts rep_good nopl xtopology nonstop_tsc cpuid aperfmperf tsc_known_freq pni pclmulqdq dtes64 monitor ds_cpl vmx smx est tm2 ssse3 sdbg fma cx16 xtpr pdcm pcid sse4_1 sse4_2 x2apic movbe popcnt tsc_deadline_timer aes xsave avx f16c rdrand lahf_lm abm 3dnowprefetch cpuid_fault epb invpcid_single pti ssbd ibrs ibpb stibp tpr_shadow vnmi flexpriority ept vpid fsgsbase tsc_adjust bmi1 hle avx2 smep bmi2 erms invpcid rtm mpx rdseed adx smap clflushopt intel_pt xsaveopt xsavec xgetbv1 xsaves dtherm ida arat pln pts hwp hwp_notify hwp_act_window hwp_epp flush_l1d
bugs		: cpu_meltdown spectre_v1 spectre_v2 spec_store_bypass l1tf
bogomips	: 5808.00
clflush size	: 64
cache_alignment	: 64
address sizes	: 39 bits physical, 48 bits virtual
power management:



Memory: 4k page, physical 32693780k(20852492k free), swap 19530748k(19530748k free)

vm_info: Java HotSpot(TM) 64-Bit Server VM (25.201-b09) for linux-amd64 JRE (1.8.0_201-b09), built on Dec 15 2018 11:35:59 by "java_re" with gcc 7.3.0

time: Wed May 15 16:58:57 2019
timezone: CEST
elapsed time: 37 seconds (0d 0h 0m 37s)

