#
# A fatal error has been detected by the Java Runtime Environment:
#
#  SIGSEGV (0xb) at pc=0x00007f0022b3b98d, pid=11973, tid=0x00007f0002f6b700
#
# JRE version: Java(TM) SE Runtime Environment (8.0_201-b09) (build 1.8.0_201-b09)
# Java VM: Java HotSpot(TM) 64-Bit Server VM (25.201-b09 mixed mode linux-amd64 compressed oops)
# Problematic frame:
# C  [libc.so.6+0x9798d]  cfree+0x3d
#
# Failed to write core dump. Core dumps have been disabled. To enable core dumping, try "ulimit -c unlimited" before starting Java again
#
# If you would like to submit a bug report, please visit:
#   http://bugreport.java.com/bugreport/crash.jsp
# The crash happened outside the Java Virtual Machine in native code.
# See problematic frame for where to report the bug.
#

---------------  T H R E A D  ---------------

Current thread (0x00007f001c092000):  JavaThread "Finalizer" daemon [_thread_in_native, id=11991, stack(0x00007f0002e6b000,0x00007f0002f6c000)]

siginfo: si_signo: 11 (SIGSEGV), si_code: 1 (SEGV_MAPERR), si_addr: 0x00007eff04fff008

Registers:
RAX=0x0000000000000000, RBX=0x00007eff475a3980, RCX=0x0000000000000020, RDX=0x00007f001c000080
RSP=0x00007f0002f679c0, RBP=0x00007f0002f67aa0, RSI=0x00007f0002f67aa0, RDI=0x00007eff04fff010
R8 =0x00000000bbc6a232, R9 =0x00000005d371c510, R10=0x00007f000d01869b, R11=0x00007f002247adb0
R12=0x00007eff04fff010, R13=0x00007efffad475a0, R14=0x00007f0002f6a8c8, R15=0x00007f001c092000
RIP=0x00007f0022b3b98d, EFLAGS=0x0000000000010202, CSGSFS=0x002b000000000033, ERR=0x0000000000000004
  TRAPNO=0x000000000000000e

Top of Stack: (sp=0x00007f0002f679c0)
0x00007f0002f679c0:   0000000000000007 00007f0000000001
0x00007f0002f679d0:   0000000000000000 00000000b1029c0d
0x00007f0002f679e0:   00007f001c385ff0 89cfbcd5d6175a00
0x00007f0002f679f0:   0000000000000000 00007eff475a3980
0x00007f0002f67a00:   00007f0002f67aa0 0000000000000000
0x00007f0002f67a10:   00007efffad475a0 00007f0002f6a8c8
0x00007f0002f67a20:   00007f001c092000 00007eff6f87a708
0x00007f0002f67a30:   00007eff475a3980 00007eff6f87a74c
0x00007f0002f67a40:   00007f001c385c90 00007eff475a3980
0x00007f0002f67a50:   00007f0002f67aa0 00007eff6f87a779
0x00007f0002f67a60:   00007eff475a3980 00007eff750280ef
0x00007f0002f67a70:   00007eff6927dfc0 00007eff75012d3c
0x00007f0002f67a80:   00000000ffffffff 00007f0000000000
0x00007f0002f67a90:   00007f0002f67b90 00007f0000000003
0x00007f0002f67aa0:   00007eff77058690 00007eff75012d3c
0x00007f0002f67ab0:   00007f001c36dbb0 0000000000000000
0x00007f0002f67ac0:   0000000000000007 0000000000000001
0x00007f0002f67ad0:   00007f001c000020 00000000f74e7f72
0x00007f0002f67ae0:   00007f001c385ff0 00007f0002f67c28
0x00007f0002f67af0:   0000000000000000 00007f001c385c90
0x00007f0002f67b00:   0000000000000000 00007f00236e21ef
0x00007f0002f67b10:   0000000000000000 0000000000000000
0x00007f0002f67b20:   0000000000000005 0000000000000000
0x00007f0002f67b30:   0000000000000001 00007f001c385c90
0x00007f0002f67b40:   00007eff6a77fcd5 0000000000001000
0x00007f0002f67b50:   00007efef4000020 00007f0022b3bdfa
0x00007f0002f67b60:   00007f001c385fe8 00007f0002f67fc0
0x00007f0002f67b70:   00007eff47c000f0 00000007c00067b8
0x00007f0002f67b80:   00000000ffffffff 00007f001c000080
0x00007f0002f67b90:   0000000000000000 00007f0022b3bdfa
0x00007f0002f67ba0:   00007f001c092000 00007eff750280ef
0x00007f0002f67bb0:   00007f001c000020 0000000000000000 

Instructions: (pc=0x00007f0022b3b98d)
0x00007f0022b3b96d:   24 28 31 c0 48 8b 05 70 35 35 00 48 8b 00 48 85
0x00007f0022b3b97d:   c0 0f 85 9c 02 00 00 48 85 ff 0f 84 13 01 00 00
0x00007f0022b3b98d:   48 8b 77 f8 4c 8d 6f f0 40 f6 c6 02 0f 85 29 01
0x00007f0022b3b99d:   00 00 48 8b 2d d2 33 35 00 64 48 83 7d 00 00 0f 

Register to memory mapping:

RAX=0x0000000000000000 is an unknown value
RBX=0x00007eff475a3980 is an unknown value
RCX=0x0000000000000020 is an unknown value
RDX=0x00007f001c000080 is an unknown value
RSP=0x00007f0002f679c0 is pointing into the stack for thread: 0x00007f001c092000
RBP=0x00007f0002f67aa0 is pointing into the stack for thread: 0x00007f001c092000
RSI=0x00007f0002f67aa0 is pointing into the stack for thread: 0x00007f001c092000
RDI=0x00007eff04fff010 is an unknown value
R8 =0x00000000bbc6a232 is an unknown value
R9 =0x00000005d371c510 is an oop
java.lang.System$2 
 - klass: 'java/lang/System$2'
R10=0x00007f000d01869b is at code_begin+859 in an Interpreter codelet
method entry point (kind = native)  [0x00007f000d018340, 0x00007f000d018cc0]  2432 bytes
R11=0x00007f002247adb0: <offset 0x9bfdb0> in /usr/lib/jvm/java-8-oracle/jre/lib/amd64/server/libjvm.so at 0x00007f0021abb000
R12=0x00007eff04fff010 is an unknown value
R13={method} {0x00007efffad475a0} 'delete_DisplacementFieldTransform' '(J)V' in 'org/itk/simple/SimpleITKJNI'
R14=0x00007f0002f6a8c8 is pointing into the stack for thread: 0x00007f001c092000
R15=0x00007f001c092000 is a thread


Stack: [0x00007f0002e6b000,0x00007f0002f6c000],  sp=0x00007f0002f679c0,  free space=1010k
Native frames: (J=compiled Java code, j=interpreted, Vv=VM code, C=native code)
C  [libc.so.6+0x9798d]  cfree+0x3d
C  [libSimpleITKJava.so+0xc365d3c]  itk::Object::UnRegister() const+0x1c

Java frames: (J=compiled Java code, j=interpreted, Vv=VM code)
j  org.itk.simple.SimpleITKJNI.delete_DisplacementFieldTransform(J)V+0
j  org.itk.simple.DisplacementFieldTransform.delete()V+25
j  org.itk.simple.DisplacementFieldTransform.finalize()V+1
J 1334 C2 java.lang.ref.Finalizer.access$100(Ljava/lang/ref/Finalizer;Lsun/misc/JavaLangAccess;)V (6 bytes) @ 0x00007f000d6848e0 [0x00007f000d684640+0x2a0]
J 1333% C2 java.lang.ref.Finalizer$FinalizerThread.run()V (55 bytes) @ 0x00007f000d67c638 [0x00007f000d67c540+0xf8]
v  ~StubRoutines::call_stub

---------------  P R O C E S S  ---------------

Java Threads: ( => current thread )
  0x00007f001c33e800 JavaThread "AWT-EventQueue-0" [_thread_blocked, id=12002, stack(0x00007efffb5d6000,0x00007efffb6d7000)]
  0x00007f001c33a000 JavaThread "AWT-Shutdown" [_thread_blocked, id=12001, stack(0x00007efffb6d7000,0x00007efffb7d8000)]
  0x00007f001c2a2800 JavaThread "AWT-XAWT" daemon [_thread_in_native, id=12000, stack(0x00007f0000034000,0x00007f0000135000)]
  0x00007f001c265000 JavaThread "Java2D Disposer" daemon [_thread_blocked, id=11999, stack(0x00007f0000135000,0x00007f0000236000)]
  0x00007f001c0d9000 JavaThread "Service Thread" daemon [_thread_blocked, id=11997, stack(0x00007f0001e96000,0x00007f0001f97000)]
  0x00007f001c0cd800 JavaThread "C1 CompilerThread3" daemon [_thread_blocked, id=11996, stack(0x00007f0001f98000,0x00007f0002098000)]
  0x00007f001c0cb800 JavaThread "C2 CompilerThread2" daemon [_thread_blocked, id=11995, stack(0x00007f0002099000,0x00007f0002199000)]
  0x00007f001c0c9800 JavaThread "C2 CompilerThread1" daemon [_thread_blocked, id=11994, stack(0x00007f000219a000,0x00007f000229a000)]
  0x00007f001c0c7000 JavaThread "C2 CompilerThread0" daemon [_thread_blocked, id=11993, stack(0x00007f000229b000,0x00007f000239b000)]
  0x00007f001c0c5800 JavaThread "Signal Dispatcher" daemon [_thread_blocked, id=11992, stack(0x00007f000239b000,0x00007f000249c000)]
=>0x00007f001c092000 JavaThread "Finalizer" daemon [_thread_in_native, id=11991, stack(0x00007f0002e6b000,0x00007f0002f6c000)]
  0x00007f001c08f800 JavaThread "Reference Handler" daemon [_thread_blocked, id=11989, stack(0x00007f0002f6c000,0x00007f000306d000)]
  0x00007f001c00b800 JavaThread "Run$_main" [_thread_in_native, id=11974, stack(0x00007f00237d4000,0x00007f00238d4000)]

Other Threads:
  0x00007f001c086000 VMThread [stack: 0x00007f000306e000,0x00007f000316e000] [id=11987]
  0x00007f001c0db800 WatcherThread [stack: 0x00007f0001d96000,0x00007f0001e96000] [id=11998]

VM state:not at safepoint (normal execution)

VM Mutex/Monitor currently owned by a thread: None

heap address: 0x00000005cd200000, size: 7982 MB, Compressed Oops mode: Zero based, Oop shift amount: 3
Narrow klass base: 0x0000000000000000, Narrow klass shift: 3
Compressed class space size: 1073741824 Address: 0x00000007c0000000

Heap:
 PSYoungGen      total 2127360K, used 776826K [0x0000000719b80000, 0x00000007c0000000, 0x00000007c0000000)
  eden space 1586688K, 48% used [0x0000000719b80000,0x0000000748fe69a0,0x000000077a900000)
  from space 540672K, 0% used [0x000000077a900000,0x000000077ab38000,0x000000079b900000)
  to   space 534016K, 0% used [0x000000079f680000,0x000000079f680000,0x00000007c0000000)
 ParOldGen       total 1317376K, used 755274K [0x00000005cd200000, 0x000000061d880000, 0x0000000719b80000)
  object space 1317376K, 57% used [0x00000005cd200000,0x00000005fb392a20,0x000000061d880000)
 Metaspace       used 14961K, capacity 15139K, committed 15360K, reserved 1062912K
  class space    used 1413K, capacity 1482K, committed 1536K, reserved 1048576K

Card table byte_map: [0x00007f000c068000,0x00007f000d000000] byte_map_base: 0x00007f00091ff000

Marking Bits: (ParMarkBitMap*) 0x00007f0022a86d80
 Begin Bits: [0x00007effbc690000, 0x00007effc4348000)
 End Bits:   [0x00007effc4348000, 0x00007effcc000000)

Polling page: 0x00007f00238fd000

CodeCache: size=245760Kb used=8454Kb max_used=8482Kb free=237305Kb
 bounds [0x00007f000d000000, 0x00007f000d860000, 0x00007f001c000000]
 total_blobs=2352 nmethods=1458 adapters=807
 compilation: enabled

Compilation events (10 events):
Event: 36,646 Thread 0x00007f001c0cd800 1465       3       java.nio.CharBuffer::hasArray (20 bytes)
Event: 36,646 Thread 0x00007f001c0cd800 nmethod 1465 0x00007f000d174050 code [0x00007f000d1741c0, 0x00007f000d1743b0]
Event: 36,646 Thread 0x00007f001c0cd800 1466       3       java.nio.ByteBuffer::hasArray (20 bytes)
Event: 36,646 Thread 0x00007f001c0cd800 nmethod 1466 0x00007f000d810c90 code [0x00007f000d810e00, 0x00007f000d810ff0]
Event: 36,650 Thread 0x00007f001c0cb800 nmethod 1461% 0x00007f000d82e110 code [0x00007f000d82e340, 0x00007f000d82fcd8]
Event: 36,658 Thread 0x00007f001c0c7000 nmethod 1463 0x00007f000d827290 code [0x00007f000d8274e0, 0x00007f000d829578]
Event: 36,956 Thread 0x00007f001c0cd800 1468       3       ij.ImagePlus::getBitDepth (130 bytes)
Event: 36,956 Thread 0x00007f001c0cd800 nmethod 1468 0x00007f000d8102d0 code [0x00007f000d810460, 0x00007f000d810bf0]
Event: 36,957 Thread 0x00007f001c0cd800 1467       1       ij.gui.ImageWindow::getCanvas (5 bytes)
Event: 36,957 Thread 0x00007f001c0cd800 nmethod 1467 0x00007f000d185ed0 code [0x00007f000d186020, 0x00007f000d186130]

GC Heap History (10 events):
Event: 22,014 GC heap before
{Heap before GC invocations=15 (full 1):
 PSYoungGen      total 1426432K, used 1415036K [0x0000000719b80000, 0x0000000798d00000, 0x00000007c0000000)
  eden space 1136128K, 100% used [0x0000000719b80000,0x000000075f100000,0x000000075f100000)
  from space 290304K, 96% used [0x000000075f100000,0x000000077015f0e8,0x0000000770c80000)
  to   space 342016K, 0% used [0x0000000783f00000,0x0000000783f00000,0x0000000798d00000)
 ParOldGen       total 1069056K, used 687379K [0x00000005cd200000, 0x000000060e600000, 0x0000000719b80000)
  object space 1069056K, 64% used [0x00000005cd200000,0x00000005f7144e78,0x000000060e600000)
 Metaspace       used 14919K, capacity 15075K, committed 15360K, reserved 1062912K
  class space    used 1413K, capacity 1482K, committed 1536K, reserved 1048576K
Event: 22,110 GC heap after
Heap after GC invocations=15 (full 1):
 PSYoungGen      total 1705472K, used 262200K [0x0000000719b80000, 0x00000007a3280000, 0x00000007c0000000)
  eden space 1363456K, 0% used [0x0000000719b80000,0x0000000719b80000,0x000000076cf00000)
  from space 342016K, 76% used [0x0000000783f00000,0x0000000793f0e268,0x0000000798d00000)
  to   space 376832K, 0% used [0x000000076cf00000,0x000000076cf00000,0x0000000783f00000)
 ParOldGen       total 1069056K, used 687387K [0x00000005cd200000, 0x000000060e600000, 0x0000000719b80000)
  object space 1069056K, 64% used [0x00000005cd200000,0x00000005f7146e78,0x000000060e600000)
 Metaspace       used 14919K, capacity 15075K, committed 15360K, reserved 1062912K
  class space    used 1413K, capacity 1482K, committed 1536K, reserved 1048576K
}
Event: 26,696 GC heap before
{Heap before GC invocations=16 (full 1):
 PSYoungGen      total 1705472K, used 1625656K [0x0000000719b80000, 0x00000007a3280000, 0x00000007c0000000)
  eden space 1363456K, 100% used [0x0000000719b80000,0x000000076cf00000,0x000000076cf00000)
  from space 342016K, 76% used [0x0000000783f00000,0x0000000793f0e268,0x0000000798d00000)
  to   space 376832K, 0% used [0x000000076cf00000,0x000000076cf00000,0x0000000783f00000)
 ParOldGen       total 1069056K, used 687387K [0x00000005cd200000, 0x000000060e600000, 0x0000000719b80000)
  object space 1069056K, 64% used [0x00000005cd200000,0x00000005f7146e78,0x000000060e600000)
 Metaspace       used 14945K, capacity 15139K, committed 15360K, reserved 1062912K
  class space    used 1413K, capacity 1482K, committed 1536K, reserved 1048576K
Event: 26,781 GC heap after
Heap after GC invocations=16 (full 1):
 PSYoungGen      total 1740288K, used 187554K [0x0000000719b80000, 0x00000007b2880000, 0x00000007c0000000)
  eden space 1363456K, 0% used [0x0000000719b80000,0x0000000719b80000,0x000000076cf00000)
  from space 376832K, 49% used [0x000000076cf00000,0x0000000778628810,0x0000000783f00000)
  to   space 376320K, 0% used [0x000000079b900000,0x000000079b900000,0x00000007b2880000)
 ParOldGen       total 1069056K, used 693270K [0x00000005cd200000, 0x000000060e600000, 0x0000000719b80000)
  object space 1069056K, 64% used [0x00000005cd200000,0x00000005f77058e0,0x000000060e600000)
 Metaspace       used 14945K, capacity 15139K, committed 15360K, reserved 1062912K
  class space    used 1413K, capacity 1482K, committed 1536K, reserved 1048576K
}
Event: 33,804 GC heap before
{Heap before GC invocations=17 (full 1):
 PSYoungGen      total 1740288K, used 1551010K [0x0000000719b80000, 0x00000007b2880000, 0x00000007c0000000)
  eden space 1363456K, 100% used [0x0000000719b80000,0x000000076cf00000,0x000000076cf00000)
  from space 376832K, 49% used [0x000000076cf00000,0x0000000778628810,0x0000000783f00000)
  to   space 376320K, 0% used [0x000000079b900000,0x000000079b900000,0x00000007b2880000)
 ParOldGen       total 1069056K, used 693270K [0x00000005cd200000, 0x000000060e600000, 0x0000000719b80000)
  object space 1069056K, 64% used [0x00000005cd200000,0x00000005f77058e0,0x000000060e600000)
 Metaspace       used 14959K, capacity 15139K, committed 15360K, reserved 1062912K
  class space    used 1413K, capacity 1482K, committed 1536K, reserved 1048576K
Event: 34,732 GC heap after
Heap after GC invocations=17 (full 1):
 PSYoungGen      total 1963008K, used 376317K [0x0000000719b80000, 0x00000007c0000000, 0x00000007c0000000)
  eden space 1586688K, 0% used [0x0000000719b80000,0x0000000719b80000,0x000000077a900000)
  from space 376320K, 99% used [0x000000079b900000,0x00000007b287f450,0x00000007b2880000)
  to   space 540672K, 0% used [0x000000077a900000,0x000000077a900000,0x000000079b900000)
 ParOldGen       total 1069056K, used 954790K [0x00000005cd200000, 0x000000060e600000, 0x0000000719b80000)
  object space 1069056K, 89% used [0x00000005cd200000,0x00000006076698e0,0x000000060e600000)
 Metaspace       used 14959K, capacity 15139K, committed 15360K, reserved 1062912K
  class space    used 1413K, capacity 1482K, committed 1536K, reserved 1048576K
}
Event: 34,732 GC heap before
{Heap before GC invocations=18 (full 2):
 PSYoungGen      total 1963008K, used 376317K [0x0000000719b80000, 0x00000007c0000000, 0x00000007c0000000)
  eden space 1586688K, 0% used [0x0000000719b80000,0x0000000719b80000,0x000000077a900000)
  from space 376320K, 99% used [0x000000079b900000,0x00000007b287f450,0x00000007b2880000)
  to   space 540672K, 0% used [0x000000077a900000,0x000000077a900000,0x000000079b900000)
 ParOldGen       total 1069056K, used 954790K [0x00000005cd200000, 0x000000060e600000, 0x0000000719b80000)
  object space 1069056K, 89% used [0x00000005cd200000,0x00000006076698e0,0x000000060e600000)
 Metaspace       used 14959K, capacity 15139K, committed 15360K, reserved 1062912K
  class space    used 1413K, capacity 1482K, committed 1536K, reserved 1048576K
Event: 35,751 GC heap after
Heap after GC invocations=18 (full 2):
 PSYoungGen      total 1963008K, used 0K [0x0000000719b80000, 0x00000007c0000000, 0x00000007c0000000)
  eden space 1586688K, 0% used [0x0000000719b80000,0x0000000719b80000,0x000000077a900000)
  from space 376320K, 0% used [0x000000079b900000,0x000000079b900000,0x00000007b2880000)
  to   space 540672K, 0% used [0x000000077a900000,0x000000077a900000,0x000000079b900000)
 ParOldGen       total 1317376K, used 755274K [0x00000005cd200000, 0x000000061d880000, 0x0000000719b80000)
  object space 1317376K, 57% used [0x00000005cd200000,0x00000005fb392a20,0x000000061d880000)
 Metaspace       used 14959K, capacity 15139K, committed 15360K, reserved 1062912K
  class space    used 1413K, capacity 1482K, committed 1536K, reserved 1048576K
}
Event: 36,314 GC heap before
{Heap before GC invocations=19 (full 2):
 PSYoungGen      total 1963008K, used 1586688K [0x0000000719b80000, 0x00000007c0000000, 0x00000007c0000000)
  eden space 1586688K, 100% used [0x0000000719b80000,0x000000077a900000,0x000000077a900000)
  from space 376320K, 0% used [0x000000079b900000,0x000000079b900000,0x00000007b2880000)
  to   space 540672K, 0% used [0x000000077a900000,0x000000077a900000,0x000000079b900000)
 ParOldGen       total 1317376K, used 755274K [0x00000005cd200000, 0x000000061d880000, 0x0000000719b80000)
  object space 1317376K, 57% used [0x00000005cd200000,0x00000005fb392a20,0x000000061d880000)
 Metaspace       used 14959K, capacity 15139K, committed 15360K, reserved 1062912K
  class space    used 1413K, capacity 1482K, committed 1536K, reserved 1048576K
Event: 36,331 GC heap after
Heap after GC invocations=19 (full 2):
 PSYoungGen      total 2127360K, used 2272K [0x0000000719b80000, 0x00000007c0000000, 0x00000007c0000000)
  eden space 1586688K, 0% used [0x0000000719b80000,0x0000000719b80000,0x000000077a900000)
  from space 540672K, 0% used [0x000000077a900000,0x000000077ab38000,0x000000079b900000)
  to   space 534016K, 0% used [0x000000079f680000,0x000000079f680000,0x00000007c0000000)
 ParOldGen       total 1317376K, used 755274K [0x00000005cd200000, 0x000000061d880000, 0x0000000719b80000)
  object space 1317376K, 57% used [0x00000005cd200000,0x00000005fb392a20,0x000000061d880000)
 Metaspace       used 14959K, capacity 15139K, committed 15360K, reserved 1062912K
  class space    used 1413K, capacity 1482K, committed 1536K, reserved 1048576K
}

Deoptimization events (10 events):
Event: 33,575 Thread 0x00007f001c00b800 Uncommon trap: reason=array_check action=maybe_recompile pc=0x00007f000d7a94c0 method=java.util.TimSort.mergeLo(IIII)V @ 590
Event: 33,583 Thread 0x00007f001c00b800 Uncommon trap: reason=array_check action=maybe_recompile pc=0x00007f000d7a94c0 method=java.util.TimSort.mergeLo(IIII)V @ 590
Event: 33,717 Thread 0x00007f001c00b800 Uncommon trap: reason=unreached action=reinterpret pc=0x00007f000d711f84 method=com.vitimage.BlockMatchingRegistration.runMultiThreaded()Lcom/vitimage/ItkTransform; @ 2417
Event: 36,559 Thread 0x00007f001c00b800 Uncommon trap: reason=unstable_if action=reinterpret pc=0x00007f000d799234 method=com.vitimage.BlockMatchingRegistration.runMultiThreaded()Lcom/vitimage/ItkTransform; @ 2633
Event: 36,598 Thread 0x00007f001c00b800 Uncommon trap: reason=unstable_if action=reinterpret pc=0x00007f000d79017c method=com.vitimage.BlockMatchingRegistration.trimPoint3dTabBasedOnScores([[Lmath3d/Point3d;I)[[Lmath3d/Point3d; @ 29
Event: 36,608 Thread 0x00007f001c00b800 Uncommon trap: reason=array_check action=maybe_recompile pc=0x00007f000d816e5c method=java.util.TimSort.mergeLo(IIII)V @ 375
Event: 36,609 Thread 0x00007f001c00b800 Uncommon trap: reason=array_check action=maybe_recompile pc=0x00007f000d816e5c method=java.util.TimSort.mergeLo(IIII)V @ 375
Event: 36,635 Thread 0x00007f001c00b800 Uncommon trap: reason=array_check action=maybe_recompile pc=0x00007f000d805388 method=java.util.TimSort.mergeHi(IIII)V @ 282
Event: 36,636 Thread 0x00007f001c00b800 Uncommon trap: reason=array_check action=maybe_recompile pc=0x00007f000d834710 method=java.util.TimSort.mergeHi(IIII)V @ 282
Event: 36,636 Thread 0x00007f001c00b800 Uncommon trap: reason=array_check action=maybe_recompile pc=0x00007f000d805388 method=java.util.TimSort.mergeHi(IIII)V @ 282

Classes redefined (0 events):
No events

Internal exceptions (10 events):
Event: 0,077 Thread 0x00007f001c00b800 Exception <a 'java/security/PrivilegedActionException'> (0x0000000719cbccb8) thrown at [/HUDSON/workspace/8-2-build-linux-amd64/jdk8u201/12317/hotspot/src/share/vm/prims/jvm.cpp, line 1502]
Event: 0,077 Thread 0x00007f001c00b800 Exception <a 'java/security/PrivilegedActionException'> (0x0000000719cbcec8) thrown at [/HUDSON/workspace/8-2-build-linux-amd64/jdk8u201/12317/hotspot/src/share/vm/prims/jvm.cpp, line 1502]
Event: 0,101 Thread 0x00007f001c00b800 Exception <a 'java/lang/NoSuchFieldError': method resolution failed> (0x0000000719d8c380) thrown at [/HUDSON/workspace/8-2-build-linux-amd64/jdk8u201/12317/hotspot/src/share/vm/prims/methodHandles.cpp, line 1167]
Event: 0,102 Thread 0x00007f001c00b800 Exception <a 'java/lang/NoSuchFieldError': method resolution failed> (0x0000000719d99b80) thrown at [/HUDSON/workspace/8-2-build-linux-amd64/jdk8u201/12317/hotspot/src/share/vm/prims/methodHandles.cpp, line 1167]
Event: 0,116 Thread 0x00007f001c00b800 Exception <a 'java/io/FileNotFoundException'> (0x000000071a09a5d8) thrown at [/HUDSON/workspace/8-2-build-linux-amd64/jdk8u201/12317/hotspot/src/share/vm/prims/jni.cpp, line 709]
Event: 0,116 Thread 0x00007f001c00b800 Exception <a 'java/io/FileNotFoundException'> (0x000000071a09b0c0) thrown at [/HUDSON/workspace/8-2-build-linux-amd64/jdk8u201/12317/hotspot/src/share/vm/prims/jni.cpp, line 709]
Event: 0,435 Thread 0x00007f001c33e800 Exception <a 'java/lang/UnsupportedOperationException': > (0x000000071a8e3630) thrown at [/HUDSON/workspace/8-2-build-linux-amd64/jdk8u201/12317/hotspot/src/share/vm/prims/jni.cpp, line 735]
Event: 4,285 Thread 0x00007f001c33e800 Exception <a 'java/lang/UnsupportedOperationException': > (0x000000071c2333f8) thrown at [/HUDSON/workspace/8-2-build-linux-amd64/jdk8u201/12317/hotspot/src/share/vm/prims/jni.cpp, line 735]
Event: 4,556 Thread 0x00007f001c33e800 Exception <a 'java/lang/UnsupportedOperationException': > (0x000000071c237290) thrown at [/HUDSON/workspace/8-2-build-linux-amd64/jdk8u201/12317/hotspot/src/share/vm/prims/jni.cpp, line 735]
Event: 4,607 Thread 0x00007f001c33e800 Exception <a 'java/lang/UnsupportedOperationException': > (0x000000071c23be78) thrown at [/HUDSON/workspace/8-2-build-linux-amd64/jdk8u201/12317/hotspot/src/share/vm/prims/jni.cpp, line 735]

Events (10 events):
Event: 36,636 Thread 0x00007f001c00b800 DEOPT PACKING pc=0x00007f000d805388 sp=0x00007f00238d22b0
Event: 36,636 Thread 0x00007f001c00b800 DEOPT UNPACKING pc=0x00007f000d04573a sp=0x00007f00238d22a0 mode 2
Event: 36,637 Thread 0x00007f001c00b800 DEOPT PACKING pc=0x00007f000d79177a sp=0x00007f00238d23b0
Event: 36,637 Thread 0x00007f001c00b800 DEOPT UNPACKING pc=0x00007f000d047784 sp=0x00007f00238d2120 mode 0
Event: 36,638 Thread 0x00007f001c00b800 DEOPT PACKING pc=0x00007f000d7916fc sp=0x00007f00238d23b0
Event: 36,638 Thread 0x00007f001c00b800 DEOPT UNPACKING pc=0x00007f000d047784 sp=0x00007f00238d2120 mode 0
Event: 36,639 Thread 0x00007f001c00b800 DEOPT PACKING pc=0x00007f000d79177a sp=0x00007f00238d23b0
Event: 36,639 Thread 0x00007f001c00b800 DEOPT UNPACKING pc=0x00007f000d047784 sp=0x00007f00238d2120 mode 0
Event: 36,647 Thread 0x00007f001c00b800 DEOPT PACKING pc=0x00007f000d7d5829 sp=0x00007f00238d24e0
Event: 36,647 Thread 0x00007f001c00b800 DEOPT UNPACKING pc=0x00007f000d047784 sp=0x00007f00238d2338 mode 0


Dynamic libraries:
00400000-00401000 r-xp 00000000 103:05 399591                            /usr/lib/jvm/java-8-oracle/bin/java
00600000-00601000 r--p 00000000 103:05 399591                            /usr/lib/jvm/java-8-oracle/bin/java
00601000-00602000 rw-p 00001000 103:05 399591                            /usr/lib/jvm/java-8-oracle/bin/java
00dc8000-00de9000 rw-p 00000000 00:00 0                                  [heap]
5cd200000-61d880000 rw-p 00000000 00:00 0 
61d880000-719b80000 ---p 00000000 00:00 0 
719b80000-7c0000000 rw-p 00000000 00:00 0 
7c0000000-7c0180000 rw-p 00000000 00:00 0 
7c0180000-800000000 ---p 00000000 00:00 0 
7efee4bfd000-7efef0000000 rw-p 00000000 00:00 0 
7efef0000000-7efef3c01000 rw-p 00000000 00:00 0 
7efef3c01000-7efef4000000 ---p 00000000 00:00 0 
7efef4000000-7efef5401000 rw-p 00000000 00:00 0 
7efef5401000-7efef8000000 ---p 00000000 00:00 0 
7efef8000000-7efefbc01000 rw-p 00000000 00:00 0 
7efefbc01000-7efefc000000 ---p 00000000 00:00 0 
7efefc3fd000-7efeffffe000 rw-p 00000000 00:00 0 
7eff14000000-7eff1bc58000 rw-p 00000000 00:00 0 
7eff1bc58000-7eff1c000000 ---p 00000000 00:00 0 
7eff1c000000-7eff24000000 rw-p 00000000 00:00 0 
7eff24000000-7eff2c000000 rw-p 00000000 00:00 0 
7eff2c000000-7eff30000000 rw-p 00000000 00:00 0 
7eff34000000-7eff38000000 rw-p 00000000 00:00 0 
7eff387fe000-7eff40000000 rw-p 00000000 00:00 0 
7eff40000000-7eff40021000 rw-p 00000000 00:00 0 
7eff40021000-7eff44000000 ---p 00000000 00:00 0 
7eff44000000-7eff47c01000 rw-p 00000000 00:00 0 
7eff47c01000-7eff48000000 ---p 00000000 00:00 0 
7eff48000000-7eff48021000 rw-p 00000000 00:00 0 
7eff48021000-7eff4c000000 ---p 00000000 00:00 0 
7eff4c000000-7eff4fc01000 rw-p 00000000 00:00 0 
7eff4fc01000-7eff50000000 ---p 00000000 00:00 0 
7eff50000000-7eff50021000 rw-p 00000000 00:00 0 
7eff50021000-7eff54000000 ---p 00000000 00:00 0 
7eff54000000-7eff54021000 rw-p 00000000 00:00 0 
7eff54021000-7eff58000000 ---p 00000000 00:00 0 
7eff58000000-7eff58021000 rw-p 00000000 00:00 0 
7eff58021000-7eff5c000000 ---p 00000000 00:00 0 
7eff5c000000-7eff5c021000 rw-p 00000000 00:00 0 
7eff5c021000-7eff60000000 ---p 00000000 00:00 0 
7eff60000000-7eff60021000 rw-p 00000000 00:00 0 
7eff60021000-7eff64000000 ---p 00000000 00:00 0 
7eff64000000-7eff64021000 rw-p 00000000 00:00 0 
7eff64021000-7eff68000000 ---p 00000000 00:00 0 
7eff68cad000-7eff76d74000 r-xp 00000000 103:05 1975135                   /home/fernandr/Programmes/Fiji.app/lib/linux64/libSimpleITKJava.so
7eff76d74000-7eff76f73000 ---p 0e0c7000 103:05 1975135                   /home/fernandr/Programmes/Fiji.app/lib/linux64/libSimpleITKJava.so
7eff76f73000-7eff77fe1000 rw-p 0e0c6000 103:05 1975135                   /home/fernandr/Programmes/Fiji.app/lib/linux64/libSimpleITKJava.so
7eff77fe1000-7eff78000000 rw-p 00000000 00:00 0 
7eff78000000-7eff78021000 rw-p 00000000 00:00 0 
7eff78021000-7eff7c000000 ---p 00000000 00:00 0 
7eff7c000000-7eff7c021000 rw-p 00000000 00:00 0 
7eff7c021000-7eff80000000 ---p 00000000 00:00 0 
7eff80000000-7eff80021000 rw-p 00000000 00:00 0 
7eff80021000-7eff84000000 ---p 00000000 00:00 0 
7eff84000000-7eff8430e000 rw-p 00000000 00:00 0 
7eff8430e000-7eff88000000 ---p 00000000 00:00 0 
7eff88000000-7eff88021000 rw-p 00000000 00:00 0 
7eff88021000-7eff8c000000 ---p 00000000 00:00 0 
7eff8c000000-7eff8c02d000 rw-p 00000000 00:00 0 
7eff8c02d000-7eff90000000 ---p 00000000 00:00 0 
7eff90000000-7eff90021000 rw-p 00000000 00:00 0 
7eff90021000-7eff94000000 ---p 00000000 00:00 0 
7eff94000000-7eff94021000 rw-p 00000000 00:00 0 
7eff94021000-7eff98000000 ---p 00000000 00:00 0 
7eff98000000-7eff98686000 rw-p 00000000 00:00 0 
7eff98686000-7eff9c000000 ---p 00000000 00:00 0 
7eff9c000000-7eff9d205000 rw-p 00000000 00:00 0 
7eff9d205000-7effa0000000 ---p 00000000 00:00 0 
7effa0000000-7effa335f000 rw-p 00000000 00:00 0 
7effa335f000-7effa4000000 ---p 00000000 00:00 0 
7effa4000000-7effa4734000 rw-p 00000000 00:00 0 
7effa4734000-7effa8000000 ---p 00000000 00:00 0 
7effa8000000-7effa9298000 rw-p 00000000 00:00 0 
7effa9298000-7effac000000 ---p 00000000 00:00 0 
7effac000000-7effac021000 rw-p 00000000 00:00 0 
7effac021000-7effb0000000 ---p 00000000 00:00 0 
7effb0000000-7effb03d7000 rw-p 00000000 00:00 0 
7effb03d7000-7effb4000000 ---p 00000000 00:00 0 
7effb4000000-7effb4021000 rw-p 00000000 00:00 0 
7effb4021000-7effb8000000 ---p 00000000 00:00 0 
7effb8000000-7effb8021000 rw-p 00000000 00:00 0 
7effb8021000-7effbc000000 ---p 00000000 00:00 0 
7effbc690000-7effcc000000 rw-p 00000000 00:00 0 
7effcc000000-7effcc021000 rw-p 00000000 00:00 0 
7effcc021000-7effd0000000 ---p 00000000 00:00 0 
7effd0000000-7effd0021000 rw-p 00000000 00:00 0 
7effd0021000-7effd4000000 ---p 00000000 00:00 0 
7effd4000000-7effd4021000 rw-p 00000000 00:00 0 
7effd4021000-7effd8000000 ---p 00000000 00:00 0 
7effd8000000-7effd8021000 rw-p 00000000 00:00 0 
7effd8021000-7effdc000000 ---p 00000000 00:00 0 
7effdc000000-7effdc021000 rw-p 00000000 00:00 0 
7effdc021000-7effe0000000 ---p 00000000 00:00 0 
7effe4000000-7effe4021000 rw-p 00000000 00:00 0 
7effe4021000-7effe8000000 ---p 00000000 00:00 0 
7effe83ff000-7effec000000 rw-p 00000000 00:00 0 
7effec000000-7effec021000 rw-p 00000000 00:00 0 
7effec021000-7efff0000000 ---p 00000000 00:00 0 
7efff07f9000-7efff07fa000 ---p 00000000 00:00 0 
7efff07fa000-7efff0ffa000 rw-p 00000000 00:00 0 
7efff0ffa000-7efff0ffb000 ---p 00000000 00:00 0 
7efff0ffb000-7efff17fb000 rw-p 00000000 00:00 0 
7efff37ff000-7efff3800000 ---p 00000000 00:00 0 
7efff3800000-7efff4000000 rw-p 00000000 00:00 0 
7efff4000000-7efff4021000 rw-p 00000000 00:00 0 
7efff4021000-7efff8000000 ---p 00000000 00:00 0 
7efff85e5000-7efff85e6000 ---p 00000000 00:00 0 
7efff85e6000-7efff8de6000 rw-p 00000000 00:00 0 
7efffa5e9000-7efffa769000 rw-p 00000000 00:00 0 
7efffa769000-7efffa7e9000 ---p 00000000 00:00 0 
7efffa7e9000-7efffa813000 r-xp 00000000 103:05 1319030                   /usr/lib/jvm/java-8-oracle/jre/lib/amd64/libdcpr.so
7efffa813000-7efffaa12000 ---p 0002a000 103:05 1319030                   /usr/lib/jvm/java-8-oracle/jre/lib/amd64/libdcpr.so
7efffaa12000-7efffaa13000 r--p 00029000 103:05 1319030                   /usr/lib/jvm/java-8-oracle/jre/lib/amd64/libdcpr.so
7efffaa13000-7efffaa16000 rw-p 0002a000 103:05 1319030                   /usr/lib/jvm/java-8-oracle/jre/lib/amd64/libdcpr.so
7efffaa16000-7efffaa21000 r--s 00000000 103:05 2754318                   /var/cache/fontconfig/945677eb7aeaf62f1d50efc3fb3ec7d8-le64.cache-7
7efffaa21000-7efffaa26000 r--s 00000000 103:05 2754289                   /var/cache/fontconfig/2300eef321c393bfd76478a5c0e95b23-le64.cache-7
7efffaa26000-7efffaa27000 r--s 00000000 103:05 2754282                   /var/cache/fontconfig/0d8c3b2ac0904cb8a57a757ad11a4a08-le64.cache-7
7efffaa27000-7efffaa2b000 r--s 00000000 103:05 2758608                   /var/cache/fontconfig/6d41288fd70b0be22e8c3a91e032eec0-le64.cache-7
7efffaa2b000-7efffaa40000 r--s 00000000 103:05 2754278                   /var/cache/fontconfig/04aabc0a78ac019cf9454389977116d2-le64.cache-7
7efffaa40000-7efffaa41000 r--s 00000000 103:05 2754286                   /var/cache/fontconfig/1ac9eb803944fde146138c791f5cc56a-le64.cache-7
7efffaa41000-7efffaa42000 r--s 00000000 103:05 2754337                   /var/cache/fontconfig/dc05db6664285cc2f12bf69c139ae4c3-le64.cache-7
7efffaa42000-7efffaa44000 r--s 00000000 103:05 2754283                   /var/cache/fontconfig/14a5e22175779b556eaa434240950366-le64.cache-7
7efffaa44000-7efffaa45000 r--s 00000000 103:05 2754310                   /var/cache/fontconfig/660208299946a285a940457d1287da33-le64.cache-7
7efffaa45000-7efffaa47000 r--s 00000000 103:05 2754301                   /var/cache/fontconfig/4f3e3037c9980c83b53a9351efadef62-le64.cache-7
7efffaa47000-7efffaa49000 r--s 00000000 103:05 2754315                   /var/cache/fontconfig/767a8244fc0220cfb567a839d0392e0b-le64.cache-7
7efffaa49000-7efffaa4a000 r--s 00000000 103:05 2755050                   /var/cache/fontconfig/4794a0821666d79190d59a36cb4f44b5-le64.cache-7
7efffaa4a000-7efffaa4c000 r--s 00000000 103:05 2759434                   /var/cache/fontconfig/0bd3dc0958fa2205aaaa8ebb13e2872b-le64.cache-7
7efffaa4c000-7efffaa51000 r--s 00000000 103:05 2754338                   /var/cache/fontconfig/def309198bfa603429122923fa2bb2d4-le64.cache-7
7efffaa51000-7efffaa52000 r--s 00000000 103:05 2754326                   /var/cache/fontconfig/b872e6e592da6075ffa4ab0a1fcc0c75-le64.cache-7
7efffaa52000-7efffaa53000 r--s 00000000 103:05 2754343                   /var/cache/fontconfig/f6d4eedfaab2589bde49f7a3ff831d22-le64.cache-7
7efffaa53000-7efffaa54000 r--s 00000000 103:05 2754308                   /var/cache/fontconfig/589f83ef4c36d296ce6e1c846f468f08-le64.cache-7
7efffaa54000-7efffaa55000 r--s 00000000 103:05 2754328                   /var/cache/fontconfig/bab58bb527bb656aaa9f116d68a48d89-le64.cache-7
7efffaa55000-7efffaa56000 r--s 00000000 103:05 2754287                   /var/cache/fontconfig/2171a34dccabdb6bcbbc728186263178-le64.cache-7
7efffaa56000-7efffaa57000 r--s 00000000 103:05 2754329                   /var/cache/fontconfig/c5c45a61289222e0d30b1a26ef4effbe-le64.cache-7
7efffaa57000-7efffaa58000 r--s 00000000 103:05 2754324                   /var/cache/fontconfig/aec30016f93e1b46d1a973dce0d74068-le64.cache-7
7efffaa58000-7efffaa59000 r--s 00000000 103:05 2754294                   /var/cache/fontconfig/3f589640d34b7dc9042c8d453f7c8b9c-le64.cache-7
7efffaa59000-7efffaa5a000 r--s 00000000 103:05 2754284                   /var/cache/fontconfig/16c2fda60d1b4b719f4b3d06fd951d25-le64.cache-7
7efffaa5a000-7efffaa5b000 r--s 00000000 103:05 2754323                   /var/cache/fontconfig/a48eab177a16e4f3713381162db2f3e9-le64.cache-7
7efffaa5b000-7efffaa5c000 r--s 00000000 103:05 2754304                   /var/cache/fontconfig/564b2e68ac9bc4e36a6f7f6d6125ec1c-le64.cache-7
7efffac38000-7efffae38000 rw-p 00000000 00:00 0 
7efffae39000-7efffaf39000 rw-s 00000000 00:05 7143444                    /SYSV00000000 (deleted)
7efffaf39000-7efffafa5000 r-xp 00000000 103:05 1319045                   /usr/lib/jvm/java-8-oracle/jre/lib/amd64/libt2k.so
7efffafa5000-7efffb1a5000 ---p 0006c000 103:05 1319045                   /usr/lib/jvm/java-8-oracle/jre/lib/amd64/libt2k.so
7efffb1a5000-7efffb1ab000 r--p 0006c000 103:05 1319045                   /usr/lib/jvm/java-8-oracle/jre/lib/amd64/libt2k.so
7efffb1ab000-7efffb1ac000 rw-p 00072000 103:05 1319045                   /usr/lib/jvm/java-8-oracle/jre/lib/amd64/libt2k.so
7efffb1ac000-7efffb1bd000 r-xp 00000000 103:05 1319086                   /usr/lib/jvm/java-8-oracle/jre/lib/amd64/libnio.so
7efffb1bd000-7efffb3bc000 ---p 00011000 103:05 1319086                   /usr/lib/jvm/java-8-oracle/jre/lib/amd64/libnio.so
7efffb3bc000-7efffb3bd000 r--p 00010000 103:05 1319086                   /usr/lib/jvm/java-8-oracle/jre/lib/amd64/libnio.so
7efffb3bd000-7efffb3be000 rw-p 00011000 103:05 1319086                   /usr/lib/jvm/java-8-oracle/jre/lib/amd64/libnio.so
7efffb3be000-7efffb3d4000 r-xp 00000000 103:05 1319083                   /usr/lib/jvm/java-8-oracle/jre/lib/amd64/libnet.so
7efffb3d4000-7efffb5d4000 ---p 00016000 103:05 1319083                   /usr/lib/jvm/java-8-oracle/jre/lib/amd64/libnet.so
7efffb5d4000-7efffb5d5000 r--p 00016000 103:05 1319083                   /usr/lib/jvm/java-8-oracle/jre/lib/amd64/libnet.so
7efffb5d5000-7efffb5d6000 rw-p 00017000 103:05 1319083                   /usr/lib/jvm/java-8-oracle/jre/lib/amd64/libnet.so
7efffb5d6000-7efffb5d9000 ---p 00000000 00:00 0 
7efffb5d9000-7efffb6d7000 rw-p 00000000 00:00 0 
7efffb6d7000-7efffb6da000 ---p 00000000 00:00 0 
7efffb6da000-7efffb9d8000 rw-p 00000000 00:00 0 
7efffb9d8000-7efffb9dd000 r-xp 00000000 103:05 401423                    /usr/lib/x86_64-linux-gnu/libXfixes.so.3.1.0
7efffb9dd000-7efffbbdc000 ---p 00005000 103:05 401423                    /usr/lib/x86_64-linux-gnu/libXfixes.so.3.1.0
7efffbbdc000-7efffbbdd000 r--p 00004000 103:05 401423                    /usr/lib/x86_64-linux-gnu/libXfixes.so.3.1.0
7efffbbdd000-7efffbbde000 rw-p 00005000 103:05 401423                    /usr/lib/x86_64-linux-gnu/libXfixes.so.3.1.0
7efffbbde000-7efffbbe7000 r-xp 00000000 103:05 401415                    /usr/lib/x86_64-linux-gnu/libXcursor.so.1.0.2
7efffbbe7000-7efffbde6000 ---p 00009000 103:05 401415                    /usr/lib/x86_64-linux-gnu/libXcursor.so.1.0.2
7efffbde6000-7efffbde7000 r--p 00008000 103:05 401415                    /usr/lib/x86_64-linux-gnu/libXcursor.so.1.0.2
7efffbde7000-7efffbde8000 rw-p 00009000 103:05 401415                    /usr/lib/x86_64-linux-gnu/libXcursor.so.1.0.2
7efffbde8000-7efffbdff000 r-xp 00000000 103:05 3801177                   /lib/x86_64-linux-gnu/libgcc_s.so.1
7efffbdff000-7efffbffe000 ---p 00017000 103:05 3801177                   /lib/x86_64-linux-gnu/libgcc_s.so.1
7efffbffe000-7efffbfff000 r--p 00016000 103:05 3801177                   /lib/x86_64-linux-gnu/libgcc_s.so.1
7efffbfff000-7efffc000000 rw-p 00017000 103:05 3801177                   /lib/x86_64-linux-gnu/libgcc_s.so.1
7efffc000000-7efffc021000 rw-p 00000000 00:00 0 
7efffc021000-7f0000000000 ---p 00000000 00:00 0 
7f0000000000-7f0000005000 r--s 00000000 103:05 2754981                   /var/cache/fontconfig/9d2451b1fd30e5bffe8383fd27c35478-le64.cache-7
7f0000005000-7f000000b000 r--s 00000000 103:05 2759433                   /var/cache/fontconfig/3047814df9a2f067bd2d96a2b9c36e5a-le64.cache-7
7f000000b000-7f0000013000 r--s 00000000 103:05 2753774                   /var/cache/fontconfig/bf3b770c553c462765856025a94f1ce6-le64.cache-7
7f0000013000-7f0000026000 r--s 00000000 103:05 2754334                   /var/cache/fontconfig/d52a8644073d54c13679302ca1180695-le64.cache-7
7f0000026000-7f0000034000 r--s 00000000 103:05 2754320                   /var/cache/fontconfig/9b89f8e3dae116d678bbf48e5f21f69b-le64.cache-7
7f0000034000-7f0000037000 ---p 00000000 00:00 0 
7f0000037000-7f0000135000 rw-p 00000000 00:00 0 
7f0000135000-7f0000138000 ---p 00000000 00:00 0 
7f0000138000-7f0000236000 rw-p 00000000 00:00 0 
7f0000236000-7f0000293000 r-xp 00000000 103:05 1319057                   /usr/lib/jvm/java-8-oracle/jre/lib/amd64/libfontmanager.so
7f0000293000-7f0000493000 ---p 0005d000 103:05 1319057                   /usr/lib/jvm/java-8-oracle/jre/lib/amd64/libfontmanager.so
7f0000493000-7f0000496000 r--p 0005d000 103:05 1319057                   /usr/lib/jvm/java-8-oracle/jre/lib/amd64/libfontmanager.so
7f0000496000-7f0000497000 rw-p 00060000 103:05 1319057                   /usr/lib/jvm/java-8-oracle/jre/lib/amd64/libfontmanager.so
7f0000497000-7f00004aa000 r-xp 00000000 103:05 3806054                   /lib/x86_64-linux-gnu/libbsd.so.0.8.7
7f00004aa000-7f00006a9000 ---p 00013000 103:05 3806054                   /lib/x86_64-linux-gnu/libbsd.so.0.8.7
7f00006a9000-7f00006aa000 r--p 00012000 103:05 3806054                   /lib/x86_64-linux-gnu/libbsd.so.0.8.7
7f00006aa000-7f00006ab000 rw-p 00013000 103:05 3806054                   /lib/x86_64-linux-gnu/libbsd.so.0.8.7
7f00006ab000-7f00006ac000 rw-p 00000000 00:00 0 
7f00006ac000-7f00006b1000 r-xp 00000000 103:05 401419                    /usr/lib/x86_64-linux-gnu/libXdmcp.so.6.0.0
7f00006b1000-7f00008b0000 ---p 00005000 103:05 401419                    /usr/lib/x86_64-linux-gnu/libXdmcp.so.6.0.0
7f00008b0000-7f00008b1000 r--p 00004000 103:05 401419                    /usr/lib/x86_64-linux-gnu/libXdmcp.so.6.0.0
7f00008b1000-7f00008b2000 rw-p 00005000 103:05 401419                    /usr/lib/x86_64-linux-gnu/libXdmcp.so.6.0.0
7f00008b2000-7f00008b4000 r-xp 00000000 103:05 401408                    /usr/lib/x86_64-linux-gnu/libXau.so.6.0.0
7f00008b4000-7f0000ab4000 ---p 00002000 103:05 401408                    /usr/lib/x86_64-linux-gnu/libXau.so.6.0.0
7f0000ab4000-7f0000ab5000 r--p 00002000 103:05 401408                    /usr/lib/x86_64-linux-gnu/libXau.so.6.0.0
7f0000ab5000-7f0000ab6000 rw-p 00003000 103:05 401408                    /usr/lib/x86_64-linux-gnu/libXau.so.6.0.0
7f0000ab6000-7f0000adc000 r-xp 00000000 103:05 396084                    /usr/lib/x86_64-linux-gnu/libxcb.so.1.1.0
7f0000adc000-7f0000cdc000 ---p 00026000 103:05 396084                    /usr/lib/x86_64-linux-gnu/libxcb.so.1.1.0
7f0000cdc000-7f0000cdd000 r--p 00026000 103:05 396084                    /usr/lib/x86_64-linux-gnu/libxcb.so.1.1.0
7f0000cdd000-7f0000cde000 rw-p 00027000 103:05 396084                    /usr/lib/x86_64-linux-gnu/libxcb.so.1.1.0
7f0000cde000-7f0000ced000 r-xp 00000000 103:05 401429                    /usr/lib/x86_64-linux-gnu/libXi.so.6.1.0
7f0000ced000-7f0000eec000 ---p 0000f000 103:05 401429                    /usr/lib/x86_64-linux-gnu/libXi.so.6.1.0
7f0000eec000-7f0000eed000 r--p 0000e000 103:05 401429                    /usr/lib/x86_64-linux-gnu/libXi.so.6.1.0
7f0000eed000-7f0000eee000 rw-p 0000f000 103:05 401429                    /usr/lib/x86_64-linux-gnu/libXi.so.6.1.0
7f0000eee000-7f0000ef3000 r-xp 00000000 103:05 401447                    /usr/lib/x86_64-linux-gnu/libXtst.so.6.1.0
7f0000ef3000-7f00010f2000 ---p 00005000 103:05 401447                    /usr/lib/x86_64-linux-gnu/libXtst.so.6.1.0
7f00010f2000-7f00010f3000 r--p 00004000 103:05 401447                    /usr/lib/x86_64-linux-gnu/libXtst.so.6.1.0
7f00010f3000-7f00010f4000 rw-p 00005000 103:05 401447                    /usr/lib/x86_64-linux-gnu/libXtst.so.6.1.0
7f00010f4000-7f00010fd000 r-xp 00000000 103:05 401441                    /usr/lib/x86_64-linux-gnu/libXrender.so.1.3.0
7f00010fd000-7f00012fc000 ---p 00009000 103:05 401441                    /usr/lib/x86_64-linux-gnu/libXrender.so.1.3.0
7f00012fc000-7f00012fd000 r--p 00008000 103:05 401441                    /usr/lib/x86_64-linux-gnu/libXrender.so.1.3.0
7f00012fd000-7f00012fe000 rw-p 00009000 103:05 401441                    /usr/lib/x86_64-linux-gnu/libXrender.so.1.3.0
7f00012fe000-7f0001431000 r-xp 00000000 103:05 400060                    /usr/lib/x86_64-linux-gnu/libX11.so.6.3.0
7f0001431000-7f0001631000 ---p 00133000 103:05 400060                    /usr/lib/x86_64-linux-gnu/libX11.so.6.3.0
7f0001631000-7f0001632000 r--p 00133000 103:05 400060                    /usr/lib/x86_64-linux-gnu/libX11.so.6.3.0
7f0001632000-7f0001636000 rw-p 00134000 103:05 400060                    /usr/lib/x86_64-linux-gnu/libX11.so.6.3.0
7f0001636000-7f0001647000 r-xp 00000000 103:05 401421                    /usr/lib/x86_64-linux-gnu/libXext.so.6.4.0
7f0001647000-7f0001846000 ---p 00011000 103:05 401421                    /usr/lib/x86_64-linux-gnu/libXext.so.6.4.0
7f0001846000-7f0001847000 r--p 00010000 103:05 401421                    /usr/lib/x86_64-linux-gnu/libXext.so.6.4.0
7f0001847000-7f0001848000 rw-p 00011000 103:05 401421                    /usr/lib/x86_64-linux-gnu/libXext.so.6.4.0
7f0001848000-7f000186e000 r--p 00000000 103:05 1182632                   /usr/share/locale-langpack/fr/LC_MESSAGES/libc.mo
7f000186e000-7f00018c1000 r-xp 00000000 103:05 1319090                   /usr/lib/jvm/java-8-oracle/jre/lib/amd64/libawt_xawt.so
7f00018c1000-7f0001ac0000 ---p 00053000 103:05 1319090                   /usr/lib/jvm/java-8-oracle/jre/lib/amd64/libawt_xawt.so
7f0001ac0000-7f0001ac1000 r--p 00052000 103:05 1319090                   /usr/lib/jvm/java-8-oracle/jre/lib/amd64/libawt_xawt.so
7f0001ac1000-7f0001ac4000 rw-p 00053000 103:05 1319090                   /usr/lib/jvm/java-8-oracle/jre/lib/amd64/libawt_xawt.so
7f0001ac4000-7f0001ac5000 rw-p 00000000 00:00 0 
7f0001ac5000-7f0001b65000 r-xp 00000000 103:05 1319075                   /usr/lib/jvm/java-8-oracle/jre/lib/amd64/libawt.so
7f0001b65000-7f0001d64000 ---p 000a0000 103:05 1319075                   /usr/lib/jvm/java-8-oracle/jre/lib/amd64/libawt.so
7f0001d64000-7f0001d65000 r--p 0009f000 103:05 1319075                   /usr/lib/jvm/java-8-oracle/jre/lib/amd64/libawt.so
7f0001d65000-7f0001d70000 rw-p 000a0000 103:05 1319075                   /usr/lib/jvm/java-8-oracle/jre/lib/amd64/libawt.so
7f0001d70000-7f0001d95000 rw-p 00000000 00:00 0 
7f0001d95000-7f0001d96000 ---p 00000000 00:00 0 
7f0001d96000-7f0001e96000 rw-p 00000000 00:00 0 
7f0001e96000-7f0001e99000 ---p 00000000 00:00 0 
7f0001e99000-7f0001f97000 rw-p 00000000 00:00 0 
7f0001f97000-7f0001f98000 ---p 00000000 00:00 0 
7f0001f98000-7f0001f9b000 ---p 00000000 00:00 0 
7f0001f9b000-7f0002098000 rw-p 00000000 00:00 0 
7f0002098000-7f0002099000 ---p 00000000 00:00 0 
7f0002099000-7f000209c000 ---p 00000000 00:00 0 
7f000209c000-7f0002199000 rw-p 00000000 00:00 0 
7f0002199000-7f000219a000 ---p 00000000 00:00 0 
7f000219a000-7f000219d000 ---p 00000000 00:00 0 
7f000219d000-7f000229a000 rw-p 00000000 00:00 0 
7f000229a000-7f000229b000 ---p 00000000 00:00 0 
7f000229b000-7f000229e000 ---p 00000000 00:00 0 
7f000229e000-7f000239b000 rw-p 00000000 00:00 0 
7f000239b000-7f000239e000 ---p 00000000 00:00 0 
7f000239e000-7f000249c000 rw-p 00000000 00:00 0 
7f000249c000-7f0002e6b000 r--p 00000000 103:05 400112                    /usr/lib/locale/locale-archive
7f0002e6b000-7f0002e6e000 ---p 00000000 00:00 0 
7f0002e6e000-7f0002f6c000 rw-p 00000000 00:00 0 
7f0002f6c000-7f0002f6f000 ---p 00000000 00:00 0 
7f0002f6f000-7f000306d000 rw-p 00000000 00:00 0 
7f000306d000-7f000306e000 ---p 00000000 00:00 0 
7f000306e000-7f0004000000 rw-p 00000000 00:00 0 
7f0004000000-7f0004021000 rw-p 00000000 00:00 0 
7f0004021000-7f0008000000 ---p 00000000 00:00 0 
7f0008000000-7f0008001000 r--s 00000000 103:05 2754305                   /var/cache/fontconfig/56cf4f4769d0f4abc89a4895d7bd3ae1-le64.cache-7
7f0008001000-7f0008002000 r--s 00000000 103:05 2754327                   /var/cache/fontconfig/b9d506c9ac06c20b433354fa67a72993-le64.cache-7
7f0008002000-7f0008008000 r--s 00000000 103:05 2754325                   /var/cache/fontconfig/b47c4e1ecd0709278f4910c18777a504-le64.cache-7
7f0008008000-7f0008009000 r--s 00000000 103:05 2754292                   /var/cache/fontconfig/370e5b74bf5dafc30834de68e24a87a4-le64.cache-7
7f0008009000-7f000800a000 r--s 00000000 103:05 2754313                   /var/cache/fontconfig/6b2c5944714ca7831b25bed9e85cb5c8-le64.cache-7
7f000800a000-7f000800b000 r--s 00000000 103:05 2754333                   /var/cache/fontconfig/d5178ab6d91b49bf20a416737dcea9e8-le64.cache-7
7f000800b000-7f000800c000 r--s 00000000 103:05 2754303                   /var/cache/fontconfig/551ecf3b0e8b0bca0f25c0944f561853-le64.cache-7
7f000800c000-7f000801a000 r--s 00000000 103:05 2764616                   /var/cache/fontconfig/e13b20fdb08344e0e664864cc2ede53d-le64.cache-7
7f000801a000-7f0009414000 rw-p 00000000 00:00 0 
7f0009414000-7f00095ee000 r--s 03d6f000 103:05 1319016                   /usr/lib/jvm/java-8-oracle/jre/lib/rt.jar
7f00095ee000-7f000adfb000 rw-p 00000000 00:00 0 
7f000adfb000-7f000adfc000 ---p 00000000 00:00 0 
7f000adfc000-7f000aefc000 rw-p 00000000 00:00 0 
7f000aefc000-7f000aefd000 ---p 00000000 00:00 0 
7f000aefd000-7f000affd000 rw-p 00000000 00:00 0 
7f000affd000-7f000affe000 ---p 00000000 00:00 0 
7f000affe000-7f000b0fe000 rw-p 00000000 00:00 0 
7f000b0fe000-7f000b0ff000 ---p 00000000 00:00 0 
7f000b0ff000-7f000b1ff000 rw-p 00000000 00:00 0 
7f000b1ff000-7f000b200000 ---p 00000000 00:00 0 
7f000b200000-7f000b300000 rw-p 00000000 00:00 0 
7f000b300000-7f000b301000 ---p 00000000 00:00 0 
7f000b301000-7f000b401000 rw-p 00000000 00:00 0 
7f000b401000-7f000b402000 ---p 00000000 00:00 0 
7f000b402000-7f000b502000 rw-p 00000000 00:00 0 
7f000b502000-7f000b503000 ---p 00000000 00:00 0 
7f000b503000-7f000b887000 rw-p 00000000 00:00 0 
7f000b887000-7f000c068000 ---p 00000000 00:00 0 
7f000c068000-7f000c2ec000 rw-p 00000000 00:00 0 
7f000c2ec000-7f000cacc000 ---p 00000000 00:00 0 
7f000cacc000-7f000cfff000 rw-p 00000000 00:00 0 
7f000cfff000-7f000d000000 rw-p 00000000 00:00 0 
7f000d000000-7f000d860000 rwxp 00000000 00:00 0 
7f000d860000-7f001c000000 ---p 00000000 00:00 0 
7f001c000000-7f001fdb6000 rw-p 00000000 00:00 0 
7f001fdb6000-7f0020000000 ---p 00000000 00:00 0 
7f0020000000-7f0020003000 r--s 00000000 103:05 2754342                   /var/cache/fontconfig/f259c2cffa685e28062317905db73c4a-le64.cache-7
7f0020003000-7f0020005000 r--s 00000000 103:05 2754302                   /var/cache/fontconfig/550f3886151c940c12a5ed35f6a00586-le64.cache-7
7f0020005000-7f0020008000 r--s 00000000 103:05 2754311                   /var/cache/fontconfig/674d1711f2d1d2a09646eb0bdcadee49-le64.cache-7
7f0020008000-7f0020009000 r--s 00000000 103:05 2754295                   /var/cache/fontconfig/3f7329c5293ffd510edef78f73874cfd-le64.cache-7
7f0020009000-7f002000d000 r--s 00000000 103:05 2754335                   /var/cache/fontconfig/d589a48862398ed80a3d6066f4f56f4c-le64.cache-7
7f002000d000-7f00200b7000 rw-p 00000000 00:00 0 
7f00200b7000-7f00200b8000 ---p 00000000 00:00 0 
7f00200b8000-7f00201b8000 rw-p 00000000 00:00 0 
7f00201b8000-7f00201b9000 ---p 00000000 00:00 0 
7f00201b9000-7f00202db000 rw-p 00000000 00:00 0 
7f00202db000-7f0020679000 ---p 00000000 00:00 0 
7f0020679000-7f0020694000 r-xp 00000000 103:05 1319079                   /usr/lib/jvm/java-8-oracle/jre/lib/amd64/libzip.so
7f0020694000-7f0020893000 ---p 0001b000 103:05 1319079                   /usr/lib/jvm/java-8-oracle/jre/lib/amd64/libzip.so
7f0020893000-7f0020894000 r--p 0001a000 103:05 1319079                   /usr/lib/jvm/java-8-oracle/jre/lib/amd64/libzip.so
7f0020894000-7f0020895000 rw-p 0001b000 103:05 1319079                   /usr/lib/jvm/java-8-oracle/jre/lib/amd64/libzip.so
7f0020895000-7f00208a0000 r-xp 00000000 103:05 3806148                   /lib/x86_64-linux-gnu/libnss_files-2.27.so
7f00208a0000-7f0020a9f000 ---p 0000b000 103:05 3806148                   /lib/x86_64-linux-gnu/libnss_files-2.27.so
7f0020a9f000-7f0020aa0000 r--p 0000a000 103:05 3806148                   /lib/x86_64-linux-gnu/libnss_files-2.27.so
7f0020aa0000-7f0020aa1000 rw-p 0000b000 103:05 3806148                   /lib/x86_64-linux-gnu/libnss_files-2.27.so
7f0020aa1000-7f0020aa7000 rw-p 00000000 00:00 0 
7f0020aa7000-7f0020abe000 r-xp 00000000 103:05 3806142                   /lib/x86_64-linux-gnu/libnsl-2.27.so
7f0020abe000-7f0020cbd000 ---p 00017000 103:05 3806142                   /lib/x86_64-linux-gnu/libnsl-2.27.so
7f0020cbd000-7f0020cbe000 r--p 00016000 103:05 3806142                   /lib/x86_64-linux-gnu/libnsl-2.27.so
7f0020cbe000-7f0020cbf000 rw-p 00017000 103:05 3806142                   /lib/x86_64-linux-gnu/libnsl-2.27.so
7f0020cbf000-7f0020cc1000 rw-p 00000000 00:00 0 
7f0020cc1000-7f0020ccc000 r-xp 00000000 103:05 3806159                   /lib/x86_64-linux-gnu/libnss_nis-2.27.so
7f0020ccc000-7f0020ecb000 ---p 0000b000 103:05 3806159                   /lib/x86_64-linux-gnu/libnss_nis-2.27.so
7f0020ecb000-7f0020ecc000 r--p 0000a000 103:05 3806159                   /lib/x86_64-linux-gnu/libnss_nis-2.27.so
7f0020ecc000-7f0020ecd000 rw-p 0000b000 103:05 3806159                   /lib/x86_64-linux-gnu/libnss_nis-2.27.so
7f0020ecd000-7f0020ed5000 r-xp 00000000 103:05 3806144                   /lib/x86_64-linux-gnu/libnss_compat-2.27.so
7f0020ed5000-7f00210d5000 ---p 00008000 103:05 3806144                   /lib/x86_64-linux-gnu/libnss_compat-2.27.so
7f00210d5000-7f00210d6000 r--p 00008000 103:05 3806144                   /lib/x86_64-linux-gnu/libnss_compat-2.27.so
7f00210d6000-7f00210d7000 rw-p 00009000 103:05 3806144                   /lib/x86_64-linux-gnu/libnss_compat-2.27.so
7f00210d7000-7f0021103000 r-xp 00000000 103:05 1319071                   /usr/lib/jvm/java-8-oracle/jre/lib/amd64/libjava.so
7f0021103000-7f0021303000 ---p 0002c000 103:05 1319071                   /usr/lib/jvm/java-8-oracle/jre/lib/amd64/libjava.so
7f0021303000-7f0021304000 r--p 0002c000 103:05 1319071                   /usr/lib/jvm/java-8-oracle/jre/lib/amd64/libjava.so
7f0021304000-7f0021306000 rw-p 0002d000 103:05 1319071                   /usr/lib/jvm/java-8-oracle/jre/lib/amd64/libjava.so
7f0021306000-7f0021313000 r-xp 00000000 103:05 1319077                   /usr/lib/jvm/java-8-oracle/jre/lib/amd64/libverify.so
7f0021313000-7f0021512000 ---p 0000d000 103:05 1319077                   /usr/lib/jvm/java-8-oracle/jre/lib/amd64/libverify.so
7f0021512000-7f0021514000 r--p 0000c000 103:05 1319077                   /usr/lib/jvm/java-8-oracle/jre/lib/amd64/libverify.so
7f0021514000-7f0021515000 rw-p 0000e000 103:05 1319077                   /usr/lib/jvm/java-8-oracle/jre/lib/amd64/libverify.so
7f0021515000-7f002151c000 r-xp 00000000 103:05 3806199                   /lib/x86_64-linux-gnu/librt-2.27.so
7f002151c000-7f002171b000 ---p 00007000 103:05 3806199                   /lib/x86_64-linux-gnu/librt-2.27.so
7f002171b000-7f002171c000 r--p 00006000 103:05 3806199                   /lib/x86_64-linux-gnu/librt-2.27.so
7f002171c000-7f002171d000 rw-p 00007000 103:05 3806199                   /lib/x86_64-linux-gnu/librt-2.27.so
7f002171d000-7f00218ba000 r-xp 00000000 103:05 3806121                   /lib/x86_64-linux-gnu/libm-2.27.so
7f00218ba000-7f0021ab9000 ---p 0019d000 103:05 3806121                   /lib/x86_64-linux-gnu/libm-2.27.so
7f0021ab9000-7f0021aba000 r--p 0019c000 103:05 3806121                   /lib/x86_64-linux-gnu/libm-2.27.so
7f0021aba000-7f0021abb000 rw-p 0019d000 103:05 3806121                   /lib/x86_64-linux-gnu/libm-2.27.so
7f0021abb000-7f00227a3000 r-xp 00000000 103:05 1581920                   /usr/lib/jvm/java-8-oracle/jre/lib/amd64/server/libjvm.so
7f00227a3000-7f00229a2000 ---p 00ce8000 103:05 1581920                   /usr/lib/jvm/java-8-oracle/jre/lib/amd64/server/libjvm.so
7f00229a2000-7f0022a38000 r--p 00ce7000 103:05 1581920                   /usr/lib/jvm/java-8-oracle/jre/lib/amd64/server/libjvm.so
7f0022a38000-7f0022a69000 rw-p 00d7d000 103:05 1581920                   /usr/lib/jvm/java-8-oracle/jre/lib/amd64/server/libjvm.so
7f0022a69000-7f0022aa4000 rw-p 00000000 00:00 0 
7f0022aa4000-7f0022c8b000 r-xp 00000000 103:05 3806058                   /lib/x86_64-linux-gnu/libc-2.27.so
7f0022c8b000-7f0022e8b000 ---p 001e7000 103:05 3806058                   /lib/x86_64-linux-gnu/libc-2.27.so
7f0022e8b000-7f0022e8f000 r--p 001e7000 103:05 3806058                   /lib/x86_64-linux-gnu/libc-2.27.so
7f0022e8f000-7f0022e91000 rw-p 001eb000 103:05 3806058                   /lib/x86_64-linux-gnu/libc-2.27.so
7f0022e91000-7f0022e95000 rw-p 00000000 00:00 0 
7f0022e95000-7f0022e98000 r-xp 00000000 103:05 3806081                   /lib/x86_64-linux-gnu/libdl-2.27.so
7f0022e98000-7f0023097000 ---p 00003000 103:05 3806081                   /lib/x86_64-linux-gnu/libdl-2.27.so
7f0023097000-7f0023098000 r--p 00002000 103:05 3806081                   /lib/x86_64-linux-gnu/libdl-2.27.so
7f0023098000-7f0023099000 rw-p 00003000 103:05 3806081                   /lib/x86_64-linux-gnu/libdl-2.27.so
7f0023099000-7f00230b0000 r-xp 00000000 103:05 409197                    /usr/lib/jvm/java-8-oracle/lib/amd64/jli/libjli.so
7f00230b0000-7f00232af000 ---p 00017000 103:05 409197                    /usr/lib/jvm/java-8-oracle/lib/amd64/jli/libjli.so
7f00232af000-7f00232b0000 r--p 00016000 103:05 409197                    /usr/lib/jvm/java-8-oracle/lib/amd64/jli/libjli.so
7f00232b0000-7f00232b1000 rw-p 00017000 103:05 409197                    /usr/lib/jvm/java-8-oracle/lib/amd64/jli/libjli.so
7f00232b1000-7f00232cb000 r-xp 00000000 103:05 3806191                   /lib/x86_64-linux-gnu/libpthread-2.27.so
7f00232cb000-7f00234ca000 ---p 0001a000 103:05 3806191                   /lib/x86_64-linux-gnu/libpthread-2.27.so
7f00234ca000-7f00234cb000 r--p 00019000 103:05 3806191                   /lib/x86_64-linux-gnu/libpthread-2.27.so
7f00234cb000-7f00234cc000 rw-p 0001a000 103:05 3806191                   /lib/x86_64-linux-gnu/libpthread-2.27.so
7f00234cc000-7f00234d0000 rw-p 00000000 00:00 0 
7f00234d0000-7f00234d6000 r-xp 00000000 103:05 413404                    /usr/lib/x86_64-linux-gnu/libgtk3-nocsd.so.0
7f00234d6000-7f00236d5000 ---p 00006000 103:05 413404                    /usr/lib/x86_64-linux-gnu/libgtk3-nocsd.so.0
7f00236d5000-7f00236d6000 r--p 00005000 103:05 413404                    /usr/lib/x86_64-linux-gnu/libgtk3-nocsd.so.0
7f00236d6000-7f00236d7000 rw-p 00006000 103:05 413404                    /usr/lib/x86_64-linux-gnu/libgtk3-nocsd.so.0
7f00236d7000-7f00236fe000 r-xp 00000000 103:05 3806030                   /lib/x86_64-linux-gnu/ld-2.27.so
7f00236fe000-7f00236ff000 r--s 00000000 103:05 2754281                   /var/cache/fontconfig/0c9eb80ebd1c36541ebe2852d3bb0c49-le64.cache-7
7f00236ff000-7f0023700000 r--s 00000000 103:05 2754288                   /var/cache/fontconfig/22368d551a680bfe5a62c02760edf4ea-le64.cache-7
7f0023700000-7f0023701000 r--s 00000000 103:05 2754300                   /var/cache/fontconfig/4d9c95eba1cb85bbcf2878543262124a-le64.cache-7
7f0023701000-7f0023702000 r--s 00000000 103:05 2754317                   /var/cache/fontconfig/85e0a52ce643a7ba2ae53e5d6949cead-le64.cache-7
7f0023702000-7f0023703000 r--s 00000000 103:05 2754297                   /var/cache/fontconfig/49f0de54bdd920fe4f0dfd4cbac43e6b-le64.cache-7
7f0023703000-7f0023704000 r--s 00000000 103:05 2754344                   /var/cache/fontconfig/f6e6e0a5c3d2f6ae0c0c2e0ecd42a997-le64.cache-7
7f0023704000-7f0023705000 r--s 00000000 103:05 2754298                   /var/cache/fontconfig/4b2eda6bb976bda485cb2176619421d5-le64.cache-7
7f0023705000-7f002370f000 r--s 00226000 103:05 1984601                   /home/fernandr/.m2/repository/net/imagej/ij/1.52k/ij-1.52k.jar
7f002370f000-7f00237d3000 rw-p 00000000 00:00 0 
7f00237d3000-7f00237d4000 ---p 00000000 00:00 0 
7f00237d4000-7f00237d7000 ---p 00000000 00:00 0 
7f00237d7000-7f00238d8000 rw-p 00000000 00:00 0 
7f00238d8000-7f00238da000 r--s 00000000 103:05 2754312                   /var/cache/fontconfig/6afa1bb216ce958c1589e297e8008489-le64.cache-7
7f00238da000-7f00238e1000 r--s 00000000 103:05 657616                    /usr/lib/x86_64-linux-gnu/gconv/gconv-modules.cache
7f00238e1000-7f00238e8000 r--s 00095000 103:05 2028044                   /home/fernandr/Programmes/LIB_EXT/JAR/VIB-lib-2.1.2.jar
7f00238e8000-7f00238f3000 r--s 00093000 103:05 1983880                   /home/fernandr/Programmes/LIB_EXT/JAR/simpleitk-1.2.0.jar
7f00238f3000-7f00238f4000 r--s 00005000 103:05 3411772                   /home/fernandr/eclipse-workspace/MyIJPlugs/vitimage/target/lib/ext/lma.jar
7f00238f4000-7f00238fc000 rw-s 00000000 103:05 2884091                   /tmp/hsperfdata_fernandr/11973
7f00238fc000-7f00238fd000 rw-p 00000000 00:00 0 
7f00238fd000-7f00238fe000 r--p 00000000 00:00 0 
7f00238fe000-7f00238ff000 r--p 00027000 103:05 3806030                   /lib/x86_64-linux-gnu/ld-2.27.so
7f00238ff000-7f0023900000 rw-p 00028000 103:05 3806030                   /lib/x86_64-linux-gnu/ld-2.27.so
7f0023900000-7f0023901000 rw-p 00000000 00:00 0 
7fff6e097000-7fff6e0b8000 rw-p 00000000 00:00 0                          [stack]
7fff6e10c000-7fff6e10f000 r--p 00000000 00:00 0                          [vvar]
7fff6e10f000-7fff6e111000 r-xp 00000000 00:00 0                          [vdso]
ffffffffff600000-ffffffffff601000 r-xp 00000000 00:00 0                  [vsyscall]

VM Arguments:
jvm_args: -Djava.library.path=/home/fernandr/Programmes/Fiji.app/lib/linux64 -Dfile.encoding=UTF-8 
java_command: com.vitimage.BlockMatchingRegistration
java_class_path (initial): /home/fernandr/eclipse-workspace/MyIJPlugs/vitimage/target/lib/ext/lma.jar:/home/fernandr/eclipse-workspace/MyIJPlugs/vitimage/target/classes:/home/fernandr/Programmes/LIB_EXT/JAR/simpleitk-1.2.0.jar:/home/fernandr/Programmes/LIB_EXT/JAR/VIB-lib-2.1.2.jar:/home/fernandr/.m2/repository/net/imagej/ij/1.52k/ij-1.52k.jar:/usr/lib/jvm/java-8-oracle/lib/tools.jar:/home/fernandr/.m2/repository/sc/fiji/imagescience/3.0.0/imagescience-3.0.0.jar:/home/fernandr/.m2/repository/sc/fiji/Image_5D/1.2.6/Image_5D-1.2.6.jar:/home/fernandr/.m2/repository/sc/fiji/VIB-lib/2.1.2/VIB-lib-2.1.2.jar:/home/fernandr/.m2/repository/sc/fiji/pal-optimization/2.0.0/pal-optimization-2.0.0.jar:/home/fernandr/.m2/repository/gov/nist/math/jama/1.0.3/jama-1.0.3.jar
Launcher Type: SUN_STANDARD

Environment Variables:
JAVA_HOME=/usr/lib/jvm/java-8-oracle
PATH=/usr/local/sbin:/usr/local/bin:/usr/sbin:/usr/bin:/sbin:/bin:/usr/games:/usr/local/games:/home/fernandr/Programmes/ImageJ:/home/fernandr/Programmes/Fiji.app:/snap/bin:/usr/lib/jvm/java-8-oracle/bin:/usr/lib/jvm/java-8-oracle/db/bin:/usr/lib/jvm/java-8-oracle/jre/bin
USERNAME=fernandr
LD_PRELOAD=libgtk3-nocsd.so.0
SHELL=/bin/bash
DISPLAY=:0

Signal Handlers:
SIGSEGV: [libjvm.so+0xad3e60], sa_mask[0]=11111111011111111101111111111110, sa_flags=SA_RESTART|SA_SIGINFO
SIGBUS: [libjvm.so+0xad3e60], sa_mask[0]=11111111011111111101111111111110, sa_flags=SA_RESTART|SA_SIGINFO
SIGFPE: [libjvm.so+0x90b880], sa_mask[0]=11111111011111111101111111111110, sa_flags=SA_RESTART|SA_SIGINFO
SIGPIPE: [libjvm.so+0x90b880], sa_mask[0]=11111111011111111101111111111110, sa_flags=SA_RESTART|SA_SIGINFO
SIGXFSZ: [libjvm.so+0x90b880], sa_mask[0]=11111111011111111101111111111110, sa_flags=SA_RESTART|SA_SIGINFO
SIGILL: [libjvm.so+0x90b880], sa_mask[0]=11111111011111111101111111111110, sa_flags=SA_RESTART|SA_SIGINFO
SIGUSR1: SIG_DFL, sa_mask[0]=00000000000000000000000000000000, sa_flags=none
SIGUSR2: [libjvm.so+0x90b750], sa_mask[0]=00100000000000000000000000000000, sa_flags=SA_RESTART|SA_SIGINFO
SIGHUP: [libjvm.so+0x90bd70], sa_mask[0]=11111111011111111101111111111110, sa_flags=SA_RESTART|SA_SIGINFO
SIGINT: [libjvm.so+0x90bd70], sa_mask[0]=11111111011111111101111111111110, sa_flags=SA_RESTART|SA_SIGINFO
SIGTERM: [libjvm.so+0x90bd70], sa_mask[0]=11111111011111111101111111111110, sa_flags=SA_RESTART|SA_SIGINFO
SIGQUIT: [libjvm.so+0x90bd70], sa_mask[0]=11111111011111111101111111111110, sa_flags=SA_RESTART|SA_SIGINFO


---------------  S Y S T E M  ---------------

OS:DISTRIB_ID=Ubuntu
DISTRIB_RELEASE=18.04
DISTRIB_CODENAME=bionic
DISTRIB_DESCRIPTION="Ubuntu 18.04.2 LTS"

uname:Linux 4.15.0-47-generic #50-Ubuntu SMP Wed Mar 13 10:44:52 UTC 2019 x86_64
libc:glibc 2.27 NPTL 2.27 
rlimit: STACK 8192k, CORE 0k, NPROC 127341, NOFILE 4096, AS infinity
load average:4,42 2,93 2,19

/proc/meminfo:
MemTotal:       32693780 kB
MemFree:        20785936 kB
MemAvailable:   23567080 kB
Buffers:          851976 kB
Cached:          2434296 kB
SwapCached:            0 kB
Active:          9207080 kB
Inactive:        2022496 kB
Active(anon):    7951392 kB
Inactive(anon):   258000 kB
Active(file):    1255688 kB
Inactive(file):  1764496 kB
Unevictable:       13580 kB
Mlocked:           13580 kB
SwapTotal:      19530748 kB
SwapFree:       19530748 kB
Dirty:                44 kB
Writeback:             0 kB
AnonPages:       7957072 kB
Mapped:           870732 kB
Shmem:            261568 kB
Slab:             330888 kB
SReclaimable:     232644 kB
SUnreclaim:        98244 kB
KernelStack:       21128 kB
PageTables:        77972 kB
NFS_Unstable:          0 kB
Bounce:                0 kB
WritebackTmp:          0 kB
CommitLimit:    35877636 kB
Committed_AS:   15643016 kB
VmallocTotal:   34359738367 kB
VmallocUsed:           0 kB
VmallocChunk:          0 kB
HardwareCorrupted:     0 kB
AnonHugePages:         0 kB
ShmemHugePages:        0 kB
ShmemPmdMapped:        0 kB
CmaTotal:              0 kB
CmaFree:               0 kB
HugePages_Total:       0
HugePages_Free:        0
HugePages_Rsvd:        0
HugePages_Surp:        0
Hugepagesize:       2048 kB
DirectMap4k:      543228 kB
DirectMap2M:    23328768 kB
DirectMap1G:    10485760 kB

container (cgroup) information:
container_type: cgroupv1
cpu_cpuset_cpus: 0-11
cpu_memory_nodes: 0
active_processor_count: 12
cpu_quota: -1
cpu_period: 100000
cpu_shares: -1
memory_limit_in_bytes: -1
memory_and_swap_limit_in_bytes: -2
memory_soft_limit_in_bytes: -1
memory_usage_in_bytes: 11514245120
memory_max_usage_in_bytes: 0


CPU:total 12 (initial active 12) (6 cores per cpu, 2 threads per core) family 6 model 158 stepping 10, cmov, cx8, fxsr, mmx, sse, sse2, sse3, ssse3, sse4.1, sse4.2, popcnt, avx, avx2, aes, clmul, erms, rtm, 3dnowpref, lzcnt, ht, tsc, tscinvbit, bmi1, bmi2, adx

/proc/cpuinfo:
processor	: 0
vendor_id	: GenuineIntel
cpu family	: 6
model		: 158
model name	: Intel(R) Xeon(R) E-2186M  CPU @ 2.90GHz
stepping	: 10
microcode	: 0x96
cpu MHz		: 4390.773
cache size	: 12288 KB
physical id	: 0
siblings	: 12
core id		: 0
cpu cores	: 6
apicid		: 0
initial apicid	: 0
fpu		: yes
fpu_exception	: yes
cpuid level	: 22
wp		: yes
flags		: fpu vme de pse tsc msr pae mce cx8 apic sep mtrr pge mca cmov pat pse36 clflush dts acpi mmx fxsr sse sse2 ss ht tm pbe syscall nx pdpe1gb rdtscp lm constant_tsc art arch_perfmon pebs bts rep_good nopl xtopology nonstop_tsc cpuid aperfmperf tsc_known_freq pni pclmulqdq dtes64 monitor ds_cpl vmx smx est tm2 ssse3 sdbg fma cx16 xtpr pdcm pcid sse4_1 sse4_2 x2apic movbe popcnt tsc_deadline_timer aes xsave avx f16c rdrand lahf_lm abm 3dnowprefetch cpuid_fault epb invpcid_single pti ssbd ibrs ibpb stibp tpr_shadow vnmi flexpriority ept vpid fsgsbase tsc_adjust bmi1 hle avx2 smep bmi2 erms invpcid rtm mpx rdseed adx smap clflushopt intel_pt xsaveopt xsavec xgetbv1 xsaves dtherm ida arat pln pts hwp hwp_notify hwp_act_window hwp_epp flush_l1d
bugs		: cpu_meltdown spectre_v1 spectre_v2 spec_store_bypass l1tf
bogomips	: 5808.00
clflush size	: 64
cache_alignment	: 64
address sizes	: 39 bits physical, 48 bits virtual
power management:

processor	: 1
vendor_id	: GenuineIntel
cpu family	: 6
model		: 158
model name	: Intel(R) Xeon(R) E-2186M  CPU @ 2.90GHz
stepping	: 10
microcode	: 0x96
cpu MHz		: 4361.317
cache size	: 12288 KB
physical id	: 0
siblings	: 12
core id		: 1
cpu cores	: 6
apicid		: 2
initial apicid	: 2
fpu		: yes
fpu_exception	: yes
cpuid level	: 22
wp		: yes
flags		: fpu vme de pse tsc msr pae mce cx8 apic sep mtrr pge mca cmov pat pse36 clflush dts acpi mmx fxsr sse sse2 ss ht tm pbe syscall nx pdpe1gb rdtscp lm constant_tsc art arch_perfmon pebs bts rep_good nopl xtopology nonstop_tsc cpuid aperfmperf tsc_known_freq pni pclmulqdq dtes64 monitor ds_cpl vmx smx est tm2 ssse3 sdbg fma cx16 xtpr pdcm pcid sse4_1 sse4_2 x2apic movbe popcnt tsc_deadline_timer aes xsave avx f16c rdrand lahf_lm abm 3dnowprefetch cpuid_fault epb invpcid_single pti ssbd ibrs ibpb stibp tpr_shadow vnmi flexpriority ept vpid fsgsbase tsc_adjust bmi1 hle avx2 smep bmi2 erms invpcid rtm mpx rdseed adx smap clflushopt intel_pt xsaveopt xsavec xgetbv1 xsaves dtherm ida arat pln pts hwp hwp_notify hwp_act_window hwp_epp flush_l1d
bugs		: cpu_meltdown spectre_v1 spectre_v2 spec_store_bypass l1tf
bogomips	: 5808.00
clflush size	: 64
cache_alignment	: 64
address sizes	: 39 bits physical, 48 bits virtual
power management:

processor	: 2
vendor_id	: GenuineIntel
cpu family	: 6
model		: 158
model name	: Intel(R) Xeon(R) E-2186M  CPU @ 2.90GHz
stepping	: 10
microcode	: 0x96
cpu MHz		: 4391.156
cache size	: 12288 KB
physical id	: 0
siblings	: 12
core id		: 2
cpu cores	: 6
apicid		: 4
initial apicid	: 4
fpu		: yes
fpu_exception	: yes
cpuid level	: 22
wp		: yes
flags		: fpu vme de pse tsc msr pae mce cx8 apic sep mtrr pge mca cmov pat pse36 clflush dts acpi mmx fxsr sse sse2 ss ht tm pbe syscall nx pdpe1gb rdtscp lm constant_tsc art arch_perfmon pebs bts rep_good nopl xtopology nonstop_tsc cpuid aperfmperf tsc_known_freq pni pclmulqdq dtes64 monitor ds_cpl vmx smx est tm2 ssse3 sdbg fma cx16 xtpr pdcm pcid sse4_1 sse4_2 x2apic movbe popcnt tsc_deadline_timer aes xsave avx f16c rdrand lahf_lm abm 3dnowprefetch cpuid_fault epb invpcid_single pti ssbd ibrs ibpb stibp tpr_shadow vnmi flexpriority ept vpid fsgsbase tsc_adjust bmi1 hle avx2 smep bmi2 erms invpcid rtm mpx rdseed adx smap clflushopt intel_pt xsaveopt xsavec xgetbv1 xsaves dtherm ida arat pln pts hwp hwp_notify hwp_act_window hwp_epp flush_l1d
bugs		: cpu_meltdown spectre_v1 spectre_v2 spec_store_bypass l1tf
bogomips	: 5808.00
clflush size	: 64
cache_alignment	: 64
address sizes	: 39 bits physical, 48 bits virtual
power management:

processor	: 3
vendor_id	: GenuineIntel
cpu family	: 6
model		: 158
model name	: Intel(R) Xeon(R) E-2186M  CPU @ 2.90GHz
stepping	: 10
microcode	: 0x96
cpu MHz		: 4393.537
cache size	: 12288 KB
physical id	: 0
siblings	: 12
core id		: 3
cpu cores	: 6
apicid		: 6
initial apicid	: 6
fpu		: yes
fpu_exception	: yes
cpuid level	: 22
wp		: yes
flags		: fpu vme de pse tsc msr pae mce cx8 apic sep mtrr pge mca cmov pat pse36 clflush dts acpi mmx fxsr sse sse2 ss ht tm pbe syscall nx pdpe1gb rdtscp lm constant_tsc art arch_perfmon pebs bts rep_good nopl xtopology nonstop_tsc cpuid aperfmperf tsc_known_freq pni pclmulqdq dtes64 monitor ds_cpl vmx smx est tm2 ssse3 sdbg fma cx16 xtpr pdcm pcid sse4_1 sse4_2 x2apic movbe popcnt tsc_deadline_timer aes xsave avx f16c rdrand lahf_lm abm 3dnowprefetch cpuid_fault epb invpcid_single pti ssbd ibrs ibpb stibp tpr_shadow vnmi flexpriority ept vpid fsgsbase tsc_adjust bmi1 hle avx2 smep bmi2 erms invpcid rtm mpx rdseed adx smap clflushopt intel_pt xsaveopt xsavec xgetbv1 xsaves dtherm ida arat pln pts hwp hwp_notify hwp_act_window hwp_epp flush_l1d
bugs		: cpu_meltdown spectre_v1 spectre_v2 spec_store_bypass l1tf
bogomips	: 5808.00
clflush size	: 64
cache_alignment	: 64
address sizes	: 39 bits physical, 48 bits virtual
power management:

processor	: 4
vendor_id	: GenuineIntel
cpu family	: 6
model		: 158
model name	: Intel(R) Xeon(R) E-2186M  CPU @ 2.90GHz
stepping	: 10
microcode	: 0x96
cpu MHz		: 4399.919
cache size	: 12288 KB
physical id	: 0
siblings	: 12
core id		: 4
cpu cores	: 6
apicid		: 8
initial apicid	: 8
fpu		: yes
fpu_exception	: yes
cpuid level	: 22
wp		: yes
flags		: fpu vme de pse tsc msr pae mce cx8 apic sep mtrr pge mca cmov pat pse36 clflush dts acpi mmx fxsr sse sse2 ss ht tm pbe syscall nx pdpe1gb rdtscp lm constant_tsc art arch_perfmon pebs bts rep_good nopl xtopology nonstop_tsc cpuid aperfmperf tsc_known_freq pni pclmulqdq dtes64 monitor ds_cpl vmx smx est tm2 ssse3 sdbg fma cx16 xtpr pdcm pcid sse4_1 sse4_2 x2apic movbe popcnt tsc_deadline_timer aes xsave avx f16c rdrand lahf_lm abm 3dnowprefetch cpuid_fault epb invpcid_single pti ssbd ibrs ibpb stibp tpr_shadow vnmi flexpriority ept vpid fsgsbase tsc_adjust bmi1 hle avx2 smep bmi2 erms invpcid rtm mpx rdseed adx smap clflushopt intel_pt xsaveopt xsavec xgetbv1 xsaves dtherm ida arat pln pts hwp hwp_notify hwp_act_window hwp_epp flush_l1d
bugs		: cpu_meltdown spectre_v1 spectre_v2 spec_store_bypass l1tf
bogomips	: 5808.00
clflush size	: 64
cache_alignment	: 64
address sizes	: 39 bits physical, 48 bits virtual
power management:

processor	: 5
vendor_id	: GenuineIntel
cpu family	: 6
model		: 158
model name	: Intel(R) Xeon(R) E-2186M  CPU @ 2.90GHz
stepping	: 10
microcode	: 0x96
cpu MHz		: 4361.523
cache size	: 12288 KB
physical id	: 0
siblings	: 12
core id		: 5
cpu cores	: 6
apicid		: 10
initial apicid	: 10
fpu		: yes
fpu_exception	: yes
cpuid level	: 22
wp		: yes
flags		: fpu vme de pse tsc msr pae mce cx8 apic sep mtrr pge mca cmov pat pse36 clflush dts acpi mmx fxsr sse sse2 ss ht tm pbe syscall nx pdpe1gb rdtscp lm constant_tsc art arch_perfmon pebs bts rep_good nopl xtopology nonstop_tsc cpuid aperfmperf tsc_known_freq pni pclmulqdq dtes64 monitor ds_cpl vmx smx est tm2 ssse3 sdbg fma cx16 xtpr pdcm pcid sse4_1 sse4_2 x2apic movbe popcnt tsc_deadline_timer aes xsave avx f16c rdrand lahf_lm abm 3dnowprefetch cpuid_fault epb invpcid_single pti ssbd ibrs ibpb stibp tpr_shadow vnmi flexpriority ept vpid fsgsbase tsc_adjust bmi1 hle avx2 smep bmi2 erms invpcid rtm mpx rdseed adx smap clflushopt intel_pt xsaveopt xsavec xgetbv1 xsaves dtherm ida arat pln pts hwp hwp_notify hwp_act_window hwp_epp flush_l1d
bugs		: cpu_meltdown spectre_v1 spectre_v2 spec_store_bypass l1tf
bogomips	: 5808.00
clflush size	: 64
cache_alignment	: 64
address sizes	: 39 bits physical, 48 bits virtual
power management:

processor	: 6
vendor_id	: GenuineIntel
cpu family	: 6
model		: 158
model name	: Intel(R) Xeon(R) E-2186M  CPU @ 2.90GHz
stepping	: 10
microcode	: 0x96
cpu MHz		: 4285.527
cache size	: 12288 KB
physical id	: 0
siblings	: 12
core id		: 0
cpu cores	: 6
apicid		: 1
initial apicid	: 1
fpu		: yes
fpu_exception	: yes
cpuid level	: 22
wp		: yes
flags		: fpu vme de pse tsc msr pae mce cx8 apic sep mtrr pge mca cmov pat pse36 clflush dts acpi mmx fxsr sse sse2 ss ht tm pbe syscall nx pdpe1gb rdtscp lm constant_tsc art arch_perfmon pebs bts rep_good nopl xtopology nonstop_tsc cpuid aperfmperf tsc_known_freq pni pclmulqdq dtes64 monitor ds_cpl vmx smx est tm2 ssse3 sdbg fma cx16 xtpr pdcm pcid sse4_1 sse4_2 x2apic movbe popcnt tsc_deadline_timer aes xsave avx f16c rdrand lahf_lm abm 3dnowprefetch cpuid_fault epb invpcid_single pti ssbd ibrs ibpb stibp tpr_shadow vnmi flexpriority ept vpid fsgsbase tsc_adjust bmi1 hle avx2 smep bmi2 erms invpcid rtm mpx rdseed adx smap clflushopt intel_pt xsaveopt xsavec xgetbv1 xsaves dtherm ida arat pln pts hwp hwp_notify hwp_act_window hwp_epp flush_l1d
bugs		: cpu_meltdown spectre_v1 spectre_v2 spec_store_bypass l1tf
bogomips	: 5808.00
clflush size	: 64
cache_alignment	: 64
address sizes	: 39 bits physical, 48 bits virtual
power management:

processor	: 7
vendor_id	: GenuineIntel
cpu family	: 6
model		: 158
model name	: Intel(R) Xeon(R) E-2186M  CPU @ 2.90GHz
stepping	: 10
microcode	: 0x96
cpu MHz		: 4390.598
cache size	: 12288 KB
physical id	: 0
siblings	: 12
core id		: 1
cpu cores	: 6
apicid		: 3
initial apicid	: 3
fpu		: yes
fpu_exception	: yes
cpuid level	: 22
wp		: yes
flags		: fpu vme de pse tsc msr pae mce cx8 apic sep mtrr pge mca cmov pat pse36 clflush dts acpi mmx fxsr sse sse2 ss ht tm pbe syscall nx pdpe1gb rdtscp lm constant_tsc art arch_perfmon pebs bts rep_good nopl xtopology nonstop_tsc cpuid aperfmperf tsc_known_freq pni pclmulqdq dtes64 monitor ds_cpl vmx smx est tm2 ssse3 sdbg fma cx16 xtpr pdcm pcid sse4_1 sse4_2 x2apic movbe popcnt tsc_deadline_timer aes xsave avx f16c rdrand lahf_lm abm 3dnowprefetch cpuid_fault epb invpcid_single pti ssbd ibrs ibpb stibp tpr_shadow vnmi flexpriority ept vpid fsgsbase tsc_adjust bmi1 hle avx2 smep bmi2 erms invpcid rtm mpx rdseed adx smap clflushopt intel_pt xsaveopt xsavec xgetbv1 xsaves dtherm ida arat pln pts hwp hwp_notify hwp_act_window hwp_epp flush_l1d
bugs		: cpu_meltdown spectre_v1 spectre_v2 spec_store_bypass l1tf
bogomips	: 5808.00
clflush size	: 64
cache_alignment	: 64
address sizes	: 39 bits physical, 48 bits virtual
power management:

processor	: 8
vendor_id	: GenuineIntel
cpu family	: 6
model		: 158
model name	: Intel(R) Xeon(R) E-2186M  CPU @ 2.90GHz
stepping	: 10
microcode	: 0x96
cpu MHz		: 4367.526
cache size	: 12288 KB
physical id	: 0
siblings	: 12
core id		: 2
cpu cores	: 6
apicid		: 5
initial apicid	: 5
fpu		: yes
fpu_exception	: yes
cpuid level	: 22
wp		: yes
flags		: fpu vme de pse tsc msr pae mce cx8 apic sep mtrr pge mca cmov pat pse36 clflush dts acpi mmx fxsr sse sse2 ss ht tm pbe syscall nx pdpe1gb rdtscp lm constant_tsc art arch_perfmon pebs bts rep_good nopl xtopology nonstop_tsc cpuid aperfmperf tsc_known_freq pni pclmulqdq dtes64 monitor ds_cpl vmx smx est tm2 ssse3 sdbg fma cx16 xtpr pdcm pcid sse4_1 sse4_2 x2apic movbe popcnt tsc_deadline_timer aes xsave avx f16c rdrand lahf_lm abm 3dnowprefetch cpuid_fault epb invpcid_single pti ssbd ibrs ibpb stibp tpr_shadow vnmi flexpriority ept vpid fsgsbase tsc_adjust bmi1 hle avx2 smep bmi2 erms invpcid rtm mpx rdseed adx smap clflushopt intel_pt xsaveopt xsavec xgetbv1 xsaves dtherm ida arat pln pts hwp hwp_notify hwp_act_window hwp_epp flush_l1d
bugs		: cpu_meltdown spectre_v1 spectre_v2 spec_store_bypass l1tf
bogomips	: 5808.00
clflush size	: 64
cache_alignment	: 64
address sizes	: 39 bits physical, 48 bits virtual
power management:

processor	: 9
vendor_id	: GenuineIntel
cpu family	: 6
model		: 158
model name	: Intel(R) Xeon(R) E-2186M  CPU @ 2.90GHz
stepping	: 10
microcode	: 0x96
cpu MHz		: 4384.568
cache size	: 12288 KB
physical id	: 0
siblings	: 12
core id		: 3
cpu cores	: 6
apicid		: 7
initial apicid	: 7
fpu		: yes
fpu_exception	: yes
cpuid level	: 22
wp		: yes
flags		: fpu vme de pse tsc msr pae mce cx8 apic sep mtrr pge mca cmov pat pse36 clflush dts acpi mmx fxsr sse sse2 ss ht tm pbe syscall nx pdpe1gb rdtscp lm constant_tsc art arch_perfmon pebs bts rep_good nopl xtopology nonstop_tsc cpuid aperfmperf tsc_known_freq pni pclmulqdq dtes64 monitor ds_cpl vmx smx est tm2 ssse3 sdbg fma cx16 xtpr pdcm pcid sse4_1 sse4_2 x2apic movbe popcnt tsc_deadline_timer aes xsave avx f16c rdrand lahf_lm abm 3dnowprefetch cpuid_fault epb invpcid_single pti ssbd ibrs ibpb stibp tpr_shadow vnmi flexpriority ept vpid fsgsbase tsc_adjust bmi1 hle avx2 smep bmi2 erms invpcid rtm mpx rdseed adx smap clflushopt intel_pt xsaveopt xsavec xgetbv1 xsaves dtherm ida arat pln pts hwp hwp_notify hwp_act_window hwp_epp flush_l1d
bugs		: cpu_meltdown spectre_v1 spectre_v2 spec_store_bypass l1tf
bogomips	: 5808.00
clflush size	: 64
cache_alignment	: 64
address sizes	: 39 bits physical, 48 bits virtual
power management:

processor	: 10
vendor_id	: GenuineIntel
cpu family	: 6
model		: 158
model name	: Intel(R) Xeon(R) E-2186M  CPU @ 2.90GHz
stepping	: 10
microcode	: 0x96
cpu MHz		: 4397.452
cache size	: 12288 KB
physical id	: 0
siblings	: 12
core id		: 4
cpu cores	: 6
apicid		: 9
initial apicid	: 9
fpu		: yes
fpu_exception	: yes
cpuid level	: 22
wp		: yes
flags		: fpu vme de pse tsc msr pae mce cx8 apic sep mtrr pge mca cmov pat pse36 clflush dts acpi mmx fxsr sse sse2 ss ht tm pbe syscall nx pdpe1gb rdtscp lm constant_tsc art arch_perfmon pebs bts rep_good nopl xtopology nonstop_tsc cpuid aperfmperf tsc_known_freq pni pclmulqdq dtes64 monitor ds_cpl vmx smx est tm2 ssse3 sdbg fma cx16 xtpr pdcm pcid sse4_1 sse4_2 x2apic movbe popcnt tsc_deadline_timer aes xsave avx f16c rdrand lahf_lm abm 3dnowprefetch cpuid_fault epb invpcid_single pti ssbd ibrs ibpb stibp tpr_shadow vnmi flexpriority ept vpid fsgsbase tsc_adjust bmi1 hle avx2 smep bmi2 erms invpcid rtm mpx rdseed adx smap clflushopt intel_pt xsaveopt xsavec xgetbv1 xsaves dtherm ida arat pln pts hwp hwp_notify hwp_act_window hwp_epp flush_l1d
bugs		: cpu_meltdown spectre_v1 spectre_v2 spec_store_bypass l1tf
bogomips	: 5808.00
clflush size	: 64
cache_alignment	: 64
address sizes	: 39 bits physical, 48 bits virtual
power management:

processor	: 11
vendor_id	: GenuineIntel
cpu family	: 6
model		: 158
model name	: Intel(R) Xeon(R) E-2186M  CPU @ 2.90GHz
stepping	: 10
microcode	: 0x96
cpu MHz		: 4396.908
cache size	: 12288 KB
physical id	: 0
siblings	: 12
core id		: 5
cpu cores	: 6
apicid		: 11
initial apicid	: 11
fpu		: yes
fpu_exception	: yes
cpuid level	: 22
wp		: yes
flags		: fpu vme de pse tsc msr pae mce cx8 apic sep mtrr pge mca cmov pat pse36 clflush dts acpi mmx fxsr sse sse2 ss ht tm pbe syscall nx pdpe1gb rdtscp lm constant_tsc art arch_perfmon pebs bts rep_good nopl xtopology nonstop_tsc cpuid aperfmperf tsc_known_freq pni pclmulqdq dtes64 monitor ds_cpl vmx smx est tm2 ssse3 sdbg fma cx16 xtpr pdcm pcid sse4_1 sse4_2 x2apic movbe popcnt tsc_deadline_timer aes xsave avx f16c rdrand lahf_lm abm 3dnowprefetch cpuid_fault epb invpcid_single pti ssbd ibrs ibpb stibp tpr_shadow vnmi flexpriority ept vpid fsgsbase tsc_adjust bmi1 hle avx2 smep bmi2 erms invpcid rtm mpx rdseed adx smap clflushopt intel_pt xsaveopt xsavec xgetbv1 xsaves dtherm ida arat pln pts hwp hwp_notify hwp_act_window hwp_epp flush_l1d
bugs		: cpu_meltdown spectre_v1 spectre_v2 spec_store_bypass l1tf
bogomips	: 5808.00
clflush size	: 64
cache_alignment	: 64
address sizes	: 39 bits physical, 48 bits virtual
power management:



Memory: 4k page, physical 32693780k(20721208k free), swap 19530748k(19530748k free)

vm_info: Java HotSpot(TM) 64-Bit Server VM (25.201-b09) for linux-amd64 JRE (1.8.0_201-b09), built on Dec 15 2018 11:35:59 by "java_re" with gcc 7.3.0

time: Wed May 15 16:52:09 2019
timezone: CEST
elapsed time: 37 seconds (0d 0h 0m 37s)

