#
# A fatal error has been detected by the Java Runtime Environment:
#
#  SIGSEGV (0xb) at pc=0x00007fc69101d98d, pid=30651, tid=0x00007fc671458700
#
# JRE version: Java(TM) SE Runtime Environment (8.0_201-b09) (build 1.8.0_201-b09)
# Java VM: Java HotSpot(TM) 64-Bit Server VM (25.201-b09 mixed mode linux-amd64 compressed oops)
# Problematic frame:
# C  [libc.so.6+0x9798d]  cfree+0x3d
#
# Failed to write core dump. Core dumps have been disabled. To enable core dumping, try "ulimit -c unlimited" before starting Java again
#
# If you would like to submit a bug report, please visit:
#   http://bugreport.java.com/bugreport/crash.jsp
# The crash happened outside the Java Virtual Machine in native code.
# See problematic frame for where to report the bug.
#

---------------  T H R E A D  ---------------

Current thread (0x00007fc688092000):  JavaThread "Finalizer" daemon [_thread_in_native, id=30670, stack(0x00007fc671358000,0x00007fc671459000)]

siginfo: si_signo: 11 (SIGSEGV), si_code: 1 (SEGV_MAPERR), si_addr: 0x00007fc504fff008

Registers:
RAX=0x0000000000000000, RBX=0x00007fc51b110990, RCX=0x0000000000000020, RDX=0x00007fc688000080
RSP=0x00007fc6714549a0, RBP=0x00007fc671454a80, RSI=0x00007fc671454a80, RDI=0x00007fc504fff010
R8 =0x00000000bcacf273, R9 =0x00000005d2c1e3d8, R10=0x00007fc67901869b, R11=0x00007fc69095cdb0
R12=0x00007fc504fff010, R13=0x00007fc66923d4d8, R14=0x00007fc6714578a8, R15=0x00007fc688092000
RIP=0x00007fc69101d98d, EFLAGS=0x0000000000010202, CSGSFS=0x002b000000000033, ERR=0x0000000000000004
  TRAPNO=0x000000000000000e

Top of Stack: (sp=0x00007fc6714549a0)
0x00007fc6714549a0:   00007fc6883985b0 00007fc671454ae8
0x00007fc6714549b0:   0000000000000000 00007fc688398250
0x00007fc6714549c0:   0000000000000000 4a331535e5f71300
0x00007fc6714549d0:   0000000000000000 00007fc51b110990
0x00007fc6714549e0:   00007fc671454a80 0000000000000000
0x00007fc6714549f0:   00007fc66923d4d8 00007fc6714578a8
0x00007fc671454a00:   00007fc688092000 00007fc5e787a708
0x00007fc671454a10:   00007fc51b110990 00007fc5e787a74c
0x00007fc671454a20:   0000000003dd39fd 00007fc51b110990
0x00007fc671454a30:   00007fc671454a80 00007fc5e787a779
0x00007fc671454a40:   00007fc51b110990 00007fc5ed0280ef
0x00007fc671454a50:   00007fc671454b50 00007fc5ed012d3c
0x00007fc671454a60:   00007fc671454b40 0000000000000000
0x00007fc671454a70:   00007fc688289470 0000000000000000
0x00007fc671454a80:   00007fc5ef058690 00007fc5ed012d3c
0x00007fc671454a90:   00007fc5e149dae8 00000000f74e7f72
0x00007fc671454aa0:   00007fc6883985b0 00007fc671454be8
0x00007fc671454ab0:   0000000000000000 00007fc688398250
0x00007fc671454ac0:   0000000000000000 00007fc691bc41ef
0x00007fc671454ad0:   0000000000000000 0000000000000000
0x00007fc671454ae0:   0000000000000005 0000000000000000
0x00007fc671454af0:   0000000000000001 00007fc688398250
0x00007fc671454b00:   00007fc5e277fcd5 0000000191bca715
0x00007fc671454b10:   00007fc671454b40 00007fc671454b50
0x00007fc671454b20:   00007fc6883985a8 0000000000000000
0x00007fc671454b30:   00007fc688000020 0000000000000000
0x00007fc671454b40:   00000000ffffffff 00007fc671454fa0
0x00007fc671454b50:   00007fc5e127dfc0 00007fc688398250
0x00007fc671454b60:   0000000000000710 4a331535e5f71300
0x00007fc671454b70:   00007fc688904ee0 00007fc5ed02846b
0x00007fc671454b80:   00007fc671454be0 4a331535e5f71300
0x00007fc671454b90:   00007fc688000020 00007fc5eff93950 

Instructions: (pc=0x00007fc69101d98d)
0x00007fc69101d96d:   24 28 31 c0 48 8b 05 70 35 35 00 48 8b 00 48 85
0x00007fc69101d97d:   c0 0f 85 9c 02 00 00 48 85 ff 0f 84 13 01 00 00
0x00007fc69101d98d:   48 8b 77 f8 4c 8d 6f f0 40 f6 c6 02 0f 85 29 01
0x00007fc69101d99d:   00 00 48 8b 2d d2 33 35 00 64 48 83 7d 00 00 0f 

Register to memory mapping:

RAX=0x0000000000000000 is an unknown value
RBX=0x00007fc51b110990 is an unknown value
RCX=0x0000000000000020 is an unknown value
RDX=0x00007fc688000080 is an unknown value
RSP=0x00007fc6714549a0 is pointing into the stack for thread: 0x00007fc688092000
RBP=0x00007fc671454a80 is pointing into the stack for thread: 0x00007fc688092000
RSI=0x00007fc671454a80 is pointing into the stack for thread: 0x00007fc688092000
RDI=0x00007fc504fff010 is an unknown value
R8 =0x00000000bcacf273 is an unknown value
R9 =0x00000005d2c1e3d8 is an oop
java.lang.System$2 
 - klass: 'java/lang/System$2'
R10=0x00007fc67901869b is at code_begin+859 in an Interpreter codelet
method entry point (kind = native)  [0x00007fc679018340, 0x00007fc679018cc0]  2432 bytes
R11=0x00007fc69095cdb0: <offset 0x9bfdb0> in /usr/lib/jvm/java-8-oracle/jre/lib/amd64/server/libjvm.so at 0x00007fc68ff9d000
R12=0x00007fc504fff010 is an unknown value
R13={method} {0x00007fc66923d4d8} 'delete_DisplacementFieldTransform' '(J)V' in 'org/itk/simple/SimpleITKJNI'
R14=0x00007fc6714578a8 is pointing into the stack for thread: 0x00007fc688092000
R15=0x00007fc688092000 is a thread


Stack: [0x00007fc671358000,0x00007fc671459000],  sp=0x00007fc6714549a0,  free space=1010k
Native frames: (J=compiled Java code, j=interpreted, Vv=VM code, C=native code)
C  [libc.so.6+0x9798d]  cfree+0x3d
C  [libSimpleITKJava.so+0xc365d3c]  itk::Object::UnRegister() const+0x1c

Java frames: (J=compiled Java code, j=interpreted, Vv=VM code)
j  org.itk.simple.SimpleITKJNI.delete_DisplacementFieldTransform(J)V+0
j  org.itk.simple.DisplacementFieldTransform.delete()V+25
j  org.itk.simple.DisplacementFieldTransform.finalize()V+1
J 1428 C2 java.lang.ref.Finalizer.runFinalizer(Lsun/misc/JavaLangAccess;)V (62 bytes) @ 0x00007fc6793a8380 [0x00007fc6793a80c0+0x2c0]
J 1429 C2 java.lang.ref.Finalizer.access$100(Ljava/lang/ref/Finalizer;Lsun/misc/JavaLangAccess;)V (6 bytes) @ 0x00007fc679197a78 [0x00007fc679197a60+0x18]
J 1424% C2 java.lang.ref.Finalizer$FinalizerThread.run()V (55 bytes) @ 0x00007fc6793ab0f8 [0x00007fc6793ab000+0xf8]
v  ~StubRoutines::call_stub

---------------  P R O C E S S  ---------------

Java Threads: ( => current thread )
  0x00007fc688345800 JavaThread "AWT-EventQueue-0" [_thread_blocked, id=30681, stack(0x00007fc669acc000,0x00007fc669bcd000)]
  0x00007fc688341000 JavaThread "AWT-Shutdown" [_thread_blocked, id=30680, stack(0x00007fc669bcd000,0x00007fc669cce000)]
  0x00007fc6882ab000 JavaThread "AWT-XAWT" daemon [_thread_in_native, id=30679, stack(0x00007fc669ece000,0x00007fc669fcf000)]
  0x00007fc68826d000 JavaThread "Java2D Disposer" daemon [_thread_blocked, id=30678, stack(0x00007fc66a3df000,0x00007fc66a4e0000)]
  0x00007fc6880d1000 JavaThread "Service Thread" daemon [_thread_blocked, id=30676, stack(0x00007fc670383000,0x00007fc670484000)]
  0x00007fc6880cd800 JavaThread "C1 CompilerThread3" daemon [_thread_blocked, id=30675, stack(0x00007fc670485000,0x00007fc670585000)]
  0x00007fc6880cb800 JavaThread "C2 CompilerThread2" daemon [_thread_blocked, id=30674, stack(0x00007fc670586000,0x00007fc670686000)]
  0x00007fc6880c9800 JavaThread "C2 CompilerThread1" daemon [_thread_blocked, id=30673, stack(0x00007fc670687000,0x00007fc670787000)]
  0x00007fc6880c7000 JavaThread "C2 CompilerThread0" daemon [_thread_blocked, id=30672, stack(0x00007fc670788000,0x00007fc670888000)]
  0x00007fc6880c5800 JavaThread "Signal Dispatcher" daemon [_thread_blocked, id=30671, stack(0x00007fc670888000,0x00007fc670989000)]
=>0x00007fc688092000 JavaThread "Finalizer" daemon [_thread_in_native, id=30670, stack(0x00007fc671358000,0x00007fc671459000)]
  0x00007fc68808f800 JavaThread "Reference Handler" daemon [_thread_blocked, id=30669, stack(0x00007fc671459000,0x00007fc67155a000)]
  0x00007fc68800b800 JavaThread "Run$_main" [_thread_in_Java, id=30653, stack(0x00007fc691cb6000,0x00007fc691db6000)]

Other Threads:
  0x00007fc688086000 VMThread [stack: 0x00007fc67155b000,0x00007fc67165b000] [id=30668]
  0x00007fc6880d3800 WatcherThread [stack: 0x00007fc670283000,0x00007fc670383000] [id=30677]

VM state:not at safepoint (normal execution)

VM Mutex/Monitor currently owned by a thread: None

heap address: 0x00000005cd200000, size: 7982 MB, Compressed Oops mode: Zero based, Oop shift amount: 3
Narrow klass base: 0x0000000000000000, Narrow klass shift: 3
Compressed class space size: 1073741824 Address: 0x00000007c0000000

Heap:
 PSYoungGen      total 1569280K, used 594284K [0x0000000719b80000, 0x00000007c0000000, 0x00000007c0000000)
  eden space 1565184K, 37% used [0x0000000719b80000,0x000000073dfdb1b0,0x0000000779400000)
  from space 4096K, 0% used [0x00000007bfc00000,0x00000007bfc00000,0x00000007c0000000)
  to   space 579584K, 0% used [0x0000000779400000,0x0000000779400000,0x000000079ca00000)
 ParOldGen       total 2446336K, used 1624527K [0x00000005cd200000, 0x0000000662700000, 0x0000000719b80000)
  object space 2446336K, 66% used [0x00000005cd200000,0x0000000630473db8,0x0000000662700000)
 Metaspace       used 15104K, capacity 15291K, committed 15616K, reserved 1062912K
  class space    used 1433K, capacity 1514K, committed 1536K, reserved 1048576K

Card table byte_map: [0x00007fc68d803000,0x00007fc68e79b000] byte_map_base: 0x00007fc68a99a000

Marking Bits: (ParMarkBitMap*) 0x00007fc690f68d80
 Begin Bits: [0x00007fc62c690000, 0x00007fc634348000)
 End Bits:   [0x00007fc634348000, 0x00007fc63c000000)

Polling page: 0x00007fc691ddf000

CodeCache: size=245760Kb used=7620Kb max_used=7632Kb free=238139Kb
 bounds [0x00007fc679000000, 0x00007fc679790000, 0x00007fc688000000]
 total_blobs=2200 nmethods=1300 adapters=813
 compilation: enabled

Compilation events (10 events):
Event: 120,151 Thread 0x00007fc6880cd800 1425       3       java.io.BufferedOutputStream::flushBuffer (29 bytes)
Event: 120,151 Thread 0x00007fc6880cd800 nmethod 1425 0x00007fc679340a10 code [0x00007fc679340b80, 0x00007fc679340e08]
Event: 120,640 Thread 0x00007fc6880cd800 1426  s    3       java.io.BufferedOutputStream::flush (12 bytes)
Event: 120,641 Thread 0x00007fc6880cd800 nmethod 1426 0x00007fc679339550 code [0x00007fc6793396e0, 0x00007fc679339bd8]
Event: 120,641 Thread 0x00007fc6880cd800 1427       3       java.io.OutputStream::flush (1 bytes)
Event: 120,641 Thread 0x00007fc6880cd800 nmethod 1427 0x00007fc679124d90 code [0x00007fc679124ee0, 0x00007fc679125030]
Event: 121,354 Thread 0x00007fc6880c7000 1428   !   4       java.lang.ref.Finalizer::runFinalizer (62 bytes)
Event: 121,358 Thread 0x00007fc6880c7000 nmethod 1428 0x00007fc6793a7f10 code [0x00007fc6793a80c0, 0x00007fc6793a89a8]
Event: 121,363 Thread 0x00007fc6880cb800 1429       4       java.lang.ref.Finalizer::access$100 (6 bytes)
Event: 121,363 Thread 0x00007fc6880cb800 nmethod 1429 0x00007fc679197910 code [0x00007fc679197a60, 0x00007fc679197ae8]

GC Heap History (10 events):
Event: 88,453 GC heap before
{Heap before GC invocations=114 (full 1):
 PSYoungGen      total 2720256K, used 2720096K [0x0000000719b80000, 0x00000007c0000000, 0x00000007c0000000)
  eden space 2716160K, 100% used [0x0000000719b80000,0x00000007bf800000,0x00000007bf800000)
  from space 4096K, 96% used [0x00000007bfc00000,0x00000007bffd8000,0x00000007c0000000)
  to   space 4096K, 0% used [0x00000007bf800000,0x00000007bf800000,0x00000007bfc00000)
 ParOldGen       total 520704K, used 431052K [0x00000005cd200000, 0x00000005ece80000, 0x0000000719b80000)
  object space 520704K, 82% used [0x00000005cd200000,0x00000005e76f32a8,0x00000005ece80000)
 Metaspace       used 14407K, capacity 14587K, committed 14848K, reserved 1062912K
  class space    used 1366K, capacity 1450K, committed 1536K, reserved 1048576K
Event: 88,458 GC heap after
Heap after GC invocations=114 (full 1):
 PSYoungGen      total 2720256K, used 3968K [0x0000000719b80000, 0x00000007c0000000, 0x00000007c0000000)
  eden space 2716160K, 0% used [0x0000000719b80000,0x0000000719b80000,0x00000007bf800000)
  from space 4096K, 96% used [0x00000007bf800000,0x00000007bfbe0000,0x00000007bfc00000)
  to   space 4096K, 0% used [0x00000007bfc00000,0x00000007bfc00000,0x00000007c0000000)
 ParOldGen       total 520704K, used 431340K [0x00000005cd200000, 0x00000005ece80000, 0x0000000719b80000)
  object space 520704K, 82% used [0x00000005cd200000,0x00000005e773b2a8,0x00000005ece80000)
 Metaspace       used 14407K, capacity 14587K, committed 14848K, reserved 1062912K
  class space    used 1366K, capacity 1450K, committed 1536K, reserved 1048576K
}
Event: 89,250 GC heap before
{Heap before GC invocations=115 (full 1):
 PSYoungGen      total 2720256K, used 2720128K [0x0000000719b80000, 0x00000007c0000000, 0x00000007c0000000)
  eden space 2716160K, 100% used [0x0000000719b80000,0x00000007bf800000,0x00000007bf800000)
  from space 4096K, 96% used [0x00000007bf800000,0x00000007bfbe0000,0x00000007bfc00000)
  to   space 4096K, 0% used [0x00000007bfc00000,0x00000007bfc00000,0x00000007c0000000)
 ParOldGen       total 520704K, used 431340K [0x00000005cd200000, 0x00000005ece80000, 0x0000000719b80000)
  object space 520704K, 82% used [0x00000005cd200000,0x00000005e773b2a8,0x00000005ece80000)
 Metaspace       used 14407K, capacity 14587K, committed 14848K, reserved 1062912K
  class space    used 1366K, capacity 1450K, committed 1536K, reserved 1048576K
Event: 89,255 GC heap after
Heap after GC invocations=115 (full 1):
 PSYoungGen      total 2720256K, used 3936K [0x0000000719b80000, 0x00000007c0000000, 0x00000007c0000000)
  eden space 2716160K, 0% used [0x0000000719b80000,0x0000000719b80000,0x00000007bf800000)
  from space 4096K, 96% used [0x00000007bfc00000,0x00000007bffd8000,0x00000007c0000000)
  to   space 4096K, 0% used [0x00000007bf800000,0x00000007bf800000,0x00000007bfc00000)
 ParOldGen       total 520704K, used 431628K [0x00000005cd200000, 0x00000005ece80000, 0x0000000719b80000)
  object space 520704K, 82% used [0x00000005cd200000,0x00000005e77832a8,0x00000005ece80000)
 Metaspace       used 14407K, capacity 14587K, committed 14848K, reserved 1062912K
  class space    used 1366K, capacity 1450K, committed 1536K, reserved 1048576K
}
Event: 90,042 GC heap before
{Heap before GC invocations=116 (full 1):
 PSYoungGen      total 2720256K, used 2720096K [0x0000000719b80000, 0x00000007c0000000, 0x00000007c0000000)
  eden space 2716160K, 100% used [0x0000000719b80000,0x00000007bf800000,0x00000007bf800000)
  from space 4096K, 96% used [0x00000007bfc00000,0x00000007bffd8000,0x00000007c0000000)
  to   space 4096K, 0% used [0x00000007bf800000,0x00000007bf800000,0x00000007bfc00000)
 ParOldGen       total 520704K, used 431628K [0x00000005cd200000, 0x00000005ece80000, 0x0000000719b80000)
  object space 520704K, 82% used [0x00000005cd200000,0x00000005e77832a8,0x00000005ece80000)
 Metaspace       used 14407K, capacity 14587K, committed 14848K, reserved 1062912K
  class space    used 1366K, capacity 1450K, committed 1536K, reserved 1048576K
Event: 90,047 GC heap after
Heap after GC invocations=116 (full 1):
 PSYoungGen      total 2720256K, used 3936K [0x0000000719b80000, 0x00000007c0000000, 0x00000007c0000000)
  eden space 2716160K, 0% used [0x0000000719b80000,0x0000000719b80000,0x00000007bf800000)
  from space 4096K, 96% used [0x00000007bf800000,0x00000007bfbd8000,0x00000007bfc00000)
  to   space 4096K, 0% used [0x00000007bfc00000,0x00000007bfc00000,0x00000007c0000000)
 ParOldGen       total 520704K, used 431916K [0x00000005cd200000, 0x00000005ece80000, 0x0000000719b80000)
  object space 520704K, 82% used [0x00000005cd200000,0x00000005e77cb2a8,0x00000005ece80000)
 Metaspace       used 14407K, capacity 14587K, committed 14848K, reserved 1062912K
  class space    used 1366K, capacity 1450K, committed 1536K, reserved 1048576K
}
Event: 107,551 GC heap before
{Heap before GC invocations=117 (full 1):
 PSYoungGen      total 2720256K, used 2720096K [0x0000000719b80000, 0x00000007c0000000, 0x00000007c0000000)
  eden space 2716160K, 100% used [0x0000000719b80000,0x00000007bf800000,0x00000007bf800000)
  from space 4096K, 96% used [0x00000007bf800000,0x00000007bfbd8000,0x00000007bfc00000)
  to   space 4096K, 0% used [0x00000007bfc00000,0x00000007bfc00000,0x00000007c0000000)
 ParOldGen       total 520704K, used 431916K [0x00000005cd200000, 0x00000005ece80000, 0x0000000719b80000)
  object space 520704K, 82% used [0x00000005cd200000,0x00000005e77cb2a8,0x00000005ece80000)
 Metaspace       used 15091K, capacity 15291K, committed 15616K, reserved 1062912K
  class space    used 1433K, capacity 1514K, committed 1536K, reserved 1048576K
Event: 111,662 GC heap after
Heap after GC invocations=117 (full 1):
 PSYoungGen      total 1569280K, used 4079K [0x0000000719b80000, 0x00000007c0000000, 0x00000007c0000000)
  eden space 1565184K, 0% used [0x0000000719b80000,0x0000000719b80000,0x0000000779400000)
  from space 4096K, 99% used [0x00000007bfc00000,0x00000007bfffbfe0,0x00000007c0000000)
  to   space 579584K, 0% used [0x0000000779400000,0x0000000779400000,0x000000079ca00000)
 ParOldGen       total 1987584K, used 1987332K [0x00000005cd200000, 0x0000000646700000, 0x0000000719b80000)
  object space 1987584K, 99% used [0x00000005cd200000,0x00000006466c1300,0x0000000646700000)
 Metaspace       used 15091K, capacity 15291K, committed 15616K, reserved 1062912K
  class space    used 1433K, capacity 1514K, committed 1536K, reserved 1048576K
}
Event: 111,662 GC heap before
{Heap before GC invocations=118 (full 2):
 PSYoungGen      total 1569280K, used 4079K [0x0000000719b80000, 0x00000007c0000000, 0x00000007c0000000)
  eden space 1565184K, 0% used [0x0000000719b80000,0x0000000719b80000,0x0000000779400000)
  from space 4096K, 99% used [0x00000007bfc00000,0x00000007bfffbfe0,0x00000007c0000000)
  to   space 579584K, 0% used [0x0000000779400000,0x0000000779400000,0x000000079ca00000)
 ParOldGen       total 1987584K, used 1987332K [0x00000005cd200000, 0x0000000646700000, 0x0000000719b80000)
  object space 1987584K, 99% used [0x00000005cd200000,0x00000006466c1300,0x0000000646700000)
 Metaspace       used 15091K, capacity 15291K, committed 15616K, reserved 1062912K
  class space    used 1433K, capacity 1514K, committed 1536K, reserved 1048576K
Event: 116,987 GC heap after
Heap after GC invocations=118 (full 2):
 PSYoungGen      total 1569280K, used 0K [0x0000000719b80000, 0x00000007c0000000, 0x00000007c0000000)
  eden space 1565184K, 0% used [0x0000000719b80000,0x0000000719b80000,0x0000000779400000)
  from space 4096K, 0% used [0x00000007bfc00000,0x00000007bfc00000,0x00000007c0000000)
  to   space 579584K, 0% used [0x0000000779400000,0x0000000779400000,0x000000079ca00000)
 ParOldGen       total 2446336K, used 1624527K [0x00000005cd200000, 0x0000000662700000, 0x0000000719b80000)
  object space 2446336K, 66% used [0x00000005cd200000,0x0000000630473db8,0x0000000662700000)
 Metaspace       used 15091K, capacity 15291K, committed 15616K, reserved 1062912K
  class space    used 1433K, capacity 1514K, committed 1536K, reserved 1048576K
}

Deoptimization events (10 events):
Event: 96,937 Thread 0x00007fc68800b800 Uncommon trap: reason=unstable_if action=reinterpret pc=0x00007fc67933cc80 method=ij.process.ColorBlitter.copyBits(Lij/process/ImageProcessor;III)V @ 236
Event: 97,079 Thread 0x00007fc68800b800 Uncommon trap: reason=unstable_if action=reinterpret pc=0x00007fc67930b7f4 method=com.vitimage.ItkTransform.flattenDenseField(Lij/ImagePlus;)Lcom/vitimage/ItkTransform; @ 432
Event: 100,857 Thread 0x00007fc68800b800 Uncommon trap: reason=unloaded action=reinterpret pc=0x00007fc67931071c method=com.vitimage.ItkTransform.flattenDenseField(Lij/ImagePlus;)Lcom/vitimage/ItkTransform; @ 455
Event: 100,947 Thread 0x00007fc68800b800 Uncommon trap: reason=unstable_if action=reinterpret pc=0x00007fc679345bf0 method=com.vitimage.ItkImagePlusInterface.convertImagePlusArrayToDisplacementField([Lij/ImagePlus;)Lorg/itk/simple/Image; @ 309
Event: 106,684 Thread 0x00007fc68800b800 Uncommon trap: reason=unstable_if action=reinterpret pc=0x00007fc67939c8e0 method=com.vitimage.ItkImagePlusInterface.itkImageToImagePlus(Lorg/itk/simple/Image;)Lij/ImagePlus; @ 632
Event: 120,131 Thread 0x00007fc688092000 Uncommon trap: reason=class_check action=maybe_recompile pc=0x00007fc67933a4fc method=java.lang.System$2.invokeFinalize(Ljava/lang/Object;)V @ 1
Event: 121,341 Thread 0x00007fc688092000 Uncommon trap: reason=class_check action=maybe_recompile pc=0x00007fc67933a4fc method=java.lang.System$2.invokeFinalize(Ljava/lang/Object;)V @ 1
Event: 121,342 Thread 0x00007fc688092000 Uncommon trap: reason=class_check action=maybe_recompile pc=0x00007fc67933a4fc method=java.lang.System$2.invokeFinalize(Ljava/lang/Object;)V @ 1
Event: 121,342 Thread 0x00007fc688092000 Uncommon trap: reason=class_check action=maybe_recompile pc=0x00007fc67933a4fc method=java.lang.System$2.invokeFinalize(Ljava/lang/Object;)V @ 1
Event: 121,342 Thread 0x00007fc688092000 Uncommon trap: reason=class_check action=maybe_recompile pc=0x00007fc6791998dc method=java.lang.System$2.invokeFinalize(Ljava/lang/Object;)V @ 1

Classes redefined (0 events):
No events

Internal exceptions (10 events):
Event: 0,066 Thread 0x00007fc68800b800 Exception <a 'java/security/PrivilegedActionException'> (0x0000000719cbac88) thrown at [/HUDSON/workspace/8-2-build-linux-amd64/jdk8u201/12317/hotspot/src/share/vm/prims/jvm.cpp, line 1502]
Event: 0,067 Thread 0x00007fc68800b800 Exception <a 'java/security/PrivilegedActionException'> (0x0000000719cbd0f0) thrown at [/HUDSON/workspace/8-2-build-linux-amd64/jdk8u201/12317/hotspot/src/share/vm/prims/jvm.cpp, line 1502]
Event: 0,067 Thread 0x00007fc68800b800 Exception <a 'java/security/PrivilegedActionException'> (0x0000000719cbd300) thrown at [/HUDSON/workspace/8-2-build-linux-amd64/jdk8u201/12317/hotspot/src/share/vm/prims/jvm.cpp, line 1502]
Event: 0,090 Thread 0x00007fc68800b800 Exception <a 'java/lang/NoSuchFieldError': method resolution failed> (0x0000000719d8c7b8) thrown at [/HUDSON/workspace/8-2-build-linux-amd64/jdk8u201/12317/hotspot/src/share/vm/prims/methodHandles.cpp, line 1167]
Event: 0,091 Thread 0x00007fc68800b800 Exception <a 'java/lang/NoSuchFieldError': method resolution failed> (0x0000000719d99fb8) thrown at [/HUDSON/workspace/8-2-build-linux-amd64/jdk8u201/12317/hotspot/src/share/vm/prims/methodHandles.cpp, line 1167]
Event: 0,103 Thread 0x00007fc68800b800 Exception <a 'java/io/FileNotFoundException'> (0x000000071a09aa48) thrown at [/HUDSON/workspace/8-2-build-linux-amd64/jdk8u201/12317/hotspot/src/share/vm/prims/jni.cpp, line 709]
Event: 0,103 Thread 0x00007fc68800b800 Exception <a 'java/io/FileNotFoundException'> (0x000000071a09b530) thrown at [/HUDSON/workspace/8-2-build-linux-amd64/jdk8u201/12317/hotspot/src/share/vm/prims/jni.cpp, line 709]
Event: 0,372 Thread 0x00007fc688345800 Exception <a 'java/lang/UnsupportedOperationException': > (0x000000071a8e64b8) thrown at [/HUDSON/workspace/8-2-build-linux-amd64/jdk8u201/12317/hotspot/src/share/vm/prims/jni.cpp, line 735]
Event: 4,372 Thread 0x00007fc688345800 Exception <a 'java/lang/UnsupportedOperationException': > (0x000000071c132b00) thrown at [/HUDSON/workspace/8-2-build-linux-amd64/jdk8u201/12317/hotspot/src/share/vm/prims/jni.cpp, line 735]
Event: 4,446 Thread 0x00007fc688345800 Exception <a 'java/lang/UnsupportedOperationException': > (0x000000071c135c70) thrown at [/HUDSON/workspace/8-2-build-linux-amd64/jdk8u201/12317/hotspot/src/share/vm/prims/jni.cpp, line 735]

Events (10 events):
Event: 121,342 Thread 0x00007fc688092000 DEOPT UNPACKING pc=0x00007fc67904573a sp=0x00007fc6714578a8 mode 2
Event: 121,342 Thread 0x00007fc688092000 Uncommon trap: trap_request=0xffffffde fr.pc=0x00007fc6791998dc
Event: 121,342 Thread 0x00007fc688092000 DEOPT PACKING pc=0x00007fc6791998dc sp=0x00007fc671457910
Event: 121,342 Thread 0x00007fc688092000 DEOPT UNPACKING pc=0x00007fc67904573a sp=0x00007fc671457898 mode 2
Event: 121,342 Executing VM operation: RevokeBias
Event: 121,342 Executing VM operation: RevokeBias done
Event: 121,743 Executing VM operation: RevokeBias
Event: 121,743 Executing VM operation: RevokeBias done
Event: 121,743 Executing VM operation: RevokeBias
Event: 121,743 Executing VM operation: RevokeBias done


Dynamic libraries:
00400000-00401000 r-xp 00000000 103:05 399591                            /usr/lib/jvm/java-8-oracle/bin/java
00600000-00601000 r--p 00000000 103:05 399591                            /usr/lib/jvm/java-8-oracle/bin/java
00601000-00602000 rw-p 00001000 103:05 399591                            /usr/lib/jvm/java-8-oracle/bin/java
01543000-01564000 rw-p 00000000 00:00 0                                  [heap]
5cd200000-662700000 rw-p 00000000 00:00 0 
662700000-719b80000 ---p 00000000 00:00 0 
719b80000-7c0000000 rw-p 00000000 00:00 0 
7c0000000-7c0180000 rw-p 00000000 00:00 0 
7c0180000-800000000 ---p 00000000 00:00 0 
7fc4d8fff000-7fc4e8000000 rw-p 00000000 00:00 0 
7fc4e8000000-7fc4ec060000 rw-p 00000000 00:00 0 
7fc4ec060000-7fc4f0000000 ---p 00000000 00:00 0 
7fc4f0000000-7fc4f8000000 rw-p 00000000 00:00 0 
7fc4f8000000-7fc4fc000000 rw-p 00000000 00:00 0 
7fc50c000000-7fc514000000 rw-p 00000000 00:00 0 
7fc514000000-7fc51c000000 rw-p 00000000 00:00 0 
7fc51c000000-7fc524000000 rw-p 00000000 00:00 0 
7fc524000000-7fc52c000000 rw-p 00000000 00:00 0 
7fc52c000000-7fc534000000 rw-p 00000000 00:00 0 
7fc534000000-7fc538000000 rw-p 00000000 00:00 0 
7fc538fff000-7fc548000000 rw-p 00000000 00:00 0 
7fc548000000-7fc550000000 rw-p 00000000 00:00 0 
7fc550000000-7fc558000000 rw-p 00000000 00:00 0 
7fc558000000-7fc560000000 rw-p 00000000 00:00 0 
7fc560000000-7fc568000000 rw-p 00000000 00:00 0 
7fc568000000-7fc570000000 rw-p 00000000 00:00 0 
7fc570000000-7fc574000000 rw-p 00000000 00:00 0 
7fc5817f4000-7fc5907f5000 rw-p 00000000 00:00 0 
7fc5ac000000-7fc5ac021000 rw-p 00000000 00:00 0 
7fc5ac021000-7fc5b0000000 ---p 00000000 00:00 0 
7fc5b0000000-7fc5b0021000 rw-p 00000000 00:00 0 
7fc5b0021000-7fc5b4000000 ---p 00000000 00:00 0 
7fc5b4000000-7fc5b4021000 rw-p 00000000 00:00 0 
7fc5b4021000-7fc5b8000000 ---p 00000000 00:00 0 
7fc5b8000000-7fc5b8021000 rw-p 00000000 00:00 0 
7fc5b8021000-7fc5bc000000 ---p 00000000 00:00 0 
7fc5bc000000-7fc5bc021000 rw-p 00000000 00:00 0 
7fc5bc021000-7fc5c0000000 ---p 00000000 00:00 0 
7fc5c0000000-7fc5c0021000 rw-p 00000000 00:00 0 
7fc5c0021000-7fc5c4000000 ---p 00000000 00:00 0 
7fc5c4000000-7fc5c4021000 rw-p 00000000 00:00 0 
7fc5c4021000-7fc5c8000000 ---p 00000000 00:00 0 
7fc5c8000000-7fc5c8021000 rw-p 00000000 00:00 0 
7fc5c8021000-7fc5cc000000 ---p 00000000 00:00 0 
7fc5cc000000-7fc5cc021000 rw-p 00000000 00:00 0 
7fc5cc021000-7fc5d0000000 ---p 00000000 00:00 0 
7fc5d4000000-7fc5d4021000 rw-p 00000000 00:00 0 
7fc5d4021000-7fc5d8000000 ---p 00000000 00:00 0 
7fc5d8ffe000-7fc5d8fff000 ---p 00000000 00:00 0 
7fc5d8fff000-7fc5d97ff000 rw-p 00000000 00:00 0 
7fc5dc000000-7fc5dc021000 rw-p 00000000 00:00 0 
7fc5dc021000-7fc5e0000000 ---p 00000000 00:00 0 
7fc5e04ac000-7fc5e04ad000 ---p 00000000 00:00 0 
7fc5e04ad000-7fc5e0cad000 rw-p 00000000 00:00 0 
7fc5e0cad000-7fc5eed74000 r-xp 00000000 103:05 1975135                   /home/fernandr/Programmes/Fiji.app/lib/linux64/libSimpleITKJava.so
7fc5eed74000-7fc5eef73000 ---p 0e0c7000 103:05 1975135                   /home/fernandr/Programmes/Fiji.app/lib/linux64/libSimpleITKJava.so
7fc5eef73000-7fc5effe1000 rw-p 0e0c6000 103:05 1975135                   /home/fernandr/Programmes/Fiji.app/lib/linux64/libSimpleITKJava.so
7fc5effe1000-7fc5f0000000 rw-p 00000000 00:00 0 
7fc5f0000000-7fc5f0021000 rw-p 00000000 00:00 0 
7fc5f0021000-7fc5f4000000 ---p 00000000 00:00 0 
7fc5f47fd000-7fc5f47fe000 ---p 00000000 00:00 0 
7fc5f47fe000-7fc5f4ffe000 rw-p 00000000 00:00 0 
7fc5f4ffe000-7fc5f4fff000 ---p 00000000 00:00 0 
7fc5f4fff000-7fc5f57ff000 rw-p 00000000 00:00 0 
7fc5f8000000-7fc5f8021000 rw-p 00000000 00:00 0 
7fc5f8021000-7fc5fc000000 ---p 00000000 00:00 0 
7fc5fc000000-7fc5fc310000 rw-p 00000000 00:00 0 
7fc5fc310000-7fc600000000 ---p 00000000 00:00 0 
7fc600000000-7fc600021000 rw-p 00000000 00:00 0 
7fc600021000-7fc604000000 ---p 00000000 00:00 0 
7fc604000000-7fc60402d000 rw-p 00000000 00:00 0 
7fc60402d000-7fc608000000 ---p 00000000 00:00 0 
7fc608000000-7fc608021000 rw-p 00000000 00:00 0 
7fc608021000-7fc60c000000 ---p 00000000 00:00 0 
7fc60c000000-7fc60c021000 rw-p 00000000 00:00 0 
7fc60c021000-7fc610000000 ---p 00000000 00:00 0 
7fc610000000-7fc610571000 rw-p 00000000 00:00 0 
7fc610571000-7fc614000000 ---p 00000000 00:00 0 
7fc614000000-7fc614f12000 rw-p 00000000 00:00 0 
7fc614f12000-7fc618000000 ---p 00000000 00:00 0 
7fc618000000-7fc618461000 rw-p 00000000 00:00 0 
7fc618461000-7fc61c000000 ---p 00000000 00:00 0 
7fc61c000000-7fc61c55a000 rw-p 00000000 00:00 0 
7fc61c55a000-7fc620000000 ---p 00000000 00:00 0 
7fc620000000-7fc621298000 rw-p 00000000 00:00 0 
7fc621298000-7fc624000000 ---p 00000000 00:00 0 
7fc624000000-7fc624021000 rw-p 00000000 00:00 0 
7fc624021000-7fc628000000 ---p 00000000 00:00 0 
7fc628000000-7fc628021000 rw-p 00000000 00:00 0 
7fc628021000-7fc62c000000 ---p 00000000 00:00 0 
7fc62c690000-7fc63c000000 rw-p 00000000 00:00 0 
7fc63c000000-7fc63c021000 rw-p 00000000 00:00 0 
7fc63c021000-7fc640000000 ---p 00000000 00:00 0 
7fc640000000-7fc64101f000 rw-p 00000000 00:00 0 
7fc64101f000-7fc644000000 ---p 00000000 00:00 0 
7fc644000000-7fc644021000 rw-p 00000000 00:00 0 
7fc644021000-7fc648000000 ---p 00000000 00:00 0 
7fc648000000-7fc6480a1000 rw-p 00000000 00:00 0 
7fc6480a1000-7fc64c000000 ---p 00000000 00:00 0 
7fc64c000000-7fc64c0a3000 rw-p 00000000 00:00 0 
7fc64c0a3000-7fc650000000 ---p 00000000 00:00 0 
7fc654000000-7fc654021000 rw-p 00000000 00:00 0 
7fc654021000-7fc658000000 ---p 00000000 00:00 0 
7fc658000000-7fc658021000 rw-p 00000000 00:00 0 
7fc658021000-7fc65c000000 ---p 00000000 00:00 0 
7fc65c000000-7fc65c021000 rw-p 00000000 00:00 0 
7fc65c021000-7fc660000000 ---p 00000000 00:00 0 
7fc664000000-7fc664021000 rw-p 00000000 00:00 0 
7fc664021000-7fc668000000 ---p 00000000 00:00 0 
7fc668acb000-7fc668c8b000 rw-p 00000000 00:00 0 
7fc668c8b000-7fc668ccb000 ---p 00000000 00:00 0 
7fc668ccb000-7fc668cf5000 r-xp 00000000 103:05 1319030                   /usr/lib/jvm/java-8-oracle/jre/lib/amd64/libdcpr.so
7fc668cf5000-7fc668ef4000 ---p 0002a000 103:05 1319030                   /usr/lib/jvm/java-8-oracle/jre/lib/amd64/libdcpr.so
7fc668ef4000-7fc668ef5000 r--p 00029000 103:05 1319030                   /usr/lib/jvm/java-8-oracle/jre/lib/amd64/libdcpr.so
7fc668ef5000-7fc668ef8000 rw-p 0002a000 103:05 1319030                   /usr/lib/jvm/java-8-oracle/jre/lib/amd64/libdcpr.so
7fc668ef8000-7fc668f03000 r--s 00000000 103:05 2754318                   /var/cache/fontconfig/945677eb7aeaf62f1d50efc3fb3ec7d8-le64.cache-7
7fc668f03000-7fc668f08000 r--s 00000000 103:05 2754289                   /var/cache/fontconfig/2300eef321c393bfd76478a5c0e95b23-le64.cache-7
7fc668f08000-7fc668f09000 r--s 00000000 103:05 2754282                   /var/cache/fontconfig/0d8c3b2ac0904cb8a57a757ad11a4a08-le64.cache-7
7fc668f09000-7fc668f0d000 r--s 00000000 103:05 2758608                   /var/cache/fontconfig/6d41288fd70b0be22e8c3a91e032eec0-le64.cache-7
7fc668f0d000-7fc668f22000 r--s 00000000 103:05 2754278                   /var/cache/fontconfig/04aabc0a78ac019cf9454389977116d2-le64.cache-7
7fc668f22000-7fc668f23000 r--s 00000000 103:05 2754286                   /var/cache/fontconfig/1ac9eb803944fde146138c791f5cc56a-le64.cache-7
7fc668f23000-7fc668f24000 r--s 00000000 103:05 2754337                   /var/cache/fontconfig/dc05db6664285cc2f12bf69c139ae4c3-le64.cache-7
7fc668f24000-7fc668f26000 r--s 00000000 103:05 2754283                   /var/cache/fontconfig/14a5e22175779b556eaa434240950366-le64.cache-7
7fc668f26000-7fc668f27000 r--s 00000000 103:05 2754310                   /var/cache/fontconfig/660208299946a285a940457d1287da33-le64.cache-7
7fc668f27000-7fc668f29000 r--s 00000000 103:05 2754301                   /var/cache/fontconfig/4f3e3037c9980c83b53a9351efadef62-le64.cache-7
7fc668f29000-7fc668f2b000 r--s 00000000 103:05 2754315                   /var/cache/fontconfig/767a8244fc0220cfb567a839d0392e0b-le64.cache-7
7fc668f2b000-7fc668f2c000 r--s 00000000 103:05 2755050                   /var/cache/fontconfig/4794a0821666d79190d59a36cb4f44b5-le64.cache-7
7fc668f2c000-7fc668f2e000 r--s 00000000 103:05 2759434                   /var/cache/fontconfig/0bd3dc0958fa2205aaaa8ebb13e2872b-le64.cache-7
7fc668f2e000-7fc668f33000 r--s 00000000 103:05 2754338                   /var/cache/fontconfig/def309198bfa603429122923fa2bb2d4-le64.cache-7
7fc668f33000-7fc668f34000 r--s 00000000 103:05 2754326                   /var/cache/fontconfig/b872e6e592da6075ffa4ab0a1fcc0c75-le64.cache-7
7fc668f34000-7fc668f35000 r--s 00000000 103:05 2754343                   /var/cache/fontconfig/f6d4eedfaab2589bde49f7a3ff831d22-le64.cache-7
7fc668f35000-7fc668f36000 r--s 00000000 103:05 2754308                   /var/cache/fontconfig/589f83ef4c36d296ce6e1c846f468f08-le64.cache-7
7fc668f36000-7fc668f37000 r--s 00000000 103:05 2754328                   /var/cache/fontconfig/bab58bb527bb656aaa9f116d68a48d89-le64.cache-7
7fc668f37000-7fc668f38000 r--s 00000000 103:05 2754287                   /var/cache/fontconfig/2171a34dccabdb6bcbbc728186263178-le64.cache-7
7fc668f38000-7fc668f39000 r--s 00000000 103:05 2754329                   /var/cache/fontconfig/c5c45a61289222e0d30b1a26ef4effbe-le64.cache-7
7fc668f39000-7fc668f3a000 r--s 00000000 103:05 2754324                   /var/cache/fontconfig/aec30016f93e1b46d1a973dce0d74068-le64.cache-7
7fc668f3a000-7fc668f3b000 r--s 00000000 103:05 2754294                   /var/cache/fontconfig/3f589640d34b7dc9042c8d453f7c8b9c-le64.cache-7
7fc668f3b000-7fc668f3c000 r--s 00000000 103:05 2754284                   /var/cache/fontconfig/16c2fda60d1b4b719f4b3d06fd951d25-le64.cache-7
7fc668f3c000-7fc668f3d000 r--s 00000000 103:05 2754323                   /var/cache/fontconfig/a48eab177a16e4f3713381162db2f3e9-le64.cache-7
7fc668f3d000-7fc668f3e000 r--s 00000000 103:05 2754304                   /var/cache/fontconfig/564b2e68ac9bc4e36a6f7f6d6125ec1c-le64.cache-7
7fc668f3e000-7fc668f44000 r--s 00000000 103:05 2759433                   /var/cache/fontconfig/3047814df9a2f067bd2d96a2b9c36e5a-le64.cache-7
7fc668f44000-7fc668f4c000 r--s 00000000 103:05 2753774                   /var/cache/fontconfig/bf3b770c553c462765856025a94f1ce6-le64.cache-7
7fc668f4c000-7fc668f52000 r--s 00000000 103:05 2754325                   /var/cache/fontconfig/b47c4e1ecd0709278f4910c18777a504-le64.cache-7
7fc66912e000-7fc66932e000 rw-p 00000000 00:00 0 
7fc66932f000-7fc66942f000 rw-s 00000000 00:05 6127643                    /SYSV00000000 (deleted)
7fc66942f000-7fc66949b000 r-xp 00000000 103:05 1319045                   /usr/lib/jvm/java-8-oracle/jre/lib/amd64/libt2k.so
7fc66949b000-7fc66969b000 ---p 0006c000 103:05 1319045                   /usr/lib/jvm/java-8-oracle/jre/lib/amd64/libt2k.so
7fc66969b000-7fc6696a1000 r--p 0006c000 103:05 1319045                   /usr/lib/jvm/java-8-oracle/jre/lib/amd64/libt2k.so
7fc6696a1000-7fc6696a2000 rw-p 00072000 103:05 1319045                   /usr/lib/jvm/java-8-oracle/jre/lib/amd64/libt2k.so
7fc6696a2000-7fc6696b3000 r-xp 00000000 103:05 1319086                   /usr/lib/jvm/java-8-oracle/jre/lib/amd64/libnio.so
7fc6696b3000-7fc6698b2000 ---p 00011000 103:05 1319086                   /usr/lib/jvm/java-8-oracle/jre/lib/amd64/libnio.so
7fc6698b2000-7fc6698b3000 r--p 00010000 103:05 1319086                   /usr/lib/jvm/java-8-oracle/jre/lib/amd64/libnio.so
7fc6698b3000-7fc6698b4000 rw-p 00011000 103:05 1319086                   /usr/lib/jvm/java-8-oracle/jre/lib/amd64/libnio.so
7fc6698b4000-7fc6698ca000 r-xp 00000000 103:05 1319083                   /usr/lib/jvm/java-8-oracle/jre/lib/amd64/libnet.so
7fc6698ca000-7fc669aca000 ---p 00016000 103:05 1319083                   /usr/lib/jvm/java-8-oracle/jre/lib/amd64/libnet.so
7fc669aca000-7fc669acb000 r--p 00016000 103:05 1319083                   /usr/lib/jvm/java-8-oracle/jre/lib/amd64/libnet.so
7fc669acb000-7fc669acc000 rw-p 00017000 103:05 1319083                   /usr/lib/jvm/java-8-oracle/jre/lib/amd64/libnet.so
7fc669acc000-7fc669acf000 ---p 00000000 00:00 0 
7fc669acf000-7fc669bcd000 rw-p 00000000 00:00 0 
7fc669bcd000-7fc669bd0000 ---p 00000000 00:00 0 
7fc669bd0000-7fc669ece000 rw-p 00000000 00:00 0 
7fc669ece000-7fc669ed1000 ---p 00000000 00:00 0 
7fc669ed1000-7fc669fcf000 rw-p 00000000 00:00 0 
7fc669fcf000-7fc669fd4000 r-xp 00000000 103:05 401423                    /usr/lib/x86_64-linux-gnu/libXfixes.so.3.1.0
7fc669fd4000-7fc66a1d3000 ---p 00005000 103:05 401423                    /usr/lib/x86_64-linux-gnu/libXfixes.so.3.1.0
7fc66a1d3000-7fc66a1d4000 r--p 00004000 103:05 401423                    /usr/lib/x86_64-linux-gnu/libXfixes.so.3.1.0
7fc66a1d4000-7fc66a1d5000 rw-p 00005000 103:05 401423                    /usr/lib/x86_64-linux-gnu/libXfixes.so.3.1.0
7fc66a1d5000-7fc66a1de000 r-xp 00000000 103:05 401415                    /usr/lib/x86_64-linux-gnu/libXcursor.so.1.0.2
7fc66a1de000-7fc66a3dd000 ---p 00009000 103:05 401415                    /usr/lib/x86_64-linux-gnu/libXcursor.so.1.0.2
7fc66a3dd000-7fc66a3de000 r--p 00008000 103:05 401415                    /usr/lib/x86_64-linux-gnu/libXcursor.so.1.0.2
7fc66a3de000-7fc66a3df000 rw-p 00009000 103:05 401415                    /usr/lib/x86_64-linux-gnu/libXcursor.so.1.0.2
7fc66a3df000-7fc66a3e2000 ---p 00000000 00:00 0 
7fc66a3e2000-7fc66a4e0000 rw-p 00000000 00:00 0 
7fc66a4e0000-7fc66a4f7000 r-xp 00000000 103:05 3801177                   /lib/x86_64-linux-gnu/libgcc_s.so.1
7fc66a4f7000-7fc66a6f6000 ---p 00017000 103:05 3801177                   /lib/x86_64-linux-gnu/libgcc_s.so.1
7fc66a6f6000-7fc66a6f7000 r--p 00016000 103:05 3801177                   /lib/x86_64-linux-gnu/libgcc_s.so.1
7fc66a6f7000-7fc66a6f8000 rw-p 00017000 103:05 3801177                   /lib/x86_64-linux-gnu/libgcc_s.so.1
7fc66a6f8000-7fc66a6fd000 r--s 00000000 103:05 2754981                   /var/cache/fontconfig/9d2451b1fd30e5bffe8383fd27c35478-le64.cache-7
7fc66a6fd000-7fc66a710000 r--s 00000000 103:05 2754334                   /var/cache/fontconfig/d52a8644073d54c13679302ca1180695-le64.cache-7
7fc66a710000-7fc66a71e000 r--s 00000000 103:05 2754320                   /var/cache/fontconfig/9b89f8e3dae116d678bbf48e5f21f69b-le64.cache-7
7fc66a71e000-7fc66a77b000 r-xp 00000000 103:05 1319057                   /usr/lib/jvm/java-8-oracle/jre/lib/amd64/libfontmanager.so
7fc66a77b000-7fc66a97b000 ---p 0005d000 103:05 1319057                   /usr/lib/jvm/java-8-oracle/jre/lib/amd64/libfontmanager.so
7fc66a97b000-7fc66a97e000 r--p 0005d000 103:05 1319057                   /usr/lib/jvm/java-8-oracle/jre/lib/amd64/libfontmanager.so
7fc66a97e000-7fc66a97f000 rw-p 00060000 103:05 1319057                   /usr/lib/jvm/java-8-oracle/jre/lib/amd64/libfontmanager.so
7fc66a97f000-7fc66a992000 r-xp 00000000 103:05 3806054                   /lib/x86_64-linux-gnu/libbsd.so.0.8.7
7fc66a992000-7fc66ab91000 ---p 00013000 103:05 3806054                   /lib/x86_64-linux-gnu/libbsd.so.0.8.7
7fc66ab91000-7fc66ab92000 r--p 00012000 103:05 3806054                   /lib/x86_64-linux-gnu/libbsd.so.0.8.7
7fc66ab92000-7fc66ab93000 rw-p 00013000 103:05 3806054                   /lib/x86_64-linux-gnu/libbsd.so.0.8.7
7fc66ab93000-7fc66ab94000 rw-p 00000000 00:00 0 
7fc66ab94000-7fc66ab99000 r-xp 00000000 103:05 401419                    /usr/lib/x86_64-linux-gnu/libXdmcp.so.6.0.0
7fc66ab99000-7fc66ad98000 ---p 00005000 103:05 401419                    /usr/lib/x86_64-linux-gnu/libXdmcp.so.6.0.0
7fc66ad98000-7fc66ad99000 r--p 00004000 103:05 401419                    /usr/lib/x86_64-linux-gnu/libXdmcp.so.6.0.0
7fc66ad99000-7fc66ad9a000 rw-p 00005000 103:05 401419                    /usr/lib/x86_64-linux-gnu/libXdmcp.so.6.0.0
7fc66ad9a000-7fc66ad9c000 r-xp 00000000 103:05 401408                    /usr/lib/x86_64-linux-gnu/libXau.so.6.0.0
7fc66ad9c000-7fc66af9c000 ---p 00002000 103:05 401408                    /usr/lib/x86_64-linux-gnu/libXau.so.6.0.0
7fc66af9c000-7fc66af9d000 r--p 00002000 103:05 401408                    /usr/lib/x86_64-linux-gnu/libXau.so.6.0.0
7fc66af9d000-7fc66af9e000 rw-p 00003000 103:05 401408                    /usr/lib/x86_64-linux-gnu/libXau.so.6.0.0
7fc66af9e000-7fc66afc4000 r-xp 00000000 103:05 396084                    /usr/lib/x86_64-linux-gnu/libxcb.so.1.1.0
7fc66afc4000-7fc66b1c4000 ---p 00026000 103:05 396084                    /usr/lib/x86_64-linux-gnu/libxcb.so.1.1.0
7fc66b1c4000-7fc66b1c5000 r--p 00026000 103:05 396084                    /usr/lib/x86_64-linux-gnu/libxcb.so.1.1.0
7fc66b1c5000-7fc66b1c6000 rw-p 00027000 103:05 396084                    /usr/lib/x86_64-linux-gnu/libxcb.so.1.1.0
7fc66b1c6000-7fc66b1d5000 r-xp 00000000 103:05 401429                    /usr/lib/x86_64-linux-gnu/libXi.so.6.1.0
7fc66b1d5000-7fc66b3d4000 ---p 0000f000 103:05 401429                    /usr/lib/x86_64-linux-gnu/libXi.so.6.1.0
7fc66b3d4000-7fc66b3d5000 r--p 0000e000 103:05 401429                    /usr/lib/x86_64-linux-gnu/libXi.so.6.1.0
7fc66b3d5000-7fc66b3d6000 rw-p 0000f000 103:05 401429                    /usr/lib/x86_64-linux-gnu/libXi.so.6.1.0
7fc66b3d6000-7fc66b3db000 r-xp 00000000 103:05 401447                    /usr/lib/x86_64-linux-gnu/libXtst.so.6.1.0
7fc66b3db000-7fc66b5da000 ---p 00005000 103:05 401447                    /usr/lib/x86_64-linux-gnu/libXtst.so.6.1.0
7fc66b5da000-7fc66b5db000 r--p 00004000 103:05 401447                    /usr/lib/x86_64-linux-gnu/libXtst.so.6.1.0
7fc66b5db000-7fc66b5dc000 rw-p 00005000 103:05 401447                    /usr/lib/x86_64-linux-gnu/libXtst.so.6.1.0
7fc66b5dc000-7fc66b5e5000 r-xp 00000000 103:05 401441                    /usr/lib/x86_64-linux-gnu/libXrender.so.1.3.0
7fc66b5e5000-7fc66b7e4000 ---p 00009000 103:05 401441                    /usr/lib/x86_64-linux-gnu/libXrender.so.1.3.0
7fc66b7e4000-7fc66b7e5000 r--p 00008000 103:05 401441                    /usr/lib/x86_64-linux-gnu/libXrender.so.1.3.0
7fc66b7e5000-7fc66b7e6000 rw-p 00009000 103:05 401441                    /usr/lib/x86_64-linux-gnu/libXrender.so.1.3.0
7fc66b7e6000-7fc66b919000 r-xp 00000000 103:05 400060                    /usr/lib/x86_64-linux-gnu/libX11.so.6.3.0
7fc66b919000-7fc66bb19000 ---p 00133000 103:05 400060                    /usr/lib/x86_64-linux-gnu/libX11.so.6.3.0
7fc66bb19000-7fc66bb1a000 r--p 00133000 103:05 400060                    /usr/lib/x86_64-linux-gnu/libX11.so.6.3.0
7fc66bb1a000-7fc66bb1e000 rw-p 00134000 103:05 400060                    /usr/lib/x86_64-linux-gnu/libX11.so.6.3.0
7fc66bb1e000-7fc66bb2f000 r-xp 00000000 103:05 401421                    /usr/lib/x86_64-linux-gnu/libXext.so.6.4.0
7fc66bb2f000-7fc66bd2e000 ---p 00011000 103:05 401421                    /usr/lib/x86_64-linux-gnu/libXext.so.6.4.0
7fc66bd2e000-7fc66bd2f000 r--p 00010000 103:05 401421                    /usr/lib/x86_64-linux-gnu/libXext.so.6.4.0
7fc66bd2f000-7fc66bd30000 rw-p 00011000 103:05 401421                    /usr/lib/x86_64-linux-gnu/libXext.so.6.4.0
7fc66bd30000-7fc66bdd0000 r-xp 00000000 103:05 1319075                   /usr/lib/jvm/java-8-oracle/jre/lib/amd64/libawt.so
7fc66bdd0000-7fc66bfcf000 ---p 000a0000 103:05 1319075                   /usr/lib/jvm/java-8-oracle/jre/lib/amd64/libawt.so
7fc66bfcf000-7fc66bfd0000 r--p 0009f000 103:05 1319075                   /usr/lib/jvm/java-8-oracle/jre/lib/amd64/libawt.so
7fc66bfd0000-7fc66bfdb000 rw-p 000a0000 103:05 1319075                   /usr/lib/jvm/java-8-oracle/jre/lib/amd64/libawt.so
7fc66bfdb000-7fc66c000000 rw-p 00000000 00:00 0 
7fc66c000000-7fc66c021000 rw-p 00000000 00:00 0 
7fc66c021000-7fc670000000 ---p 00000000 00:00 0 
7fc670000000-7fc670001000 r--s 00000000 103:05 2754305                   /var/cache/fontconfig/56cf4f4769d0f4abc89a4895d7bd3ae1-le64.cache-7
7fc670001000-7fc670002000 r--s 00000000 103:05 2754327                   /var/cache/fontconfig/b9d506c9ac06c20b433354fa67a72993-le64.cache-7
7fc670002000-7fc670003000 r--s 00000000 103:05 2754292                   /var/cache/fontconfig/370e5b74bf5dafc30834de68e24a87a4-le64.cache-7
7fc670003000-7fc670004000 r--s 00000000 103:05 2754313                   /var/cache/fontconfig/6b2c5944714ca7831b25bed9e85cb5c8-le64.cache-7
7fc670004000-7fc670005000 r--s 00000000 103:05 2754333                   /var/cache/fontconfig/d5178ab6d91b49bf20a416737dcea9e8-le64.cache-7
7fc670005000-7fc67002b000 r--p 00000000 103:05 1182632                   /usr/share/locale-langpack/fr/LC_MESSAGES/libc.mo
7fc67002b000-7fc67007e000 r-xp 00000000 103:05 1319090                   /usr/lib/jvm/java-8-oracle/jre/lib/amd64/libawt_xawt.so
7fc67007e000-7fc67027d000 ---p 00053000 103:05 1319090                   /usr/lib/jvm/java-8-oracle/jre/lib/amd64/libawt_xawt.so
7fc67027d000-7fc67027e000 r--p 00052000 103:05 1319090                   /usr/lib/jvm/java-8-oracle/jre/lib/amd64/libawt_xawt.so
7fc67027e000-7fc670281000 rw-p 00053000 103:05 1319090                   /usr/lib/jvm/java-8-oracle/jre/lib/amd64/libawt_xawt.so
7fc670281000-7fc670282000 rw-p 00000000 00:00 0 
7fc670282000-7fc670283000 ---p 00000000 00:00 0 
7fc670283000-7fc670383000 rw-p 00000000 00:00 0 
7fc670383000-7fc670386000 ---p 00000000 00:00 0 
7fc670386000-7fc670484000 rw-p 00000000 00:00 0 
7fc670484000-7fc670485000 ---p 00000000 00:00 0 
7fc670485000-7fc670488000 ---p 00000000 00:00 0 
7fc670488000-7fc670585000 rw-p 00000000 00:00 0 
7fc670585000-7fc670586000 ---p 00000000 00:00 0 
7fc670586000-7fc670589000 ---p 00000000 00:00 0 
7fc670589000-7fc670686000 rw-p 00000000 00:00 0 
7fc670686000-7fc670687000 ---p 00000000 00:00 0 
7fc670687000-7fc67068a000 ---p 00000000 00:00 0 
7fc67068a000-7fc670787000 rw-p 00000000 00:00 0 
7fc670787000-7fc670788000 ---p 00000000 00:00 0 
7fc670788000-7fc67078b000 ---p 00000000 00:00 0 
7fc67078b000-7fc670888000 rw-p 00000000 00:00 0 
7fc670888000-7fc67088b000 ---p 00000000 00:00 0 
7fc67088b000-7fc670989000 rw-p 00000000 00:00 0 
7fc670989000-7fc671358000 r--p 00000000 103:05 400112                    /usr/lib/locale/locale-archive
7fc671358000-7fc67135b000 ---p 00000000 00:00 0 
7fc67135b000-7fc671459000 rw-p 00000000 00:00 0 
7fc671459000-7fc67145c000 ---p 00000000 00:00 0 
7fc67145c000-7fc67155a000 rw-p 00000000 00:00 0 
7fc67155a000-7fc67155b000 ---p 00000000 00:00 0 
7fc67155b000-7fc674000000 rw-p 00000000 00:00 0 
7fc674000000-7fc674021000 rw-p 00000000 00:00 0 
7fc674021000-7fc678000000 ---p 00000000 00:00 0 
7fc678000000-7fc678001000 r--s 00000000 103:05 2754303                   /var/cache/fontconfig/551ecf3b0e8b0bca0f25c0944f561853-le64.cache-7
7fc678001000-7fc678004000 r--s 00000000 103:05 2754342                   /var/cache/fontconfig/f259c2cffa685e28062317905db73c4a-le64.cache-7
7fc678004000-7fc678006000 r--s 00000000 103:05 2754302                   /var/cache/fontconfig/550f3886151c940c12a5ed35f6a00586-le64.cache-7
7fc678006000-7fc679000000 rw-p 00000000 00:00 0 
7fc679000000-7fc679790000 rwxp 00000000 00:00 0 
7fc679790000-7fc688000000 ---p 00000000 00:00 0 
7fc688000000-7fc68c000000 rw-p 00000000 00:00 0 
7fc68c000000-7fc68c003000 r--s 00000000 103:05 2754311                   /var/cache/fontconfig/674d1711f2d1d2a09646eb0bdcadee49-le64.cache-7
7fc68c003000-7fc68c004000 r--s 00000000 103:05 2754295                   /var/cache/fontconfig/3f7329c5293ffd510edef78f73874cfd-le64.cache-7
7fc68c004000-7fc68c008000 r--s 00000000 103:05 2754335                   /var/cache/fontconfig/d589a48862398ed80a3d6066f4f56f4c-le64.cache-7
7fc68c008000-7fc68c016000 r--s 00000000 103:05 2764616                   /var/cache/fontconfig/e13b20fdb08344e0e664864cc2ede53d-le64.cache-7
7fc68c016000-7fc68c0e9000 rw-p 00000000 00:00 0 
7fc68c0e9000-7fc68c2c3000 r--s 03d6f000 103:05 1319016                   /usr/lib/jvm/java-8-oracle/jre/lib/rt.jar
7fc68c2c3000-7fc68c394000 rw-p 00000000 00:00 0 
7fc68c394000-7fc68c395000 ---p 00000000 00:00 0 
7fc68c395000-7fc68c495000 rw-p 00000000 00:00 0 
7fc68c495000-7fc68c496000 ---p 00000000 00:00 0 
7fc68c496000-7fc68c596000 rw-p 00000000 00:00 0 
7fc68c596000-7fc68c597000 ---p 00000000 00:00 0 
7fc68c597000-7fc68c697000 rw-p 00000000 00:00 0 
7fc68c697000-7fc68c698000 ---p 00000000 00:00 0 
7fc68c698000-7fc68c798000 rw-p 00000000 00:00 0 
7fc68c798000-7fc68c799000 ---p 00000000 00:00 0 
7fc68c799000-7fc68c899000 rw-p 00000000 00:00 0 
7fc68c899000-7fc68c89a000 ---p 00000000 00:00 0 
7fc68c89a000-7fc68c99a000 rw-p 00000000 00:00 0 
7fc68c99a000-7fc68c99b000 ---p 00000000 00:00 0 
7fc68c99b000-7fc68ca9b000 rw-p 00000000 00:00 0 
7fc68ca9b000-7fc68ca9c000 ---p 00000000 00:00 0 
7fc68ca9c000-7fc68cb9c000 rw-p 00000000 00:00 0 
7fc68cb9c000-7fc68cb9d000 ---p 00000000 00:00 0 
7fc68cb9d000-7fc68cc9d000 rw-p 00000000 00:00 0 
7fc68cc9d000-7fc68cc9e000 ---p 00000000 00:00 0 
7fc68cc9e000-7fc68d249000 rw-p 00000000 00:00 0 
7fc68d249000-7fc68d803000 ---p 00000000 00:00 0 
7fc68d803000-7fc68dcae000 rw-p 00000000 00:00 0 
7fc68dcae000-7fc68e267000 ---p 00000000 00:00 0 
7fc68e267000-7fc68e79a000 rw-p 00000000 00:00 0 
7fc68e79a000-7fc68e7ba000 rw-p 00000000 00:00 0 
7fc68e7ba000-7fc68eb5b000 ---p 00000000 00:00 0 
7fc68eb5b000-7fc68eb76000 r-xp 00000000 103:05 1319079                   /usr/lib/jvm/java-8-oracle/jre/lib/amd64/libzip.so
7fc68eb76000-7fc68ed75000 ---p 0001b000 103:05 1319079                   /usr/lib/jvm/java-8-oracle/jre/lib/amd64/libzip.so
7fc68ed75000-7fc68ed76000 r--p 0001a000 103:05 1319079                   /usr/lib/jvm/java-8-oracle/jre/lib/amd64/libzip.so
7fc68ed76000-7fc68ed77000 rw-p 0001b000 103:05 1319079                   /usr/lib/jvm/java-8-oracle/jre/lib/amd64/libzip.so
7fc68ed77000-7fc68ed82000 r-xp 00000000 103:05 3806148                   /lib/x86_64-linux-gnu/libnss_files-2.27.so
7fc68ed82000-7fc68ef81000 ---p 0000b000 103:05 3806148                   /lib/x86_64-linux-gnu/libnss_files-2.27.so
7fc68ef81000-7fc68ef82000 r--p 0000a000 103:05 3806148                   /lib/x86_64-linux-gnu/libnss_files-2.27.so
7fc68ef82000-7fc68ef83000 rw-p 0000b000 103:05 3806148                   /lib/x86_64-linux-gnu/libnss_files-2.27.so
7fc68ef83000-7fc68ef89000 rw-p 00000000 00:00 0 
7fc68ef89000-7fc68efa0000 r-xp 00000000 103:05 3806142                   /lib/x86_64-linux-gnu/libnsl-2.27.so
7fc68efa0000-7fc68f19f000 ---p 00017000 103:05 3806142                   /lib/x86_64-linux-gnu/libnsl-2.27.so
7fc68f19f000-7fc68f1a0000 r--p 00016000 103:05 3806142                   /lib/x86_64-linux-gnu/libnsl-2.27.so
7fc68f1a0000-7fc68f1a1000 rw-p 00017000 103:05 3806142                   /lib/x86_64-linux-gnu/libnsl-2.27.so
7fc68f1a1000-7fc68f1a3000 rw-p 00000000 00:00 0 
7fc68f1a3000-7fc68f1ae000 r-xp 00000000 103:05 3806159                   /lib/x86_64-linux-gnu/libnss_nis-2.27.so
7fc68f1ae000-7fc68f3ad000 ---p 0000b000 103:05 3806159                   /lib/x86_64-linux-gnu/libnss_nis-2.27.so
7fc68f3ad000-7fc68f3ae000 r--p 0000a000 103:05 3806159                   /lib/x86_64-linux-gnu/libnss_nis-2.27.so
7fc68f3ae000-7fc68f3af000 rw-p 0000b000 103:05 3806159                   /lib/x86_64-linux-gnu/libnss_nis-2.27.so
7fc68f3af000-7fc68f3b7000 r-xp 00000000 103:05 3806144                   /lib/x86_64-linux-gnu/libnss_compat-2.27.so
7fc68f3b7000-7fc68f5b7000 ---p 00008000 103:05 3806144                   /lib/x86_64-linux-gnu/libnss_compat-2.27.so
7fc68f5b7000-7fc68f5b8000 r--p 00008000 103:05 3806144                   /lib/x86_64-linux-gnu/libnss_compat-2.27.so
7fc68f5b8000-7fc68f5b9000 rw-p 00009000 103:05 3806144                   /lib/x86_64-linux-gnu/libnss_compat-2.27.so
7fc68f5b9000-7fc68f5e5000 r-xp 00000000 103:05 1319071                   /usr/lib/jvm/java-8-oracle/jre/lib/amd64/libjava.so
7fc68f5e5000-7fc68f7e5000 ---p 0002c000 103:05 1319071                   /usr/lib/jvm/java-8-oracle/jre/lib/amd64/libjava.so
7fc68f7e5000-7fc68f7e6000 r--p 0002c000 103:05 1319071                   /usr/lib/jvm/java-8-oracle/jre/lib/amd64/libjava.so
7fc68f7e6000-7fc68f7e8000 rw-p 0002d000 103:05 1319071                   /usr/lib/jvm/java-8-oracle/jre/lib/amd64/libjava.so
7fc68f7e8000-7fc68f7f5000 r-xp 00000000 103:05 1319077                   /usr/lib/jvm/java-8-oracle/jre/lib/amd64/libverify.so
7fc68f7f5000-7fc68f9f4000 ---p 0000d000 103:05 1319077                   /usr/lib/jvm/java-8-oracle/jre/lib/amd64/libverify.so
7fc68f9f4000-7fc68f9f6000 r--p 0000c000 103:05 1319077                   /usr/lib/jvm/java-8-oracle/jre/lib/amd64/libverify.so
7fc68f9f6000-7fc68f9f7000 rw-p 0000e000 103:05 1319077                   /usr/lib/jvm/java-8-oracle/jre/lib/amd64/libverify.so
7fc68f9f7000-7fc68f9fe000 r-xp 00000000 103:05 3806199                   /lib/x86_64-linux-gnu/librt-2.27.so
7fc68f9fe000-7fc68fbfd000 ---p 00007000 103:05 3806199                   /lib/x86_64-linux-gnu/librt-2.27.so
7fc68fbfd000-7fc68fbfe000 r--p 00006000 103:05 3806199                   /lib/x86_64-linux-gnu/librt-2.27.so
7fc68fbfe000-7fc68fbff000 rw-p 00007000 103:05 3806199                   /lib/x86_64-linux-gnu/librt-2.27.so
7fc68fbff000-7fc68fd9c000 r-xp 00000000 103:05 3806121                   /lib/x86_64-linux-gnu/libm-2.27.so
7fc68fd9c000-7fc68ff9b000 ---p 0019d000 103:05 3806121                   /lib/x86_64-linux-gnu/libm-2.27.so
7fc68ff9b000-7fc68ff9c000 r--p 0019c000 103:05 3806121                   /lib/x86_64-linux-gnu/libm-2.27.so
7fc68ff9c000-7fc68ff9d000 rw-p 0019d000 103:05 3806121                   /lib/x86_64-linux-gnu/libm-2.27.so
7fc68ff9d000-7fc690c85000 r-xp 00000000 103:05 1581920                   /usr/lib/jvm/java-8-oracle/jre/lib/amd64/server/libjvm.so
7fc690c85000-7fc690e84000 ---p 00ce8000 103:05 1581920                   /usr/lib/jvm/java-8-oracle/jre/lib/amd64/server/libjvm.so
7fc690e84000-7fc690f1a000 r--p 00ce7000 103:05 1581920                   /usr/lib/jvm/java-8-oracle/jre/lib/amd64/server/libjvm.so
7fc690f1a000-7fc690f4b000 rw-p 00d7d000 103:05 1581920                   /usr/lib/jvm/java-8-oracle/jre/lib/amd64/server/libjvm.so
7fc690f4b000-7fc690f86000 rw-p 00000000 00:00 0 
7fc690f86000-7fc69116d000 r-xp 00000000 103:05 3806058                   /lib/x86_64-linux-gnu/libc-2.27.so
7fc69116d000-7fc69136d000 ---p 001e7000 103:05 3806058                   /lib/x86_64-linux-gnu/libc-2.27.so
7fc69136d000-7fc691371000 r--p 001e7000 103:05 3806058                   /lib/x86_64-linux-gnu/libc-2.27.so
7fc691371000-7fc691373000 rw-p 001eb000 103:05 3806058                   /lib/x86_64-linux-gnu/libc-2.27.so
7fc691373000-7fc691377000 rw-p 00000000 00:00 0 
7fc691377000-7fc69137a000 r-xp 00000000 103:05 3806081                   /lib/x86_64-linux-gnu/libdl-2.27.so
7fc69137a000-7fc691579000 ---p 00003000 103:05 3806081                   /lib/x86_64-linux-gnu/libdl-2.27.so
7fc691579000-7fc69157a000 r--p 00002000 103:05 3806081                   /lib/x86_64-linux-gnu/libdl-2.27.so
7fc69157a000-7fc69157b000 rw-p 00003000 103:05 3806081                   /lib/x86_64-linux-gnu/libdl-2.27.so
7fc69157b000-7fc691592000 r-xp 00000000 103:05 409197                    /usr/lib/jvm/java-8-oracle/lib/amd64/jli/libjli.so
7fc691592000-7fc691791000 ---p 00017000 103:05 409197                    /usr/lib/jvm/java-8-oracle/lib/amd64/jli/libjli.so
7fc691791000-7fc691792000 r--p 00016000 103:05 409197                    /usr/lib/jvm/java-8-oracle/lib/amd64/jli/libjli.so
7fc691792000-7fc691793000 rw-p 00017000 103:05 409197                    /usr/lib/jvm/java-8-oracle/lib/amd64/jli/libjli.so
7fc691793000-7fc6917ad000 r-xp 00000000 103:05 3806191                   /lib/x86_64-linux-gnu/libpthread-2.27.so
7fc6917ad000-7fc6919ac000 ---p 0001a000 103:05 3806191                   /lib/x86_64-linux-gnu/libpthread-2.27.so
7fc6919ac000-7fc6919ad000 r--p 00019000 103:05 3806191                   /lib/x86_64-linux-gnu/libpthread-2.27.so
7fc6919ad000-7fc6919ae000 rw-p 0001a000 103:05 3806191                   /lib/x86_64-linux-gnu/libpthread-2.27.so
7fc6919ae000-7fc6919b2000 rw-p 00000000 00:00 0 
7fc6919b2000-7fc6919b8000 r-xp 00000000 103:05 413404                    /usr/lib/x86_64-linux-gnu/libgtk3-nocsd.so.0
7fc6919b8000-7fc691bb7000 ---p 00006000 103:05 413404                    /usr/lib/x86_64-linux-gnu/libgtk3-nocsd.so.0
7fc691bb7000-7fc691bb8000 r--p 00005000 103:05 413404                    /usr/lib/x86_64-linux-gnu/libgtk3-nocsd.so.0
7fc691bb8000-7fc691bb9000 rw-p 00006000 103:05 413404                    /usr/lib/x86_64-linux-gnu/libgtk3-nocsd.so.0
7fc691bb9000-7fc691be0000 r-xp 00000000 103:05 3806030                   /lib/x86_64-linux-gnu/ld-2.27.so
7fc691be0000-7fc691be1000 r--s 00000000 103:05 2754281                   /var/cache/fontconfig/0c9eb80ebd1c36541ebe2852d3bb0c49-le64.cache-7
7fc691be1000-7fc691be2000 r--s 00000000 103:05 2754288                   /var/cache/fontconfig/22368d551a680bfe5a62c02760edf4ea-le64.cache-7
7fc691be2000-7fc691be3000 r--s 00000000 103:05 2754300                   /var/cache/fontconfig/4d9c95eba1cb85bbcf2878543262124a-le64.cache-7
7fc691be3000-7fc691be4000 r--s 00000000 103:05 2754317                   /var/cache/fontconfig/85e0a52ce643a7ba2ae53e5d6949cead-le64.cache-7
7fc691be4000-7fc691be5000 r--s 00000000 103:05 2754297                   /var/cache/fontconfig/49f0de54bdd920fe4f0dfd4cbac43e6b-le64.cache-7
7fc691be5000-7fc691be6000 r--s 00000000 103:05 2754344                   /var/cache/fontconfig/f6e6e0a5c3d2f6ae0c0c2e0ecd42a997-le64.cache-7
7fc691be6000-7fc691be7000 r--s 00000000 103:05 2754298                   /var/cache/fontconfig/4b2eda6bb976bda485cb2176619421d5-le64.cache-7
7fc691be7000-7fc691bf1000 r--s 00226000 103:05 1984601                   /home/fernandr/.m2/repository/net/imagej/ij/1.52k/ij-1.52k.jar
7fc691bf1000-7fc691cb5000 rw-p 00000000 00:00 0 
7fc691cb5000-7fc691cb6000 ---p 00000000 00:00 0 
7fc691cb6000-7fc691cb9000 ---p 00000000 00:00 0 
7fc691cb9000-7fc691dba000 rw-p 00000000 00:00 0 
7fc691dba000-7fc691dbc000 r--s 00000000 103:05 2754312                   /var/cache/fontconfig/6afa1bb216ce958c1589e297e8008489-le64.cache-7
7fc691dbc000-7fc691dc3000 r--s 00000000 103:05 657616                    /usr/lib/x86_64-linux-gnu/gconv/gconv-modules.cache
7fc691dc3000-7fc691dca000 r--s 00095000 103:05 2028044                   /home/fernandr/Programmes/LIB_EXT/JAR/VIB-lib-2.1.2.jar
7fc691dca000-7fc691dd5000 r--s 00093000 103:05 1983880                   /home/fernandr/Programmes/LIB_EXT/JAR/simpleitk-1.2.0.jar
7fc691dd5000-7fc691dd6000 r--s 00005000 103:05 3411772                   /home/fernandr/eclipse-workspace/MyIJPlugs/vitimage/target/lib/ext/lma.jar
7fc691dd6000-7fc691dde000 rw-s 00000000 103:05 2883654                   /tmp/hsperfdata_fernandr/30651
7fc691dde000-7fc691ddf000 rw-p 00000000 00:00 0 
7fc691ddf000-7fc691de0000 r--p 00000000 00:00 0 
7fc691de0000-7fc691de1000 r--p 00027000 103:05 3806030                   /lib/x86_64-linux-gnu/ld-2.27.so
7fc691de1000-7fc691de2000 rw-p 00028000 103:05 3806030                   /lib/x86_64-linux-gnu/ld-2.27.so
7fc691de2000-7fc691de3000 rw-p 00000000 00:00 0 
7ffef357d000-7ffef359e000 rw-p 00000000 00:00 0                          [stack]
7ffef35e1000-7ffef35e4000 r--p 00000000 00:00 0                          [vvar]
7ffef35e4000-7ffef35e6000 r-xp 00000000 00:00 0                          [vdso]
ffffffffff600000-ffffffffff601000 r-xp 00000000 00:00 0                  [vsyscall]

VM Arguments:
jvm_args: -Djava.library.path=/home/fernandr/Programmes/Fiji.app/lib/linux64 -Dfile.encoding=UTF-8 
java_command: com.vitimage.BlockMatchingRegistration
java_class_path (initial): /home/fernandr/eclipse-workspace/MyIJPlugs/vitimage/target/lib/ext/lma.jar:/home/fernandr/eclipse-workspace/MyIJPlugs/vitimage/target/classes:/home/fernandr/Programmes/LIB_EXT/JAR/simpleitk-1.2.0.jar:/home/fernandr/Programmes/LIB_EXT/JAR/VIB-lib-2.1.2.jar:/home/fernandr/.m2/repository/net/imagej/ij/1.52k/ij-1.52k.jar:/usr/lib/jvm/java-8-oracle/lib/tools.jar:/home/fernandr/.m2/repository/sc/fiji/imagescience/3.0.0/imagescience-3.0.0.jar:/home/fernandr/.m2/repository/sc/fiji/Image_5D/1.2.6/Image_5D-1.2.6.jar:/home/fernandr/.m2/repository/sc/fiji/VIB-lib/2.1.2/VIB-lib-2.1.2.jar:/home/fernandr/.m2/repository/sc/fiji/pal-optimization/2.0.0/pal-optimization-2.0.0.jar:/home/fernandr/.m2/repository/gov/nist/math/jama/1.0.3/jama-1.0.3.jar
Launcher Type: SUN_STANDARD

Environment Variables:
JAVA_HOME=/usr/lib/jvm/java-8-oracle
PATH=/usr/local/sbin:/usr/local/bin:/usr/sbin:/usr/bin:/sbin:/bin:/usr/games:/usr/local/games:/home/fernandr/Programmes/ImageJ:/home/fernandr/Programmes/Fiji.app:/snap/bin:/usr/lib/jvm/java-8-oracle/bin:/usr/lib/jvm/java-8-oracle/db/bin:/usr/lib/jvm/java-8-oracle/jre/bin
USERNAME=fernandr
LD_PRELOAD=libgtk3-nocsd.so.0
SHELL=/bin/bash
DISPLAY=:0

Signal Handlers:
SIGSEGV: [libjvm.so+0xad3e60], sa_mask[0]=11111111011111111101111111111110, sa_flags=SA_RESTART|SA_SIGINFO
SIGBUS: [libjvm.so+0xad3e60], sa_mask[0]=11111111011111111101111111111110, sa_flags=SA_RESTART|SA_SIGINFO
SIGFPE: [libjvm.so+0x90b880], sa_mask[0]=11111111011111111101111111111110, sa_flags=SA_RESTART|SA_SIGINFO
SIGPIPE: [libjvm.so+0x90b880], sa_mask[0]=11111111011111111101111111111110, sa_flags=SA_RESTART|SA_SIGINFO
SIGXFSZ: [libjvm.so+0x90b880], sa_mask[0]=11111111011111111101111111111110, sa_flags=SA_RESTART|SA_SIGINFO
SIGILL: [libjvm.so+0x90b880], sa_mask[0]=11111111011111111101111111111110, sa_flags=SA_RESTART|SA_SIGINFO
SIGUSR1: SIG_DFL, sa_mask[0]=00000000000000000000000000000000, sa_flags=none
SIGUSR2: [libjvm.so+0x90b750], sa_mask[0]=00100000000000000000000000000000, sa_flags=SA_RESTART|SA_SIGINFO
SIGHUP: [libjvm.so+0x90bd70], sa_mask[0]=11111111011111111101111111111110, sa_flags=SA_RESTART|SA_SIGINFO
SIGINT: [libjvm.so+0x90bd70], sa_mask[0]=11111111011111111101111111111110, sa_flags=SA_RESTART|SA_SIGINFO
SIGTERM: [libjvm.so+0x90bd70], sa_mask[0]=11111111011111111101111111111110, sa_flags=SA_RESTART|SA_SIGINFO
SIGQUIT: [libjvm.so+0x90bd70], sa_mask[0]=11111111011111111101111111111110, sa_flags=SA_RESTART|SA_SIGINFO


---------------  S Y S T E M  ---------------

OS:DISTRIB_ID=Ubuntu
DISTRIB_RELEASE=18.04
DISTRIB_CODENAME=bionic
DISTRIB_DESCRIPTION="Ubuntu 18.04.2 LTS"

uname:Linux 4.15.0-50-generic #54-Ubuntu SMP Mon May 6 18:46:08 UTC 2019 x86_64
libc:glibc 2.27 NPTL 2.27 
rlimit: STACK 8192k, CORE 0k, NPROC 127338, NOFILE 4096, AS infinity
load average:2,20 1,96 1,46

/proc/meminfo:
MemTotal:       32693752 kB
MemFree:         9079504 kB
MemAvailable:   12099388 kB
Buffers:          830160 kB
Cached:          2719224 kB
SwapCached:            0 kB
Active:         20661440 kB
Inactive:        2237748 kB
Active(anon):   19357032 kB
Inactive(anon):   283680 kB
Active(file):    1304408 kB
Inactive(file):  1954068 kB
Unevictable:       14016 kB
Mlocked:           14020 kB
SwapTotal:      19530748 kB
SwapFree:       19530748 kB
Dirty:              1108 kB
Writeback:             0 kB
AnonPages:      19363896 kB
Mapped:           895460 kB
Shmem:            286392 kB
Slab:             341656 kB
SReclaimable:     233104 kB
SUnreclaim:       108552 kB
KernelStack:       23168 kB
PageTables:       105584 kB
NFS_Unstable:          0 kB
Bounce:                0 kB
WritebackTmp:          0 kB
CommitLimit:    35877624 kB
Committed_AS:   24963552 kB
VmallocTotal:   34359738367 kB
VmallocUsed:           0 kB
VmallocChunk:          0 kB
HardwareCorrupted:     0 kB
AnonHugePages:         0 kB
ShmemHugePages:        0 kB
ShmemPmdMapped:        0 kB
CmaTotal:              0 kB
CmaFree:               0 kB
HugePages_Total:       0
HugePages_Free:        0
HugePages_Rsvd:        0
HugePages_Surp:        0
Hugepagesize:       2048 kB
DirectMap4k:      496124 kB
DirectMap2M:    13938688 kB
DirectMap1G:    19922944 kB

container (cgroup) information:
container_type: cgroupv1
cpu_cpuset_cpus: 0-11
cpu_memory_nodes: 0
active_processor_count: 12
cpu_quota: -1
cpu_period: 100000
cpu_shares: -1
memory_limit_in_bytes: -1
memory_and_swap_limit_in_bytes: -2
memory_soft_limit_in_bytes: -1
memory_usage_in_bytes: 23463215104
memory_max_usage_in_bytes: 0


CPU:total 12 (initial active 12) (6 cores per cpu, 2 threads per core) family 6 model 158 stepping 10, cmov, cx8, fxsr, mmx, sse, sse2, sse3, ssse3, sse4.1, sse4.2, popcnt, avx, avx2, aes, clmul, erms, rtm, 3dnowpref, lzcnt, ht, tsc, tscinvbit, bmi1, bmi2, adx

/proc/cpuinfo:
processor	: 0
vendor_id	: GenuineIntel
cpu family	: 6
model		: 158
model name	: Intel(R) Xeon(R) E-2186M  CPU @ 2.90GHz
stepping	: 10
microcode	: 0xb4
cpu MHz		: 3899.995
cache size	: 12288 KB
physical id	: 0
siblings	: 12
core id		: 0
cpu cores	: 6
apicid		: 0
initial apicid	: 0
fpu		: yes
fpu_exception	: yes
cpuid level	: 22
wp		: yes
flags		: fpu vme de pse tsc msr pae mce cx8 apic sep mtrr pge mca cmov pat pse36 clflush dts acpi mmx fxsr sse sse2 ss ht tm pbe syscall nx pdpe1gb rdtscp lm constant_tsc art arch_perfmon pebs bts rep_good nopl xtopology nonstop_tsc cpuid aperfmperf tsc_known_freq pni pclmulqdq dtes64 monitor ds_cpl vmx smx est tm2 ssse3 sdbg fma cx16 xtpr pdcm pcid sse4_1 sse4_2 x2apic movbe popcnt tsc_deadline_timer aes xsave avx f16c rdrand lahf_lm abm 3dnowprefetch cpuid_fault epb invpcid_single pti ssbd ibrs ibpb stibp tpr_shadow vnmi flexpriority ept vpid fsgsbase tsc_adjust bmi1 hle avx2 smep bmi2 erms invpcid rtm mpx rdseed adx smap clflushopt intel_pt xsaveopt xsavec xgetbv1 xsaves dtherm ida arat pln pts hwp hwp_notify hwp_act_window hwp_epp md_clear flush_l1d
bugs		: cpu_meltdown spectre_v1 spectre_v2 spec_store_bypass l1tf mds
bogomips	: 5808.00
clflush size	: 64
cache_alignment	: 64
address sizes	: 39 bits physical, 48 bits virtual
power management:

processor	: 1
vendor_id	: GenuineIntel
cpu family	: 6
model		: 158
model name	: Intel(R) Xeon(R) E-2186M  CPU @ 2.90GHz
stepping	: 10
microcode	: 0xb4
cpu MHz		: 3899.978
cache size	: 12288 KB
physical id	: 0
siblings	: 12
core id		: 1
cpu cores	: 6
apicid		: 2
initial apicid	: 2
fpu		: yes
fpu_exception	: yes
cpuid level	: 22
wp		: yes
flags		: fpu vme de pse tsc msr pae mce cx8 apic sep mtrr pge mca cmov pat pse36 clflush dts acpi mmx fxsr sse sse2 ss ht tm pbe syscall nx pdpe1gb rdtscp lm constant_tsc art arch_perfmon pebs bts rep_good nopl xtopology nonstop_tsc cpuid aperfmperf tsc_known_freq pni pclmulqdq dtes64 monitor ds_cpl vmx smx est tm2 ssse3 sdbg fma cx16 xtpr pdcm pcid sse4_1 sse4_2 x2apic movbe popcnt tsc_deadline_timer aes xsave avx f16c rdrand lahf_lm abm 3dnowprefetch cpuid_fault epb invpcid_single pti ssbd ibrs ibpb stibp tpr_shadow vnmi flexpriority ept vpid fsgsbase tsc_adjust bmi1 hle avx2 smep bmi2 erms invpcid rtm mpx rdseed adx smap clflushopt intel_pt xsaveopt xsavec xgetbv1 xsaves dtherm ida arat pln pts hwp hwp_notify hwp_act_window hwp_epp md_clear flush_l1d
bugs		: cpu_meltdown spectre_v1 spectre_v2 spec_store_bypass l1tf mds
bogomips	: 5808.00
clflush size	: 64
cache_alignment	: 64
address sizes	: 39 bits physical, 48 bits virtual
power management:

processor	: 2
vendor_id	: GenuineIntel
cpu family	: 6
model		: 158
model name	: Intel(R) Xeon(R) E-2186M  CPU @ 2.90GHz
stepping	: 10
microcode	: 0xb4
cpu MHz		: 3900.135
cache size	: 12288 KB
physical id	: 0
siblings	: 12
core id		: 2
cpu cores	: 6
apicid		: 4
initial apicid	: 4
fpu		: yes
fpu_exception	: yes
cpuid level	: 22
wp		: yes
flags		: fpu vme de pse tsc msr pae mce cx8 apic sep mtrr pge mca cmov pat pse36 clflush dts acpi mmx fxsr sse sse2 ss ht tm pbe syscall nx pdpe1gb rdtscp lm constant_tsc art arch_perfmon pebs bts rep_good nopl xtopology nonstop_tsc cpuid aperfmperf tsc_known_freq pni pclmulqdq dtes64 monitor ds_cpl vmx smx est tm2 ssse3 sdbg fma cx16 xtpr pdcm pcid sse4_1 sse4_2 x2apic movbe popcnt tsc_deadline_timer aes xsave avx f16c rdrand lahf_lm abm 3dnowprefetch cpuid_fault epb invpcid_single pti ssbd ibrs ibpb stibp tpr_shadow vnmi flexpriority ept vpid fsgsbase tsc_adjust bmi1 hle avx2 smep bmi2 erms invpcid rtm mpx rdseed adx smap clflushopt intel_pt xsaveopt xsavec xgetbv1 xsaves dtherm ida arat pln pts hwp hwp_notify hwp_act_window hwp_epp md_clear flush_l1d
bugs		: cpu_meltdown spectre_v1 spectre_v2 spec_store_bypass l1tf mds
bogomips	: 5808.00
clflush size	: 64
cache_alignment	: 64
address sizes	: 39 bits physical, 48 bits virtual
power management:

processor	: 3
vendor_id	: GenuineIntel
cpu family	: 6
model		: 158
model name	: Intel(R) Xeon(R) E-2186M  CPU @ 2.90GHz
stepping	: 10
microcode	: 0xb4
cpu MHz		: 3900.001
cache size	: 12288 KB
physical id	: 0
siblings	: 12
core id		: 3
cpu cores	: 6
apicid		: 6
initial apicid	: 6
fpu		: yes
fpu_exception	: yes
cpuid level	: 22
wp		: yes
flags		: fpu vme de pse tsc msr pae mce cx8 apic sep mtrr pge mca cmov pat pse36 clflush dts acpi mmx fxsr sse sse2 ss ht tm pbe syscall nx pdpe1gb rdtscp lm constant_tsc art arch_perfmon pebs bts rep_good nopl xtopology nonstop_tsc cpuid aperfmperf tsc_known_freq pni pclmulqdq dtes64 monitor ds_cpl vmx smx est tm2 ssse3 sdbg fma cx16 xtpr pdcm pcid sse4_1 sse4_2 x2apic movbe popcnt tsc_deadline_timer aes xsave avx f16c rdrand lahf_lm abm 3dnowprefetch cpuid_fault epb invpcid_single pti ssbd ibrs ibpb stibp tpr_shadow vnmi flexpriority ept vpid fsgsbase tsc_adjust bmi1 hle avx2 smep bmi2 erms invpcid rtm mpx rdseed adx smap clflushopt intel_pt xsaveopt xsavec xgetbv1 xsaves dtherm ida arat pln pts hwp hwp_notify hwp_act_window hwp_epp md_clear flush_l1d
bugs		: cpu_meltdown spectre_v1 spectre_v2 spec_store_bypass l1tf mds
bogomips	: 5808.00
clflush size	: 64
cache_alignment	: 64
address sizes	: 39 bits physical, 48 bits virtual
power management:

processor	: 4
vendor_id	: GenuineIntel
cpu family	: 6
model		: 158
model name	: Intel(R) Xeon(R) E-2186M  CPU @ 2.90GHz
stepping	: 10
microcode	: 0xb4
cpu MHz		: 3901.669
cache size	: 12288 KB
physical id	: 0
siblings	: 12
core id		: 4
cpu cores	: 6
apicid		: 8
initial apicid	: 8
fpu		: yes
fpu_exception	: yes
cpuid level	: 22
wp		: yes
flags		: fpu vme de pse tsc msr pae mce cx8 apic sep mtrr pge mca cmov pat pse36 clflush dts acpi mmx fxsr sse sse2 ss ht tm pbe syscall nx pdpe1gb rdtscp lm constant_tsc art arch_perfmon pebs bts rep_good nopl xtopology nonstop_tsc cpuid aperfmperf tsc_known_freq pni pclmulqdq dtes64 monitor ds_cpl vmx smx est tm2 ssse3 sdbg fma cx16 xtpr pdcm pcid sse4_1 sse4_2 x2apic movbe popcnt tsc_deadline_timer aes xsave avx f16c rdrand lahf_lm abm 3dnowprefetch cpuid_fault epb invpcid_single pti ssbd ibrs ibpb stibp tpr_shadow vnmi flexpriority ept vpid fsgsbase tsc_adjust bmi1 hle avx2 smep bmi2 erms invpcid rtm mpx rdseed adx smap clflushopt intel_pt xsaveopt xsavec xgetbv1 xsaves dtherm ida arat pln pts hwp hwp_notify hwp_act_window hwp_epp md_clear flush_l1d
bugs		: cpu_meltdown spectre_v1 spectre_v2 spec_store_bypass l1tf mds
bogomips	: 5808.00
clflush size	: 64
cache_alignment	: 64
address sizes	: 39 bits physical, 48 bits virtual
power management:

processor	: 5
vendor_id	: GenuineIntel
cpu family	: 6
model		: 158
model name	: Intel(R) Xeon(R) E-2186M  CPU @ 2.90GHz
stepping	: 10
microcode	: 0xb4
cpu MHz		: 3900.000
cache size	: 12288 KB
physical id	: 0
siblings	: 12
core id		: 5
cpu cores	: 6
apicid		: 10
initial apicid	: 10
fpu		: yes
fpu_exception	: yes
cpuid level	: 22
wp		: yes
flags		: fpu vme de pse tsc msr pae mce cx8 apic sep mtrr pge mca cmov pat pse36 clflush dts acpi mmx fxsr sse sse2 ss ht tm pbe syscall nx pdpe1gb rdtscp lm constant_tsc art arch_perfmon pebs bts rep_good nopl xtopology nonstop_tsc cpuid aperfmperf tsc_known_freq pni pclmulqdq dtes64 monitor ds_cpl vmx smx est tm2 ssse3 sdbg fma cx16 xtpr pdcm pcid sse4_1 sse4_2 x2apic movbe popcnt tsc_deadline_timer aes xsave avx f16c rdrand lahf_lm abm 3dnowprefetch cpuid_fault epb invpcid_single pti ssbd ibrs ibpb stibp tpr_shadow vnmi flexpriority ept vpid fsgsbase tsc_adjust bmi1 hle avx2 smep bmi2 erms invpcid rtm mpx rdseed adx smap clflushopt intel_pt xsaveopt xsavec xgetbv1 xsaves dtherm ida arat pln pts hwp hwp_notify hwp_act_window hwp_epp md_clear flush_l1d
bugs		: cpu_meltdown spectre_v1 spectre_v2 spec_store_bypass l1tf mds
bogomips	: 5808.00
clflush size	: 64
cache_alignment	: 64
address sizes	: 39 bits physical, 48 bits virtual
power management:

processor	: 6
vendor_id	: GenuineIntel
cpu family	: 6
model		: 158
model name	: Intel(R) Xeon(R) E-2186M  CPU @ 2.90GHz
stepping	: 10
microcode	: 0xb4
cpu MHz		: 3900.002
cache size	: 12288 KB
physical id	: 0
siblings	: 12
core id		: 0
cpu cores	: 6
apicid		: 1
initial apicid	: 1
fpu		: yes
fpu_exception	: yes
cpuid level	: 22
wp		: yes
flags		: fpu vme de pse tsc msr pae mce cx8 apic sep mtrr pge mca cmov pat pse36 clflush dts acpi mmx fxsr sse sse2 ss ht tm pbe syscall nx pdpe1gb rdtscp lm constant_tsc art arch_perfmon pebs bts rep_good nopl xtopology nonstop_tsc cpuid aperfmperf tsc_known_freq pni pclmulqdq dtes64 monitor ds_cpl vmx smx est tm2 ssse3 sdbg fma cx16 xtpr pdcm pcid sse4_1 sse4_2 x2apic movbe popcnt tsc_deadline_timer aes xsave avx f16c rdrand lahf_lm abm 3dnowprefetch cpuid_fault epb invpcid_single pti ssbd ibrs ibpb stibp tpr_shadow vnmi flexpriority ept vpid fsgsbase tsc_adjust bmi1 hle avx2 smep bmi2 erms invpcid rtm mpx rdseed adx smap clflushopt intel_pt xsaveopt xsavec xgetbv1 xsaves dtherm ida arat pln pts hwp hwp_notify hwp_act_window hwp_epp md_clear flush_l1d
bugs		: cpu_meltdown spectre_v1 spectre_v2 spec_store_bypass l1tf mds
bogomips	: 5808.00
clflush size	: 64
cache_alignment	: 64
address sizes	: 39 bits physical, 48 bits virtual
power management:

processor	: 7
vendor_id	: GenuineIntel
cpu family	: 6
model		: 158
model name	: Intel(R) Xeon(R) E-2186M  CPU @ 2.90GHz
stepping	: 10
microcode	: 0xb4
cpu MHz		: 3900.030
cache size	: 12288 KB
physical id	: 0
siblings	: 12
core id		: 1
cpu cores	: 6
apicid		: 3
initial apicid	: 3
fpu		: yes
fpu_exception	: yes
cpuid level	: 22
wp		: yes
flags		: fpu vme de pse tsc msr pae mce cx8 apic sep mtrr pge mca cmov pat pse36 clflush dts acpi mmx fxsr sse sse2 ss ht tm pbe syscall nx pdpe1gb rdtscp lm constant_tsc art arch_perfmon pebs bts rep_good nopl xtopology nonstop_tsc cpuid aperfmperf tsc_known_freq pni pclmulqdq dtes64 monitor ds_cpl vmx smx est tm2 ssse3 sdbg fma cx16 xtpr pdcm pcid sse4_1 sse4_2 x2apic movbe popcnt tsc_deadline_timer aes xsave avx f16c rdrand lahf_lm abm 3dnowprefetch cpuid_fault epb invpcid_single pti ssbd ibrs ibpb stibp tpr_shadow vnmi flexpriority ept vpid fsgsbase tsc_adjust bmi1 hle avx2 smep bmi2 erms invpcid rtm mpx rdseed adx smap clflushopt intel_pt xsaveopt xsavec xgetbv1 xsaves dtherm ida arat pln pts hwp hwp_notify hwp_act_window hwp_epp md_clear flush_l1d
bugs		: cpu_meltdown spectre_v1 spectre_v2 spec_store_bypass l1tf mds
bogomips	: 5808.00
clflush size	: 64
cache_alignment	: 64
address sizes	: 39 bits physical, 48 bits virtual
power management:

processor	: 8
vendor_id	: GenuineIntel
cpu family	: 6
model		: 158
model name	: Intel(R) Xeon(R) E-2186M  CPU @ 2.90GHz
stepping	: 10
microcode	: 0xb4
cpu MHz		: 3900.155
cache size	: 12288 KB
physical id	: 0
siblings	: 12
core id		: 2
cpu cores	: 6
apicid		: 5
initial apicid	: 5
fpu		: yes
fpu_exception	: yes
cpuid level	: 22
wp		: yes
flags		: fpu vme de pse tsc msr pae mce cx8 apic sep mtrr pge mca cmov pat pse36 clflush dts acpi mmx fxsr sse sse2 ss ht tm pbe syscall nx pdpe1gb rdtscp lm constant_tsc art arch_perfmon pebs bts rep_good nopl xtopology nonstop_tsc cpuid aperfmperf tsc_known_freq pni pclmulqdq dtes64 monitor ds_cpl vmx smx est tm2 ssse3 sdbg fma cx16 xtpr pdcm pcid sse4_1 sse4_2 x2apic movbe popcnt tsc_deadline_timer aes xsave avx f16c rdrand lahf_lm abm 3dnowprefetch cpuid_fault epb invpcid_single pti ssbd ibrs ibpb stibp tpr_shadow vnmi flexpriority ept vpid fsgsbase tsc_adjust bmi1 hle avx2 smep bmi2 erms invpcid rtm mpx rdseed adx smap clflushopt intel_pt xsaveopt xsavec xgetbv1 xsaves dtherm ida arat pln pts hwp hwp_notify hwp_act_window hwp_epp md_clear flush_l1d
bugs		: cpu_meltdown spectre_v1 spectre_v2 spec_store_bypass l1tf mds
bogomips	: 5808.00
clflush size	: 64
cache_alignment	: 64
address sizes	: 39 bits physical, 48 bits virtual
power management:

processor	: 9
vendor_id	: GenuineIntel
cpu family	: 6
model		: 158
model name	: Intel(R) Xeon(R) E-2186M  CPU @ 2.90GHz
stepping	: 10
microcode	: 0xb4
cpu MHz		: 3899.979
cache size	: 12288 KB
physical id	: 0
siblings	: 12
core id		: 3
cpu cores	: 6
apicid		: 7
initial apicid	: 7
fpu		: yes
fpu_exception	: yes
cpuid level	: 22
wp		: yes
flags		: fpu vme de pse tsc msr pae mce cx8 apic sep mtrr pge mca cmov pat pse36 clflush dts acpi mmx fxsr sse sse2 ss ht tm pbe syscall nx pdpe1gb rdtscp lm constant_tsc art arch_perfmon pebs bts rep_good nopl xtopology nonstop_tsc cpuid aperfmperf tsc_known_freq pni pclmulqdq dtes64 monitor ds_cpl vmx smx est tm2 ssse3 sdbg fma cx16 xtpr pdcm pcid sse4_1 sse4_2 x2apic movbe popcnt tsc_deadline_timer aes xsave avx f16c rdrand lahf_lm abm 3dnowprefetch cpuid_fault epb invpcid_single pti ssbd ibrs ibpb stibp tpr_shadow vnmi flexpriority ept vpid fsgsbase tsc_adjust bmi1 hle avx2 smep bmi2 erms invpcid rtm mpx rdseed adx smap clflushopt intel_pt xsaveopt xsavec xgetbv1 xsaves dtherm ida arat pln pts hwp hwp_notify hwp_act_window hwp_epp md_clear flush_l1d
bugs		: cpu_meltdown spectre_v1 spectre_v2 spec_store_bypass l1tf mds
bogomips	: 5808.00
clflush size	: 64
cache_alignment	: 64
address sizes	: 39 bits physical, 48 bits virtual
power management:

processor	: 10
vendor_id	: GenuineIntel
cpu family	: 6
model		: 158
model name	: Intel(R) Xeon(R) E-2186M  CPU @ 2.90GHz
stepping	: 10
microcode	: 0xb4
cpu MHz		: 3900.865
cache size	: 12288 KB
physical id	: 0
siblings	: 12
core id		: 4
cpu cores	: 6
apicid		: 9
initial apicid	: 9
fpu		: yes
fpu_exception	: yes
cpuid level	: 22
wp		: yes
flags		: fpu vme de pse tsc msr pae mce cx8 apic sep mtrr pge mca cmov pat pse36 clflush dts acpi mmx fxsr sse sse2 ss ht tm pbe syscall nx pdpe1gb rdtscp lm constant_tsc art arch_perfmon pebs bts rep_good nopl xtopology nonstop_tsc cpuid aperfmperf tsc_known_freq pni pclmulqdq dtes64 monitor ds_cpl vmx smx est tm2 ssse3 sdbg fma cx16 xtpr pdcm pcid sse4_1 sse4_2 x2apic movbe popcnt tsc_deadline_timer aes xsave avx f16c rdrand lahf_lm abm 3dnowprefetch cpuid_fault epb invpcid_single pti ssbd ibrs ibpb stibp tpr_shadow vnmi flexpriority ept vpid fsgsbase tsc_adjust bmi1 hle avx2 smep bmi2 erms invpcid rtm mpx rdseed adx smap clflushopt intel_pt xsaveopt xsavec xgetbv1 xsaves dtherm ida arat pln pts hwp hwp_notify hwp_act_window hwp_epp md_clear flush_l1d
bugs		: cpu_meltdown spectre_v1 spectre_v2 spec_store_bypass l1tf mds
bogomips	: 5808.00
clflush size	: 64
cache_alignment	: 64
address sizes	: 39 bits physical, 48 bits virtual
power management:

processor	: 11
vendor_id	: GenuineIntel
cpu family	: 6
model		: 158
model name	: Intel(R) Xeon(R) E-2186M  CPU @ 2.90GHz
stepping	: 10
microcode	: 0xb4
cpu MHz		: 3914.294
cache size	: 12288 KB
physical id	: 0
siblings	: 12
core id		: 5
cpu cores	: 6
apicid		: 11
initial apicid	: 11
fpu		: yes
fpu_exception	: yes
cpuid level	: 22
wp		: yes
flags		: fpu vme de pse tsc msr pae mce cx8 apic sep mtrr pge mca cmov pat pse36 clflush dts acpi mmx fxsr sse sse2 ss ht tm pbe syscall nx pdpe1gb rdtscp lm constant_tsc art arch_perfmon pebs bts rep_good nopl xtopology nonstop_tsc cpuid aperfmperf tsc_known_freq pni pclmulqdq dtes64 monitor ds_cpl vmx smx est tm2 ssse3 sdbg fma cx16 xtpr pdcm pcid sse4_1 sse4_2 x2apic movbe popcnt tsc_deadline_timer aes xsave avx f16c rdrand lahf_lm abm 3dnowprefetch cpuid_fault epb invpcid_single pti ssbd ibrs ibpb stibp tpr_shadow vnmi flexpriority ept vpid fsgsbase tsc_adjust bmi1 hle avx2 smep bmi2 erms invpcid rtm mpx rdseed adx smap clflushopt intel_pt xsaveopt xsavec xgetbv1 xsaves dtherm ida arat pln pts hwp hwp_notify hwp_act_window hwp_epp md_clear flush_l1d
bugs		: cpu_meltdown spectre_v1 spectre_v2 spec_store_bypass l1tf mds
bogomips	: 5808.00
clflush size	: 64
cache_alignment	: 64
address sizes	: 39 bits physical, 48 bits virtual
power management:



Memory: 4k page, physical 32693752k(9078372k free), swap 19530748k(19530748k free)

vm_info: Java HotSpot(TM) 64-Bit Server VM (25.201-b09) for linux-amd64 JRE (1.8.0_201-b09), built on Dec 15 2018 11:35:59 by "java_re" with gcc 7.3.0

time: Tue May 21 14:23:53 2019
timezone: CEST
elapsed time: 121 seconds (0d 0h 2m 1s)

