#
# A fatal error has been detected by the Java Runtime Environment:
#
#  SIGSEGV (0xb) at pc=0x00007faffd54398d, pid=8674, tid=0x00007fafbd98a700
#
# JRE version: Java(TM) SE Runtime Environment (8.0_201-b09) (build 1.8.0_201-b09)
# Java VM: Java HotSpot(TM) 64-Bit Server VM (25.201-b09 mixed mode linux-amd64 compressed oops)
# Problematic frame:
# C  [libc.so.6+0x9798d]  cfree+0x3d
#
# Failed to write core dump. Core dumps have been disabled. To enable core dumping, try "ulimit -c unlimited" before starting Java again
#
# If you would like to submit a bug report, please visit:
#   http://bugreport.java.com/bugreport/crash.jsp
# The crash happened outside the Java Virtual Machine in native code.
# See problematic frame for where to report the bug.
#

---------------  T H R E A D  ---------------

Current thread (0x00007faff8092000):  JavaThread "Finalizer" daemon [_thread_in_native, id=8693, stack(0x00007fafbd88a000,0x00007fafbd98b000)]

siginfo: si_signo: 11 (SIGSEGV), si_code: 1 (SEGV_MAPERR), si_addr: 0x00007faec4fff008

Registers:
RAX=0x0000000000000000, RBX=0x00007faedb13dbf0, RCX=0x0000000000000020, RDX=0x00007faff8000080
RSP=0x00007fafbd9869a0, RBP=0x00007fafbd986a80, RSI=0x00007fafbd986a80, RDI=0x00007faec4fff010
R8 =0x00000000cad41c81, R9 =0x0000000656a0e408, R10=0x00007fafe7f7469b, R11=0x00007faffce82db0
R12=0x00007faec4fff010, R13=0x00007faf81d88638, R14=0x00007fafbd9898a8, R15=0x00007faff8092000
RIP=0x00007faffd54398d, EFLAGS=0x0000000000010202, CSGSFS=0x002b000000000033, ERR=0x0000000000000004
  TRAPNO=0x000000000000000e

Top of Stack: (sp=0x00007fafbd9869a0)
0x00007fafbd9869a0:   00007fafbd986a80 00007faf00000000
0x00007fafbd9869b0:   00007faff8366820 00007faf6502846b
0x00007fafbd9869c0:   0000000000000007 23381d45b4935200
0x00007fafbd9869d0:   0000000000000000 00007faedb13dbf0
0x00007fafbd9869e0:   00007fafbd986a80 0000000000000000
0x00007fafbd9869f0:   00007faf81d88638 00007fafbd9898a8
0x00007fafbd986a00:   00007faff8092000 00007faf5f87a708
0x00007fafbd986a10:   00007faedb13dbf0 00007faf5f87a74c
0x00007fafbd986a20:   0000000003dd39fd 00007faedb13dbf0
0x00007fafbd986a30:   00007fafbd986a80 00007faf5f87a779
0x00007fafbd986a40:   00007faedb13dbf0 00007faf650280ef
0x00007fafbd986a50:   00007fafbd986b50 00007faf65012d3c
0x00007fafbd986a60:   00007fafbd986b40 0000000000000000
0x00007fafbd986a70:   00007faff8366820 0000000000000000
0x00007fafbd986a80:   00007faf67058690 00007faf65012d3c
0x00007fafbd986a90:   00007faf5972dcc0 00000000f74e7f72
0x00007fafbd986aa0:   00007faff8366610 00007fafbd986be8
0x00007fafbd986ab0:   0000000000000000 00007faff83662b0
0x00007fafbd986ac0:   0000000000000000 00007faffe0ea1ef
0x00007fafbd986ad0:   0000000000000000 0000000000000000
0x00007fafbd986ae0:   0000000000000005 0000000000000000
0x00007fafbd986af0:   0000000000000001 00007faff83662b0
0x00007fafbd986b00:   00007faf5a77fcd5 00000001f8000080
0x00007fafbd986b10:   00007fafbd986b40 00007fafbd986b50
0x00007fafbd986b20:   00007faff8366608 0000000000000000
0x00007fafbd986b30:   00007fae44000020 00007faffd543dfa
0x00007fafbd986b40:   00000000ffffffff 00007fafbd986fa0
0x00007fafbd986b50:   00007faf5927dfc0 00007faff83662b0
0x00007fafbd986b60:   00007faffd893fa0 00007faff88eb710
0x00007fafbd986b70:   0000000000000000 0000000000000000
0x00007fafbd986b80:   00007faf81d88638 00007fafbd9898a8
0x00007fafbd986b90:   00007faff8092000 00007faf67f93950 

Instructions: (pc=0x00007faffd54398d)
0x00007faffd54396d:   24 28 31 c0 48 8b 05 70 35 35 00 48 8b 00 48 85
0x00007faffd54397d:   c0 0f 85 9c 02 00 00 48 85 ff 0f 84 13 01 00 00
0x00007faffd54398d:   48 8b 77 f8 4c 8d 6f f0 40 f6 c6 02 0f 85 29 01
0x00007faffd54399d:   00 00 48 8b 2d d2 33 35 00 64 48 83 7d 00 00 0f 

Register to memory mapping:

RAX=0x0000000000000000 is an unknown value
RBX=0x00007faedb13dbf0 is an unknown value
RCX=0x0000000000000020 is an unknown value
RDX=0x00007faff8000080 is an unknown value
RSP=0x00007fafbd9869a0 is pointing into the stack for thread: 0x00007faff8092000
RBP=0x00007fafbd986a80 is pointing into the stack for thread: 0x00007faff8092000
RSI=0x00007fafbd986a80 is pointing into the stack for thread: 0x00007faff8092000
RDI=0x00007faec4fff010 is an unknown value
R8 =0x00000000cad41c81 is an unknown value
R9 =0x0000000656a0e408 is an oop
org.itk.simple.DisplacementFieldTransform 
 - klass: 'org/itk/simple/DisplacementFieldTransform'
R10=0x00007fafe7f7469b is at code_begin+859 in an Interpreter codelet
method entry point (kind = native)  [0x00007fafe7f74340, 0x00007fafe7f74cc0]  2432 bytes
R11=0x00007faffce82db0: <offset 0x9bfdb0> in /usr/lib/jvm/java-8-oracle/jre/lib/amd64/server/libjvm.so at 0x00007faffc4c3000
R12=0x00007faec4fff010 is an unknown value
R13={method} {0x00007faf81d88638} 'delete_DisplacementFieldTransform' '(J)V' in 'org/itk/simple/SimpleITKJNI'
R14=0x00007fafbd9898a8 is pointing into the stack for thread: 0x00007faff8092000
R15=0x00007faff8092000 is a thread


Stack: [0x00007fafbd88a000,0x00007fafbd98b000],  sp=0x00007fafbd9869a0,  free space=1010k
Native frames: (J=compiled Java code, j=interpreted, Vv=VM code, C=native code)
C  [libc.so.6+0x9798d]  cfree+0x3d
C  [libSimpleITKJava.so+0xc365d3c]  itk::Object::UnRegister() const+0x1c

Java frames: (J=compiled Java code, j=interpreted, Vv=VM code)
j  org.itk.simple.SimpleITKJNI.delete_DisplacementFieldTransform(J)V+0
j  org.itk.simple.DisplacementFieldTransform.delete()V+25
j  org.itk.simple.DisplacementFieldTransform.finalize()V+1
J 1718 C2 java.lang.ref.Finalizer.runFinalizer(Lsun/misc/JavaLangAccess;)V (62 bytes) @ 0x00007fafe83fc4d4 [0x00007fafe83fc200+0x2d4]
J 1716 C2 java.lang.ref.Finalizer.access$100(Ljava/lang/ref/Finalizer;Lsun/misc/JavaLangAccess;)V (6 bytes) @ 0x00007fafe840adb8 [0x00007fafe840ada0+0x18]
J 1600% C2 java.lang.ref.Finalizer$FinalizerThread.run()V (55 bytes) @ 0x00007fafe8381878 [0x00007fafe8381780+0xf8]
v  ~StubRoutines::call_stub

---------------  P R O C E S S  ---------------

Java Threads: ( => current thread )
  0x00007fae563ed000 JavaThread "DestroyJavaVM" [_thread_blocked, id=8679, stack(0x00007faffe1dc000,0x00007faffe2dc000)]
  0x00007faff81cb800 JavaThread "zSelector" [_thread_blocked, id=8962, stack(0x00007faf81046000,0x00007faf81147000)]
  0x00007faff82ae800 JavaThread "zSelector" [_thread_blocked, id=8960, stack(0x00007faf81147000,0x00007faf81248000)]
  0x00007fae9b0bd800 JavaThread "zSelector" [_thread_blocked, id=8948, stack(0x00007faf8154b000,0x00007faf8164c000)]
  0x00007fae9c882000 JavaThread "zSelector" [_thread_blocked, id=8947, stack(0x00007faf8144a000,0x00007faf8154b000)]
  0x00007faf0d847000 JavaThread "zSelector" [_thread_blocked, id=8946, stack(0x00007faf81248000,0x00007faf81349000)]
  0x00007faf08719000 JavaThread "zSelector" [_thread_blocked, id=8915, stack(0x00007faf81349000,0x00007faf8144a000)]
  0x00007faff8315000 JavaThread "AWT-EventQueue-0" [_thread_blocked, id=8706, stack(0x00007faf82617000,0x00007faf82718000)]
  0x00007faff8311000 JavaThread "AWT-Shutdown" [_thread_blocked, id=8705, stack(0x00007faf82718000,0x00007faf82819000)]
  0x00007faff827b000 JavaThread "AWT-XAWT" daemon [_thread_in_native, id=8702, stack(0x00007faf82a19000,0x00007faf82b1a000)]
  0x00007faff823d000 JavaThread "Java2D Disposer" daemon [_thread_blocked, id=8701, stack(0x00007fafa804d000,0x00007fafa814e000)]
  0x00007faff80d9000 JavaThread "Service Thread" daemon [_thread_blocked, id=8699, stack(0x00007fafbc8b5000,0x00007fafbc9b6000)]
  0x00007faff80cd800 JavaThread "C1 CompilerThread3" daemon [_thread_blocked, id=8698, stack(0x00007fafbc9b7000,0x00007fafbcab7000)]
  0x00007faff80cb800 JavaThread "C2 CompilerThread2" daemon [_thread_blocked, id=8697, stack(0x00007fafbcab8000,0x00007fafbcbb8000)]
  0x00007faff80c9800 JavaThread "C2 CompilerThread1" daemon [_thread_blocked, id=8696, stack(0x00007fafbcbb9000,0x00007fafbccb9000)]
  0x00007faff80c7000 JavaThread "C2 CompilerThread0" daemon [_thread_blocked, id=8695, stack(0x00007fafbccba000,0x00007fafbcdba000)]
  0x00007faff80c5800 JavaThread "Signal Dispatcher" daemon [_thread_blocked, id=8694, stack(0x00007fafbcdba000,0x00007fafbcebb000)]
=>0x00007faff8092000 JavaThread "Finalizer" daemon [_thread_in_native, id=8693, stack(0x00007fafbd88a000,0x00007fafbd98b000)]
  0x00007faff808f800 JavaThread "Reference Handler" daemon [_thread_blocked, id=8692, stack(0x00007fafbd98b000,0x00007fafbda8c000)]

Other Threads:
  0x00007faff8086000 VMThread [stack: 0x00007fafbda8d000,0x00007fafbdb8d000] [id=8691]
  0x00007faff80db800 WatcherThread [stack: 0x00007fafbc7b5000,0x00007fafbc8b5000] [id=8700]

VM state:not at safepoint (normal execution)

VM Mutex/Monitor currently owned by a thread: None

heap address: 0x00000005cd200000, size: 7982 MB, Compressed Oops mode: Zero based, Oop shift amount: 3
Narrow klass base: 0x0000000000000000, Narrow klass shift: 3
Compressed class space size: 1073741824 Address: 0x00000007c0000000

Heap:
 PSYoungGen      total 984064K, used 192873K [0x0000000719b80000, 0x00000007c0000000, 0x00000007c0000000)
  eden space 908800K, 21% used [0x0000000719b80000,0x00000007257da518,0x0000000751300000)
  from space 75264K, 0% used [0x00000007bb680000,0x00000007bb680000,0x00000007c0000000)
  to   space 907776K, 0% used [0x0000000751300000,0x0000000751300000,0x0000000788980000)
 ParOldGen       total 4192256K, used 2328555K [0x00000005cd200000, 0x00000006cd000000, 0x0000000719b80000)
  object space 4192256K, 55% used [0x00000005cd200000,0x000000065b3fac30,0x00000006cd000000)
 Metaspace       used 16568K, capacity 16745K, committed 17024K, reserved 1064960K
  class space    used 1533K, capacity 1611K, committed 1664K, reserved 1048576K

Card table byte_map: [0x00007fafe6c04000,0x00007fafe7b9c000] byte_map_base: 0x00007fafe3d9b000

Marking Bits: (ParMarkBitMap*) 0x00007faffd48ed80
 Begin Bits: [0x00007fafa8690000, 0x00007fafb0348000)
 End Bits:   [0x00007fafb0348000, 0x00007fafb8000000)

Polling page: 0x00007faffe305000

CodeCache: size=245760Kb used=8384Kb max_used=8393Kb free=237375Kb
 bounds [0x00007fafe7f5c000, 0x00007fafe879c000, 0x00007faff6f5c000]
 total_blobs=2810 nmethods=1898 adapters=824
 compilation: enabled

Compilation events (10 events):
Event: 87,938 Thread 0x00007faff80cd800 2266       3       sun.awt.X11.XWindowPeer::getNewLocation (179 bytes)
Event: 87,939 Thread 0x00007faff80cd800 nmethod 2266 0x00007fafe878e150 code [0x00007fafe878e5e0, 0x00007fafe8790fa8]
Event: 87,989 Thread 0x00007faff80cd800 2268       3       sun.awt.im.InputContext::componentMoved (12 bytes)
Event: 87,989 Thread 0x00007faff80cd800 nmethod 2268 0x00007fafe8793090 code [0x00007fafe8793220, 0x00007fafe87937a8]
Event: 88,200 Thread 0x00007faff80cd800 2269  s    3       sun.awt.im.InputContext::getInputMethod (34 bytes)
Event: 88,200 Thread 0x00007faff80cd800 nmethod 2269 0x00007fafe87938d0 code [0x00007fafe8793a60, 0x00007fafe8793ea8]
Event: 88,220 Thread 0x00007faff80c9800 2270       4       java.awt.Component::getParent (5 bytes)
Event: 88,220 Thread 0x00007faff80c9800 nmethod 2270 0x00007fafe8633910 code [0x00007fafe8633a60, 0x00007fafe8633ad8]
Event: 88,246 Thread 0x00007faff80cd800 2271       3       sun.awt.X11.XCrossingEvent::get_window (20 bytes)
Event: 88,246 Thread 0x00007faff80cd800 nmethod 2271 0x00007fafe8796450 code [0x00007fafe87965e0, 0x00007fafe87969c8]

GC Heap History (10 events):
Event: 23,736 GC heap before
{Heap before GC invocations=29 (full 1):
 PSYoungGen      total 2638336K, used 2586368K [0x0000000719b80000, 0x00000007c0000000, 0x00000007c0000000)
  eden space 2569728K, 100% used [0x0000000719b80000,0x00000007b6900000,0x00000007b6900000)
  from space 68608K, 24% used [0x00000007b6900000,0x00000007b7940000,0x00000007bac00000)
  to   space 64000K, 0% used [0x00000007bc180000,0x00000007bc180000,0x00000007c0000000)
 ParOldGen       total 517632K, used 429786K [0x00000005cd200000, 0x00000005ecb80000, 0x0000000719b80000)
  object space 517632K, 83% used [0x00000005cd200000,0x00000005e75b6b30,0x00000005ecb80000)
 Metaspace       used 14563K, capacity 14715K, committed 15104K, reserved 1062912K
  class space    used 1388K, capacity 1450K, committed 1536K, reserved 1048576K
Event: 23,760 GC heap after
Heap after GC invocations=29 (full 1):
 PSYoungGen      total 2637824K, used 59140K [0x0000000719b80000, 0x00000007c0000000, 0x00000007c0000000)
  eden space 2573824K, 0% used [0x0000000719b80000,0x0000000719b80000,0x00000007b6d00000)
  from space 64000K, 92% used [0x00000007bc180000,0x00000007bfb41208,0x00000007c0000000)
  to   space 75264K, 0% used [0x00000007b6d00000,0x00000007b6d00000,0x00000007bb680000)
 ParOldGen       total 517632K, used 429794K [0x00000005cd200000, 0x00000005ecb80000, 0x0000000719b80000)
  object space 517632K, 83% used [0x00000005cd200000,0x00000005e75b8b30,0x00000005ecb80000)
 Metaspace       used 14563K, capacity 14715K, committed 15104K, reserved 1062912K
  class space    used 1388K, capacity 1450K, committed 1536K, reserved 1048576K
}
Event: 37,463 GC heap before
{Heap before GC invocations=30 (full 1):
 PSYoungGen      total 2637824K, used 2632680K [0x0000000719b80000, 0x00000007c0000000, 0x00000007c0000000)
  eden space 2573824K, 99% used [0x0000000719b80000,0x00000007b6cb8fc8,0x00000007b6d00000)
  from space 64000K, 92% used [0x00000007bc180000,0x00000007bfb41208,0x00000007c0000000)
  to   space 75264K, 0% used [0x00000007b6d00000,0x00000007b6d00000,0x00000007bb680000)
 ParOldGen       total 517632K, used 429794K [0x00000005cd200000, 0x00000005ecb80000, 0x0000000719b80000)
  object space 517632K, 83% used [0x00000005cd200000,0x00000005e75b8b30,0x00000005ecb80000)
 Metaspace       used 15246K, capacity 15427K, committed 15616K, reserved 1062912K
  class space    used 1433K, capacity 1514K, committed 1536K, reserved 1048576K
Event: 41,976 GC heap after
Heap after GC invocations=30 (full 1):
 PSYoungGen      total 2649088K, used 75250K [0x0000000719b80000, 0x00000007c0000000, 0x00000007c0000000)
  eden space 2573824K, 0% used [0x0000000719b80000,0x0000000719b80000,0x00000007b6d00000)
  from space 75264K, 99% used [0x00000007b6d00000,0x00000007bb67c980,0x00000007bb680000)
  to   space 75264K, 0% used [0x00000007bb680000,0x00000007bb680000,0x00000007c0000000)
 ParOldGen       total 2457088K, used 2456745K [0x00000005cd200000, 0x0000000663180000, 0x0000000719b80000)
  object space 2457088K, 99% used [0x00000005cd200000,0x000000066312a648,0x0000000663180000)
 Metaspace       used 15246K, capacity 15427K, committed 15616K, reserved 1062912K
  class space    used 1433K, capacity 1514K, committed 1536K, reserved 1048576K
}
Event: 41,976 GC heap before
{Heap before GC invocations=31 (full 2):
 PSYoungGen      total 2649088K, used 75250K [0x0000000719b80000, 0x00000007c0000000, 0x00000007c0000000)
  eden space 2573824K, 0% used [0x0000000719b80000,0x0000000719b80000,0x00000007b6d00000)
  from space 75264K, 99% used [0x00000007b6d00000,0x00000007bb67c980,0x00000007bb680000)
  to   space 75264K, 0% used [0x00000007bb680000,0x00000007bb680000,0x00000007c0000000)
 ParOldGen       total 2457088K, used 2456745K [0x00000005cd200000, 0x0000000663180000, 0x0000000719b80000)
  object space 2457088K, 99% used [0x00000005cd200000,0x000000066312a648,0x0000000663180000)
 Metaspace       used 15246K, capacity 15427K, committed 15616K, reserved 1062912K
  class space    used 1433K, capacity 1514K, committed 1536K, reserved 1048576K
Event: 48,338 GC heap after
Heap after GC invocations=31 (full 2):
 PSYoungGen      total 2649088K, used 0K [0x0000000719b80000, 0x00000007c0000000, 0x00000007c0000000)
  eden space 2573824K, 0% used [0x0000000719b80000,0x0000000719b80000,0x00000007b6d00000)
  from space 75264K, 0% used [0x00000007b6d00000,0x00000007b6d00000,0x00000007bb680000)
  to   space 75264K, 0% used [0x00000007bb680000,0x00000007bb680000,0x00000007c0000000)
 ParOldGen       total 3228672K, used 2152770K [0x00000005cd200000, 0x0000000692300000, 0x0000000719b80000)
  object space 3228672K, 66% used [0x00000005cd200000,0x0000000650850bf8,0x0000000692300000)
 Metaspace       used 15246K, capacity 15427K, committed 15616K, reserved 1062912K
  class space    used 1433K, capacity 1514K, committed 1536K, reserved 1048576K
}
Event: 70,139 GC heap before
{Heap before GC invocations=32 (full 2):
 PSYoungGen      total 2649088K, used 2573824K [0x0000000719b80000, 0x00000007c0000000, 0x00000007c0000000)
  eden space 2573824K, 100% used [0x0000000719b80000,0x00000007b6d00000,0x00000007b6d00000)
  from space 75264K, 0% used [0x00000007b6d00000,0x00000007b6d00000,0x00000007bb680000)
  to   space 75264K, 0% used [0x00000007bb680000,0x00000007bb680000,0x00000007c0000000)
 ParOldGen       total 3228672K, used 2152770K [0x00000005cd200000, 0x0000000692300000, 0x0000000719b80000)
  object space 3228672K, 66% used [0x00000005cd200000,0x0000000650850bf8,0x0000000692300000)
 Metaspace       used 16349K, capacity 16553K, committed 16768K, reserved 1064960K
  class space    used 1511K, capacity 1611K, committed 1664K, reserved 1048576K
Event: 74,763 GC heap after
Heap after GC invocations=32 (full 2):
 PSYoungGen      total 984064K, used 75233K [0x0000000719b80000, 0x00000007c0000000, 0x00000007c0000000)
  eden space 908800K, 0% used [0x0000000719b80000,0x0000000719b80000,0x0000000751300000)
  from space 75264K, 99% used [0x00000007bb680000,0x00000007bfff84a0,0x00000007c0000000)
  to   space 907776K, 0% used [0x0000000751300000,0x0000000751300000,0x0000000788980000)
 ParOldGen       total 4392960K, used 4392535K [0x00000005cd200000, 0x00000006d9400000, 0x0000000719b80000)
  object space 4392960K, 99% used [0x00000005cd200000,0x00000006d9395fe0,0x00000006d9400000)
 Metaspace       used 16349K, capacity 16553K, committed 16768K, reserved 1064960K
  class space    used 1511K, capacity 1611K, committed 1664K, reserved 1048576K
}
Event: 74,763 GC heap before
{Heap before GC invocations=33 (full 3):
 PSYoungGen      total 984064K, used 75233K [0x0000000719b80000, 0x00000007c0000000, 0x00000007c0000000)
  eden space 908800K, 0% used [0x0000000719b80000,0x0000000719b80000,0x0000000751300000)
  from space 75264K, 99% used [0x00000007bb680000,0x00000007bfff84a0,0x00000007c0000000)
  to   space 907776K, 0% used [0x0000000751300000,0x0000000751300000,0x0000000788980000)
 ParOldGen       total 4392960K, used 4392535K [0x00000005cd200000, 0x00000006d9400000, 0x0000000719b80000)
  object space 4392960K, 99% used [0x00000005cd200000,0x00000006d9395fe0,0x00000006d9400000)
 Metaspace       used 16349K, capacity 16553K, committed 16768K, reserved 1064960K
  class space    used 1511K, capacity 1611K, committed 1664K, reserved 1048576K
Event: 82,584 GC heap after
Heap after GC invocations=33 (full 3):
 PSYoungGen      total 984064K, used 0K [0x0000000719b80000, 0x00000007c0000000, 0x00000007c0000000)
  eden space 908800K, 0% used [0x0000000719b80000,0x0000000719b80000,0x0000000751300000)
  from space 75264K, 0% used [0x00000007bb680000,0x00000007bb680000,0x00000007c0000000)
  to   space 907776K, 0% used [0x0000000751300000,0x0000000751300000,0x0000000788980000)
 ParOldGen       total 4192256K, used 2328555K [0x00000005cd200000, 0x00000006cd000000, 0x0000000719b80000)
  object space 4192256K, 55% used [0x00000005cd200000,0x000000065b3fac30,0x00000006cd000000)
 Metaspace       used 16349K, capacity 16553K, committed 16768K, reserved 1064960K
  class space    used 1511K, capacity 1611K, committed 1664K, reserved 1048576K
}

Deoptimization events (10 events):
Event: 65,989 Thread 0x00007faff800b800 Uncommon trap: reason=unstable_if action=reinterpret pc=0x00007fafe86d8ee0 method=com.vitimage.ItkImagePlusInterface.itkImageToImagePlus(Lorg/itk/simple/Image;)Lij/ImagePlus; @ 632
Event: 66,325 Thread 0x00007faff800b800 Uncommon trap: reason=unstable_if action=reinterpret pc=0x00007fafe81304c0 method=ij.process.FloatProcessor.create8BitImage(Z)[B @ 86
Event: 66,325 Thread 0x00007faff800b800 Uncommon trap: reason=unstable_if action=reinterpret pc=0x00007fafe83f995c method=ij.process.FloatProcessor.create8BitImage(Z)[B @ 86
Event: 66,584 Thread 0x00007faff800b800 Uncommon trap: reason=unstable_if action=reinterpret pc=0x00007fafe8311f48 method=ij.process.FloatProcessor.setMinAndMax(DD)V @ 3
Event: 67,877 Thread 0x00007faff800b800 Uncommon trap: reason=class_check action=maybe_recompile pc=0x00007fafe82cf878 method=java.util.Hashtable.put(Ljava/lang/Object;Ljava/lang/Object;)Ljava/lang/Object; @ 60
Event: 67,939 Thread 0x00007faff800b800 Uncommon trap: reason=unstable_if action=reinterpret pc=0x00007fafe86eaf78 method=ij.process.FloatProcessor.setMinAndMax(DD)V @ 3
Event: 68,351 Thread 0x00007faff800b800 Uncommon trap: reason=unstable_if action=reinterpret pc=0x00007fafe8628210 method=ij.process.ByteProcessor.setMinAndMax(DD)V @ 23
Event: 83,498 Thread 0x00007faff800b800 Uncommon trap: reason=predicate action=maybe_recompile pc=0x00007fafe86e92e4 method=com.vitimage.VitimageUtils.getBinaryGrid(Lij/ImagePlus;I)Lij/ImagePlus; @ 91
Event: 83,499 Thread 0x00007faff800b800 Uncommon trap: reason=predicate action=maybe_recompile pc=0x00007fafe82b4428 method=com.vitimage.VitimageUtils.getBinaryGrid(Lij/ImagePlus;I)Lij/ImagePlus; @ 91
Event: 84,849 Thread 0x00007fae563ed000 Uncommon trap: reason=unstable_if action=reinterpret pc=0x00007fafe83576ac method=java.security.AccessControlContext.optimize()Ljava/security/AccessControlContext; @ 49

Classes redefined (0 events):
No events

Internal exceptions (10 events):
Event: 60,790 Thread 0x00007faff8315000 Exception <a 'java/lang/UnsupportedOperationException': > (0x0000000748e08e10) thrown at [/HUDSON/workspace/8-2-build-linux-amd64/jdk8u201/12317/hotspot/src/share/vm/prims/jni.cpp, line 735]
Event: 61,203 Thread 0x00007faff8315000 Exception <a 'java/lang/UnsupportedOperationException': > (0x0000000748e23d08) thrown at [/HUDSON/workspace/8-2-build-linux-amd64/jdk8u201/12317/hotspot/src/share/vm/prims/jni.cpp, line 735]
Event: 66,634 Thread 0x00007faff8315000 Exception <a 'java/lang/UnsupportedOperationException': > (0x0000000748f0e7c0) thrown at [/HUDSON/workspace/8-2-build-linux-amd64/jdk8u201/12317/hotspot/src/share/vm/prims/jni.cpp, line 735]
Event: 67,938 Thread 0x00007faff8315000 Exception <a 'java/lang/UnsupportedOperationException': > (0x0000000748f1a638) thrown at [/HUDSON/workspace/8-2-build-linux-amd64/jdk8u201/12317/hotspot/src/share/vm/prims/jni.cpp, line 735]
Event: 68,322 Thread 0x00007faff8315000 Exception <a 'java/lang/UnsupportedOperationException': > (0x0000000748f26b58) thrown at [/HUDSON/workspace/8-2-build-linux-amd64/jdk8u201/12317/hotspot/src/share/vm/prims/jni.cpp, line 735]
Event: 68,922 Thread 0x00007faff8315000 Exception <a 'java/lang/UnsupportedOperationException': > (0x0000000748f4f938) thrown at [/HUDSON/workspace/8-2-build-linux-amd64/jdk8u201/12317/hotspot/src/share/vm/prims/jni.cpp, line 735]
Event: 68,979 Thread 0x00007faff8315000 Exception <a 'java/lang/UnsupportedOperationException': > (0x0000000748f560e8) thrown at [/HUDSON/workspace/8-2-build-linux-amd64/jdk8u201/12317/hotspot/src/share/vm/prims/jni.cpp, line 735]
Event: 83,122 Thread 0x00007faff8315000 Exception <a 'java/lang/UnsupportedOperationException': > (0x000000071ad709a8) thrown at [/HUDSON/workspace/8-2-build-linux-amd64/jdk8u201/12317/hotspot/src/share/vm/prims/jni.cpp, line 735]
Event: 83,536 Thread 0x00007faff8315000 Exception <a 'java/lang/UnsupportedOperationException': > (0x000000071ad79a00) thrown at [/HUDSON/workspace/8-2-build-linux-amd64/jdk8u201/12317/hotspot/src/share/vm/prims/jni.cpp, line 735]
Event: 84,849 Thread 0x00007fae563ed000 Implicit null exception at 0x00007fafe8356b20 to 0x00007fafe8357699

Events (10 events):
Event: 86,591 loading class java/awt/LightweightDispatcher$1
Event: 86,591 loading class java/awt/LightweightDispatcher$1 done
Event: 86,591 loading class java/awt/Toolkit$SelectiveAWTEventListener
Event: 86,591 loading class java/awt/Toolkit$SelectiveAWTEventListener done
Event: 86,616 loading class java/security/DomainCombiner
Event: 86,616 loading class java/security/DomainCombiner done
Event: 87,274 Executing VM operation: RevokeBias
Event: 87,274 Executing VM operation: RevokeBias done
Event: 87,274 Executing VM operation: RevokeBias
Event: 87,274 Executing VM operation: RevokeBias done


Dynamic libraries:
00400000-00401000 r-xp 00000000 103:05 399591                            /usr/lib/jvm/java-8-oracle/bin/java
00600000-00601000 r--p 00000000 103:05 399591                            /usr/lib/jvm/java-8-oracle/bin/java
00601000-00602000 rw-p 00001000 103:05 399591                            /usr/lib/jvm/java-8-oracle/bin/java
01ed2000-03307000 rw-p 00000000 00:00 0                                  [heap]
5cd200000-6cd000000 rw-p 00000000 00:00 0 
6cd000000-719b80000 ---p 00000000 00:00 0 
719b80000-7c0000000 rw-p 00000000 00:00 0 
7c0000000-7c01a0000 rw-p 00000000 00:00 0 
7c01a0000-800000000 ---p 00000000 00:00 0 
7fae34000000-7fae34021000 rw-p 00000000 00:00 0 
7fae34021000-7fae38000000 ---p 00000000 00:00 0 
7fae38000000-7fae38021000 rw-p 00000000 00:00 0 
7fae38021000-7fae3c000000 ---p 00000000 00:00 0 
7fae3c000000-7fae3c021000 rw-p 00000000 00:00 0 
7fae3c021000-7fae40000000 ---p 00000000 00:00 0 
7fae44000000-7fae47c2b000 rw-p 00000000 00:00 0 
7fae47c2b000-7fae48000000 ---p 00000000 00:00 0 
7fae48000000-7fae48021000 rw-p 00000000 00:00 0 
7fae48021000-7fae4c000000 ---p 00000000 00:00 0 
7fae4c000000-7fae54000000 rw-p 00000000 00:00 0 
7fae54000000-7fae5c000000 rw-p 00000000 00:00 0 
7fae5c000000-7fae60000000 rw-p 00000000 00:00 0 
7fae60fff000-7fae70000000 rw-p 00000000 00:00 0 
7fae70000000-7fae78000000 rw-p 00000000 00:00 0 
7fae78000000-7fae80000000 rw-p 00000000 00:00 0 
7fae80000000-7fae88000000 rw-p 00000000 00:00 0 
7fae88000000-7fae90000000 rw-p 00000000 00:00 0 
7fae90000000-7fae98000000 rw-p 00000000 00:00 0 
7fae98000000-7faea0000000 rw-p 00000000 00:00 0 
7faea0000000-7faea8000000 rw-p 00000000 00:00 0 
7faea8000000-7faeb0000000 rw-p 00000000 00:00 0 
7faeb0000000-7faeb8000000 rw-p 00000000 00:00 0 
7faeb8000000-7faec0000000 rw-p 00000000 00:00 0 
7faec0000000-7faec4000000 rw-p 00000000 00:00 0 
7faed4000000-7faedc000000 rw-p 00000000 00:00 0 
7faedc000000-7faee4000000 rw-p 00000000 00:00 0 
7faee4000000-7faee8000000 rw-p 00000000 00:00 0 
7faee87f2000-7faeeaff3000 rw-p 00000000 00:00 0 
7faef27f6000-7faf017f7000 rw-p 00000000 00:00 0 
7faf08000000-7faf10000000 rw-p 00000000 00:00 0 
7faf10000000-7faf18000000 rw-p 00000000 00:00 0 
7faf18000000-7faf18021000 rw-p 00000000 00:00 0 
7faf18021000-7faf1c000000 ---p 00000000 00:00 0 
7faf1c000000-7faf1c021000 rw-p 00000000 00:00 0 
7faf1c021000-7faf20000000 ---p 00000000 00:00 0 
7faf20000000-7faf20021000 rw-p 00000000 00:00 0 
7faf20021000-7faf24000000 ---p 00000000 00:00 0 
7faf24000000-7faf24021000 rw-p 00000000 00:00 0 
7faf24021000-7faf28000000 ---p 00000000 00:00 0 
7faf28000000-7faf28021000 rw-p 00000000 00:00 0 
7faf28021000-7faf2c000000 ---p 00000000 00:00 0 
7faf2c000000-7faf2c021000 rw-p 00000000 00:00 0 
7faf2c021000-7faf30000000 ---p 00000000 00:00 0 
7faf30000000-7faf30021000 rw-p 00000000 00:00 0 
7faf30021000-7faf34000000 ---p 00000000 00:00 0 
7faf38000000-7faf38021000 rw-p 00000000 00:00 0 
7faf38021000-7faf3c000000 ---p 00000000 00:00 0 
7faf40000000-7faf40021000 rw-p 00000000 00:00 0 
7faf40021000-7faf44000000 ---p 00000000 00:00 0 
7faf447fd000-7faf447fe000 ---p 00000000 00:00 0 
7faf447fe000-7faf44ffe000 rw-p 00000000 00:00 0 
7faf44ffe000-7faf44fff000 ---p 00000000 00:00 0 
7faf44fff000-7faf457ff000 rw-p 00000000 00:00 0 
7faf48000000-7faf48021000 rw-p 00000000 00:00 0 
7faf48021000-7faf4c000000 ---p 00000000 00:00 0 
7faf4d7ff000-7faf50000000 rw-p 00000000 00:00 0 
7faf50000000-7faf54000000 rw-p 00000000 00:00 0 
7faf544a8000-7faf544a9000 ---p 00000000 00:00 0 
7faf544a9000-7faf54ca9000 rw-p 00000000 00:00 0 
7faf54ca9000-7faf54caa000 ---p 00000000 00:00 0 
7faf54caa000-7faf554aa000 rw-p 00000000 00:00 0 
7faf58cad000-7faf66d74000 r-xp 00000000 103:05 1975135                   /home/fernandr/Programmes/Fiji.app/lib/linux64/libSimpleITKJava.so
7faf66d74000-7faf66f73000 ---p 0e0c7000 103:05 1975135                   /home/fernandr/Programmes/Fiji.app/lib/linux64/libSimpleITKJava.so
7faf66f73000-7faf67fe1000 rw-p 0e0c6000 103:05 1975135                   /home/fernandr/Programmes/Fiji.app/lib/linux64/libSimpleITKJava.so
7faf67fe1000-7faf68000000 rw-p 00000000 00:00 0 
7faf68000000-7faf6812f000 rw-p 00000000 00:00 0 
7faf6812f000-7faf6c000000 ---p 00000000 00:00 0 
7faf6c000000-7faf6c021000 rw-p 00000000 00:00 0 
7faf6c021000-7faf70000000 ---p 00000000 00:00 0 
7faf70000000-7faf70036000 rw-p 00000000 00:00 0 
7faf70036000-7faf74000000 ---p 00000000 00:00 0 
7faf74000000-7faf74021000 rw-p 00000000 00:00 0 
7faf74021000-7faf78000000 ---p 00000000 00:00 0 
7faf78000000-7faf78021000 rw-p 00000000 00:00 0 
7faf78021000-7faf7c000000 ---p 00000000 00:00 0 
7faf7c000000-7faf7c021000 rw-p 00000000 00:00 0 
7faf7c021000-7faf80000000 ---p 00000000 00:00 0 
7faf81046000-7faf81049000 ---p 00000000 00:00 0 
7faf81049000-7faf81147000 rw-p 00000000 00:00 0 
7faf81147000-7faf8114a000 ---p 00000000 00:00 0 
7faf8114a000-7faf81248000 rw-p 00000000 00:00 0 
7faf81248000-7faf8124b000 ---p 00000000 00:00 0 
7faf8124b000-7faf81349000 rw-p 00000000 00:00 0 
7faf81349000-7faf8134c000 ---p 00000000 00:00 0 
7faf8134c000-7faf8144a000 rw-p 00000000 00:00 0 
7faf8144a000-7faf8144d000 ---p 00000000 00:00 0 
7faf8144d000-7faf8154b000 rw-p 00000000 00:00 0 
7faf8154b000-7faf8154e000 ---p 00000000 00:00 0 
7faf8154e000-7faf8174c000 rw-p 00000000 00:00 0 
7faf8174c000-7faf8184c000 ---p 00000000 00:00 0 
7faf8184c000-7faf81a4c000 rw-p 00000000 00:00 0 
7faf81a4c000-7faf81a76000 r-xp 00000000 103:05 1319030                   /usr/lib/jvm/java-8-oracle/jre/lib/amd64/libdcpr.so
7faf81a76000-7faf81c75000 ---p 0002a000 103:05 1319030                   /usr/lib/jvm/java-8-oracle/jre/lib/amd64/libdcpr.so
7faf81c75000-7faf81c76000 r--p 00029000 103:05 1319030                   /usr/lib/jvm/java-8-oracle/jre/lib/amd64/libdcpr.so
7faf81c76000-7faf81c79000 rw-p 0002a000 103:05 1319030                   /usr/lib/jvm/java-8-oracle/jre/lib/amd64/libdcpr.so
7faf81c79000-7faf81e79000 rw-p 00000000 00:00 0 
7faf81e7a000-7faf81f7a000 rw-s 00000000 00:05 5406738                    /SYSV00000000 (deleted)
7faf81f7a000-7faf81fe6000 r-xp 00000000 103:05 1319045                   /usr/lib/jvm/java-8-oracle/jre/lib/amd64/libt2k.so
7faf81fe6000-7faf821e6000 ---p 0006c000 103:05 1319045                   /usr/lib/jvm/java-8-oracle/jre/lib/amd64/libt2k.so
7faf821e6000-7faf821ec000 r--p 0006c000 103:05 1319045                   /usr/lib/jvm/java-8-oracle/jre/lib/amd64/libt2k.so
7faf821ec000-7faf821ed000 rw-p 00072000 103:05 1319045                   /usr/lib/jvm/java-8-oracle/jre/lib/amd64/libt2k.so
7faf821ed000-7faf821fe000 r-xp 00000000 103:05 1319086                   /usr/lib/jvm/java-8-oracle/jre/lib/amd64/libnio.so
7faf821fe000-7faf823fd000 ---p 00011000 103:05 1319086                   /usr/lib/jvm/java-8-oracle/jre/lib/amd64/libnio.so
7faf823fd000-7faf823fe000 r--p 00010000 103:05 1319086                   /usr/lib/jvm/java-8-oracle/jre/lib/amd64/libnio.so
7faf823fe000-7faf823ff000 rw-p 00011000 103:05 1319086                   /usr/lib/jvm/java-8-oracle/jre/lib/amd64/libnio.so
7faf823ff000-7faf82415000 r-xp 00000000 103:05 1319083                   /usr/lib/jvm/java-8-oracle/jre/lib/amd64/libnet.so
7faf82415000-7faf82615000 ---p 00016000 103:05 1319083                   /usr/lib/jvm/java-8-oracle/jre/lib/amd64/libnet.so
7faf82615000-7faf82616000 r--p 00016000 103:05 1319083                   /usr/lib/jvm/java-8-oracle/jre/lib/amd64/libnet.so
7faf82616000-7faf82617000 rw-p 00017000 103:05 1319083                   /usr/lib/jvm/java-8-oracle/jre/lib/amd64/libnet.so
7faf82617000-7faf8261a000 ---p 00000000 00:00 0 
7faf8261a000-7faf82718000 rw-p 00000000 00:00 0 
7faf82718000-7faf8271b000 ---p 00000000 00:00 0 
7faf8271b000-7faf82a19000 rw-p 00000000 00:00 0 
7faf82a19000-7faf82a1c000 ---p 00000000 00:00 0 
7faf82a1c000-7faf82b1a000 rw-p 00000000 00:00 0 
7faf82b1a000-7faf82b1f000 r-xp 00000000 103:05 401423                    /usr/lib/x86_64-linux-gnu/libXfixes.so.3.1.0
7faf82b1f000-7faf82d1e000 ---p 00005000 103:05 401423                    /usr/lib/x86_64-linux-gnu/libXfixes.so.3.1.0
7faf82d1e000-7faf82d1f000 r--p 00004000 103:05 401423                    /usr/lib/x86_64-linux-gnu/libXfixes.so.3.1.0
7faf82d1f000-7faf82d20000 rw-p 00005000 103:05 401423                    /usr/lib/x86_64-linux-gnu/libXfixes.so.3.1.0
7faf82d20000-7faf82d29000 r-xp 00000000 103:05 401415                    /usr/lib/x86_64-linux-gnu/libXcursor.so.1.0.2
7faf82d29000-7faf82f28000 ---p 00009000 103:05 401415                    /usr/lib/x86_64-linux-gnu/libXcursor.so.1.0.2
7faf82f28000-7faf82f29000 r--p 00008000 103:05 401415                    /usr/lib/x86_64-linux-gnu/libXcursor.so.1.0.2
7faf82f29000-7faf82f2a000 rw-p 00009000 103:05 401415                    /usr/lib/x86_64-linux-gnu/libXcursor.so.1.0.2
7faf82f2a000-7faf82f41000 r-xp 00000000 103:05 3801177                   /lib/x86_64-linux-gnu/libgcc_s.so.1
7faf82f41000-7faf83140000 ---p 00017000 103:05 3801177                   /lib/x86_64-linux-gnu/libgcc_s.so.1
7faf83140000-7faf83141000 r--p 00016000 103:05 3801177                   /lib/x86_64-linux-gnu/libgcc_s.so.1
7faf83141000-7faf83142000 rw-p 00017000 103:05 3801177                   /lib/x86_64-linux-gnu/libgcc_s.so.1
7faf83142000-7faf8319f000 r-xp 00000000 103:05 1319057                   /usr/lib/jvm/java-8-oracle/jre/lib/amd64/libfontmanager.so
7faf8319f000-7faf8339f000 ---p 0005d000 103:05 1319057                   /usr/lib/jvm/java-8-oracle/jre/lib/amd64/libfontmanager.so
7faf8339f000-7faf833a2000 r--p 0005d000 103:05 1319057                   /usr/lib/jvm/java-8-oracle/jre/lib/amd64/libfontmanager.so
7faf833a2000-7faf833a3000 rw-p 00060000 103:05 1319057                   /usr/lib/jvm/java-8-oracle/jre/lib/amd64/libfontmanager.so
7faf833a3000-7faf833b6000 r-xp 00000000 103:05 3806054                   /lib/x86_64-linux-gnu/libbsd.so.0.8.7
7faf833b6000-7faf835b5000 ---p 00013000 103:05 3806054                   /lib/x86_64-linux-gnu/libbsd.so.0.8.7
7faf835b5000-7faf835b6000 r--p 00012000 103:05 3806054                   /lib/x86_64-linux-gnu/libbsd.so.0.8.7
7faf835b6000-7faf835b7000 rw-p 00013000 103:05 3806054                   /lib/x86_64-linux-gnu/libbsd.so.0.8.7
7faf835b7000-7faf835b8000 rw-p 00000000 00:00 0 
7faf835b8000-7faf835bd000 r-xp 00000000 103:05 401419                    /usr/lib/x86_64-linux-gnu/libXdmcp.so.6.0.0
7faf835bd000-7faf837bc000 ---p 00005000 103:05 401419                    /usr/lib/x86_64-linux-gnu/libXdmcp.so.6.0.0
7faf837bc000-7faf837bd000 r--p 00004000 103:05 401419                    /usr/lib/x86_64-linux-gnu/libXdmcp.so.6.0.0
7faf837bd000-7faf837be000 rw-p 00005000 103:05 401419                    /usr/lib/x86_64-linux-gnu/libXdmcp.so.6.0.0
7faf837be000-7faf837c0000 r-xp 00000000 103:05 401408                    /usr/lib/x86_64-linux-gnu/libXau.so.6.0.0
7faf837c0000-7faf839c0000 ---p 00002000 103:05 401408                    /usr/lib/x86_64-linux-gnu/libXau.so.6.0.0
7faf839c0000-7faf839c1000 r--p 00002000 103:05 401408                    /usr/lib/x86_64-linux-gnu/libXau.so.6.0.0
7faf839c1000-7faf839c2000 rw-p 00003000 103:05 401408                    /usr/lib/x86_64-linux-gnu/libXau.so.6.0.0
7faf839c2000-7faf839e8000 r-xp 00000000 103:05 396084                    /usr/lib/x86_64-linux-gnu/libxcb.so.1.1.0
7faf839e8000-7faf83be8000 ---p 00026000 103:05 396084                    /usr/lib/x86_64-linux-gnu/libxcb.so.1.1.0
7faf83be8000-7faf83be9000 r--p 00026000 103:05 396084                    /usr/lib/x86_64-linux-gnu/libxcb.so.1.1.0
7faf83be9000-7faf83bea000 rw-p 00027000 103:05 396084                    /usr/lib/x86_64-linux-gnu/libxcb.so.1.1.0
7faf83bea000-7faf83bf9000 r-xp 00000000 103:05 401429                    /usr/lib/x86_64-linux-gnu/libXi.so.6.1.0
7faf83bf9000-7faf83df8000 ---p 0000f000 103:05 401429                    /usr/lib/x86_64-linux-gnu/libXi.so.6.1.0
7faf83df8000-7faf83df9000 r--p 0000e000 103:05 401429                    /usr/lib/x86_64-linux-gnu/libXi.so.6.1.0
7faf83df9000-7faf83dfa000 rw-p 0000f000 103:05 401429                    /usr/lib/x86_64-linux-gnu/libXi.so.6.1.0
7faf83dfa000-7faf83dff000 r-xp 00000000 103:05 401447                    /usr/lib/x86_64-linux-gnu/libXtst.so.6.1.0
7faf83dff000-7faf83ffe000 ---p 00005000 103:05 401447                    /usr/lib/x86_64-linux-gnu/libXtst.so.6.1.0
7faf83ffe000-7faf83fff000 r--p 00004000 103:05 401447                    /usr/lib/x86_64-linux-gnu/libXtst.so.6.1.0
7faf83fff000-7faf84000000 rw-p 00005000 103:05 401447                    /usr/lib/x86_64-linux-gnu/libXtst.so.6.1.0
7faf84000000-7faf847e4000 rw-p 00000000 00:00 0 
7faf847e4000-7faf88000000 ---p 00000000 00:00 0 
7faf88000000-7faf88021000 rw-p 00000000 00:00 0 
7faf88021000-7faf8c000000 ---p 00000000 00:00 0 
7faf8c000000-7faf8c538000 rw-p 00000000 00:00 0 
7faf8c538000-7faf90000000 ---p 00000000 00:00 0 
7faf90000000-7faf9056f000 rw-p 00000000 00:00 0 
7faf9056f000-7faf94000000 ---p 00000000 00:00 0 
7faf94000000-7faf94021000 rw-p 00000000 00:00 0 
7faf94021000-7faf98000000 ---p 00000000 00:00 0 
7faf98000000-7faf98779000 rw-p 00000000 00:00 0 
7faf98779000-7faf9c000000 ---p 00000000 00:00 0 
7faf9c000000-7faf9c021000 rw-p 00000000 00:00 0 
7faf9c021000-7fafa0000000 ---p 00000000 00:00 0 
7fafa0000000-7fafa1298000 rw-p 00000000 00:00 0 
7fafa1298000-7fafa4000000 ---p 00000000 00:00 0 
7fafa4000000-7fafa5721000 rw-p 00000000 00:00 0 
7fafa5721000-7fafa8000000 ---p 00000000 00:00 0 
7fafa8011000-7fafa801c000 r--s 00000000 103:05 2754318                   /var/cache/fontconfig/945677eb7aeaf62f1d50efc3fb3ec7d8-le64.cache-7
7fafa801c000-7fafa8021000 r--s 00000000 103:05 2754289                   /var/cache/fontconfig/2300eef321c393bfd76478a5c0e95b23-le64.cache-7
7fafa8021000-7fafa8022000 r--s 00000000 103:05 2754282                   /var/cache/fontconfig/0d8c3b2ac0904cb8a57a757ad11a4a08-le64.cache-7
7fafa8022000-7fafa8026000 r--s 00000000 103:05 2758608                   /var/cache/fontconfig/6d41288fd70b0be22e8c3a91e032eec0-le64.cache-7
7fafa8026000-7fafa803b000 r--s 00000000 103:05 2754278                   /var/cache/fontconfig/04aabc0a78ac019cf9454389977116d2-le64.cache-7
7fafa803b000-7fafa803c000 r--s 00000000 103:05 2754286                   /var/cache/fontconfig/1ac9eb803944fde146138c791f5cc56a-le64.cache-7
7fafa803c000-7fafa803d000 r--s 00000000 103:05 2754337                   /var/cache/fontconfig/dc05db6664285cc2f12bf69c139ae4c3-le64.cache-7
7fafa803d000-7fafa803f000 r--s 00000000 103:05 2754283                   /var/cache/fontconfig/14a5e22175779b556eaa434240950366-le64.cache-7
7fafa803f000-7fafa8040000 r--s 00000000 103:05 2754310                   /var/cache/fontconfig/660208299946a285a940457d1287da33-le64.cache-7
7fafa8040000-7fafa8042000 r--s 00000000 103:05 2754301                   /var/cache/fontconfig/4f3e3037c9980c83b53a9351efadef62-le64.cache-7
7fafa8042000-7fafa8044000 r--s 00000000 103:05 2754315                   /var/cache/fontconfig/767a8244fc0220cfb567a839d0392e0b-le64.cache-7
7fafa8044000-7fafa8045000 r--s 00000000 103:05 2755050                   /var/cache/fontconfig/4794a0821666d79190d59a36cb4f44b5-le64.cache-7
7fafa8045000-7fafa8047000 r--s 00000000 103:05 2759434                   /var/cache/fontconfig/0bd3dc0958fa2205aaaa8ebb13e2872b-le64.cache-7
7fafa8047000-7fafa804c000 r--s 00000000 103:05 2754338                   /var/cache/fontconfig/def309198bfa603429122923fa2bb2d4-le64.cache-7
7fafa804c000-7fafa804d000 r--s 00000000 103:05 2754326                   /var/cache/fontconfig/b872e6e592da6075ffa4ab0a1fcc0c75-le64.cache-7
7fafa804d000-7fafa8050000 ---p 00000000 00:00 0 
7fafa8050000-7fafa814e000 rw-p 00000000 00:00 0 
7fafa814e000-7fafa8157000 r-xp 00000000 103:05 401441                    /usr/lib/x86_64-linux-gnu/libXrender.so.1.3.0
7fafa8157000-7fafa8356000 ---p 00009000 103:05 401441                    /usr/lib/x86_64-linux-gnu/libXrender.so.1.3.0
7fafa8356000-7fafa8357000 r--p 00008000 103:05 401441                    /usr/lib/x86_64-linux-gnu/libXrender.so.1.3.0
7fafa8357000-7fafa8358000 rw-p 00009000 103:05 401441                    /usr/lib/x86_64-linux-gnu/libXrender.so.1.3.0
7fafa8358000-7fafa848b000 r-xp 00000000 103:05 400060                    /usr/lib/x86_64-linux-gnu/libX11.so.6.3.0
7fafa848b000-7fafa868b000 ---p 00133000 103:05 400060                    /usr/lib/x86_64-linux-gnu/libX11.so.6.3.0
7fafa868b000-7fafa868c000 r--p 00133000 103:05 400060                    /usr/lib/x86_64-linux-gnu/libX11.so.6.3.0
7fafa868c000-7fafa8690000 rw-p 00134000 103:05 400060                    /usr/lib/x86_64-linux-gnu/libX11.so.6.3.0
7fafa8690000-7fafb8000000 rw-p 00000000 00:00 0 
7fafb8000000-7fafb8021000 rw-p 00000000 00:00 0 
7fafb8021000-7fafbc000000 ---p 00000000 00:00 0 
7fafbc000000-7fafbc001000 r--s 00000000 103:05 2754343                   /var/cache/fontconfig/f6d4eedfaab2589bde49f7a3ff831d22-le64.cache-7
7fafbc001000-7fafbc002000 r--s 00000000 103:05 2754308                   /var/cache/fontconfig/589f83ef4c36d296ce6e1c846f468f08-le64.cache-7
7fafbc002000-7fafbc003000 r--s 00000000 103:05 2754328                   /var/cache/fontconfig/bab58bb527bb656aaa9f116d68a48d89-le64.cache-7
7fafbc003000-7fafbc004000 r--s 00000000 103:05 2754287                   /var/cache/fontconfig/2171a34dccabdb6bcbbc728186263178-le64.cache-7
7fafbc004000-7fafbc005000 r--s 00000000 103:05 2754329                   /var/cache/fontconfig/c5c45a61289222e0d30b1a26ef4effbe-le64.cache-7
7fafbc005000-7fafbc006000 r--s 00000000 103:05 2754324                   /var/cache/fontconfig/aec30016f93e1b46d1a973dce0d74068-le64.cache-7
7fafbc006000-7fafbc007000 r--s 00000000 103:05 2754294                   /var/cache/fontconfig/3f589640d34b7dc9042c8d453f7c8b9c-le64.cache-7
7fafbc007000-7fafbc008000 r--s 00000000 103:05 2754284                   /var/cache/fontconfig/16c2fda60d1b4b719f4b3d06fd951d25-le64.cache-7
7fafbc008000-7fafbc009000 r--s 00000000 103:05 2754323                   /var/cache/fontconfig/a48eab177a16e4f3713381162db2f3e9-le64.cache-7
7fafbc009000-7fafbc00a000 r--s 00000000 103:05 2754304                   /var/cache/fontconfig/564b2e68ac9bc4e36a6f7f6d6125ec1c-le64.cache-7
7fafbc00a000-7fafbc00f000 r--s 00000000 103:05 2754981                   /var/cache/fontconfig/9d2451b1fd30e5bffe8383fd27c35478-le64.cache-7
7fafbc00f000-7fafbc015000 r--s 00000000 103:05 2759433                   /var/cache/fontconfig/3047814df9a2f067bd2d96a2b9c36e5a-le64.cache-7
7fafbc015000-7fafbc01d000 r--s 00000000 103:05 2753774                   /var/cache/fontconfig/bf3b770c553c462765856025a94f1ce6-le64.cache-7
7fafbc01d000-7fafbc01e000 r--s 00000000 103:05 2754305                   /var/cache/fontconfig/56cf4f4769d0f4abc89a4895d7bd3ae1-le64.cache-7
7fafbc01e000-7fafbc01f000 r--s 00000000 103:05 2754327                   /var/cache/fontconfig/b9d506c9ac06c20b433354fa67a72993-le64.cache-7
7fafbc01f000-7fafbc025000 r--s 00000000 103:05 2754325                   /var/cache/fontconfig/b47c4e1ecd0709278f4910c18777a504-le64.cache-7
7fafbc025000-7fafbc038000 r--s 00000000 103:05 2754334                   /var/cache/fontconfig/d52a8644073d54c13679302ca1180695-le64.cache-7
7fafbc038000-7fafbc039000 r--s 00000000 103:05 2754292                   /var/cache/fontconfig/370e5b74bf5dafc30834de68e24a87a4-le64.cache-7
7fafbc039000-7fafbc047000 r--s 00000000 103:05 2754320                   /var/cache/fontconfig/9b89f8e3dae116d678bbf48e5f21f69b-le64.cache-7
7fafbc047000-7fafbc055000 r--s 00000000 103:05 2764616                   /var/cache/fontconfig/e13b20fdb08344e0e664864cc2ede53d-le64.cache-7
7fafbc055000-7fafbc066000 r-xp 00000000 103:05 401421                    /usr/lib/x86_64-linux-gnu/libXext.so.6.4.0
7fafbc066000-7fafbc265000 ---p 00011000 103:05 401421                    /usr/lib/x86_64-linux-gnu/libXext.so.6.4.0
7fafbc265000-7fafbc266000 r--p 00010000 103:05 401421                    /usr/lib/x86_64-linux-gnu/libXext.so.6.4.0
7fafbc266000-7fafbc267000 rw-p 00011000 103:05 401421                    /usr/lib/x86_64-linux-gnu/libXext.so.6.4.0
7fafbc267000-7fafbc28d000 r--p 00000000 103:05 1182632                   /usr/share/locale-langpack/fr/LC_MESSAGES/libc.mo
7fafbc28d000-7fafbc2e0000 r-xp 00000000 103:05 1319090                   /usr/lib/jvm/java-8-oracle/jre/lib/amd64/libawt_xawt.so
7fafbc2e0000-7fafbc4df000 ---p 00053000 103:05 1319090                   /usr/lib/jvm/java-8-oracle/jre/lib/amd64/libawt_xawt.so
7fafbc4df000-7fafbc4e0000 r--p 00052000 103:05 1319090                   /usr/lib/jvm/java-8-oracle/jre/lib/amd64/libawt_xawt.so
7fafbc4e0000-7fafbc4e3000 rw-p 00053000 103:05 1319090                   /usr/lib/jvm/java-8-oracle/jre/lib/amd64/libawt_xawt.so
7fafbc4e3000-7fafbc4e4000 rw-p 00000000 00:00 0 
7fafbc4e4000-7fafbc584000 r-xp 00000000 103:05 1319075                   /usr/lib/jvm/java-8-oracle/jre/lib/amd64/libawt.so
7fafbc584000-7fafbc783000 ---p 000a0000 103:05 1319075                   /usr/lib/jvm/java-8-oracle/jre/lib/amd64/libawt.so
7fafbc783000-7fafbc784000 r--p 0009f000 103:05 1319075                   /usr/lib/jvm/java-8-oracle/jre/lib/amd64/libawt.so
7fafbc784000-7fafbc78f000 rw-p 000a0000 103:05 1319075                   /usr/lib/jvm/java-8-oracle/jre/lib/amd64/libawt.so
7fafbc78f000-7fafbc7b4000 rw-p 00000000 00:00 0 
7fafbc7b4000-7fafbc7b5000 ---p 00000000 00:00 0 
7fafbc7b5000-7fafbc8b5000 rw-p 00000000 00:00 0 
7fafbc8b5000-7fafbc8b8000 ---p 00000000 00:00 0 
7fafbc8b8000-7fafbc9b6000 rw-p 00000000 00:00 0 
7fafbc9b6000-7fafbc9b7000 ---p 00000000 00:00 0 
7fafbc9b7000-7fafbc9ba000 ---p 00000000 00:00 0 
7fafbc9ba000-7fafbcab7000 rw-p 00000000 00:00 0 
7fafbcab7000-7fafbcab8000 ---p 00000000 00:00 0 
7fafbcab8000-7fafbcabb000 ---p 00000000 00:00 0 
7fafbcabb000-7fafbcbb8000 rw-p 00000000 00:00 0 
7fafbcbb8000-7fafbcbb9000 ---p 00000000 00:00 0 
7fafbcbb9000-7fafbcbbc000 ---p 00000000 00:00 0 
7fafbcbbc000-7fafbccb9000 rw-p 00000000 00:00 0 
7fafbccb9000-7fafbccba000 ---p 00000000 00:00 0 
7fafbccba000-7fafbccbd000 ---p 00000000 00:00 0 
7fafbccbd000-7fafbcdba000 rw-p 00000000 00:00 0 
7fafbcdba000-7fafbcdbd000 ---p 00000000 00:00 0 
7fafbcdbd000-7fafbcebb000 rw-p 00000000 00:00 0 
7fafbcebb000-7fafbd88a000 r--p 00000000 103:05 400112                    /usr/lib/locale/locale-archive
7fafbd88a000-7fafbd88d000 ---p 00000000 00:00 0 
7fafbd88d000-7fafbd98b000 rw-p 00000000 00:00 0 
7fafbd98b000-7fafbd98e000 ---p 00000000 00:00 0 
7fafbd98e000-7fafbda8c000 rw-p 00000000 00:00 0 
7fafbda8c000-7fafbda8d000 ---p 00000000 00:00 0 
7fafbda8d000-7fafbfe26000 rw-p 00000000 00:00 0 
7fafbfe26000-7fafc0000000 r--s 03d6f000 103:05 1319016                   /usr/lib/jvm/java-8-oracle/jre/lib/rt.jar
7fafc0000000-7fafc0187000 rw-p 00000000 00:00 0 
7fafc0187000-7fafc4000000 ---p 00000000 00:00 0 
7fafc4000000-7fafc419d000 rw-p 00000000 00:00 0 
7fafc419d000-7fafc8000000 ---p 00000000 00:00 0 
7fafc8000000-7fafc810a000 rw-p 00000000 00:00 0 
7fafc810a000-7fafcc000000 ---p 00000000 00:00 0 
7fafcc000000-7fafcc021000 rw-p 00000000 00:00 0 
7fafcc021000-7fafd0000000 ---p 00000000 00:00 0 
7fafd0000000-7fafd0021000 rw-p 00000000 00:00 0 
7fafd0021000-7fafd4000000 ---p 00000000 00:00 0 
7fafd4000000-7fafd4191000 rw-p 00000000 00:00 0 
7fafd4191000-7fafd8000000 ---p 00000000 00:00 0 
7fafd8000000-7fafd8021000 rw-p 00000000 00:00 0 
7fafd8021000-7fafdc000000 ---p 00000000 00:00 0 
7fafdc000000-7fafdc021000 rw-p 00000000 00:00 0 
7fafdc021000-7fafe0000000 ---p 00000000 00:00 0 
7fafe0000000-7fafe0021000 rw-p 00000000 00:00 0 
7fafe0021000-7fafe4000000 ---p 00000000 00:00 0 
7fafe4000000-7fafe4001000 r--s 00000000 103:05 2754313                   /var/cache/fontconfig/6b2c5944714ca7831b25bed9e85cb5c8-le64.cache-7
7fafe4001000-7fafe4002000 r--s 00000000 103:05 2754333                   /var/cache/fontconfig/d5178ab6d91b49bf20a416737dcea9e8-le64.cache-7
7fafe4002000-7fafe4003000 r--s 00000000 103:05 2754303                   /var/cache/fontconfig/551ecf3b0e8b0bca0f25c0944f561853-le64.cache-7
7fafe4003000-7fafe4006000 r--s 00000000 103:05 2754342                   /var/cache/fontconfig/f259c2cffa685e28062317905db73c4a-le64.cache-7
7fafe4006000-7fafe4009000 r--s 00000000 103:05 2754311                   /var/cache/fontconfig/674d1711f2d1d2a09646eb0bdcadee49-le64.cache-7
7fafe4009000-7fafe400d000 r--s 00000000 103:05 2754335                   /var/cache/fontconfig/d589a48862398ed80a3d6066f4f56f4c-le64.cache-7
7fafe400d000-7fafe5896000 rw-p 00000000 00:00 0 
7fafe5896000-7fafe5897000 ---p 00000000 00:00 0 
7fafe5897000-7fafe5997000 rw-p 00000000 00:00 0 
7fafe5997000-7fafe5998000 ---p 00000000 00:00 0 
7fafe5998000-7fafe5a98000 rw-p 00000000 00:00 0 
7fafe5a98000-7fafe5a99000 ---p 00000000 00:00 0 
7fafe5a99000-7fafe5b99000 rw-p 00000000 00:00 0 
7fafe5b99000-7fafe5b9a000 ---p 00000000 00:00 0 
7fafe5b9a000-7fafe5c9a000 rw-p 00000000 00:00 0 
7fafe5c9a000-7fafe5c9b000 ---p 00000000 00:00 0 
7fafe5c9b000-7fafe5d9b000 rw-p 00000000 00:00 0 
7fafe5d9b000-7fafe5d9c000 ---p 00000000 00:00 0 
7fafe5d9c000-7fafe5e9c000 rw-p 00000000 00:00 0 
7fafe5e9c000-7fafe5e9d000 ---p 00000000 00:00 0 
7fafe5e9d000-7fafe5f9d000 rw-p 00000000 00:00 0 
7fafe5f9d000-7fafe5f9e000 ---p 00000000 00:00 0 
7fafe5f9e000-7fafe609e000 rw-p 00000000 00:00 0 
7fafe609e000-7fafe609f000 ---p 00000000 00:00 0 
7fafe609f000-7fafe699e000 rw-p 00000000 00:00 0 
7fafe699e000-7fafe6c04000 ---p 00000000 00:00 0 
7fafe6c04000-7fafe7403000 rw-p 00000000 00:00 0 
7fafe7403000-7fafe7668000 ---p 00000000 00:00 0 
7fafe7668000-7fafe7b9b000 rw-p 00000000 00:00 0 
7fafe7b9b000-7fafe7bbd000 rw-p 00000000 00:00 0 
7fafe7bbd000-7fafe7f5c000 ---p 00000000 00:00 0 
7fafe7f5c000-7fafe879c000 rwxp 00000000 00:00 0 
7fafe879c000-7faff6f5c000 ---p 00000000 00:00 0 
7faff6f5c000-7faff6f77000 r-xp 00000000 103:05 1319079                   /usr/lib/jvm/java-8-oracle/jre/lib/amd64/libzip.so
7faff6f77000-7faff7176000 ---p 0001b000 103:05 1319079                   /usr/lib/jvm/java-8-oracle/jre/lib/amd64/libzip.so
7faff7176000-7faff7177000 r--p 0001a000 103:05 1319079                   /usr/lib/jvm/java-8-oracle/jre/lib/amd64/libzip.so
7faff7177000-7faff7178000 rw-p 0001b000 103:05 1319079                   /usr/lib/jvm/java-8-oracle/jre/lib/amd64/libzip.so
7faff7178000-7faff7183000 r-xp 00000000 103:05 3806148                   /lib/x86_64-linux-gnu/libnss_files-2.27.so
7faff7183000-7faff7382000 ---p 0000b000 103:05 3806148                   /lib/x86_64-linux-gnu/libnss_files-2.27.so
7faff7382000-7faff7383000 r--p 0000a000 103:05 3806148                   /lib/x86_64-linux-gnu/libnss_files-2.27.so
7faff7383000-7faff7384000 rw-p 0000b000 103:05 3806148                   /lib/x86_64-linux-gnu/libnss_files-2.27.so
7faff7384000-7faff738a000 rw-p 00000000 00:00 0 
7faff738a000-7faff73a1000 r-xp 00000000 103:05 3806142                   /lib/x86_64-linux-gnu/libnsl-2.27.so
7faff73a1000-7faff75a0000 ---p 00017000 103:05 3806142                   /lib/x86_64-linux-gnu/libnsl-2.27.so
7faff75a0000-7faff75a1000 r--p 00016000 103:05 3806142                   /lib/x86_64-linux-gnu/libnsl-2.27.so
7faff75a1000-7faff75a2000 rw-p 00017000 103:05 3806142                   /lib/x86_64-linux-gnu/libnsl-2.27.so
7faff75a2000-7faff75a4000 rw-p 00000000 00:00 0 
7faff75a4000-7faff75af000 r-xp 00000000 103:05 3806159                   /lib/x86_64-linux-gnu/libnss_nis-2.27.so
7faff75af000-7faff77ae000 ---p 0000b000 103:05 3806159                   /lib/x86_64-linux-gnu/libnss_nis-2.27.so
7faff77ae000-7faff77af000 r--p 0000a000 103:05 3806159                   /lib/x86_64-linux-gnu/libnss_nis-2.27.so
7faff77af000-7faff77b0000 rw-p 0000b000 103:05 3806159                   /lib/x86_64-linux-gnu/libnss_nis-2.27.so
7faff77b0000-7faff77b8000 r-xp 00000000 103:05 3806144                   /lib/x86_64-linux-gnu/libnss_compat-2.27.so
7faff77b8000-7faff79b8000 ---p 00008000 103:05 3806144                   /lib/x86_64-linux-gnu/libnss_compat-2.27.so
7faff79b8000-7faff79b9000 r--p 00008000 103:05 3806144                   /lib/x86_64-linux-gnu/libnss_compat-2.27.so
7faff79b9000-7faff79ba000 rw-p 00009000 103:05 3806144                   /lib/x86_64-linux-gnu/libnss_compat-2.27.so
7faff79ba000-7faff79e6000 r-xp 00000000 103:05 1319071                   /usr/lib/jvm/java-8-oracle/jre/lib/amd64/libjava.so
7faff79e6000-7faff7be6000 ---p 0002c000 103:05 1319071                   /usr/lib/jvm/java-8-oracle/jre/lib/amd64/libjava.so
7faff7be6000-7faff7be7000 r--p 0002c000 103:05 1319071                   /usr/lib/jvm/java-8-oracle/jre/lib/amd64/libjava.so
7faff7be7000-7faff7be9000 rw-p 0002d000 103:05 1319071                   /usr/lib/jvm/java-8-oracle/jre/lib/amd64/libjava.so
7faff7be9000-7faff7bf6000 r-xp 00000000 103:05 1319077                   /usr/lib/jvm/java-8-oracle/jre/lib/amd64/libverify.so
7faff7bf6000-7faff7df5000 ---p 0000d000 103:05 1319077                   /usr/lib/jvm/java-8-oracle/jre/lib/amd64/libverify.so
7faff7df5000-7faff7df7000 r--p 0000c000 103:05 1319077                   /usr/lib/jvm/java-8-oracle/jre/lib/amd64/libverify.so
7faff7df7000-7faff7df8000 rw-p 0000e000 103:05 1319077                   /usr/lib/jvm/java-8-oracle/jre/lib/amd64/libverify.so
7faff7df8000-7faff7dff000 r-xp 00000000 103:05 3806199                   /lib/x86_64-linux-gnu/librt-2.27.so
7faff7dff000-7faff7ffe000 ---p 00007000 103:05 3806199                   /lib/x86_64-linux-gnu/librt-2.27.so
7faff7ffe000-7faff7fff000 r--p 00006000 103:05 3806199                   /lib/x86_64-linux-gnu/librt-2.27.so
7faff7fff000-7faff8000000 rw-p 00007000 103:05 3806199                   /lib/x86_64-linux-gnu/librt-2.27.so
7faff8000000-7faffc000000 rw-p 00000000 00:00 0 
7faffc000000-7faffc002000 r--s 00000000 103:05 2754302                   /var/cache/fontconfig/550f3886151c940c12a5ed35f6a00586-le64.cache-7
7faffc002000-7faffc003000 r--s 00000000 103:05 2754295                   /var/cache/fontconfig/3f7329c5293ffd510edef78f73874cfd-le64.cache-7
7faffc003000-7faffc024000 rw-p 00000000 00:00 0 
7faffc024000-7faffc025000 ---p 00000000 00:00 0 
7faffc025000-7faffc125000 rw-p 00000000 00:00 0 
7faffc125000-7faffc2c2000 r-xp 00000000 103:05 3806121                   /lib/x86_64-linux-gnu/libm-2.27.so
7faffc2c2000-7faffc4c1000 ---p 0019d000 103:05 3806121                   /lib/x86_64-linux-gnu/libm-2.27.so
7faffc4c1000-7faffc4c2000 r--p 0019c000 103:05 3806121                   /lib/x86_64-linux-gnu/libm-2.27.so
7faffc4c2000-7faffc4c3000 rw-p 0019d000 103:05 3806121                   /lib/x86_64-linux-gnu/libm-2.27.so
7faffc4c3000-7faffd1ab000 r-xp 00000000 103:05 1581920                   /usr/lib/jvm/java-8-oracle/jre/lib/amd64/server/libjvm.so
7faffd1ab000-7faffd3aa000 ---p 00ce8000 103:05 1581920                   /usr/lib/jvm/java-8-oracle/jre/lib/amd64/server/libjvm.so
7faffd3aa000-7faffd440000 r--p 00ce7000 103:05 1581920                   /usr/lib/jvm/java-8-oracle/jre/lib/amd64/server/libjvm.so
7faffd440000-7faffd471000 rw-p 00d7d000 103:05 1581920                   /usr/lib/jvm/java-8-oracle/jre/lib/amd64/server/libjvm.so
7faffd471000-7faffd4ac000 rw-p 00000000 00:00 0 
7faffd4ac000-7faffd693000 r-xp 00000000 103:05 3806058                   /lib/x86_64-linux-gnu/libc-2.27.so
7faffd693000-7faffd893000 ---p 001e7000 103:05 3806058                   /lib/x86_64-linux-gnu/libc-2.27.so
7faffd893000-7faffd897000 r--p 001e7000 103:05 3806058                   /lib/x86_64-linux-gnu/libc-2.27.so
7faffd897000-7faffd899000 rw-p 001eb000 103:05 3806058                   /lib/x86_64-linux-gnu/libc-2.27.so
7faffd899000-7faffd89d000 rw-p 00000000 00:00 0 
7faffd89d000-7faffd8a0000 r-xp 00000000 103:05 3806081                   /lib/x86_64-linux-gnu/libdl-2.27.so
7faffd8a0000-7faffda9f000 ---p 00003000 103:05 3806081                   /lib/x86_64-linux-gnu/libdl-2.27.so
7faffda9f000-7faffdaa0000 r--p 00002000 103:05 3806081                   /lib/x86_64-linux-gnu/libdl-2.27.so
7faffdaa0000-7faffdaa1000 rw-p 00003000 103:05 3806081                   /lib/x86_64-linux-gnu/libdl-2.27.so
7faffdaa1000-7faffdab8000 r-xp 00000000 103:05 409197                    /usr/lib/jvm/java-8-oracle/lib/amd64/jli/libjli.so
7faffdab8000-7faffdcb7000 ---p 00017000 103:05 409197                    /usr/lib/jvm/java-8-oracle/lib/amd64/jli/libjli.so
7faffdcb7000-7faffdcb8000 r--p 00016000 103:05 409197                    /usr/lib/jvm/java-8-oracle/lib/amd64/jli/libjli.so
7faffdcb8000-7faffdcb9000 rw-p 00017000 103:05 409197                    /usr/lib/jvm/java-8-oracle/lib/amd64/jli/libjli.so
7faffdcb9000-7faffdcd3000 r-xp 00000000 103:05 3806191                   /lib/x86_64-linux-gnu/libpthread-2.27.so
7faffdcd3000-7faffded2000 ---p 0001a000 103:05 3806191                   /lib/x86_64-linux-gnu/libpthread-2.27.so
7faffded2000-7faffded3000 r--p 00019000 103:05 3806191                   /lib/x86_64-linux-gnu/libpthread-2.27.so
7faffded3000-7faffded4000 rw-p 0001a000 103:05 3806191                   /lib/x86_64-linux-gnu/libpthread-2.27.so
7faffded4000-7faffded8000 rw-p 00000000 00:00 0 
7faffded8000-7faffdede000 r-xp 00000000 103:05 413404                    /usr/lib/x86_64-linux-gnu/libgtk3-nocsd.so.0
7faffdede000-7faffe0dd000 ---p 00006000 103:05 413404                    /usr/lib/x86_64-linux-gnu/libgtk3-nocsd.so.0
7faffe0dd000-7faffe0de000 r--p 00005000 103:05 413404                    /usr/lib/x86_64-linux-gnu/libgtk3-nocsd.so.0
7faffe0de000-7faffe0df000 rw-p 00006000 103:05 413404                    /usr/lib/x86_64-linux-gnu/libgtk3-nocsd.so.0
7faffe0df000-7faffe106000 r-xp 00000000 103:05 3806030                   /lib/x86_64-linux-gnu/ld-2.27.so
7faffe106000-7faffe107000 r--s 00000000 103:05 2754281                   /var/cache/fontconfig/0c9eb80ebd1c36541ebe2852d3bb0c49-le64.cache-7
7faffe107000-7faffe108000 r--s 00000000 103:05 2754288                   /var/cache/fontconfig/22368d551a680bfe5a62c02760edf4ea-le64.cache-7
7faffe108000-7faffe109000 r--s 00000000 103:05 2754300                   /var/cache/fontconfig/4d9c95eba1cb85bbcf2878543262124a-le64.cache-7
7faffe109000-7faffe10a000 r--s 00000000 103:05 2754317                   /var/cache/fontconfig/85e0a52ce643a7ba2ae53e5d6949cead-le64.cache-7
7faffe10a000-7faffe10b000 r--s 00000000 103:05 2754297                   /var/cache/fontconfig/49f0de54bdd920fe4f0dfd4cbac43e6b-le64.cache-7
7faffe10b000-7faffe10c000 r--s 00000000 103:05 2754344                   /var/cache/fontconfig/f6e6e0a5c3d2f6ae0c0c2e0ecd42a997-le64.cache-7
7faffe10c000-7faffe10d000 r--s 00000000 103:05 2754298                   /var/cache/fontconfig/4b2eda6bb976bda485cb2176619421d5-le64.cache-7
7faffe10d000-7faffe117000 r--s 00226000 103:05 1984601                   /home/fernandr/.m2/repository/net/imagej/ij/1.52k/ij-1.52k.jar
7faffe117000-7faffe1db000 rw-p 00000000 00:00 0 
7faffe1db000-7faffe1dc000 ---p 00000000 00:00 0 
7faffe1dc000-7faffe1df000 ---p 00000000 00:00 0 
7faffe1df000-7faffe2e0000 rw-p 00000000 00:00 0 
7faffe2e0000-7faffe2e2000 r--s 00000000 103:05 2754312                   /var/cache/fontconfig/6afa1bb216ce958c1589e297e8008489-le64.cache-7
7faffe2e2000-7faffe2e9000 r--s 00000000 103:05 657616                    /usr/lib/x86_64-linux-gnu/gconv/gconv-modules.cache
7faffe2e9000-7faffe2f0000 r--s 00095000 103:05 2028044                   /home/fernandr/Programmes/LIB_EXT/JAR/VIB-lib-2.1.2.jar
7faffe2f0000-7faffe2fb000 r--s 00093000 103:05 1983880                   /home/fernandr/Programmes/LIB_EXT/JAR/simpleitk-1.2.0.jar
7faffe2fb000-7faffe2fc000 r--s 00005000 103:05 3411772                   /home/fernandr/eclipse-workspace/MyIJPlugs/vitimage/target/lib/ext/lma.jar
7faffe2fc000-7faffe304000 rw-s 00000000 103:05 2883906                   /tmp/hsperfdata_fernandr/8674
7faffe304000-7faffe305000 rw-p 00000000 00:00 0 
7faffe305000-7faffe306000 r--p 00000000 00:00 0 
7faffe306000-7faffe307000 r--p 00027000 103:05 3806030                   /lib/x86_64-linux-gnu/ld-2.27.so
7faffe307000-7faffe308000 rw-p 00028000 103:05 3806030                   /lib/x86_64-linux-gnu/ld-2.27.so
7faffe308000-7faffe309000 rw-p 00000000 00:00 0 
7fffb260c000-7fffb262d000 rw-p 00000000 00:00 0                          [stack]
7fffb27d5000-7fffb27d8000 r--p 00000000 00:00 0                          [vvar]
7fffb27d8000-7fffb27da000 r-xp 00000000 00:00 0                          [vdso]
ffffffffff600000-ffffffffff601000 r-xp 00000000 00:00 0                  [vsyscall]

VM Arguments:
jvm_args: -Djava.library.path=/home/fernandr/Programmes/Fiji.app/lib/linux64 -Dfile.encoding=UTF-8 
java_command: com.vitimage.BlockMatchingRegistration
java_class_path (initial): /home/fernandr/eclipse-workspace/MyIJPlugs/vitimage/target/lib/ext/lma.jar:/home/fernandr/eclipse-workspace/MyIJPlugs/vitimage/target/classes:/home/fernandr/Programmes/LIB_EXT/JAR/simpleitk-1.2.0.jar:/home/fernandr/Programmes/LIB_EXT/JAR/VIB-lib-2.1.2.jar:/home/fernandr/.m2/repository/net/imagej/ij/1.52k/ij-1.52k.jar:/usr/lib/jvm/java-8-oracle/lib/tools.jar:/home/fernandr/.m2/repository/sc/fiji/imagescience/3.0.0/imagescience-3.0.0.jar:/home/fernandr/.m2/repository/sc/fiji/Image_5D/1.2.6/Image_5D-1.2.6.jar:/home/fernandr/.m2/repository/sc/fiji/VIB-lib/2.1.2/VIB-lib-2.1.2.jar:/home/fernandr/.m2/repository/sc/fiji/pal-optimization/2.0.0/pal-optimization-2.0.0.jar:/home/fernandr/.m2/repository/gov/nist/math/jama/1.0.3/jama-1.0.3.jar
Launcher Type: SUN_STANDARD

Environment Variables:
JAVA_HOME=/usr/lib/jvm/java-8-oracle
PATH=/usr/local/sbin:/usr/local/bin:/usr/sbin:/usr/bin:/sbin:/bin:/usr/games:/usr/local/games:/home/fernandr/Programmes/ImageJ:/home/fernandr/Programmes/Fiji.app:/snap/bin:/usr/lib/jvm/java-8-oracle/bin:/usr/lib/jvm/java-8-oracle/db/bin:/usr/lib/jvm/java-8-oracle/jre/bin
USERNAME=fernandr
LD_PRELOAD=libgtk3-nocsd.so.0
SHELL=/bin/bash
DISPLAY=:0

Signal Handlers:
SIGSEGV: [libjvm.so+0xad3e60], sa_mask[0]=11111111011111111101111111111110, sa_flags=SA_RESTART|SA_SIGINFO
SIGBUS: [libjvm.so+0xad3e60], sa_mask[0]=11111111011111111101111111111110, sa_flags=SA_RESTART|SA_SIGINFO
SIGFPE: [libjvm.so+0x90b880], sa_mask[0]=11111111011111111101111111111110, sa_flags=SA_RESTART|SA_SIGINFO
SIGPIPE: [libjvm.so+0x90b880], sa_mask[0]=11111111011111111101111111111110, sa_flags=SA_RESTART|SA_SIGINFO
SIGXFSZ: [libjvm.so+0x90b880], sa_mask[0]=11111111011111111101111111111110, sa_flags=SA_RESTART|SA_SIGINFO
SIGILL: [libjvm.so+0x90b880], sa_mask[0]=11111111011111111101111111111110, sa_flags=SA_RESTART|SA_SIGINFO
SIGUSR1: SIG_DFL, sa_mask[0]=00000000000000000000000000000000, sa_flags=none
SIGUSR2: [libjvm.so+0x90b750], sa_mask[0]=00100000000000000000000000000000, sa_flags=SA_RESTART|SA_SIGINFO
SIGHUP: [libjvm.so+0x90bd70], sa_mask[0]=11111111011111111101111111111110, sa_flags=SA_RESTART|SA_SIGINFO
SIGINT: [libjvm.so+0x90bd70], sa_mask[0]=11111111011111111101111111111110, sa_flags=SA_RESTART|SA_SIGINFO
SIGTERM: [libjvm.so+0x90bd70], sa_mask[0]=11111111011111111101111111111110, sa_flags=SA_RESTART|SA_SIGINFO
SIGQUIT: [libjvm.so+0x90bd70], sa_mask[0]=11111111011111111101111111111110, sa_flags=SA_RESTART|SA_SIGINFO


---------------  S Y S T E M  ---------------

OS:DISTRIB_ID=Ubuntu
DISTRIB_RELEASE=18.04
DISTRIB_CODENAME=bionic
DISTRIB_DESCRIPTION="Ubuntu 18.04.2 LTS"

uname:Linux 4.15.0-47-generic #50-Ubuntu SMP Wed Mar 13 10:44:52 UTC 2019 x86_64
libc:glibc 2.27 NPTL 2.27 
rlimit: STACK 8192k, CORE 0k, NPROC 127341, NOFILE 4096, AS infinity
load average:3,39 2,19 1,88

/proc/meminfo:
MemTotal:       32693780 kB
MemFree:         4122552 kB
MemAvailable:    7461764 kB
Buffers:          816984 kB
Cached:          2949568 kB
SwapCached:            0 kB
Active:         25367552 kB
Inactive:        2421332 kB
Active(anon):   24029368 kB
Inactive(anon):   251512 kB
Active(file):    1338184 kB
Inactive(file):  2169820 kB
Unevictable:       13896 kB
Mlocked:           13896 kB
SwapTotal:      19530748 kB
SwapFree:       19530748 kB
Dirty:                60 kB
Writeback:             0 kB
AnonPages:      24036292 kB
Mapped:           839092 kB
Shmem:            254028 kB
Slab:             402456 kB
SReclaimable:     302892 kB
SUnreclaim:        99564 kB
KernelStack:       22816 kB
PageTables:       112068 kB
NFS_Unstable:          0 kB
Bounce:                0 kB
WritebackTmp:          0 kB
CommitLimit:    35877636 kB
Committed_AS:   27739360 kB
VmallocTotal:   34359738367 kB
VmallocUsed:           0 kB
VmallocChunk:          0 kB
HardwareCorrupted:     0 kB
AnonHugePages:         0 kB
ShmemHugePages:        0 kB
ShmemPmdMapped:        0 kB
CmaTotal:              0 kB
CmaFree:               0 kB
HugePages_Total:       0
HugePages_Free:        0
HugePages_Rsvd:        0
HugePages_Surp:        0
Hugepagesize:       2048 kB
DirectMap4k:      373244 kB
DirectMap2M:    13012992 kB
DirectMap1G:    20971520 kB

container (cgroup) information:
container_type: cgroupv1
cpu_cpuset_cpus: 0-11
cpu_memory_nodes: 0
active_processor_count: 12
cpu_quota: -1
cpu_period: 100000
cpu_shares: -1
memory_limit_in_bytes: -1
memory_and_swap_limit_in_bytes: -2
memory_soft_limit_in_bytes: -1
memory_usage_in_bytes: 28470063104
memory_max_usage_in_bytes: 0


CPU:total 12 (initial active 12) (6 cores per cpu, 2 threads per core) family 6 model 158 stepping 10, cmov, cx8, fxsr, mmx, sse, sse2, sse3, ssse3, sse4.1, sse4.2, popcnt, avx, avx2, aes, clmul, erms, rtm, 3dnowpref, lzcnt, ht, tsc, tscinvbit, bmi1, bmi2, adx

/proc/cpuinfo:
processor	: 0
vendor_id	: GenuineIntel
cpu family	: 6
model		: 158
model name	: Intel(R) Xeon(R) E-2186M  CPU @ 2.90GHz
stepping	: 10
microcode	: 0x96
cpu MHz		: 1911.137
cache size	: 12288 KB
physical id	: 0
siblings	: 12
core id		: 0
cpu cores	: 6
apicid		: 0
initial apicid	: 0
fpu		: yes
fpu_exception	: yes
cpuid level	: 22
wp		: yes
flags		: fpu vme de pse tsc msr pae mce cx8 apic sep mtrr pge mca cmov pat pse36 clflush dts acpi mmx fxsr sse sse2 ss ht tm pbe syscall nx pdpe1gb rdtscp lm constant_tsc art arch_perfmon pebs bts rep_good nopl xtopology nonstop_tsc cpuid aperfmperf tsc_known_freq pni pclmulqdq dtes64 monitor ds_cpl vmx smx est tm2 ssse3 sdbg fma cx16 xtpr pdcm pcid sse4_1 sse4_2 x2apic movbe popcnt tsc_deadline_timer aes xsave avx f16c rdrand lahf_lm abm 3dnowprefetch cpuid_fault epb invpcid_single pti ssbd ibrs ibpb stibp tpr_shadow vnmi flexpriority ept vpid fsgsbase tsc_adjust bmi1 hle avx2 smep bmi2 erms invpcid rtm mpx rdseed adx smap clflushopt intel_pt xsaveopt xsavec xgetbv1 xsaves dtherm ida arat pln pts hwp hwp_notify hwp_act_window hwp_epp flush_l1d
bugs		: cpu_meltdown spectre_v1 spectre_v2 spec_store_bypass l1tf
bogomips	: 5808.00
clflush size	: 64
cache_alignment	: 64
address sizes	: 39 bits physical, 48 bits virtual
power management:

processor	: 1
vendor_id	: GenuineIntel
cpu family	: 6
model		: 158
model name	: Intel(R) Xeon(R) E-2186M  CPU @ 2.90GHz
stepping	: 10
microcode	: 0x96
cpu MHz		: 3847.980
cache size	: 12288 KB
physical id	: 0
siblings	: 12
core id		: 1
cpu cores	: 6
apicid		: 2
initial apicid	: 2
fpu		: yes
fpu_exception	: yes
cpuid level	: 22
wp		: yes
flags		: fpu vme de pse tsc msr pae mce cx8 apic sep mtrr pge mca cmov pat pse36 clflush dts acpi mmx fxsr sse sse2 ss ht tm pbe syscall nx pdpe1gb rdtscp lm constant_tsc art arch_perfmon pebs bts rep_good nopl xtopology nonstop_tsc cpuid aperfmperf tsc_known_freq pni pclmulqdq dtes64 monitor ds_cpl vmx smx est tm2 ssse3 sdbg fma cx16 xtpr pdcm pcid sse4_1 sse4_2 x2apic movbe popcnt tsc_deadline_timer aes xsave avx f16c rdrand lahf_lm abm 3dnowprefetch cpuid_fault epb invpcid_single pti ssbd ibrs ibpb stibp tpr_shadow vnmi flexpriority ept vpid fsgsbase tsc_adjust bmi1 hle avx2 smep bmi2 erms invpcid rtm mpx rdseed adx smap clflushopt intel_pt xsaveopt xsavec xgetbv1 xsaves dtherm ida arat pln pts hwp hwp_notify hwp_act_window hwp_epp flush_l1d
bugs		: cpu_meltdown spectre_v1 spectre_v2 spec_store_bypass l1tf
bogomips	: 5808.00
clflush size	: 64
cache_alignment	: 64
address sizes	: 39 bits physical, 48 bits virtual
power management:

processor	: 2
vendor_id	: GenuineIntel
cpu family	: 6
model		: 158
model name	: Intel(R) Xeon(R) E-2186M  CPU @ 2.90GHz
stepping	: 10
microcode	: 0x96
cpu MHz		: 2698.507
cache size	: 12288 KB
physical id	: 0
siblings	: 12
core id		: 2
cpu cores	: 6
apicid		: 4
initial apicid	: 4
fpu		: yes
fpu_exception	: yes
cpuid level	: 22
wp		: yes
flags		: fpu vme de pse tsc msr pae mce cx8 apic sep mtrr pge mca cmov pat pse36 clflush dts acpi mmx fxsr sse sse2 ss ht tm pbe syscall nx pdpe1gb rdtscp lm constant_tsc art arch_perfmon pebs bts rep_good nopl xtopology nonstop_tsc cpuid aperfmperf tsc_known_freq pni pclmulqdq dtes64 monitor ds_cpl vmx smx est tm2 ssse3 sdbg fma cx16 xtpr pdcm pcid sse4_1 sse4_2 x2apic movbe popcnt tsc_deadline_timer aes xsave avx f16c rdrand lahf_lm abm 3dnowprefetch cpuid_fault epb invpcid_single pti ssbd ibrs ibpb stibp tpr_shadow vnmi flexpriority ept vpid fsgsbase tsc_adjust bmi1 hle avx2 smep bmi2 erms invpcid rtm mpx rdseed adx smap clflushopt intel_pt xsaveopt xsavec xgetbv1 xsaves dtherm ida arat pln pts hwp hwp_notify hwp_act_window hwp_epp flush_l1d
bugs		: cpu_meltdown spectre_v1 spectre_v2 spec_store_bypass l1tf
bogomips	: 5808.00
clflush size	: 64
cache_alignment	: 64
address sizes	: 39 bits physical, 48 bits virtual
power management:

processor	: 3
vendor_id	: GenuineIntel
cpu family	: 6
model		: 158
model name	: Intel(R) Xeon(R) E-2186M  CPU @ 2.90GHz
stepping	: 10
microcode	: 0x96
cpu MHz		: 1811.337
cache size	: 12288 KB
physical id	: 0
siblings	: 12
core id		: 3
cpu cores	: 6
apicid		: 6
initial apicid	: 6
fpu		: yes
fpu_exception	: yes
cpuid level	: 22
wp		: yes
flags		: fpu vme de pse tsc msr pae mce cx8 apic sep mtrr pge mca cmov pat pse36 clflush dts acpi mmx fxsr sse sse2 ss ht tm pbe syscall nx pdpe1gb rdtscp lm constant_tsc art arch_perfmon pebs bts rep_good nopl xtopology nonstop_tsc cpuid aperfmperf tsc_known_freq pni pclmulqdq dtes64 monitor ds_cpl vmx smx est tm2 ssse3 sdbg fma cx16 xtpr pdcm pcid sse4_1 sse4_2 x2apic movbe popcnt tsc_deadline_timer aes xsave avx f16c rdrand lahf_lm abm 3dnowprefetch cpuid_fault epb invpcid_single pti ssbd ibrs ibpb stibp tpr_shadow vnmi flexpriority ept vpid fsgsbase tsc_adjust bmi1 hle avx2 smep bmi2 erms invpcid rtm mpx rdseed adx smap clflushopt intel_pt xsaveopt xsavec xgetbv1 xsaves dtherm ida arat pln pts hwp hwp_notify hwp_act_window hwp_epp flush_l1d
bugs		: cpu_meltdown spectre_v1 spectre_v2 spec_store_bypass l1tf
bogomips	: 5808.00
clflush size	: 64
cache_alignment	: 64
address sizes	: 39 bits physical, 48 bits virtual
power management:

processor	: 4
vendor_id	: GenuineIntel
cpu family	: 6
model		: 158
model name	: Intel(R) Xeon(R) E-2186M  CPU @ 2.90GHz
stepping	: 10
microcode	: 0x96
cpu MHz		: 2419.931
cache size	: 12288 KB
physical id	: 0
siblings	: 12
core id		: 4
cpu cores	: 6
apicid		: 8
initial apicid	: 8
fpu		: yes
fpu_exception	: yes
cpuid level	: 22
wp		: yes
flags		: fpu vme de pse tsc msr pae mce cx8 apic sep mtrr pge mca cmov pat pse36 clflush dts acpi mmx fxsr sse sse2 ss ht tm pbe syscall nx pdpe1gb rdtscp lm constant_tsc art arch_perfmon pebs bts rep_good nopl xtopology nonstop_tsc cpuid aperfmperf tsc_known_freq pni pclmulqdq dtes64 monitor ds_cpl vmx smx est tm2 ssse3 sdbg fma cx16 xtpr pdcm pcid sse4_1 sse4_2 x2apic movbe popcnt tsc_deadline_timer aes xsave avx f16c rdrand lahf_lm abm 3dnowprefetch cpuid_fault epb invpcid_single pti ssbd ibrs ibpb stibp tpr_shadow vnmi flexpriority ept vpid fsgsbase tsc_adjust bmi1 hle avx2 smep bmi2 erms invpcid rtm mpx rdseed adx smap clflushopt intel_pt xsaveopt xsavec xgetbv1 xsaves dtherm ida arat pln pts hwp hwp_notify hwp_act_window hwp_epp flush_l1d
bugs		: cpu_meltdown spectre_v1 spectre_v2 spec_store_bypass l1tf
bogomips	: 5808.00
clflush size	: 64
cache_alignment	: 64
address sizes	: 39 bits physical, 48 bits virtual
power management:

processor	: 5
vendor_id	: GenuineIntel
cpu family	: 6
model		: 158
model name	: Intel(R) Xeon(R) E-2186M  CPU @ 2.90GHz
stepping	: 10
microcode	: 0x96
cpu MHz		: 2283.404
cache size	: 12288 KB
physical id	: 0
siblings	: 12
core id		: 5
cpu cores	: 6
apicid		: 10
initial apicid	: 10
fpu		: yes
fpu_exception	: yes
cpuid level	: 22
wp		: yes
flags		: fpu vme de pse tsc msr pae mce cx8 apic sep mtrr pge mca cmov pat pse36 clflush dts acpi mmx fxsr sse sse2 ss ht tm pbe syscall nx pdpe1gb rdtscp lm constant_tsc art arch_perfmon pebs bts rep_good nopl xtopology nonstop_tsc cpuid aperfmperf tsc_known_freq pni pclmulqdq dtes64 monitor ds_cpl vmx smx est tm2 ssse3 sdbg fma cx16 xtpr pdcm pcid sse4_1 sse4_2 x2apic movbe popcnt tsc_deadline_timer aes xsave avx f16c rdrand lahf_lm abm 3dnowprefetch cpuid_fault epb invpcid_single pti ssbd ibrs ibpb stibp tpr_shadow vnmi flexpriority ept vpid fsgsbase tsc_adjust bmi1 hle avx2 smep bmi2 erms invpcid rtm mpx rdseed adx smap clflushopt intel_pt xsaveopt xsavec xgetbv1 xsaves dtherm ida arat pln pts hwp hwp_notify hwp_act_window hwp_epp flush_l1d
bugs		: cpu_meltdown spectre_v1 spectre_v2 spec_store_bypass l1tf
bogomips	: 5808.00
clflush size	: 64
cache_alignment	: 64
address sizes	: 39 bits physical, 48 bits virtual
power management:

processor	: 6
vendor_id	: GenuineIntel
cpu family	: 6
model		: 158
model name	: Intel(R) Xeon(R) E-2186M  CPU @ 2.90GHz
stepping	: 10
microcode	: 0x96
cpu MHz		: 2349.088
cache size	: 12288 KB
physical id	: 0
siblings	: 12
core id		: 0
cpu cores	: 6
apicid		: 1
initial apicid	: 1
fpu		: yes
fpu_exception	: yes
cpuid level	: 22
wp		: yes
flags		: fpu vme de pse tsc msr pae mce cx8 apic sep mtrr pge mca cmov pat pse36 clflush dts acpi mmx fxsr sse sse2 ss ht tm pbe syscall nx pdpe1gb rdtscp lm constant_tsc art arch_perfmon pebs bts rep_good nopl xtopology nonstop_tsc cpuid aperfmperf tsc_known_freq pni pclmulqdq dtes64 monitor ds_cpl vmx smx est tm2 ssse3 sdbg fma cx16 xtpr pdcm pcid sse4_1 sse4_2 x2apic movbe popcnt tsc_deadline_timer aes xsave avx f16c rdrand lahf_lm abm 3dnowprefetch cpuid_fault epb invpcid_single pti ssbd ibrs ibpb stibp tpr_shadow vnmi flexpriority ept vpid fsgsbase tsc_adjust bmi1 hle avx2 smep bmi2 erms invpcid rtm mpx rdseed adx smap clflushopt intel_pt xsaveopt xsavec xgetbv1 xsaves dtherm ida arat pln pts hwp hwp_notify hwp_act_window hwp_epp flush_l1d
bugs		: cpu_meltdown spectre_v1 spectre_v2 spec_store_bypass l1tf
bogomips	: 5808.00
clflush size	: 64
cache_alignment	: 64
address sizes	: 39 bits physical, 48 bits virtual
power management:

processor	: 7
vendor_id	: GenuineIntel
cpu family	: 6
model		: 158
model name	: Intel(R) Xeon(R) E-2186M  CPU @ 2.90GHz
stepping	: 10
microcode	: 0x96
cpu MHz		: 1355.732
cache size	: 12288 KB
physical id	: 0
siblings	: 12
core id		: 1
cpu cores	: 6
apicid		: 3
initial apicid	: 3
fpu		: yes
fpu_exception	: yes
cpuid level	: 22
wp		: yes
flags		: fpu vme de pse tsc msr pae mce cx8 apic sep mtrr pge mca cmov pat pse36 clflush dts acpi mmx fxsr sse sse2 ss ht tm pbe syscall nx pdpe1gb rdtscp lm constant_tsc art arch_perfmon pebs bts rep_good nopl xtopology nonstop_tsc cpuid aperfmperf tsc_known_freq pni pclmulqdq dtes64 monitor ds_cpl vmx smx est tm2 ssse3 sdbg fma cx16 xtpr pdcm pcid sse4_1 sse4_2 x2apic movbe popcnt tsc_deadline_timer aes xsave avx f16c rdrand lahf_lm abm 3dnowprefetch cpuid_fault epb invpcid_single pti ssbd ibrs ibpb stibp tpr_shadow vnmi flexpriority ept vpid fsgsbase tsc_adjust bmi1 hle avx2 smep bmi2 erms invpcid rtm mpx rdseed adx smap clflushopt intel_pt xsaveopt xsavec xgetbv1 xsaves dtherm ida arat pln pts hwp hwp_notify hwp_act_window hwp_epp flush_l1d
bugs		: cpu_meltdown spectre_v1 spectre_v2 spec_store_bypass l1tf
bogomips	: 5808.00
clflush size	: 64
cache_alignment	: 64
address sizes	: 39 bits physical, 48 bits virtual
power management:

processor	: 8
vendor_id	: GenuineIntel
cpu family	: 6
model		: 158
model name	: Intel(R) Xeon(R) E-2186M  CPU @ 2.90GHz
stepping	: 10
microcode	: 0x96
cpu MHz		: 2387.699
cache size	: 12288 KB
physical id	: 0
siblings	: 12
core id		: 2
cpu cores	: 6
apicid		: 5
initial apicid	: 5
fpu		: yes
fpu_exception	: yes
cpuid level	: 22
wp		: yes
flags		: fpu vme de pse tsc msr pae mce cx8 apic sep mtrr pge mca cmov pat pse36 clflush dts acpi mmx fxsr sse sse2 ss ht tm pbe syscall nx pdpe1gb rdtscp lm constant_tsc art arch_perfmon pebs bts rep_good nopl xtopology nonstop_tsc cpuid aperfmperf tsc_known_freq pni pclmulqdq dtes64 monitor ds_cpl vmx smx est tm2 ssse3 sdbg fma cx16 xtpr pdcm pcid sse4_1 sse4_2 x2apic movbe popcnt tsc_deadline_timer aes xsave avx f16c rdrand lahf_lm abm 3dnowprefetch cpuid_fault epb invpcid_single pti ssbd ibrs ibpb stibp tpr_shadow vnmi flexpriority ept vpid fsgsbase tsc_adjust bmi1 hle avx2 smep bmi2 erms invpcid rtm mpx rdseed adx smap clflushopt intel_pt xsaveopt xsavec xgetbv1 xsaves dtherm ida arat pln pts hwp hwp_notify hwp_act_window hwp_epp flush_l1d
bugs		: cpu_meltdown spectre_v1 spectre_v2 spec_store_bypass l1tf
bogomips	: 5808.00
clflush size	: 64
cache_alignment	: 64
address sizes	: 39 bits physical, 48 bits virtual
power management:

processor	: 9
vendor_id	: GenuineIntel
cpu family	: 6
model		: 158
model name	: Intel(R) Xeon(R) E-2186M  CPU @ 2.90GHz
stepping	: 10
microcode	: 0x96
cpu MHz		: 2293.236
cache size	: 12288 KB
physical id	: 0
siblings	: 12
core id		: 3
cpu cores	: 6
apicid		: 7
initial apicid	: 7
fpu		: yes
fpu_exception	: yes
cpuid level	: 22
wp		: yes
flags		: fpu vme de pse tsc msr pae mce cx8 apic sep mtrr pge mca cmov pat pse36 clflush dts acpi mmx fxsr sse sse2 ss ht tm pbe syscall nx pdpe1gb rdtscp lm constant_tsc art arch_perfmon pebs bts rep_good nopl xtopology nonstop_tsc cpuid aperfmperf tsc_known_freq pni pclmulqdq dtes64 monitor ds_cpl vmx smx est tm2 ssse3 sdbg fma cx16 xtpr pdcm pcid sse4_1 sse4_2 x2apic movbe popcnt tsc_deadline_timer aes xsave avx f16c rdrand lahf_lm abm 3dnowprefetch cpuid_fault epb invpcid_single pti ssbd ibrs ibpb stibp tpr_shadow vnmi flexpriority ept vpid fsgsbase tsc_adjust bmi1 hle avx2 smep bmi2 erms invpcid rtm mpx rdseed adx smap clflushopt intel_pt xsaveopt xsavec xgetbv1 xsaves dtherm ida arat pln pts hwp hwp_notify hwp_act_window hwp_epp flush_l1d
bugs		: cpu_meltdown spectre_v1 spectre_v2 spec_store_bypass l1tf
bogomips	: 5808.00
clflush size	: 64
cache_alignment	: 64
address sizes	: 39 bits physical, 48 bits virtual
power management:

processor	: 10
vendor_id	: GenuineIntel
cpu family	: 6
model		: 158
model name	: Intel(R) Xeon(R) E-2186M  CPU @ 2.90GHz
stepping	: 10
microcode	: 0x96
cpu MHz		: 1333.191
cache size	: 12288 KB
physical id	: 0
siblings	: 12
core id		: 4
cpu cores	: 6
apicid		: 9
initial apicid	: 9
fpu		: yes
fpu_exception	: yes
cpuid level	: 22
wp		: yes
flags		: fpu vme de pse tsc msr pae mce cx8 apic sep mtrr pge mca cmov pat pse36 clflush dts acpi mmx fxsr sse sse2 ss ht tm pbe syscall nx pdpe1gb rdtscp lm constant_tsc art arch_perfmon pebs bts rep_good nopl xtopology nonstop_tsc cpuid aperfmperf tsc_known_freq pni pclmulqdq dtes64 monitor ds_cpl vmx smx est tm2 ssse3 sdbg fma cx16 xtpr pdcm pcid sse4_1 sse4_2 x2apic movbe popcnt tsc_deadline_timer aes xsave avx f16c rdrand lahf_lm abm 3dnowprefetch cpuid_fault epb invpcid_single pti ssbd ibrs ibpb stibp tpr_shadow vnmi flexpriority ept vpid fsgsbase tsc_adjust bmi1 hle avx2 smep bmi2 erms invpcid rtm mpx rdseed adx smap clflushopt intel_pt xsaveopt xsavec xgetbv1 xsaves dtherm ida arat pln pts hwp hwp_notify hwp_act_window hwp_epp flush_l1d
bugs		: cpu_meltdown spectre_v1 spectre_v2 spec_store_bypass l1tf
bogomips	: 5808.00
clflush size	: 64
cache_alignment	: 64
address sizes	: 39 bits physical, 48 bits virtual
power management:

processor	: 11
vendor_id	: GenuineIntel
cpu family	: 6
model		: 158
model name	: Intel(R) Xeon(R) E-2186M  CPU @ 2.90GHz
stepping	: 10
microcode	: 0x96
cpu MHz		: 3196.792
cache size	: 12288 KB
physical id	: 0
siblings	: 12
core id		: 5
cpu cores	: 6
apicid		: 11
initial apicid	: 11
fpu		: yes
fpu_exception	: yes
cpuid level	: 22
wp		: yes
flags		: fpu vme de pse tsc msr pae mce cx8 apic sep mtrr pge mca cmov pat pse36 clflush dts acpi mmx fxsr sse sse2 ss ht tm pbe syscall nx pdpe1gb rdtscp lm constant_tsc art arch_perfmon pebs bts rep_good nopl xtopology nonstop_tsc cpuid aperfmperf tsc_known_freq pni pclmulqdq dtes64 monitor ds_cpl vmx smx est tm2 ssse3 sdbg fma cx16 xtpr pdcm pcid sse4_1 sse4_2 x2apic movbe popcnt tsc_deadline_timer aes xsave avx f16c rdrand lahf_lm abm 3dnowprefetch cpuid_fault epb invpcid_single pti ssbd ibrs ibpb stibp tpr_shadow vnmi flexpriority ept vpid fsgsbase tsc_adjust bmi1 hle avx2 smep bmi2 erms invpcid rtm mpx rdseed adx smap clflushopt intel_pt xsaveopt xsavec xgetbv1 xsaves dtherm ida arat pln pts hwp hwp_notify hwp_act_window hwp_epp flush_l1d
bugs		: cpu_meltdown spectre_v1 spectre_v2 spec_store_bypass l1tf
bogomips	: 5808.00
clflush size	: 64
cache_alignment	: 64
address sizes	: 39 bits physical, 48 bits virtual
power management:



Memory: 4k page, physical 32693780k(4123720k free), swap 19530748k(19530748k free)

vm_info: Java HotSpot(TM) 64-Bit Server VM (25.201-b09) for linux-amd64 JRE (1.8.0_201-b09), built on Dec 15 2018 11:35:59 by "java_re" with gcc 7.3.0

time: Thu May 16 10:45:18 2019
timezone: CEST
elapsed time: 88 seconds (0d 0h 1m 28s)

