#
# A fatal error has been detected by the Java Runtime Environment:
#
#  SIGSEGV (0xb) at pc=0x00007f7db4aa998d, pid=6296, tid=0x00007f7d7cefe700
#
# JRE version: Java(TM) SE Runtime Environment (8.0_201-b09) (build 1.8.0_201-b09)
# Java VM: Java HotSpot(TM) 64-Bit Server VM (25.201-b09 mixed mode linux-amd64 compressed oops)
# Problematic frame:
# C  [libc.so.6+0x9798d]  cfree+0x3d
#
# Failed to write core dump. Core dumps have been disabled. To enable core dumping, try "ulimit -c unlimited" before starting Java again
#
# If you would like to submit a bug report, please visit:
#   http://bugreport.java.com/bugreport/crash.jsp
# The crash happened outside the Java Virtual Machine in native code.
# See problematic frame for where to report the bug.
#

---------------  T H R E A D  ---------------

Current thread (0x00007f7dac092000):  JavaThread "Finalizer" daemon [_thread_in_native, id=6314, stack(0x00007f7d7cdfe000,0x00007f7d7ceff000)]

siginfo: si_signo: 11 (SIGSEGV), si_code: 1 (SEGV_MAPERR), si_addr: 0x00007f7becfff008

Registers:
RAX=0x0000000000000000, RBX=0x00007f7c93631d20, RCX=0x0000000000000020, RDX=0x00007f7dac000080
RSP=0x00007f7d7cefa9c0, RBP=0x00007f7d7cefaaa0, RSI=0x00007f7d7cefaaa0, RDI=0x00007f7becfff010
R8 =0x00000000ef48b105, R9 =0x00000005d2c21cc0, R10=0x00007f7d9d01869b, R11=0x00007f7db43e8db0
R12=0x00007f7becfff010, R13=0x00007f7d74cd35a0, R14=0x00007f7d7cefd8c8, R15=0x00007f7dac092000
RIP=0x00007f7db4aa998d, EFLAGS=0x0000000000010202, CSGSFS=0x002b000000000033, ERR=0x0000000000000004
  TRAPNO=0x000000000000000e

Top of Stack: (sp=0x00007f7d7cefa9c0)
0x00007f7d7cefa9c0:   0000000000000000 00007f7db56501ef
0x00007f7d7cefa9d0:   0000000000000000 0000000000000000
0x00007f7d7cefa9e0:   0000000000000005 893c6b0b02b4a000
0x00007f7d7cefa9f0:   0000000000000001 00007f7c93631d20
0x00007f7d7cefaa00:   00007f7d7cefaaa0 0000000000000000
0x00007f7d7cefaa10:   00007f7d74cd35a0 00007f7d7cefd8c8
0x00007f7d7cefaa20:   00007f7dac092000 00007f7d1387a708
0x00007f7d7cefaa30:   00007f7c93631d20 00007f7d1387a74c
0x00007f7d7cefaa40:   00007f7dac3f9b50 00007f7c93631d20
0x00007f7d7cefaa50:   00007f7d7cefaaa0 00007f7d1387a779
0x00007f7d7cefaa60:   00007f7c93631d20 00007f7d190280ef
0x00007f7d7cefaa70:   00007f7d0d27dfc0 00007f7d19012d3c
0x00007f7d7cefaa80:   00000000ffffffff 00007f7d00000000
0x00007f7d7cefaa90:   00007f7d7cefab90 00007f7d00000003
0x00007f7d7cefaaa0:   00007f7d1b058690 00007f7d19012d3c
0x00007f7d7cefaab0:   00007f7dac3e47d0 0000000000000000
0x00007f7d7cefaac0:   0000000000000007 0000000000000001
0x00007f7d7cefaad0:   00007f7dac000020 00000000f74e7f72
0x00007f7d7cefaae0:   00007f7dac3f9eb0 00007f7d7cefac28
0x00007f7d7cefaaf0:   0000000000000000 00007f7dac3f9b50
0x00007f7d7cefab00:   0000000000000000 00007f7db56501ef
0x00007f7d7cefab10:   0000000000000000 0000000000000000
0x00007f7d7cefab20:   0000000000000005 0000000000000000
0x00007f7d7cefab30:   0000000000000001 00007f7dac3f9b50
0x00007f7d7cefab40:   00007f7d0e77fcd5 0000000100000000
0x00007f7d7cefab50:   00007f7d7cefab80 00007f7d7cefab90
0x00007f7d7cefab60:   00007f7dac3f9ea8 00007f7d7cefafc0
0x00007f7d7cefab70:   00007f7dac203ba0 00007f7dac203ba0
0x00007f7d7cefab80:   00000000ffffffff 0000000000000000
0x00007f7d7cefab90:   00007f7d0d27dfc0 00007f7dac3f9b50
0x00007f7d7cefaba0:   00007f7dac092000 00007f7d190280ef
0x00007f7d7cefabb0:   00007f7dac092000 00007f7d19012d3c 

Instructions: (pc=0x00007f7db4aa998d)
0x00007f7db4aa996d:   24 28 31 c0 48 8b 05 70 35 35 00 48 8b 00 48 85
0x00007f7db4aa997d:   c0 0f 85 9c 02 00 00 48 85 ff 0f 84 13 01 00 00
0x00007f7db4aa998d:   48 8b 77 f8 4c 8d 6f f0 40 f6 c6 02 0f 85 29 01
0x00007f7db4aa999d:   00 00 48 8b 2d d2 33 35 00 64 48 83 7d 00 00 0f 

Register to memory mapping:

RAX=0x0000000000000000 is an unknown value
RBX=0x00007f7c93631d20 is an unknown value
RCX=0x0000000000000020 is an unknown value
RDX=0x00007f7dac000080 is an unknown value
RSP=0x00007f7d7cefa9c0 is pointing into the stack for thread: 0x00007f7dac092000
RBP=0x00007f7d7cefaaa0 is pointing into the stack for thread: 0x00007f7dac092000
RSI=0x00007f7d7cefaaa0 is pointing into the stack for thread: 0x00007f7dac092000
RDI=0x00007f7becfff010 is an unknown value
R8 =0x00000000ef48b105 is an unknown value
R9 =0x00000005d2c21cc0 is an oop
java.lang.System$2 
 - klass: 'java/lang/System$2'
R10=0x00007f7d9d01869b is at code_begin+859 in an Interpreter codelet
method entry point (kind = native)  [0x00007f7d9d018340, 0x00007f7d9d018cc0]  2432 bytes
R11=0x00007f7db43e8db0: <offset 0x9bfdb0> in /usr/lib/jvm/java-8-oracle/jre/lib/amd64/server/libjvm.so at 0x00007f7db3a29000
R12=0x00007f7becfff010 is an unknown value
R13={method} {0x00007f7d74cd35a0} 'delete_DisplacementFieldTransform' '(J)V' in 'org/itk/simple/SimpleITKJNI'
R14=0x00007f7d7cefd8c8 is pointing into the stack for thread: 0x00007f7dac092000
R15=0x00007f7dac092000 is a thread


Stack: [0x00007f7d7cdfe000,0x00007f7d7ceff000],  sp=0x00007f7d7cefa9c0,  free space=1010k
Native frames: (J=compiled Java code, j=interpreted, Vv=VM code, C=native code)
C  [libc.so.6+0x9798d]  cfree+0x3d
C  [libSimpleITKJava.so+0xc365d3c]  itk::Object::UnRegister() const+0x1c

Java frames: (J=compiled Java code, j=interpreted, Vv=VM code)
j  org.itk.simple.SimpleITKJNI.delete_DisplacementFieldTransform(J)V+0
j  org.itk.simple.DisplacementFieldTransform.delete()V+25
j  org.itk.simple.DisplacementFieldTransform.finalize()V+1
J 1457 C2 java.lang.ref.Finalizer.access$100(Ljava/lang/ref/Finalizer;Lsun/misc/JavaLangAccess;)V (6 bytes) @ 0x00007f7d9d802ba0 [0x00007f7d9d802900+0x2a0]
J 1450% C2 java.lang.ref.Finalizer$FinalizerThread.run()V (55 bytes) @ 0x00007f7d9d7fe7f8 [0x00007f7d9d7fe700+0xf8]
v  ~StubRoutines::call_stub

---------------  P R O C E S S  ---------------

Java Threads: ( => current thread )
  0x00007f7dac33b800 JavaThread "AWT-EventQueue-0" [_thread_blocked, id=6325, stack(0x00007f7d75572000,0x00007f7d75673000)]
  0x00007f7dac337800 JavaThread "AWT-Shutdown" [_thread_blocked, id=6324, stack(0x00007f7d75673000,0x00007f7d75774000)]
  0x00007f7dac2a3000 JavaThread "AWT-XAWT" daemon [_thread_in_native, id=6323, stack(0x00007f7d75974000,0x00007f7d75a75000)]
  0x00007f7dac265000 JavaThread "Java2D Disposer" daemon [_thread_blocked, id=6322, stack(0x00007f7d75e85000,0x00007f7d75f86000)]
  0x00007f7dac0d1000 JavaThread "Service Thread" daemon [_thread_blocked, id=6320, stack(0x00007f7d77dfe000,0x00007f7d77eff000)]
  0x00007f7dac0cd800 JavaThread "C1 CompilerThread3" daemon [_thread_blocked, id=6319, stack(0x00007f7d77f00000,0x00007f7d78000000)]
  0x00007f7dac0cb800 JavaThread "C2 CompilerThread2" daemon [_thread_blocked, id=6318, stack(0x00007f7d7c02c000,0x00007f7d7c12c000)]
  0x00007f7dac0c9800 JavaThread "C2 CompilerThread1" daemon [_thread_blocked, id=6317, stack(0x00007f7d7c12d000,0x00007f7d7c22d000)]
  0x00007f7dac0c7000 JavaThread "C2 CompilerThread0" daemon [_thread_blocked, id=6316, stack(0x00007f7d7c22e000,0x00007f7d7c32e000)]
  0x00007f7dac0c5800 JavaThread "Signal Dispatcher" daemon [_thread_blocked, id=6315, stack(0x00007f7d7c32e000,0x00007f7d7c42f000)]
=>0x00007f7dac092000 JavaThread "Finalizer" daemon [_thread_in_native, id=6314, stack(0x00007f7d7cdfe000,0x00007f7d7ceff000)]
  0x00007f7dac08f800 JavaThread "Reference Handler" daemon [_thread_blocked, id=6313, stack(0x00007f7d7ceff000,0x00007f7d7d000000)]
  0x00007f7dac00b800 JavaThread "Run$_main" [_thread_in_vm_trans, id=6301, stack(0x00007f7db5742000,0x00007f7db5842000)]

Other Threads:
  0x00007f7dac086000 VMThread [stack: 0x00007f7d7d001000,0x00007f7d7d101000] [id=6312]
  0x00007f7dac0d3800 WatcherThread [stack: 0x00007f7d77cfe000,0x00007f7d77dfe000] [id=6321]

VM state:not at safepoint (normal execution)

VM Mutex/Monitor currently owned by a thread: None

heap address: 0x00000005cd200000, size: 7982 MB, Compressed Oops mode: Zero based, Oop shift amount: 3
Narrow klass base: 0x0000000000000000, Narrow klass shift: 3
Compressed class space size: 1073741824 Address: 0x00000007c0000000

Heap:
 PSYoungGen      total 1825280K, used 1252338K [0x0000000719b80000, 0x00000007c0000000, 0x00000007c0000000)
  eden space 933376K, 38% used [0x0000000719b80000,0x000000072fbb4188,0x0000000752b00000)
  from space 891904K, 99% used [0x0000000752b00000,0x00000007891c8780,0x0000000789200000)
  to   space 899072K, 0% used [0x0000000789200000,0x0000000789200000,0x00000007c0000000)
 ParOldGen       total 3571200K, used 2287477K [0x00000005cd200000, 0x00000006a7180000, 0x0000000719b80000)
  object space 3571200K, 64% used [0x00000005cd200000,0x0000000658bdd758,0x00000006a7180000)
 Metaspace       used 15112K, capacity 15291K, committed 15616K, reserved 1062912K
  class space    used 1442K, capacity 1514K, committed 1536K, reserved 1048576K

Card table byte_map: [0x00007f7db128f000,0x00007f7db2227000] byte_map_base: 0x00007f7dae426000

Marking Bits: (ParMarkBitMap*) 0x00007f7db49f4d80
 Begin Bits: [0x00007f7d58690000, 0x00007f7d60348000)
 End Bits:   [0x00007f7d60348000, 0x00007f7d68000000)

Polling page: 0x00007f7db586b000

CodeCache: size=245760Kb used=8181Kb max_used=8188Kb free=237578Kb
 bounds [0x00007f7d9d000000, 0x00007f7d9d810000, 0x00007f7dac000000]
 total_blobs=2351 nmethods=1451 adapters=813
 compilation: enabled

Compilation events (10 events):
Event: 143,581 Thread 0x00007f7dac0c9800 1457       4       java.lang.ref.Finalizer::access$100 (6 bytes)
Event: 143,585 Thread 0x00007f7dac0cb800 1459   !   4       java.lang.ref.Finalizer::runFinalizer (62 bytes)
Event: 143,585 Thread 0x00007f7dac0c7000 1458       4       java.lang.System$2::invokeFinalize (5 bytes)
Event: 143,585 Thread 0x00007f7dac0c9800 nmethod 1457 0x00007f7d9d802750 code [0x00007f7d9d802900, 0x00007f7d9d8031c8]
Event: 143,586 Thread 0x00007f7dac0c7000 nmethod 1458 0x00007f7d9d7fb990 code [0x00007f7d9d7fbb00, 0x00007f7d9d7fbe88]
Event: 143,588 Thread 0x00007f7dac0cb800 nmethod 1459 0x00007f7d9d803710 code [0x00007f7d9d8038c0, 0x00007f7d9d8041a8]
Event: 147,531 Thread 0x00007f7dac0cd800 1460       3       java.io.PrintStream::print (13 bytes)
Event: 147,531 Thread 0x00007f7dac0cd800 nmethod 1460 0x00007f7d9d7fb5d0 code [0x00007f7d9d7fb740, 0x00007f7d9d7fb908]
Event: 147,531 Thread 0x00007f7dac0cd800 1461   !   3       java.io.PrintStream::write (83 bytes)
Event: 147,532 Thread 0x00007f7dac0cd800 nmethod 1461 0x00007f7d9d801150 code [0x00007f7d9d801380, 0x00007f7d9d801fc8]

GC Heap History (10 events):
Event: 104,575 GC heap before
{Heap before GC invocations=116 (full 1):
 PSYoungGen      total 2720256K, used 2720160K [0x0000000719b80000, 0x00000007c0000000, 0x00000007c0000000)
  eden space 2716160K, 100% used [0x0000000719b80000,0x00000007bf800000,0x00000007bf800000)
  from space 4096K, 97% used [0x00000007bfc00000,0x00000007bffe8000,0x00000007c0000000)
  to   space 4096K, 0% used [0x00000007bf800000,0x00000007bf800000,0x00000007bfc00000)
 ParOldGen       total 519168K, used 432901K [0x00000005cd200000, 0x00000005ecd00000, 0x0000000719b80000)
  object space 519168K, 83% used [0x00000005cd200000,0x00000005e78c1670,0x00000005ecd00000)
 Metaspace       used 14764K, capacity 14939K, committed 15104K, reserved 1062912K
  class space    used 1413K, capacity 1482K, committed 1536K, reserved 1048576K
Event: 104,606 GC heap after
Heap after GC invocations=116 (full 1):
 PSYoungGen      total 2720256K, used 4081K [0x0000000719b80000, 0x00000007c0000000, 0x00000007c0000000)
  eden space 2716160K, 0% used [0x0000000719b80000,0x0000000719b80000,0x00000007bf800000)
  from space 4096K, 99% used [0x00000007bf800000,0x00000007bfbfc630,0x00000007bfc00000)
  to   space 4096K, 0% used [0x00000007bfc00000,0x00000007bfc00000,0x00000007c0000000)
 ParOldGen       total 655360K, used 654044K [0x00000005cd200000, 0x00000005f5200000, 0x0000000719b80000)
  object space 655360K, 99% used [0x00000005cd200000,0x00000005f50b70e8,0x00000005f5200000)
 Metaspace       used 14764K, capacity 14939K, committed 15104K, reserved 1062912K
  class space    used 1413K, capacity 1482K, committed 1536K, reserved 1048576K
}
Event: 104,606 GC heap before
{Heap before GC invocations=117 (full 2):
 PSYoungGen      total 2720256K, used 4081K [0x0000000719b80000, 0x00000007c0000000, 0x00000007c0000000)
  eden space 2716160K, 0% used [0x0000000719b80000,0x0000000719b80000,0x00000007bf800000)
  from space 4096K, 99% used [0x00000007bf800000,0x00000007bfbfc630,0x00000007bfc00000)
  to   space 4096K, 0% used [0x00000007bfc00000,0x00000007bfc00000,0x00000007c0000000)
 ParOldGen       total 655360K, used 654044K [0x00000005cd200000, 0x00000005f5200000, 0x0000000719b80000)
  object space 655360K, 99% used [0x00000005cd200000,0x00000005f50b70e8,0x00000005f5200000)
 Metaspace       used 14764K, capacity 14939K, committed 15104K, reserved 1062912K
  class space    used 1413K, capacity 1482K, committed 1536K, reserved 1048576K
Event: 104,964 GC heap after
Heap after GC invocations=117 (full 2):
 PSYoungGen      total 2720256K, used 0K [0x0000000719b80000, 0x00000007c0000000, 0x00000007c0000000)
  eden space 2716160K, 0% used [0x0000000719b80000,0x0000000719b80000,0x00000007bf800000)
  from space 4096K, 0% used [0x00000007bf800000,0x00000007bf800000,0x00000007bfc00000)
  to   space 4096K, 0% used [0x00000007bfc00000,0x00000007bfc00000,0x00000007c0000000)
 ParOldGen       total 935936K, used 563349K [0x00000005cd200000, 0x0000000606400000, 0x0000000719b80000)
  object space 935936K, 60% used [0x00000005cd200000,0x00000005ef825688,0x0000000606400000)
 Metaspace       used 14764K, capacity 14939K, committed 15104K, reserved 1062912K
  class space    used 1413K, capacity 1482K, committed 1536K, reserved 1048576K
}
Event: 123,537 GC heap before
{Heap before GC invocations=118 (full 2):
 PSYoungGen      total 2720256K, used 2716160K [0x0000000719b80000, 0x00000007c0000000, 0x00000007c0000000)
  eden space 2716160K, 100% used [0x0000000719b80000,0x00000007bf800000,0x00000007bf800000)
  from space 4096K, 0% used [0x00000007bf800000,0x00000007bf800000,0x00000007bfc00000)
  to   space 4096K, 0% used [0x00000007bfc00000,0x00000007bfc00000,0x00000007c0000000)
 ParOldGen       total 935936K, used 563349K [0x00000005cd200000, 0x0000000606400000, 0x0000000719b80000)
  object space 935936K, 60% used [0x00000005cd200000,0x00000005ef825688,0x0000000606400000)
 Metaspace       used 15094K, capacity 15291K, committed 15616K, reserved 1062912K
  class space    used 1441K, capacity 1514K, committed 1536K, reserved 1048576K
Event: 129,481 GC heap after
Heap after GC invocations=118 (full 2):
 PSYoungGen      total 937472K, used 4064K [0x0000000719b80000, 0x00000007c0000000, 0x00000007c0000000)
  eden space 933376K, 0% used [0x0000000719b80000,0x0000000719b80000,0x0000000752b00000)
  from space 4096K, 99% used [0x00000007bfc00000,0x00000007bfff8050,0x00000007c0000000)
  to   space 895488K, 0% used [0x0000000752b00000,0x0000000752b00000,0x0000000789580000)
 ParOldGen       total 2788864K, used 2788442K [0x00000005cd200000, 0x0000000677580000, 0x0000000719b80000)
  object space 2788864K, 99% used [0x00000005cd200000,0x0000000677516ae0,0x0000000677580000)
 Metaspace       used 15094K, capacity 15291K, committed 15616K, reserved 1062912K
  class space    used 1441K, capacity 1514K, committed 1536K, reserved 1048576K
}
Event: 129,482 GC heap before
{Heap before GC invocations=119 (full 3):
 PSYoungGen      total 937472K, used 4064K [0x0000000719b80000, 0x00000007c0000000, 0x00000007c0000000)
  eden space 933376K, 0% used [0x0000000719b80000,0x0000000719b80000,0x0000000752b00000)
  from space 4096K, 99% used [0x00000007bfc00000,0x00000007bfff8050,0x00000007c0000000)
  to   space 895488K, 0% used [0x0000000752b00000,0x0000000752b00000,0x0000000789580000)
 ParOldGen       total 2788864K, used 2788442K [0x00000005cd200000, 0x0000000677580000, 0x0000000719b80000)
  object space 2788864K, 99% used [0x00000005cd200000,0x0000000677516ae0,0x0000000677580000)
 Metaspace       used 15094K, capacity 15291K, committed 15616K, reserved 1062912K
  class space    used 1441K, capacity 1514K, committed 1536K, reserved 1048576K
Event: 137,258 GC heap after
Heap after GC invocations=119 (full 3):
 PSYoungGen      total 937472K, used 0K [0x0000000719b80000, 0x00000007c0000000, 0x00000007c0000000)
  eden space 933376K, 0% used [0x0000000719b80000,0x0000000719b80000,0x0000000752b00000)
  from space 4096K, 0% used [0x00000007bfc00000,0x00000007bfc00000,0x00000007c0000000)
  to   space 895488K, 0% used [0x0000000752b00000,0x0000000752b00000,0x0000000789580000)
 ParOldGen       total 3571200K, used 2287477K [0x00000005cd200000, 0x00000006a7180000, 0x0000000719b80000)
  object space 3571200K, 64% used [0x00000005cd200000,0x0000000658bdd758,0x00000006a7180000)
 Metaspace       used 15094K, capacity 15291K, committed 15616K, reserved 1062912K
  class space    used 1441K, capacity 1514K, committed 1536K, reserved 1048576K
}
Event: 144,396 GC heap before
{Heap before GC invocations=120 (full 3):
 PSYoungGen      total 937472K, used 933376K [0x0000000719b80000, 0x00000007c0000000, 0x00000007c0000000)
  eden space 933376K, 100% used [0x0000000719b80000,0x0000000752b00000,0x0000000752b00000)
  from space 4096K, 0% used [0x00000007bfc00000,0x00000007bfc00000,0x00000007c0000000)
  to   space 895488K, 0% used [0x0000000752b00000,0x0000000752b00000,0x0000000789580000)
 ParOldGen       total 3571200K, used 2287477K [0x00000005cd200000, 0x00000006a7180000, 0x0000000719b80000)
  object space 3571200K, 64% used [0x00000005cd200000,0x0000000658bdd758,0x00000006a7180000)
 Metaspace       used 15111K, capacity 15291K, committed 15616K, reserved 1062912K
  class space    used 1442K, capacity 1514K, committed 1536K, reserved 1048576K
Event: 145,606 GC heap after
Heap after GC invocations=120 (full 3):
 PSYoungGen      total 1825280K, used 891681K [0x0000000719b80000, 0x00000007c0000000, 0x00000007c0000000)
  eden space 933376K, 0% used [0x0000000719b80000,0x0000000719b80000,0x0000000752b00000)
  from space 891904K, 99% used [0x0000000752b00000,0x00000007891c8780,0x0000000789200000)
  to   space 899072K, 0% used [0x0000000789200000,0x0000000789200000,0x00000007c0000000)
 ParOldGen       total 3571200K, used 2287477K [0x00000005cd200000, 0x00000006a7180000, 0x0000000719b80000)
  object space 3571200K, 64% used [0x00000005cd200000,0x0000000658bdd758,0x00000006a7180000)
 Metaspace       used 15111K, capacity 15291K, committed 15616K, reserved 1062912K
  class space    used 1442K, capacity 1514K, committed 1536K, reserved 1048576K
}

Deoptimization events (10 events):
Event: 107,549 Thread 0x00007f7dac00b800 Uncommon trap: reason=unstable_if action=reinterpret pc=0x00007f7d9d392c08 method=ij.process.ColorProcessor.crop()Lij/process/ImageProcessor; @ 27
Event: 108,818 Thread 0x00007f7dac00b800 Uncommon trap: reason=unstable_if action=reinterpret pc=0x00007f7d9d3933f4 method=ij.process.ByteProcessor.crop()Lij/process/ImageProcessor; @ 39
Event: 108,970 Thread 0x00007f7dac00b800 Uncommon trap: reason=unstable_if action=reinterpret pc=0x00007f7d9d7d0e34 method=com.vitimage.ItkTransform.flattenDenseField(Lij/ImagePlus;)Lcom/vitimage/ItkTransform; @ 432
Event: 112,555 Thread 0x00007f7dac00b800 Uncommon trap: reason=unloaded action=reinterpret pc=0x00007f7d9d7daa1c method=com.vitimage.ItkTransform.flattenDenseField(Lij/ImagePlus;)Lcom/vitimage/ItkTransform; @ 455
Event: 112,641 Thread 0x00007f7dac00b800 Uncommon trap: reason=unstable_if action=reinterpret pc=0x00007f7d9d76bfb0 method=com.vitimage.ItkImagePlusInterface.convertImagePlusArrayToDisplacementField([Lij/ImagePlus;)Lorg/itk/simple/Image; @ 309
Event: 139,212 Thread 0x00007f7dac092000 Uncommon trap: reason=class_check action=maybe_recompile pc=0x00007f7d9d7f6efc method=java.lang.System$2.invokeFinalize(Ljava/lang/Object;)V @ 1
Event: 140,271 Thread 0x00007f7dac092000 Uncommon trap: reason=class_check action=maybe_recompile pc=0x00007f7d9d7f6efc method=java.lang.System$2.invokeFinalize(Ljava/lang/Object;)V @ 1
Event: 141,293 Thread 0x00007f7dac092000 Uncommon trap: reason=class_check action=maybe_recompile pc=0x00007f7d9d7f6efc method=java.lang.System$2.invokeFinalize(Ljava/lang/Object;)V @ 1
Event: 143,581 Thread 0x00007f7dac092000 Uncommon trap: reason=class_check action=maybe_recompile pc=0x00007f7d9d7f6efc method=java.lang.System$2.invokeFinalize(Ljava/lang/Object;)V @ 1
Event: 143,581 Thread 0x00007f7dac092000 Uncommon trap: reason=class_check action=maybe_recompile pc=0x00007f7d9d7faa5c method=java.lang.System$2.invokeFinalize(Ljava/lang/Object;)V @ 1

Classes redefined (0 events):
No events

Internal exceptions (10 events):
Event: 0,061 Thread 0x00007f7dac00b800 Exception <a 'java/security/PrivilegedActionException'> (0x0000000719cbad18) thrown at [/HUDSON/workspace/8-2-build-linux-amd64/jdk8u201/12317/hotspot/src/share/vm/prims/jvm.cpp, line 1502]
Event: 0,062 Thread 0x00007f7dac00b800 Exception <a 'java/security/PrivilegedActionException'> (0x0000000719cbd180) thrown at [/HUDSON/workspace/8-2-build-linux-amd64/jdk8u201/12317/hotspot/src/share/vm/prims/jvm.cpp, line 1502]
Event: 0,062 Thread 0x00007f7dac00b800 Exception <a 'java/security/PrivilegedActionException'> (0x0000000719cbd390) thrown at [/HUDSON/workspace/8-2-build-linux-amd64/jdk8u201/12317/hotspot/src/share/vm/prims/jvm.cpp, line 1502]
Event: 0,086 Thread 0x00007f7dac00b800 Exception <a 'java/lang/NoSuchFieldError': method resolution failed> (0x0000000719d8c848) thrown at [/HUDSON/workspace/8-2-build-linux-amd64/jdk8u201/12317/hotspot/src/share/vm/prims/methodHandles.cpp, line 1167]
Event: 0,087 Thread 0x00007f7dac00b800 Exception <a 'java/lang/NoSuchFieldError': method resolution failed> (0x0000000719d9a048) thrown at [/HUDSON/workspace/8-2-build-linux-amd64/jdk8u201/12317/hotspot/src/share/vm/prims/methodHandles.cpp, line 1167]
Event: 0,100 Thread 0x00007f7dac00b800 Exception <a 'java/io/FileNotFoundException'> (0x000000071a09aa98) thrown at [/HUDSON/workspace/8-2-build-linux-amd64/jdk8u201/12317/hotspot/src/share/vm/prims/jni.cpp, line 709]
Event: 0,100 Thread 0x00007f7dac00b800 Exception <a 'java/io/FileNotFoundException'> (0x000000071a09b580) thrown at [/HUDSON/workspace/8-2-build-linux-amd64/jdk8u201/12317/hotspot/src/share/vm/prims/jni.cpp, line 709]
Event: 0,468 Thread 0x00007f7dac33b800 Exception <a 'java/lang/UnsupportedOperationException': > (0x000000071a8d68c8) thrown at [/HUDSON/workspace/8-2-build-linux-amd64/jdk8u201/12317/hotspot/src/share/vm/prims/jni.cpp, line 735]
Event: 4,093 Thread 0x00007f7dac33b800 Exception <a 'java/lang/UnsupportedOperationException': > (0x000000071c22ed90) thrown at [/HUDSON/workspace/8-2-build-linux-amd64/jdk8u201/12317/hotspot/src/share/vm/prims/jni.cpp, line 735]
Event: 4,208 Thread 0x00007f7dac33b800 Exception <a 'java/lang/UnsupportedOperationException': > (0x000000071c2322a8) thrown at [/HUDSON/workspace/8-2-build-linux-amd64/jdk8u201/12317/hotspot/src/share/vm/prims/jni.cpp, line 735]

Events (10 events):
Event: 143,581 Thread 0x00007f7dac092000 Uncommon trap: trap_request=0xffffffde fr.pc=0x00007f7d9d7f6efc
Event: 143,581 Thread 0x00007f7dac092000 DEOPT PACKING pc=0x00007f7d9d7f6efc sp=0x00007f7d7cefd990
Event: 143,581 Thread 0x00007f7dac092000 DEOPT UNPACKING pc=0x00007f7d9d04573a sp=0x00007f7d7cefd8a8 mode 2
Event: 143,581 Thread 0x00007f7dac092000 Uncommon trap: trap_request=0xffffffde fr.pc=0x00007f7d9d7faa5c
Event: 143,581 Thread 0x00007f7dac092000 DEOPT PACKING pc=0x00007f7d9d7faa5c sp=0x00007f7d7cefd910
Event: 143,581 Thread 0x00007f7dac092000 DEOPT UNPACKING pc=0x00007f7d9d04573a sp=0x00007f7d7cefd898 mode 2
Event: 144,396 Executing VM operation: ParallelGCFailedAllocation
Event: 145,606 Executing VM operation: ParallelGCFailedAllocation done
Event: 147,958 Executing VM operation: RevokeBias
Event: 147,958 Executing VM operation: RevokeBias done


Dynamic libraries:
00400000-00401000 r-xp 00000000 103:05 399591                            /usr/lib/jvm/java-8-oracle/bin/java
00600000-00601000 r--p 00000000 103:05 399591                            /usr/lib/jvm/java-8-oracle/bin/java
00601000-00602000 rw-p 00001000 103:05 399591                            /usr/lib/jvm/java-8-oracle/bin/java
00a35000-00a56000 rw-p 00000000 00:00 0                                  [heap]
5cd200000-6a7180000 rw-p 00000000 00:00 0 
6a7180000-719b80000 ---p 00000000 00:00 0 
719b80000-7c0000000 rw-p 00000000 00:00 0 
7c0000000-7c0180000 rw-p 00000000 00:00 0 
7c0180000-800000000 ---p 00000000 00:00 0 
7f7bfc000000-7f7c022c2000 rw-p 00000000 00:00 0 
7f7c022c2000-7f7c04000000 ---p 00000000 00:00 0 
7f7c04000000-7f7c0c000000 rw-p 00000000 00:00 0 
7f7c0c000000-7f7c14000000 rw-p 00000000 00:00 0 
7f7c14000000-7f7c18000000 rw-p 00000000 00:00 0 
7f7c18fff000-7f7c28000000 rw-p 00000000 00:00 0 
7f7c28000000-7f7c30000000 rw-p 00000000 00:00 0 
7f7c30000000-7f7c38000000 rw-p 00000000 00:00 0 
7f7c38000000-7f7c40000000 rw-p 00000000 00:00 0 
7f7c40000000-7f7c48000000 rw-p 00000000 00:00 0 
7f7c48000000-7f7c50000000 rw-p 00000000 00:00 0 
7f7c50000000-7f7c58000000 rw-p 00000000 00:00 0 
7f7c58000000-7f7c60000000 rw-p 00000000 00:00 0 
7f7c60000000-7f7c68000000 rw-p 00000000 00:00 0 
7f7c68000000-7f7c70000000 rw-p 00000000 00:00 0 
7f7c70000000-7f7c78000000 rw-p 00000000 00:00 0 
7f7c78000000-7f7c7c000000 rw-p 00000000 00:00 0 
7f7c7cfff000-7f7c8c000000 rw-p 00000000 00:00 0 
7f7c8c000000-7f7c94000000 rw-p 00000000 00:00 0 
7f7c94000000-7f7c9c000000 rw-p 00000000 00:00 0 
7f7c9c000000-7f7ca4000000 rw-p 00000000 00:00 0 
7f7ca4000000-7f7cac000000 rw-p 00000000 00:00 0 
7f7cac000000-7f7cb0000000 rw-p 00000000 00:00 0 
7f7cb17f7000-7f7cb3ff8000 rw-p 00000000 00:00 0 
7f7cb3ffe000-7f7cc8000000 rw-p 00000000 00:00 0 
7f7cc8000000-7f7cc8021000 rw-p 00000000 00:00 0 
7f7cc8021000-7f7ccc000000 ---p 00000000 00:00 0 
7f7ccc000000-7f7cd0000000 rw-p 00000000 00:00 0 
7f7cd0000000-7f7cd0021000 rw-p 00000000 00:00 0 
7f7cd0021000-7f7cd4000000 ---p 00000000 00:00 0 
7f7cd4000000-7f7cd4021000 rw-p 00000000 00:00 0 
7f7cd4021000-7f7cd8000000 ---p 00000000 00:00 0 
7f7cd8000000-7f7cd8021000 rw-p 00000000 00:00 0 
7f7cd8021000-7f7cdc000000 ---p 00000000 00:00 0 
7f7cdc000000-7f7cdc021000 rw-p 00000000 00:00 0 
7f7cdc021000-7f7ce0000000 ---p 00000000 00:00 0 
7f7ce0000000-7f7ce0021000 rw-p 00000000 00:00 0 
7f7ce0021000-7f7ce4000000 ---p 00000000 00:00 0 
7f7ce4000000-7f7ce4021000 rw-p 00000000 00:00 0 
7f7ce4021000-7f7ce8000000 ---p 00000000 00:00 0 
7f7ce8000000-7f7ce8021000 rw-p 00000000 00:00 0 
7f7ce8021000-7f7cec000000 ---p 00000000 00:00 0 
7f7cf0000000-7f7cf0021000 rw-p 00000000 00:00 0 
7f7cf0021000-7f7cf4000000 ---p 00000000 00:00 0 
7f7cf8000000-7f7cf8021000 rw-p 00000000 00:00 0 
7f7cf8021000-7f7cfc000000 ---p 00000000 00:00 0 
7f7d00000000-7f7d00021000 rw-p 00000000 00:00 0 
7f7d00021000-7f7d04000000 ---p 00000000 00:00 0 
7f7d044a4000-7f7d044a5000 ---p 00000000 00:00 0 
7f7d044a5000-7f7d04ca5000 rw-p 00000000 00:00 0 
7f7d04ca5000-7f7d04ca6000 ---p 00000000 00:00 0 
7f7d04ca6000-7f7d054a6000 rw-p 00000000 00:00 0 
7f7d08ca9000-7f7d08caa000 ---p 00000000 00:00 0 
7f7d08caa000-7f7d094aa000 rw-p 00000000 00:00 0 
7f7d094aa000-7f7d094ab000 ---p 00000000 00:00 0 
7f7d094ab000-7f7d09cab000 rw-p 00000000 00:00 0 
7f7d0ccad000-7f7d1ad74000 r-xp 00000000 103:05 1975135                   /home/fernandr/Programmes/Fiji.app/lib/linux64/libSimpleITKJava.so
7f7d1ad74000-7f7d1af73000 ---p 0e0c7000 103:05 1975135                   /home/fernandr/Programmes/Fiji.app/lib/linux64/libSimpleITKJava.so
7f7d1af73000-7f7d1bfe1000 rw-p 0e0c6000 103:05 1975135                   /home/fernandr/Programmes/Fiji.app/lib/linux64/libSimpleITKJava.so
7f7d1bfe1000-7f7d1c000000 rw-p 00000000 00:00 0 
7f7d1c000000-7f7d1c021000 rw-p 00000000 00:00 0 
7f7d1c021000-7f7d20000000 ---p 00000000 00:00 0 
7f7d24000000-7f7d24021000 rw-p 00000000 00:00 0 
7f7d24021000-7f7d28000000 ---p 00000000 00:00 0 
7f7d28000000-7f7d28310000 rw-p 00000000 00:00 0 
7f7d28310000-7f7d2c000000 ---p 00000000 00:00 0 
7f7d2c000000-7f7d2c021000 rw-p 00000000 00:00 0 
7f7d2c021000-7f7d30000000 ---p 00000000 00:00 0 
7f7d30000000-7f7d3002d000 rw-p 00000000 00:00 0 
7f7d3002d000-7f7d34000000 ---p 00000000 00:00 0 
7f7d34000000-7f7d34021000 rw-p 00000000 00:00 0 
7f7d34021000-7f7d38000000 ---p 00000000 00:00 0 
7f7d38000000-7f7d38021000 rw-p 00000000 00:00 0 
7f7d38021000-7f7d3c000000 ---p 00000000 00:00 0 
7f7d3c000000-7f7d3c424000 rw-p 00000000 00:00 0 
7f7d3c424000-7f7d40000000 ---p 00000000 00:00 0 
7f7d40000000-7f7d40ed9000 rw-p 00000000 00:00 0 
7f7d40ed9000-7f7d44000000 ---p 00000000 00:00 0 
7f7d44000000-7f7d44511000 rw-p 00000000 00:00 0 
7f7d44511000-7f7d48000000 ---p 00000000 00:00 0 
7f7d48000000-7f7d48600000 rw-p 00000000 00:00 0 
7f7d48600000-7f7d4c000000 ---p 00000000 00:00 0 
7f7d4c000000-7f7d4d298000 rw-p 00000000 00:00 0 
7f7d4d298000-7f7d50000000 ---p 00000000 00:00 0 
7f7d50000000-7f7d50021000 rw-p 00000000 00:00 0 
7f7d50021000-7f7d54000000 ---p 00000000 00:00 0 
7f7d54000000-7f7d54021000 rw-p 00000000 00:00 0 
7f7d54021000-7f7d58000000 ---p 00000000 00:00 0 
7f7d58690000-7f7d68000000 rw-p 00000000 00:00 0 
7f7d68000000-7f7d68021000 rw-p 00000000 00:00 0 
7f7d68021000-7f7d6c000000 ---p 00000000 00:00 0 
7f7d6c000000-7f7d6d842000 rw-p 00000000 00:00 0 
7f7d6d842000-7f7d70000000 ---p 00000000 00:00 0 
7f7d70000000-7f7d70021000 rw-p 00000000 00:00 0 
7f7d70021000-7f7d74000000 ---p 00000000 00:00 0 
7f7d74557000-7f7d74717000 rw-p 00000000 00:00 0 
7f7d74717000-7f7d74757000 ---p 00000000 00:00 0 
7f7d74757000-7f7d74781000 r-xp 00000000 103:05 1319030                   /usr/lib/jvm/java-8-oracle/jre/lib/amd64/libdcpr.so
7f7d74781000-7f7d74980000 ---p 0002a000 103:05 1319030                   /usr/lib/jvm/java-8-oracle/jre/lib/amd64/libdcpr.so
7f7d74980000-7f7d74981000 r--p 00029000 103:05 1319030                   /usr/lib/jvm/java-8-oracle/jre/lib/amd64/libdcpr.so
7f7d74981000-7f7d74984000 rw-p 0002a000 103:05 1319030                   /usr/lib/jvm/java-8-oracle/jre/lib/amd64/libdcpr.so
7f7d74984000-7f7d7498f000 r--s 00000000 103:05 2754318                   /var/cache/fontconfig/945677eb7aeaf62f1d50efc3fb3ec7d8-le64.cache-7
7f7d7498f000-7f7d74994000 r--s 00000000 103:05 2754289                   /var/cache/fontconfig/2300eef321c393bfd76478a5c0e95b23-le64.cache-7
7f7d74994000-7f7d74995000 r--s 00000000 103:05 2754282                   /var/cache/fontconfig/0d8c3b2ac0904cb8a57a757ad11a4a08-le64.cache-7
7f7d74995000-7f7d74999000 r--s 00000000 103:05 2758608                   /var/cache/fontconfig/6d41288fd70b0be22e8c3a91e032eec0-le64.cache-7
7f7d74999000-7f7d749ae000 r--s 00000000 103:05 2754278                   /var/cache/fontconfig/04aabc0a78ac019cf9454389977116d2-le64.cache-7
7f7d749ae000-7f7d749af000 r--s 00000000 103:05 2754286                   /var/cache/fontconfig/1ac9eb803944fde146138c791f5cc56a-le64.cache-7
7f7d749af000-7f7d749b0000 r--s 00000000 103:05 2754337                   /var/cache/fontconfig/dc05db6664285cc2f12bf69c139ae4c3-le64.cache-7
7f7d749b0000-7f7d749b2000 r--s 00000000 103:05 2754283                   /var/cache/fontconfig/14a5e22175779b556eaa434240950366-le64.cache-7
7f7d749b2000-7f7d749b3000 r--s 00000000 103:05 2754310                   /var/cache/fontconfig/660208299946a285a940457d1287da33-le64.cache-7
7f7d749b3000-7f7d749b5000 r--s 00000000 103:05 2754301                   /var/cache/fontconfig/4f3e3037c9980c83b53a9351efadef62-le64.cache-7
7f7d749b5000-7f7d749b7000 r--s 00000000 103:05 2754315                   /var/cache/fontconfig/767a8244fc0220cfb567a839d0392e0b-le64.cache-7
7f7d749b7000-7f7d749b8000 r--s 00000000 103:05 2755050                   /var/cache/fontconfig/4794a0821666d79190d59a36cb4f44b5-le64.cache-7
7f7d749b8000-7f7d749ba000 r--s 00000000 103:05 2759434                   /var/cache/fontconfig/0bd3dc0958fa2205aaaa8ebb13e2872b-le64.cache-7
7f7d749ba000-7f7d749bf000 r--s 00000000 103:05 2754338                   /var/cache/fontconfig/def309198bfa603429122923fa2bb2d4-le64.cache-7
7f7d749bf000-7f7d749c0000 r--s 00000000 103:05 2754326                   /var/cache/fontconfig/b872e6e592da6075ffa4ab0a1fcc0c75-le64.cache-7
7f7d749c0000-7f7d749c1000 r--s 00000000 103:05 2754343                   /var/cache/fontconfig/f6d4eedfaab2589bde49f7a3ff831d22-le64.cache-7
7f7d749c1000-7f7d749c2000 r--s 00000000 103:05 2754308                   /var/cache/fontconfig/589f83ef4c36d296ce6e1c846f468f08-le64.cache-7
7f7d749c2000-7f7d749c3000 r--s 00000000 103:05 2754328                   /var/cache/fontconfig/bab58bb527bb656aaa9f116d68a48d89-le64.cache-7
7f7d749c3000-7f7d749c4000 r--s 00000000 103:05 2754287                   /var/cache/fontconfig/2171a34dccabdb6bcbbc728186263178-le64.cache-7
7f7d749c4000-7f7d749c5000 r--s 00000000 103:05 2754329                   /var/cache/fontconfig/c5c45a61289222e0d30b1a26ef4effbe-le64.cache-7
7f7d749c5000-7f7d749c6000 r--s 00000000 103:05 2754324                   /var/cache/fontconfig/aec30016f93e1b46d1a973dce0d74068-le64.cache-7
7f7d749c6000-7f7d749c7000 r--s 00000000 103:05 2754294                   /var/cache/fontconfig/3f589640d34b7dc9042c8d453f7c8b9c-le64.cache-7
7f7d749c7000-7f7d749c8000 r--s 00000000 103:05 2754284                   /var/cache/fontconfig/16c2fda60d1b4b719f4b3d06fd951d25-le64.cache-7
7f7d749c8000-7f7d749c9000 r--s 00000000 103:05 2754323                   /var/cache/fontconfig/a48eab177a16e4f3713381162db2f3e9-le64.cache-7
7f7d749c9000-7f7d749ca000 r--s 00000000 103:05 2754304                   /var/cache/fontconfig/564b2e68ac9bc4e36a6f7f6d6125ec1c-le64.cache-7
7f7d749ca000-7f7d749cf000 r--s 00000000 103:05 2754981                   /var/cache/fontconfig/9d2451b1fd30e5bffe8383fd27c35478-le64.cache-7
7f7d749cf000-7f7d749d5000 r--s 00000000 103:05 2759433                   /var/cache/fontconfig/3047814df9a2f067bd2d96a2b9c36e5a-le64.cache-7
7f7d749d5000-7f7d749dd000 r--s 00000000 103:05 2753774                   /var/cache/fontconfig/bf3b770c553c462765856025a94f1ce6-le64.cache-7
7f7d749dd000-7f7d749de000 r--s 00000000 103:05 2754305                   /var/cache/fontconfig/56cf4f4769d0f4abc89a4895d7bd3ae1-le64.cache-7
7f7d749de000-7f7d749df000 r--s 00000000 103:05 2754327                   /var/cache/fontconfig/b9d506c9ac06c20b433354fa67a72993-le64.cache-7
7f7d749df000-7f7d749e5000 r--s 00000000 103:05 2754325                   /var/cache/fontconfig/b47c4e1ecd0709278f4910c18777a504-le64.cache-7
7f7d749e5000-7f7d749f8000 r--s 00000000 103:05 2754334                   /var/cache/fontconfig/d52a8644073d54c13679302ca1180695-le64.cache-7
7f7d74bd4000-7f7d74dd4000 rw-p 00000000 00:00 0 
7f7d74dd5000-7f7d74ed5000 rw-s 00000000 00:05 6193179                    /SYSV00000000 (deleted)
7f7d74ed5000-7f7d74f41000 r-xp 00000000 103:05 1319045                   /usr/lib/jvm/java-8-oracle/jre/lib/amd64/libt2k.so
7f7d74f41000-7f7d75141000 ---p 0006c000 103:05 1319045                   /usr/lib/jvm/java-8-oracle/jre/lib/amd64/libt2k.so
7f7d75141000-7f7d75147000 r--p 0006c000 103:05 1319045                   /usr/lib/jvm/java-8-oracle/jre/lib/amd64/libt2k.so
7f7d75147000-7f7d75148000 rw-p 00072000 103:05 1319045                   /usr/lib/jvm/java-8-oracle/jre/lib/amd64/libt2k.so
7f7d75148000-7f7d75159000 r-xp 00000000 103:05 1319086                   /usr/lib/jvm/java-8-oracle/jre/lib/amd64/libnio.so
7f7d75159000-7f7d75358000 ---p 00011000 103:05 1319086                   /usr/lib/jvm/java-8-oracle/jre/lib/amd64/libnio.so
7f7d75358000-7f7d75359000 r--p 00010000 103:05 1319086                   /usr/lib/jvm/java-8-oracle/jre/lib/amd64/libnio.so
7f7d75359000-7f7d7535a000 rw-p 00011000 103:05 1319086                   /usr/lib/jvm/java-8-oracle/jre/lib/amd64/libnio.so
7f7d7535a000-7f7d75370000 r-xp 00000000 103:05 1319083                   /usr/lib/jvm/java-8-oracle/jre/lib/amd64/libnet.so
7f7d75370000-7f7d75570000 ---p 00016000 103:05 1319083                   /usr/lib/jvm/java-8-oracle/jre/lib/amd64/libnet.so
7f7d75570000-7f7d75571000 r--p 00016000 103:05 1319083                   /usr/lib/jvm/java-8-oracle/jre/lib/amd64/libnet.so
7f7d75571000-7f7d75572000 rw-p 00017000 103:05 1319083                   /usr/lib/jvm/java-8-oracle/jre/lib/amd64/libnet.so
7f7d75572000-7f7d75575000 ---p 00000000 00:00 0 
7f7d75575000-7f7d75673000 rw-p 00000000 00:00 0 
7f7d75673000-7f7d75676000 ---p 00000000 00:00 0 
7f7d75676000-7f7d75974000 rw-p 00000000 00:00 0 
7f7d75974000-7f7d75977000 ---p 00000000 00:00 0 
7f7d75977000-7f7d75a75000 rw-p 00000000 00:00 0 
7f7d75a75000-7f7d75a7a000 r-xp 00000000 103:05 401423                    /usr/lib/x86_64-linux-gnu/libXfixes.so.3.1.0
7f7d75a7a000-7f7d75c79000 ---p 00005000 103:05 401423                    /usr/lib/x86_64-linux-gnu/libXfixes.so.3.1.0
7f7d75c79000-7f7d75c7a000 r--p 00004000 103:05 401423                    /usr/lib/x86_64-linux-gnu/libXfixes.so.3.1.0
7f7d75c7a000-7f7d75c7b000 rw-p 00005000 103:05 401423                    /usr/lib/x86_64-linux-gnu/libXfixes.so.3.1.0
7f7d75c7b000-7f7d75c84000 r-xp 00000000 103:05 401415                    /usr/lib/x86_64-linux-gnu/libXcursor.so.1.0.2
7f7d75c84000-7f7d75e83000 ---p 00009000 103:05 401415                    /usr/lib/x86_64-linux-gnu/libXcursor.so.1.0.2
7f7d75e83000-7f7d75e84000 r--p 00008000 103:05 401415                    /usr/lib/x86_64-linux-gnu/libXcursor.so.1.0.2
7f7d75e84000-7f7d75e85000 rw-p 00009000 103:05 401415                    /usr/lib/x86_64-linux-gnu/libXcursor.so.1.0.2
7f7d75e85000-7f7d75e88000 ---p 00000000 00:00 0 
7f7d75e88000-7f7d75f86000 rw-p 00000000 00:00 0 
7f7d75f86000-7f7d75f9d000 r-xp 00000000 103:05 3801177                   /lib/x86_64-linux-gnu/libgcc_s.so.1
7f7d75f9d000-7f7d7619c000 ---p 00017000 103:05 3801177                   /lib/x86_64-linux-gnu/libgcc_s.so.1
7f7d7619c000-7f7d7619d000 r--p 00016000 103:05 3801177                   /lib/x86_64-linux-gnu/libgcc_s.so.1
7f7d7619d000-7f7d7619e000 rw-p 00017000 103:05 3801177                   /lib/x86_64-linux-gnu/libgcc_s.so.1
7f7d7619e000-7f7d7619f000 r--s 00000000 103:05 2754292                   /var/cache/fontconfig/370e5b74bf5dafc30834de68e24a87a4-le64.cache-7
7f7d7619f000-7f7d761a0000 r--s 00000000 103:05 2754313                   /var/cache/fontconfig/6b2c5944714ca7831b25bed9e85cb5c8-le64.cache-7
7f7d761a0000-7f7d761a3000 r--s 00000000 103:05 2754342                   /var/cache/fontconfig/f259c2cffa685e28062317905db73c4a-le64.cache-7
7f7d761a3000-7f7d761a5000 r--s 00000000 103:05 2754302                   /var/cache/fontconfig/550f3886151c940c12a5ed35f6a00586-le64.cache-7
7f7d761a5000-7f7d761a8000 r--s 00000000 103:05 2754311                   /var/cache/fontconfig/674d1711f2d1d2a09646eb0bdcadee49-le64.cache-7
7f7d761a8000-7f7d761b6000 r--s 00000000 103:05 2754320                   /var/cache/fontconfig/9b89f8e3dae116d678bbf48e5f21f69b-le64.cache-7
7f7d761b6000-7f7d761c4000 r--s 00000000 103:05 2764616                   /var/cache/fontconfig/e13b20fdb08344e0e664864cc2ede53d-le64.cache-7
7f7d761c4000-7f7d76221000 r-xp 00000000 103:05 1319057                   /usr/lib/jvm/java-8-oracle/jre/lib/amd64/libfontmanager.so
7f7d76221000-7f7d76421000 ---p 0005d000 103:05 1319057                   /usr/lib/jvm/java-8-oracle/jre/lib/amd64/libfontmanager.so
7f7d76421000-7f7d76424000 r--p 0005d000 103:05 1319057                   /usr/lib/jvm/java-8-oracle/jre/lib/amd64/libfontmanager.so
7f7d76424000-7f7d76425000 rw-p 00060000 103:05 1319057                   /usr/lib/jvm/java-8-oracle/jre/lib/amd64/libfontmanager.so
7f7d76425000-7f7d76438000 r-xp 00000000 103:05 3806054                   /lib/x86_64-linux-gnu/libbsd.so.0.8.7
7f7d76438000-7f7d76637000 ---p 00013000 103:05 3806054                   /lib/x86_64-linux-gnu/libbsd.so.0.8.7
7f7d76637000-7f7d76638000 r--p 00012000 103:05 3806054                   /lib/x86_64-linux-gnu/libbsd.so.0.8.7
7f7d76638000-7f7d76639000 rw-p 00013000 103:05 3806054                   /lib/x86_64-linux-gnu/libbsd.so.0.8.7
7f7d76639000-7f7d7663a000 rw-p 00000000 00:00 0 
7f7d7663a000-7f7d7663f000 r-xp 00000000 103:05 401419                    /usr/lib/x86_64-linux-gnu/libXdmcp.so.6.0.0
7f7d7663f000-7f7d7683e000 ---p 00005000 103:05 401419                    /usr/lib/x86_64-linux-gnu/libXdmcp.so.6.0.0
7f7d7683e000-7f7d7683f000 r--p 00004000 103:05 401419                    /usr/lib/x86_64-linux-gnu/libXdmcp.so.6.0.0
7f7d7683f000-7f7d76840000 rw-p 00005000 103:05 401419                    /usr/lib/x86_64-linux-gnu/libXdmcp.so.6.0.0
7f7d76840000-7f7d76842000 r-xp 00000000 103:05 401408                    /usr/lib/x86_64-linux-gnu/libXau.so.6.0.0
7f7d76842000-7f7d76a42000 ---p 00002000 103:05 401408                    /usr/lib/x86_64-linux-gnu/libXau.so.6.0.0
7f7d76a42000-7f7d76a43000 r--p 00002000 103:05 401408                    /usr/lib/x86_64-linux-gnu/libXau.so.6.0.0
7f7d76a43000-7f7d76a44000 rw-p 00003000 103:05 401408                    /usr/lib/x86_64-linux-gnu/libXau.so.6.0.0
7f7d76a44000-7f7d76a6a000 r-xp 00000000 103:05 396084                    /usr/lib/x86_64-linux-gnu/libxcb.so.1.1.0
7f7d76a6a000-7f7d76c6a000 ---p 00026000 103:05 396084                    /usr/lib/x86_64-linux-gnu/libxcb.so.1.1.0
7f7d76c6a000-7f7d76c6b000 r--p 00026000 103:05 396084                    /usr/lib/x86_64-linux-gnu/libxcb.so.1.1.0
7f7d76c6b000-7f7d76c6c000 rw-p 00027000 103:05 396084                    /usr/lib/x86_64-linux-gnu/libxcb.so.1.1.0
7f7d76c6c000-7f7d76c7b000 r-xp 00000000 103:05 401429                    /usr/lib/x86_64-linux-gnu/libXi.so.6.1.0
7f7d76c7b000-7f7d76e7a000 ---p 0000f000 103:05 401429                    /usr/lib/x86_64-linux-gnu/libXi.so.6.1.0
7f7d76e7a000-7f7d76e7b000 r--p 0000e000 103:05 401429                    /usr/lib/x86_64-linux-gnu/libXi.so.6.1.0
7f7d76e7b000-7f7d76e7c000 rw-p 0000f000 103:05 401429                    /usr/lib/x86_64-linux-gnu/libXi.so.6.1.0
7f7d76e7c000-7f7d76e81000 r-xp 00000000 103:05 401447                    /usr/lib/x86_64-linux-gnu/libXtst.so.6.1.0
7f7d76e81000-7f7d77080000 ---p 00005000 103:05 401447                    /usr/lib/x86_64-linux-gnu/libXtst.so.6.1.0
7f7d77080000-7f7d77081000 r--p 00004000 103:05 401447                    /usr/lib/x86_64-linux-gnu/libXtst.so.6.1.0
7f7d77081000-7f7d77082000 rw-p 00005000 103:05 401447                    /usr/lib/x86_64-linux-gnu/libXtst.so.6.1.0
7f7d77082000-7f7d7708b000 r-xp 00000000 103:05 401441                    /usr/lib/x86_64-linux-gnu/libXrender.so.1.3.0
7f7d7708b000-7f7d7728a000 ---p 00009000 103:05 401441                    /usr/lib/x86_64-linux-gnu/libXrender.so.1.3.0
7f7d7728a000-7f7d7728b000 r--p 00008000 103:05 401441                    /usr/lib/x86_64-linux-gnu/libXrender.so.1.3.0
7f7d7728b000-7f7d7728c000 rw-p 00009000 103:05 401441                    /usr/lib/x86_64-linux-gnu/libXrender.so.1.3.0
7f7d7728c000-7f7d773bf000 r-xp 00000000 103:05 400060                    /usr/lib/x86_64-linux-gnu/libX11.so.6.3.0
7f7d773bf000-7f7d775bf000 ---p 00133000 103:05 400060                    /usr/lib/x86_64-linux-gnu/libX11.so.6.3.0
7f7d775bf000-7f7d775c0000 r--p 00133000 103:05 400060                    /usr/lib/x86_64-linux-gnu/libX11.so.6.3.0
7f7d775c0000-7f7d775c4000 rw-p 00134000 103:05 400060                    /usr/lib/x86_64-linux-gnu/libX11.so.6.3.0
7f7d775c4000-7f7d775d5000 r-xp 00000000 103:05 401421                    /usr/lib/x86_64-linux-gnu/libXext.so.6.4.0
7f7d775d5000-7f7d777d4000 ---p 00011000 103:05 401421                    /usr/lib/x86_64-linux-gnu/libXext.so.6.4.0
7f7d777d4000-7f7d777d5000 r--p 00010000 103:05 401421                    /usr/lib/x86_64-linux-gnu/libXext.so.6.4.0
7f7d777d5000-7f7d777d6000 rw-p 00011000 103:05 401421                    /usr/lib/x86_64-linux-gnu/libXext.so.6.4.0
7f7d777d6000-7f7d77829000 r-xp 00000000 103:05 1319090                   /usr/lib/jvm/java-8-oracle/jre/lib/amd64/libawt_xawt.so
7f7d77829000-7f7d77a28000 ---p 00053000 103:05 1319090                   /usr/lib/jvm/java-8-oracle/jre/lib/amd64/libawt_xawt.so
7f7d77a28000-7f7d77a29000 r--p 00052000 103:05 1319090                   /usr/lib/jvm/java-8-oracle/jre/lib/amd64/libawt_xawt.so
7f7d77a29000-7f7d77a2c000 rw-p 00053000 103:05 1319090                   /usr/lib/jvm/java-8-oracle/jre/lib/amd64/libawt_xawt.so
7f7d77a2c000-7f7d77a2d000 rw-p 00000000 00:00 0 
7f7d77a2d000-7f7d77acd000 r-xp 00000000 103:05 1319075                   /usr/lib/jvm/java-8-oracle/jre/lib/amd64/libawt.so
7f7d77acd000-7f7d77ccc000 ---p 000a0000 103:05 1319075                   /usr/lib/jvm/java-8-oracle/jre/lib/amd64/libawt.so
7f7d77ccc000-7f7d77ccd000 r--p 0009f000 103:05 1319075                   /usr/lib/jvm/java-8-oracle/jre/lib/amd64/libawt.so
7f7d77ccd000-7f7d77cd8000 rw-p 000a0000 103:05 1319075                   /usr/lib/jvm/java-8-oracle/jre/lib/amd64/libawt.so
7f7d77cd8000-7f7d77cfd000 rw-p 00000000 00:00 0 
7f7d77cfd000-7f7d77cfe000 ---p 00000000 00:00 0 
7f7d77cfe000-7f7d77dfe000 rw-p 00000000 00:00 0 
7f7d77dfe000-7f7d77e01000 ---p 00000000 00:00 0 
7f7d77e01000-7f7d77eff000 rw-p 00000000 00:00 0 
7f7d77eff000-7f7d77f00000 ---p 00000000 00:00 0 
7f7d77f00000-7f7d77f03000 ---p 00000000 00:00 0 
7f7d77f03000-7f7d78000000 rw-p 00000000 00:00 0 
7f7d78000000-7f7d78021000 rw-p 00000000 00:00 0 
7f7d78021000-7f7d7c000000 ---p 00000000 00:00 0 
7f7d7c000000-7f7d7c001000 r--s 00000000 103:05 2754333                   /var/cache/fontconfig/d5178ab6d91b49bf20a416737dcea9e8-le64.cache-7
7f7d7c001000-7f7d7c005000 r--s 00000000 103:05 2754335                   /var/cache/fontconfig/d589a48862398ed80a3d6066f4f56f4c-le64.cache-7
7f7d7c005000-7f7d7c02b000 r--p 00000000 103:05 1182632                   /usr/share/locale-langpack/fr/LC_MESSAGES/libc.mo
7f7d7c02b000-7f7d7c02c000 ---p 00000000 00:00 0 
7f7d7c02c000-7f7d7c02f000 ---p 00000000 00:00 0 
7f7d7c02f000-7f7d7c12c000 rw-p 00000000 00:00 0 
7f7d7c12c000-7f7d7c12d000 ---p 00000000 00:00 0 
7f7d7c12d000-7f7d7c130000 ---p 00000000 00:00 0 
7f7d7c130000-7f7d7c22d000 rw-p 00000000 00:00 0 
7f7d7c22d000-7f7d7c22e000 ---p 00000000 00:00 0 
7f7d7c22e000-7f7d7c231000 ---p 00000000 00:00 0 
7f7d7c231000-7f7d7c32e000 rw-p 00000000 00:00 0 
7f7d7c32e000-7f7d7c331000 ---p 00000000 00:00 0 
7f7d7c331000-7f7d7c42f000 rw-p 00000000 00:00 0 
7f7d7c42f000-7f7d7cdfe000 r--p 00000000 103:05 400112                    /usr/lib/locale/locale-archive
7f7d7cdfe000-7f7d7ce01000 ---p 00000000 00:00 0 
7f7d7ce01000-7f7d7ceff000 rw-p 00000000 00:00 0 
7f7d7ceff000-7f7d7cf02000 ---p 00000000 00:00 0 
7f7d7cf02000-7f7d7d000000 rw-p 00000000 00:00 0 
7f7d7d000000-7f7d7d001000 ---p 00000000 00:00 0 
7f7d7d001000-7f7d80000000 rw-p 00000000 00:00 0 
7f7d80000000-7f7d80021000 rw-p 00000000 00:00 0 
7f7d80021000-7f7d84000000 ---p 00000000 00:00 0 
7f7d84000000-7f7d84084000 rw-p 00000000 00:00 0 
7f7d84084000-7f7d88000000 ---p 00000000 00:00 0 
7f7d88000000-7f7d88021000 rw-p 00000000 00:00 0 
7f7d88021000-7f7d8c000000 ---p 00000000 00:00 0 
7f7d8c000000-7f7d8c051000 rw-p 00000000 00:00 0 
7f7d8c051000-7f7d90000000 ---p 00000000 00:00 0 
7f7d90000000-7f7d9007e000 rw-p 00000000 00:00 0 
7f7d9007e000-7f7d94000000 ---p 00000000 00:00 0 
7f7d94000000-7f7d94021000 rw-p 00000000 00:00 0 
7f7d94021000-7f7d98000000 ---p 00000000 00:00 0 
7f7d98000000-7f7d98021000 rw-p 00000000 00:00 0 
7f7d98021000-7f7d9c000000 ---p 00000000 00:00 0 
7f7d9c000000-7f7d9c001000 r--s 00000000 103:05 2754303                   /var/cache/fontconfig/551ecf3b0e8b0bca0f25c0944f561853-le64.cache-7
7f7d9c001000-7f7d9c353000 rw-p 00000000 00:00 0 
7f7d9c353000-7f7d9c52d000 r--s 03d6f000 103:05 1319016                   /usr/lib/jvm/java-8-oracle/jre/lib/rt.jar
7f7d9c52d000-7f7d9cdfe000 rw-p 00000000 00:00 0 
7f7d9cdfe000-7f7d9cdff000 ---p 00000000 00:00 0 
7f7d9cdff000-7f7d9ceff000 rw-p 00000000 00:00 0 
7f7d9ceff000-7f7d9cf00000 ---p 00000000 00:00 0 
7f7d9cf00000-7f7d9d000000 rw-p 00000000 00:00 0 
7f7d9d000000-7f7d9d810000 rwxp 00000000 00:00 0 
7f7d9d810000-7f7dac000000 ---p 00000000 00:00 0 
7f7dac000000-7f7db0000000 rw-p 00000000 00:00 0 
7f7db0000000-7f7db0001000 r--s 00000000 103:05 2754295                   /var/cache/fontconfig/3f7329c5293ffd510edef78f73874cfd-le64.cache-7
7f7db0001000-7f7db0022000 rw-p 00000000 00:00 0 
7f7db0022000-7f7db0023000 ---p 00000000 00:00 0 
7f7db0023000-7f7db0123000 rw-p 00000000 00:00 0 
7f7db0123000-7f7db0124000 ---p 00000000 00:00 0 
7f7db0124000-7f7db0224000 rw-p 00000000 00:00 0 
7f7db0224000-7f7db0225000 ---p 00000000 00:00 0 
7f7db0225000-7f7db0325000 rw-p 00000000 00:00 0 
7f7db0325000-7f7db0326000 ---p 00000000 00:00 0 
7f7db0326000-7f7db0426000 rw-p 00000000 00:00 0 
7f7db0426000-7f7db0427000 ---p 00000000 00:00 0 
7f7db0427000-7f7db0527000 rw-p 00000000 00:00 0 
7f7db0527000-7f7db0528000 ---p 00000000 00:00 0 
7f7db0528000-7f7db0628000 rw-p 00000000 00:00 0 
7f7db0628000-7f7db0629000 ---p 00000000 00:00 0 
7f7db0629000-7f7db0729000 rw-p 00000000 00:00 0 
7f7db0729000-7f7db072a000 ---p 00000000 00:00 0 
7f7db072a000-7f7db0efa000 rw-p 00000000 00:00 0 
7f7db0efa000-7f7db128f000 ---p 00000000 00:00 0 
7f7db128f000-7f7db195f000 rw-p 00000000 00:00 0 
7f7db195f000-7f7db1cf3000 ---p 00000000 00:00 0 
7f7db1cf3000-7f7db2226000 rw-p 00000000 00:00 0 
7f7db2226000-7f7db2248000 rw-p 00000000 00:00 0 
7f7db2248000-7f7db25e7000 ---p 00000000 00:00 0 
7f7db25e7000-7f7db2602000 r-xp 00000000 103:05 1319079                   /usr/lib/jvm/java-8-oracle/jre/lib/amd64/libzip.so
7f7db2602000-7f7db2801000 ---p 0001b000 103:05 1319079                   /usr/lib/jvm/java-8-oracle/jre/lib/amd64/libzip.so
7f7db2801000-7f7db2802000 r--p 0001a000 103:05 1319079                   /usr/lib/jvm/java-8-oracle/jre/lib/amd64/libzip.so
7f7db2802000-7f7db2803000 rw-p 0001b000 103:05 1319079                   /usr/lib/jvm/java-8-oracle/jre/lib/amd64/libzip.so
7f7db2803000-7f7db280e000 r-xp 00000000 103:05 3806148                   /lib/x86_64-linux-gnu/libnss_files-2.27.so
7f7db280e000-7f7db2a0d000 ---p 0000b000 103:05 3806148                   /lib/x86_64-linux-gnu/libnss_files-2.27.so
7f7db2a0d000-7f7db2a0e000 r--p 0000a000 103:05 3806148                   /lib/x86_64-linux-gnu/libnss_files-2.27.so
7f7db2a0e000-7f7db2a0f000 rw-p 0000b000 103:05 3806148                   /lib/x86_64-linux-gnu/libnss_files-2.27.so
7f7db2a0f000-7f7db2a15000 rw-p 00000000 00:00 0 
7f7db2a15000-7f7db2a2c000 r-xp 00000000 103:05 3806142                   /lib/x86_64-linux-gnu/libnsl-2.27.so
7f7db2a2c000-7f7db2c2b000 ---p 00017000 103:05 3806142                   /lib/x86_64-linux-gnu/libnsl-2.27.so
7f7db2c2b000-7f7db2c2c000 r--p 00016000 103:05 3806142                   /lib/x86_64-linux-gnu/libnsl-2.27.so
7f7db2c2c000-7f7db2c2d000 rw-p 00017000 103:05 3806142                   /lib/x86_64-linux-gnu/libnsl-2.27.so
7f7db2c2d000-7f7db2c2f000 rw-p 00000000 00:00 0 
7f7db2c2f000-7f7db2c3a000 r-xp 00000000 103:05 3806159                   /lib/x86_64-linux-gnu/libnss_nis-2.27.so
7f7db2c3a000-7f7db2e39000 ---p 0000b000 103:05 3806159                   /lib/x86_64-linux-gnu/libnss_nis-2.27.so
7f7db2e39000-7f7db2e3a000 r--p 0000a000 103:05 3806159                   /lib/x86_64-linux-gnu/libnss_nis-2.27.so
7f7db2e3a000-7f7db2e3b000 rw-p 0000b000 103:05 3806159                   /lib/x86_64-linux-gnu/libnss_nis-2.27.so
7f7db2e3b000-7f7db2e43000 r-xp 00000000 103:05 3806144                   /lib/x86_64-linux-gnu/libnss_compat-2.27.so
7f7db2e43000-7f7db3043000 ---p 00008000 103:05 3806144                   /lib/x86_64-linux-gnu/libnss_compat-2.27.so
7f7db3043000-7f7db3044000 r--p 00008000 103:05 3806144                   /lib/x86_64-linux-gnu/libnss_compat-2.27.so
7f7db3044000-7f7db3045000 rw-p 00009000 103:05 3806144                   /lib/x86_64-linux-gnu/libnss_compat-2.27.so
7f7db3045000-7f7db3071000 r-xp 00000000 103:05 1319071                   /usr/lib/jvm/java-8-oracle/jre/lib/amd64/libjava.so
7f7db3071000-7f7db3271000 ---p 0002c000 103:05 1319071                   /usr/lib/jvm/java-8-oracle/jre/lib/amd64/libjava.so
7f7db3271000-7f7db3272000 r--p 0002c000 103:05 1319071                   /usr/lib/jvm/java-8-oracle/jre/lib/amd64/libjava.so
7f7db3272000-7f7db3274000 rw-p 0002d000 103:05 1319071                   /usr/lib/jvm/java-8-oracle/jre/lib/amd64/libjava.so
7f7db3274000-7f7db3281000 r-xp 00000000 103:05 1319077                   /usr/lib/jvm/java-8-oracle/jre/lib/amd64/libverify.so
7f7db3281000-7f7db3480000 ---p 0000d000 103:05 1319077                   /usr/lib/jvm/java-8-oracle/jre/lib/amd64/libverify.so
7f7db3480000-7f7db3482000 r--p 0000c000 103:05 1319077                   /usr/lib/jvm/java-8-oracle/jre/lib/amd64/libverify.so
7f7db3482000-7f7db3483000 rw-p 0000e000 103:05 1319077                   /usr/lib/jvm/java-8-oracle/jre/lib/amd64/libverify.so
7f7db3483000-7f7db348a000 r-xp 00000000 103:05 3806199                   /lib/x86_64-linux-gnu/librt-2.27.so
7f7db348a000-7f7db3689000 ---p 00007000 103:05 3806199                   /lib/x86_64-linux-gnu/librt-2.27.so
7f7db3689000-7f7db368a000 r--p 00006000 103:05 3806199                   /lib/x86_64-linux-gnu/librt-2.27.so
7f7db368a000-7f7db368b000 rw-p 00007000 103:05 3806199                   /lib/x86_64-linux-gnu/librt-2.27.so
7f7db368b000-7f7db3828000 r-xp 00000000 103:05 3806121                   /lib/x86_64-linux-gnu/libm-2.27.so
7f7db3828000-7f7db3a27000 ---p 0019d000 103:05 3806121                   /lib/x86_64-linux-gnu/libm-2.27.so
7f7db3a27000-7f7db3a28000 r--p 0019c000 103:05 3806121                   /lib/x86_64-linux-gnu/libm-2.27.so
7f7db3a28000-7f7db3a29000 rw-p 0019d000 103:05 3806121                   /lib/x86_64-linux-gnu/libm-2.27.so
7f7db3a29000-7f7db4711000 r-xp 00000000 103:05 1581920                   /usr/lib/jvm/java-8-oracle/jre/lib/amd64/server/libjvm.so
7f7db4711000-7f7db4910000 ---p 00ce8000 103:05 1581920                   /usr/lib/jvm/java-8-oracle/jre/lib/amd64/server/libjvm.so
7f7db4910000-7f7db49a6000 r--p 00ce7000 103:05 1581920                   /usr/lib/jvm/java-8-oracle/jre/lib/amd64/server/libjvm.so
7f7db49a6000-7f7db49d7000 rw-p 00d7d000 103:05 1581920                   /usr/lib/jvm/java-8-oracle/jre/lib/amd64/server/libjvm.so
7f7db49d7000-7f7db4a12000 rw-p 00000000 00:00 0 
7f7db4a12000-7f7db4bf9000 r-xp 00000000 103:05 3806058                   /lib/x86_64-linux-gnu/libc-2.27.so
7f7db4bf9000-7f7db4df9000 ---p 001e7000 103:05 3806058                   /lib/x86_64-linux-gnu/libc-2.27.so
7f7db4df9000-7f7db4dfd000 r--p 001e7000 103:05 3806058                   /lib/x86_64-linux-gnu/libc-2.27.so
7f7db4dfd000-7f7db4dff000 rw-p 001eb000 103:05 3806058                   /lib/x86_64-linux-gnu/libc-2.27.so
7f7db4dff000-7f7db4e03000 rw-p 00000000 00:00 0 
7f7db4e03000-7f7db4e06000 r-xp 00000000 103:05 3806081                   /lib/x86_64-linux-gnu/libdl-2.27.so
7f7db4e06000-7f7db5005000 ---p 00003000 103:05 3806081                   /lib/x86_64-linux-gnu/libdl-2.27.so
7f7db5005000-7f7db5006000 r--p 00002000 103:05 3806081                   /lib/x86_64-linux-gnu/libdl-2.27.so
7f7db5006000-7f7db5007000 rw-p 00003000 103:05 3806081                   /lib/x86_64-linux-gnu/libdl-2.27.so
7f7db5007000-7f7db501e000 r-xp 00000000 103:05 409197                    /usr/lib/jvm/java-8-oracle/lib/amd64/jli/libjli.so
7f7db501e000-7f7db521d000 ---p 00017000 103:05 409197                    /usr/lib/jvm/java-8-oracle/lib/amd64/jli/libjli.so
7f7db521d000-7f7db521e000 r--p 00016000 103:05 409197                    /usr/lib/jvm/java-8-oracle/lib/amd64/jli/libjli.so
7f7db521e000-7f7db521f000 rw-p 00017000 103:05 409197                    /usr/lib/jvm/java-8-oracle/lib/amd64/jli/libjli.so
7f7db521f000-7f7db5239000 r-xp 00000000 103:05 3806191                   /lib/x86_64-linux-gnu/libpthread-2.27.so
7f7db5239000-7f7db5438000 ---p 0001a000 103:05 3806191                   /lib/x86_64-linux-gnu/libpthread-2.27.so
7f7db5438000-7f7db5439000 r--p 00019000 103:05 3806191                   /lib/x86_64-linux-gnu/libpthread-2.27.so
7f7db5439000-7f7db543a000 rw-p 0001a000 103:05 3806191                   /lib/x86_64-linux-gnu/libpthread-2.27.so
7f7db543a000-7f7db543e000 rw-p 00000000 00:00 0 
7f7db543e000-7f7db5444000 r-xp 00000000 103:05 413404                    /usr/lib/x86_64-linux-gnu/libgtk3-nocsd.so.0
7f7db5444000-7f7db5643000 ---p 00006000 103:05 413404                    /usr/lib/x86_64-linux-gnu/libgtk3-nocsd.so.0
7f7db5643000-7f7db5644000 r--p 00005000 103:05 413404                    /usr/lib/x86_64-linux-gnu/libgtk3-nocsd.so.0
7f7db5644000-7f7db5645000 rw-p 00006000 103:05 413404                    /usr/lib/x86_64-linux-gnu/libgtk3-nocsd.so.0
7f7db5645000-7f7db566c000 r-xp 00000000 103:05 3806030                   /lib/x86_64-linux-gnu/ld-2.27.so
7f7db566c000-7f7db566d000 r--s 00000000 103:05 2754281                   /var/cache/fontconfig/0c9eb80ebd1c36541ebe2852d3bb0c49-le64.cache-7
7f7db566d000-7f7db566e000 r--s 00000000 103:05 2754288                   /var/cache/fontconfig/22368d551a680bfe5a62c02760edf4ea-le64.cache-7
7f7db566e000-7f7db566f000 r--s 00000000 103:05 2754300                   /var/cache/fontconfig/4d9c95eba1cb85bbcf2878543262124a-le64.cache-7
7f7db566f000-7f7db5670000 r--s 00000000 103:05 2754317                   /var/cache/fontconfig/85e0a52ce643a7ba2ae53e5d6949cead-le64.cache-7
7f7db5670000-7f7db5671000 r--s 00000000 103:05 2754297                   /var/cache/fontconfig/49f0de54bdd920fe4f0dfd4cbac43e6b-le64.cache-7
7f7db5671000-7f7db5672000 r--s 00000000 103:05 2754344                   /var/cache/fontconfig/f6e6e0a5c3d2f6ae0c0c2e0ecd42a997-le64.cache-7
7f7db5672000-7f7db5673000 r--s 00000000 103:05 2754298                   /var/cache/fontconfig/4b2eda6bb976bda485cb2176619421d5-le64.cache-7
7f7db5673000-7f7db567d000 r--s 00226000 103:05 1984601                   /home/fernandr/.m2/repository/net/imagej/ij/1.52k/ij-1.52k.jar
7f7db567d000-7f7db5741000 rw-p 00000000 00:00 0 
7f7db5741000-7f7db5742000 ---p 00000000 00:00 0 
7f7db5742000-7f7db5745000 ---p 00000000 00:00 0 
7f7db5745000-7f7db5846000 rw-p 00000000 00:00 0 
7f7db5846000-7f7db5848000 r--s 00000000 103:05 2754312                   /var/cache/fontconfig/6afa1bb216ce958c1589e297e8008489-le64.cache-7
7f7db5848000-7f7db584f000 r--s 00000000 103:05 657616                    /usr/lib/x86_64-linux-gnu/gconv/gconv-modules.cache
7f7db584f000-7f7db5856000 r--s 00095000 103:05 2028044                   /home/fernandr/Programmes/LIB_EXT/JAR/VIB-lib-2.1.2.jar
7f7db5856000-7f7db5861000 r--s 00093000 103:05 1983880                   /home/fernandr/Programmes/LIB_EXT/JAR/simpleitk-1.2.0.jar
7f7db5861000-7f7db5862000 r--s 00005000 103:05 3411772                   /home/fernandr/eclipse-workspace/MyIJPlugs/vitimage/target/lib/ext/lma.jar
7f7db5862000-7f7db586a000 rw-s 00000000 103:05 2883654                   /tmp/hsperfdata_fernandr/6296
7f7db586a000-7f7db586b000 rw-p 00000000 00:00 0 
7f7db586b000-7f7db586c000 r--p 00000000 00:00 0 
7f7db586c000-7f7db586d000 r--p 00027000 103:05 3806030                   /lib/x86_64-linux-gnu/ld-2.27.so
7f7db586d000-7f7db586e000 rw-p 00028000 103:05 3806030                   /lib/x86_64-linux-gnu/ld-2.27.so
7f7db586e000-7f7db586f000 rw-p 00000000 00:00 0 
7ffe04617000-7ffe04638000 rw-p 00000000 00:00 0                          [stack]
7ffe046b2000-7ffe046b5000 r--p 00000000 00:00 0                          [vvar]
7ffe046b5000-7ffe046b7000 r-xp 00000000 00:00 0                          [vdso]
ffffffffff600000-ffffffffff601000 r-xp 00000000 00:00 0                  [vsyscall]

VM Arguments:
jvm_args: -Djava.library.path=/home/fernandr/Programmes/Fiji.app/lib/linux64 -Dfile.encoding=UTF-8 
java_command: com.vitimage.BlockMatchingRegistration
java_class_path (initial): /home/fernandr/eclipse-workspace/MyIJPlugs/vitimage/target/lib/ext/lma.jar:/home/fernandr/eclipse-workspace/MyIJPlugs/vitimage/target/classes:/home/fernandr/Programmes/LIB_EXT/JAR/simpleitk-1.2.0.jar:/home/fernandr/Programmes/LIB_EXT/JAR/VIB-lib-2.1.2.jar:/home/fernandr/.m2/repository/net/imagej/ij/1.52k/ij-1.52k.jar:/usr/lib/jvm/java-8-oracle/lib/tools.jar:/home/fernandr/.m2/repository/sc/fiji/imagescience/3.0.0/imagescience-3.0.0.jar:/home/fernandr/.m2/repository/sc/fiji/Image_5D/1.2.6/Image_5D-1.2.6.jar:/home/fernandr/.m2/repository/sc/fiji/VIB-lib/2.1.2/VIB-lib-2.1.2.jar:/home/fernandr/.m2/repository/sc/fiji/pal-optimization/2.0.0/pal-optimization-2.0.0.jar:/home/fernandr/.m2/repository/gov/nist/math/jama/1.0.3/jama-1.0.3.jar
Launcher Type: SUN_STANDARD

Environment Variables:
JAVA_HOME=/usr/lib/jvm/java-8-oracle
PATH=/usr/local/sbin:/usr/local/bin:/usr/sbin:/usr/bin:/sbin:/bin:/usr/games:/usr/local/games:/home/fernandr/Programmes/ImageJ:/home/fernandr/Programmes/Fiji.app:/snap/bin:/usr/lib/jvm/java-8-oracle/bin:/usr/lib/jvm/java-8-oracle/db/bin:/usr/lib/jvm/java-8-oracle/jre/bin
USERNAME=fernandr
LD_PRELOAD=libgtk3-nocsd.so.0
SHELL=/bin/bash
DISPLAY=:0

Signal Handlers:
SIGSEGV: [libjvm.so+0xad3e60], sa_mask[0]=11111111011111111101111111111110, sa_flags=SA_RESTART|SA_SIGINFO
SIGBUS: [libjvm.so+0xad3e60], sa_mask[0]=11111111011111111101111111111110, sa_flags=SA_RESTART|SA_SIGINFO
SIGFPE: [libjvm.so+0x90b880], sa_mask[0]=11111111011111111101111111111110, sa_flags=SA_RESTART|SA_SIGINFO
SIGPIPE: [libjvm.so+0x90b880], sa_mask[0]=11111111011111111101111111111110, sa_flags=SA_RESTART|SA_SIGINFO
SIGXFSZ: [libjvm.so+0x90b880], sa_mask[0]=11111111011111111101111111111110, sa_flags=SA_RESTART|SA_SIGINFO
SIGILL: [libjvm.so+0x90b880], sa_mask[0]=11111111011111111101111111111110, sa_flags=SA_RESTART|SA_SIGINFO
SIGUSR1: SIG_DFL, sa_mask[0]=00000000000000000000000000000000, sa_flags=none
SIGUSR2: [libjvm.so+0x90b750], sa_mask[0]=00100000000000000000000000000000, sa_flags=SA_RESTART|SA_SIGINFO
SIGHUP: [libjvm.so+0x90bd70], sa_mask[0]=11111111011111111101111111111110, sa_flags=SA_RESTART|SA_SIGINFO
SIGINT: [libjvm.so+0x90bd70], sa_mask[0]=11111111011111111101111111111110, sa_flags=SA_RESTART|SA_SIGINFO
SIGTERM: [libjvm.so+0x90bd70], sa_mask[0]=11111111011111111101111111111110, sa_flags=SA_RESTART|SA_SIGINFO
SIGQUIT: [libjvm.so+0x90bd70], sa_mask[0]=11111111011111111101111111111110, sa_flags=SA_RESTART|SA_SIGINFO


---------------  S Y S T E M  ---------------

OS:DISTRIB_ID=Ubuntu
DISTRIB_RELEASE=18.04
DISTRIB_CODENAME=bionic
DISTRIB_DESCRIPTION="Ubuntu 18.04.2 LTS"

uname:Linux 4.15.0-50-generic #54-Ubuntu SMP Mon May 6 18:46:08 UTC 2019 x86_64
libc:glibc 2.27 NPTL 2.27 
rlimit: STACK 8192k, CORE 0k, NPROC 127338, NOFILE 4096, AS infinity
load average:3,12 2,13 1,59

/proc/meminfo:
MemTotal:       32693752 kB
MemFree:         7032272 kB
MemAvailable:   10270500 kB
Buffers:          895592 kB
Cached:          2717820 kB
SwapCached:            0 kB
Active:         22554556 kB
Inactive:        2235396 kB
Active(anon):   21183776 kB
Inactive(anon):   277932 kB
Active(file):    1370780 kB
Inactive(file):  1957464 kB
Unevictable:       14016 kB
Mlocked:           14020 kB
SwapTotal:      19530748 kB
SwapFree:       19530748 kB
Dirty:               944 kB
Writeback:             0 kB
AnonPages:      21190468 kB
Mapped:           891208 kB
Shmem:            280652 kB
Slab:             492588 kB
SReclaimable:     381680 kB
SUnreclaim:       110908 kB
KernelStack:       23024 kB
PageTables:       110284 kB
NFS_Unstable:          0 kB
Bounce:                0 kB
WritebackTmp:          0 kB
CommitLimit:    35877624 kB
Committed_AS:   26354412 kB
VmallocTotal:   34359738367 kB
VmallocUsed:           0 kB
VmallocChunk:          0 kB
HardwareCorrupted:     0 kB
AnonHugePages:         0 kB
ShmemHugePages:        0 kB
ShmemPmdMapped:        0 kB
CmaTotal:              0 kB
CmaFree:               0 kB
HugePages_Total:       0
HugePages_Free:        0
HugePages_Rsvd:        0
HugePages_Surp:        0
Hugepagesize:       2048 kB
DirectMap4k:      496124 kB
DirectMap2M:    13938688 kB
DirectMap1G:    19922944 kB

container (cgroup) information:
container_type: cgroupv1
cpu_cpuset_cpus: 0-11
cpu_memory_nodes: 0
active_processor_count: 12
cpu_quota: -1
cpu_period: 100000
cpu_shares: -1
memory_limit_in_bytes: -1
memory_and_swap_limit_in_bytes: -2
memory_soft_limit_in_bytes: -1
memory_usage_in_bytes: 25399345152
memory_max_usage_in_bytes: 0


CPU:total 12 (initial active 12) (6 cores per cpu, 2 threads per core) family 6 model 158 stepping 10, cmov, cx8, fxsr, mmx, sse, sse2, sse3, ssse3, sse4.1, sse4.2, popcnt, avx, avx2, aes, clmul, erms, rtm, 3dnowpref, lzcnt, ht, tsc, tscinvbit, bmi1, bmi2, adx

/proc/cpuinfo:
processor	: 0
vendor_id	: GenuineIntel
cpu family	: 6
model		: 158
model name	: Intel(R) Xeon(R) E-2186M  CPU @ 2.90GHz
stepping	: 10
microcode	: 0xb4
cpu MHz		: 3899.917
cache size	: 12288 KB
physical id	: 0
siblings	: 12
core id		: 0
cpu cores	: 6
apicid		: 0
initial apicid	: 0
fpu		: yes
fpu_exception	: yes
cpuid level	: 22
wp		: yes
flags		: fpu vme de pse tsc msr pae mce cx8 apic sep mtrr pge mca cmov pat pse36 clflush dts acpi mmx fxsr sse sse2 ss ht tm pbe syscall nx pdpe1gb rdtscp lm constant_tsc art arch_perfmon pebs bts rep_good nopl xtopology nonstop_tsc cpuid aperfmperf tsc_known_freq pni pclmulqdq dtes64 monitor ds_cpl vmx smx est tm2 ssse3 sdbg fma cx16 xtpr pdcm pcid sse4_1 sse4_2 x2apic movbe popcnt tsc_deadline_timer aes xsave avx f16c rdrand lahf_lm abm 3dnowprefetch cpuid_fault epb invpcid_single pti ssbd ibrs ibpb stibp tpr_shadow vnmi flexpriority ept vpid fsgsbase tsc_adjust bmi1 hle avx2 smep bmi2 erms invpcid rtm mpx rdseed adx smap clflushopt intel_pt xsaveopt xsavec xgetbv1 xsaves dtherm ida arat pln pts hwp hwp_notify hwp_act_window hwp_epp md_clear flush_l1d
bugs		: cpu_meltdown spectre_v1 spectre_v2 spec_store_bypass l1tf mds
bogomips	: 5808.00
clflush size	: 64
cache_alignment	: 64
address sizes	: 39 bits physical, 48 bits virtual
power management:

processor	: 1
vendor_id	: GenuineIntel
cpu family	: 6
model		: 158
model name	: Intel(R) Xeon(R) E-2186M  CPU @ 2.90GHz
stepping	: 10
microcode	: 0xb4
cpu MHz		: 3899.064
cache size	: 12288 KB
physical id	: 0
siblings	: 12
core id		: 1
cpu cores	: 6
apicid		: 2
initial apicid	: 2
fpu		: yes
fpu_exception	: yes
cpuid level	: 22
wp		: yes
flags		: fpu vme de pse tsc msr pae mce cx8 apic sep mtrr pge mca cmov pat pse36 clflush dts acpi mmx fxsr sse sse2 ss ht tm pbe syscall nx pdpe1gb rdtscp lm constant_tsc art arch_perfmon pebs bts rep_good nopl xtopology nonstop_tsc cpuid aperfmperf tsc_known_freq pni pclmulqdq dtes64 monitor ds_cpl vmx smx est tm2 ssse3 sdbg fma cx16 xtpr pdcm pcid sse4_1 sse4_2 x2apic movbe popcnt tsc_deadline_timer aes xsave avx f16c rdrand lahf_lm abm 3dnowprefetch cpuid_fault epb invpcid_single pti ssbd ibrs ibpb stibp tpr_shadow vnmi flexpriority ept vpid fsgsbase tsc_adjust bmi1 hle avx2 smep bmi2 erms invpcid rtm mpx rdseed adx smap clflushopt intel_pt xsaveopt xsavec xgetbv1 xsaves dtherm ida arat pln pts hwp hwp_notify hwp_act_window hwp_epp md_clear flush_l1d
bugs		: cpu_meltdown spectre_v1 spectre_v2 spec_store_bypass l1tf mds
bogomips	: 5808.00
clflush size	: 64
cache_alignment	: 64
address sizes	: 39 bits physical, 48 bits virtual
power management:

processor	: 2
vendor_id	: GenuineIntel
cpu family	: 6
model		: 158
model name	: Intel(R) Xeon(R) E-2186M  CPU @ 2.90GHz
stepping	: 10
microcode	: 0xb4
cpu MHz		: 3899.878
cache size	: 12288 KB
physical id	: 0
siblings	: 12
core id		: 2
cpu cores	: 6
apicid		: 4
initial apicid	: 4
fpu		: yes
fpu_exception	: yes
cpuid level	: 22
wp		: yes
flags		: fpu vme de pse tsc msr pae mce cx8 apic sep mtrr pge mca cmov pat pse36 clflush dts acpi mmx fxsr sse sse2 ss ht tm pbe syscall nx pdpe1gb rdtscp lm constant_tsc art arch_perfmon pebs bts rep_good nopl xtopology nonstop_tsc cpuid aperfmperf tsc_known_freq pni pclmulqdq dtes64 monitor ds_cpl vmx smx est tm2 ssse3 sdbg fma cx16 xtpr pdcm pcid sse4_1 sse4_2 x2apic movbe popcnt tsc_deadline_timer aes xsave avx f16c rdrand lahf_lm abm 3dnowprefetch cpuid_fault epb invpcid_single pti ssbd ibrs ibpb stibp tpr_shadow vnmi flexpriority ept vpid fsgsbase tsc_adjust bmi1 hle avx2 smep bmi2 erms invpcid rtm mpx rdseed adx smap clflushopt intel_pt xsaveopt xsavec xgetbv1 xsaves dtherm ida arat pln pts hwp hwp_notify hwp_act_window hwp_epp md_clear flush_l1d
bugs		: cpu_meltdown spectre_v1 spectre_v2 spec_store_bypass l1tf mds
bogomips	: 5808.00
clflush size	: 64
cache_alignment	: 64
address sizes	: 39 bits physical, 48 bits virtual
power management:

processor	: 3
vendor_id	: GenuineIntel
cpu family	: 6
model		: 158
model name	: Intel(R) Xeon(R) E-2186M  CPU @ 2.90GHz
stepping	: 10
microcode	: 0xb4
cpu MHz		: 3900.001
cache size	: 12288 KB
physical id	: 0
siblings	: 12
core id		: 3
cpu cores	: 6
apicid		: 6
initial apicid	: 6
fpu		: yes
fpu_exception	: yes
cpuid level	: 22
wp		: yes
flags		: fpu vme de pse tsc msr pae mce cx8 apic sep mtrr pge mca cmov pat pse36 clflush dts acpi mmx fxsr sse sse2 ss ht tm pbe syscall nx pdpe1gb rdtscp lm constant_tsc art arch_perfmon pebs bts rep_good nopl xtopology nonstop_tsc cpuid aperfmperf tsc_known_freq pni pclmulqdq dtes64 monitor ds_cpl vmx smx est tm2 ssse3 sdbg fma cx16 xtpr pdcm pcid sse4_1 sse4_2 x2apic movbe popcnt tsc_deadline_timer aes xsave avx f16c rdrand lahf_lm abm 3dnowprefetch cpuid_fault epb invpcid_single pti ssbd ibrs ibpb stibp tpr_shadow vnmi flexpriority ept vpid fsgsbase tsc_adjust bmi1 hle avx2 smep bmi2 erms invpcid rtm mpx rdseed adx smap clflushopt intel_pt xsaveopt xsavec xgetbv1 xsaves dtherm ida arat pln pts hwp hwp_notify hwp_act_window hwp_epp md_clear flush_l1d
bugs		: cpu_meltdown spectre_v1 spectre_v2 spec_store_bypass l1tf mds
bogomips	: 5808.00
clflush size	: 64
cache_alignment	: 64
address sizes	: 39 bits physical, 48 bits virtual
power management:

processor	: 4
vendor_id	: GenuineIntel
cpu family	: 6
model		: 158
model name	: Intel(R) Xeon(R) E-2186M  CPU @ 2.90GHz
stepping	: 10
microcode	: 0xb4
cpu MHz		: 3899.177
cache size	: 12288 KB
physical id	: 0
siblings	: 12
core id		: 4
cpu cores	: 6
apicid		: 8
initial apicid	: 8
fpu		: yes
fpu_exception	: yes
cpuid level	: 22
wp		: yes
flags		: fpu vme de pse tsc msr pae mce cx8 apic sep mtrr pge mca cmov pat pse36 clflush dts acpi mmx fxsr sse sse2 ss ht tm pbe syscall nx pdpe1gb rdtscp lm constant_tsc art arch_perfmon pebs bts rep_good nopl xtopology nonstop_tsc cpuid aperfmperf tsc_known_freq pni pclmulqdq dtes64 monitor ds_cpl vmx smx est tm2 ssse3 sdbg fma cx16 xtpr pdcm pcid sse4_1 sse4_2 x2apic movbe popcnt tsc_deadline_timer aes xsave avx f16c rdrand lahf_lm abm 3dnowprefetch cpuid_fault epb invpcid_single pti ssbd ibrs ibpb stibp tpr_shadow vnmi flexpriority ept vpid fsgsbase tsc_adjust bmi1 hle avx2 smep bmi2 erms invpcid rtm mpx rdseed adx smap clflushopt intel_pt xsaveopt xsavec xgetbv1 xsaves dtherm ida arat pln pts hwp hwp_notify hwp_act_window hwp_epp md_clear flush_l1d
bugs		: cpu_meltdown spectre_v1 spectre_v2 spec_store_bypass l1tf mds
bogomips	: 5808.00
clflush size	: 64
cache_alignment	: 64
address sizes	: 39 bits physical, 48 bits virtual
power management:

processor	: 5
vendor_id	: GenuineIntel
cpu family	: 6
model		: 158
model name	: Intel(R) Xeon(R) E-2186M  CPU @ 2.90GHz
stepping	: 10
microcode	: 0xb4
cpu MHz		: 3900.346
cache size	: 12288 KB
physical id	: 0
siblings	: 12
core id		: 5
cpu cores	: 6
apicid		: 10
initial apicid	: 10
fpu		: yes
fpu_exception	: yes
cpuid level	: 22
wp		: yes
flags		: fpu vme de pse tsc msr pae mce cx8 apic sep mtrr pge mca cmov pat pse36 clflush dts acpi mmx fxsr sse sse2 ss ht tm pbe syscall nx pdpe1gb rdtscp lm constant_tsc art arch_perfmon pebs bts rep_good nopl xtopology nonstop_tsc cpuid aperfmperf tsc_known_freq pni pclmulqdq dtes64 monitor ds_cpl vmx smx est tm2 ssse3 sdbg fma cx16 xtpr pdcm pcid sse4_1 sse4_2 x2apic movbe popcnt tsc_deadline_timer aes xsave avx f16c rdrand lahf_lm abm 3dnowprefetch cpuid_fault epb invpcid_single pti ssbd ibrs ibpb stibp tpr_shadow vnmi flexpriority ept vpid fsgsbase tsc_adjust bmi1 hle avx2 smep bmi2 erms invpcid rtm mpx rdseed adx smap clflushopt intel_pt xsaveopt xsavec xgetbv1 xsaves dtherm ida arat pln pts hwp hwp_notify hwp_act_window hwp_epp md_clear flush_l1d
bugs		: cpu_meltdown spectre_v1 spectre_v2 spec_store_bypass l1tf mds
bogomips	: 5808.00
clflush size	: 64
cache_alignment	: 64
address sizes	: 39 bits physical, 48 bits virtual
power management:

processor	: 6
vendor_id	: GenuineIntel
cpu family	: 6
model		: 158
model name	: Intel(R) Xeon(R) E-2186M  CPU @ 2.90GHz
stepping	: 10
microcode	: 0xb4
cpu MHz		: 3899.934
cache size	: 12288 KB
physical id	: 0
siblings	: 12
core id		: 0
cpu cores	: 6
apicid		: 1
initial apicid	: 1
fpu		: yes
fpu_exception	: yes
cpuid level	: 22
wp		: yes
flags		: fpu vme de pse tsc msr pae mce cx8 apic sep mtrr pge mca cmov pat pse36 clflush dts acpi mmx fxsr sse sse2 ss ht tm pbe syscall nx pdpe1gb rdtscp lm constant_tsc art arch_perfmon pebs bts rep_good nopl xtopology nonstop_tsc cpuid aperfmperf tsc_known_freq pni pclmulqdq dtes64 monitor ds_cpl vmx smx est tm2 ssse3 sdbg fma cx16 xtpr pdcm pcid sse4_1 sse4_2 x2apic movbe popcnt tsc_deadline_timer aes xsave avx f16c rdrand lahf_lm abm 3dnowprefetch cpuid_fault epb invpcid_single pti ssbd ibrs ibpb stibp tpr_shadow vnmi flexpriority ept vpid fsgsbase tsc_adjust bmi1 hle avx2 smep bmi2 erms invpcid rtm mpx rdseed adx smap clflushopt intel_pt xsaveopt xsavec xgetbv1 xsaves dtherm ida arat pln pts hwp hwp_notify hwp_act_window hwp_epp md_clear flush_l1d
bugs		: cpu_meltdown spectre_v1 spectre_v2 spec_store_bypass l1tf mds
bogomips	: 5808.00
clflush size	: 64
cache_alignment	: 64
address sizes	: 39 bits physical, 48 bits virtual
power management:

processor	: 7
vendor_id	: GenuineIntel
cpu family	: 6
model		: 158
model name	: Intel(R) Xeon(R) E-2186M  CPU @ 2.90GHz
stepping	: 10
microcode	: 0xb4
cpu MHz		: 3899.998
cache size	: 12288 KB
physical id	: 0
siblings	: 12
core id		: 1
cpu cores	: 6
apicid		: 3
initial apicid	: 3
fpu		: yes
fpu_exception	: yes
cpuid level	: 22
wp		: yes
flags		: fpu vme de pse tsc msr pae mce cx8 apic sep mtrr pge mca cmov pat pse36 clflush dts acpi mmx fxsr sse sse2 ss ht tm pbe syscall nx pdpe1gb rdtscp lm constant_tsc art arch_perfmon pebs bts rep_good nopl xtopology nonstop_tsc cpuid aperfmperf tsc_known_freq pni pclmulqdq dtes64 monitor ds_cpl vmx smx est tm2 ssse3 sdbg fma cx16 xtpr pdcm pcid sse4_1 sse4_2 x2apic movbe popcnt tsc_deadline_timer aes xsave avx f16c rdrand lahf_lm abm 3dnowprefetch cpuid_fault epb invpcid_single pti ssbd ibrs ibpb stibp tpr_shadow vnmi flexpriority ept vpid fsgsbase tsc_adjust bmi1 hle avx2 smep bmi2 erms invpcid rtm mpx rdseed adx smap clflushopt intel_pt xsaveopt xsavec xgetbv1 xsaves dtherm ida arat pln pts hwp hwp_notify hwp_act_window hwp_epp md_clear flush_l1d
bugs		: cpu_meltdown spectre_v1 spectre_v2 spec_store_bypass l1tf mds
bogomips	: 5808.00
clflush size	: 64
cache_alignment	: 64
address sizes	: 39 bits physical, 48 bits virtual
power management:

processor	: 8
vendor_id	: GenuineIntel
cpu family	: 6
model		: 158
model name	: Intel(R) Xeon(R) E-2186M  CPU @ 2.90GHz
stepping	: 10
microcode	: 0xb4
cpu MHz		: 3900.056
cache size	: 12288 KB
physical id	: 0
siblings	: 12
core id		: 2
cpu cores	: 6
apicid		: 5
initial apicid	: 5
fpu		: yes
fpu_exception	: yes
cpuid level	: 22
wp		: yes
flags		: fpu vme de pse tsc msr pae mce cx8 apic sep mtrr pge mca cmov pat pse36 clflush dts acpi mmx fxsr sse sse2 ss ht tm pbe syscall nx pdpe1gb rdtscp lm constant_tsc art arch_perfmon pebs bts rep_good nopl xtopology nonstop_tsc cpuid aperfmperf tsc_known_freq pni pclmulqdq dtes64 monitor ds_cpl vmx smx est tm2 ssse3 sdbg fma cx16 xtpr pdcm pcid sse4_1 sse4_2 x2apic movbe popcnt tsc_deadline_timer aes xsave avx f16c rdrand lahf_lm abm 3dnowprefetch cpuid_fault epb invpcid_single pti ssbd ibrs ibpb stibp tpr_shadow vnmi flexpriority ept vpid fsgsbase tsc_adjust bmi1 hle avx2 smep bmi2 erms invpcid rtm mpx rdseed adx smap clflushopt intel_pt xsaveopt xsavec xgetbv1 xsaves dtherm ida arat pln pts hwp hwp_notify hwp_act_window hwp_epp md_clear flush_l1d
bugs		: cpu_meltdown spectre_v1 spectre_v2 spec_store_bypass l1tf mds
bogomips	: 5808.00
clflush size	: 64
cache_alignment	: 64
address sizes	: 39 bits physical, 48 bits virtual
power management:

processor	: 9
vendor_id	: GenuineIntel
cpu family	: 6
model		: 158
model name	: Intel(R) Xeon(R) E-2186M  CPU @ 2.90GHz
stepping	: 10
microcode	: 0xb4
cpu MHz		: 3899.978
cache size	: 12288 KB
physical id	: 0
siblings	: 12
core id		: 3
cpu cores	: 6
apicid		: 7
initial apicid	: 7
fpu		: yes
fpu_exception	: yes
cpuid level	: 22
wp		: yes
flags		: fpu vme de pse tsc msr pae mce cx8 apic sep mtrr pge mca cmov pat pse36 clflush dts acpi mmx fxsr sse sse2 ss ht tm pbe syscall nx pdpe1gb rdtscp lm constant_tsc art arch_perfmon pebs bts rep_good nopl xtopology nonstop_tsc cpuid aperfmperf tsc_known_freq pni pclmulqdq dtes64 monitor ds_cpl vmx smx est tm2 ssse3 sdbg fma cx16 xtpr pdcm pcid sse4_1 sse4_2 x2apic movbe popcnt tsc_deadline_timer aes xsave avx f16c rdrand lahf_lm abm 3dnowprefetch cpuid_fault epb invpcid_single pti ssbd ibrs ibpb stibp tpr_shadow vnmi flexpriority ept vpid fsgsbase tsc_adjust bmi1 hle avx2 smep bmi2 erms invpcid rtm mpx rdseed adx smap clflushopt intel_pt xsaveopt xsavec xgetbv1 xsaves dtherm ida arat pln pts hwp hwp_notify hwp_act_window hwp_epp md_clear flush_l1d
bugs		: cpu_meltdown spectre_v1 spectre_v2 spec_store_bypass l1tf mds
bogomips	: 5808.00
clflush size	: 64
cache_alignment	: 64
address sizes	: 39 bits physical, 48 bits virtual
power management:

processor	: 10
vendor_id	: GenuineIntel
cpu family	: 6
model		: 158
model name	: Intel(R) Xeon(R) E-2186M  CPU @ 2.90GHz
stepping	: 10
microcode	: 0xb4
cpu MHz		: 3900.062
cache size	: 12288 KB
physical id	: 0
siblings	: 12
core id		: 4
cpu cores	: 6
apicid		: 9
initial apicid	: 9
fpu		: yes
fpu_exception	: yes
cpuid level	: 22
wp		: yes
flags		: fpu vme de pse tsc msr pae mce cx8 apic sep mtrr pge mca cmov pat pse36 clflush dts acpi mmx fxsr sse sse2 ss ht tm pbe syscall nx pdpe1gb rdtscp lm constant_tsc art arch_perfmon pebs bts rep_good nopl xtopology nonstop_tsc cpuid aperfmperf tsc_known_freq pni pclmulqdq dtes64 monitor ds_cpl vmx smx est tm2 ssse3 sdbg fma cx16 xtpr pdcm pcid sse4_1 sse4_2 x2apic movbe popcnt tsc_deadline_timer aes xsave avx f16c rdrand lahf_lm abm 3dnowprefetch cpuid_fault epb invpcid_single pti ssbd ibrs ibpb stibp tpr_shadow vnmi flexpriority ept vpid fsgsbase tsc_adjust bmi1 hle avx2 smep bmi2 erms invpcid rtm mpx rdseed adx smap clflushopt intel_pt xsaveopt xsavec xgetbv1 xsaves dtherm ida arat pln pts hwp hwp_notify hwp_act_window hwp_epp md_clear flush_l1d
bugs		: cpu_meltdown spectre_v1 spectre_v2 spec_store_bypass l1tf mds
bogomips	: 5808.00
clflush size	: 64
cache_alignment	: 64
address sizes	: 39 bits physical, 48 bits virtual
power management:

processor	: 11
vendor_id	: GenuineIntel
cpu family	: 6
model		: 158
model name	: Intel(R) Xeon(R) E-2186M  CPU @ 2.90GHz
stepping	: 10
microcode	: 0xb4
cpu MHz		: 3902.194
cache size	: 12288 KB
physical id	: 0
siblings	: 12
core id		: 5
cpu cores	: 6
apicid		: 11
initial apicid	: 11
fpu		: yes
fpu_exception	: yes
cpuid level	: 22
wp		: yes
flags		: fpu vme de pse tsc msr pae mce cx8 apic sep mtrr pge mca cmov pat pse36 clflush dts acpi mmx fxsr sse sse2 ss ht tm pbe syscall nx pdpe1gb rdtscp lm constant_tsc art arch_perfmon pebs bts rep_good nopl xtopology nonstop_tsc cpuid aperfmperf tsc_known_freq pni pclmulqdq dtes64 monitor ds_cpl vmx smx est tm2 ssse3 sdbg fma cx16 xtpr pdcm pcid sse4_1 sse4_2 x2apic movbe popcnt tsc_deadline_timer aes xsave avx f16c rdrand lahf_lm abm 3dnowprefetch cpuid_fault epb invpcid_single pti ssbd ibrs ibpb stibp tpr_shadow vnmi flexpriority ept vpid fsgsbase tsc_adjust bmi1 hle avx2 smep bmi2 erms invpcid rtm mpx rdseed adx smap clflushopt intel_pt xsaveopt xsavec xgetbv1 xsaves dtherm ida arat pln pts hwp hwp_notify hwp_act_window hwp_epp md_clear flush_l1d
bugs		: cpu_meltdown spectre_v1 spectre_v2 spec_store_bypass l1tf mds
bogomips	: 5808.00
clflush size	: 64
cache_alignment	: 64
address sizes	: 39 bits physical, 48 bits virtual
power management:



Memory: 4k page, physical 32693752k(7032564k free), swap 19530748k(19530748k free)

vm_info: Java HotSpot(TM) 64-Bit Server VM (25.201-b09) for linux-amd64 JRE (1.8.0_201-b09), built on Dec 15 2018 11:35:59 by "java_re" with gcc 7.3.0

time: Tue May 21 14:26:48 2019
timezone: CEST
elapsed time: 147 seconds (0d 0h 2m 27s)

