#
# A fatal error has been detected by the Java Runtime Environment:
#
#  SIGSEGV (0xb) at pc=0x00007f2b1ee8b98d, pid=3056, tid=0x00007f2acb961700
#
# JRE version: Java(TM) SE Runtime Environment (8.0_201-b09) (build 1.8.0_201-b09)
# Java VM: Java HotSpot(TM) 64-Bit Server VM (25.201-b09 mixed mode linux-amd64 compressed oops)
# Problematic frame:
# C  [libc.so.6+0x9798d]  cfree+0x3d
#
# Failed to write core dump. Core dumps have been disabled. To enable core dumping, try "ulimit -c unlimited" before starting Java again
#
# If you would like to submit a bug report, please visit:
#   http://bugreport.java.com/bugreport/crash.jsp
# The crash happened outside the Java Virtual Machine in native code.
# See problematic frame for where to report the bug.
#

---------------  T H R E A D  ---------------

Current thread (0x00007f2b18092000):  JavaThread "Finalizer" daemon [_thread_in_native, id=3074, stack(0x00007f2acb861000,0x00007f2acb962000)]

siginfo: si_signo: 11 (SIGSEGV), si_code: 1 (SEGV_MAPERR), si_addr: 0x00007f2a28fff008

Registers:
RAX=0x0000000000000000, RBX=0x00007f2b19a1eaa0, RCX=0x0000000000000160, RDX=0x00007f2b19a1ebb0
RSP=0x00007f2acb95dbe0, RBP=0x00007f2acb95dcc0, RSI=0x00007f2acb95dcc0, RDI=0x00007f2a28fff010
R8 =0x00000000bdc6ed0b, R9 =0x00000005d2d21d40, R10=0x00007f2b0901869b, R11=0x00007f2b1e7cadb0
R12=0x00007f2a28fff010, R13=0x00007f2a9366a4a8, R14=0x00007f2acb9608c8, R15=0x00007f2b18092000
RIP=0x00007f2b1ee8b98d, EFLAGS=0x0000000000010202, CSGSFS=0x002b000000000033, ERR=0x0000000000000004
  TRAPNO=0x000000000000000e

Top of Stack: (sp=0x00007f2acb95dbe0)
0x00007f2acb95dbe0:   00007f2acb9608a0 0000000000000000
0x00007f2acb95dbf0:   00007f2a936b4968 00007f2acb9608c8
0x00007f2acb95dc00:   00007f2b18092000 f4509049c77b9f00
0x00007f2acb95dc10:   0000000000000005 00007f2b19a1eaa0
0x00007f2acb95dc20:   00007f2acb95dcc0 0000000000000000
0x00007f2acb95dc30:   00007f2a9366a4a8 00007f2acb9608c8
0x00007f2acb95dc40:   00007f2b18092000 00007f2a7b879ee8
0x00007f2acb95dc50:   00007f2b19a1eaa0 00007f2a7b879f2c
0x00007f2acb95dc60:   00007f2b1895d7a0 00007f2b19a1eaa0
0x00007f2acb95dc70:   00007f2acb95dcc0 00007f2a7b879f59
0x00007f2acb95dc80:   00007f2b19a1eaa0 00007f2a810280ef
0x00007f2acb95dc90:   0000000000000000 00007f2a81012d3c
0x00007f2acb95dca0:   00007f2a83058690 00007f2acb95e2a0
0x00007f2acb95dcb0:   0000000000000000 00007f2b1894fc10
0x00007f2acb95dcc0:   00007f2a83058690 00007f2b18935be0
0x00007f2acb95dcd0:   0000000000000000 0000000000000000
0x00007f2acb95dce0:   0000000000000000 0000000000000000
0x00007f2acb95dcf0:   0000000000000000 0000000000000000
0x00007f2acb95dd00:   0000350000007200 91f8700000000000
0x00007f2acb95dd10:   0000350000007200 0000000000000000
0x00007f2acb95dd20:   0000000000000000 0000000000000000
0x00007f2acb95dd30:   ffffffffffffffff 0000ffffffffffff
0x00007f2acb95dd40:   746e616e696d7265 00007265746c6946
0x00007f2acb95dd50:   746e616e696d7265 00000000006c6946
0x00007f2acb95dd60:   0000000000726574 0000000000000065
0x00007f2acb95dd70:   9066ffffbd2ae900 0000000000000000
0x00007f2acb95dd80:   4840ec8348ec8b48 0000000000000000
0x00007f2acb95dd90:   2474894c00007f2a 0000000000000000
0x00007f2acb95dda0:   00315f64616f6c64 00325f64616f6c64
0x00007f2acb95ddb0:   0000000000000000 0000000000000000
0x00007f2acb95ddc0:   032e4e0661533e0f 0000000000000000
0x00007f2acb95ddd0:   0000000000000000 0000000000000000 

Instructions: (pc=0x00007f2b1ee8b98d)
0x00007f2b1ee8b96d:   24 28 31 c0 48 8b 05 70 35 35 00 48 8b 00 48 85
0x00007f2b1ee8b97d:   c0 0f 85 9c 02 00 00 48 85 ff 0f 84 13 01 00 00
0x00007f2b1ee8b98d:   48 8b 77 f8 4c 8d 6f f0 40 f6 c6 02 0f 85 29 01
0x00007f2b1ee8b99d:   00 00 48 8b 2d d2 33 35 00 64 48 83 7d 00 00 0f 

Register to memory mapping:

RAX=0x0000000000000000 is an unknown value
RBX=0x00007f2b19a1eaa0 is an unknown value
RCX=0x0000000000000160 is an unknown value
RDX=0x00007f2b19a1ebb0 is an unknown value
RSP=0x00007f2acb95dbe0 is pointing into the stack for thread: 0x00007f2b18092000
RBP=0x00007f2acb95dcc0 is pointing into the stack for thread: 0x00007f2b18092000
RSI=0x00007f2acb95dcc0 is pointing into the stack for thread: 0x00007f2b18092000
RDI=0x00007f2a28fff010 is an unknown value
R8 =0x00000000bdc6ed0b is an unknown value
R9 =0x00000005d2d21d40 is an oop
java.lang.System$2 
 - klass: 'java/lang/System$2'
R10=0x00007f2b0901869b is at code_begin+859 in an Interpreter codelet
method entry point (kind = native)  [0x00007f2b09018340, 0x00007f2b09018cc0]  2432 bytes
R11=0x00007f2b1e7cadb0: <offset 0x9bfdb0> in /usr/lib/jvm/java-8-oracle/jre/lib/amd64/server/libjvm.so at 0x00007f2b1de0b000
R12=0x00007f2a28fff010 is an unknown value
R13={method} {0x00007f2a9366a4a8} 'delete_Image' '(J)V' in 'org/itk/simple/SimpleITKJNI'
R14=0x00007f2acb9608c8 is pointing into the stack for thread: 0x00007f2b18092000
R15=0x00007f2b18092000 is a thread


Stack: [0x00007f2acb861000,0x00007f2acb962000],  sp=0x00007f2acb95dbe0,  free space=1010k
Native frames: (J=compiled Java code, j=interpreted, Vv=VM code, C=native code)
C  [libc.so.6+0x9798d]  cfree+0x3d
C  0x00007f2b18935be0

Java frames: (J=compiled Java code, j=interpreted, Vv=VM code)
j  org.itk.simple.SimpleITKJNI.delete_Image(J)V+0
j  org.itk.simple.Image.delete()V+25
j  org.itk.simple.Image.finalize()V+1
J 1403 C2 java.lang.ref.Finalizer.access$100(Ljava/lang/ref/Finalizer;Lsun/misc/JavaLangAccess;)V (6 bytes) @ 0x00007f2b0982ff20 [0x00007f2b0982fc80+0x2a0]
J 1402% C2 java.lang.ref.Finalizer$FinalizerThread.run()V (55 bytes) @ 0x00007f2b09828e38 [0x00007f2b09828d40+0xf8]
v  ~StubRoutines::call_stub

---------------  P R O C E S S  ---------------

Java Threads: ( => current thread )
  0x00007f2b18338000 JavaThread "AWT-EventQueue-0" [_thread_blocked, id=3085, stack(0x00007f2a93eff000,0x00007f2a94000000)]
  0x00007f2b18333800 JavaThread "AWT-Shutdown" [_thread_blocked, id=3084, stack(0x00007f2ac80db000,0x00007f2ac81dc000)]
  0x00007f2b1829b800 JavaThread "AWT-XAWT" daemon [_thread_in_native, id=3083, stack(0x00007f2ac83dc000,0x00007f2ac84dd000)]
  0x00007f2b1825d800 JavaThread "Java2D Disposer" daemon [_thread_blocked, id=3082, stack(0x00007f2ac88ed000,0x00007f2ac89ee000)]
  0x00007f2b180d1000 JavaThread "Service Thread" daemon [_thread_blocked, id=3080, stack(0x00007f2aca88c000,0x00007f2aca98d000)]
  0x00007f2b180cd800 JavaThread "C1 CompilerThread3" daemon [_thread_blocked, id=3079, stack(0x00007f2aca98e000,0x00007f2acaa8e000)]
  0x00007f2b180cb800 JavaThread "C2 CompilerThread2" daemon [_thread_blocked, id=3078, stack(0x00007f2acaa8f000,0x00007f2acab8f000)]
  0x00007f2b180c9800 JavaThread "C2 CompilerThread1" daemon [_thread_blocked, id=3077, stack(0x00007f2acab90000,0x00007f2acac90000)]
  0x00007f2b180c7000 JavaThread "C2 CompilerThread0" daemon [_thread_blocked, id=3076, stack(0x00007f2acac91000,0x00007f2acad91000)]
  0x00007f2b180c5800 JavaThread "Signal Dispatcher" daemon [_thread_blocked, id=3075, stack(0x00007f2acad91000,0x00007f2acae92000)]
=>0x00007f2b18092000 JavaThread "Finalizer" daemon [_thread_in_native, id=3074, stack(0x00007f2acb861000,0x00007f2acb962000)]
  0x00007f2b1808f800 JavaThread "Reference Handler" daemon [_thread_blocked, id=3073, stack(0x00007f2acb962000,0x00007f2acba63000)]
  0x00007f2b1800b800 JavaThread "Run$_main" [_thread_in_Java, id=3061, stack(0x00007f2b1fb24000,0x00007f2b1fc24000)]

Other Threads:
  0x00007f2b18086000 VMThread [stack: 0x00007f2acba64000,0x00007f2acbb64000] [id=3072]
  0x00007f2b180d3800 WatcherThread [stack: 0x00007f2aca78c000,0x00007f2aca88c000] [id=3081]

VM state:not at safepoint (normal execution)

VM Mutex/Monitor currently owned by a thread: None

heap address: 0x00000005cd200000, size: 7982 MB, Compressed Oops mode: Zero based, Oop shift amount: 3
Narrow klass base: 0x0000000000000000, Narrow klass shift: 3
Compressed class space size: 1073741824 Address: 0x00000007c0000000

Heap:
 PSYoungGen      total 1280000K, used 275710K [0x0000000719b80000, 0x00000007ad180000, 0x00000007c0000000)
  eden space 961536K, 28% used [0x0000000719b80000,0x000000072a8bfaf8,0x0000000754680000)
  from space 318464K, 0% used [0x0000000778380000,0x0000000778380000,0x000000078ba80000)
  to   space 586752K, 0% used [0x0000000754680000,0x0000000754680000,0x0000000778380000)
 ParOldGen       total 1674752K, used 989592K [0x00000005cd200000, 0x0000000633580000, 0x0000000719b80000)
  object space 1674752K, 59% used [0x00000005cd200000,0x00000006098661a0,0x0000000633580000)
 Metaspace       used 15133K, capacity 15299K, committed 15616K, reserved 1062912K
  class space    used 1443K, capacity 1514K, committed 1536K, reserved 1048576K

Card table byte_map: [0x00007f2b08068000,0x00007f2b09000000] byte_map_base: 0x00007f2b051ff000

Marking Bits: (ParMarkBitMap*) 0x00007f2b1edd6d80
 Begin Bits: [0x00007f2acc690000, 0x00007f2ad4348000)
 End Bits:   [0x00007f2ad4348000, 0x00007f2adc000000)

Polling page: 0x00007f2b1fc4d000

CodeCache: size=245760Kb used=8419Kb max_used=8434Kb free=237340Kb
 bounds [0x00007f2b09000000, 0x00007f2b09850000, 0x00007f2b18000000]
 total_blobs=2307 nmethods=1407 adapters=813
 compilation: enabled

Compilation events (10 events):
Event: 22,952 Thread 0x00007f2b180cd800 1411       3       sun.nio.cs.UTF_8$Encoder::encodeArrayLoop (489 bytes)
Event: 22,954 Thread 0x00007f2b180cd800 nmethod 1411 0x00007f2b09835890 code [0x00007f2b09835de0, 0x00007f2b09839408]
Event: 22,976 Thread 0x00007f2b180c7000 1412 %     4       com.vitimage.ItkTransform::flattenDenseField @ 301 (471 bytes)
Event: 22,987 Thread 0x00007f2b180c7000 nmethod 1412% 0x00007f2b0983e090 code [0x00007f2b0983e3c0, 0x00007f2b0983f510]
Event: 22,988 Thread 0x00007f2b180cb800 1413       4       com.vitimage.ItkTransform::flattenDenseField (471 bytes)
Event: 23,005 Thread 0x00007f2b180cb800 nmethod 1413 0x00007f2b09843890 code [0x00007f2b09843c80, 0x00007f2b09845208]
Event: 24,990 Thread 0x00007f2b180cd800 1414       3       java.nio.Buffer::remaining (10 bytes)
Event: 24,990 Thread 0x00007f2b180cd800 nmethod 1414 0x00007f2b09828890 code [0x00007f2b098289e0, 0x00007f2b09828b30]
Event: 29,239 Thread 0x00007f2b180cd800 1415       3       java.nio.Buffer::limit (62 bytes)
Event: 29,239 Thread 0x00007f2b180cd800 nmethod 1415 0x00007f2b0982f590 code [0x00007f2b0982f700, 0x00007f2b0982fa08]

GC Heap History (10 events):
Event: 9,523 GC heap before
{Heap before GC invocations=14 (full 2):
 PSYoungGen      total 1024512K, used 134632K [0x0000000719b80000, 0x000000076c480000, 0x00000007c0000000)
  eden space 889856K, 0% used [0x0000000719b80000,0x0000000719b80000,0x0000000750080000)
  from space 134656K, 99% used [0x000000075c580000,0x00000007648fa0b8,0x0000000764900000)
  to   space 201728K, 0% used [0x0000000750080000,0x0000000750080000,0x000000075c580000)
 ParOldGen       total 521728K, used 442712K [0x00000005cd200000, 0x00000005ecf80000, 0x0000000719b80000)
  object space 521728K, 84% used [0x00000005cd200000,0x00000005e8256060,0x00000005ecf80000)
 Metaspace       used 14537K, capacity 14715K, committed 15104K, reserved 1062912K
  class space    used 1385K, capacity 1450K, committed 1536K, reserved 1048576K
Event: 9,836 GC heap after
Heap after GC invocations=14 (full 2):
 PSYoungGen      total 1024512K, used 0K [0x0000000719b80000, 0x000000076c480000, 0x00000007c0000000)
  eden space 889856K, 0% used [0x0000000719b80000,0x0000000719b80000,0x0000000750080000)
  from space 134656K, 0% used [0x000000075c580000,0x000000075c580000,0x0000000764900000)
  to   space 201728K, 0% used [0x0000000750080000,0x0000000750080000,0x000000075c580000)
 ParOldGen       total 837632K, used 511256K [0x00000005cd200000, 0x0000000600400000, 0x0000000719b80000)
  object space 837632K, 61% used [0x00000005cd200000,0x00000005ec546228,0x0000000600400000)
 Metaspace       used 14537K, capacity 14715K, committed 15104K, reserved 1062912K
  class space    used 1385K, capacity 1450K, committed 1536K, reserved 1048576K
}
Event: 18,134 GC heap before
{Heap before GC invocations=15 (full 2):
 PSYoungGen      total 1024512K, used 889856K [0x0000000719b80000, 0x000000076c480000, 0x00000007c0000000)
  eden space 889856K, 100% used [0x0000000719b80000,0x0000000750080000,0x0000000750080000)
  from space 134656K, 0% used [0x000000075c580000,0x000000075c580000,0x0000000764900000)
  to   space 201728K, 0% used [0x0000000750080000,0x0000000750080000,0x000000075c580000)
 ParOldGen       total 837632K, used 511256K [0x00000005cd200000, 0x0000000600400000, 0x0000000719b80000)
  object space 837632K, 61% used [0x00000005cd200000,0x00000005ec546228,0x0000000600400000)
 Metaspace       used 15118K, capacity 15299K, committed 15616K, reserved 1062912K
  class space    used 1442K, capacity 1514K, committed 1536K, reserved 1048576K
Event: 18,718 GC heap after
Heap after GC invocations=15 (full 2):
 PSYoungGen      total 1091584K, used 201722K [0x0000000719b80000, 0x000000078ba80000, 0x00000007c0000000)
  eden space 889856K, 0% used [0x0000000719b80000,0x0000000719b80000,0x0000000750080000)
  from space 201728K, 99% used [0x0000000750080000,0x000000075c57eb50,0x000000075c580000)
  to   space 318464K, 0% used [0x0000000778380000,0x0000000778380000,0x000000078ba80000)
 ParOldGen       total 837632K, used 732890K [0x00000005cd200000, 0x0000000600400000, 0x0000000719b80000)
  object space 837632K, 87% used [0x00000005cd200000,0x00000005f9db6a60,0x0000000600400000)
 Metaspace       used 15118K, capacity 15299K, committed 15616K, reserved 1062912K
  class space    used 1442K, capacity 1514K, committed 1536K, reserved 1048576K
}
Event: 18,718 GC heap before
{Heap before GC invocations=16 (full 3):
 PSYoungGen      total 1091584K, used 201722K [0x0000000719b80000, 0x000000078ba80000, 0x00000007c0000000)
  eden space 889856K, 0% used [0x0000000719b80000,0x0000000719b80000,0x0000000750080000)
  from space 201728K, 99% used [0x0000000750080000,0x000000075c57eb50,0x000000075c580000)
  to   space 318464K, 0% used [0x0000000778380000,0x0000000778380000,0x000000078ba80000)
 ParOldGen       total 837632K, used 732890K [0x00000005cd200000, 0x0000000600400000, 0x0000000719b80000)
  object space 837632K, 87% used [0x00000005cd200000,0x00000005f9db6a60,0x0000000600400000)
 Metaspace       used 15118K, capacity 15299K, committed 15616K, reserved 1062912K
  class space    used 1442K, capacity 1514K, committed 1536K, reserved 1048576K
Event: 19,461 GC heap after
Heap after GC invocations=16 (full 3):
 PSYoungGen      total 1091584K, used 0K [0x0000000719b80000, 0x000000078ba80000, 0x00000007c0000000)
  eden space 889856K, 0% used [0x0000000719b80000,0x0000000719b80000,0x0000000750080000)
  from space 201728K, 0% used [0x0000000750080000,0x0000000750080000,0x000000075c580000)
  to   space 318464K, 0% used [0x0000000778380000,0x0000000778380000,0x000000078ba80000)
 ParOldGen       total 946176K, used 509602K [0x00000005cd200000, 0x0000000606e00000, 0x0000000719b80000)
  object space 946176K, 53% used [0x00000005cd200000,0x00000005ec3a8938,0x0000000606e00000)
 Metaspace       used 15118K, capacity 15299K, committed 15616K, reserved 1062912K
  class space    used 1442K, capacity 1514K, committed 1536K, reserved 1048576K
}
Event: 25,264 GC heap before
{Heap before GC invocations=17 (full 3):
 PSYoungGen      total 1091584K, used 889856K [0x0000000719b80000, 0x000000078ba80000, 0x00000007c0000000)
  eden space 889856K, 100% used [0x0000000719b80000,0x0000000750080000,0x0000000750080000)
  from space 201728K, 0% used [0x0000000750080000,0x0000000750080000,0x000000075c580000)
  to   space 318464K, 0% used [0x0000000778380000,0x0000000778380000,0x000000078ba80000)
 ParOldGen       total 946176K, used 509602K [0x00000005cd200000, 0x0000000606e00000, 0x0000000719b80000)
  object space 946176K, 53% used [0x00000005cd200000,0x00000005ec3a8938,0x0000000606e00000)
 Metaspace       used 15133K, capacity 15299K, committed 15616K, reserved 1062912K
  class space    used 1443K, capacity 1514K, committed 1536K, reserved 1048576K
Event: 26,774 GC heap after
Heap after GC invocations=17 (full 3):
 PSYoungGen      total 1280000K, used 318433K [0x0000000719b80000, 0x00000007ad180000, 0x00000007c0000000)
  eden space 961536K, 0% used [0x0000000719b80000,0x0000000719b80000,0x0000000754680000)
  from space 318464K, 99% used [0x0000000778380000,0x000000078ba78790,0x000000078ba80000)
  to   space 586752K, 0% used [0x0000000754680000,0x0000000754680000,0x0000000778380000)
 ParOldGen       total 1080832K, used 1080562K [0x00000005cd200000, 0x000000060f180000, 0x0000000719b80000)
  object space 1080832K, 99% used [0x00000005cd200000,0x000000060f13c938,0x000000060f180000)
 Metaspace       used 15133K, capacity 15299K, committed 15616K, reserved 1062912K
  class space    used 1443K, capacity 1514K, committed 1536K, reserved 1048576K
}
Event: 26,774 GC heap before
{Heap before GC invocations=18 (full 4):
 PSYoungGen      total 1280000K, used 318433K [0x0000000719b80000, 0x00000007ad180000, 0x00000007c0000000)
  eden space 961536K, 0% used [0x0000000719b80000,0x0000000719b80000,0x0000000754680000)
  from space 318464K, 99% used [0x0000000778380000,0x000000078ba78790,0x000000078ba80000)
  to   space 586752K, 0% used [0x0000000754680000,0x0000000754680000,0x0000000778380000)
 ParOldGen       total 1080832K, used 1080562K [0x00000005cd200000, 0x000000060f180000, 0x0000000719b80000)
  object space 1080832K, 99% used [0x00000005cd200000,0x000000060f13c938,0x000000060f180000)
 Metaspace       used 15133K, capacity 15299K, committed 15616K, reserved 1062912K
  class space    used 1443K, capacity 1514K, committed 1536K, reserved 1048576K
Event: 28,658 GC heap after
Heap after GC invocations=18 (full 4):
 PSYoungGen      total 1280000K, used 0K [0x0000000719b80000, 0x00000007ad180000, 0x00000007c0000000)
  eden space 961536K, 0% used [0x0000000719b80000,0x0000000719b80000,0x0000000754680000)
  from space 318464K, 0% used [0x0000000778380000,0x0000000778380000,0x000000078ba80000)
  to   space 586752K, 0% used [0x0000000754680000,0x0000000754680000,0x0000000778380000)
 ParOldGen       total 1674752K, used 989592K [0x00000005cd200000, 0x0000000633580000, 0x0000000719b80000)
  object space 1674752K, 59% used [0x00000005cd200000,0x00000006098661a0,0x0000000633580000)
 Metaspace       used 15133K, capacity 15299K, committed 15616K, reserved 1062912K
  class space    used 1443K, capacity 1514K, committed 1536K, reserved 1048576K
}

Deoptimization events (10 events):
Event: 15,106 Thread 0x00007f2b1800b800 Uncommon trap: reason=unstable_if action=reinterpret pc=0x00007f2b09396788 method=ij.process.ColorProcessor.crop()Lij/process/ImageProcessor; @ 27
Event: 16,364 Thread 0x00007f2b1800b800 Uncommon trap: reason=unstable_if action=reinterpret pc=0x00007f2b09394b34 method=ij.process.ByteProcessor.crop()Lij/process/ImageProcessor; @ 39
Event: 16,511 Thread 0x00007f2b1800b800 Uncommon trap: reason=unstable_if action=reinterpret pc=0x00007f2b09818474 method=com.vitimage.ItkTransform.flattenDenseField(Lij/ImagePlus;)Lcom/vitimage/ItkTransform; @ 432
Event: 19,656 Thread 0x00007f2b18092000 Uncommon trap: reason=class_check action=maybe_recompile pc=0x00007f2b09827ebc method=java.lang.System$2.invokeFinalize(Ljava/lang/Object;)V @ 1
Event: 19,878 Thread 0x00007f2b18092000 Uncommon trap: reason=class_check action=maybe_recompile pc=0x00007f2b09827ebc method=java.lang.System$2.invokeFinalize(Ljava/lang/Object;)V @ 1
Event: 20,201 Thread 0x00007f2b18092000 Uncommon trap: reason=class_check action=maybe_recompile pc=0x00007f2b09827ebc method=java.lang.System$2.invokeFinalize(Ljava/lang/Object;)V @ 1
Event: 20,201 Thread 0x00007f2b18092000 Uncommon trap: reason=class_check action=maybe_recompile pc=0x00007f2b09827ebc method=java.lang.System$2.invokeFinalize(Ljava/lang/Object;)V @ 1
Event: 20,201 Thread 0x00007f2b18092000 Uncommon trap: reason=class_check action=maybe_recompile pc=0x00007f2b09829fdc method=java.lang.System$2.invokeFinalize(Ljava/lang/Object;)V @ 1
Event: 21,924 Thread 0x00007f2b1800b800 Uncommon trap: reason=unloaded action=reinterpret pc=0x00007f2b0982205c method=com.vitimage.ItkTransform.flattenDenseField(Lij/ImagePlus;)Lcom/vitimage/ItkTransform; @ 455
Event: 22,014 Thread 0x00007f2b1800b800 Uncommon trap: reason=unstable_if action=reinterpret pc=0x00007f2b097bcc70 method=com.vitimage.ItkImagePlusInterface.convertImagePlusArrayToDisplacementField([Lij/ImagePlus;)Lorg/itk/simple/Image; @ 309

Classes redefined (0 events):
No events

Internal exceptions (10 events):
Event: 0,067 Thread 0x00007f2b1800b800 Exception <a 'java/security/PrivilegedActionException'> (0x0000000719cbadc0) thrown at [/HUDSON/workspace/8-2-build-linux-amd64/jdk8u201/12317/hotspot/src/share/vm/prims/jvm.cpp, line 1502]
Event: 0,067 Thread 0x00007f2b1800b800 Exception <a 'java/security/PrivilegedActionException'> (0x0000000719cbd228) thrown at [/HUDSON/workspace/8-2-build-linux-amd64/jdk8u201/12317/hotspot/src/share/vm/prims/jvm.cpp, line 1502]
Event: 0,067 Thread 0x00007f2b1800b800 Exception <a 'java/security/PrivilegedActionException'> (0x0000000719cbd438) thrown at [/HUDSON/workspace/8-2-build-linux-amd64/jdk8u201/12317/hotspot/src/share/vm/prims/jvm.cpp, line 1502]
Event: 0,090 Thread 0x00007f2b1800b800 Exception <a 'java/lang/NoSuchFieldError': method resolution failed> (0x0000000719d8c8f0) thrown at [/HUDSON/workspace/8-2-build-linux-amd64/jdk8u201/12317/hotspot/src/share/vm/prims/methodHandles.cpp, line 1167]
Event: 0,091 Thread 0x00007f2b1800b800 Exception <a 'java/lang/NoSuchFieldError': method resolution failed> (0x0000000719d9a0f0) thrown at [/HUDSON/workspace/8-2-build-linux-amd64/jdk8u201/12317/hotspot/src/share/vm/prims/methodHandles.cpp, line 1167]
Event: 0,101 Thread 0x00007f2b1800b800 Exception <a 'java/io/FileNotFoundException'> (0x000000071a09c3c8) thrown at [/HUDSON/workspace/8-2-build-linux-amd64/jdk8u201/12317/hotspot/src/share/vm/prims/jni.cpp, line 709]
Event: 0,101 Thread 0x00007f2b1800b800 Exception <a 'java/io/FileNotFoundException'> (0x000000071a09ceb0) thrown at [/HUDSON/workspace/8-2-build-linux-amd64/jdk8u201/12317/hotspot/src/share/vm/prims/jni.cpp, line 709]
Event: 0,362 Thread 0x00007f2b18338000 Exception <a 'java/lang/UnsupportedOperationException': > (0x000000071a8d62b0) thrown at [/HUDSON/workspace/8-2-build-linux-amd64/jdk8u201/12317/hotspot/src/share/vm/prims/jni.cpp, line 735]
Event: 4,089 Thread 0x00007f2b18338000 Exception <a 'java/lang/UnsupportedOperationException': > (0x000000071c232cb8) thrown at [/HUDSON/workspace/8-2-build-linux-amd64/jdk8u201/12317/hotspot/src/share/vm/prims/jni.cpp, line 735]
Event: 4,141 Thread 0x00007f2b18338000 Exception <a 'java/lang/UnsupportedOperationException': > (0x000000071c235c40) thrown at [/HUDSON/workspace/8-2-build-linux-amd64/jdk8u201/12317/hotspot/src/share/vm/prims/jni.cpp, line 735]

Events (10 events):
Event: 22,988 Thread 0x00007f2b1800b800 DEOPT UNPACKING pc=0x00007f2b09047784 sp=0x00007f2b1fc22560 mode 0
Event: 25,264 Executing VM operation: ParallelGCFailedAllocation
Event: 28,658 Executing VM operation: ParallelGCFailedAllocation done
Event: 29,239 Thread 0x00007f2b180cd800 flushing nmethod 0x00007f2b0912b190
Event: 30,551 Thread 0x00007f2b1800b800 DEOPT PACKING pc=0x00007f2b098333cb sp=0x00007f2b1fc226b0
Event: 30,556 Thread 0x00007f2b1800b800 DEOPT UNPACKING pc=0x00007f2b09047784 sp=0x00007f2b1fc224b8 mode 0
Event: 31,147 Executing VM operation: RevokeBias
Event: 31,147 Executing VM operation: RevokeBias done
Event: 31,147 Executing VM operation: RevokeBias
Event: 31,147 Executing VM operation: RevokeBias done


Dynamic libraries:
00400000-00401000 r-xp 00000000 103:05 399591                            /usr/lib/jvm/java-8-oracle/bin/java
00600000-00601000 r--p 00000000 103:05 399591                            /usr/lib/jvm/java-8-oracle/bin/java
00601000-00602000 rw-p 00001000 103:05 399591                            /usr/lib/jvm/java-8-oracle/bin/java
00a2d000-00a4e000 rw-p 00000000 00:00 0                                  [heap]
5cd200000-633580000 rw-p 00000000 00:00 0 
633580000-719b80000 ---p 00000000 00:00 0 
719b80000-7ad180000 rw-p 00000000 00:00 0 
7ad180000-7c0000000 ---p 00000000 00:00 0 
7c0000000-7c0180000 rw-p 00000000 00:00 0 
7c0180000-800000000 ---p 00000000 00:00 0 
7f29c8fff000-7f29d8000000 rw-p 00000000 00:00 0 
7f29d8000000-7f29db6c9000 rw-p 00000000 00:00 0 
7f29db6c9000-7f29dc000000 ---p 00000000 00:00 0 
7f29e0000000-7f29e8000000 rw-p 00000000 00:00 0 
7f29e8000000-7f29f0000000 rw-p 00000000 00:00 0 
7f29f0000000-7f29f8000000 rw-p 00000000 00:00 0 
7f29f8000000-7f2a00000000 rw-p 00000000 00:00 0 
7f2a00000000-7f2a0c000000 rw-p 00000000 00:00 0 
7f2a0c000000-7f2a10000000 rw-p 00000000 00:00 0 
7f2a117f4000-7f2a207f5000 rw-p 00000000 00:00 0 
7f2a24000000-7f2a28000000 rw-p 00000000 00:00 0 
7f2a38000000-7f2a38021000 rw-p 00000000 00:00 0 
7f2a38021000-7f2a3c000000 ---p 00000000 00:00 0 
7f2a3c000000-7f2a3c021000 rw-p 00000000 00:00 0 
7f2a3c021000-7f2a40000000 ---p 00000000 00:00 0 
7f2a40000000-7f2a40021000 rw-p 00000000 00:00 0 
7f2a40021000-7f2a44000000 ---p 00000000 00:00 0 
7f2a44000000-7f2a44021000 rw-p 00000000 00:00 0 
7f2a44021000-7f2a48000000 ---p 00000000 00:00 0 
7f2a48000000-7f2a48021000 rw-p 00000000 00:00 0 
7f2a48021000-7f2a4c000000 ---p 00000000 00:00 0 
7f2a50000000-7f2a50021000 rw-p 00000000 00:00 0 
7f2a50021000-7f2a54000000 ---p 00000000 00:00 0 
7f2a54000000-7f2a54021000 rw-p 00000000 00:00 0 
7f2a54021000-7f2a58000000 ---p 00000000 00:00 0 
7f2a58000000-7f2a58021000 rw-p 00000000 00:00 0 
7f2a58021000-7f2a5c000000 ---p 00000000 00:00 0 
7f2a5c000000-7f2a5c021000 rw-p 00000000 00:00 0 
7f2a5c021000-7f2a60000000 ---p 00000000 00:00 0 
7f2a60000000-7f2a60021000 rw-p 00000000 00:00 0 
7f2a60021000-7f2a64000000 ---p 00000000 00:00 0 
7f2a68000000-7f2a68021000 rw-p 00000000 00:00 0 
7f2a68021000-7f2a6c000000 ---p 00000000 00:00 0 
7f2a6fcac000-7f2a74cad000 rw-p 00000000 00:00 0 
7f2a74cad000-7f2a82d74000 r-xp 00000000 103:05 1975135                   /home/fernandr/Programmes/Fiji.app/lib/linux64/libSimpleITKJava.so
7f2a82d74000-7f2a82f73000 ---p 0e0c7000 103:05 1975135                   /home/fernandr/Programmes/Fiji.app/lib/linux64/libSimpleITKJava.so
7f2a82f73000-7f2a83fe1000 rw-p 0e0c6000 103:05 1975135                   /home/fernandr/Programmes/Fiji.app/lib/linux64/libSimpleITKJava.so
7f2a83fe1000-7f2a84000000 rw-p 00000000 00:00 0 
7f2a84000000-7f2a84021000 rw-p 00000000 00:00 0 
7f2a84021000-7f2a88000000 ---p 00000000 00:00 0 
7f2a8a7fd000-7f2a8a7fe000 ---p 00000000 00:00 0 
7f2a8a7fe000-7f2a8affe000 rw-p 00000000 00:00 0 
7f2a8affe000-7f2a8afff000 ---p 00000000 00:00 0 
7f2a8afff000-7f2a8b7ff000 rw-p 00000000 00:00 0 
7f2a8b7ff000-7f2a8b800000 ---p 00000000 00:00 0 
7f2a8b800000-7f2a8c000000 rw-p 00000000 00:00 0 
7f2a8c000000-7f2a8c0b6000 rw-p 00000000 00:00 0 
7f2a8c0b6000-7f2a90000000 ---p 00000000 00:00 0 
7f2a9012e000-7f2a9012f000 ---p 00000000 00:00 0 
7f2a9012f000-7f2a9092f000 rw-p 00000000 00:00 0 
7f2a93134000-7f2a932f4000 rw-p 00000000 00:00 0 
7f2a932f4000-7f2a93334000 ---p 00000000 00:00 0 
7f2a93334000-7f2a9335e000 r-xp 00000000 103:05 1319030                   /usr/lib/jvm/java-8-oracle/jre/lib/amd64/libdcpr.so
7f2a9335e000-7f2a9355d000 ---p 0002a000 103:05 1319030                   /usr/lib/jvm/java-8-oracle/jre/lib/amd64/libdcpr.so
7f2a9355d000-7f2a9355e000 r--p 00029000 103:05 1319030                   /usr/lib/jvm/java-8-oracle/jre/lib/amd64/libdcpr.so
7f2a9355e000-7f2a93561000 rw-p 0002a000 103:05 1319030                   /usr/lib/jvm/java-8-oracle/jre/lib/amd64/libdcpr.so
7f2a93561000-7f2a93761000 rw-p 00000000 00:00 0 
7f2a93762000-7f2a93862000 rw-s 00000000 00:05 13369366                   /SYSV00000000 (deleted)
7f2a93862000-7f2a938ce000 r-xp 00000000 103:05 1319045                   /usr/lib/jvm/java-8-oracle/jre/lib/amd64/libt2k.so
7f2a938ce000-7f2a93ace000 ---p 0006c000 103:05 1319045                   /usr/lib/jvm/java-8-oracle/jre/lib/amd64/libt2k.so
7f2a93ace000-7f2a93ad4000 r--p 0006c000 103:05 1319045                   /usr/lib/jvm/java-8-oracle/jre/lib/amd64/libt2k.so
7f2a93ad4000-7f2a93ad5000 rw-p 00072000 103:05 1319045                   /usr/lib/jvm/java-8-oracle/jre/lib/amd64/libt2k.so
7f2a93ad5000-7f2a93ae6000 r-xp 00000000 103:05 1319086                   /usr/lib/jvm/java-8-oracle/jre/lib/amd64/libnio.so
7f2a93ae6000-7f2a93ce5000 ---p 00011000 103:05 1319086                   /usr/lib/jvm/java-8-oracle/jre/lib/amd64/libnio.so
7f2a93ce5000-7f2a93ce6000 r--p 00010000 103:05 1319086                   /usr/lib/jvm/java-8-oracle/jre/lib/amd64/libnio.so
7f2a93ce6000-7f2a93ce7000 rw-p 00011000 103:05 1319086                   /usr/lib/jvm/java-8-oracle/jre/lib/amd64/libnio.so
7f2a93ce7000-7f2a93cfd000 r-xp 00000000 103:05 1319083                   /usr/lib/jvm/java-8-oracle/jre/lib/amd64/libnet.so
7f2a93cfd000-7f2a93efd000 ---p 00016000 103:05 1319083                   /usr/lib/jvm/java-8-oracle/jre/lib/amd64/libnet.so
7f2a93efd000-7f2a93efe000 r--p 00016000 103:05 1319083                   /usr/lib/jvm/java-8-oracle/jre/lib/amd64/libnet.so
7f2a93efe000-7f2a93eff000 rw-p 00017000 103:05 1319083                   /usr/lib/jvm/java-8-oracle/jre/lib/amd64/libnet.so
7f2a93eff000-7f2a93f02000 ---p 00000000 00:00 0 
7f2a93f02000-7f2a94000000 rw-p 00000000 00:00 0 
7f2a94000000-7f2a9402b000 rw-p 00000000 00:00 0 
7f2a9402b000-7f2a98000000 ---p 00000000 00:00 0 
7f2a98000000-7f2a98021000 rw-p 00000000 00:00 0 
7f2a98021000-7f2a9c000000 ---p 00000000 00:00 0 
7f2a9c000000-7f2a9c021000 rw-p 00000000 00:00 0 
7f2a9c021000-7f2aa0000000 ---p 00000000 00:00 0 
7f2aa0000000-7f2aa0021000 rw-p 00000000 00:00 0 
7f2aa0021000-7f2aa4000000 ---p 00000000 00:00 0 
7f2aa4000000-7f2aa497b000 rw-p 00000000 00:00 0 
7f2aa497b000-7f2aa8000000 ---p 00000000 00:00 0 
7f2aa8000000-7f2aa8021000 rw-p 00000000 00:00 0 
7f2aa8021000-7f2aac000000 ---p 00000000 00:00 0 
7f2aac000000-7f2aac427000 rw-p 00000000 00:00 0 
7f2aac427000-7f2ab0000000 ---p 00000000 00:00 0 
7f2ab0000000-7f2ab05d2000 rw-p 00000000 00:00 0 
7f2ab05d2000-7f2ab4000000 ---p 00000000 00:00 0 
7f2ab4000000-7f2ab4021000 rw-p 00000000 00:00 0 
7f2ab4021000-7f2ab8000000 ---p 00000000 00:00 0 
7f2ab8000000-7f2ab8579000 rw-p 00000000 00:00 0 
7f2ab8579000-7f2abc000000 ---p 00000000 00:00 0 
7f2abc000000-7f2abc021000 rw-p 00000000 00:00 0 
7f2abc021000-7f2ac0000000 ---p 00000000 00:00 0 
7f2ac0000000-7f2ac1298000 rw-p 00000000 00:00 0 
7f2ac1298000-7f2ac4000000 ---p 00000000 00:00 0 
7f2ac4000000-7f2ac448d000 rw-p 00000000 00:00 0 
7f2ac448d000-7f2ac8000000 ---p 00000000 00:00 0 
7f2ac8071000-7f2ac807c000 r--s 00000000 103:05 2754318                   /var/cache/fontconfig/945677eb7aeaf62f1d50efc3fb3ec7d8-le64.cache-7
7f2ac807c000-7f2ac8081000 r--s 00000000 103:05 2754289                   /var/cache/fontconfig/2300eef321c393bfd76478a5c0e95b23-le64.cache-7
7f2ac8081000-7f2ac8082000 r--s 00000000 103:05 2754282                   /var/cache/fontconfig/0d8c3b2ac0904cb8a57a757ad11a4a08-le64.cache-7
7f2ac8082000-7f2ac8086000 r--s 00000000 103:05 2758608                   /var/cache/fontconfig/6d41288fd70b0be22e8c3a91e032eec0-le64.cache-7
7f2ac8086000-7f2ac809b000 r--s 00000000 103:05 2754278                   /var/cache/fontconfig/04aabc0a78ac019cf9454389977116d2-le64.cache-7
7f2ac809b000-7f2ac809c000 r--s 00000000 103:05 2754286                   /var/cache/fontconfig/1ac9eb803944fde146138c791f5cc56a-le64.cache-7
7f2ac809c000-7f2ac809d000 r--s 00000000 103:05 2754337                   /var/cache/fontconfig/dc05db6664285cc2f12bf69c139ae4c3-le64.cache-7
7f2ac809d000-7f2ac809f000 r--s 00000000 103:05 2754283                   /var/cache/fontconfig/14a5e22175779b556eaa434240950366-le64.cache-7
7f2ac809f000-7f2ac80a0000 r--s 00000000 103:05 2754310                   /var/cache/fontconfig/660208299946a285a940457d1287da33-le64.cache-7
7f2ac80a0000-7f2ac80a2000 r--s 00000000 103:05 2754301                   /var/cache/fontconfig/4f3e3037c9980c83b53a9351efadef62-le64.cache-7
7f2ac80a2000-7f2ac80a4000 r--s 00000000 103:05 2754315                   /var/cache/fontconfig/767a8244fc0220cfb567a839d0392e0b-le64.cache-7
7f2ac80a4000-7f2ac80a5000 r--s 00000000 103:05 2755050                   /var/cache/fontconfig/4794a0821666d79190d59a36cb4f44b5-le64.cache-7
7f2ac80a5000-7f2ac80a7000 r--s 00000000 103:05 2759434                   /var/cache/fontconfig/0bd3dc0958fa2205aaaa8ebb13e2872b-le64.cache-7
7f2ac80a7000-7f2ac80ac000 r--s 00000000 103:05 2754338                   /var/cache/fontconfig/def309198bfa603429122923fa2bb2d4-le64.cache-7
7f2ac80ac000-7f2ac80ad000 r--s 00000000 103:05 2754326                   /var/cache/fontconfig/b872e6e592da6075ffa4ab0a1fcc0c75-le64.cache-7
7f2ac80ad000-7f2ac80ae000 r--s 00000000 103:05 2754343                   /var/cache/fontconfig/f6d4eedfaab2589bde49f7a3ff831d22-le64.cache-7
7f2ac80ae000-7f2ac80af000 r--s 00000000 103:05 2754308                   /var/cache/fontconfig/589f83ef4c36d296ce6e1c846f468f08-le64.cache-7
7f2ac80af000-7f2ac80b0000 r--s 00000000 103:05 2754328                   /var/cache/fontconfig/bab58bb527bb656aaa9f116d68a48d89-le64.cache-7
7f2ac80b0000-7f2ac80b1000 r--s 00000000 103:05 2754287                   /var/cache/fontconfig/2171a34dccabdb6bcbbc728186263178-le64.cache-7
7f2ac80b1000-7f2ac80b2000 r--s 00000000 103:05 2754329                   /var/cache/fontconfig/c5c45a61289222e0d30b1a26ef4effbe-le64.cache-7
7f2ac80b2000-7f2ac80b3000 r--s 00000000 103:05 2754324                   /var/cache/fontconfig/aec30016f93e1b46d1a973dce0d74068-le64.cache-7
7f2ac80b3000-7f2ac80b4000 r--s 00000000 103:05 2754294                   /var/cache/fontconfig/3f589640d34b7dc9042c8d453f7c8b9c-le64.cache-7
7f2ac80b4000-7f2ac80b5000 r--s 00000000 103:05 2754284                   /var/cache/fontconfig/16c2fda60d1b4b719f4b3d06fd951d25-le64.cache-7
7f2ac80b5000-7f2ac80ba000 r--s 00000000 103:05 2754981                   /var/cache/fontconfig/9d2451b1fd30e5bffe8383fd27c35478-le64.cache-7
7f2ac80ba000-7f2ac80c0000 r--s 00000000 103:05 2759433                   /var/cache/fontconfig/3047814df9a2f067bd2d96a2b9c36e5a-le64.cache-7
7f2ac80c0000-7f2ac80c8000 r--s 00000000 103:05 2753774                   /var/cache/fontconfig/bf3b770c553c462765856025a94f1ce6-le64.cache-7
7f2ac80c8000-7f2ac80db000 r--s 00000000 103:05 2754334                   /var/cache/fontconfig/d52a8644073d54c13679302ca1180695-le64.cache-7
7f2ac80db000-7f2ac80de000 ---p 00000000 00:00 0 
7f2ac80de000-7f2ac83dc000 rw-p 00000000 00:00 0 
7f2ac83dc000-7f2ac83df000 ---p 00000000 00:00 0 
7f2ac83df000-7f2ac84dd000 rw-p 00000000 00:00 0 
7f2ac84dd000-7f2ac84e2000 r-xp 00000000 103:05 401423                    /usr/lib/x86_64-linux-gnu/libXfixes.so.3.1.0
7f2ac84e2000-7f2ac86e1000 ---p 00005000 103:05 401423                    /usr/lib/x86_64-linux-gnu/libXfixes.so.3.1.0
7f2ac86e1000-7f2ac86e2000 r--p 00004000 103:05 401423                    /usr/lib/x86_64-linux-gnu/libXfixes.so.3.1.0
7f2ac86e2000-7f2ac86e3000 rw-p 00005000 103:05 401423                    /usr/lib/x86_64-linux-gnu/libXfixes.so.3.1.0
7f2ac86e3000-7f2ac86ec000 r-xp 00000000 103:05 401415                    /usr/lib/x86_64-linux-gnu/libXcursor.so.1.0.2
7f2ac86ec000-7f2ac88eb000 ---p 00009000 103:05 401415                    /usr/lib/x86_64-linux-gnu/libXcursor.so.1.0.2
7f2ac88eb000-7f2ac88ec000 r--p 00008000 103:05 401415                    /usr/lib/x86_64-linux-gnu/libXcursor.so.1.0.2
7f2ac88ec000-7f2ac88ed000 rw-p 00009000 103:05 401415                    /usr/lib/x86_64-linux-gnu/libXcursor.so.1.0.2
7f2ac88ed000-7f2ac88f0000 ---p 00000000 00:00 0 
7f2ac88f0000-7f2ac89ee000 rw-p 00000000 00:00 0 
7f2ac89ee000-7f2ac8a05000 r-xp 00000000 103:05 3801177                   /lib/x86_64-linux-gnu/libgcc_s.so.1
7f2ac8a05000-7f2ac8c04000 ---p 00017000 103:05 3801177                   /lib/x86_64-linux-gnu/libgcc_s.so.1
7f2ac8c04000-7f2ac8c05000 r--p 00016000 103:05 3801177                   /lib/x86_64-linux-gnu/libgcc_s.so.1
7f2ac8c05000-7f2ac8c06000 rw-p 00017000 103:05 3801177                   /lib/x86_64-linux-gnu/libgcc_s.so.1
7f2ac8c06000-7f2ac8c07000 r--s 00000000 103:05 2754323                   /var/cache/fontconfig/a48eab177a16e4f3713381162db2f3e9-le64.cache-7
7f2ac8c07000-7f2ac8c08000 r--s 00000000 103:05 2754304                   /var/cache/fontconfig/564b2e68ac9bc4e36a6f7f6d6125ec1c-le64.cache-7
7f2ac8c08000-7f2ac8c09000 r--s 00000000 103:05 2754305                   /var/cache/fontconfig/56cf4f4769d0f4abc89a4895d7bd3ae1-le64.cache-7
7f2ac8c09000-7f2ac8c0a000 r--s 00000000 103:05 2754327                   /var/cache/fontconfig/b9d506c9ac06c20b433354fa67a72993-le64.cache-7
7f2ac8c0a000-7f2ac8c10000 r--s 00000000 103:05 2754325                   /var/cache/fontconfig/b47c4e1ecd0709278f4910c18777a504-le64.cache-7
7f2ac8c10000-7f2ac8c11000 r--s 00000000 103:05 2754292                   /var/cache/fontconfig/370e5b74bf5dafc30834de68e24a87a4-le64.cache-7
7f2ac8c11000-7f2ac8c12000 r--s 00000000 103:05 2754313                   /var/cache/fontconfig/6b2c5944714ca7831b25bed9e85cb5c8-le64.cache-7
7f2ac8c12000-7f2ac8c13000 r--s 00000000 103:05 2754333                   /var/cache/fontconfig/d5178ab6d91b49bf20a416737dcea9e8-le64.cache-7
7f2ac8c13000-7f2ac8c14000 r--s 00000000 103:05 2754303                   /var/cache/fontconfig/551ecf3b0e8b0bca0f25c0944f561853-le64.cache-7
7f2ac8c14000-7f2ac8c17000 r--s 00000000 103:05 2754342                   /var/cache/fontconfig/f259c2cffa685e28062317905db73c4a-le64.cache-7
7f2ac8c17000-7f2ac8c1a000 r--s 00000000 103:05 2754311                   /var/cache/fontconfig/674d1711f2d1d2a09646eb0bdcadee49-le64.cache-7
7f2ac8c1a000-7f2ac8c1e000 r--s 00000000 103:05 2754335                   /var/cache/fontconfig/d589a48862398ed80a3d6066f4f56f4c-le64.cache-7
7f2ac8c1e000-7f2ac8c2c000 r--s 00000000 103:05 2754320                   /var/cache/fontconfig/9b89f8e3dae116d678bbf48e5f21f69b-le64.cache-7
7f2ac8c2c000-7f2ac8c89000 r-xp 00000000 103:05 1319057                   /usr/lib/jvm/java-8-oracle/jre/lib/amd64/libfontmanager.so
7f2ac8c89000-7f2ac8e89000 ---p 0005d000 103:05 1319057                   /usr/lib/jvm/java-8-oracle/jre/lib/amd64/libfontmanager.so
7f2ac8e89000-7f2ac8e8c000 r--p 0005d000 103:05 1319057                   /usr/lib/jvm/java-8-oracle/jre/lib/amd64/libfontmanager.so
7f2ac8e8c000-7f2ac8e8d000 rw-p 00060000 103:05 1319057                   /usr/lib/jvm/java-8-oracle/jre/lib/amd64/libfontmanager.so
7f2ac8e8d000-7f2ac8ea0000 r-xp 00000000 103:05 3806054                   /lib/x86_64-linux-gnu/libbsd.so.0.8.7
7f2ac8ea0000-7f2ac909f000 ---p 00013000 103:05 3806054                   /lib/x86_64-linux-gnu/libbsd.so.0.8.7
7f2ac909f000-7f2ac90a0000 r--p 00012000 103:05 3806054                   /lib/x86_64-linux-gnu/libbsd.so.0.8.7
7f2ac90a0000-7f2ac90a1000 rw-p 00013000 103:05 3806054                   /lib/x86_64-linux-gnu/libbsd.so.0.8.7
7f2ac90a1000-7f2ac90a2000 rw-p 00000000 00:00 0 
7f2ac90a2000-7f2ac90a7000 r-xp 00000000 103:05 401419                    /usr/lib/x86_64-linux-gnu/libXdmcp.so.6.0.0
7f2ac90a7000-7f2ac92a6000 ---p 00005000 103:05 401419                    /usr/lib/x86_64-linux-gnu/libXdmcp.so.6.0.0
7f2ac92a6000-7f2ac92a7000 r--p 00004000 103:05 401419                    /usr/lib/x86_64-linux-gnu/libXdmcp.so.6.0.0
7f2ac92a7000-7f2ac92a8000 rw-p 00005000 103:05 401419                    /usr/lib/x86_64-linux-gnu/libXdmcp.so.6.0.0
7f2ac92a8000-7f2ac92aa000 r-xp 00000000 103:05 401408                    /usr/lib/x86_64-linux-gnu/libXau.so.6.0.0
7f2ac92aa000-7f2ac94aa000 ---p 00002000 103:05 401408                    /usr/lib/x86_64-linux-gnu/libXau.so.6.0.0
7f2ac94aa000-7f2ac94ab000 r--p 00002000 103:05 401408                    /usr/lib/x86_64-linux-gnu/libXau.so.6.0.0
7f2ac94ab000-7f2ac94ac000 rw-p 00003000 103:05 401408                    /usr/lib/x86_64-linux-gnu/libXau.so.6.0.0
7f2ac94ac000-7f2ac94d2000 r-xp 00000000 103:05 396084                    /usr/lib/x86_64-linux-gnu/libxcb.so.1.1.0
7f2ac94d2000-7f2ac96d2000 ---p 00026000 103:05 396084                    /usr/lib/x86_64-linux-gnu/libxcb.so.1.1.0
7f2ac96d2000-7f2ac96d3000 r--p 00026000 103:05 396084                    /usr/lib/x86_64-linux-gnu/libxcb.so.1.1.0
7f2ac96d3000-7f2ac96d4000 rw-p 00027000 103:05 396084                    /usr/lib/x86_64-linux-gnu/libxcb.so.1.1.0
7f2ac96d4000-7f2ac96e3000 r-xp 00000000 103:05 401429                    /usr/lib/x86_64-linux-gnu/libXi.so.6.1.0
7f2ac96e3000-7f2ac98e2000 ---p 0000f000 103:05 401429                    /usr/lib/x86_64-linux-gnu/libXi.so.6.1.0
7f2ac98e2000-7f2ac98e3000 r--p 0000e000 103:05 401429                    /usr/lib/x86_64-linux-gnu/libXi.so.6.1.0
7f2ac98e3000-7f2ac98e4000 rw-p 0000f000 103:05 401429                    /usr/lib/x86_64-linux-gnu/libXi.so.6.1.0
7f2ac98e4000-7f2ac98e9000 r-xp 00000000 103:05 401447                    /usr/lib/x86_64-linux-gnu/libXtst.so.6.1.0
7f2ac98e9000-7f2ac9ae8000 ---p 00005000 103:05 401447                    /usr/lib/x86_64-linux-gnu/libXtst.so.6.1.0
7f2ac9ae8000-7f2ac9ae9000 r--p 00004000 103:05 401447                    /usr/lib/x86_64-linux-gnu/libXtst.so.6.1.0
7f2ac9ae9000-7f2ac9aea000 rw-p 00005000 103:05 401447                    /usr/lib/x86_64-linux-gnu/libXtst.so.6.1.0
7f2ac9aea000-7f2ac9af3000 r-xp 00000000 103:05 401441                    /usr/lib/x86_64-linux-gnu/libXrender.so.1.3.0
7f2ac9af3000-7f2ac9cf2000 ---p 00009000 103:05 401441                    /usr/lib/x86_64-linux-gnu/libXrender.so.1.3.0
7f2ac9cf2000-7f2ac9cf3000 r--p 00008000 103:05 401441                    /usr/lib/x86_64-linux-gnu/libXrender.so.1.3.0
7f2ac9cf3000-7f2ac9cf4000 rw-p 00009000 103:05 401441                    /usr/lib/x86_64-linux-gnu/libXrender.so.1.3.0
7f2ac9cf4000-7f2ac9e27000 r-xp 00000000 103:05 400060                    /usr/lib/x86_64-linux-gnu/libX11.so.6.3.0
7f2ac9e27000-7f2aca027000 ---p 00133000 103:05 400060                    /usr/lib/x86_64-linux-gnu/libX11.so.6.3.0
7f2aca027000-7f2aca028000 r--p 00133000 103:05 400060                    /usr/lib/x86_64-linux-gnu/libX11.so.6.3.0
7f2aca028000-7f2aca02c000 rw-p 00134000 103:05 400060                    /usr/lib/x86_64-linux-gnu/libX11.so.6.3.0
7f2aca02c000-7f2aca03d000 r-xp 00000000 103:05 401421                    /usr/lib/x86_64-linux-gnu/libXext.so.6.4.0
7f2aca03d000-7f2aca23c000 ---p 00011000 103:05 401421                    /usr/lib/x86_64-linux-gnu/libXext.so.6.4.0
7f2aca23c000-7f2aca23d000 r--p 00010000 103:05 401421                    /usr/lib/x86_64-linux-gnu/libXext.so.6.4.0
7f2aca23d000-7f2aca23e000 rw-p 00011000 103:05 401421                    /usr/lib/x86_64-linux-gnu/libXext.so.6.4.0
7f2aca23e000-7f2aca264000 r--p 00000000 103:05 1182632                   /usr/share/locale-langpack/fr/LC_MESSAGES/libc.mo
7f2aca264000-7f2aca2b7000 r-xp 00000000 103:05 1319090                   /usr/lib/jvm/java-8-oracle/jre/lib/amd64/libawt_xawt.so
7f2aca2b7000-7f2aca4b6000 ---p 00053000 103:05 1319090                   /usr/lib/jvm/java-8-oracle/jre/lib/amd64/libawt_xawt.so
7f2aca4b6000-7f2aca4b7000 r--p 00052000 103:05 1319090                   /usr/lib/jvm/java-8-oracle/jre/lib/amd64/libawt_xawt.so
7f2aca4b7000-7f2aca4ba000 rw-p 00053000 103:05 1319090                   /usr/lib/jvm/java-8-oracle/jre/lib/amd64/libawt_xawt.so
7f2aca4ba000-7f2aca4bb000 rw-p 00000000 00:00 0 
7f2aca4bb000-7f2aca55b000 r-xp 00000000 103:05 1319075                   /usr/lib/jvm/java-8-oracle/jre/lib/amd64/libawt.so
7f2aca55b000-7f2aca75a000 ---p 000a0000 103:05 1319075                   /usr/lib/jvm/java-8-oracle/jre/lib/amd64/libawt.so
7f2aca75a000-7f2aca75b000 r--p 0009f000 103:05 1319075                   /usr/lib/jvm/java-8-oracle/jre/lib/amd64/libawt.so
7f2aca75b000-7f2aca766000 rw-p 000a0000 103:05 1319075                   /usr/lib/jvm/java-8-oracle/jre/lib/amd64/libawt.so
7f2aca766000-7f2aca78b000 rw-p 00000000 00:00 0 
7f2aca78b000-7f2aca78c000 ---p 00000000 00:00 0 
7f2aca78c000-7f2aca88c000 rw-p 00000000 00:00 0 
7f2aca88c000-7f2aca88f000 ---p 00000000 00:00 0 
7f2aca88f000-7f2aca98d000 rw-p 00000000 00:00 0 
7f2aca98d000-7f2aca98e000 ---p 00000000 00:00 0 
7f2aca98e000-7f2aca991000 ---p 00000000 00:00 0 
7f2aca991000-7f2acaa8e000 rw-p 00000000 00:00 0 
7f2acaa8e000-7f2acaa8f000 ---p 00000000 00:00 0 
7f2acaa8f000-7f2acaa92000 ---p 00000000 00:00 0 
7f2acaa92000-7f2acab8f000 rw-p 00000000 00:00 0 
7f2acab8f000-7f2acab90000 ---p 00000000 00:00 0 
7f2acab90000-7f2acab93000 ---p 00000000 00:00 0 
7f2acab93000-7f2acac90000 rw-p 00000000 00:00 0 
7f2acac90000-7f2acac91000 ---p 00000000 00:00 0 
7f2acac91000-7f2acac94000 ---p 00000000 00:00 0 
7f2acac94000-7f2acad91000 rw-p 00000000 00:00 0 
7f2acad91000-7f2acad94000 ---p 00000000 00:00 0 
7f2acad94000-7f2acae92000 rw-p 00000000 00:00 0 
7f2acae92000-7f2acb861000 r--p 00000000 103:05 400112                    /usr/lib/locale/locale-archive
7f2acb861000-7f2acb864000 ---p 00000000 00:00 0 
7f2acb864000-7f2acb962000 rw-p 00000000 00:00 0 
7f2acb962000-7f2acb965000 ---p 00000000 00:00 0 
7f2acb965000-7f2acba63000 rw-p 00000000 00:00 0 
7f2acba63000-7f2acba64000 ---p 00000000 00:00 0 
7f2acba64000-7f2adc000000 rw-p 00000000 00:00 0 
7f2adc000000-7f2adc021000 rw-p 00000000 00:00 0 
7f2adc021000-7f2ae0000000 ---p 00000000 00:00 0 
7f2ae0000000-7f2ae0021000 rw-p 00000000 00:00 0 
7f2ae0021000-7f2ae4000000 ---p 00000000 00:00 0 
7f2ae4000000-7f2ae410e000 rw-p 00000000 00:00 0 
7f2ae410e000-7f2ae8000000 ---p 00000000 00:00 0 
7f2ae8000000-7f2ae8546000 rw-p 00000000 00:00 0 
7f2ae8546000-7f2aec000000 ---p 00000000 00:00 0 
7f2aec000000-7f2aec021000 rw-p 00000000 00:00 0 
7f2aec021000-7f2af0000000 ---p 00000000 00:00 0 
7f2af0000000-7f2af0021000 rw-p 00000000 00:00 0 
7f2af0021000-7f2af4000000 ---p 00000000 00:00 0 
7f2af4000000-7f2af456b000 rw-p 00000000 00:00 0 
7f2af456b000-7f2af8000000 ---p 00000000 00:00 0 
7f2af8000000-7f2af8021000 rw-p 00000000 00:00 0 
7f2af8021000-7f2afc000000 ---p 00000000 00:00 0 
7f2afc000000-7f2afc021000 rw-p 00000000 00:00 0 
7f2afc021000-7f2b00000000 ---p 00000000 00:00 0 
7f2b00000000-7f2b00021000 rw-p 00000000 00:00 0 
7f2b00021000-7f2b04000000 ---p 00000000 00:00 0 
7f2b04000000-7f2b0400e000 r--s 00000000 103:05 2764616                   /var/cache/fontconfig/e13b20fdb08344e0e664864cc2ede53d-le64.cache-7
7f2b0400e000-7f2b057bd000 rw-p 00000000 00:00 0 
7f2b057bd000-7f2b05997000 r--s 03d6f000 103:05 1319016                   /usr/lib/jvm/java-8-oracle/jre/lib/rt.jar
7f2b05997000-7f2b071ff000 rw-p 00000000 00:00 0 
7f2b071ff000-7f2b07200000 ---p 00000000 00:00 0 
7f2b07200000-7f2b07300000 rw-p 00000000 00:00 0 
7f2b07300000-7f2b07301000 ---p 00000000 00:00 0 
7f2b07301000-7f2b07401000 rw-p 00000000 00:00 0 
7f2b07401000-7f2b07402000 ---p 00000000 00:00 0 
7f2b07402000-7f2b07502000 rw-p 00000000 00:00 0 
7f2b07502000-7f2b07503000 ---p 00000000 00:00 0 
7f2b07503000-7f2b07935000 rw-p 00000000 00:00 0 
7f2b07935000-7f2b08068000 ---p 00000000 00:00 0 
7f2b08068000-7f2b0839a000 rw-p 00000000 00:00 0 
7f2b0839a000-7f2b08acc000 ---p 00000000 00:00 0 
7f2b08acc000-7f2b08f68000 rw-p 00000000 00:00 0 
7f2b08f68000-7f2b08fff000 ---p 00000000 00:00 0 
7f2b08fff000-7f2b09000000 rw-p 00000000 00:00 0 
7f2b09000000-7f2b09850000 rwxp 00000000 00:00 0 
7f2b09850000-7f2b18000000 ---p 00000000 00:00 0 
7f2b18000000-7f2b1c000000 rw-p 00000000 00:00 0 
7f2b1c000000-7f2b1c002000 r--s 00000000 103:05 2754302                   /var/cache/fontconfig/550f3886151c940c12a5ed35f6a00586-le64.cache-7
7f2b1c002000-7f2b1c003000 r--s 00000000 103:05 2754295                   /var/cache/fontconfig/3f7329c5293ffd510edef78f73874cfd-le64.cache-7
7f2b1c003000-7f2b1c004000 ---p 00000000 00:00 0 
7f2b1c004000-7f2b1c104000 rw-p 00000000 00:00 0 
7f2b1c104000-7f2b1c105000 ---p 00000000 00:00 0 
7f2b1c105000-7f2b1c205000 rw-p 00000000 00:00 0 
7f2b1c205000-7f2b1c206000 ---p 00000000 00:00 0 
7f2b1c206000-7f2b1c306000 rw-p 00000000 00:00 0 
7f2b1c306000-7f2b1c307000 ---p 00000000 00:00 0 
7f2b1c307000-7f2b1c407000 rw-p 00000000 00:00 0 
7f2b1c407000-7f2b1c408000 ---p 00000000 00:00 0 
7f2b1c408000-7f2b1c508000 rw-p 00000000 00:00 0 
7f2b1c508000-7f2b1c509000 ---p 00000000 00:00 0 
7f2b1c509000-7f2b1c62b000 rw-p 00000000 00:00 0 
7f2b1c62b000-7f2b1c9c9000 ---p 00000000 00:00 0 
7f2b1c9c9000-7f2b1c9e4000 r-xp 00000000 103:05 1319079                   /usr/lib/jvm/java-8-oracle/jre/lib/amd64/libzip.so
7f2b1c9e4000-7f2b1cbe3000 ---p 0001b000 103:05 1319079                   /usr/lib/jvm/java-8-oracle/jre/lib/amd64/libzip.so
7f2b1cbe3000-7f2b1cbe4000 r--p 0001a000 103:05 1319079                   /usr/lib/jvm/java-8-oracle/jre/lib/amd64/libzip.so
7f2b1cbe4000-7f2b1cbe5000 rw-p 0001b000 103:05 1319079                   /usr/lib/jvm/java-8-oracle/jre/lib/amd64/libzip.so
7f2b1cbe5000-7f2b1cbf0000 r-xp 00000000 103:05 3806148                   /lib/x86_64-linux-gnu/libnss_files-2.27.so
7f2b1cbf0000-7f2b1cdef000 ---p 0000b000 103:05 3806148                   /lib/x86_64-linux-gnu/libnss_files-2.27.so
7f2b1cdef000-7f2b1cdf0000 r--p 0000a000 103:05 3806148                   /lib/x86_64-linux-gnu/libnss_files-2.27.so
7f2b1cdf0000-7f2b1cdf1000 rw-p 0000b000 103:05 3806148                   /lib/x86_64-linux-gnu/libnss_files-2.27.so
7f2b1cdf1000-7f2b1cdf7000 rw-p 00000000 00:00 0 
7f2b1cdf7000-7f2b1ce0e000 r-xp 00000000 103:05 3806142                   /lib/x86_64-linux-gnu/libnsl-2.27.so
7f2b1ce0e000-7f2b1d00d000 ---p 00017000 103:05 3806142                   /lib/x86_64-linux-gnu/libnsl-2.27.so
7f2b1d00d000-7f2b1d00e000 r--p 00016000 103:05 3806142                   /lib/x86_64-linux-gnu/libnsl-2.27.so
7f2b1d00e000-7f2b1d00f000 rw-p 00017000 103:05 3806142                   /lib/x86_64-linux-gnu/libnsl-2.27.so
7f2b1d00f000-7f2b1d011000 rw-p 00000000 00:00 0 
7f2b1d011000-7f2b1d01c000 r-xp 00000000 103:05 3806159                   /lib/x86_64-linux-gnu/libnss_nis-2.27.so
7f2b1d01c000-7f2b1d21b000 ---p 0000b000 103:05 3806159                   /lib/x86_64-linux-gnu/libnss_nis-2.27.so
7f2b1d21b000-7f2b1d21c000 r--p 0000a000 103:05 3806159                   /lib/x86_64-linux-gnu/libnss_nis-2.27.so
7f2b1d21c000-7f2b1d21d000 rw-p 0000b000 103:05 3806159                   /lib/x86_64-linux-gnu/libnss_nis-2.27.so
7f2b1d21d000-7f2b1d225000 r-xp 00000000 103:05 3806144                   /lib/x86_64-linux-gnu/libnss_compat-2.27.so
7f2b1d225000-7f2b1d425000 ---p 00008000 103:05 3806144                   /lib/x86_64-linux-gnu/libnss_compat-2.27.so
7f2b1d425000-7f2b1d426000 r--p 00008000 103:05 3806144                   /lib/x86_64-linux-gnu/libnss_compat-2.27.so
7f2b1d426000-7f2b1d427000 rw-p 00009000 103:05 3806144                   /lib/x86_64-linux-gnu/libnss_compat-2.27.so
7f2b1d427000-7f2b1d453000 r-xp 00000000 103:05 1319071                   /usr/lib/jvm/java-8-oracle/jre/lib/amd64/libjava.so
7f2b1d453000-7f2b1d653000 ---p 0002c000 103:05 1319071                   /usr/lib/jvm/java-8-oracle/jre/lib/amd64/libjava.so
7f2b1d653000-7f2b1d654000 r--p 0002c000 103:05 1319071                   /usr/lib/jvm/java-8-oracle/jre/lib/amd64/libjava.so
7f2b1d654000-7f2b1d656000 rw-p 0002d000 103:05 1319071                   /usr/lib/jvm/java-8-oracle/jre/lib/amd64/libjava.so
7f2b1d656000-7f2b1d663000 r-xp 00000000 103:05 1319077                   /usr/lib/jvm/java-8-oracle/jre/lib/amd64/libverify.so
7f2b1d663000-7f2b1d862000 ---p 0000d000 103:05 1319077                   /usr/lib/jvm/java-8-oracle/jre/lib/amd64/libverify.so
7f2b1d862000-7f2b1d864000 r--p 0000c000 103:05 1319077                   /usr/lib/jvm/java-8-oracle/jre/lib/amd64/libverify.so
7f2b1d864000-7f2b1d865000 rw-p 0000e000 103:05 1319077                   /usr/lib/jvm/java-8-oracle/jre/lib/amd64/libverify.so
7f2b1d865000-7f2b1d86c000 r-xp 00000000 103:05 3806199                   /lib/x86_64-linux-gnu/librt-2.27.so
7f2b1d86c000-7f2b1da6b000 ---p 00007000 103:05 3806199                   /lib/x86_64-linux-gnu/librt-2.27.so
7f2b1da6b000-7f2b1da6c000 r--p 00006000 103:05 3806199                   /lib/x86_64-linux-gnu/librt-2.27.so
7f2b1da6c000-7f2b1da6d000 rw-p 00007000 103:05 3806199                   /lib/x86_64-linux-gnu/librt-2.27.so
7f2b1da6d000-7f2b1dc0a000 r-xp 00000000 103:05 3806121                   /lib/x86_64-linux-gnu/libm-2.27.so
7f2b1dc0a000-7f2b1de09000 ---p 0019d000 103:05 3806121                   /lib/x86_64-linux-gnu/libm-2.27.so
7f2b1de09000-7f2b1de0a000 r--p 0019c000 103:05 3806121                   /lib/x86_64-linux-gnu/libm-2.27.so
7f2b1de0a000-7f2b1de0b000 rw-p 0019d000 103:05 3806121                   /lib/x86_64-linux-gnu/libm-2.27.so
7f2b1de0b000-7f2b1eaf3000 r-xp 00000000 103:05 1581920                   /usr/lib/jvm/java-8-oracle/jre/lib/amd64/server/libjvm.so
7f2b1eaf3000-7f2b1ecf2000 ---p 00ce8000 103:05 1581920                   /usr/lib/jvm/java-8-oracle/jre/lib/amd64/server/libjvm.so
7f2b1ecf2000-7f2b1ed88000 r--p 00ce7000 103:05 1581920                   /usr/lib/jvm/java-8-oracle/jre/lib/amd64/server/libjvm.so
7f2b1ed88000-7f2b1edb9000 rw-p 00d7d000 103:05 1581920                   /usr/lib/jvm/java-8-oracle/jre/lib/amd64/server/libjvm.so
7f2b1edb9000-7f2b1edf4000 rw-p 00000000 00:00 0 
7f2b1edf4000-7f2b1efdb000 r-xp 00000000 103:05 3806058                   /lib/x86_64-linux-gnu/libc-2.27.so
7f2b1efdb000-7f2b1f1db000 ---p 001e7000 103:05 3806058                   /lib/x86_64-linux-gnu/libc-2.27.so
7f2b1f1db000-7f2b1f1df000 r--p 001e7000 103:05 3806058                   /lib/x86_64-linux-gnu/libc-2.27.so
7f2b1f1df000-7f2b1f1e1000 rw-p 001eb000 103:05 3806058                   /lib/x86_64-linux-gnu/libc-2.27.so
7f2b1f1e1000-7f2b1f1e5000 rw-p 00000000 00:00 0 
7f2b1f1e5000-7f2b1f1e8000 r-xp 00000000 103:05 3806081                   /lib/x86_64-linux-gnu/libdl-2.27.so
7f2b1f1e8000-7f2b1f3e7000 ---p 00003000 103:05 3806081                   /lib/x86_64-linux-gnu/libdl-2.27.so
7f2b1f3e7000-7f2b1f3e8000 r--p 00002000 103:05 3806081                   /lib/x86_64-linux-gnu/libdl-2.27.so
7f2b1f3e8000-7f2b1f3e9000 rw-p 00003000 103:05 3806081                   /lib/x86_64-linux-gnu/libdl-2.27.so
7f2b1f3e9000-7f2b1f400000 r-xp 00000000 103:05 409197                    /usr/lib/jvm/java-8-oracle/lib/amd64/jli/libjli.so
7f2b1f400000-7f2b1f5ff000 ---p 00017000 103:05 409197                    /usr/lib/jvm/java-8-oracle/lib/amd64/jli/libjli.so
7f2b1f5ff000-7f2b1f600000 r--p 00016000 103:05 409197                    /usr/lib/jvm/java-8-oracle/lib/amd64/jli/libjli.so
7f2b1f600000-7f2b1f601000 rw-p 00017000 103:05 409197                    /usr/lib/jvm/java-8-oracle/lib/amd64/jli/libjli.so
7f2b1f601000-7f2b1f61b000 r-xp 00000000 103:05 3806191                   /lib/x86_64-linux-gnu/libpthread-2.27.so
7f2b1f61b000-7f2b1f81a000 ---p 0001a000 103:05 3806191                   /lib/x86_64-linux-gnu/libpthread-2.27.so
7f2b1f81a000-7f2b1f81b000 r--p 00019000 103:05 3806191                   /lib/x86_64-linux-gnu/libpthread-2.27.so
7f2b1f81b000-7f2b1f81c000 rw-p 0001a000 103:05 3806191                   /lib/x86_64-linux-gnu/libpthread-2.27.so
7f2b1f81c000-7f2b1f820000 rw-p 00000000 00:00 0 
7f2b1f820000-7f2b1f826000 r-xp 00000000 103:05 413404                    /usr/lib/x86_64-linux-gnu/libgtk3-nocsd.so.0
7f2b1f826000-7f2b1fa25000 ---p 00006000 103:05 413404                    /usr/lib/x86_64-linux-gnu/libgtk3-nocsd.so.0
7f2b1fa25000-7f2b1fa26000 r--p 00005000 103:05 413404                    /usr/lib/x86_64-linux-gnu/libgtk3-nocsd.so.0
7f2b1fa26000-7f2b1fa27000 rw-p 00006000 103:05 413404                    /usr/lib/x86_64-linux-gnu/libgtk3-nocsd.so.0
7f2b1fa27000-7f2b1fa4e000 r-xp 00000000 103:05 3806030                   /lib/x86_64-linux-gnu/ld-2.27.so
7f2b1fa4e000-7f2b1fa4f000 r--s 00000000 103:05 2754281                   /var/cache/fontconfig/0c9eb80ebd1c36541ebe2852d3bb0c49-le64.cache-7
7f2b1fa4f000-7f2b1fa50000 r--s 00000000 103:05 2754288                   /var/cache/fontconfig/22368d551a680bfe5a62c02760edf4ea-le64.cache-7
7f2b1fa50000-7f2b1fa51000 r--s 00000000 103:05 2754300                   /var/cache/fontconfig/4d9c95eba1cb85bbcf2878543262124a-le64.cache-7
7f2b1fa51000-7f2b1fa52000 r--s 00000000 103:05 2754317                   /var/cache/fontconfig/85e0a52ce643a7ba2ae53e5d6949cead-le64.cache-7
7f2b1fa52000-7f2b1fa53000 r--s 00000000 103:05 2754297                   /var/cache/fontconfig/49f0de54bdd920fe4f0dfd4cbac43e6b-le64.cache-7
7f2b1fa53000-7f2b1fa54000 r--s 00000000 103:05 2754344                   /var/cache/fontconfig/f6e6e0a5c3d2f6ae0c0c2e0ecd42a997-le64.cache-7
7f2b1fa54000-7f2b1fa55000 r--s 00000000 103:05 2754298                   /var/cache/fontconfig/4b2eda6bb976bda485cb2176619421d5-le64.cache-7
7f2b1fa55000-7f2b1fa5f000 r--s 00226000 103:05 1984601                   /home/fernandr/.m2/repository/net/imagej/ij/1.52k/ij-1.52k.jar
7f2b1fa5f000-7f2b1fb23000 rw-p 00000000 00:00 0 
7f2b1fb23000-7f2b1fb24000 ---p 00000000 00:00 0 
7f2b1fb24000-7f2b1fb27000 ---p 00000000 00:00 0 
7f2b1fb27000-7f2b1fc28000 rw-p 00000000 00:00 0 
7f2b1fc28000-7f2b1fc2a000 r--s 00000000 103:05 2754312                   /var/cache/fontconfig/6afa1bb216ce958c1589e297e8008489-le64.cache-7
7f2b1fc2a000-7f2b1fc31000 r--s 00000000 103:05 657616                    /usr/lib/x86_64-linux-gnu/gconv/gconv-modules.cache
7f2b1fc31000-7f2b1fc38000 r--s 00095000 103:05 2028044                   /home/fernandr/Programmes/LIB_EXT/JAR/VIB-lib-2.1.2.jar
7f2b1fc38000-7f2b1fc43000 r--s 00093000 103:05 1983880                   /home/fernandr/Programmes/LIB_EXT/JAR/simpleitk-1.2.0.jar
7f2b1fc43000-7f2b1fc44000 r--s 00005000 103:05 3411772                   /home/fernandr/eclipse-workspace/MyIJPlugs/vitimage/target/lib/ext/lma.jar
7f2b1fc44000-7f2b1fc4c000 rw-s 00000000 103:05 2883657                   /tmp/hsperfdata_fernandr/3056
7f2b1fc4c000-7f2b1fc4d000 rw-p 00000000 00:00 0 
7f2b1fc4d000-7f2b1fc4e000 r--p 00000000 00:00 0 
7f2b1fc4e000-7f2b1fc4f000 r--p 00027000 103:05 3806030                   /lib/x86_64-linux-gnu/ld-2.27.so
7f2b1fc4f000-7f2b1fc50000 rw-p 00028000 103:05 3806030                   /lib/x86_64-linux-gnu/ld-2.27.so
7f2b1fc50000-7f2b1fc51000 rw-p 00000000 00:00 0 
7ffffcbc9000-7ffffcbeb000 rw-p 00000000 00:00 0                          [stack]
7ffffcbfb000-7ffffcbfe000 r--p 00000000 00:00 0                          [vvar]
7ffffcbfe000-7ffffcc00000 r-xp 00000000 00:00 0                          [vdso]
ffffffffff600000-ffffffffff601000 r-xp 00000000 00:00 0                  [vsyscall]

VM Arguments:
jvm_args: -Djava.library.path=/home/fernandr/Programmes/Fiji.app/lib/linux64 -Dfile.encoding=UTF-8 
java_command: com.vitimage.BlockMatchingRegistration
java_class_path (initial): /home/fernandr/eclipse-workspace/MyIJPlugs/vitimage/target/lib/ext/lma.jar:/home/fernandr/eclipse-workspace/MyIJPlugs/vitimage/target/classes:/home/fernandr/Programmes/LIB_EXT/JAR/simpleitk-1.2.0.jar:/home/fernandr/Programmes/LIB_EXT/JAR/VIB-lib-2.1.2.jar:/home/fernandr/.m2/repository/net/imagej/ij/1.52k/ij-1.52k.jar:/usr/lib/jvm/java-8-oracle/lib/tools.jar:/home/fernandr/.m2/repository/sc/fiji/imagescience/3.0.0/imagescience-3.0.0.jar:/home/fernandr/.m2/repository/sc/fiji/Image_5D/1.2.6/Image_5D-1.2.6.jar:/home/fernandr/.m2/repository/sc/fiji/VIB-lib/2.1.2/VIB-lib-2.1.2.jar:/home/fernandr/.m2/repository/sc/fiji/pal-optimization/2.0.0/pal-optimization-2.0.0.jar:/home/fernandr/.m2/repository/gov/nist/math/jama/1.0.3/jama-1.0.3.jar
Launcher Type: SUN_STANDARD

Environment Variables:
JAVA_HOME=/usr/lib/jvm/java-8-oracle
PATH=/home/fernandr/Programmes/Fiji.app:/home/fernandr/Scripts:/usr/lib/jvm/java-8-oracle/bin:/usr/lib/jvm/java-8-oracle/bin:/usr/local/sbin:/usr/local/bin:/usr/sbin:/usr/bin:/sbin:/bin:/usr/games:/usr/local/games:/home/fernandr/Programmes/ImageJ:/home/fernandr/Programmes/Fiji.app:/snap/bin:/usr/lib/jvm/java-8-oracle/bin:/usr/lib/jvm/java-8-oracle/db/bin:/usr/lib/jvm/java-8-oracle/jre/bin
USERNAME=fernandr
LD_PRELOAD=libgtk3-nocsd.so.0
SHELL=/bin/bash
DISPLAY=:0

Signal Handlers:
SIGSEGV: [libjvm.so+0xad3e60], sa_mask[0]=11111111011111111101111111111110, sa_flags=SA_RESTART|SA_SIGINFO
SIGBUS: [libjvm.so+0xad3e60], sa_mask[0]=11111111011111111101111111111110, sa_flags=SA_RESTART|SA_SIGINFO
SIGFPE: [libjvm.so+0x90b880], sa_mask[0]=11111111011111111101111111111110, sa_flags=SA_RESTART|SA_SIGINFO
SIGPIPE: [libjvm.so+0x90b880], sa_mask[0]=11111111011111111101111111111110, sa_flags=SA_RESTART|SA_SIGINFO
SIGXFSZ: [libjvm.so+0x90b880], sa_mask[0]=11111111011111111101111111111110, sa_flags=SA_RESTART|SA_SIGINFO
SIGILL: [libjvm.so+0x90b880], sa_mask[0]=11111111011111111101111111111110, sa_flags=SA_RESTART|SA_SIGINFO
SIGUSR1: SIG_DFL, sa_mask[0]=00000000000000000000000000000000, sa_flags=none
SIGUSR2: [libjvm.so+0x90b750], sa_mask[0]=00100000000000000000000000000000, sa_flags=SA_RESTART|SA_SIGINFO
SIGHUP: [libjvm.so+0x90bd70], sa_mask[0]=11111111011111111101111111111110, sa_flags=SA_RESTART|SA_SIGINFO
SIGINT: [libjvm.so+0x90bd70], sa_mask[0]=11111111011111111101111111111110, sa_flags=SA_RESTART|SA_SIGINFO
SIGTERM: [libjvm.so+0x90bd70], sa_mask[0]=11111111011111111101111111111110, sa_flags=SA_RESTART|SA_SIGINFO
SIGQUIT: [libjvm.so+0x90bd70], sa_mask[0]=11111111011111111101111111111110, sa_flags=SA_RESTART|SA_SIGINFO


---------------  S Y S T E M  ---------------

OS:DISTRIB_ID=Ubuntu
DISTRIB_RELEASE=18.04
DISTRIB_CODENAME=bionic
DISTRIB_DESCRIPTION="Ubuntu 18.04.2 LTS"

uname:Linux 4.15.0-50-generic #54-Ubuntu SMP Mon May 6 18:46:08 UTC 2019 x86_64
libc:glibc 2.27 NPTL 2.27 
rlimit: STACK 8192k, CORE 0k, NPROC 127338, NOFILE 4096, AS infinity
load average:3,08 2,69 2,34

/proc/meminfo:
MemTotal:       32693752 kB
MemFree:         9379244 kB
MemAvailable:   24043276 kB
Buffers:        12148732 kB
Cached:          2634244 kB
SwapCached:            0 kB
Active:          8232316 kB
Inactive:       14030720 kB
Active(anon):    6783684 kB
Inactive(anon):   959420 kB
Active(file):    1448632 kB
Inactive(file): 13071300 kB
Unevictable:       14020 kB
Mlocked:           14020 kB
SwapTotal:      19530748 kB
SwapFree:       19530748 kB
Dirty:               276 kB
Writeback:             0 kB
AnonPages:       7493988 kB
Mapped:           827316 kB
Shmem:            258520 kB
Slab:             717008 kB
SReclaimable:     615796 kB
SUnreclaim:       101212 kB
KernelStack:       20128 kB
PageTables:        77056 kB
NFS_Unstable:          0 kB
Bounce:                0 kB
WritebackTmp:          0 kB
CommitLimit:    35877624 kB
Committed_AS:   15651476 kB
VmallocTotal:   34359738367 kB
VmallocUsed:           0 kB
VmallocChunk:          0 kB
HardwareCorrupted:     0 kB
AnonHugePages:         0 kB
ShmemHugePages:        0 kB
ShmemPmdMapped:        0 kB
CmaTotal:              0 kB
CmaFree:               0 kB
HugePages_Total:       0
HugePages_Free:        0
HugePages_Rsvd:        0
HugePages_Surp:        0
Hugepagesize:       2048 kB
DirectMap4k:     2308604 kB
DirectMap2M:    31000576 kB
DirectMap1G:     1048576 kB

container (cgroup) information:
container_type: cgroupv1
cpu_cpuset_cpus: 0-11
cpu_memory_nodes: 0
active_processor_count: 12
cpu_quota: -1
cpu_period: 100000
cpu_shares: -1
memory_limit_in_bytes: -1
memory_and_swap_limit_in_bytes: -2
memory_soft_limit_in_bytes: -1
memory_usage_in_bytes: 22811865088
memory_max_usage_in_bytes: 0


CPU:total 12 (initial active 12) (6 cores per cpu, 2 threads per core) family 6 model 158 stepping 10, cmov, cx8, fxsr, mmx, sse, sse2, sse3, ssse3, sse4.1, sse4.2, popcnt, avx, avx2, aes, clmul, erms, rtm, 3dnowpref, lzcnt, ht, tsc, tscinvbit, bmi1, bmi2, adx

/proc/cpuinfo:
processor	: 0
vendor_id	: GenuineIntel
cpu family	: 6
model		: 158
model name	: Intel(R) Xeon(R) E-2186M  CPU @ 2.90GHz
stepping	: 10
microcode	: 0xb4
cpu MHz		: 4060.989
cache size	: 12288 KB
physical id	: 0
siblings	: 12
core id		: 0
cpu cores	: 6
apicid		: 0
initial apicid	: 0
fpu		: yes
fpu_exception	: yes
cpuid level	: 22
wp		: yes
flags		: fpu vme de pse tsc msr pae mce cx8 apic sep mtrr pge mca cmov pat pse36 clflush dts acpi mmx fxsr sse sse2 ss ht tm pbe syscall nx pdpe1gb rdtscp lm constant_tsc art arch_perfmon pebs bts rep_good nopl xtopology nonstop_tsc cpuid aperfmperf tsc_known_freq pni pclmulqdq dtes64 monitor ds_cpl vmx smx est tm2 ssse3 sdbg fma cx16 xtpr pdcm pcid sse4_1 sse4_2 x2apic movbe popcnt tsc_deadline_timer aes xsave avx f16c rdrand lahf_lm abm 3dnowprefetch cpuid_fault epb invpcid_single pti ssbd ibrs ibpb stibp tpr_shadow vnmi flexpriority ept vpid fsgsbase tsc_adjust bmi1 hle avx2 smep bmi2 erms invpcid rtm mpx rdseed adx smap clflushopt intel_pt xsaveopt xsavec xgetbv1 xsaves dtherm ida arat pln pts hwp hwp_notify hwp_act_window hwp_epp md_clear flush_l1d
bugs		: cpu_meltdown spectre_v1 spectre_v2 spec_store_bypass l1tf mds
bogomips	: 5808.00
clflush size	: 64
cache_alignment	: 64
address sizes	: 39 bits physical, 48 bits virtual
power management:

processor	: 1
vendor_id	: GenuineIntel
cpu family	: 6
model		: 158
model name	: Intel(R) Xeon(R) E-2186M  CPU @ 2.90GHz
stepping	: 10
microcode	: 0xb4
cpu MHz		: 4183.038
cache size	: 12288 KB
physical id	: 0
siblings	: 12
core id		: 1
cpu cores	: 6
apicid		: 2
initial apicid	: 2
fpu		: yes
fpu_exception	: yes
cpuid level	: 22
wp		: yes
flags		: fpu vme de pse tsc msr pae mce cx8 apic sep mtrr pge mca cmov pat pse36 clflush dts acpi mmx fxsr sse sse2 ss ht tm pbe syscall nx pdpe1gb rdtscp lm constant_tsc art arch_perfmon pebs bts rep_good nopl xtopology nonstop_tsc cpuid aperfmperf tsc_known_freq pni pclmulqdq dtes64 monitor ds_cpl vmx smx est tm2 ssse3 sdbg fma cx16 xtpr pdcm pcid sse4_1 sse4_2 x2apic movbe popcnt tsc_deadline_timer aes xsave avx f16c rdrand lahf_lm abm 3dnowprefetch cpuid_fault epb invpcid_single pti ssbd ibrs ibpb stibp tpr_shadow vnmi flexpriority ept vpid fsgsbase tsc_adjust bmi1 hle avx2 smep bmi2 erms invpcid rtm mpx rdseed adx smap clflushopt intel_pt xsaveopt xsavec xgetbv1 xsaves dtherm ida arat pln pts hwp hwp_notify hwp_act_window hwp_epp md_clear flush_l1d
bugs		: cpu_meltdown spectre_v1 spectre_v2 spec_store_bypass l1tf mds
bogomips	: 5808.00
clflush size	: 64
cache_alignment	: 64
address sizes	: 39 bits physical, 48 bits virtual
power management:

processor	: 2
vendor_id	: GenuineIntel
cpu family	: 6
model		: 158
model name	: Intel(R) Xeon(R) E-2186M  CPU @ 2.90GHz
stepping	: 10
microcode	: 0xb4
cpu MHz		: 4210.619
cache size	: 12288 KB
physical id	: 0
siblings	: 12
core id		: 2
cpu cores	: 6
apicid		: 4
initial apicid	: 4
fpu		: yes
fpu_exception	: yes
cpuid level	: 22
wp		: yes
flags		: fpu vme de pse tsc msr pae mce cx8 apic sep mtrr pge mca cmov pat pse36 clflush dts acpi mmx fxsr sse sse2 ss ht tm pbe syscall nx pdpe1gb rdtscp lm constant_tsc art arch_perfmon pebs bts rep_good nopl xtopology nonstop_tsc cpuid aperfmperf tsc_known_freq pni pclmulqdq dtes64 monitor ds_cpl vmx smx est tm2 ssse3 sdbg fma cx16 xtpr pdcm pcid sse4_1 sse4_2 x2apic movbe popcnt tsc_deadline_timer aes xsave avx f16c rdrand lahf_lm abm 3dnowprefetch cpuid_fault epb invpcid_single pti ssbd ibrs ibpb stibp tpr_shadow vnmi flexpriority ept vpid fsgsbase tsc_adjust bmi1 hle avx2 smep bmi2 erms invpcid rtm mpx rdseed adx smap clflushopt intel_pt xsaveopt xsavec xgetbv1 xsaves dtherm ida arat pln pts hwp hwp_notify hwp_act_window hwp_epp md_clear flush_l1d
bugs		: cpu_meltdown spectre_v1 spectre_v2 spec_store_bypass l1tf mds
bogomips	: 5808.00
clflush size	: 64
cache_alignment	: 64
address sizes	: 39 bits physical, 48 bits virtual
power management:

processor	: 3
vendor_id	: GenuineIntel
cpu family	: 6
model		: 158
model name	: Intel(R) Xeon(R) E-2186M  CPU @ 2.90GHz
stepping	: 10
microcode	: 0xb4
cpu MHz		: 4236.586
cache size	: 12288 KB
physical id	: 0
siblings	: 12
core id		: 3
cpu cores	: 6
apicid		: 6
initial apicid	: 6
fpu		: yes
fpu_exception	: yes
cpuid level	: 22
wp		: yes
flags		: fpu vme de pse tsc msr pae mce cx8 apic sep mtrr pge mca cmov pat pse36 clflush dts acpi mmx fxsr sse sse2 ss ht tm pbe syscall nx pdpe1gb rdtscp lm constant_tsc art arch_perfmon pebs bts rep_good nopl xtopology nonstop_tsc cpuid aperfmperf tsc_known_freq pni pclmulqdq dtes64 monitor ds_cpl vmx smx est tm2 ssse3 sdbg fma cx16 xtpr pdcm pcid sse4_1 sse4_2 x2apic movbe popcnt tsc_deadline_timer aes xsave avx f16c rdrand lahf_lm abm 3dnowprefetch cpuid_fault epb invpcid_single pti ssbd ibrs ibpb stibp tpr_shadow vnmi flexpriority ept vpid fsgsbase tsc_adjust bmi1 hle avx2 smep bmi2 erms invpcid rtm mpx rdseed adx smap clflushopt intel_pt xsaveopt xsavec xgetbv1 xsaves dtherm ida arat pln pts hwp hwp_notify hwp_act_window hwp_epp md_clear flush_l1d
bugs		: cpu_meltdown spectre_v1 spectre_v2 spec_store_bypass l1tf mds
bogomips	: 5808.00
clflush size	: 64
cache_alignment	: 64
address sizes	: 39 bits physical, 48 bits virtual
power management:

processor	: 4
vendor_id	: GenuineIntel
cpu family	: 6
model		: 158
model name	: Intel(R) Xeon(R) E-2186M  CPU @ 2.90GHz
stepping	: 10
microcode	: 0xb4
cpu MHz		: 4210.467
cache size	: 12288 KB
physical id	: 0
siblings	: 12
core id		: 4
cpu cores	: 6
apicid		: 8
initial apicid	: 8
fpu		: yes
fpu_exception	: yes
cpuid level	: 22
wp		: yes
flags		: fpu vme de pse tsc msr pae mce cx8 apic sep mtrr pge mca cmov pat pse36 clflush dts acpi mmx fxsr sse sse2 ss ht tm pbe syscall nx pdpe1gb rdtscp lm constant_tsc art arch_perfmon pebs bts rep_good nopl xtopology nonstop_tsc cpuid aperfmperf tsc_known_freq pni pclmulqdq dtes64 monitor ds_cpl vmx smx est tm2 ssse3 sdbg fma cx16 xtpr pdcm pcid sse4_1 sse4_2 x2apic movbe popcnt tsc_deadline_timer aes xsave avx f16c rdrand lahf_lm abm 3dnowprefetch cpuid_fault epb invpcid_single pti ssbd ibrs ibpb stibp tpr_shadow vnmi flexpriority ept vpid fsgsbase tsc_adjust bmi1 hle avx2 smep bmi2 erms invpcid rtm mpx rdseed adx smap clflushopt intel_pt xsaveopt xsavec xgetbv1 xsaves dtherm ida arat pln pts hwp hwp_notify hwp_act_window hwp_epp md_clear flush_l1d
bugs		: cpu_meltdown spectre_v1 spectre_v2 spec_store_bypass l1tf mds
bogomips	: 5808.00
clflush size	: 64
cache_alignment	: 64
address sizes	: 39 bits physical, 48 bits virtual
power management:

processor	: 5
vendor_id	: GenuineIntel
cpu family	: 6
model		: 158
model name	: Intel(R) Xeon(R) E-2186M  CPU @ 2.90GHz
stepping	: 10
microcode	: 0xb4
cpu MHz		: 4339.358
cache size	: 12288 KB
physical id	: 0
siblings	: 12
core id		: 5
cpu cores	: 6
apicid		: 10
initial apicid	: 10
fpu		: yes
fpu_exception	: yes
cpuid level	: 22
wp		: yes
flags		: fpu vme de pse tsc msr pae mce cx8 apic sep mtrr pge mca cmov pat pse36 clflush dts acpi mmx fxsr sse sse2 ss ht tm pbe syscall nx pdpe1gb rdtscp lm constant_tsc art arch_perfmon pebs bts rep_good nopl xtopology nonstop_tsc cpuid aperfmperf tsc_known_freq pni pclmulqdq dtes64 monitor ds_cpl vmx smx est tm2 ssse3 sdbg fma cx16 xtpr pdcm pcid sse4_1 sse4_2 x2apic movbe popcnt tsc_deadline_timer aes xsave avx f16c rdrand lahf_lm abm 3dnowprefetch cpuid_fault epb invpcid_single pti ssbd ibrs ibpb stibp tpr_shadow vnmi flexpriority ept vpid fsgsbase tsc_adjust bmi1 hle avx2 smep bmi2 erms invpcid rtm mpx rdseed adx smap clflushopt intel_pt xsaveopt xsavec xgetbv1 xsaves dtherm ida arat pln pts hwp hwp_notify hwp_act_window hwp_epp md_clear flush_l1d
bugs		: cpu_meltdown spectre_v1 spectre_v2 spec_store_bypass l1tf mds
bogomips	: 5808.00
clflush size	: 64
cache_alignment	: 64
address sizes	: 39 bits physical, 48 bits virtual
power management:

processor	: 6
vendor_id	: GenuineIntel
cpu family	: 6
model		: 158
model name	: Intel(R) Xeon(R) E-2186M  CPU @ 2.90GHz
stepping	: 10
microcode	: 0xb4
cpu MHz		: 4270.690
cache size	: 12288 KB
physical id	: 0
siblings	: 12
core id		: 0
cpu cores	: 6
apicid		: 1
initial apicid	: 1
fpu		: yes
fpu_exception	: yes
cpuid level	: 22
wp		: yes
flags		: fpu vme de pse tsc msr pae mce cx8 apic sep mtrr pge mca cmov pat pse36 clflush dts acpi mmx fxsr sse sse2 ss ht tm pbe syscall nx pdpe1gb rdtscp lm constant_tsc art arch_perfmon pebs bts rep_good nopl xtopology nonstop_tsc cpuid aperfmperf tsc_known_freq pni pclmulqdq dtes64 monitor ds_cpl vmx smx est tm2 ssse3 sdbg fma cx16 xtpr pdcm pcid sse4_1 sse4_2 x2apic movbe popcnt tsc_deadline_timer aes xsave avx f16c rdrand lahf_lm abm 3dnowprefetch cpuid_fault epb invpcid_single pti ssbd ibrs ibpb stibp tpr_shadow vnmi flexpriority ept vpid fsgsbase tsc_adjust bmi1 hle avx2 smep bmi2 erms invpcid rtm mpx rdseed adx smap clflushopt intel_pt xsaveopt xsavec xgetbv1 xsaves dtherm ida arat pln pts hwp hwp_notify hwp_act_window hwp_epp md_clear flush_l1d
bugs		: cpu_meltdown spectre_v1 spectre_v2 spec_store_bypass l1tf mds
bogomips	: 5808.00
clflush size	: 64
cache_alignment	: 64
address sizes	: 39 bits physical, 48 bits virtual
power management:

processor	: 7
vendor_id	: GenuineIntel
cpu family	: 6
model		: 158
model name	: Intel(R) Xeon(R) E-2186M  CPU @ 2.90GHz
stepping	: 10
microcode	: 0xb4
cpu MHz		: 4266.575
cache size	: 12288 KB
physical id	: 0
siblings	: 12
core id		: 1
cpu cores	: 6
apicid		: 3
initial apicid	: 3
fpu		: yes
fpu_exception	: yes
cpuid level	: 22
wp		: yes
flags		: fpu vme de pse tsc msr pae mce cx8 apic sep mtrr pge mca cmov pat pse36 clflush dts acpi mmx fxsr sse sse2 ss ht tm pbe syscall nx pdpe1gb rdtscp lm constant_tsc art arch_perfmon pebs bts rep_good nopl xtopology nonstop_tsc cpuid aperfmperf tsc_known_freq pni pclmulqdq dtes64 monitor ds_cpl vmx smx est tm2 ssse3 sdbg fma cx16 xtpr pdcm pcid sse4_1 sse4_2 x2apic movbe popcnt tsc_deadline_timer aes xsave avx f16c rdrand lahf_lm abm 3dnowprefetch cpuid_fault epb invpcid_single pti ssbd ibrs ibpb stibp tpr_shadow vnmi flexpriority ept vpid fsgsbase tsc_adjust bmi1 hle avx2 smep bmi2 erms invpcid rtm mpx rdseed adx smap clflushopt intel_pt xsaveopt xsavec xgetbv1 xsaves dtherm ida arat pln pts hwp hwp_notify hwp_act_window hwp_epp md_clear flush_l1d
bugs		: cpu_meltdown spectre_v1 spectre_v2 spec_store_bypass l1tf mds
bogomips	: 5808.00
clflush size	: 64
cache_alignment	: 64
address sizes	: 39 bits physical, 48 bits virtual
power management:

processor	: 8
vendor_id	: GenuineIntel
cpu family	: 6
model		: 158
model name	: Intel(R) Xeon(R) E-2186M  CPU @ 2.90GHz
stepping	: 10
microcode	: 0xb4
cpu MHz		: 4145.166
cache size	: 12288 KB
physical id	: 0
siblings	: 12
core id		: 2
cpu cores	: 6
apicid		: 5
initial apicid	: 5
fpu		: yes
fpu_exception	: yes
cpuid level	: 22
wp		: yes
flags		: fpu vme de pse tsc msr pae mce cx8 apic sep mtrr pge mca cmov pat pse36 clflush dts acpi mmx fxsr sse sse2 ss ht tm pbe syscall nx pdpe1gb rdtscp lm constant_tsc art arch_perfmon pebs bts rep_good nopl xtopology nonstop_tsc cpuid aperfmperf tsc_known_freq pni pclmulqdq dtes64 monitor ds_cpl vmx smx est tm2 ssse3 sdbg fma cx16 xtpr pdcm pcid sse4_1 sse4_2 x2apic movbe popcnt tsc_deadline_timer aes xsave avx f16c rdrand lahf_lm abm 3dnowprefetch cpuid_fault epb invpcid_single pti ssbd ibrs ibpb stibp tpr_shadow vnmi flexpriority ept vpid fsgsbase tsc_adjust bmi1 hle avx2 smep bmi2 erms invpcid rtm mpx rdseed adx smap clflushopt intel_pt xsaveopt xsavec xgetbv1 xsaves dtherm ida arat pln pts hwp hwp_notify hwp_act_window hwp_epp md_clear flush_l1d
bugs		: cpu_meltdown spectre_v1 spectre_v2 spec_store_bypass l1tf mds
bogomips	: 5808.00
clflush size	: 64
cache_alignment	: 64
address sizes	: 39 bits physical, 48 bits virtual
power management:

processor	: 9
vendor_id	: GenuineIntel
cpu family	: 6
model		: 158
model name	: Intel(R) Xeon(R) E-2186M  CPU @ 2.90GHz
stepping	: 10
microcode	: 0xb4
cpu MHz		: 4190.449
cache size	: 12288 KB
physical id	: 0
siblings	: 12
core id		: 3
cpu cores	: 6
apicid		: 7
initial apicid	: 7
fpu		: yes
fpu_exception	: yes
cpuid level	: 22
wp		: yes
flags		: fpu vme de pse tsc msr pae mce cx8 apic sep mtrr pge mca cmov pat pse36 clflush dts acpi mmx fxsr sse sse2 ss ht tm pbe syscall nx pdpe1gb rdtscp lm constant_tsc art arch_perfmon pebs bts rep_good nopl xtopology nonstop_tsc cpuid aperfmperf tsc_known_freq pni pclmulqdq dtes64 monitor ds_cpl vmx smx est tm2 ssse3 sdbg fma cx16 xtpr pdcm pcid sse4_1 sse4_2 x2apic movbe popcnt tsc_deadline_timer aes xsave avx f16c rdrand lahf_lm abm 3dnowprefetch cpuid_fault epb invpcid_single pti ssbd ibrs ibpb stibp tpr_shadow vnmi flexpriority ept vpid fsgsbase tsc_adjust bmi1 hle avx2 smep bmi2 erms invpcid rtm mpx rdseed adx smap clflushopt intel_pt xsaveopt xsavec xgetbv1 xsaves dtherm ida arat pln pts hwp hwp_notify hwp_act_window hwp_epp md_clear flush_l1d
bugs		: cpu_meltdown spectre_v1 spectre_v2 spec_store_bypass l1tf mds
bogomips	: 5808.00
clflush size	: 64
cache_alignment	: 64
address sizes	: 39 bits physical, 48 bits virtual
power management:

processor	: 10
vendor_id	: GenuineIntel
cpu family	: 6
model		: 158
model name	: Intel(R) Xeon(R) E-2186M  CPU @ 2.90GHz
stepping	: 10
microcode	: 0xb4
cpu MHz		: 4192.267
cache size	: 12288 KB
physical id	: 0
siblings	: 12
core id		: 4
cpu cores	: 6
apicid		: 9
initial apicid	: 9
fpu		: yes
fpu_exception	: yes
cpuid level	: 22
wp		: yes
flags		: fpu vme de pse tsc msr pae mce cx8 apic sep mtrr pge mca cmov pat pse36 clflush dts acpi mmx fxsr sse sse2 ss ht tm pbe syscall nx pdpe1gb rdtscp lm constant_tsc art arch_perfmon pebs bts rep_good nopl xtopology nonstop_tsc cpuid aperfmperf tsc_known_freq pni pclmulqdq dtes64 monitor ds_cpl vmx smx est tm2 ssse3 sdbg fma cx16 xtpr pdcm pcid sse4_1 sse4_2 x2apic movbe popcnt tsc_deadline_timer aes xsave avx f16c rdrand lahf_lm abm 3dnowprefetch cpuid_fault epb invpcid_single pti ssbd ibrs ibpb stibp tpr_shadow vnmi flexpriority ept vpid fsgsbase tsc_adjust bmi1 hle avx2 smep bmi2 erms invpcid rtm mpx rdseed adx smap clflushopt intel_pt xsaveopt xsavec xgetbv1 xsaves dtherm ida arat pln pts hwp hwp_notify hwp_act_window hwp_epp md_clear flush_l1d
bugs		: cpu_meltdown spectre_v1 spectre_v2 spec_store_bypass l1tf mds
bogomips	: 5808.00
clflush size	: 64
cache_alignment	: 64
address sizes	: 39 bits physical, 48 bits virtual
power management:

processor	: 11
vendor_id	: GenuineIntel
cpu family	: 6
model		: 158
model name	: Intel(R) Xeon(R) E-2186M  CPU @ 2.90GHz
stepping	: 10
microcode	: 0xb4
cpu MHz		: 4113.224
cache size	: 12288 KB
physical id	: 0
siblings	: 12
core id		: 5
cpu cores	: 6
apicid		: 11
initial apicid	: 11
fpu		: yes
fpu_exception	: yes
cpuid level	: 22
wp		: yes
flags		: fpu vme de pse tsc msr pae mce cx8 apic sep mtrr pge mca cmov pat pse36 clflush dts acpi mmx fxsr sse sse2 ss ht tm pbe syscall nx pdpe1gb rdtscp lm constant_tsc art arch_perfmon pebs bts rep_good nopl xtopology nonstop_tsc cpuid aperfmperf tsc_known_freq pni pclmulqdq dtes64 monitor ds_cpl vmx smx est tm2 ssse3 sdbg fma cx16 xtpr pdcm pcid sse4_1 sse4_2 x2apic movbe popcnt tsc_deadline_timer aes xsave avx f16c rdrand lahf_lm abm 3dnowprefetch cpuid_fault epb invpcid_single pti ssbd ibrs ibpb stibp tpr_shadow vnmi flexpriority ept vpid fsgsbase tsc_adjust bmi1 hle avx2 smep bmi2 erms invpcid rtm mpx rdseed adx smap clflushopt intel_pt xsaveopt xsavec xgetbv1 xsaves dtherm ida arat pln pts hwp hwp_notify hwp_act_window hwp_epp md_clear flush_l1d
bugs		: cpu_meltdown spectre_v1 spectre_v2 spec_store_bypass l1tf mds
bogomips	: 5808.00
clflush size	: 64
cache_alignment	: 64
address sizes	: 39 bits physical, 48 bits virtual
power management:



Memory: 4k page, physical 32693752k(9379828k free), swap 19530748k(19530748k free)

vm_info: Java HotSpot(TM) 64-Bit Server VM (25.201-b09) for linux-amd64 JRE (1.8.0_201-b09), built on Dec 15 2018 11:35:59 by "java_re" with gcc 7.3.0

time: Tue May 21 16:11:34 2019
timezone: CEST
elapsed time: 31 seconds (0d 0h 0m 31s)

