#
# A fatal error has been detected by the Java Runtime Environment:
#
#  SIGSEGV (0xb) at pc=0x00007f394f7c698d, pid=11084, tid=0x00007f392fbfb700
#
# JRE version: Java(TM) SE Runtime Environment (8.0_201-b09) (build 1.8.0_201-b09)
# Java VM: Java HotSpot(TM) 64-Bit Server VM (25.201-b09 mixed mode linux-amd64 compressed oops)
# Problematic frame:
# C  [libc.so.6+0x9798d]  cfree+0x3d
#
# Failed to write core dump. Core dumps have been disabled. To enable core dumping, try "ulimit -c unlimited" before starting Java again
#
# If you would like to submit a bug report, please visit:
#   http://bugreport.java.com/bugreport/crash.jsp
# The crash happened outside the Java Virtual Machine in native code.
# See problematic frame for where to report the bug.
#

---------------  T H R E A D  ---------------

Current thread (0x00007f3948092000):  JavaThread "Finalizer" daemon [_thread_in_native, id=11102, stack(0x00007f392fafb000,0x00007f392fbfc000)]

siginfo: si_signo: 11 (SIGSEGV), si_code: 1 (SEGV_MAPERR), si_addr: 0x00007f3850fff008

Registers:
RAX=0x0000000000000000, RBX=0x00007f39481acf00, RCX=0x0000000000000160, RDX=0x00007f3821d16090
RSP=0x00007f392fbf7be0, RBP=0x00007f392fbf7cc0, RSI=0x00007f392fbf7cc0, RDI=0x00007f3850fff010
R8 =0x00000000bcac738d, R9 =0x00000005d2e67048, R10=0x00007f393901869b, R11=0x00007f394f105db0
R12=0x00007f3850fff010, R13=0x00007f391f9834d8, R14=0x00007f392fbfa8c8, R15=0x00007f3948092000
RIP=0x00007f394f7c698d, EFLAGS=0x0000000000010202, CSGSFS=0x002b000000000033, ERR=0x0000000000000004
  TRAPNO=0x000000000000000e

Top of Stack: (sp=0x00007f392fbf7be0)
0x00007f392fbf7be0:   00007f392fbfa8a0 0000000000000000
0x00007f392fbf7bf0:   00007f391f9cd9d0 00007f392fbfa8c8
0x00007f392fbf7c00:   00007f3948092000 1bb5592b60135000
0x00007f392fbf7c10:   0000000000000005 00007f39481acf00
0x00007f392fbf7c20:   00007f392fbf7cc0 0000000000000000
0x00007f392fbf7c30:   00007f391f9834d8 00007f392fbfa8c8
0x00007f392fbf7c40:   00007f3948092000 00007f389b879ee8
0x00007f392fbf7c50:   00007f39481acf00 00007f389b879f2c
0x00007f392fbf7c60:   00007f382d806d70 00007f39481acf00
0x00007f392fbf7c70:   00007f392fbf7cc0 00007f389b879f59
0x00007f392fbf7c80:   00007f39481acf00 00007f38a10280ef
0x00007f392fbf7c90:   00007f394f283ba9 00007f38a1012d3c
0x00007f392fbf7ca0:   00007f38a3058690 0000000000000000
0x00007f392fbf7cb0:   0000000000000000 00007f394890c2a0
0x00007f392fbf7cc0:   00007f38a3058690 00007f39488effb0
0x00007f392fbf7cd0:   0000000000000000 0000000000000000
0x00007f392fbf7ce0:   0000000000000000 0000000000000000
0x00007f392fbf7cf0:   0000000000000000 0000000000000000
0x00007f392fbf7d00:   0000350000007200 8f7f100000000000
0x00007f392fbf7d10:   0000350000007200 0000000000000000
0x00007f392fbf7d20:   0000000000000000 0000000000000000
0x00007f392fbf7d30:   ffffffffffffffff 0000ffffffffffff
0x00007f392fbf7d40:   746e616e696d7265 00007265746c6946
0x00007f392fbf7d50:   746e616e696d7265 00000000006c6946
0x00007f392fbf7d60:   0000000000726574 0000000000000025
0x00007f392fbf7d70:   9066ffffbd2ae900 0000000000000000
0x00007f392fbf7d80:   4840ec8348ec8b48 0000000000000000
0x00007f392fbf7d90:   2474894c00007f38 0000000000000000
0x00007f392fbf7da0:   00315f64616f6c64 00325f64616f6c64
0x00007f392fbf7db0:   0000000000000000 0000000000000000
0x00007f392fbf7dc0:   032e4e0661533e0f 0000000000000000
0x00007f392fbf7dd0:   0000000000000000 0000000000000000 

Instructions: (pc=0x00007f394f7c698d)
0x00007f394f7c696d:   24 28 31 c0 48 8b 05 70 35 35 00 48 8b 00 48 85
0x00007f394f7c697d:   c0 0f 85 9c 02 00 00 48 85 ff 0f 84 13 01 00 00
0x00007f394f7c698d:   48 8b 77 f8 4c 8d 6f f0 40 f6 c6 02 0f 85 29 01
0x00007f394f7c699d:   00 00 48 8b 2d d2 33 35 00 64 48 83 7d 00 00 0f 

Register to memory mapping:

RAX=0x0000000000000000 is an unknown value
RBX=0x00007f39481acf00 is an unknown value
RCX=0x0000000000000160 is an unknown value
RDX=0x00007f3821d16090 is an unknown value
RSP=0x00007f392fbf7be0 is pointing into the stack for thread: 0x00007f3948092000
RBP=0x00007f392fbf7cc0 is pointing into the stack for thread: 0x00007f3948092000
RSI=0x00007f392fbf7cc0 is pointing into the stack for thread: 0x00007f3948092000
RDI=0x00007f3850fff010 is an unknown value
R8 =0x00000000bcac738d is an unknown value
R9 =0x00000005d2e67048 is an oop
java.lang.System$2 
 - klass: 'java/lang/System$2'
R10=0x00007f393901869b is at code_begin+859 in an Interpreter codelet
method entry point (kind = native)  [0x00007f3939018340, 0x00007f3939018cc0]  2432 bytes
R11=0x00007f394f105db0: <offset 0x9bfdb0> in /usr/lib/jvm/java-8-oracle/jre/lib/amd64/server/libjvm.so at 0x00007f394e746000
R12=0x00007f3850fff010 is an unknown value
R13={method} {0x00007f391f9834d8} 'delete_Image' '(J)V' in 'org/itk/simple/SimpleITKJNI'
R14=0x00007f392fbfa8c8 is pointing into the stack for thread: 0x00007f3948092000
R15=0x00007f3948092000 is a thread


Stack: [0x00007f392fafb000,0x00007f392fbfc000],  sp=0x00007f392fbf7be0,  free space=1010k
Native frames: (J=compiled Java code, j=interpreted, Vv=VM code, C=native code)
C  [libc.so.6+0x9798d]  cfree+0x3d
C  0x00007f39488effb0

Java frames: (J=compiled Java code, j=interpreted, Vv=VM code)
j  org.itk.simple.SimpleITKJNI.delete_Image(J)V+0
j  org.itk.simple.Image.delete()V+25
j  org.itk.simple.Image.finalize()V+1
J 1460 C2 java.lang.ref.Finalizer.access$100(Ljava/lang/ref/Finalizer;Lsun/misc/JavaLangAccess;)V (6 bytes) @ 0x00007f3939869fe0 [0x00007f3939869d40+0x2a0]
J 1459% C2 java.lang.ref.Finalizer$FinalizerThread.run()V (55 bytes) @ 0x00007f393986ceb8 [0x00007f393986cdc0+0xf8]
v  ~StubRoutines::call_stub

---------------  P R O C E S S  ---------------

Java Threads: ( => current thread )
  0x00007f394833d800 JavaThread "AWT-EventQueue-0" [_thread_blocked, id=11113, stack(0x00007f392c274000,0x00007f392c375000)]
  0x00007f3948339000 JavaThread "AWT-Shutdown" [_thread_blocked, id=11112, stack(0x00007f392c375000,0x00007f392c476000)]
  0x00007f39482a3000 JavaThread "AWT-XAWT" daemon [_thread_in_native, id=11111, stack(0x00007f392c676000,0x00007f392c777000)]
  0x00007f3948265000 JavaThread "Java2D Disposer" daemon [_thread_blocked, id=11110, stack(0x00007f392cb87000,0x00007f392cc88000)]
  0x00007f39480d1000 JavaThread "Service Thread" daemon [_thread_blocked, id=11108, stack(0x00007f392eb26000,0x00007f392ec27000)]
  0x00007f39480cd800 JavaThread "C1 CompilerThread3" daemon [_thread_blocked, id=11107, stack(0x00007f392ec28000,0x00007f392ed28000)]
  0x00007f39480cb800 JavaThread "C2 CompilerThread2" daemon [_thread_blocked, id=11106, stack(0x00007f392ed29000,0x00007f392ee29000)]
  0x00007f39480c9800 JavaThread "C2 CompilerThread1" daemon [_thread_blocked, id=11105, stack(0x00007f392ee2a000,0x00007f392ef2a000)]
  0x00007f39480c7000 JavaThread "C2 CompilerThread0" daemon [_thread_blocked, id=11104, stack(0x00007f392ef2b000,0x00007f392f02b000)]
  0x00007f39480c5800 JavaThread "Signal Dispatcher" daemon [_thread_blocked, id=11103, stack(0x00007f392f02b000,0x00007f392f12c000)]
=>0x00007f3948092000 JavaThread "Finalizer" daemon [_thread_in_native, id=11102, stack(0x00007f392fafb000,0x00007f392fbfc000)]
  0x00007f394808f800 JavaThread "Reference Handler" daemon [_thread_blocked, id=11101, stack(0x00007f392fbfc000,0x00007f392fcfd000)]
  0x00007f394800b800 JavaThread "Run$_main" [_thread_in_native, id=11085, stack(0x00007f395045f000,0x00007f395055f000)]

Other Threads:
  0x00007f3948086000 VMThread [stack: 0x00007f392fcfe000,0x00007f392fdfe000] [id=11100]
  0x00007f39480d3800 WatcherThread [stack: 0x00007f392ea26000,0x00007f392eb26000] [id=11109]

VM state:not at safepoint (normal execution)

VM Mutex/Monitor currently owned by a thread: None

heap address: 0x00000005cd200000, size: 7982 MB, Compressed Oops mode: Zero based, Oop shift amount: 3
Narrow klass base: 0x0000000000000000, Narrow klass shift: 3
Compressed class space size: 1073741824 Address: 0x00000007c0000000

Heap:
 PSYoungGen      total 1336832K, used 234661K [0x0000000719b80000, 0x00000007b1000000, 0x00000007c0000000)
  eden space 983552K, 23% used [0x0000000719b80000,0x00000007280a9790,0x0000000755c00000)
  from space 353280K, 0% used [0x000000077b680000,0x000000077b680000,0x0000000790f80000)
  to   space 616960K, 0% used [0x0000000755c00000,0x0000000755c00000,0x000000077b680000)
 ParOldGen       total 1689600K, used 993501K [0x00000005cd200000, 0x0000000634400000, 0x0000000719b80000)
  object space 1689600K, 58% used [0x00000005cd200000,0x0000000609c374f8,0x0000000634400000)
 Metaspace       used 15320K, capacity 15491K, committed 15616K, reserved 1062912K
  class space    used 1441K, capacity 1514K, committed 1536K, reserved 1048576K

Card table byte_map: [0x00007f3938068000,0x00007f3939000000] byte_map_base: 0x00007f39351ff000

Marking Bits: (ParMarkBitMap*) 0x00007f394f711d80
 Begin Bits: [0x00007f38e0690000, 0x00007f38e8348000)
 End Bits:   [0x00007f38e8348000, 0x00007f38f0000000)

Polling page: 0x00007f3950588000

CodeCache: size=245760Kb used=8679Kb max_used=8689Kb free=237080Kb
 bounds [0x00007f3939000000, 0x00007f3939890000, 0x00007f3948000000]
 total_blobs=2369 nmethods=1467 adapters=815
 compilation: enabled

Compilation events (10 events):
Event: 25,519 Thread 0x00007f39480cd800 1472       3       java.nio.Buffer::remaining (10 bytes)
Event: 25,519 Thread 0x00007f39480cd800 nmethod 1472 0x00007f393916c350 code [0x00007f393916c4a0, 0x00007f393916c5f0]
Event: 29,556 Thread 0x00007f39480cd800 1473       3       java.nio.Buffer::limit (62 bytes)
Event: 29,557 Thread 0x00007f39480cd800 nmethod 1473 0x00007f3939867350 code [0x00007f39398674c0, 0x00007f39398677c8]
Event: 31,690 Thread 0x00007f39480cd800 1474       3       java.io.PrintStream::ensureOpen (18 bytes)
Event: 31,691 Thread 0x00007f39480cd800 nmethod 1474 0x00007f3939866ed0 code [0x00007f3939867040, 0x00007f3939867288]
Event: 31,691 Thread 0x00007f39480cd800 1475       3       java.io.BufferedOutputStream::flushBuffer (29 bytes)
Event: 31,691 Thread 0x00007f39480cd800 nmethod 1475 0x00007f39398696d0 code [0x00007f3939869840, 0x00007f3939869ac8]
Event: 31,691 Thread 0x00007f39480cd800 1476  s    3       java.io.BufferedOutputStream::flush (12 bytes)
Event: 31,691 Thread 0x00007f39480cd800 nmethod 1476 0x00007f3939868ed0 code [0x00007f3939869060, 0x00007f3939869558]

GC Heap History (10 events):
Event: 9,886 GC heap before
{Heap before GC invocations=14 (full 2):
 PSYoungGen      total 1029632K, used 134121K [0x0000000719b80000, 0x000000076e880000, 0x00000007c0000000)
  eden space 895488K, 0% used [0x0000000719b80000,0x0000000719b80000,0x0000000750600000)
  from space 134144K, 99% used [0x000000075d500000,0x00000007657fa4a0,0x0000000765800000)
  to   space 211968K, 0% used [0x0000000750600000,0x0000000750600000,0x000000075d500000)
 ParOldGen       total 522240K, used 471861K [0x00000005cd200000, 0x00000005ed000000, 0x0000000719b80000)
  object space 522240K, 90% used [0x00000005cd200000,0x00000005e9ecd600,0x00000005ed000000)
 Metaspace       used 14726K, capacity 14907K, committed 15104K, reserved 1062912K
  class space    used 1388K, capacity 1450K, committed 1536K, reserved 1048576K
Event: 10,194 GC heap after
Heap after GC invocations=14 (full 2):
 PSYoungGen      total 1029632K, used 13645K [0x0000000719b80000, 0x000000076e880000, 0x00000007c0000000)
  eden space 895488K, 0% used [0x0000000719b80000,0x0000000719b80000,0x0000000750600000)
  from space 134144K, 10% used [0x000000075d500000,0x000000075e253710,0x0000000765800000)
  to   space 211968K, 0% used [0x0000000750600000,0x0000000750600000,0x000000075d500000)
 ParOldGen       total 856576K, used 522121K [0x00000005cd200000, 0x0000000601680000, 0x0000000719b80000)
  object space 856576K, 60% used [0x00000005cd200000,0x00000005ecfe2758,0x0000000601680000)
 Metaspace       used 14726K, capacity 14907K, committed 15104K, reserved 1062912K
  class space    used 1388K, capacity 1450K, committed 1536K, reserved 1048576K
}
Event: 18,663 GC heap before
{Heap before GC invocations=15 (full 2):
 PSYoungGen      total 1029632K, used 909133K [0x0000000719b80000, 0x000000076e880000, 0x00000007c0000000)
  eden space 895488K, 100% used [0x0000000719b80000,0x0000000750600000,0x0000000750600000)
  from space 134144K, 10% used [0x000000075d500000,0x000000075e253710,0x0000000765800000)
  to   space 211968K, 0% used [0x0000000750600000,0x0000000750600000,0x000000075d500000)
 ParOldGen       total 856576K, used 522121K [0x00000005cd200000, 0x0000000601680000, 0x0000000719b80000)
  object space 856576K, 60% used [0x00000005cd200000,0x00000005ecfe2758,0x0000000601680000)
 Metaspace       used 15296K, capacity 15491K, committed 15616K, reserved 1062912K
  class space    used 1439K, capacity 1514K, committed 1536K, reserved 1048576K
Event: 19,375 GC heap after
Heap after GC invocations=15 (full 2):
 PSYoungGen      total 1107456K, used 211966K [0x0000000719b80000, 0x0000000790f80000, 0x00000007c0000000)
  eden space 895488K, 0% used [0x0000000719b80000,0x0000000719b80000,0x0000000750600000)
  from space 211968K, 99% used [0x0000000750600000,0x000000075d4ffad0,0x000000075d500000)
  to   space 353280K, 0% used [0x000000077b680000,0x000000077b680000,0x0000000790f80000)
 ParOldGen       total 856576K, used 805408K [0x00000005cd200000, 0x0000000601680000, 0x0000000719b80000)
  object space 856576K, 94% used [0x00000005cd200000,0x00000005fe488348,0x0000000601680000)
 Metaspace       used 15296K, capacity 15491K, committed 15616K, reserved 1062912K
  class space    used 1439K, capacity 1514K, committed 1536K, reserved 1048576K
}
Event: 19,375 GC heap before
{Heap before GC invocations=16 (full 3):
 PSYoungGen      total 1107456K, used 211966K [0x0000000719b80000, 0x0000000790f80000, 0x00000007c0000000)
  eden space 895488K, 0% used [0x0000000719b80000,0x0000000719b80000,0x0000000750600000)
  from space 211968K, 99% used [0x0000000750600000,0x000000075d4ffad0,0x000000075d500000)
  to   space 353280K, 0% used [0x000000077b680000,0x000000077b680000,0x0000000790f80000)
 ParOldGen       total 856576K, used 805408K [0x00000005cd200000, 0x0000000601680000, 0x0000000719b80000)
  object space 856576K, 94% used [0x00000005cd200000,0x00000005fe488348,0x0000000601680000)
 Metaspace       used 15296K, capacity 15491K, committed 15616K, reserved 1062912K
  class space    used 1439K, capacity 1514K, committed 1536K, reserved 1048576K
Event: 20,358 GC heap after
Heap after GC invocations=16 (full 3):
 PSYoungGen      total 1107456K, used 0K [0x0000000719b80000, 0x0000000790f80000, 0x00000007c0000000)
  eden space 895488K, 0% used [0x0000000719b80000,0x0000000719b80000,0x0000000750600000)
  from space 211968K, 0% used [0x0000000750600000,0x0000000750600000,0x000000075d500000)
  to   space 353280K, 0% used [0x000000077b680000,0x000000077b680000,0x0000000790f80000)
 ParOldGen       total 1019392K, used 554005K [0x00000005cd200000, 0x000000060b580000, 0x0000000719b80000)
  object space 1019392K, 54% used [0x00000005cd200000,0x00000005eef054b8,0x000000060b580000)
 Metaspace       used 15296K, capacity 15491K, committed 15616K, reserved 1062912K
  class space    used 1439K, capacity 1514K, committed 1536K, reserved 1048576K
}
Event: 26,039 GC heap before
{Heap before GC invocations=17 (full 3):
 PSYoungGen      total 1107456K, used 895488K [0x0000000719b80000, 0x0000000790f80000, 0x00000007c0000000)
  eden space 895488K, 100% used [0x0000000719b80000,0x0000000750600000,0x0000000750600000)
  from space 211968K, 0% used [0x0000000750600000,0x0000000750600000,0x000000075d500000)
  to   space 353280K, 0% used [0x000000077b680000,0x000000077b680000,0x0000000790f80000)
 ParOldGen       total 1019392K, used 554005K [0x00000005cd200000, 0x000000060b580000, 0x0000000719b80000)
  object space 1019392K, 54% used [0x00000005cd200000,0x00000005eef054b8,0x000000060b580000)
 Metaspace       used 15319K, capacity 15491K, committed 15616K, reserved 1062912K
  class space    used 1441K, capacity 1514K, committed 1536K, reserved 1048576K
Event: 27,530 GC heap after
Heap after GC invocations=17 (full 3):
 PSYoungGen      total 1336832K, used 353249K [0x0000000719b80000, 0x00000007b1000000, 0x00000007c0000000)
  eden space 983552K, 0% used [0x0000000719b80000,0x0000000719b80000,0x0000000755c00000)
  from space 353280K, 99% used [0x000000077b680000,0x0000000790f78790,0x0000000790f80000)
  to   space 616960K, 0% used [0x0000000755c00000,0x0000000755c00000,0x000000077b680000)
 ParOldGen       total 1094144K, used 1094013K [0x00000005cd200000, 0x000000060fe80000, 0x0000000719b80000)
  object space 1094144K, 99% used [0x00000005cd200000,0x000000060fe5f4b8,0x000000060fe80000)
 Metaspace       used 15319K, capacity 15491K, committed 15616K, reserved 1062912K
  class space    used 1441K, capacity 1514K, committed 1536K, reserved 1048576K
}
Event: 27,530 GC heap before
{Heap before GC invocations=18 (full 4):
 PSYoungGen      total 1336832K, used 353249K [0x0000000719b80000, 0x00000007b1000000, 0x00000007c0000000)
  eden space 983552K, 0% used [0x0000000719b80000,0x0000000719b80000,0x0000000755c00000)
  from space 353280K, 99% used [0x000000077b680000,0x0000000790f78790,0x0000000790f80000)
  to   space 616960K, 0% used [0x0000000755c00000,0x0000000755c00000,0x000000077b680000)
 ParOldGen       total 1094144K, used 1094013K [0x00000005cd200000, 0x000000060fe80000, 0x0000000719b80000)
  object space 1094144K, 99% used [0x00000005cd200000,0x000000060fe5f4b8,0x000000060fe80000)
 Metaspace       used 15319K, capacity 15491K, committed 15616K, reserved 1062912K
  class space    used 1441K, capacity 1514K, committed 1536K, reserved 1048576K
Event: 29,304 GC heap after
Heap after GC invocations=18 (full 4):
 PSYoungGen      total 1336832K, used 0K [0x0000000719b80000, 0x00000007b1000000, 0x00000007c0000000)
  eden space 983552K, 0% used [0x0000000719b80000,0x0000000719b80000,0x0000000755c00000)
  from space 353280K, 0% used [0x000000077b680000,0x000000077b680000,0x0000000790f80000)
  to   space 616960K, 0% used [0x0000000755c00000,0x0000000755c00000,0x000000077b680000)
 ParOldGen       total 1689600K, used 993501K [0x00000005cd200000, 0x0000000634400000, 0x0000000719b80000)
  object space 1689600K, 58% used [0x00000005cd200000,0x0000000609c374f8,0x0000000634400000)
 Metaspace       used 15319K, capacity 15491K, committed 15616K, reserved 1062912K
  class space    used 1441K, capacity 1514K, committed 1536K, reserved 1048576K
}

Deoptimization events (10 events):
Event: 15,480 Thread 0x00007f394833d800 Uncommon trap: reason=unstable_if action=reinterpret pc=0x00007f39397c35f8 method=java.lang.StrictMath.floorOrCeil(DDDD)D @ 14
Event: 16,722 Thread 0x00007f394800b800 Uncommon trap: reason=unstable_if action=reinterpret pc=0x00007f39393a7ff4 method=ij.process.ByteProcessor.crop()Lij/process/ImageProcessor; @ 39
Event: 16,860 Thread 0x00007f394800b800 Uncommon trap: reason=unstable_if action=reinterpret pc=0x00007f3939857e74 method=com.vitimage.ItkTransform.flattenDenseField(Lij/ImagePlus;)Lcom/vitimage/ItkTransform; @ 432
Event: 20,784 Thread 0x00007f3948092000 Uncommon trap: reason=class_check action=maybe_recompile pc=0x00007f393986443c method=java.lang.System$2.invokeFinalize(Ljava/lang/Object;)V @ 1
Event: 20,865 Thread 0x00007f3948092000 Uncommon trap: reason=class_check action=maybe_recompile pc=0x00007f393986443c method=java.lang.System$2.invokeFinalize(Ljava/lang/Object;)V @ 1
Event: 21,229 Thread 0x00007f3948092000 Uncommon trap: reason=class_check action=maybe_recompile pc=0x00007f393986443c method=java.lang.System$2.invokeFinalize(Ljava/lang/Object;)V @ 1
Event: 21,229 Thread 0x00007f3948092000 Uncommon trap: reason=class_check action=maybe_recompile pc=0x00007f393986443c method=java.lang.System$2.invokeFinalize(Ljava/lang/Object;)V @ 1
Event: 21,229 Thread 0x00007f3948092000 Uncommon trap: reason=class_check action=maybe_recompile pc=0x00007f393986655c method=java.lang.System$2.invokeFinalize(Ljava/lang/Object;)V @ 1
Event: 22,549 Thread 0x00007f394800b800 Uncommon trap: reason=unloaded action=reinterpret pc=0x00007f3939861a5c method=com.vitimage.ItkTransform.flattenDenseField(Lij/ImagePlus;)Lcom/vitimage/ItkTransform; @ 455
Event: 22,670 Thread 0x00007f394800b800 Uncommon trap: reason=unstable_if action=reinterpret pc=0x00007f39397dc630 method=com.vitimage.ItkImagePlusInterface.convertImagePlusArrayToDisplacementField([Lij/ImagePlus;)Lorg/itk/simple/Image; @ 309

Classes redefined (0 events):
No events

Internal exceptions (10 events):
Event: 0,057 Thread 0x00007f394800b800 Exception <a 'java/security/PrivilegedActionException'> (0x0000000719cbadc0) thrown at [/HUDSON/workspace/8-2-build-linux-amd64/jdk8u201/12317/hotspot/src/share/vm/prims/jvm.cpp, line 1502]
Event: 0,057 Thread 0x00007f394800b800 Exception <a 'java/security/PrivilegedActionException'> (0x0000000719cbd228) thrown at [/HUDSON/workspace/8-2-build-linux-amd64/jdk8u201/12317/hotspot/src/share/vm/prims/jvm.cpp, line 1502]
Event: 0,057 Thread 0x00007f394800b800 Exception <a 'java/security/PrivilegedActionException'> (0x0000000719cbd438) thrown at [/HUDSON/workspace/8-2-build-linux-amd64/jdk8u201/12317/hotspot/src/share/vm/prims/jvm.cpp, line 1502]
Event: 0,080 Thread 0x00007f394800b800 Exception <a 'java/lang/NoSuchFieldError': method resolution failed> (0x0000000719d8c8f0) thrown at [/HUDSON/workspace/8-2-build-linux-amd64/jdk8u201/12317/hotspot/src/share/vm/prims/methodHandles.cpp, line 1167]
Event: 0,081 Thread 0x00007f394800b800 Exception <a 'java/lang/NoSuchFieldError': method resolution failed> (0x0000000719d9a0f0) thrown at [/HUDSON/workspace/8-2-build-linux-amd64/jdk8u201/12317/hotspot/src/share/vm/prims/methodHandles.cpp, line 1167]
Event: 0,091 Thread 0x00007f394800b800 Exception <a 'java/io/FileNotFoundException'> (0x000000071a09ab68) thrown at [/HUDSON/workspace/8-2-build-linux-amd64/jdk8u201/12317/hotspot/src/share/vm/prims/jni.cpp, line 709]
Event: 0,091 Thread 0x00007f394800b800 Exception <a 'java/io/FileNotFoundException'> (0x000000071a09b650) thrown at [/HUDSON/workspace/8-2-build-linux-amd64/jdk8u201/12317/hotspot/src/share/vm/prims/jni.cpp, line 709]
Event: 0,375 Thread 0x00007f394833d800 Exception <a 'java/lang/UnsupportedOperationException': > (0x000000071a8e3178) thrown at [/HUDSON/workspace/8-2-build-linux-amd64/jdk8u201/12317/hotspot/src/share/vm/prims/jni.cpp, line 735]
Event: 4,184 Thread 0x00007f394833d800 Exception <a 'java/lang/UnsupportedOperationException': > (0x000000071c22ff10) thrown at [/HUDSON/workspace/8-2-build-linux-amd64/jdk8u201/12317/hotspot/src/share/vm/prims/jni.cpp, line 735]
Event: 4,236 Thread 0x00007f394833d800 Exception <a 'java/lang/UnsupportedOperationException': > (0x000000071c233840) thrown at [/HUDSON/workspace/8-2-build-linux-amd64/jdk8u201/12317/hotspot/src/share/vm/prims/jni.cpp, line 735]

Events (10 events):
Event: 23,665 Thread 0x00007f394800b800 DEOPT PACKING pc=0x00007f3939853d26 sp=0x00007f395055d6e0
Event: 23,665 Thread 0x00007f394800b800 DEOPT UNPACKING pc=0x00007f3939047784 sp=0x00007f395055d560 mode 0
Event: 26,039 Executing VM operation: ParallelGCFailedAllocation
Event: 29,304 Executing VM operation: ParallelGCFailedAllocation done
Event: 30,916 Thread 0x00007f394800b800 DEOPT PACKING pc=0x00007f393987514b sp=0x00007f395055d6b0
Event: 30,926 Thread 0x00007f394800b800 DEOPT UNPACKING pc=0x00007f3939047784 sp=0x00007f395055d4b8 mode 0
Event: 32,200 Executing VM operation: RevokeBias
Event: 32,200 Executing VM operation: RevokeBias done
Event: 32,200 Executing VM operation: RevokeBias
Event: 32,200 Executing VM operation: RevokeBias done


Dynamic libraries:
00400000-00401000 r-xp 00000000 103:05 399591                            /usr/lib/jvm/java-8-oracle/bin/java
00600000-00601000 r--p 00000000 103:05 399591                            /usr/lib/jvm/java-8-oracle/bin/java
00601000-00602000 rw-p 00001000 103:05 399591                            /usr/lib/jvm/java-8-oracle/bin/java
01a7a000-01a9b000 rw-p 00000000 00:00 0                                  [heap]
5cd200000-634400000 rw-p 00000000 00:00 0 
634400000-719b80000 ---p 00000000 00:00 0 
719b80000-7b1000000 rw-p 00000000 00:00 0 
7b1000000-7c0000000 ---p 00000000 00:00 0 
7c0000000-7c0180000 rw-p 00000000 00:00 0 
7c0180000-800000000 ---p 00000000 00:00 0 
7f37d8ffd000-7f37fc000000 rw-p 00000000 00:00 0 
7f37fc000000-7f37fdb75000 rw-p 00000000 00:00 0 
7f37fdb75000-7f3800000000 ---p 00000000 00:00 0 
7f3804000000-7f380c000000 rw-p 00000000 00:00 0 
7f380c000000-7f3814000000 rw-p 00000000 00:00 0 
7f3814000000-7f3818000000 rw-p 00000000 00:00 0 
7f381c000000-7f3824000000 rw-p 00000000 00:00 0 
7f3824000000-7f382c000000 rw-p 00000000 00:00 0 
7f382c000000-7f3838000000 rw-p 00000000 00:00 0 
7f3838000000-7f383c000000 rw-p 00000000 00:00 0 
7f383cff7000-7f384bff8000 rw-p 00000000 00:00 0 
7f384bffe000-7f3850fff000 rw-p 00000000 00:00 0 
7f3860000000-7f3860021000 rw-p 00000000 00:00 0 
7f3860021000-7f3864000000 ---p 00000000 00:00 0 
7f3868000000-7f3868021000 rw-p 00000000 00:00 0 
7f3868021000-7f386c000000 ---p 00000000 00:00 0 
7f386c000000-7f386c021000 rw-p 00000000 00:00 0 
7f386c021000-7f3870000000 ---p 00000000 00:00 0 
7f3870000000-7f3870021000 rw-p 00000000 00:00 0 
7f3870021000-7f3874000000 ---p 00000000 00:00 0 
7f3874000000-7f3874021000 rw-p 00000000 00:00 0 
7f3874021000-7f3878000000 ---p 00000000 00:00 0 
7f3878000000-7f3878021000 rw-p 00000000 00:00 0 
7f3878021000-7f387c000000 ---p 00000000 00:00 0 
7f3880000000-7f3880021000 rw-p 00000000 00:00 0 
7f3880021000-7f3884000000 ---p 00000000 00:00 0 
7f3888000000-7f3888021000 rw-p 00000000 00:00 0 
7f3888021000-7f388c000000 ---p 00000000 00:00 0 
7f3890000000-7f3890021000 rw-p 00000000 00:00 0 
7f3890021000-7f3894000000 ---p 00000000 00:00 0 
7f3894cad000-7f38a2d74000 r-xp 00000000 103:05 1975135                   /home/fernandr/Programmes/Fiji.app/lib/linux64/libSimpleITKJava.so
7f38a2d74000-7f38a2f73000 ---p 0e0c7000 103:05 1975135                   /home/fernandr/Programmes/Fiji.app/lib/linux64/libSimpleITKJava.so
7f38a2f73000-7f38a3fe1000 rw-p 0e0c6000 103:05 1975135                   /home/fernandr/Programmes/Fiji.app/lib/linux64/libSimpleITKJava.so
7f38a3fe1000-7f38a4000000 rw-p 00000000 00:00 0 
7f38a4000000-7f38a4021000 rw-p 00000000 00:00 0 
7f38a4021000-7f38a8000000 ---p 00000000 00:00 0 
7f38a8000000-7f38a8021000 rw-p 00000000 00:00 0 
7f38a8021000-7f38ac000000 ---p 00000000 00:00 0 
7f38ac000000-7f38ac021000 rw-p 00000000 00:00 0 
7f38ac021000-7f38b0000000 ---p 00000000 00:00 0 
7f38b0000000-7f38b030e000 rw-p 00000000 00:00 0 
7f38b030e000-7f38b4000000 ---p 00000000 00:00 0 
7f38b4000000-7f38b4021000 rw-p 00000000 00:00 0 
7f38b4021000-7f38b8000000 ---p 00000000 00:00 0 
7f38b8000000-7f38b802d000 rw-p 00000000 00:00 0 
7f38b802d000-7f38bc000000 ---p 00000000 00:00 0 
7f38bc000000-7f38bc021000 rw-p 00000000 00:00 0 
7f38bc021000-7f38c0000000 ---p 00000000 00:00 0 
7f38c0000000-7f38c0021000 rw-p 00000000 00:00 0 
7f38c0021000-7f38c4000000 ---p 00000000 00:00 0 
7f38c4000000-7f38c47ab000 rw-p 00000000 00:00 0 
7f38c47ab000-7f38c8000000 ---p 00000000 00:00 0 
7f38c8000000-7f38c8892000 rw-p 00000000 00:00 0 
7f38c8892000-7f38cc000000 ---p 00000000 00:00 0 
7f38cc000000-7f38cc631000 rw-p 00000000 00:00 0 
7f38cc631000-7f38d0000000 ---p 00000000 00:00 0 
7f38d0000000-7f38d05e3000 rw-p 00000000 00:00 0 
7f38d05e3000-7f38d4000000 ---p 00000000 00:00 0 
7f38d4000000-7f38d5298000 rw-p 00000000 00:00 0 
7f38d5298000-7f38d8000000 ---p 00000000 00:00 0 
7f38d8000000-7f38d8021000 rw-p 00000000 00:00 0 
7f38d8021000-7f38dc000000 ---p 00000000 00:00 0 
7f38dc000000-7f38dc021000 rw-p 00000000 00:00 0 
7f38dc021000-7f38e0000000 ---p 00000000 00:00 0 
7f38e0690000-7f38f0000000 rw-p 00000000 00:00 0 
7f38f0000000-7f38f0368000 rw-p 00000000 00:00 0 
7f38f0368000-7f38f4000000 ---p 00000000 00:00 0 
7f38f4000000-7f38f43ea000 rw-p 00000000 00:00 0 
7f38f43ea000-7f38f8000000 ---p 00000000 00:00 0 
7f38f8000000-7f38f85b5000 rw-p 00000000 00:00 0 
7f38f85b5000-7f38fc000000 ---p 00000000 00:00 0 
7f3900000000-7f3900021000 rw-p 00000000 00:00 0 
7f3900021000-7f3904000000 ---p 00000000 00:00 0 
7f3904000000-7f3904021000 rw-p 00000000 00:00 0 
7f3904021000-7f3908000000 ---p 00000000 00:00 0 
7f3908000000-7f39082d9000 rw-p 00000000 00:00 0 
7f39082d9000-7f390c000000 ---p 00000000 00:00 0 
7f3910000000-7f3910021000 rw-p 00000000 00:00 0 
7f3910021000-7f3914000000 ---p 00000000 00:00 0 
7f39167fd000-7f39167fe000 ---p 00000000 00:00 0 
7f39167fe000-7f3916ffe000 rw-p 00000000 00:00 0 
7f3916ffe000-7f3916fff000 ---p 00000000 00:00 0 
7f3916fff000-7f39177ff000 rw-p 00000000 00:00 0 
7f39177ff000-7f3917800000 ---p 00000000 00:00 0 
7f3917800000-7f3918000000 rw-p 00000000 00:00 0 
7f3918000000-7f3918021000 rw-p 00000000 00:00 0 
7f3918021000-7f391c000000 ---p 00000000 00:00 0 
7f391c26e000-7f391c26f000 ---p 00000000 00:00 0 
7f391c26f000-7f391ca6f000 rw-p 00000000 00:00 0 
7f391ca6f000-7f391ca70000 ---p 00000000 00:00 0 
7f391ca70000-7f391d270000 rw-p 00000000 00:00 0 
7f391d270000-7f391d271000 ---p 00000000 00:00 0 
7f391d271000-7f391da71000 rw-p 00000000 00:00 0 
7f391da71000-7f391da72000 ---p 00000000 00:00 0 
7f391da72000-7f391e272000 rw-p 00000000 00:00 0 
7f391e272000-7f391e273000 ---p 00000000 00:00 0 
7f391e273000-7f391ea73000 rw-p 00000000 00:00 0 
7f391ea73000-7f391ea74000 ---p 00000000 00:00 0 
7f391ea74000-7f391f434000 rw-p 00000000 00:00 0 
7f391f434000-7f391f474000 ---p 00000000 00:00 0 
7f391f474000-7f391f49e000 r-xp 00000000 103:05 1319030                   /usr/lib/jvm/java-8-oracle/jre/lib/amd64/libdcpr.so
7f391f49e000-7f391f69d000 ---p 0002a000 103:05 1319030                   /usr/lib/jvm/java-8-oracle/jre/lib/amd64/libdcpr.so
7f391f69d000-7f391f69e000 r--p 00029000 103:05 1319030                   /usr/lib/jvm/java-8-oracle/jre/lib/amd64/libdcpr.so
7f391f69e000-7f391f6a1000 rw-p 0002a000 103:05 1319030                   /usr/lib/jvm/java-8-oracle/jre/lib/amd64/libdcpr.so
7f391f6a1000-7f391f6ac000 r--s 00000000 103:05 2754318                   /var/cache/fontconfig/945677eb7aeaf62f1d50efc3fb3ec7d8-le64.cache-7
7f391f6ac000-7f391f6b1000 r--s 00000000 103:05 2754289                   /var/cache/fontconfig/2300eef321c393bfd76478a5c0e95b23-le64.cache-7
7f391f6b1000-7f391f6b2000 r--s 00000000 103:05 2754282                   /var/cache/fontconfig/0d8c3b2ac0904cb8a57a757ad11a4a08-le64.cache-7
7f391f6b2000-7f391f6b6000 r--s 00000000 103:05 2758608                   /var/cache/fontconfig/6d41288fd70b0be22e8c3a91e032eec0-le64.cache-7
7f391f6b6000-7f391f6cb000 r--s 00000000 103:05 2754278                   /var/cache/fontconfig/04aabc0a78ac019cf9454389977116d2-le64.cache-7
7f391f87a000-7f391fa7a000 rw-p 00000000 00:00 0 
7f391fa7b000-7f391fb7b000 rw-s 00000000 00:05 13533202                   /SYSV00000000 (deleted)
7f391fb7b000-7f391fbe7000 r-xp 00000000 103:05 1319045                   /usr/lib/jvm/java-8-oracle/jre/lib/amd64/libt2k.so
7f391fbe7000-7f391fde7000 ---p 0006c000 103:05 1319045                   /usr/lib/jvm/java-8-oracle/jre/lib/amd64/libt2k.so
7f391fde7000-7f391fded000 r--p 0006c000 103:05 1319045                   /usr/lib/jvm/java-8-oracle/jre/lib/amd64/libt2k.so
7f391fded000-7f391fdee000 rw-p 00072000 103:05 1319045                   /usr/lib/jvm/java-8-oracle/jre/lib/amd64/libt2k.so
7f391fdee000-7f391fdff000 r-xp 00000000 103:05 1319086                   /usr/lib/jvm/java-8-oracle/jre/lib/amd64/libnio.so
7f391fdff000-7f391fffe000 ---p 00011000 103:05 1319086                   /usr/lib/jvm/java-8-oracle/jre/lib/amd64/libnio.so
7f391fffe000-7f391ffff000 r--p 00010000 103:05 1319086                   /usr/lib/jvm/java-8-oracle/jre/lib/amd64/libnio.so
7f391ffff000-7f3920000000 rw-p 00011000 103:05 1319086                   /usr/lib/jvm/java-8-oracle/jre/lib/amd64/libnio.so
7f3920000000-7f3920021000 rw-p 00000000 00:00 0 
7f3920021000-7f3924000000 ---p 00000000 00:00 0 
7f3924000000-7f392448a000 rw-p 00000000 00:00 0 
7f392448a000-7f3928000000 ---p 00000000 00:00 0 
7f3928000000-7f3928021000 rw-p 00000000 00:00 0 
7f3928021000-7f392c000000 ---p 00000000 00:00 0 
7f392c000000-7f392c001000 r--s 00000000 103:05 2754286                   /var/cache/fontconfig/1ac9eb803944fde146138c791f5cc56a-le64.cache-7
7f392c001000-7f392c002000 r--s 00000000 103:05 2754337                   /var/cache/fontconfig/dc05db6664285cc2f12bf69c139ae4c3-le64.cache-7
7f392c002000-7f392c004000 r--s 00000000 103:05 2754283                   /var/cache/fontconfig/14a5e22175779b556eaa434240950366-le64.cache-7
7f392c004000-7f392c005000 r--s 00000000 103:05 2754310                   /var/cache/fontconfig/660208299946a285a940457d1287da33-le64.cache-7
7f392c005000-7f392c007000 r--s 00000000 103:05 2754301                   /var/cache/fontconfig/4f3e3037c9980c83b53a9351efadef62-le64.cache-7
7f392c007000-7f392c009000 r--s 00000000 103:05 2754315                   /var/cache/fontconfig/767a8244fc0220cfb567a839d0392e0b-le64.cache-7
7f392c009000-7f392c00a000 r--s 00000000 103:05 2755050                   /var/cache/fontconfig/4794a0821666d79190d59a36cb4f44b5-le64.cache-7
7f392c00a000-7f392c00c000 r--s 00000000 103:05 2759434                   /var/cache/fontconfig/0bd3dc0958fa2205aaaa8ebb13e2872b-le64.cache-7
7f392c00c000-7f392c011000 r--s 00000000 103:05 2754338                   /var/cache/fontconfig/def309198bfa603429122923fa2bb2d4-le64.cache-7
7f392c011000-7f392c012000 r--s 00000000 103:05 2754326                   /var/cache/fontconfig/b872e6e592da6075ffa4ab0a1fcc0c75-le64.cache-7
7f392c012000-7f392c013000 r--s 00000000 103:05 2754343                   /var/cache/fontconfig/f6d4eedfaab2589bde49f7a3ff831d22-le64.cache-7
7f392c013000-7f392c014000 r--s 00000000 103:05 2754308                   /var/cache/fontconfig/589f83ef4c36d296ce6e1c846f468f08-le64.cache-7
7f392c014000-7f392c015000 r--s 00000000 103:05 2754328                   /var/cache/fontconfig/bab58bb527bb656aaa9f116d68a48d89-le64.cache-7
7f392c015000-7f392c016000 r--s 00000000 103:05 2754287                   /var/cache/fontconfig/2171a34dccabdb6bcbbc728186263178-le64.cache-7
7f392c016000-7f392c017000 r--s 00000000 103:05 2754329                   /var/cache/fontconfig/c5c45a61289222e0d30b1a26ef4effbe-le64.cache-7
7f392c017000-7f392c018000 r--s 00000000 103:05 2754324                   /var/cache/fontconfig/aec30016f93e1b46d1a973dce0d74068-le64.cache-7
7f392c018000-7f392c019000 r--s 00000000 103:05 2754294                   /var/cache/fontconfig/3f589640d34b7dc9042c8d453f7c8b9c-le64.cache-7
7f392c019000-7f392c01a000 r--s 00000000 103:05 2754284                   /var/cache/fontconfig/16c2fda60d1b4b719f4b3d06fd951d25-le64.cache-7
7f392c01a000-7f392c01b000 r--s 00000000 103:05 2754323                   /var/cache/fontconfig/a48eab177a16e4f3713381162db2f3e9-le64.cache-7
7f392c01b000-7f392c021000 r--s 00000000 103:05 2759433                   /var/cache/fontconfig/3047814df9a2f067bd2d96a2b9c36e5a-le64.cache-7
7f392c021000-7f392c029000 r--s 00000000 103:05 2753774                   /var/cache/fontconfig/bf3b770c553c462765856025a94f1ce6-le64.cache-7
7f392c029000-7f392c02f000 r--s 00000000 103:05 2754325                   /var/cache/fontconfig/b47c4e1ecd0709278f4910c18777a504-le64.cache-7
7f392c05c000-7f392c072000 r-xp 00000000 103:05 1319083                   /usr/lib/jvm/java-8-oracle/jre/lib/amd64/libnet.so
7f392c072000-7f392c272000 ---p 00016000 103:05 1319083                   /usr/lib/jvm/java-8-oracle/jre/lib/amd64/libnet.so
7f392c272000-7f392c273000 r--p 00016000 103:05 1319083                   /usr/lib/jvm/java-8-oracle/jre/lib/amd64/libnet.so
7f392c273000-7f392c274000 rw-p 00017000 103:05 1319083                   /usr/lib/jvm/java-8-oracle/jre/lib/amd64/libnet.so
7f392c274000-7f392c277000 ---p 00000000 00:00 0 
7f392c277000-7f392c375000 rw-p 00000000 00:00 0 
7f392c375000-7f392c378000 ---p 00000000 00:00 0 
7f392c378000-7f392c676000 rw-p 00000000 00:00 0 
7f392c676000-7f392c679000 ---p 00000000 00:00 0 
7f392c679000-7f392c777000 rw-p 00000000 00:00 0 
7f392c777000-7f392c77c000 r-xp 00000000 103:05 401423                    /usr/lib/x86_64-linux-gnu/libXfixes.so.3.1.0
7f392c77c000-7f392c97b000 ---p 00005000 103:05 401423                    /usr/lib/x86_64-linux-gnu/libXfixes.so.3.1.0
7f392c97b000-7f392c97c000 r--p 00004000 103:05 401423                    /usr/lib/x86_64-linux-gnu/libXfixes.so.3.1.0
7f392c97c000-7f392c97d000 rw-p 00005000 103:05 401423                    /usr/lib/x86_64-linux-gnu/libXfixes.so.3.1.0
7f392c97d000-7f392c986000 r-xp 00000000 103:05 401415                    /usr/lib/x86_64-linux-gnu/libXcursor.so.1.0.2
7f392c986000-7f392cb85000 ---p 00009000 103:05 401415                    /usr/lib/x86_64-linux-gnu/libXcursor.so.1.0.2
7f392cb85000-7f392cb86000 r--p 00008000 103:05 401415                    /usr/lib/x86_64-linux-gnu/libXcursor.so.1.0.2
7f392cb86000-7f392cb87000 rw-p 00009000 103:05 401415                    /usr/lib/x86_64-linux-gnu/libXcursor.so.1.0.2
7f392cb87000-7f392cb8a000 ---p 00000000 00:00 0 
7f392cb8a000-7f392cc88000 rw-p 00000000 00:00 0 
7f392cc88000-7f392cc9f000 r-xp 00000000 103:05 3801177                   /lib/x86_64-linux-gnu/libgcc_s.so.1
7f392cc9f000-7f392ce9e000 ---p 00017000 103:05 3801177                   /lib/x86_64-linux-gnu/libgcc_s.so.1
7f392ce9e000-7f392ce9f000 r--p 00016000 103:05 3801177                   /lib/x86_64-linux-gnu/libgcc_s.so.1
7f392ce9f000-7f392cea0000 rw-p 00017000 103:05 3801177                   /lib/x86_64-linux-gnu/libgcc_s.so.1
7f392cea0000-7f392cea5000 r--s 00000000 103:05 2754981                   /var/cache/fontconfig/9d2451b1fd30e5bffe8383fd27c35478-le64.cache-7
7f392cea5000-7f392ceb8000 r--s 00000000 103:05 2754334                   /var/cache/fontconfig/d52a8644073d54c13679302ca1180695-le64.cache-7
7f392ceb8000-7f392cec6000 r--s 00000000 103:05 2754320                   /var/cache/fontconfig/9b89f8e3dae116d678bbf48e5f21f69b-le64.cache-7
7f392cec6000-7f392cf23000 r-xp 00000000 103:05 1319057                   /usr/lib/jvm/java-8-oracle/jre/lib/amd64/libfontmanager.so
7f392cf23000-7f392d123000 ---p 0005d000 103:05 1319057                   /usr/lib/jvm/java-8-oracle/jre/lib/amd64/libfontmanager.so
7f392d123000-7f392d126000 r--p 0005d000 103:05 1319057                   /usr/lib/jvm/java-8-oracle/jre/lib/amd64/libfontmanager.so
7f392d126000-7f392d127000 rw-p 00060000 103:05 1319057                   /usr/lib/jvm/java-8-oracle/jre/lib/amd64/libfontmanager.so
7f392d127000-7f392d13a000 r-xp 00000000 103:05 3806054                   /lib/x86_64-linux-gnu/libbsd.so.0.8.7
7f392d13a000-7f392d339000 ---p 00013000 103:05 3806054                   /lib/x86_64-linux-gnu/libbsd.so.0.8.7
7f392d339000-7f392d33a000 r--p 00012000 103:05 3806054                   /lib/x86_64-linux-gnu/libbsd.so.0.8.7
7f392d33a000-7f392d33b000 rw-p 00013000 103:05 3806054                   /lib/x86_64-linux-gnu/libbsd.so.0.8.7
7f392d33b000-7f392d33c000 rw-p 00000000 00:00 0 
7f392d33c000-7f392d341000 r-xp 00000000 103:05 401419                    /usr/lib/x86_64-linux-gnu/libXdmcp.so.6.0.0
7f392d341000-7f392d540000 ---p 00005000 103:05 401419                    /usr/lib/x86_64-linux-gnu/libXdmcp.so.6.0.0
7f392d540000-7f392d541000 r--p 00004000 103:05 401419                    /usr/lib/x86_64-linux-gnu/libXdmcp.so.6.0.0
7f392d541000-7f392d542000 rw-p 00005000 103:05 401419                    /usr/lib/x86_64-linux-gnu/libXdmcp.so.6.0.0
7f392d542000-7f392d544000 r-xp 00000000 103:05 401408                    /usr/lib/x86_64-linux-gnu/libXau.so.6.0.0
7f392d544000-7f392d744000 ---p 00002000 103:05 401408                    /usr/lib/x86_64-linux-gnu/libXau.so.6.0.0
7f392d744000-7f392d745000 r--p 00002000 103:05 401408                    /usr/lib/x86_64-linux-gnu/libXau.so.6.0.0
7f392d745000-7f392d746000 rw-p 00003000 103:05 401408                    /usr/lib/x86_64-linux-gnu/libXau.so.6.0.0
7f392d746000-7f392d76c000 r-xp 00000000 103:05 396084                    /usr/lib/x86_64-linux-gnu/libxcb.so.1.1.0
7f392d76c000-7f392d96c000 ---p 00026000 103:05 396084                    /usr/lib/x86_64-linux-gnu/libxcb.so.1.1.0
7f392d96c000-7f392d96d000 r--p 00026000 103:05 396084                    /usr/lib/x86_64-linux-gnu/libxcb.so.1.1.0
7f392d96d000-7f392d96e000 rw-p 00027000 103:05 396084                    /usr/lib/x86_64-linux-gnu/libxcb.so.1.1.0
7f392d96e000-7f392d97d000 r-xp 00000000 103:05 401429                    /usr/lib/x86_64-linux-gnu/libXi.so.6.1.0
7f392d97d000-7f392db7c000 ---p 0000f000 103:05 401429                    /usr/lib/x86_64-linux-gnu/libXi.so.6.1.0
7f392db7c000-7f392db7d000 r--p 0000e000 103:05 401429                    /usr/lib/x86_64-linux-gnu/libXi.so.6.1.0
7f392db7d000-7f392db7e000 rw-p 0000f000 103:05 401429                    /usr/lib/x86_64-linux-gnu/libXi.so.6.1.0
7f392db7e000-7f392db83000 r-xp 00000000 103:05 401447                    /usr/lib/x86_64-linux-gnu/libXtst.so.6.1.0
7f392db83000-7f392dd82000 ---p 00005000 103:05 401447                    /usr/lib/x86_64-linux-gnu/libXtst.so.6.1.0
7f392dd82000-7f392dd83000 r--p 00004000 103:05 401447                    /usr/lib/x86_64-linux-gnu/libXtst.so.6.1.0
7f392dd83000-7f392dd84000 rw-p 00005000 103:05 401447                    /usr/lib/x86_64-linux-gnu/libXtst.so.6.1.0
7f392dd84000-7f392dd8d000 r-xp 00000000 103:05 401441                    /usr/lib/x86_64-linux-gnu/libXrender.so.1.3.0
7f392dd8d000-7f392df8c000 ---p 00009000 103:05 401441                    /usr/lib/x86_64-linux-gnu/libXrender.so.1.3.0
7f392df8c000-7f392df8d000 r--p 00008000 103:05 401441                    /usr/lib/x86_64-linux-gnu/libXrender.so.1.3.0
7f392df8d000-7f392df8e000 rw-p 00009000 103:05 401441                    /usr/lib/x86_64-linux-gnu/libXrender.so.1.3.0
7f392df8e000-7f392e0c1000 r-xp 00000000 103:05 400060                    /usr/lib/x86_64-linux-gnu/libX11.so.6.3.0
7f392e0c1000-7f392e2c1000 ---p 00133000 103:05 400060                    /usr/lib/x86_64-linux-gnu/libX11.so.6.3.0
7f392e2c1000-7f392e2c2000 r--p 00133000 103:05 400060                    /usr/lib/x86_64-linux-gnu/libX11.so.6.3.0
7f392e2c2000-7f392e2c6000 rw-p 00134000 103:05 400060                    /usr/lib/x86_64-linux-gnu/libX11.so.6.3.0
7f392e2c6000-7f392e2d7000 r-xp 00000000 103:05 401421                    /usr/lib/x86_64-linux-gnu/libXext.so.6.4.0
7f392e2d7000-7f392e4d6000 ---p 00011000 103:05 401421                    /usr/lib/x86_64-linux-gnu/libXext.so.6.4.0
7f392e4d6000-7f392e4d7000 r--p 00010000 103:05 401421                    /usr/lib/x86_64-linux-gnu/libXext.so.6.4.0
7f392e4d7000-7f392e4d8000 rw-p 00011000 103:05 401421                    /usr/lib/x86_64-linux-gnu/libXext.so.6.4.0
7f392e4d8000-7f392e4fe000 r--p 00000000 103:05 1182632                   /usr/share/locale-langpack/fr/LC_MESSAGES/libc.mo
7f392e4fe000-7f392e551000 r-xp 00000000 103:05 1319090                   /usr/lib/jvm/java-8-oracle/jre/lib/amd64/libawt_xawt.so
7f392e551000-7f392e750000 ---p 00053000 103:05 1319090                   /usr/lib/jvm/java-8-oracle/jre/lib/amd64/libawt_xawt.so
7f392e750000-7f392e751000 r--p 00052000 103:05 1319090                   /usr/lib/jvm/java-8-oracle/jre/lib/amd64/libawt_xawt.so
7f392e751000-7f392e754000 rw-p 00053000 103:05 1319090                   /usr/lib/jvm/java-8-oracle/jre/lib/amd64/libawt_xawt.so
7f392e754000-7f392e755000 rw-p 00000000 00:00 0 
7f392e755000-7f392e7f5000 r-xp 00000000 103:05 1319075                   /usr/lib/jvm/java-8-oracle/jre/lib/amd64/libawt.so
7f392e7f5000-7f392e9f4000 ---p 000a0000 103:05 1319075                   /usr/lib/jvm/java-8-oracle/jre/lib/amd64/libawt.so
7f392e9f4000-7f392e9f5000 r--p 0009f000 103:05 1319075                   /usr/lib/jvm/java-8-oracle/jre/lib/amd64/libawt.so
7f392e9f5000-7f392ea00000 rw-p 000a0000 103:05 1319075                   /usr/lib/jvm/java-8-oracle/jre/lib/amd64/libawt.so
7f392ea00000-7f392ea25000 rw-p 00000000 00:00 0 
7f392ea25000-7f392ea26000 ---p 00000000 00:00 0 
7f392ea26000-7f392eb26000 rw-p 00000000 00:00 0 
7f392eb26000-7f392eb29000 ---p 00000000 00:00 0 
7f392eb29000-7f392ec27000 rw-p 00000000 00:00 0 
7f392ec27000-7f392ec28000 ---p 00000000 00:00 0 
7f392ec28000-7f392ec2b000 ---p 00000000 00:00 0 
7f392ec2b000-7f392ed28000 rw-p 00000000 00:00 0 
7f392ed28000-7f392ed29000 ---p 00000000 00:00 0 
7f392ed29000-7f392ed2c000 ---p 00000000 00:00 0 
7f392ed2c000-7f392ee29000 rw-p 00000000 00:00 0 
7f392ee29000-7f392ee2a000 ---p 00000000 00:00 0 
7f392ee2a000-7f392ee2d000 ---p 00000000 00:00 0 
7f392ee2d000-7f392ef2a000 rw-p 00000000 00:00 0 
7f392ef2a000-7f392ef2b000 ---p 00000000 00:00 0 
7f392ef2b000-7f392ef2e000 ---p 00000000 00:00 0 
7f392ef2e000-7f392f02b000 rw-p 00000000 00:00 0 
7f392f02b000-7f392f02e000 ---p 00000000 00:00 0 
7f392f02e000-7f392f12c000 rw-p 00000000 00:00 0 
7f392f12c000-7f392fafb000 r--p 00000000 103:05 400112                    /usr/lib/locale/locale-archive
7f392fafb000-7f392fafe000 ---p 00000000 00:00 0 
7f392fafe000-7f392fbfc000 rw-p 00000000 00:00 0 
7f392fbfc000-7f392fbff000 ---p 00000000 00:00 0 
7f392fbff000-7f392fcfd000 rw-p 00000000 00:00 0 
7f392fcfd000-7f392fcfe000 ---p 00000000 00:00 0 
7f392fcfe000-7f3930000000 rw-p 00000000 00:00 0 
7f3930000000-7f39300f9000 rw-p 00000000 00:00 0 
7f39300f9000-7f3934000000 ---p 00000000 00:00 0 
7f3934000000-7f3934001000 r--s 00000000 103:05 2754304                   /var/cache/fontconfig/564b2e68ac9bc4e36a6f7f6d6125ec1c-le64.cache-7
7f3934001000-7f3934002000 r--s 00000000 103:05 2754305                   /var/cache/fontconfig/56cf4f4769d0f4abc89a4895d7bd3ae1-le64.cache-7
7f3934002000-7f3934003000 r--s 00000000 103:05 2754327                   /var/cache/fontconfig/b9d506c9ac06c20b433354fa67a72993-le64.cache-7
7f3934003000-7f3934004000 r--s 00000000 103:05 2754292                   /var/cache/fontconfig/370e5b74bf5dafc30834de68e24a87a4-le64.cache-7
7f3934004000-7f3934005000 r--s 00000000 103:05 2754313                   /var/cache/fontconfig/6b2c5944714ca7831b25bed9e85cb5c8-le64.cache-7
7f3934005000-7f3934006000 r--s 00000000 103:05 2754333                   /var/cache/fontconfig/d5178ab6d91b49bf20a416737dcea9e8-le64.cache-7
7f3934006000-7f3934007000 r--s 00000000 103:05 2754303                   /var/cache/fontconfig/551ecf3b0e8b0bca0f25c0944f561853-le64.cache-7
7f3934007000-7f393400a000 r--s 00000000 103:05 2754342                   /var/cache/fontconfig/f259c2cffa685e28062317905db73c4a-le64.cache-7
7f393400a000-7f3934018000 r--s 00000000 103:05 2764616                   /var/cache/fontconfig/e13b20fdb08344e0e664864cc2ede53d-le64.cache-7
7f3934018000-7f39360f1000 rw-p 00000000 00:00 0 
7f39360f1000-7f39362cb000 r--s 03d6f000 103:05 1319016                   /usr/lib/jvm/java-8-oracle/jre/lib/rt.jar
7f39362cb000-7f3937a62000 rw-p 00000000 00:00 0 
7f3937a62000-7f3937a63000 ---p 00000000 00:00 0 
7f3937a63000-7f3937b63000 rw-p 00000000 00:00 0 
7f3937b63000-7f3937b64000 ---p 00000000 00:00 0 
7f3937b64000-7f3937c64000 rw-p 00000000 00:00 0 
7f3937c64000-7f3937c65000 ---p 00000000 00:00 0 
7f3937c65000-7f3937d65000 rw-p 00000000 00:00 0 
7f3937d65000-7f3937d66000 ---p 00000000 00:00 0 
7f3937d66000-7f3937e66000 rw-p 00000000 00:00 0 
7f3937e66000-7f3937e67000 ---p 00000000 00:00 0 
7f3937e67000-7f3937f67000 rw-p 00000000 00:00 0 
7f3937f67000-7f3937f68000 ---p 00000000 00:00 0 
7f3937f68000-7f39383a1000 rw-p 00000000 00:00 0 
7f39383a1000-7f3938acc000 ---p 00000000 00:00 0 
7f3938acc000-7f3938f87000 rw-p 00000000 00:00 0 
7f3938f87000-7f3938fff000 ---p 00000000 00:00 0 
7f3938fff000-7f3939000000 rw-p 00000000 00:00 0 
7f3939000000-7f3939890000 rwxp 00000000 00:00 0 
7f3939890000-7f3948000000 ---p 00000000 00:00 0 
7f3948000000-7f394c000000 rw-p 00000000 00:00 0 
7f394c000000-7f394c002000 r--s 00000000 103:05 2754302                   /var/cache/fontconfig/550f3886151c940c12a5ed35f6a00586-le64.cache-7
7f394c002000-7f394c005000 r--s 00000000 103:05 2754311                   /var/cache/fontconfig/674d1711f2d1d2a09646eb0bdcadee49-le64.cache-7
7f394c005000-7f394c006000 r--s 00000000 103:05 2754295                   /var/cache/fontconfig/3f7329c5293ffd510edef78f73874cfd-le64.cache-7
7f394c006000-7f394c00a000 r--s 00000000 103:05 2754335                   /var/cache/fontconfig/d589a48862398ed80a3d6066f4f56f4c-le64.cache-7
7f394c00a000-7f394c0db000 rw-p 00000000 00:00 0 
7f394c0db000-7f394c0dc000 ---p 00000000 00:00 0 
7f394c0dc000-7f394c1dc000 rw-p 00000000 00:00 0 
7f394c1dc000-7f394c1dd000 ---p 00000000 00:00 0 
7f394c1dd000-7f394c2dd000 rw-p 00000000 00:00 0 
7f394c2dd000-7f394c2de000 ---p 00000000 00:00 0 
7f394c2de000-7f394c3de000 rw-p 00000000 00:00 0 
7f394c3de000-7f394c3df000 ---p 00000000 00:00 0 
7f394c3df000-7f394c818000 rw-p 00000000 00:00 0 
7f394c818000-7f394cf44000 ---p 00000000 00:00 0 
7f394cf44000-7f394cf67000 rw-p 00000000 00:00 0 
7f394cf67000-7f394d304000 ---p 00000000 00:00 0 
7f394d304000-7f394d31f000 r-xp 00000000 103:05 1319079                   /usr/lib/jvm/java-8-oracle/jre/lib/amd64/libzip.so
7f394d31f000-7f394d51e000 ---p 0001b000 103:05 1319079                   /usr/lib/jvm/java-8-oracle/jre/lib/amd64/libzip.so
7f394d51e000-7f394d51f000 r--p 0001a000 103:05 1319079                   /usr/lib/jvm/java-8-oracle/jre/lib/amd64/libzip.so
7f394d51f000-7f394d520000 rw-p 0001b000 103:05 1319079                   /usr/lib/jvm/java-8-oracle/jre/lib/amd64/libzip.so
7f394d520000-7f394d52b000 r-xp 00000000 103:05 3806148                   /lib/x86_64-linux-gnu/libnss_files-2.27.so
7f394d52b000-7f394d72a000 ---p 0000b000 103:05 3806148                   /lib/x86_64-linux-gnu/libnss_files-2.27.so
7f394d72a000-7f394d72b000 r--p 0000a000 103:05 3806148                   /lib/x86_64-linux-gnu/libnss_files-2.27.so
7f394d72b000-7f394d72c000 rw-p 0000b000 103:05 3806148                   /lib/x86_64-linux-gnu/libnss_files-2.27.so
7f394d72c000-7f394d732000 rw-p 00000000 00:00 0 
7f394d732000-7f394d749000 r-xp 00000000 103:05 3806142                   /lib/x86_64-linux-gnu/libnsl-2.27.so
7f394d749000-7f394d948000 ---p 00017000 103:05 3806142                   /lib/x86_64-linux-gnu/libnsl-2.27.so
7f394d948000-7f394d949000 r--p 00016000 103:05 3806142                   /lib/x86_64-linux-gnu/libnsl-2.27.so
7f394d949000-7f394d94a000 rw-p 00017000 103:05 3806142                   /lib/x86_64-linux-gnu/libnsl-2.27.so
7f394d94a000-7f394d94c000 rw-p 00000000 00:00 0 
7f394d94c000-7f394d957000 r-xp 00000000 103:05 3806159                   /lib/x86_64-linux-gnu/libnss_nis-2.27.so
7f394d957000-7f394db56000 ---p 0000b000 103:05 3806159                   /lib/x86_64-linux-gnu/libnss_nis-2.27.so
7f394db56000-7f394db57000 r--p 0000a000 103:05 3806159                   /lib/x86_64-linux-gnu/libnss_nis-2.27.so
7f394db57000-7f394db58000 rw-p 0000b000 103:05 3806159                   /lib/x86_64-linux-gnu/libnss_nis-2.27.so
7f394db58000-7f394db60000 r-xp 00000000 103:05 3806144                   /lib/x86_64-linux-gnu/libnss_compat-2.27.so
7f394db60000-7f394dd60000 ---p 00008000 103:05 3806144                   /lib/x86_64-linux-gnu/libnss_compat-2.27.so
7f394dd60000-7f394dd61000 r--p 00008000 103:05 3806144                   /lib/x86_64-linux-gnu/libnss_compat-2.27.so
7f394dd61000-7f394dd62000 rw-p 00009000 103:05 3806144                   /lib/x86_64-linux-gnu/libnss_compat-2.27.so
7f394dd62000-7f394dd8e000 r-xp 00000000 103:05 1319071                   /usr/lib/jvm/java-8-oracle/jre/lib/amd64/libjava.so
7f394dd8e000-7f394df8e000 ---p 0002c000 103:05 1319071                   /usr/lib/jvm/java-8-oracle/jre/lib/amd64/libjava.so
7f394df8e000-7f394df8f000 r--p 0002c000 103:05 1319071                   /usr/lib/jvm/java-8-oracle/jre/lib/amd64/libjava.so
7f394df8f000-7f394df91000 rw-p 0002d000 103:05 1319071                   /usr/lib/jvm/java-8-oracle/jre/lib/amd64/libjava.so
7f394df91000-7f394df9e000 r-xp 00000000 103:05 1319077                   /usr/lib/jvm/java-8-oracle/jre/lib/amd64/libverify.so
7f394df9e000-7f394e19d000 ---p 0000d000 103:05 1319077                   /usr/lib/jvm/java-8-oracle/jre/lib/amd64/libverify.so
7f394e19d000-7f394e19f000 r--p 0000c000 103:05 1319077                   /usr/lib/jvm/java-8-oracle/jre/lib/amd64/libverify.so
7f394e19f000-7f394e1a0000 rw-p 0000e000 103:05 1319077                   /usr/lib/jvm/java-8-oracle/jre/lib/amd64/libverify.so
7f394e1a0000-7f394e1a7000 r-xp 00000000 103:05 3806199                   /lib/x86_64-linux-gnu/librt-2.27.so
7f394e1a7000-7f394e3a6000 ---p 00007000 103:05 3806199                   /lib/x86_64-linux-gnu/librt-2.27.so
7f394e3a6000-7f394e3a7000 r--p 00006000 103:05 3806199                   /lib/x86_64-linux-gnu/librt-2.27.so
7f394e3a7000-7f394e3a8000 rw-p 00007000 103:05 3806199                   /lib/x86_64-linux-gnu/librt-2.27.so
7f394e3a8000-7f394e545000 r-xp 00000000 103:05 3806121                   /lib/x86_64-linux-gnu/libm-2.27.so
7f394e545000-7f394e744000 ---p 0019d000 103:05 3806121                   /lib/x86_64-linux-gnu/libm-2.27.so
7f394e744000-7f394e745000 r--p 0019c000 103:05 3806121                   /lib/x86_64-linux-gnu/libm-2.27.so
7f394e745000-7f394e746000 rw-p 0019d000 103:05 3806121                   /lib/x86_64-linux-gnu/libm-2.27.so
7f394e746000-7f394f42e000 r-xp 00000000 103:05 1581920                   /usr/lib/jvm/java-8-oracle/jre/lib/amd64/server/libjvm.so
7f394f42e000-7f394f62d000 ---p 00ce8000 103:05 1581920                   /usr/lib/jvm/java-8-oracle/jre/lib/amd64/server/libjvm.so
7f394f62d000-7f394f6c3000 r--p 00ce7000 103:05 1581920                   /usr/lib/jvm/java-8-oracle/jre/lib/amd64/server/libjvm.so
7f394f6c3000-7f394f6f4000 rw-p 00d7d000 103:05 1581920                   /usr/lib/jvm/java-8-oracle/jre/lib/amd64/server/libjvm.so
7f394f6f4000-7f394f72f000 rw-p 00000000 00:00 0 
7f394f72f000-7f394f916000 r-xp 00000000 103:05 3806058                   /lib/x86_64-linux-gnu/libc-2.27.so
7f394f916000-7f394fb16000 ---p 001e7000 103:05 3806058                   /lib/x86_64-linux-gnu/libc-2.27.so
7f394fb16000-7f394fb1a000 r--p 001e7000 103:05 3806058                   /lib/x86_64-linux-gnu/libc-2.27.so
7f394fb1a000-7f394fb1c000 rw-p 001eb000 103:05 3806058                   /lib/x86_64-linux-gnu/libc-2.27.so
7f394fb1c000-7f394fb20000 rw-p 00000000 00:00 0 
7f394fb20000-7f394fb23000 r-xp 00000000 103:05 3806081                   /lib/x86_64-linux-gnu/libdl-2.27.so
7f394fb23000-7f394fd22000 ---p 00003000 103:05 3806081                   /lib/x86_64-linux-gnu/libdl-2.27.so
7f394fd22000-7f394fd23000 r--p 00002000 103:05 3806081                   /lib/x86_64-linux-gnu/libdl-2.27.so
7f394fd23000-7f394fd24000 rw-p 00003000 103:05 3806081                   /lib/x86_64-linux-gnu/libdl-2.27.so
7f394fd24000-7f394fd3b000 r-xp 00000000 103:05 409197                    /usr/lib/jvm/java-8-oracle/lib/amd64/jli/libjli.so
7f394fd3b000-7f394ff3a000 ---p 00017000 103:05 409197                    /usr/lib/jvm/java-8-oracle/lib/amd64/jli/libjli.so
7f394ff3a000-7f394ff3b000 r--p 00016000 103:05 409197                    /usr/lib/jvm/java-8-oracle/lib/amd64/jli/libjli.so
7f394ff3b000-7f394ff3c000 rw-p 00017000 103:05 409197                    /usr/lib/jvm/java-8-oracle/lib/amd64/jli/libjli.so
7f394ff3c000-7f394ff56000 r-xp 00000000 103:05 3806191                   /lib/x86_64-linux-gnu/libpthread-2.27.so
7f394ff56000-7f3950155000 ---p 0001a000 103:05 3806191                   /lib/x86_64-linux-gnu/libpthread-2.27.so
7f3950155000-7f3950156000 r--p 00019000 103:05 3806191                   /lib/x86_64-linux-gnu/libpthread-2.27.so
7f3950156000-7f3950157000 rw-p 0001a000 103:05 3806191                   /lib/x86_64-linux-gnu/libpthread-2.27.so
7f3950157000-7f395015b000 rw-p 00000000 00:00 0 
7f395015b000-7f3950161000 r-xp 00000000 103:05 413404                    /usr/lib/x86_64-linux-gnu/libgtk3-nocsd.so.0
7f3950161000-7f3950360000 ---p 00006000 103:05 413404                    /usr/lib/x86_64-linux-gnu/libgtk3-nocsd.so.0
7f3950360000-7f3950361000 r--p 00005000 103:05 413404                    /usr/lib/x86_64-linux-gnu/libgtk3-nocsd.so.0
7f3950361000-7f3950362000 rw-p 00006000 103:05 413404                    /usr/lib/x86_64-linux-gnu/libgtk3-nocsd.so.0
7f3950362000-7f3950389000 r-xp 00000000 103:05 3806030                   /lib/x86_64-linux-gnu/ld-2.27.so
7f3950389000-7f395038a000 r--s 00000000 103:05 2754281                   /var/cache/fontconfig/0c9eb80ebd1c36541ebe2852d3bb0c49-le64.cache-7
7f395038a000-7f395038b000 r--s 00000000 103:05 2754288                   /var/cache/fontconfig/22368d551a680bfe5a62c02760edf4ea-le64.cache-7
7f395038b000-7f395038c000 r--s 00000000 103:05 2754300                   /var/cache/fontconfig/4d9c95eba1cb85bbcf2878543262124a-le64.cache-7
7f395038c000-7f395038d000 r--s 00000000 103:05 2754317                   /var/cache/fontconfig/85e0a52ce643a7ba2ae53e5d6949cead-le64.cache-7
7f395038d000-7f395038e000 r--s 00000000 103:05 2754297                   /var/cache/fontconfig/49f0de54bdd920fe4f0dfd4cbac43e6b-le64.cache-7
7f395038e000-7f395038f000 r--s 00000000 103:05 2754344                   /var/cache/fontconfig/f6e6e0a5c3d2f6ae0c0c2e0ecd42a997-le64.cache-7
7f395038f000-7f3950390000 r--s 00000000 103:05 2754298                   /var/cache/fontconfig/4b2eda6bb976bda485cb2176619421d5-le64.cache-7
7f3950390000-7f395039a000 r--s 00226000 103:05 1984601                   /home/fernandr/.m2/repository/net/imagej/ij/1.52k/ij-1.52k.jar
7f395039a000-7f395045e000 rw-p 00000000 00:00 0 
7f395045e000-7f395045f000 ---p 00000000 00:00 0 
7f395045f000-7f3950462000 ---p 00000000 00:00 0 
7f3950462000-7f3950563000 rw-p 00000000 00:00 0 
7f3950563000-7f3950565000 r--s 00000000 103:05 2754312                   /var/cache/fontconfig/6afa1bb216ce958c1589e297e8008489-le64.cache-7
7f3950565000-7f395056c000 r--s 00000000 103:05 657616                    /usr/lib/x86_64-linux-gnu/gconv/gconv-modules.cache
7f395056c000-7f3950573000 r--s 00095000 103:05 2028044                   /home/fernandr/Programmes/LIB_EXT/JAR/VIB-lib-2.1.2.jar
7f3950573000-7f395057e000 r--s 00093000 103:05 1983880                   /home/fernandr/Programmes/LIB_EXT/JAR/simpleitk-1.2.0.jar
7f395057e000-7f395057f000 r--s 00005000 103:05 3411772                   /home/fernandr/eclipse-workspace/MyIJPlugs/vitimage/target/lib/ext/lma.jar
7f395057f000-7f3950587000 rw-s 00000000 103:05 2883926                   /tmp/hsperfdata_fernandr/11084
7f3950587000-7f3950588000 rw-p 00000000 00:00 0 
7f3950588000-7f3950589000 r--p 00000000 00:00 0 
7f3950589000-7f395058a000 r--p 00027000 103:05 3806030                   /lib/x86_64-linux-gnu/ld-2.27.so
7f395058a000-7f395058b000 rw-p 00028000 103:05 3806030                   /lib/x86_64-linux-gnu/ld-2.27.so
7f395058b000-7f395058c000 rw-p 00000000 00:00 0 
7ffecd627000-7ffecd648000 rw-p 00000000 00:00 0                          [stack]
7ffecd6e2000-7ffecd6e5000 r--p 00000000 00:00 0                          [vvar]
7ffecd6e5000-7ffecd6e7000 r-xp 00000000 00:00 0                          [vdso]
ffffffffff600000-ffffffffff601000 r-xp 00000000 00:00 0                  [vsyscall]

VM Arguments:
jvm_args: -Djava.library.path=/home/fernandr/Programmes/Fiji.app/lib/linux64 -Dfile.encoding=UTF-8 
java_command: com.vitimage.BlockMatchingRegistration
java_class_path (initial): /home/fernandr/eclipse-workspace/MyIJPlugs/vitimage/target/lib/ext/lma.jar:/home/fernandr/eclipse-workspace/MyIJPlugs/vitimage/target/classes:/home/fernandr/Programmes/LIB_EXT/JAR/simpleitk-1.2.0.jar:/home/fernandr/Programmes/LIB_EXT/JAR/VIB-lib-2.1.2.jar:/home/fernandr/.m2/repository/net/imagej/ij/1.52k/ij-1.52k.jar:/usr/lib/jvm/java-8-oracle/lib/tools.jar:/home/fernandr/.m2/repository/sc/fiji/imagescience/3.0.0/imagescience-3.0.0.jar:/home/fernandr/.m2/repository/sc/fiji/Image_5D/1.2.6/Image_5D-1.2.6.jar:/home/fernandr/.m2/repository/sc/fiji/VIB-lib/2.1.2/VIB-lib-2.1.2.jar:/home/fernandr/.m2/repository/sc/fiji/pal-optimization/2.0.0/pal-optimization-2.0.0.jar:/home/fernandr/.m2/repository/gov/nist/math/jama/1.0.3/jama-1.0.3.jar
Launcher Type: SUN_STANDARD

Environment Variables:
JAVA_HOME=/usr/lib/jvm/java-8-oracle
PATH=/usr/local/sbin:/usr/local/bin:/usr/sbin:/usr/bin:/sbin:/bin:/usr/games:/usr/local/games:/home/fernandr/Programmes/ImageJ:/home/fernandr/Programmes/Fiji.app:/snap/bin:/usr/lib/jvm/java-8-oracle/bin:/usr/lib/jvm/java-8-oracle/db/bin:/usr/lib/jvm/java-8-oracle/jre/bin
USERNAME=fernandr
LD_PRELOAD=libgtk3-nocsd.so.0
SHELL=/bin/bash
DISPLAY=:0

Signal Handlers:
SIGSEGV: [libjvm.so+0xad3e60], sa_mask[0]=11111111011111111101111111111110, sa_flags=SA_RESTART|SA_SIGINFO
SIGBUS: [libjvm.so+0xad3e60], sa_mask[0]=11111111011111111101111111111110, sa_flags=SA_RESTART|SA_SIGINFO
SIGFPE: [libjvm.so+0x90b880], sa_mask[0]=11111111011111111101111111111110, sa_flags=SA_RESTART|SA_SIGINFO
SIGPIPE: [libjvm.so+0x90b880], sa_mask[0]=11111111011111111101111111111110, sa_flags=SA_RESTART|SA_SIGINFO
SIGXFSZ: [libjvm.so+0x90b880], sa_mask[0]=11111111011111111101111111111110, sa_flags=SA_RESTART|SA_SIGINFO
SIGILL: [libjvm.so+0x90b880], sa_mask[0]=11111111011111111101111111111110, sa_flags=SA_RESTART|SA_SIGINFO
SIGUSR1: SIG_DFL, sa_mask[0]=00000000000000000000000000000000, sa_flags=none
SIGUSR2: [libjvm.so+0x90b750], sa_mask[0]=00100000000000000000000000000000, sa_flags=SA_RESTART|SA_SIGINFO
SIGHUP: [libjvm.so+0x90bd70], sa_mask[0]=11111111011111111101111111111110, sa_flags=SA_RESTART|SA_SIGINFO
SIGINT: [libjvm.so+0x90bd70], sa_mask[0]=11111111011111111101111111111110, sa_flags=SA_RESTART|SA_SIGINFO
SIGTERM: [libjvm.so+0x90bd70], sa_mask[0]=11111111011111111101111111111110, sa_flags=SA_RESTART|SA_SIGINFO
SIGQUIT: [libjvm.so+0x90bd70], sa_mask[0]=11111111011111111101111111111110, sa_flags=SA_RESTART|SA_SIGINFO


---------------  S Y S T E M  ---------------

OS:DISTRIB_ID=Ubuntu
DISTRIB_RELEASE=18.04
DISTRIB_CODENAME=bionic
DISTRIB_DESCRIPTION="Ubuntu 18.04.2 LTS"

uname:Linux 4.15.0-50-generic #54-Ubuntu SMP Mon May 6 18:46:08 UTC 2019 x86_64
libc:glibc 2.27 NPTL 2.27 
rlimit: STACK 8192k, CORE 0k, NPROC 127338, NOFILE 4096, AS infinity
load average:3,52 2,71 2,37

/proc/meminfo:
MemTotal:       32693752 kB
MemFree:         9009496 kB
MemAvailable:   23728516 kB
Buffers:        12149420 kB
Cached:          2715124 kB
SwapCached:            0 kB
Active:          8569312 kB
Inactive:       14067604 kB
Active(anon):    7076140 kB
Inactive(anon):   985916 kB
Active(file):    1493172 kB
Inactive(file): 13081688 kB
Unevictable:       13988 kB
Mlocked:           13988 kB
SwapTotal:      19530748 kB
SwapFree:       19530748 kB
Dirty:              4908 kB
Writeback:             0 kB
AnonPages:       7786780 kB
Mapped:           827060 kB
Shmem:            285016 kB
Slab:             716016 kB
SReclaimable:     615856 kB
SUnreclaim:       100160 kB
KernelStack:       19852 kB
PageTables:        74680 kB
NFS_Unstable:          0 kB
Bounce:                0 kB
WritebackTmp:          0 kB
CommitLimit:    35877624 kB
Committed_AS:   15816272 kB
VmallocTotal:   34359738367 kB
VmallocUsed:           0 kB
VmallocChunk:          0 kB
HardwareCorrupted:     0 kB
AnonHugePages:         0 kB
ShmemHugePages:        0 kB
ShmemPmdMapped:        0 kB
CmaTotal:              0 kB
CmaFree:               0 kB
HugePages_Total:       0
HugePages_Free:        0
HugePages_Rsvd:        0
HugePages_Surp:        0
Hugepagesize:       2048 kB
DirectMap4k:     2308604 kB
DirectMap2M:    31000576 kB
DirectMap1G:     1048576 kB

container (cgroup) information:
container_type: cgroupv1
cpu_cpuset_cpus: 0-11
cpu_memory_nodes: 0
active_processor_count: 12
cpu_quota: -1
cpu_period: 100000
cpu_shares: -1
memory_limit_in_bytes: -1
memory_and_swap_limit_in_bytes: -2
memory_soft_limit_in_bytes: -1
memory_usage_in_bytes: 23195074560
memory_max_usage_in_bytes: 0


CPU:total 12 (initial active 12) (6 cores per cpu, 2 threads per core) family 6 model 158 stepping 10, cmov, cx8, fxsr, mmx, sse, sse2, sse3, ssse3, sse4.1, sse4.2, popcnt, avx, avx2, aes, clmul, erms, rtm, 3dnowpref, lzcnt, ht, tsc, tscinvbit, bmi1, bmi2, adx

/proc/cpuinfo:
processor	: 0
vendor_id	: GenuineIntel
cpu family	: 6
model		: 158
model name	: Intel(R) Xeon(R) E-2186M  CPU @ 2.90GHz
stepping	: 10
microcode	: 0xb4
cpu MHz		: 4160.237
cache size	: 12288 KB
physical id	: 0
siblings	: 12
core id		: 0
cpu cores	: 6
apicid		: 0
initial apicid	: 0
fpu		: yes
fpu_exception	: yes
cpuid level	: 22
wp		: yes
flags		: fpu vme de pse tsc msr pae mce cx8 apic sep mtrr pge mca cmov pat pse36 clflush dts acpi mmx fxsr sse sse2 ss ht tm pbe syscall nx pdpe1gb rdtscp lm constant_tsc art arch_perfmon pebs bts rep_good nopl xtopology nonstop_tsc cpuid aperfmperf tsc_known_freq pni pclmulqdq dtes64 monitor ds_cpl vmx smx est tm2 ssse3 sdbg fma cx16 xtpr pdcm pcid sse4_1 sse4_2 x2apic movbe popcnt tsc_deadline_timer aes xsave avx f16c rdrand lahf_lm abm 3dnowprefetch cpuid_fault epb invpcid_single pti ssbd ibrs ibpb stibp tpr_shadow vnmi flexpriority ept vpid fsgsbase tsc_adjust bmi1 hle avx2 smep bmi2 erms invpcid rtm mpx rdseed adx smap clflushopt intel_pt xsaveopt xsavec xgetbv1 xsaves dtherm ida arat pln pts hwp hwp_notify hwp_act_window hwp_epp md_clear flush_l1d
bugs		: cpu_meltdown spectre_v1 spectre_v2 spec_store_bypass l1tf mds
bogomips	: 5808.00
clflush size	: 64
cache_alignment	: 64
address sizes	: 39 bits physical, 48 bits virtual
power management:

processor	: 1
vendor_id	: GenuineIntel
cpu family	: 6
model		: 158
model name	: Intel(R) Xeon(R) E-2186M  CPU @ 2.90GHz
stepping	: 10
microcode	: 0xb4
cpu MHz		: 4054.779
cache size	: 12288 KB
physical id	: 0
siblings	: 12
core id		: 1
cpu cores	: 6
apicid		: 2
initial apicid	: 2
fpu		: yes
fpu_exception	: yes
cpuid level	: 22
wp		: yes
flags		: fpu vme de pse tsc msr pae mce cx8 apic sep mtrr pge mca cmov pat pse36 clflush dts acpi mmx fxsr sse sse2 ss ht tm pbe syscall nx pdpe1gb rdtscp lm constant_tsc art arch_perfmon pebs bts rep_good nopl xtopology nonstop_tsc cpuid aperfmperf tsc_known_freq pni pclmulqdq dtes64 monitor ds_cpl vmx smx est tm2 ssse3 sdbg fma cx16 xtpr pdcm pcid sse4_1 sse4_2 x2apic movbe popcnt tsc_deadline_timer aes xsave avx f16c rdrand lahf_lm abm 3dnowprefetch cpuid_fault epb invpcid_single pti ssbd ibrs ibpb stibp tpr_shadow vnmi flexpriority ept vpid fsgsbase tsc_adjust bmi1 hle avx2 smep bmi2 erms invpcid rtm mpx rdseed adx smap clflushopt intel_pt xsaveopt xsavec xgetbv1 xsaves dtherm ida arat pln pts hwp hwp_notify hwp_act_window hwp_epp md_clear flush_l1d
bugs		: cpu_meltdown spectre_v1 spectre_v2 spec_store_bypass l1tf mds
bogomips	: 5808.00
clflush size	: 64
cache_alignment	: 64
address sizes	: 39 bits physical, 48 bits virtual
power management:

processor	: 2
vendor_id	: GenuineIntel
cpu family	: 6
model		: 158
model name	: Intel(R) Xeon(R) E-2186M  CPU @ 2.90GHz
stepping	: 10
microcode	: 0xb4
cpu MHz		: 4002.851
cache size	: 12288 KB
physical id	: 0
siblings	: 12
core id		: 2
cpu cores	: 6
apicid		: 4
initial apicid	: 4
fpu		: yes
fpu_exception	: yes
cpuid level	: 22
wp		: yes
flags		: fpu vme de pse tsc msr pae mce cx8 apic sep mtrr pge mca cmov pat pse36 clflush dts acpi mmx fxsr sse sse2 ss ht tm pbe syscall nx pdpe1gb rdtscp lm constant_tsc art arch_perfmon pebs bts rep_good nopl xtopology nonstop_tsc cpuid aperfmperf tsc_known_freq pni pclmulqdq dtes64 monitor ds_cpl vmx smx est tm2 ssse3 sdbg fma cx16 xtpr pdcm pcid sse4_1 sse4_2 x2apic movbe popcnt tsc_deadline_timer aes xsave avx f16c rdrand lahf_lm abm 3dnowprefetch cpuid_fault epb invpcid_single pti ssbd ibrs ibpb stibp tpr_shadow vnmi flexpriority ept vpid fsgsbase tsc_adjust bmi1 hle avx2 smep bmi2 erms invpcid rtm mpx rdseed adx smap clflushopt intel_pt xsaveopt xsavec xgetbv1 xsaves dtherm ida arat pln pts hwp hwp_notify hwp_act_window hwp_epp md_clear flush_l1d
bugs		: cpu_meltdown spectre_v1 spectre_v2 spec_store_bypass l1tf mds
bogomips	: 5808.00
clflush size	: 64
cache_alignment	: 64
address sizes	: 39 bits physical, 48 bits virtual
power management:

processor	: 3
vendor_id	: GenuineIntel
cpu family	: 6
model		: 158
model name	: Intel(R) Xeon(R) E-2186M  CPU @ 2.90GHz
stepping	: 10
microcode	: 0xb4
cpu MHz		: 4126.782
cache size	: 12288 KB
physical id	: 0
siblings	: 12
core id		: 3
cpu cores	: 6
apicid		: 6
initial apicid	: 6
fpu		: yes
fpu_exception	: yes
cpuid level	: 22
wp		: yes
flags		: fpu vme de pse tsc msr pae mce cx8 apic sep mtrr pge mca cmov pat pse36 clflush dts acpi mmx fxsr sse sse2 ss ht tm pbe syscall nx pdpe1gb rdtscp lm constant_tsc art arch_perfmon pebs bts rep_good nopl xtopology nonstop_tsc cpuid aperfmperf tsc_known_freq pni pclmulqdq dtes64 monitor ds_cpl vmx smx est tm2 ssse3 sdbg fma cx16 xtpr pdcm pcid sse4_1 sse4_2 x2apic movbe popcnt tsc_deadline_timer aes xsave avx f16c rdrand lahf_lm abm 3dnowprefetch cpuid_fault epb invpcid_single pti ssbd ibrs ibpb stibp tpr_shadow vnmi flexpriority ept vpid fsgsbase tsc_adjust bmi1 hle avx2 smep bmi2 erms invpcid rtm mpx rdseed adx smap clflushopt intel_pt xsaveopt xsavec xgetbv1 xsaves dtherm ida arat pln pts hwp hwp_notify hwp_act_window hwp_epp md_clear flush_l1d
bugs		: cpu_meltdown spectre_v1 spectre_v2 spec_store_bypass l1tf mds
bogomips	: 5808.00
clflush size	: 64
cache_alignment	: 64
address sizes	: 39 bits physical, 48 bits virtual
power management:

processor	: 4
vendor_id	: GenuineIntel
cpu family	: 6
model		: 158
model name	: Intel(R) Xeon(R) E-2186M  CPU @ 2.90GHz
stepping	: 10
microcode	: 0xb4
cpu MHz		: 4022.737
cache size	: 12288 KB
physical id	: 0
siblings	: 12
core id		: 4
cpu cores	: 6
apicid		: 8
initial apicid	: 8
fpu		: yes
fpu_exception	: yes
cpuid level	: 22
wp		: yes
flags		: fpu vme de pse tsc msr pae mce cx8 apic sep mtrr pge mca cmov pat pse36 clflush dts acpi mmx fxsr sse sse2 ss ht tm pbe syscall nx pdpe1gb rdtscp lm constant_tsc art arch_perfmon pebs bts rep_good nopl xtopology nonstop_tsc cpuid aperfmperf tsc_known_freq pni pclmulqdq dtes64 monitor ds_cpl vmx smx est tm2 ssse3 sdbg fma cx16 xtpr pdcm pcid sse4_1 sse4_2 x2apic movbe popcnt tsc_deadline_timer aes xsave avx f16c rdrand lahf_lm abm 3dnowprefetch cpuid_fault epb invpcid_single pti ssbd ibrs ibpb stibp tpr_shadow vnmi flexpriority ept vpid fsgsbase tsc_adjust bmi1 hle avx2 smep bmi2 erms invpcid rtm mpx rdseed adx smap clflushopt intel_pt xsaveopt xsavec xgetbv1 xsaves dtherm ida arat pln pts hwp hwp_notify hwp_act_window hwp_epp md_clear flush_l1d
bugs		: cpu_meltdown spectre_v1 spectre_v2 spec_store_bypass l1tf mds
bogomips	: 5808.00
clflush size	: 64
cache_alignment	: 64
address sizes	: 39 bits physical, 48 bits virtual
power management:

processor	: 5
vendor_id	: GenuineIntel
cpu family	: 6
model		: 158
model name	: Intel(R) Xeon(R) E-2186M  CPU @ 2.90GHz
stepping	: 10
microcode	: 0xb4
cpu MHz		: 4061.789
cache size	: 12288 KB
physical id	: 0
siblings	: 12
core id		: 5
cpu cores	: 6
apicid		: 10
initial apicid	: 10
fpu		: yes
fpu_exception	: yes
cpuid level	: 22
wp		: yes
flags		: fpu vme de pse tsc msr pae mce cx8 apic sep mtrr pge mca cmov pat pse36 clflush dts acpi mmx fxsr sse sse2 ss ht tm pbe syscall nx pdpe1gb rdtscp lm constant_tsc art arch_perfmon pebs bts rep_good nopl xtopology nonstop_tsc cpuid aperfmperf tsc_known_freq pni pclmulqdq dtes64 monitor ds_cpl vmx smx est tm2 ssse3 sdbg fma cx16 xtpr pdcm pcid sse4_1 sse4_2 x2apic movbe popcnt tsc_deadline_timer aes xsave avx f16c rdrand lahf_lm abm 3dnowprefetch cpuid_fault epb invpcid_single pti ssbd ibrs ibpb stibp tpr_shadow vnmi flexpriority ept vpid fsgsbase tsc_adjust bmi1 hle avx2 smep bmi2 erms invpcid rtm mpx rdseed adx smap clflushopt intel_pt xsaveopt xsavec xgetbv1 xsaves dtherm ida arat pln pts hwp hwp_notify hwp_act_window hwp_epp md_clear flush_l1d
bugs		: cpu_meltdown spectre_v1 spectre_v2 spec_store_bypass l1tf mds
bogomips	: 5808.00
clflush size	: 64
cache_alignment	: 64
address sizes	: 39 bits physical, 48 bits virtual
power management:

processor	: 6
vendor_id	: GenuineIntel
cpu family	: 6
model		: 158
model name	: Intel(R) Xeon(R) E-2186M  CPU @ 2.90GHz
stepping	: 10
microcode	: 0xb4
cpu MHz		: 4218.253
cache size	: 12288 KB
physical id	: 0
siblings	: 12
core id		: 0
cpu cores	: 6
apicid		: 1
initial apicid	: 1
fpu		: yes
fpu_exception	: yes
cpuid level	: 22
wp		: yes
flags		: fpu vme de pse tsc msr pae mce cx8 apic sep mtrr pge mca cmov pat pse36 clflush dts acpi mmx fxsr sse sse2 ss ht tm pbe syscall nx pdpe1gb rdtscp lm constant_tsc art arch_perfmon pebs bts rep_good nopl xtopology nonstop_tsc cpuid aperfmperf tsc_known_freq pni pclmulqdq dtes64 monitor ds_cpl vmx smx est tm2 ssse3 sdbg fma cx16 xtpr pdcm pcid sse4_1 sse4_2 x2apic movbe popcnt tsc_deadline_timer aes xsave avx f16c rdrand lahf_lm abm 3dnowprefetch cpuid_fault epb invpcid_single pti ssbd ibrs ibpb stibp tpr_shadow vnmi flexpriority ept vpid fsgsbase tsc_adjust bmi1 hle avx2 smep bmi2 erms invpcid rtm mpx rdseed adx smap clflushopt intel_pt xsaveopt xsavec xgetbv1 xsaves dtherm ida arat pln pts hwp hwp_notify hwp_act_window hwp_epp md_clear flush_l1d
bugs		: cpu_meltdown spectre_v1 spectre_v2 spec_store_bypass l1tf mds
bogomips	: 5808.00
clflush size	: 64
cache_alignment	: 64
address sizes	: 39 bits physical, 48 bits virtual
power management:

processor	: 7
vendor_id	: GenuineIntel
cpu family	: 6
model		: 158
model name	: Intel(R) Xeon(R) E-2186M  CPU @ 2.90GHz
stepping	: 10
microcode	: 0xb4
cpu MHz		: 4020.114
cache size	: 12288 KB
physical id	: 0
siblings	: 12
core id		: 1
cpu cores	: 6
apicid		: 3
initial apicid	: 3
fpu		: yes
fpu_exception	: yes
cpuid level	: 22
wp		: yes
flags		: fpu vme de pse tsc msr pae mce cx8 apic sep mtrr pge mca cmov pat pse36 clflush dts acpi mmx fxsr sse sse2 ss ht tm pbe syscall nx pdpe1gb rdtscp lm constant_tsc art arch_perfmon pebs bts rep_good nopl xtopology nonstop_tsc cpuid aperfmperf tsc_known_freq pni pclmulqdq dtes64 monitor ds_cpl vmx smx est tm2 ssse3 sdbg fma cx16 xtpr pdcm pcid sse4_1 sse4_2 x2apic movbe popcnt tsc_deadline_timer aes xsave avx f16c rdrand lahf_lm abm 3dnowprefetch cpuid_fault epb invpcid_single pti ssbd ibrs ibpb stibp tpr_shadow vnmi flexpriority ept vpid fsgsbase tsc_adjust bmi1 hle avx2 smep bmi2 erms invpcid rtm mpx rdseed adx smap clflushopt intel_pt xsaveopt xsavec xgetbv1 xsaves dtherm ida arat pln pts hwp hwp_notify hwp_act_window hwp_epp md_clear flush_l1d
bugs		: cpu_meltdown spectre_v1 spectre_v2 spec_store_bypass l1tf mds
bogomips	: 5808.00
clflush size	: 64
cache_alignment	: 64
address sizes	: 39 bits physical, 48 bits virtual
power management:

processor	: 8
vendor_id	: GenuineIntel
cpu family	: 6
model		: 158
model name	: Intel(R) Xeon(R) E-2186M  CPU @ 2.90GHz
stepping	: 10
microcode	: 0xb4
cpu MHz		: 4198.545
cache size	: 12288 KB
physical id	: 0
siblings	: 12
core id		: 2
cpu cores	: 6
apicid		: 5
initial apicid	: 5
fpu		: yes
fpu_exception	: yes
cpuid level	: 22
wp		: yes
flags		: fpu vme de pse tsc msr pae mce cx8 apic sep mtrr pge mca cmov pat pse36 clflush dts acpi mmx fxsr sse sse2 ss ht tm pbe syscall nx pdpe1gb rdtscp lm constant_tsc art arch_perfmon pebs bts rep_good nopl xtopology nonstop_tsc cpuid aperfmperf tsc_known_freq pni pclmulqdq dtes64 monitor ds_cpl vmx smx est tm2 ssse3 sdbg fma cx16 xtpr pdcm pcid sse4_1 sse4_2 x2apic movbe popcnt tsc_deadline_timer aes xsave avx f16c rdrand lahf_lm abm 3dnowprefetch cpuid_fault epb invpcid_single pti ssbd ibrs ibpb stibp tpr_shadow vnmi flexpriority ept vpid fsgsbase tsc_adjust bmi1 hle avx2 smep bmi2 erms invpcid rtm mpx rdseed adx smap clflushopt intel_pt xsaveopt xsavec xgetbv1 xsaves dtherm ida arat pln pts hwp hwp_notify hwp_act_window hwp_epp md_clear flush_l1d
bugs		: cpu_meltdown spectre_v1 spectre_v2 spec_store_bypass l1tf mds
bogomips	: 5808.00
clflush size	: 64
cache_alignment	: 64
address sizes	: 39 bits physical, 48 bits virtual
power management:

processor	: 9
vendor_id	: GenuineIntel
cpu family	: 6
model		: 158
model name	: Intel(R) Xeon(R) E-2186M  CPU @ 2.90GHz
stepping	: 10
microcode	: 0xb4
cpu MHz		: 4198.676
cache size	: 12288 KB
physical id	: 0
siblings	: 12
core id		: 3
cpu cores	: 6
apicid		: 7
initial apicid	: 7
fpu		: yes
fpu_exception	: yes
cpuid level	: 22
wp		: yes
flags		: fpu vme de pse tsc msr pae mce cx8 apic sep mtrr pge mca cmov pat pse36 clflush dts acpi mmx fxsr sse sse2 ss ht tm pbe syscall nx pdpe1gb rdtscp lm constant_tsc art arch_perfmon pebs bts rep_good nopl xtopology nonstop_tsc cpuid aperfmperf tsc_known_freq pni pclmulqdq dtes64 monitor ds_cpl vmx smx est tm2 ssse3 sdbg fma cx16 xtpr pdcm pcid sse4_1 sse4_2 x2apic movbe popcnt tsc_deadline_timer aes xsave avx f16c rdrand lahf_lm abm 3dnowprefetch cpuid_fault epb invpcid_single pti ssbd ibrs ibpb stibp tpr_shadow vnmi flexpriority ept vpid fsgsbase tsc_adjust bmi1 hle avx2 smep bmi2 erms invpcid rtm mpx rdseed adx smap clflushopt intel_pt xsaveopt xsavec xgetbv1 xsaves dtherm ida arat pln pts hwp hwp_notify hwp_act_window hwp_epp md_clear flush_l1d
bugs		: cpu_meltdown spectre_v1 spectre_v2 spec_store_bypass l1tf mds
bogomips	: 5808.00
clflush size	: 64
cache_alignment	: 64
address sizes	: 39 bits physical, 48 bits virtual
power management:

processor	: 10
vendor_id	: GenuineIntel
cpu family	: 6
model		: 158
model name	: Intel(R) Xeon(R) E-2186M  CPU @ 2.90GHz
stepping	: 10
microcode	: 0xb4
cpu MHz		: 4206.356
cache size	: 12288 KB
physical id	: 0
siblings	: 12
core id		: 4
cpu cores	: 6
apicid		: 9
initial apicid	: 9
fpu		: yes
fpu_exception	: yes
cpuid level	: 22
wp		: yes
flags		: fpu vme de pse tsc msr pae mce cx8 apic sep mtrr pge mca cmov pat pse36 clflush dts acpi mmx fxsr sse sse2 ss ht tm pbe syscall nx pdpe1gb rdtscp lm constant_tsc art arch_perfmon pebs bts rep_good nopl xtopology nonstop_tsc cpuid aperfmperf tsc_known_freq pni pclmulqdq dtes64 monitor ds_cpl vmx smx est tm2 ssse3 sdbg fma cx16 xtpr pdcm pcid sse4_1 sse4_2 x2apic movbe popcnt tsc_deadline_timer aes xsave avx f16c rdrand lahf_lm abm 3dnowprefetch cpuid_fault epb invpcid_single pti ssbd ibrs ibpb stibp tpr_shadow vnmi flexpriority ept vpid fsgsbase tsc_adjust bmi1 hle avx2 smep bmi2 erms invpcid rtm mpx rdseed adx smap clflushopt intel_pt xsaveopt xsavec xgetbv1 xsaves dtherm ida arat pln pts hwp hwp_notify hwp_act_window hwp_epp md_clear flush_l1d
bugs		: cpu_meltdown spectre_v1 spectre_v2 spec_store_bypass l1tf mds
bogomips	: 5808.00
clflush size	: 64
cache_alignment	: 64
address sizes	: 39 bits physical, 48 bits virtual
power management:

processor	: 11
vendor_id	: GenuineIntel
cpu family	: 6
model		: 158
model name	: Intel(R) Xeon(R) E-2186M  CPU @ 2.90GHz
stepping	: 10
microcode	: 0xb4
cpu MHz		: 4172.915
cache size	: 12288 KB
physical id	: 0
siblings	: 12
core id		: 5
cpu cores	: 6
apicid		: 11
initial apicid	: 11
fpu		: yes
fpu_exception	: yes
cpuid level	: 22
wp		: yes
flags		: fpu vme de pse tsc msr pae mce cx8 apic sep mtrr pge mca cmov pat pse36 clflush dts acpi mmx fxsr sse sse2 ss ht tm pbe syscall nx pdpe1gb rdtscp lm constant_tsc art arch_perfmon pebs bts rep_good nopl xtopology nonstop_tsc cpuid aperfmperf tsc_known_freq pni pclmulqdq dtes64 monitor ds_cpl vmx smx est tm2 ssse3 sdbg fma cx16 xtpr pdcm pcid sse4_1 sse4_2 x2apic movbe popcnt tsc_deadline_timer aes xsave avx f16c rdrand lahf_lm abm 3dnowprefetch cpuid_fault epb invpcid_single pti ssbd ibrs ibpb stibp tpr_shadow vnmi flexpriority ept vpid fsgsbase tsc_adjust bmi1 hle avx2 smep bmi2 erms invpcid rtm mpx rdseed adx smap clflushopt intel_pt xsaveopt xsavec xgetbv1 xsaves dtherm ida arat pln pts hwp hwp_notify hwp_act_window hwp_epp md_clear flush_l1d
bugs		: cpu_meltdown spectre_v1 spectre_v2 spec_store_bypass l1tf mds
bogomips	: 5808.00
clflush size	: 64
cache_alignment	: 64
address sizes	: 39 bits physical, 48 bits virtual
power management:



Memory: 4k page, physical 32693752k(9009548k free), swap 19530748k(19530748k free)

vm_info: Java HotSpot(TM) 64-Bit Server VM (25.201-b09) for linux-amd64 JRE (1.8.0_201-b09), built on Dec 15 2018 11:35:59 by "java_re" with gcc 7.3.0

time: Tue May 21 16:13:44 2019
timezone: CEST
elapsed time: 32 seconds (0d 0h 0m 32s)

