#
# A fatal error has been detected by the Java Runtime Environment:
#
#  SIGSEGV (0xb) at pc=0x00007fe44a20198d, pid=16297, tid=0x00007fe3f6cd1700
#
# JRE version: Java(TM) SE Runtime Environment (8.0_201-b09) (build 1.8.0_201-b09)
# Java VM: Java HotSpot(TM) 64-Bit Server VM (25.201-b09 mixed mode linux-amd64 compressed oops)
# Problematic frame:
# C  [libc.so.6+0x9798d]  cfree+0x3d
#
# Failed to write core dump. Core dumps have been disabled. To enable core dumping, try "ulimit -c unlimited" before starting Java again
#
# If you would like to submit a bug report, please visit:
#   http://bugreport.java.com/bugreport/crash.jsp
# The crash happened outside the Java Virtual Machine in native code.
# See problematic frame for where to report the bug.
#

---------------  T H R E A D  ---------------

Current thread (0x00007fe444092000):  JavaThread "Finalizer" daemon [_thread_in_native, id=16318, stack(0x00007fe3f6bd1000,0x00007fe3f6cd2000)]

siginfo: si_signo: 11 (SIGSEGV), si_code: 1 (SEGV_MAPERR), si_addr: 0x00007fe324fff008

Registers:
RAX=0x0000000000000000, RBX=0x00007fe3360585f0, RCX=0x0000000000000040, RDX=0x00007fe444000080
RSP=0x00007fe3f6ccd9a0, RBP=0x00007fe3f6ccda80, RSI=0x00007fe3f6ccda80, RDI=0x00007fe324fff010
R8 =0x00000000bb6432f8, R9 =0x00000005d3499298, R10=0x00007fe434bea69b, R11=0x00007fe449b40db0
R12=0x00007fe324fff010, R13=0x00007fe3ce9e5638, R14=0x00007fe3f6cd08a8, R15=0x00007fe444092000
RIP=0x00007fe44a20198d, EFLAGS=0x0000000000010202, CSGSFS=0x002b000000000033, ERR=0x0000000000000004
  TRAPNO=0x000000000000000e

Top of Stack: (sp=0x00007fe3f6ccd9a0)
0x00007fe3f6ccd9a0:   00007fe3f6ccda80 00007fe300000000
0x00007fe3f6ccd9b0:   00007fe444391940 0000000000000000
0x00007fe3f6ccd9c0:   0000000000000007 1e086d351058de00
0x00007fe3f6ccd9d0:   0000000000000000 00007fe3360585f0
0x00007fe3f6ccd9e0:   00007fe3f6ccda80 0000000000000000
0x00007fe3f6ccd9f0:   00007fe3ce9e5638 00007fe3f6cd08a8
0x00007fe3f6ccda00:   00007fe444092000 00007fe3ab87a708
0x00007fe3f6ccda10:   00007fe3360585f0 00007fe3ab87a74c
0x00007fe3f6ccda20:   0000000003dd39fd 00007fe3360585f0
0x00007fe3f6ccda30:   00007fe3f6ccda80 00007fe3ab87a779
0x00007fe3f6ccda40:   00007fe3360585f0 00007fe3b10280ef
0x00007fe3f6ccda50:   00007fe3f6ccdb50 00007fe3b1012d3c
0x00007fe3f6ccda60:   00007fe3f6ccdb40 0000000000000000
0x00007fe3f6ccda70:   00007fe444391940 0000000000000000
0x00007fe3f6ccda80:   00007fe3b3058690 00007fe3b1012d3c
0x00007fe3f6ccda90:   00007fe3a572dcc0 00000000f74e7f72
0x00007fe3f6ccdaa0:   00007fe444391730 00007fe3f6ccdbe8
0x00007fe3f6ccdab0:   0000000000000000 00007fe4443913d0
0x00007fe3f6ccdac0:   0000000000000000 00007fe44ada81ef
0x00007fe3f6ccdad0:   0000000000000000 0000000000000000
0x00007fe3f6ccdae0:   0000000000000005 0000000000000000
0x00007fe3f6ccdaf0:   0000000000000001 00007fe4443913d0
0x00007fe3f6ccdb00:   00007fe3a677fcd5 000000014adacec3
0x00007fe3f6ccdb10:   00007fe3f6ccdb40 00007fe3f6ccdb50
0x00007fe3f6ccdb20:   00007fe444391728 0000000000001000
0x00007fe3f6ccdb30:   00007fe33c000020 00007fe44a201dfa
0x00007fe3f6ccdb40:   00000000ffffffff 00007fe3f6ccdfa0
0x00007fe3f6ccdb50:   00007fe3a527dfc0 00007fe4443913d0
0x00007fe3f6ccdb60:   00007fe444092000 00007fe444000080
0x00007fe3f6ccdb70:   00007fe4440000d0 00007fe44a201dfa
0x00007fe3f6ccdb80:   00007fe3f6ccdbe0 0000000000000000
0x00007fe3f6ccdb90:   00007fe444000020 0000000000000000 

Instructions: (pc=0x00007fe44a20198d)
0x00007fe44a20196d:   24 28 31 c0 48 8b 05 70 35 35 00 48 8b 00 48 85
0x00007fe44a20197d:   c0 0f 85 9c 02 00 00 48 85 ff 0f 84 13 01 00 00
0x00007fe44a20198d:   48 8b 77 f8 4c 8d 6f f0 40 f6 c6 02 0f 85 29 01
0x00007fe44a20199d:   00 00 48 8b 2d d2 33 35 00 64 48 83 7d 00 00 0f 

Register to memory mapping:

RAX=0x0000000000000000 is an unknown value
RBX=0x00007fe3360585f0 is an unknown value
RCX=0x0000000000000040 is an unknown value
RDX=0x00007fe444000080 is an unknown value
RSP=0x00007fe3f6ccd9a0 is pointing into the stack for thread: 0x00007fe444092000
RBP=0x00007fe3f6ccda80 is pointing into the stack for thread: 0x00007fe444092000
RSI=0x00007fe3f6ccda80 is pointing into the stack for thread: 0x00007fe444092000
RDI=0x00007fe324fff010 is an unknown value
R8 =0x00000000bb6432f8 is an unknown value
R9 =0x00000005d3499298 is an oop
java.lang.System$2 
 - klass: 'java/lang/System$2'
R10=0x00007fe434bea69b is at code_begin+859 in an Interpreter codelet
method entry point (kind = native)  [0x00007fe434bea340, 0x00007fe434beacc0]  2432 bytes
R11=0x00007fe449b40db0: <offset 0x9bfdb0> in /usr/lib/jvm/java-8-oracle/jre/lib/amd64/server/libjvm.so at 0x00007fe449181000
R12=0x00007fe324fff010 is an unknown value
R13={method} {0x00007fe3ce9e5638} 'delete_DisplacementFieldTransform' '(J)V' in 'org/itk/simple/SimpleITKJNI'
R14=0x00007fe3f6cd08a8 is pointing into the stack for thread: 0x00007fe444092000
R15=0x00007fe444092000 is a thread


Stack: [0x00007fe3f6bd1000,0x00007fe3f6cd2000],  sp=0x00007fe3f6ccd9a0,  free space=1010k
Native frames: (J=compiled Java code, j=interpreted, Vv=VM code, C=native code)
C  [libc.so.6+0x9798d]  cfree+0x3d
C  [libSimpleITKJava.so+0xc365d3c]  itk::Object::UnRegister() const+0x1c

Java frames: (J=compiled Java code, j=interpreted, Vv=VM code)
j  org.itk.simple.SimpleITKJNI.delete_DisplacementFieldTransform(J)V+0
j  org.itk.simple.DisplacementFieldTransform.delete()V+25
j  org.itk.simple.DisplacementFieldTransform.finalize()V+1
J 1300 C2 java.lang.ref.Finalizer.runFinalizer(Lsun/misc/JavaLangAccess;)V (62 bytes) @ 0x00007fe435257980 [0x00007fe4352576c0+0x2c0]
J 1346 C2 java.lang.ref.Finalizer.access$100(Ljava/lang/ref/Finalizer;Lsun/misc/JavaLangAccess;)V (6 bytes) @ 0x00007fe4352708b8 [0x00007fe4352708a0+0x18]
J 1298% C2 java.lang.ref.Finalizer$FinalizerThread.run()V (55 bytes) @ 0x00007fe435252ab8 [0x00007fe4352529c0+0xf8]
v  ~StubRoutines::call_stub

---------------  P R O C E S S  ---------------

Java Threads: ( => current thread )
  0x00007fe444340000 JavaThread "AWT-EventQueue-0" [_thread_blocked, id=16329, stack(0x00007fe3cf274000,0x00007fe3cf375000)]
  0x00007fe44433b800 JavaThread "AWT-Shutdown" [_thread_blocked, id=16328, stack(0x00007fe3cf375000,0x00007fe3cf476000)]
  0x00007fe4442a2800 JavaThread "AWT-XAWT" daemon [_thread_in_native, id=16327, stack(0x00007fe3cf676000,0x00007fe3cf777000)]
  0x00007fe444264800 JavaThread "Java2D Disposer" daemon [_thread_blocked, id=16326, stack(0x00007fe3f40fc000,0x00007fe3f41fd000)]
  0x00007fe4440e2800 JavaThread "Service Thread" daemon [_thread_blocked, id=16324, stack(0x00007fe3f5bfc000,0x00007fe3f5cfd000)]
  0x00007fe4440cd800 JavaThread "C1 CompilerThread3" daemon [_thread_blocked, id=16323, stack(0x00007fe3f5cfe000,0x00007fe3f5dfe000)]
  0x00007fe4440cb800 JavaThread "C2 CompilerThread2" daemon [_thread_blocked, id=16322, stack(0x00007fe3f5dff000,0x00007fe3f5eff000)]
  0x00007fe4440c9800 JavaThread "C2 CompilerThread1" daemon [_thread_blocked, id=16321, stack(0x00007fe3f5f00000,0x00007fe3f6000000)]
  0x00007fe4440c7000 JavaThread "C2 CompilerThread0" daemon [_thread_blocked, id=16320, stack(0x00007fe3f6001000,0x00007fe3f6101000)]
  0x00007fe4440c5800 JavaThread "Signal Dispatcher" daemon [_thread_blocked, id=16319, stack(0x00007fe3f6101000,0x00007fe3f6202000)]
=>0x00007fe444092000 JavaThread "Finalizer" daemon [_thread_in_native, id=16318, stack(0x00007fe3f6bd1000,0x00007fe3f6cd2000)]
  0x00007fe44408f800 JavaThread "Reference Handler" daemon [_thread_blocked, id=16317, stack(0x00007fe3f6cd2000,0x00007fe3f6dd3000)]
  0x00007fe44400b800 JavaThread "Run$_main" [_thread_in_native, id=16300, stack(0x00007fe44ae9a000,0x00007fe44af9a000)]

Other Threads:
  0x00007fe444086000 VMThread [stack: 0x00007fe3f6dd4000,0x00007fe3f6ed4000] [id=16316]
  0x00007fe4440e5000 WatcherThread [stack: 0x00007fe3f5afc000,0x00007fe3f5bfc000] [id=16325]

VM state:not at safepoint (normal execution)

VM Mutex/Monitor currently owned by a thread: None

heap address: 0x00000005cd200000, size: 7982 MB, Compressed Oops mode: Zero based, Oop shift amount: 3
Narrow klass base: 0x0000000000000000, Narrow klass shift: 3
Compressed class space size: 1073741824 Address: 0x00000007c0000000

Heap:
 PSYoungGen      total 2123776K, used 804486K [0x0000000719b80000, 0x00000007c0000000, 0x00000007c0000000)
  eden space 1581568K, 50% used [0x0000000719b80000,0x000000074ab01a88,0x000000077a400000)
  from space 542208K, 0% used [0x000000077a400000,0x000000077a620000,0x000000079b580000)
  to   space 535552K, 0% used [0x000000079f500000,0x000000079f500000,0x00000007c0000000)
 ParOldGen       total 1348096K, used 775002K [0x00000005cd200000, 0x000000061f680000, 0x0000000719b80000)
  object space 1348096K, 57% used [0x00000005cd200000,0x00000005fc6d6b10,0x000000061f680000)
 Metaspace       used 14948K, capacity 15139K, committed 15360K, reserved 1062912K
  class space    used 1416K, capacity 1482K, committed 1536K, reserved 1048576K

Card table byte_map: [0x00007fe43387a000,0x00007fe434812000] byte_map_base: 0x00007fe430a11000

Marking Bits: (ParMarkBitMap*) 0x00007fe44a14cd80
 Begin Bits: [0x00007fe3f8690000, 0x00007fe400348000)
 End Bits:   [0x00007fe400348000, 0x00007fe408000000)

Polling page: 0x00007fe44afc3000

CodeCache: size=245760Kb used=8357Kb max_used=8423Kb free=237402Kb
 bounds [0x00007fe434bd2000, 0x00007fe435422000, 0x00007fe443bd2000]
 total_blobs=2311 nmethods=1417 adapters=807
 compilation: enabled

Compilation events (10 events):
Event: 36,901 Thread 0x00007fe4440c9800 1425       4       java.util.TimSort::mergeHi (732 bytes)
Event: 36,928 Thread 0x00007fe4440cb800 nmethod 1424 0x00007fe4353dae50 code [0x00007fe4353db120, 0x00007fe4353dc860]
Event: 36,928 Thread 0x00007fe4440cb800 1426       4       java.util.TimSort::mergeLo (659 bytes)
Event: 36,932 Thread 0x00007fe4440c9800 nmethod 1425 0x00007fe4353e1590 code [0x00007fe4353e17e0, 0x00007fe4353e3878]
Event: 36,953 Thread 0x00007fe4440cb800 nmethod 1426 0x00007fe4353e4c10 code [0x00007fe4353e4e60, 0x00007fe4353e6d38]
Event: 36,970 Thread 0x00007fe4440c7000 nmethod 1411% 0x00007fe4353f90d0 code [0x00007fe4353f9c40, 0x00007fe43540a150]
Event: 37,194 Thread 0x00007fe4440cd800 1427       1       ij.gui.ImageWindow::getCanvas (5 bytes)
Event: 37,194 Thread 0x00007fe4440cd800 nmethod 1427 0x00007fe434d47a10 code [0x00007fe434d47b60, 0x00007fe434d47c70]
Event: 37,194 Thread 0x00007fe4440cd800 1428       3       ij.ImagePlus::getBitDepth (130 bytes)
Event: 37,194 Thread 0x00007fe4440cd800 nmethod 1428 0x00007fe4353c4d90 code [0x00007fe4353c4f20, 0x00007fe4353c56b0]

GC Heap History (10 events):
Event: 22,437 GC heap before
{Heap before GC invocations=15 (full 1):
 PSYoungGen      total 1426432K, used 1400060K [0x0000000719b80000, 0x0000000798e00000, 0x00000007c0000000)
  eden space 1132032K, 100% used [0x0000000719b80000,0x000000075ed00000,0x000000075ed00000)
  from space 294400K, 91% used [0x000000075ed00000,0x000000076f2bf0e8,0x0000000770c80000)
  to   space 341504K, 0% used [0x0000000784080000,0x0000000784080000,0x0000000798e00000)
 ParOldGen       total 1085952K, used 698617K [0x00000005cd200000, 0x000000060f680000, 0x0000000719b80000)
  object space 1085952K, 64% used [0x00000005cd200000,0x00000005f7c3e7c0,0x000000060f680000)
 Metaspace       used 14904K, capacity 15075K, committed 15360K, reserved 1062912K
  class space    used 1416K, capacity 1482K, committed 1536K, reserved 1048576K
Event: 22,533 GC heap after
Heap after GC invocations=15 (full 1):
 PSYoungGen      total 1707008K, used 261116K [0x0000000719b80000, 0x00000007a2d80000, 0x00000007c0000000)
  eden space 1365504K, 0% used [0x0000000719b80000,0x0000000719b80000,0x000000076d100000)
  from space 341504K, 76% used [0x0000000784080000,0x0000000793f7f0e8,0x0000000798e00000)
  to   space 376320K, 0% used [0x000000076d100000,0x000000076d100000,0x0000000784080000)
 ParOldGen       total 1085952K, used 698625K [0x00000005cd200000, 0x000000060f680000, 0x0000000719b80000)
  object space 1085952K, 64% used [0x00000005cd200000,0x00000005f7c407c0,0x000000060f680000)
 Metaspace       used 14904K, capacity 15075K, committed 15360K, reserved 1062912K
  class space    used 1416K, capacity 1482K, committed 1536K, reserved 1048576K
}
Event: 26,970 GC heap before
{Heap before GC invocations=16 (full 1):
 PSYoungGen      total 1707008K, used 1626620K [0x0000000719b80000, 0x00000007a2d80000, 0x00000007c0000000)
  eden space 1365504K, 100% used [0x0000000719b80000,0x000000076d100000,0x000000076d100000)
  from space 341504K, 76% used [0x0000000784080000,0x0000000793f7f0e8,0x0000000798e00000)
  to   space 376320K, 0% used [0x000000076d100000,0x000000076d100000,0x0000000784080000)
 ParOldGen       total 1085952K, used 698625K [0x00000005cd200000, 0x000000060f680000, 0x0000000719b80000)
  object space 1085952K, 64% used [0x00000005cd200000,0x00000005f7c407c0,0x000000060f680000)
 Metaspace       used 14933K, capacity 15075K, committed 15360K, reserved 1062912K
  class space    used 1416K, capacity 1482K, committed 1536K, reserved 1048576K
Event: 27,033 GC heap after
Heap after GC invocations=16 (full 1):
 PSYoungGen      total 1741824K, used 171649K [0x0000000719b80000, 0x00000007b1f00000, 0x00000007c0000000)
  eden space 1365504K, 0% used [0x0000000719b80000,0x0000000719b80000,0x000000076d100000)
  from space 376320K, 45% used [0x000000076d100000,0x00000007778a07f0,0x0000000784080000)
  to   space 370176K, 0% used [0x000000079b580000,0x000000079b580000,0x00000007b1f00000)
 ParOldGen       total 1085952K, used 704516K [0x00000005cd200000, 0x000000060f680000, 0x0000000719b80000)
  object space 1085952K, 64% used [0x00000005cd200000,0x00000005f8201228,0x000000060f680000)
 Metaspace       used 14933K, capacity 15075K, committed 15360K, reserved 1062912K
  class space    used 1416K, capacity 1482K, committed 1536K, reserved 1048576K
}
Event: 34,103 GC heap before
{Heap before GC invocations=17 (full 1):
 PSYoungGen      total 1741824K, used 1537153K [0x0000000719b80000, 0x00000007b1f00000, 0x00000007c0000000)
  eden space 1365504K, 100% used [0x0000000719b80000,0x000000076d100000,0x000000076d100000)
  from space 376320K, 45% used [0x000000076d100000,0x00000007778a07f0,0x0000000784080000)
  to   space 370176K, 0% used [0x000000079b580000,0x000000079b580000,0x00000007b1f00000)
 ParOldGen       total 1085952K, used 704516K [0x00000005cd200000, 0x000000060f680000, 0x0000000719b80000)
  object space 1085952K, 64% used [0x00000005cd200000,0x00000005f8201228,0x000000060f680000)
 Metaspace       used 14947K, capacity 15139K, committed 15360K, reserved 1062912K
  class space    used 1416K, capacity 1482K, committed 1536K, reserved 1048576K
Event: 35,073 GC heap after
Heap after GC invocations=17 (full 1):
 PSYoungGen      total 1951744K, used 370171K [0x0000000719b80000, 0x00000007c0000000, 0x00000007c0000000)
  eden space 1581568K, 0% used [0x0000000719b80000,0x0000000719b80000,0x000000077a400000)
  from space 370176K, 99% used [0x000000079b580000,0x00000007b1efec50,0x00000007b1f00000)
  to   space 542208K, 0% used [0x000000077a400000,0x000000077a400000,0x000000079b580000)
 ParOldGen       total 1085952K, used 990820K [0x00000005cd200000, 0x000000060f680000, 0x0000000719b80000)
  object space 1085952K, 91% used [0x00000005cd200000,0x0000000609999228,0x000000060f680000)
 Metaspace       used 14947K, capacity 15139K, committed 15360K, reserved 1062912K
  class space    used 1416K, capacity 1482K, committed 1536K, reserved 1048576K
}
Event: 35,073 GC heap before
{Heap before GC invocations=18 (full 2):
 PSYoungGen      total 1951744K, used 370171K [0x0000000719b80000, 0x00000007c0000000, 0x00000007c0000000)
  eden space 1581568K, 0% used [0x0000000719b80000,0x0000000719b80000,0x000000077a400000)
  from space 370176K, 99% used [0x000000079b580000,0x00000007b1efec50,0x00000007b1f00000)
  to   space 542208K, 0% used [0x000000077a400000,0x000000077a400000,0x000000079b580000)
 ParOldGen       total 1085952K, used 990820K [0x00000005cd200000, 0x000000060f680000, 0x0000000719b80000)
  object space 1085952K, 91% used [0x00000005cd200000,0x0000000609999228,0x000000060f680000)
 Metaspace       used 14947K, capacity 15139K, committed 15360K, reserved 1062912K
  class space    used 1416K, capacity 1482K, committed 1536K, reserved 1048576K
Event: 36,138 GC heap after
Heap after GC invocations=18 (full 2):
 PSYoungGen      total 1951744K, used 0K [0x0000000719b80000, 0x00000007c0000000, 0x00000007c0000000)
  eden space 1581568K, 0% used [0x0000000719b80000,0x0000000719b80000,0x000000077a400000)
  from space 370176K, 0% used [0x000000079b580000,0x000000079b580000,0x00000007b1f00000)
  to   space 542208K, 0% used [0x000000077a400000,0x000000077a400000,0x000000079b580000)
 ParOldGen       total 1348096K, used 775002K [0x00000005cd200000, 0x000000061f680000, 0x0000000719b80000)
  object space 1348096K, 57% used [0x00000005cd200000,0x00000005fc6d6b10,0x000000061f680000)
 Metaspace       used 14947K, capacity 15139K, committed 15360K, reserved 1062912K
  class space    used 1416K, capacity 1482K, committed 1536K, reserved 1048576K
}
Event: 36,630 GC heap before
{Heap before GC invocations=19 (full 2):
 PSYoungGen      total 1951744K, used 1581568K [0x0000000719b80000, 0x00000007c0000000, 0x00000007c0000000)
  eden space 1581568K, 100% used [0x0000000719b80000,0x000000077a400000,0x000000077a400000)
  from space 370176K, 0% used [0x000000079b580000,0x000000079b580000,0x00000007b1f00000)
  to   space 542208K, 0% used [0x000000077a400000,0x000000077a400000,0x000000079b580000)
 ParOldGen       total 1348096K, used 775002K [0x00000005cd200000, 0x000000061f680000, 0x0000000719b80000)
  object space 1348096K, 57% used [0x00000005cd200000,0x00000005fc6d6b10,0x000000061f680000)
 Metaspace       used 14947K, capacity 15139K, committed 15360K, reserved 1062912K
  class space    used 1416K, capacity 1482K, committed 1536K, reserved 1048576K
Event: 36,644 GC heap after
Heap after GC invocations=19 (full 2):
 PSYoungGen      total 2123776K, used 2176K [0x0000000719b80000, 0x00000007c0000000, 0x00000007c0000000)
  eden space 1581568K, 0% used [0x0000000719b80000,0x0000000719b80000,0x000000077a400000)
  from space 542208K, 0% used [0x000000077a400000,0x000000077a620000,0x000000079b580000)
  to   space 535552K, 0% used [0x000000079f500000,0x000000079f500000,0x00000007c0000000)
 ParOldGen       total 1348096K, used 775002K [0x00000005cd200000, 0x000000061f680000, 0x0000000719b80000)
  object space 1348096K, 57% used [0x00000005cd200000,0x00000005fc6d6b10,0x000000061f680000)
 Metaspace       used 14947K, capacity 15139K, committed 15360K, reserved 1062912K
  class space    used 1416K, capacity 1482K, committed 1536K, reserved 1048576K
}

Deoptimization events (10 events):
Event: 33,881 Thread 0x00007fe44400b800 Uncommon trap: reason=array_check action=maybe_recompile pc=0x00007fe435361084 method=java.util.TimSort.reverseRange([Ljava/lang/Object;II)V @ 27
Event: 33,881 Thread 0x00007fe44400b800 Uncommon trap: reason=array_check action=maybe_recompile pc=0x00007fe43536a418 method=java.util.TimSort.mergeLo(IIII)V @ 245
Event: 33,881 Thread 0x00007fe44400b800 Uncommon trap: reason=predicate action=maybe_recompile pc=0x00007fe43536dd70 method=java.util.TimSort.mergeHi(IIII)V @ 191
Event: 33,894 Thread 0x00007fe44400b800 Uncommon trap: reason=unreached action=reinterpret pc=0x00007fe43534cac8 method=com.vitimage.BlockMatchingRegistration.runMultiThreaded()Lcom/vitimage/ItkTransform; @ 2296
Event: 36,896 Thread 0x00007fe44400b800 Uncommon trap: reason=unstable_if action=reinterpret pc=0x00007fe43535bf00 method=com.vitimage.BlockMatchingRegistration.runMultiThreaded()Lcom/vitimage/ItkTransform; @ 2633
Event: 36,898 Thread 0x00007fe44400b800 Uncommon trap: reason=unstable_if action=reinterpret pc=0x00007fe435353afc method=com.vitimage.BlockMatchingRegistration.trimPoint3dTabBasedOnScores([[Lmath3d/Point3d;I)[[Lmath3d/Point3d; @ 29
Event: 36,902 Thread 0x00007fe44400b800 Uncommon trap: reason=array_check action=maybe_recompile pc=0x00007fe4353caa80 method=java.util.TimSort.mergeHi(IIII)V @ 657
Event: 36,903 Thread 0x00007fe44400b800 Uncommon trap: reason=array_check action=maybe_recompile pc=0x00007fe4353d0134 method=java.util.TimSort.mergeLo(IIII)V @ 375
Event: 36,903 Thread 0x00007fe44400b800 Uncommon trap: reason=array_check action=maybe_recompile pc=0x00007fe4353d0134 method=java.util.TimSort.mergeLo(IIII)V @ 375
Event: 36,903 Thread 0x00007fe44400b800 Uncommon trap: reason=array_check action=maybe_recompile pc=0x00007fe4353caa80 method=java.util.TimSort.mergeHi(IIII)V @ 657

Classes redefined (0 events):
No events

Internal exceptions (10 events):
Event: 0,077 Thread 0x00007fe44400b800 Exception <a 'java/security/PrivilegedActionException'> (0x0000000719cbce88) thrown at [/HUDSON/workspace/8-2-build-linux-amd64/jdk8u201/12317/hotspot/src/share/vm/prims/jvm.cpp, line 1502]
Event: 0,077 Thread 0x00007fe44400b800 Exception <a 'java/security/PrivilegedActionException'> (0x0000000719cbd098) thrown at [/HUDSON/workspace/8-2-build-linux-amd64/jdk8u201/12317/hotspot/src/share/vm/prims/jvm.cpp, line 1502]
Event: 0,102 Thread 0x00007fe44400b800 Exception <a 'java/lang/NoSuchFieldError': method resolution failed> (0x0000000719d8c550) thrown at [/HUDSON/workspace/8-2-build-linux-amd64/jdk8u201/12317/hotspot/src/share/vm/prims/methodHandles.cpp, line 1167]
Event: 0,103 Thread 0x00007fe44400b800 Exception <a 'java/lang/NoSuchFieldError': method resolution failed> (0x0000000719d99d50) thrown at [/HUDSON/workspace/8-2-build-linux-amd64/jdk8u201/12317/hotspot/src/share/vm/prims/methodHandles.cpp, line 1167]
Event: 0,115 Thread 0x00007fe44400b800 Exception <a 'java/io/FileNotFoundException'> (0x000000071a09a850) thrown at [/HUDSON/workspace/8-2-build-linux-amd64/jdk8u201/12317/hotspot/src/share/vm/prims/jni.cpp, line 709]
Event: 0,115 Thread 0x00007fe44400b800 Exception <a 'java/io/FileNotFoundException'> (0x000000071a09b338) thrown at [/HUDSON/workspace/8-2-build-linux-amd64/jdk8u201/12317/hotspot/src/share/vm/prims/jni.cpp, line 709]
Event: 0,475 Thread 0x00007fe444340000 Exception <a 'java/lang/UnsupportedOperationException': > (0x000000071a8e32a0) thrown at [/HUDSON/workspace/8-2-build-linux-amd64/jdk8u201/12317/hotspot/src/share/vm/prims/jni.cpp, line 735]
Event: 4,532 Thread 0x00007fe444340000 Exception <a 'java/lang/UnsupportedOperationException': > (0x000000071c2329b0) thrown at [/HUDSON/workspace/8-2-build-linux-amd64/jdk8u201/12317/hotspot/src/share/vm/prims/jni.cpp, line 735]
Event: 4,836 Thread 0x00007fe444340000 Exception <a 'java/lang/UnsupportedOperationException': > (0x000000071c2388d0) thrown at [/HUDSON/workspace/8-2-build-linux-amd64/jdk8u201/12317/hotspot/src/share/vm/prims/jni.cpp, line 735]
Event: 4,882 Thread 0x00007fe444340000 Exception <a 'java/lang/UnsupportedOperationException': > (0x000000071c23b700) thrown at [/HUDSON/workspace/8-2-build-linux-amd64/jdk8u201/12317/hotspot/src/share/vm/prims/jni.cpp, line 735]

Events (10 events):
Event: 36,903 Thread 0x00007fe44400b800 DEOPT PACKING pc=0x00007fe4353d0134 sp=0x00007fe44af982c0
Event: 36,903 Thread 0x00007fe44400b800 DEOPT UNPACKING pc=0x00007fe434c1773a sp=0x00007fe44af982a8 mode 2
Event: 36,903 Thread 0x00007fe44400b800 Uncommon trap: trap_request=0xffffffd6 fr.pc=0x00007fe4353d0134
Event: 36,903 Thread 0x00007fe44400b800 DEOPT PACKING pc=0x00007fe4353d0134 sp=0x00007fe44af982c0
Event: 36,903 Thread 0x00007fe44400b800 DEOPT UNPACKING pc=0x00007fe434c1773a sp=0x00007fe44af982a8 mode 2
Event: 36,903 Thread 0x00007fe44400b800 Uncommon trap: trap_request=0xffffffd6 fr.pc=0x00007fe4353caa80
Event: 36,903 Thread 0x00007fe44400b800 DEOPT PACKING pc=0x00007fe4353caa80 sp=0x00007fe44af982b0
Event: 36,903 Thread 0x00007fe44400b800 DEOPT UNPACKING pc=0x00007fe434c1773a sp=0x00007fe44af982a0 mode 2
Event: 36,909 Thread 0x00007fe44400b800 DEOPT PACKING pc=0x00007fe43538d969 sp=0x00007fe44af984d0
Event: 36,909 Thread 0x00007fe44400b800 DEOPT UNPACKING pc=0x00007fe434c19784 sp=0x00007fe44af98328 mode 0


Dynamic libraries:
00400000-00401000 r-xp 00000000 103:05 399591                            /usr/lib/jvm/java-8-oracle/bin/java
00600000-00601000 r--p 00000000 103:05 399591                            /usr/lib/jvm/java-8-oracle/bin/java
00601000-00602000 rw-p 00001000 103:05 399591                            /usr/lib/jvm/java-8-oracle/bin/java
021fa000-0221b000 rw-p 00000000 00:00 0                                  [heap]
5cd200000-61f680000 rw-p 00000000 00:00 0 
61f680000-719b80000 ---p 00000000 00:00 0 
719b80000-7c0000000 rw-p 00000000 00:00 0 
7c0000000-7c0180000 rw-p 00000000 00:00 0 
7c0180000-800000000 ---p 00000000 00:00 0 
7fe310000000-7fe311401000 rw-p 00000000 00:00 0 
7fe311401000-7fe314000000 ---p 00000000 00:00 0 
7fe318000000-7fe31bc01000 rw-p 00000000 00:00 0 
7fe31bc01000-7fe31c000000 ---p 00000000 00:00 0 
7fe334000000-7fe337e7c000 rw-p 00000000 00:00 0 
7fe337e7c000-7fe338000000 ---p 00000000 00:00 0 
7fe338000000-7fe33bc01000 rw-p 00000000 00:00 0 
7fe33bc01000-7fe33c000000 ---p 00000000 00:00 0 
7fe33c000000-7fe340000000 rw-p 00000000 00:00 0 
7fe344000000-7fe34c000000 rw-p 00000000 00:00 0 
7fe34c000000-7fe354000000 rw-p 00000000 00:00 0 
7fe354000000-7fe35c000000 rw-p 00000000 00:00 0 
7fe35c000000-7fe360000000 rw-p 00000000 00:00 0 
7fe360000000-7fe363c01000 rw-p 00000000 00:00 0 
7fe363c01000-7fe364000000 ---p 00000000 00:00 0 
7fe368000000-7fe368021000 rw-p 00000000 00:00 0 
7fe368021000-7fe36c000000 ---p 00000000 00:00 0 
7fe36c000000-7fe36fc01000 rw-p 00000000 00:00 0 
7fe36fc01000-7fe370000000 ---p 00000000 00:00 0 
7fe370000000-7fe370021000 rw-p 00000000 00:00 0 
7fe370021000-7fe374000000 ---p 00000000 00:00 0 
7fe374000000-7fe374021000 rw-p 00000000 00:00 0 
7fe374021000-7fe378000000 ---p 00000000 00:00 0 
7fe378000000-7fe378021000 rw-p 00000000 00:00 0 
7fe378021000-7fe37c000000 ---p 00000000 00:00 0 
7fe37c000000-7fe37c021000 rw-p 00000000 00:00 0 
7fe37c021000-7fe380000000 ---p 00000000 00:00 0 
7fe380000000-7fe380021000 rw-p 00000000 00:00 0 
7fe380021000-7fe384000000 ---p 00000000 00:00 0 
7fe384000000-7fe384021000 rw-p 00000000 00:00 0 
7fe384021000-7fe388000000 ---p 00000000 00:00 0 
7fe388000000-7fe388021000 rw-p 00000000 00:00 0 
7fe388021000-7fe38c000000 ---p 00000000 00:00 0 
7fe38c3ff000-7fe390000000 rw-p 00000000 00:00 0 
7fe390000000-7fe390021000 rw-p 00000000 00:00 0 
7fe390021000-7fe394000000 ---p 00000000 00:00 0 
7fe398000000-7fe398021000 rw-p 00000000 00:00 0 
7fe398021000-7fe39c000000 ---p 00000000 00:00 0 
7fe39c4a4000-7fe39c4a5000 ---p 00000000 00:00 0 
7fe39c4a5000-7fe39cca5000 rw-p 00000000 00:00 0 
7fe39cca5000-7fe39cca6000 ---p 00000000 00:00 0 
7fe39cca6000-7fe39d4a6000 rw-p 00000000 00:00 0 
7fe3a08ab000-7fe3a44ac000 rw-p 00000000 00:00 0 
7fe3a44ac000-7fe3a44ad000 ---p 00000000 00:00 0 
7fe3a44ad000-7fe3a4cad000 rw-p 00000000 00:00 0 
7fe3a4cad000-7fe3b2d74000 r-xp 00000000 103:05 1975135                   /home/fernandr/Programmes/Fiji.app/lib/linux64/libSimpleITKJava.so
7fe3b2d74000-7fe3b2f73000 ---p 0e0c7000 103:05 1975135                   /home/fernandr/Programmes/Fiji.app/lib/linux64/libSimpleITKJava.so
7fe3b2f73000-7fe3b3fe1000 rw-p 0e0c6000 103:05 1975135                   /home/fernandr/Programmes/Fiji.app/lib/linux64/libSimpleITKJava.so
7fe3b3fe1000-7fe3b4000000 rw-p 00000000 00:00 0 
7fe3b4000000-7fe3b40fe000 rw-p 00000000 00:00 0 
7fe3b40fe000-7fe3b8000000 ---p 00000000 00:00 0 
7fe3b8000000-7fe3b8021000 rw-p 00000000 00:00 0 
7fe3b8021000-7fe3bc000000 ---p 00000000 00:00 0 
7fe3bc000000-7fe3bc02b000 rw-p 00000000 00:00 0 
7fe3bc02b000-7fe3c0000000 ---p 00000000 00:00 0 
7fe3c0000000-7fe3c0021000 rw-p 00000000 00:00 0 
7fe3c0021000-7fe3c4000000 ---p 00000000 00:00 0 
7fe3c4000000-7fe3c4021000 rw-p 00000000 00:00 0 
7fe3c4021000-7fe3c8000000 ---p 00000000 00:00 0 
7fe3c8000000-7fe3c8021000 rw-p 00000000 00:00 0 
7fe3c8021000-7fe3cc000000 ---p 00000000 00:00 0 
7fe3cc4a5000-7fe3cc4a6000 ---p 00000000 00:00 0 
7fe3cc4a6000-7fe3ccca6000 rw-p 00000000 00:00 0 
7fe3ce4a9000-7fe3ce629000 rw-p 00000000 00:00 0 
7fe3ce629000-7fe3ce6a9000 ---p 00000000 00:00 0 
7fe3ce6a9000-7fe3ce6d3000 r-xp 00000000 103:05 1319030                   /usr/lib/jvm/java-8-oracle/jre/lib/amd64/libdcpr.so
7fe3ce6d3000-7fe3ce8d2000 ---p 0002a000 103:05 1319030                   /usr/lib/jvm/java-8-oracle/jre/lib/amd64/libdcpr.so
7fe3ce8d2000-7fe3ce8d3000 r--p 00029000 103:05 1319030                   /usr/lib/jvm/java-8-oracle/jre/lib/amd64/libdcpr.so
7fe3ce8d3000-7fe3ce8d6000 rw-p 0002a000 103:05 1319030                   /usr/lib/jvm/java-8-oracle/jre/lib/amd64/libdcpr.so
7fe3ce8d6000-7fe3cead6000 rw-p 00000000 00:00 0 
7fe3cead7000-7fe3cebd7000 rw-s 00000000 00:05 8192020                    /SYSV00000000 (deleted)
7fe3cebd7000-7fe3cec43000 r-xp 00000000 103:05 1319045                   /usr/lib/jvm/java-8-oracle/jre/lib/amd64/libt2k.so
7fe3cec43000-7fe3cee43000 ---p 0006c000 103:05 1319045                   /usr/lib/jvm/java-8-oracle/jre/lib/amd64/libt2k.so
7fe3cee43000-7fe3cee49000 r--p 0006c000 103:05 1319045                   /usr/lib/jvm/java-8-oracle/jre/lib/amd64/libt2k.so
7fe3cee49000-7fe3cee4a000 rw-p 00072000 103:05 1319045                   /usr/lib/jvm/java-8-oracle/jre/lib/amd64/libt2k.so
7fe3cee4a000-7fe3cee5b000 r-xp 00000000 103:05 1319086                   /usr/lib/jvm/java-8-oracle/jre/lib/amd64/libnio.so
7fe3cee5b000-7fe3cf05a000 ---p 00011000 103:05 1319086                   /usr/lib/jvm/java-8-oracle/jre/lib/amd64/libnio.so
7fe3cf05a000-7fe3cf05b000 r--p 00010000 103:05 1319086                   /usr/lib/jvm/java-8-oracle/jre/lib/amd64/libnio.so
7fe3cf05b000-7fe3cf05c000 rw-p 00011000 103:05 1319086                   /usr/lib/jvm/java-8-oracle/jre/lib/amd64/libnio.so
7fe3cf05c000-7fe3cf072000 r-xp 00000000 103:05 1319083                   /usr/lib/jvm/java-8-oracle/jre/lib/amd64/libnet.so
7fe3cf072000-7fe3cf272000 ---p 00016000 103:05 1319083                   /usr/lib/jvm/java-8-oracle/jre/lib/amd64/libnet.so
7fe3cf272000-7fe3cf273000 r--p 00016000 103:05 1319083                   /usr/lib/jvm/java-8-oracle/jre/lib/amd64/libnet.so
7fe3cf273000-7fe3cf274000 rw-p 00017000 103:05 1319083                   /usr/lib/jvm/java-8-oracle/jre/lib/amd64/libnet.so
7fe3cf274000-7fe3cf277000 ---p 00000000 00:00 0 
7fe3cf277000-7fe3cf375000 rw-p 00000000 00:00 0 
7fe3cf375000-7fe3cf378000 ---p 00000000 00:00 0 
7fe3cf378000-7fe3cf676000 rw-p 00000000 00:00 0 
7fe3cf676000-7fe3cf679000 ---p 00000000 00:00 0 
7fe3cf679000-7fe3cf777000 rw-p 00000000 00:00 0 
7fe3cf777000-7fe3cf77c000 r-xp 00000000 103:05 401423                    /usr/lib/x86_64-linux-gnu/libXfixes.so.3.1.0
7fe3cf77c000-7fe3cf97b000 ---p 00005000 103:05 401423                    /usr/lib/x86_64-linux-gnu/libXfixes.so.3.1.0
7fe3cf97b000-7fe3cf97c000 r--p 00004000 103:05 401423                    /usr/lib/x86_64-linux-gnu/libXfixes.so.3.1.0
7fe3cf97c000-7fe3cf97d000 rw-p 00005000 103:05 401423                    /usr/lib/x86_64-linux-gnu/libXfixes.so.3.1.0
7fe3cf97d000-7fe3cf986000 r-xp 00000000 103:05 401415                    /usr/lib/x86_64-linux-gnu/libXcursor.so.1.0.2
7fe3cf986000-7fe3cfb85000 ---p 00009000 103:05 401415                    /usr/lib/x86_64-linux-gnu/libXcursor.so.1.0.2
7fe3cfb85000-7fe3cfb86000 r--p 00008000 103:05 401415                    /usr/lib/x86_64-linux-gnu/libXcursor.so.1.0.2
7fe3cfb86000-7fe3cfb87000 rw-p 00009000 103:05 401415                    /usr/lib/x86_64-linux-gnu/libXcursor.so.1.0.2
7fe3cfb87000-7fe3cfb9e000 r-xp 00000000 103:05 3801177                   /lib/x86_64-linux-gnu/libgcc_s.so.1
7fe3cfb9e000-7fe3cfd9d000 ---p 00017000 103:05 3801177                   /lib/x86_64-linux-gnu/libgcc_s.so.1
7fe3cfd9d000-7fe3cfd9e000 r--p 00016000 103:05 3801177                   /lib/x86_64-linux-gnu/libgcc_s.so.1
7fe3cfd9e000-7fe3cfd9f000 rw-p 00017000 103:05 3801177                   /lib/x86_64-linux-gnu/libgcc_s.so.1
7fe3cfd9f000-7fe3cfdfc000 r-xp 00000000 103:05 1319057                   /usr/lib/jvm/java-8-oracle/jre/lib/amd64/libfontmanager.so
7fe3cfdfc000-7fe3cfffc000 ---p 0005d000 103:05 1319057                   /usr/lib/jvm/java-8-oracle/jre/lib/amd64/libfontmanager.so
7fe3cfffc000-7fe3cffff000 r--p 0005d000 103:05 1319057                   /usr/lib/jvm/java-8-oracle/jre/lib/amd64/libfontmanager.so
7fe3cffff000-7fe3d0000000 rw-p 00060000 103:05 1319057                   /usr/lib/jvm/java-8-oracle/jre/lib/amd64/libfontmanager.so
7fe3d0000000-7fe3d0f08000 rw-p 00000000 00:00 0 
7fe3d0f08000-7fe3d4000000 ---p 00000000 00:00 0 
7fe3d4000000-7fe3d4021000 rw-p 00000000 00:00 0 
7fe3d4021000-7fe3d8000000 ---p 00000000 00:00 0 
7fe3d8000000-7fe3d86e2000 rw-p 00000000 00:00 0 
7fe3d86e2000-7fe3dc000000 ---p 00000000 00:00 0 
7fe3dc000000-7fe3dc567000 rw-p 00000000 00:00 0 
7fe3dc567000-7fe3e0000000 ---p 00000000 00:00 0 
7fe3e0000000-7fe3e0021000 rw-p 00000000 00:00 0 
7fe3e0021000-7fe3e4000000 ---p 00000000 00:00 0 
7fe3e4000000-7fe3e7481000 rw-p 00000000 00:00 0 
7fe3e7481000-7fe3e8000000 ---p 00000000 00:00 0 
7fe3e8000000-7fe3e8021000 rw-p 00000000 00:00 0 
7fe3e8021000-7fe3ec000000 ---p 00000000 00:00 0 
7fe3ec000000-7fe3ed298000 rw-p 00000000 00:00 0 
7fe3ed298000-7fe3f0000000 ---p 00000000 00:00 0 
7fe3f0000000-7fe3f03fa000 rw-p 00000000 00:00 0 
7fe3f03fa000-7fe3f4000000 ---p 00000000 00:00 0 
7fe3f4072000-7fe3f407d000 r--s 00000000 103:05 2754318                   /var/cache/fontconfig/945677eb7aeaf62f1d50efc3fb3ec7d8-le64.cache-7
7fe3f407d000-7fe3f4082000 r--s 00000000 103:05 2754289                   /var/cache/fontconfig/2300eef321c393bfd76478a5c0e95b23-le64.cache-7
7fe3f4082000-7fe3f4083000 r--s 00000000 103:05 2754282                   /var/cache/fontconfig/0d8c3b2ac0904cb8a57a757ad11a4a08-le64.cache-7
7fe3f4083000-7fe3f4087000 r--s 00000000 103:05 2758608                   /var/cache/fontconfig/6d41288fd70b0be22e8c3a91e032eec0-le64.cache-7
7fe3f4087000-7fe3f409c000 r--s 00000000 103:05 2754278                   /var/cache/fontconfig/04aabc0a78ac019cf9454389977116d2-le64.cache-7
7fe3f409c000-7fe3f409d000 r--s 00000000 103:05 2754286                   /var/cache/fontconfig/1ac9eb803944fde146138c791f5cc56a-le64.cache-7
7fe3f409d000-7fe3f409e000 r--s 00000000 103:05 2754337                   /var/cache/fontconfig/dc05db6664285cc2f12bf69c139ae4c3-le64.cache-7
7fe3f409e000-7fe3f40a0000 r--s 00000000 103:05 2754283                   /var/cache/fontconfig/14a5e22175779b556eaa434240950366-le64.cache-7
7fe3f40a0000-7fe3f40a1000 r--s 00000000 103:05 2754310                   /var/cache/fontconfig/660208299946a285a940457d1287da33-le64.cache-7
7fe3f40a1000-7fe3f40a3000 r--s 00000000 103:05 2754301                   /var/cache/fontconfig/4f3e3037c9980c83b53a9351efadef62-le64.cache-7
7fe3f40a3000-7fe3f40a5000 r--s 00000000 103:05 2754315                   /var/cache/fontconfig/767a8244fc0220cfb567a839d0392e0b-le64.cache-7
7fe3f40a5000-7fe3f40a6000 r--s 00000000 103:05 2755050                   /var/cache/fontconfig/4794a0821666d79190d59a36cb4f44b5-le64.cache-7
7fe3f40a6000-7fe3f40a8000 r--s 00000000 103:05 2759434                   /var/cache/fontconfig/0bd3dc0958fa2205aaaa8ebb13e2872b-le64.cache-7
7fe3f40a8000-7fe3f40ad000 r--s 00000000 103:05 2754338                   /var/cache/fontconfig/def309198bfa603429122923fa2bb2d4-le64.cache-7
7fe3f40ad000-7fe3f40ae000 r--s 00000000 103:05 2754326                   /var/cache/fontconfig/b872e6e592da6075ffa4ab0a1fcc0c75-le64.cache-7
7fe3f40ae000-7fe3f40af000 r--s 00000000 103:05 2754343                   /var/cache/fontconfig/f6d4eedfaab2589bde49f7a3ff831d22-le64.cache-7
7fe3f40af000-7fe3f40b0000 r--s 00000000 103:05 2754308                   /var/cache/fontconfig/589f83ef4c36d296ce6e1c846f468f08-le64.cache-7
7fe3f40b0000-7fe3f40b1000 r--s 00000000 103:05 2754328                   /var/cache/fontconfig/bab58bb527bb656aaa9f116d68a48d89-le64.cache-7
7fe3f40b1000-7fe3f40b2000 r--s 00000000 103:05 2754287                   /var/cache/fontconfig/2171a34dccabdb6bcbbc728186263178-le64.cache-7
7fe3f40b2000-7fe3f40b3000 r--s 00000000 103:05 2754329                   /var/cache/fontconfig/c5c45a61289222e0d30b1a26ef4effbe-le64.cache-7
7fe3f40b3000-7fe3f40b4000 r--s 00000000 103:05 2754324                   /var/cache/fontconfig/aec30016f93e1b46d1a973dce0d74068-le64.cache-7
7fe3f40b4000-7fe3f40b5000 r--s 00000000 103:05 2754294                   /var/cache/fontconfig/3f589640d34b7dc9042c8d453f7c8b9c-le64.cache-7
7fe3f40b5000-7fe3f40b6000 r--s 00000000 103:05 2754284                   /var/cache/fontconfig/16c2fda60d1b4b719f4b3d06fd951d25-le64.cache-7
7fe3f40b6000-7fe3f40b7000 r--s 00000000 103:05 2754323                   /var/cache/fontconfig/a48eab177a16e4f3713381162db2f3e9-le64.cache-7
7fe3f40b7000-7fe3f40b8000 r--s 00000000 103:05 2754304                   /var/cache/fontconfig/564b2e68ac9bc4e36a6f7f6d6125ec1c-le64.cache-7
7fe3f40b8000-7fe3f40bd000 r--s 00000000 103:05 2754981                   /var/cache/fontconfig/9d2451b1fd30e5bffe8383fd27c35478-le64.cache-7
7fe3f40bd000-7fe3f40c3000 r--s 00000000 103:05 2759433                   /var/cache/fontconfig/3047814df9a2f067bd2d96a2b9c36e5a-le64.cache-7
7fe3f40c3000-7fe3f40cb000 r--s 00000000 103:05 2753774                   /var/cache/fontconfig/bf3b770c553c462765856025a94f1ce6-le64.cache-7
7fe3f40cb000-7fe3f40cc000 r--s 00000000 103:05 2754305                   /var/cache/fontconfig/56cf4f4769d0f4abc89a4895d7bd3ae1-le64.cache-7
7fe3f40cc000-7fe3f40cd000 r--s 00000000 103:05 2754327                   /var/cache/fontconfig/b9d506c9ac06c20b433354fa67a72993-le64.cache-7
7fe3f40cd000-7fe3f40d3000 r--s 00000000 103:05 2754325                   /var/cache/fontconfig/b47c4e1ecd0709278f4910c18777a504-le64.cache-7
7fe3f40d3000-7fe3f40e6000 r--s 00000000 103:05 2754334                   /var/cache/fontconfig/d52a8644073d54c13679302ca1180695-le64.cache-7
7fe3f40e6000-7fe3f40e7000 r--s 00000000 103:05 2754292                   /var/cache/fontconfig/370e5b74bf5dafc30834de68e24a87a4-le64.cache-7
7fe3f40e7000-7fe3f40e8000 r--s 00000000 103:05 2754313                   /var/cache/fontconfig/6b2c5944714ca7831b25bed9e85cb5c8-le64.cache-7
7fe3f40e8000-7fe3f40eb000 r--s 00000000 103:05 2754342                   /var/cache/fontconfig/f259c2cffa685e28062317905db73c4a-le64.cache-7
7fe3f40eb000-7fe3f40ee000 r--s 00000000 103:05 2754311                   /var/cache/fontconfig/674d1711f2d1d2a09646eb0bdcadee49-le64.cache-7
7fe3f40ee000-7fe3f40fc000 r--s 00000000 103:05 2754320                   /var/cache/fontconfig/9b89f8e3dae116d678bbf48e5f21f69b-le64.cache-7
7fe3f40fc000-7fe3f40ff000 ---p 00000000 00:00 0 
7fe3f40ff000-7fe3f41fd000 rw-p 00000000 00:00 0 
7fe3f41fd000-7fe3f4210000 r-xp 00000000 103:05 3806054                   /lib/x86_64-linux-gnu/libbsd.so.0.8.7
7fe3f4210000-7fe3f440f000 ---p 00013000 103:05 3806054                   /lib/x86_64-linux-gnu/libbsd.so.0.8.7
7fe3f440f000-7fe3f4410000 r--p 00012000 103:05 3806054                   /lib/x86_64-linux-gnu/libbsd.so.0.8.7
7fe3f4410000-7fe3f4411000 rw-p 00013000 103:05 3806054                   /lib/x86_64-linux-gnu/libbsd.so.0.8.7
7fe3f4411000-7fe3f4412000 rw-p 00000000 00:00 0 
7fe3f4412000-7fe3f4417000 r-xp 00000000 103:05 401419                    /usr/lib/x86_64-linux-gnu/libXdmcp.so.6.0.0
7fe3f4417000-7fe3f4616000 ---p 00005000 103:05 401419                    /usr/lib/x86_64-linux-gnu/libXdmcp.so.6.0.0
7fe3f4616000-7fe3f4617000 r--p 00004000 103:05 401419                    /usr/lib/x86_64-linux-gnu/libXdmcp.so.6.0.0
7fe3f4617000-7fe3f4618000 rw-p 00005000 103:05 401419                    /usr/lib/x86_64-linux-gnu/libXdmcp.so.6.0.0
7fe3f4618000-7fe3f461a000 r-xp 00000000 103:05 401408                    /usr/lib/x86_64-linux-gnu/libXau.so.6.0.0
7fe3f461a000-7fe3f481a000 ---p 00002000 103:05 401408                    /usr/lib/x86_64-linux-gnu/libXau.so.6.0.0
7fe3f481a000-7fe3f481b000 r--p 00002000 103:05 401408                    /usr/lib/x86_64-linux-gnu/libXau.so.6.0.0
7fe3f481b000-7fe3f481c000 rw-p 00003000 103:05 401408                    /usr/lib/x86_64-linux-gnu/libXau.so.6.0.0
7fe3f481c000-7fe3f4842000 r-xp 00000000 103:05 396084                    /usr/lib/x86_64-linux-gnu/libxcb.so.1.1.0
7fe3f4842000-7fe3f4a42000 ---p 00026000 103:05 396084                    /usr/lib/x86_64-linux-gnu/libxcb.so.1.1.0
7fe3f4a42000-7fe3f4a43000 r--p 00026000 103:05 396084                    /usr/lib/x86_64-linux-gnu/libxcb.so.1.1.0
7fe3f4a43000-7fe3f4a44000 rw-p 00027000 103:05 396084                    /usr/lib/x86_64-linux-gnu/libxcb.so.1.1.0
7fe3f4a44000-7fe3f4a53000 r-xp 00000000 103:05 401429                    /usr/lib/x86_64-linux-gnu/libXi.so.6.1.0
7fe3f4a53000-7fe3f4c52000 ---p 0000f000 103:05 401429                    /usr/lib/x86_64-linux-gnu/libXi.so.6.1.0
7fe3f4c52000-7fe3f4c53000 r--p 0000e000 103:05 401429                    /usr/lib/x86_64-linux-gnu/libXi.so.6.1.0
7fe3f4c53000-7fe3f4c54000 rw-p 0000f000 103:05 401429                    /usr/lib/x86_64-linux-gnu/libXi.so.6.1.0
7fe3f4c54000-7fe3f4c59000 r-xp 00000000 103:05 401447                    /usr/lib/x86_64-linux-gnu/libXtst.so.6.1.0
7fe3f4c59000-7fe3f4e58000 ---p 00005000 103:05 401447                    /usr/lib/x86_64-linux-gnu/libXtst.so.6.1.0
7fe3f4e58000-7fe3f4e59000 r--p 00004000 103:05 401447                    /usr/lib/x86_64-linux-gnu/libXtst.so.6.1.0
7fe3f4e59000-7fe3f4e5a000 rw-p 00005000 103:05 401447                    /usr/lib/x86_64-linux-gnu/libXtst.so.6.1.0
7fe3f4e5a000-7fe3f4e63000 r-xp 00000000 103:05 401441                    /usr/lib/x86_64-linux-gnu/libXrender.so.1.3.0
7fe3f4e63000-7fe3f5062000 ---p 00009000 103:05 401441                    /usr/lib/x86_64-linux-gnu/libXrender.so.1.3.0
7fe3f5062000-7fe3f5063000 r--p 00008000 103:05 401441                    /usr/lib/x86_64-linux-gnu/libXrender.so.1.3.0
7fe3f5063000-7fe3f5064000 rw-p 00009000 103:05 401441                    /usr/lib/x86_64-linux-gnu/libXrender.so.1.3.0
7fe3f5064000-7fe3f5197000 r-xp 00000000 103:05 400060                    /usr/lib/x86_64-linux-gnu/libX11.so.6.3.0
7fe3f5197000-7fe3f5397000 ---p 00133000 103:05 400060                    /usr/lib/x86_64-linux-gnu/libX11.so.6.3.0
7fe3f5397000-7fe3f5398000 r--p 00133000 103:05 400060                    /usr/lib/x86_64-linux-gnu/libX11.so.6.3.0
7fe3f5398000-7fe3f539c000 rw-p 00134000 103:05 400060                    /usr/lib/x86_64-linux-gnu/libX11.so.6.3.0
7fe3f539c000-7fe3f53ad000 r-xp 00000000 103:05 401421                    /usr/lib/x86_64-linux-gnu/libXext.so.6.4.0
7fe3f53ad000-7fe3f55ac000 ---p 00011000 103:05 401421                    /usr/lib/x86_64-linux-gnu/libXext.so.6.4.0
7fe3f55ac000-7fe3f55ad000 r--p 00010000 103:05 401421                    /usr/lib/x86_64-linux-gnu/libXext.so.6.4.0
7fe3f55ad000-7fe3f55ae000 rw-p 00011000 103:05 401421                    /usr/lib/x86_64-linux-gnu/libXext.so.6.4.0
7fe3f55ae000-7fe3f55d4000 r--p 00000000 103:05 1182632                   /usr/share/locale-langpack/fr/LC_MESSAGES/libc.mo
7fe3f55d4000-7fe3f5627000 r-xp 00000000 103:05 1319090                   /usr/lib/jvm/java-8-oracle/jre/lib/amd64/libawt_xawt.so
7fe3f5627000-7fe3f5826000 ---p 00053000 103:05 1319090                   /usr/lib/jvm/java-8-oracle/jre/lib/amd64/libawt_xawt.so
7fe3f5826000-7fe3f5827000 r--p 00052000 103:05 1319090                   /usr/lib/jvm/java-8-oracle/jre/lib/amd64/libawt_xawt.so
7fe3f5827000-7fe3f582a000 rw-p 00053000 103:05 1319090                   /usr/lib/jvm/java-8-oracle/jre/lib/amd64/libawt_xawt.so
7fe3f582a000-7fe3f582b000 rw-p 00000000 00:00 0 
7fe3f582b000-7fe3f58cb000 r-xp 00000000 103:05 1319075                   /usr/lib/jvm/java-8-oracle/jre/lib/amd64/libawt.so
7fe3f58cb000-7fe3f5aca000 ---p 000a0000 103:05 1319075                   /usr/lib/jvm/java-8-oracle/jre/lib/amd64/libawt.so
7fe3f5aca000-7fe3f5acb000 r--p 0009f000 103:05 1319075                   /usr/lib/jvm/java-8-oracle/jre/lib/amd64/libawt.so
7fe3f5acb000-7fe3f5ad6000 rw-p 000a0000 103:05 1319075                   /usr/lib/jvm/java-8-oracle/jre/lib/amd64/libawt.so
7fe3f5ad6000-7fe3f5afb000 rw-p 00000000 00:00 0 
7fe3f5afb000-7fe3f5afc000 ---p 00000000 00:00 0 
7fe3f5afc000-7fe3f5bfc000 rw-p 00000000 00:00 0 
7fe3f5bfc000-7fe3f5bff000 ---p 00000000 00:00 0 
7fe3f5bff000-7fe3f5cfd000 rw-p 00000000 00:00 0 
7fe3f5cfd000-7fe3f5cfe000 ---p 00000000 00:00 0 
7fe3f5cfe000-7fe3f5d01000 ---p 00000000 00:00 0 
7fe3f5d01000-7fe3f5dfe000 rw-p 00000000 00:00 0 
7fe3f5dfe000-7fe3f5dff000 ---p 00000000 00:00 0 
7fe3f5dff000-7fe3f5e02000 ---p 00000000 00:00 0 
7fe3f5e02000-7fe3f5eff000 rw-p 00000000 00:00 0 
7fe3f5eff000-7fe3f5f00000 ---p 00000000 00:00 0 
7fe3f5f00000-7fe3f5f03000 ---p 00000000 00:00 0 
7fe3f5f03000-7fe3f6000000 rw-p 00000000 00:00 0 
7fe3f6000000-7fe3f6001000 ---p 00000000 00:00 0 
7fe3f6001000-7fe3f6004000 ---p 00000000 00:00 0 
7fe3f6004000-7fe3f6101000 rw-p 00000000 00:00 0 
7fe3f6101000-7fe3f6104000 ---p 00000000 00:00 0 
7fe3f6104000-7fe3f6202000 rw-p 00000000 00:00 0 
7fe3f6202000-7fe3f6bd1000 r--p 00000000 103:05 400112                    /usr/lib/locale/locale-archive
7fe3f6bd1000-7fe3f6bd4000 ---p 00000000 00:00 0 
7fe3f6bd4000-7fe3f6cd2000 rw-p 00000000 00:00 0 
7fe3f6cd2000-7fe3f6cd5000 ---p 00000000 00:00 0 
7fe3f6cd5000-7fe3f6dd3000 rw-p 00000000 00:00 0 
7fe3f6dd3000-7fe3f6dd4000 ---p 00000000 00:00 0 
7fe3f6dd4000-7fe408000000 rw-p 00000000 00:00 0 
7fe408000000-7fe408021000 rw-p 00000000 00:00 0 
7fe408021000-7fe40c000000 ---p 00000000 00:00 0 
7fe40c000000-7fe40c021000 rw-p 00000000 00:00 0 
7fe40c021000-7fe410000000 ---p 00000000 00:00 0 
7fe410000000-7fe410021000 rw-p 00000000 00:00 0 
7fe410021000-7fe414000000 ---p 00000000 00:00 0 
7fe414000000-7fe414021000 rw-p 00000000 00:00 0 
7fe414021000-7fe418000000 ---p 00000000 00:00 0 
7fe418000000-7fe418021000 rw-p 00000000 00:00 0 
7fe418021000-7fe41c000000 ---p 00000000 00:00 0 
7fe41c000000-7fe41c021000 rw-p 00000000 00:00 0 
7fe41c021000-7fe420000000 ---p 00000000 00:00 0 
7fe420000000-7fe420021000 rw-p 00000000 00:00 0 
7fe420021000-7fe424000000 ---p 00000000 00:00 0 
7fe424000000-7fe424021000 rw-p 00000000 00:00 0 
7fe424021000-7fe428000000 ---p 00000000 00:00 0 
7fe428000000-7fe428021000 rw-p 00000000 00:00 0 
7fe428021000-7fe42c000000 ---p 00000000 00:00 0 
7fe42c000000-7fe42c021000 rw-p 00000000 00:00 0 
7fe42c021000-7fe430000000 ---p 00000000 00:00 0 
7fe430000000-7fe430001000 r--s 00000000 103:05 2754333                   /var/cache/fontconfig/d5178ab6d91b49bf20a416737dcea9e8-le64.cache-7
7fe430001000-7fe430002000 r--s 00000000 103:05 2754303                   /var/cache/fontconfig/551ecf3b0e8b0bca0f25c0944f561853-le64.cache-7
7fe430002000-7fe430006000 r--s 00000000 103:05 2754335                   /var/cache/fontconfig/d589a48862398ed80a3d6066f4f56f4c-le64.cache-7
7fe430006000-7fe430b25000 rw-p 00000000 00:00 0 
7fe430b25000-7fe430cff000 r--s 03d6f000 103:05 1319016                   /usr/lib/jvm/java-8-oracle/jre/lib/rt.jar
7fe430cff000-7fe43250c000 rw-p 00000000 00:00 0 
7fe43250c000-7fe43250d000 ---p 00000000 00:00 0 
7fe43250d000-7fe43260d000 rw-p 00000000 00:00 0 
7fe43260d000-7fe43260e000 ---p 00000000 00:00 0 
7fe43260e000-7fe43270e000 rw-p 00000000 00:00 0 
7fe43270e000-7fe43270f000 ---p 00000000 00:00 0 
7fe43270f000-7fe43280f000 rw-p 00000000 00:00 0 
7fe43280f000-7fe432810000 ---p 00000000 00:00 0 
7fe432810000-7fe432910000 rw-p 00000000 00:00 0 
7fe432910000-7fe432911000 ---p 00000000 00:00 0 
7fe432911000-7fe432a11000 rw-p 00000000 00:00 0 
7fe432a11000-7fe432a12000 ---p 00000000 00:00 0 
7fe432a12000-7fe432b12000 rw-p 00000000 00:00 0 
7fe432b12000-7fe432b13000 ---p 00000000 00:00 0 
7fe432b13000-7fe432c13000 rw-p 00000000 00:00 0 
7fe432c13000-7fe432c14000 ---p 00000000 00:00 0 
7fe432c14000-7fe432d14000 rw-p 00000000 00:00 0 
7fe432d14000-7fe432d15000 ---p 00000000 00:00 0 
7fe432d15000-7fe4330a8000 rw-p 00000000 00:00 0 
7fe4330a8000-7fe43387a000 ---p 00000000 00:00 0 
7fe43387a000-7fe433b0d000 rw-p 00000000 00:00 0 
7fe433b0d000-7fe4342de000 ---p 00000000 00:00 0 
7fe4342de000-7fe434811000 rw-p 00000000 00:00 0 
7fe434811000-7fe434834000 rw-p 00000000 00:00 0 
7fe434834000-7fe434bd2000 ---p 00000000 00:00 0 
7fe434bd2000-7fe435422000 rwxp 00000000 00:00 0 
7fe435422000-7fe443bd2000 ---p 00000000 00:00 0 
7fe443bd2000-7fe443bed000 r-xp 00000000 103:05 1319079                   /usr/lib/jvm/java-8-oracle/jre/lib/amd64/libzip.so
7fe443bed000-7fe443dec000 ---p 0001b000 103:05 1319079                   /usr/lib/jvm/java-8-oracle/jre/lib/amd64/libzip.so
7fe443dec000-7fe443ded000 r--p 0001a000 103:05 1319079                   /usr/lib/jvm/java-8-oracle/jre/lib/amd64/libzip.so
7fe443ded000-7fe443dee000 rw-p 0001b000 103:05 1319079                   /usr/lib/jvm/java-8-oracle/jre/lib/amd64/libzip.so
7fe443dee000-7fe443df9000 r-xp 00000000 103:05 3806148                   /lib/x86_64-linux-gnu/libnss_files-2.27.so
7fe443df9000-7fe443ff8000 ---p 0000b000 103:05 3806148                   /lib/x86_64-linux-gnu/libnss_files-2.27.so
7fe443ff8000-7fe443ff9000 r--p 0000a000 103:05 3806148                   /lib/x86_64-linux-gnu/libnss_files-2.27.so
7fe443ff9000-7fe443ffa000 rw-p 0000b000 103:05 3806148                   /lib/x86_64-linux-gnu/libnss_files-2.27.so
7fe443ffa000-7fe444000000 rw-p 00000000 00:00 0 
7fe444000000-7fe447de3000 rw-p 00000000 00:00 0 
7fe447de3000-7fe448000000 ---p 00000000 00:00 0 
7fe448000000-7fe448002000 r--s 00000000 103:05 2754302                   /var/cache/fontconfig/550f3886151c940c12a5ed35f6a00586-le64.cache-7
7fe448002000-7fe448003000 r--s 00000000 103:05 2754295                   /var/cache/fontconfig/3f7329c5293ffd510edef78f73874cfd-le64.cache-7
7fe448003000-7fe448011000 r--s 00000000 103:05 2764616                   /var/cache/fontconfig/e13b20fdb08344e0e664864cc2ede53d-le64.cache-7
7fe448011000-7fe44806c000 rw-p 00000000 00:00 0 
7fe44806c000-7fe44806d000 ---p 00000000 00:00 0 
7fe44806d000-7fe44816d000 rw-p 00000000 00:00 0 
7fe44816d000-7fe448184000 r-xp 00000000 103:05 3806142                   /lib/x86_64-linux-gnu/libnsl-2.27.so
7fe448184000-7fe448383000 ---p 00017000 103:05 3806142                   /lib/x86_64-linux-gnu/libnsl-2.27.so
7fe448383000-7fe448384000 r--p 00016000 103:05 3806142                   /lib/x86_64-linux-gnu/libnsl-2.27.so
7fe448384000-7fe448385000 rw-p 00017000 103:05 3806142                   /lib/x86_64-linux-gnu/libnsl-2.27.so
7fe448385000-7fe448387000 rw-p 00000000 00:00 0 
7fe448387000-7fe448392000 r-xp 00000000 103:05 3806159                   /lib/x86_64-linux-gnu/libnss_nis-2.27.so
7fe448392000-7fe448591000 ---p 0000b000 103:05 3806159                   /lib/x86_64-linux-gnu/libnss_nis-2.27.so
7fe448591000-7fe448592000 r--p 0000a000 103:05 3806159                   /lib/x86_64-linux-gnu/libnss_nis-2.27.so
7fe448592000-7fe448593000 rw-p 0000b000 103:05 3806159                   /lib/x86_64-linux-gnu/libnss_nis-2.27.so
7fe448593000-7fe44859b000 r-xp 00000000 103:05 3806144                   /lib/x86_64-linux-gnu/libnss_compat-2.27.so
7fe44859b000-7fe44879b000 ---p 00008000 103:05 3806144                   /lib/x86_64-linux-gnu/libnss_compat-2.27.so
7fe44879b000-7fe44879c000 r--p 00008000 103:05 3806144                   /lib/x86_64-linux-gnu/libnss_compat-2.27.so
7fe44879c000-7fe44879d000 rw-p 00009000 103:05 3806144                   /lib/x86_64-linux-gnu/libnss_compat-2.27.so
7fe44879d000-7fe4487c9000 r-xp 00000000 103:05 1319071                   /usr/lib/jvm/java-8-oracle/jre/lib/amd64/libjava.so
7fe4487c9000-7fe4489c9000 ---p 0002c000 103:05 1319071                   /usr/lib/jvm/java-8-oracle/jre/lib/amd64/libjava.so
7fe4489c9000-7fe4489ca000 r--p 0002c000 103:05 1319071                   /usr/lib/jvm/java-8-oracle/jre/lib/amd64/libjava.so
7fe4489ca000-7fe4489cc000 rw-p 0002d000 103:05 1319071                   /usr/lib/jvm/java-8-oracle/jre/lib/amd64/libjava.so
7fe4489cc000-7fe4489d9000 r-xp 00000000 103:05 1319077                   /usr/lib/jvm/java-8-oracle/jre/lib/amd64/libverify.so
7fe4489d9000-7fe448bd8000 ---p 0000d000 103:05 1319077                   /usr/lib/jvm/java-8-oracle/jre/lib/amd64/libverify.so
7fe448bd8000-7fe448bda000 r--p 0000c000 103:05 1319077                   /usr/lib/jvm/java-8-oracle/jre/lib/amd64/libverify.so
7fe448bda000-7fe448bdb000 rw-p 0000e000 103:05 1319077                   /usr/lib/jvm/java-8-oracle/jre/lib/amd64/libverify.so
7fe448bdb000-7fe448be2000 r-xp 00000000 103:05 3806199                   /lib/x86_64-linux-gnu/librt-2.27.so
7fe448be2000-7fe448de1000 ---p 00007000 103:05 3806199                   /lib/x86_64-linux-gnu/librt-2.27.so
7fe448de1000-7fe448de2000 r--p 00006000 103:05 3806199                   /lib/x86_64-linux-gnu/librt-2.27.so
7fe448de2000-7fe448de3000 rw-p 00007000 103:05 3806199                   /lib/x86_64-linux-gnu/librt-2.27.so
7fe448de3000-7fe448f80000 r-xp 00000000 103:05 3806121                   /lib/x86_64-linux-gnu/libm-2.27.so
7fe448f80000-7fe44917f000 ---p 0019d000 103:05 3806121                   /lib/x86_64-linux-gnu/libm-2.27.so
7fe44917f000-7fe449180000 r--p 0019c000 103:05 3806121                   /lib/x86_64-linux-gnu/libm-2.27.so
7fe449180000-7fe449181000 rw-p 0019d000 103:05 3806121                   /lib/x86_64-linux-gnu/libm-2.27.so
7fe449181000-7fe449e69000 r-xp 00000000 103:05 1581920                   /usr/lib/jvm/java-8-oracle/jre/lib/amd64/server/libjvm.so
7fe449e69000-7fe44a068000 ---p 00ce8000 103:05 1581920                   /usr/lib/jvm/java-8-oracle/jre/lib/amd64/server/libjvm.so
7fe44a068000-7fe44a0fe000 r--p 00ce7000 103:05 1581920                   /usr/lib/jvm/java-8-oracle/jre/lib/amd64/server/libjvm.so
7fe44a0fe000-7fe44a12f000 rw-p 00d7d000 103:05 1581920                   /usr/lib/jvm/java-8-oracle/jre/lib/amd64/server/libjvm.so
7fe44a12f000-7fe44a16a000 rw-p 00000000 00:00 0 
7fe44a16a000-7fe44a351000 r-xp 00000000 103:05 3806058                   /lib/x86_64-linux-gnu/libc-2.27.so
7fe44a351000-7fe44a551000 ---p 001e7000 103:05 3806058                   /lib/x86_64-linux-gnu/libc-2.27.so
7fe44a551000-7fe44a555000 r--p 001e7000 103:05 3806058                   /lib/x86_64-linux-gnu/libc-2.27.so
7fe44a555000-7fe44a557000 rw-p 001eb000 103:05 3806058                   /lib/x86_64-linux-gnu/libc-2.27.so
7fe44a557000-7fe44a55b000 rw-p 00000000 00:00 0 
7fe44a55b000-7fe44a55e000 r-xp 00000000 103:05 3806081                   /lib/x86_64-linux-gnu/libdl-2.27.so
7fe44a55e000-7fe44a75d000 ---p 00003000 103:05 3806081                   /lib/x86_64-linux-gnu/libdl-2.27.so
7fe44a75d000-7fe44a75e000 r--p 00002000 103:05 3806081                   /lib/x86_64-linux-gnu/libdl-2.27.so
7fe44a75e000-7fe44a75f000 rw-p 00003000 103:05 3806081                   /lib/x86_64-linux-gnu/libdl-2.27.so
7fe44a75f000-7fe44a776000 r-xp 00000000 103:05 409197                    /usr/lib/jvm/java-8-oracle/lib/amd64/jli/libjli.so
7fe44a776000-7fe44a975000 ---p 00017000 103:05 409197                    /usr/lib/jvm/java-8-oracle/lib/amd64/jli/libjli.so
7fe44a975000-7fe44a976000 r--p 00016000 103:05 409197                    /usr/lib/jvm/java-8-oracle/lib/amd64/jli/libjli.so
7fe44a976000-7fe44a977000 rw-p 00017000 103:05 409197                    /usr/lib/jvm/java-8-oracle/lib/amd64/jli/libjli.so
7fe44a977000-7fe44a991000 r-xp 00000000 103:05 3806191                   /lib/x86_64-linux-gnu/libpthread-2.27.so
7fe44a991000-7fe44ab90000 ---p 0001a000 103:05 3806191                   /lib/x86_64-linux-gnu/libpthread-2.27.so
7fe44ab90000-7fe44ab91000 r--p 00019000 103:05 3806191                   /lib/x86_64-linux-gnu/libpthread-2.27.so
7fe44ab91000-7fe44ab92000 rw-p 0001a000 103:05 3806191                   /lib/x86_64-linux-gnu/libpthread-2.27.so
7fe44ab92000-7fe44ab96000 rw-p 00000000 00:00 0 
7fe44ab96000-7fe44ab9c000 r-xp 00000000 103:05 413404                    /usr/lib/x86_64-linux-gnu/libgtk3-nocsd.so.0
7fe44ab9c000-7fe44ad9b000 ---p 00006000 103:05 413404                    /usr/lib/x86_64-linux-gnu/libgtk3-nocsd.so.0
7fe44ad9b000-7fe44ad9c000 r--p 00005000 103:05 413404                    /usr/lib/x86_64-linux-gnu/libgtk3-nocsd.so.0
7fe44ad9c000-7fe44ad9d000 rw-p 00006000 103:05 413404                    /usr/lib/x86_64-linux-gnu/libgtk3-nocsd.so.0
7fe44ad9d000-7fe44adc4000 r-xp 00000000 103:05 3806030                   /lib/x86_64-linux-gnu/ld-2.27.so
7fe44adc4000-7fe44adc5000 r--s 00000000 103:05 2754281                   /var/cache/fontconfig/0c9eb80ebd1c36541ebe2852d3bb0c49-le64.cache-7
7fe44adc5000-7fe44adc6000 r--s 00000000 103:05 2754288                   /var/cache/fontconfig/22368d551a680bfe5a62c02760edf4ea-le64.cache-7
7fe44adc6000-7fe44adc7000 r--s 00000000 103:05 2754300                   /var/cache/fontconfig/4d9c95eba1cb85bbcf2878543262124a-le64.cache-7
7fe44adc7000-7fe44adc8000 r--s 00000000 103:05 2754317                   /var/cache/fontconfig/85e0a52ce643a7ba2ae53e5d6949cead-le64.cache-7
7fe44adc8000-7fe44adc9000 r--s 00000000 103:05 2754297                   /var/cache/fontconfig/49f0de54bdd920fe4f0dfd4cbac43e6b-le64.cache-7
7fe44adc9000-7fe44adca000 r--s 00000000 103:05 2754344                   /var/cache/fontconfig/f6e6e0a5c3d2f6ae0c0c2e0ecd42a997-le64.cache-7
7fe44adca000-7fe44adcb000 r--s 00000000 103:05 2754298                   /var/cache/fontconfig/4b2eda6bb976bda485cb2176619421d5-le64.cache-7
7fe44adcb000-7fe44add5000 r--s 00226000 103:05 1984601                   /home/fernandr/.m2/repository/net/imagej/ij/1.52k/ij-1.52k.jar
7fe44add5000-7fe44ae99000 rw-p 00000000 00:00 0 
7fe44ae99000-7fe44ae9a000 ---p 00000000 00:00 0 
7fe44ae9a000-7fe44ae9d000 ---p 00000000 00:00 0 
7fe44ae9d000-7fe44af9e000 rw-p 00000000 00:00 0 
7fe44af9e000-7fe44afa0000 r--s 00000000 103:05 2754312                   /var/cache/fontconfig/6afa1bb216ce958c1589e297e8008489-le64.cache-7
7fe44afa0000-7fe44afa7000 r--s 00000000 103:05 657616                    /usr/lib/x86_64-linux-gnu/gconv/gconv-modules.cache
7fe44afa7000-7fe44afae000 r--s 00095000 103:05 2028044                   /home/fernandr/Programmes/LIB_EXT/JAR/VIB-lib-2.1.2.jar
7fe44afae000-7fe44afb9000 r--s 00093000 103:05 1983880                   /home/fernandr/Programmes/LIB_EXT/JAR/simpleitk-1.2.0.jar
7fe44afb9000-7fe44afba000 r--s 00005000 103:05 3411772                   /home/fernandr/eclipse-workspace/MyIJPlugs/vitimage/target/lib/ext/lma.jar
7fe44afba000-7fe44afc2000 rw-s 00000000 103:05 2884091                   /tmp/hsperfdata_fernandr/16297
7fe44afc2000-7fe44afc3000 rw-p 00000000 00:00 0 
7fe44afc3000-7fe44afc4000 r--p 00000000 00:00 0 
7fe44afc4000-7fe44afc5000 r--p 00027000 103:05 3806030                   /lib/x86_64-linux-gnu/ld-2.27.so
7fe44afc5000-7fe44afc6000 rw-p 00028000 103:05 3806030                   /lib/x86_64-linux-gnu/ld-2.27.so
7fe44afc6000-7fe44afc7000 rw-p 00000000 00:00 0 
7ffefa947000-7ffefa968000 rw-p 00000000 00:00 0                          [stack]
7ffefa9a6000-7ffefa9a9000 r--p 00000000 00:00 0                          [vvar]
7ffefa9a9000-7ffefa9ab000 r-xp 00000000 00:00 0                          [vdso]
ffffffffff600000-ffffffffff601000 r-xp 00000000 00:00 0                  [vsyscall]

VM Arguments:
jvm_args: -Djava.library.path=/home/fernandr/Programmes/Fiji.app/lib/linux64 -Dfile.encoding=UTF-8 
java_command: com.vitimage.BlockMatchingRegistration
java_class_path (initial): /home/fernandr/eclipse-workspace/MyIJPlugs/vitimage/target/lib/ext/lma.jar:/home/fernandr/eclipse-workspace/MyIJPlugs/vitimage/target/classes:/home/fernandr/Programmes/LIB_EXT/JAR/simpleitk-1.2.0.jar:/home/fernandr/Programmes/LIB_EXT/JAR/VIB-lib-2.1.2.jar:/home/fernandr/.m2/repository/net/imagej/ij/1.52k/ij-1.52k.jar:/usr/lib/jvm/java-8-oracle/lib/tools.jar:/home/fernandr/.m2/repository/sc/fiji/imagescience/3.0.0/imagescience-3.0.0.jar:/home/fernandr/.m2/repository/sc/fiji/Image_5D/1.2.6/Image_5D-1.2.6.jar:/home/fernandr/.m2/repository/sc/fiji/VIB-lib/2.1.2/VIB-lib-2.1.2.jar:/home/fernandr/.m2/repository/sc/fiji/pal-optimization/2.0.0/pal-optimization-2.0.0.jar:/home/fernandr/.m2/repository/gov/nist/math/jama/1.0.3/jama-1.0.3.jar
Launcher Type: SUN_STANDARD

Environment Variables:
JAVA_HOME=/usr/lib/jvm/java-8-oracle
PATH=/usr/local/sbin:/usr/local/bin:/usr/sbin:/usr/bin:/sbin:/bin:/usr/games:/usr/local/games:/home/fernandr/Programmes/ImageJ:/home/fernandr/Programmes/Fiji.app:/snap/bin:/usr/lib/jvm/java-8-oracle/bin:/usr/lib/jvm/java-8-oracle/db/bin:/usr/lib/jvm/java-8-oracle/jre/bin
USERNAME=fernandr
LD_PRELOAD=libgtk3-nocsd.so.0
SHELL=/bin/bash
DISPLAY=:0

Signal Handlers:
SIGSEGV: [libjvm.so+0xad3e60], sa_mask[0]=11111111011111111101111111111110, sa_flags=SA_RESTART|SA_SIGINFO
SIGBUS: [libjvm.so+0xad3e60], sa_mask[0]=11111111011111111101111111111110, sa_flags=SA_RESTART|SA_SIGINFO
SIGFPE: [libjvm.so+0x90b880], sa_mask[0]=11111111011111111101111111111110, sa_flags=SA_RESTART|SA_SIGINFO
SIGPIPE: [libjvm.so+0x90b880], sa_mask[0]=11111111011111111101111111111110, sa_flags=SA_RESTART|SA_SIGINFO
SIGXFSZ: [libjvm.so+0x90b880], sa_mask[0]=11111111011111111101111111111110, sa_flags=SA_RESTART|SA_SIGINFO
SIGILL: [libjvm.so+0x90b880], sa_mask[0]=11111111011111111101111111111110, sa_flags=SA_RESTART|SA_SIGINFO
SIGUSR1: SIG_DFL, sa_mask[0]=00000000000000000000000000000000, sa_flags=none
SIGUSR2: [libjvm.so+0x90b750], sa_mask[0]=00100000000000000000000000000000, sa_flags=SA_RESTART|SA_SIGINFO
SIGHUP: [libjvm.so+0x90bd70], sa_mask[0]=11111111011111111101111111111110, sa_flags=SA_RESTART|SA_SIGINFO
SIGINT: [libjvm.so+0x90bd70], sa_mask[0]=11111111011111111101111111111110, sa_flags=SA_RESTART|SA_SIGINFO
SIGTERM: [libjvm.so+0x90bd70], sa_mask[0]=11111111011111111101111111111110, sa_flags=SA_RESTART|SA_SIGINFO
SIGQUIT: [libjvm.so+0x90bd70], sa_mask[0]=11111111011111111101111111111110, sa_flags=SA_RESTART|SA_SIGINFO


---------------  S Y S T E M  ---------------

OS:DISTRIB_ID=Ubuntu
DISTRIB_RELEASE=18.04
DISTRIB_CODENAME=bionic
DISTRIB_DESCRIPTION="Ubuntu 18.04.2 LTS"

uname:Linux 4.15.0-47-generic #50-Ubuntu SMP Wed Mar 13 10:44:52 UTC 2019 x86_64
libc:glibc 2.27 NPTL 2.27 
rlimit: STACK 8192k, CORE 0k, NPROC 127341, NOFILE 4096, AS infinity
load average:1,93 1,93 1,94

/proc/meminfo:
MemTotal:       32693780 kB
MemFree:        21028084 kB
MemAvailable:   23837860 kB
Buffers:          855580 kB
Cached:          2407044 kB
SwapCached:            0 kB
Active:          9015340 kB
Inactive:        1976980 kB
Active(anon):    7737812 kB
Inactive(anon):   207448 kB
Active(file):    1277528 kB
Inactive(file):  1769532 kB
Unevictable:       13612 kB
Mlocked:           13612 kB
SwapTotal:      19530748 kB
SwapFree:       19530748 kB
Dirty:               224 kB
Writeback:             0 kB
AnonPages:       7743516 kB
Mapped:           841140 kB
Shmem:            211044 kB
Slab:             331112 kB
SReclaimable:     234400 kB
SUnreclaim:        96712 kB
KernelStack:       20688 kB
PageTables:        77808 kB
NFS_Unstable:          0 kB
Bounce:                0 kB
WritebackTmp:          0 kB
CommitLimit:    35877636 kB
Committed_AS:   15302656 kB
VmallocTotal:   34359738367 kB
VmallocUsed:           0 kB
VmallocChunk:          0 kB
HardwareCorrupted:     0 kB
AnonHugePages:         0 kB
ShmemHugePages:        0 kB
ShmemPmdMapped:        0 kB
CmaTotal:              0 kB
CmaFree:               0 kB
HugePages_Total:       0
HugePages_Free:        0
HugePages_Rsvd:        0
HugePages_Surp:        0
Hugepagesize:       2048 kB
DirectMap4k:      543228 kB
DirectMap2M:    23328768 kB
DirectMap1G:    10485760 kB

container (cgroup) information:
container_type: cgroupv1
cpu_cpuset_cpus: 0-11
cpu_memory_nodes: 0
active_processor_count: 12
cpu_quota: -1
cpu_period: 100000
cpu_shares: -1
memory_limit_in_bytes: -1
memory_and_swap_limit_in_bytes: -2
memory_soft_limit_in_bytes: -1
memory_usage_in_bytes: 11271057408
memory_max_usage_in_bytes: 0


CPU:total 12 (initial active 12) (6 cores per cpu, 2 threads per core) family 6 model 158 stepping 10, cmov, cx8, fxsr, mmx, sse, sse2, sse3, ssse3, sse4.1, sse4.2, popcnt, avx, avx2, aes, clmul, erms, rtm, 3dnowpref, lzcnt, ht, tsc, tscinvbit, bmi1, bmi2, adx

/proc/cpuinfo:
processor	: 0
vendor_id	: GenuineIntel
cpu family	: 6
model		: 158
model name	: Intel(R) Xeon(R) E-2186M  CPU @ 2.90GHz
stepping	: 10
microcode	: 0x96
cpu MHz		: 4387.010
cache size	: 12288 KB
physical id	: 0
siblings	: 12
core id		: 0
cpu cores	: 6
apicid		: 0
initial apicid	: 0
fpu		: yes
fpu_exception	: yes
cpuid level	: 22
wp		: yes
flags		: fpu vme de pse tsc msr pae mce cx8 apic sep mtrr pge mca cmov pat pse36 clflush dts acpi mmx fxsr sse sse2 ss ht tm pbe syscall nx pdpe1gb rdtscp lm constant_tsc art arch_perfmon pebs bts rep_good nopl xtopology nonstop_tsc cpuid aperfmperf tsc_known_freq pni pclmulqdq dtes64 monitor ds_cpl vmx smx est tm2 ssse3 sdbg fma cx16 xtpr pdcm pcid sse4_1 sse4_2 x2apic movbe popcnt tsc_deadline_timer aes xsave avx f16c rdrand lahf_lm abm 3dnowprefetch cpuid_fault epb invpcid_single pti ssbd ibrs ibpb stibp tpr_shadow vnmi flexpriority ept vpid fsgsbase tsc_adjust bmi1 hle avx2 smep bmi2 erms invpcid rtm mpx rdseed adx smap clflushopt intel_pt xsaveopt xsavec xgetbv1 xsaves dtherm ida arat pln pts hwp hwp_notify hwp_act_window hwp_epp flush_l1d
bugs		: cpu_meltdown spectre_v1 spectre_v2 spec_store_bypass l1tf
bogomips	: 5808.00
clflush size	: 64
cache_alignment	: 64
address sizes	: 39 bits physical, 48 bits virtual
power management:

processor	: 1
vendor_id	: GenuineIntel
cpu family	: 6
model		: 158
model name	: Intel(R) Xeon(R) E-2186M  CPU @ 2.90GHz
stepping	: 10
microcode	: 0x96
cpu MHz		: 4397.954
cache size	: 12288 KB
physical id	: 0
siblings	: 12
core id		: 1
cpu cores	: 6
apicid		: 2
initial apicid	: 2
fpu		: yes
fpu_exception	: yes
cpuid level	: 22
wp		: yes
flags		: fpu vme de pse tsc msr pae mce cx8 apic sep mtrr pge mca cmov pat pse36 clflush dts acpi mmx fxsr sse sse2 ss ht tm pbe syscall nx pdpe1gb rdtscp lm constant_tsc art arch_perfmon pebs bts rep_good nopl xtopology nonstop_tsc cpuid aperfmperf tsc_known_freq pni pclmulqdq dtes64 monitor ds_cpl vmx smx est tm2 ssse3 sdbg fma cx16 xtpr pdcm pcid sse4_1 sse4_2 x2apic movbe popcnt tsc_deadline_timer aes xsave avx f16c rdrand lahf_lm abm 3dnowprefetch cpuid_fault epb invpcid_single pti ssbd ibrs ibpb stibp tpr_shadow vnmi flexpriority ept vpid fsgsbase tsc_adjust bmi1 hle avx2 smep bmi2 erms invpcid rtm mpx rdseed adx smap clflushopt intel_pt xsaveopt xsavec xgetbv1 xsaves dtherm ida arat pln pts hwp hwp_notify hwp_act_window hwp_epp flush_l1d
bugs		: cpu_meltdown spectre_v1 spectre_v2 spec_store_bypass l1tf
bogomips	: 5808.00
clflush size	: 64
cache_alignment	: 64
address sizes	: 39 bits physical, 48 bits virtual
power management:

processor	: 2
vendor_id	: GenuineIntel
cpu family	: 6
model		: 158
model name	: Intel(R) Xeon(R) E-2186M  CPU @ 2.90GHz
stepping	: 10
microcode	: 0x96
cpu MHz		: 4285.590
cache size	: 12288 KB
physical id	: 0
siblings	: 12
core id		: 2
cpu cores	: 6
apicid		: 4
initial apicid	: 4
fpu		: yes
fpu_exception	: yes
cpuid level	: 22
wp		: yes
flags		: fpu vme de pse tsc msr pae mce cx8 apic sep mtrr pge mca cmov pat pse36 clflush dts acpi mmx fxsr sse sse2 ss ht tm pbe syscall nx pdpe1gb rdtscp lm constant_tsc art arch_perfmon pebs bts rep_good nopl xtopology nonstop_tsc cpuid aperfmperf tsc_known_freq pni pclmulqdq dtes64 monitor ds_cpl vmx smx est tm2 ssse3 sdbg fma cx16 xtpr pdcm pcid sse4_1 sse4_2 x2apic movbe popcnt tsc_deadline_timer aes xsave avx f16c rdrand lahf_lm abm 3dnowprefetch cpuid_fault epb invpcid_single pti ssbd ibrs ibpb stibp tpr_shadow vnmi flexpriority ept vpid fsgsbase tsc_adjust bmi1 hle avx2 smep bmi2 erms invpcid rtm mpx rdseed adx smap clflushopt intel_pt xsaveopt xsavec xgetbv1 xsaves dtherm ida arat pln pts hwp hwp_notify hwp_act_window hwp_epp flush_l1d
bugs		: cpu_meltdown spectre_v1 spectre_v2 spec_store_bypass l1tf
bogomips	: 5808.00
clflush size	: 64
cache_alignment	: 64
address sizes	: 39 bits physical, 48 bits virtual
power management:

processor	: 3
vendor_id	: GenuineIntel
cpu family	: 6
model		: 158
model name	: Intel(R) Xeon(R) E-2186M  CPU @ 2.90GHz
stepping	: 10
microcode	: 0x96
cpu MHz		: 4395.760
cache size	: 12288 KB
physical id	: 0
siblings	: 12
core id		: 3
cpu cores	: 6
apicid		: 6
initial apicid	: 6
fpu		: yes
fpu_exception	: yes
cpuid level	: 22
wp		: yes
flags		: fpu vme de pse tsc msr pae mce cx8 apic sep mtrr pge mca cmov pat pse36 clflush dts acpi mmx fxsr sse sse2 ss ht tm pbe syscall nx pdpe1gb rdtscp lm constant_tsc art arch_perfmon pebs bts rep_good nopl xtopology nonstop_tsc cpuid aperfmperf tsc_known_freq pni pclmulqdq dtes64 monitor ds_cpl vmx smx est tm2 ssse3 sdbg fma cx16 xtpr pdcm pcid sse4_1 sse4_2 x2apic movbe popcnt tsc_deadline_timer aes xsave avx f16c rdrand lahf_lm abm 3dnowprefetch cpuid_fault epb invpcid_single pti ssbd ibrs ibpb stibp tpr_shadow vnmi flexpriority ept vpid fsgsbase tsc_adjust bmi1 hle avx2 smep bmi2 erms invpcid rtm mpx rdseed adx smap clflushopt intel_pt xsaveopt xsavec xgetbv1 xsaves dtherm ida arat pln pts hwp hwp_notify hwp_act_window hwp_epp flush_l1d
bugs		: cpu_meltdown spectre_v1 spectre_v2 spec_store_bypass l1tf
bogomips	: 5808.00
clflush size	: 64
cache_alignment	: 64
address sizes	: 39 bits physical, 48 bits virtual
power management:

processor	: 4
vendor_id	: GenuineIntel
cpu family	: 6
model		: 158
model name	: Intel(R) Xeon(R) E-2186M  CPU @ 2.90GHz
stepping	: 10
microcode	: 0x96
cpu MHz		: 4072.894
cache size	: 12288 KB
physical id	: 0
siblings	: 12
core id		: 4
cpu cores	: 6
apicid		: 8
initial apicid	: 8
fpu		: yes
fpu_exception	: yes
cpuid level	: 22
wp		: yes
flags		: fpu vme de pse tsc msr pae mce cx8 apic sep mtrr pge mca cmov pat pse36 clflush dts acpi mmx fxsr sse sse2 ss ht tm pbe syscall nx pdpe1gb rdtscp lm constant_tsc art arch_perfmon pebs bts rep_good nopl xtopology nonstop_tsc cpuid aperfmperf tsc_known_freq pni pclmulqdq dtes64 monitor ds_cpl vmx smx est tm2 ssse3 sdbg fma cx16 xtpr pdcm pcid sse4_1 sse4_2 x2apic movbe popcnt tsc_deadline_timer aes xsave avx f16c rdrand lahf_lm abm 3dnowprefetch cpuid_fault epb invpcid_single pti ssbd ibrs ibpb stibp tpr_shadow vnmi flexpriority ept vpid fsgsbase tsc_adjust bmi1 hle avx2 smep bmi2 erms invpcid rtm mpx rdseed adx smap clflushopt intel_pt xsaveopt xsavec xgetbv1 xsaves dtherm ida arat pln pts hwp hwp_notify hwp_act_window hwp_epp flush_l1d
bugs		: cpu_meltdown spectre_v1 spectre_v2 spec_store_bypass l1tf
bogomips	: 5808.00
clflush size	: 64
cache_alignment	: 64
address sizes	: 39 bits physical, 48 bits virtual
power management:

processor	: 5
vendor_id	: GenuineIntel
cpu family	: 6
model		: 158
model name	: Intel(R) Xeon(R) E-2186M  CPU @ 2.90GHz
stepping	: 10
microcode	: 0x96
cpu MHz		: 4398.822
cache size	: 12288 KB
physical id	: 0
siblings	: 12
core id		: 5
cpu cores	: 6
apicid		: 10
initial apicid	: 10
fpu		: yes
fpu_exception	: yes
cpuid level	: 22
wp		: yes
flags		: fpu vme de pse tsc msr pae mce cx8 apic sep mtrr pge mca cmov pat pse36 clflush dts acpi mmx fxsr sse sse2 ss ht tm pbe syscall nx pdpe1gb rdtscp lm constant_tsc art arch_perfmon pebs bts rep_good nopl xtopology nonstop_tsc cpuid aperfmperf tsc_known_freq pni pclmulqdq dtes64 monitor ds_cpl vmx smx est tm2 ssse3 sdbg fma cx16 xtpr pdcm pcid sse4_1 sse4_2 x2apic movbe popcnt tsc_deadline_timer aes xsave avx f16c rdrand lahf_lm abm 3dnowprefetch cpuid_fault epb invpcid_single pti ssbd ibrs ibpb stibp tpr_shadow vnmi flexpriority ept vpid fsgsbase tsc_adjust bmi1 hle avx2 smep bmi2 erms invpcid rtm mpx rdseed adx smap clflushopt intel_pt xsaveopt xsavec xgetbv1 xsaves dtherm ida arat pln pts hwp hwp_notify hwp_act_window hwp_epp flush_l1d
bugs		: cpu_meltdown spectre_v1 spectre_v2 spec_store_bypass l1tf
bogomips	: 5808.00
clflush size	: 64
cache_alignment	: 64
address sizes	: 39 bits physical, 48 bits virtual
power management:

processor	: 6
vendor_id	: GenuineIntel
cpu family	: 6
model		: 158
model name	: Intel(R) Xeon(R) E-2186M  CPU @ 2.90GHz
stepping	: 10
microcode	: 0x96
cpu MHz		: 4377.193
cache size	: 12288 KB
physical id	: 0
siblings	: 12
core id		: 0
cpu cores	: 6
apicid		: 1
initial apicid	: 1
fpu		: yes
fpu_exception	: yes
cpuid level	: 22
wp		: yes
flags		: fpu vme de pse tsc msr pae mce cx8 apic sep mtrr pge mca cmov pat pse36 clflush dts acpi mmx fxsr sse sse2 ss ht tm pbe syscall nx pdpe1gb rdtscp lm constant_tsc art arch_perfmon pebs bts rep_good nopl xtopology nonstop_tsc cpuid aperfmperf tsc_known_freq pni pclmulqdq dtes64 monitor ds_cpl vmx smx est tm2 ssse3 sdbg fma cx16 xtpr pdcm pcid sse4_1 sse4_2 x2apic movbe popcnt tsc_deadline_timer aes xsave avx f16c rdrand lahf_lm abm 3dnowprefetch cpuid_fault epb invpcid_single pti ssbd ibrs ibpb stibp tpr_shadow vnmi flexpriority ept vpid fsgsbase tsc_adjust bmi1 hle avx2 smep bmi2 erms invpcid rtm mpx rdseed adx smap clflushopt intel_pt xsaveopt xsavec xgetbv1 xsaves dtherm ida arat pln pts hwp hwp_notify hwp_act_window hwp_epp flush_l1d
bugs		: cpu_meltdown spectre_v1 spectre_v2 spec_store_bypass l1tf
bogomips	: 5808.00
clflush size	: 64
cache_alignment	: 64
address sizes	: 39 bits physical, 48 bits virtual
power management:

processor	: 7
vendor_id	: GenuineIntel
cpu family	: 6
model		: 158
model name	: Intel(R) Xeon(R) E-2186M  CPU @ 2.90GHz
stepping	: 10
microcode	: 0x96
cpu MHz		: 4398.545
cache size	: 12288 KB
physical id	: 0
siblings	: 12
core id		: 1
cpu cores	: 6
apicid		: 3
initial apicid	: 3
fpu		: yes
fpu_exception	: yes
cpuid level	: 22
wp		: yes
flags		: fpu vme de pse tsc msr pae mce cx8 apic sep mtrr pge mca cmov pat pse36 clflush dts acpi mmx fxsr sse sse2 ss ht tm pbe syscall nx pdpe1gb rdtscp lm constant_tsc art arch_perfmon pebs bts rep_good nopl xtopology nonstop_tsc cpuid aperfmperf tsc_known_freq pni pclmulqdq dtes64 monitor ds_cpl vmx smx est tm2 ssse3 sdbg fma cx16 xtpr pdcm pcid sse4_1 sse4_2 x2apic movbe popcnt tsc_deadline_timer aes xsave avx f16c rdrand lahf_lm abm 3dnowprefetch cpuid_fault epb invpcid_single pti ssbd ibrs ibpb stibp tpr_shadow vnmi flexpriority ept vpid fsgsbase tsc_adjust bmi1 hle avx2 smep bmi2 erms invpcid rtm mpx rdseed adx smap clflushopt intel_pt xsaveopt xsavec xgetbv1 xsaves dtherm ida arat pln pts hwp hwp_notify hwp_act_window hwp_epp flush_l1d
bugs		: cpu_meltdown spectre_v1 spectre_v2 spec_store_bypass l1tf
bogomips	: 5808.00
clflush size	: 64
cache_alignment	: 64
address sizes	: 39 bits physical, 48 bits virtual
power management:

processor	: 8
vendor_id	: GenuineIntel
cpu family	: 6
model		: 158
model name	: Intel(R) Xeon(R) E-2186M  CPU @ 2.90GHz
stepping	: 10
microcode	: 0x96
cpu MHz		: 4396.497
cache size	: 12288 KB
physical id	: 0
siblings	: 12
core id		: 2
cpu cores	: 6
apicid		: 5
initial apicid	: 5
fpu		: yes
fpu_exception	: yes
cpuid level	: 22
wp		: yes
flags		: fpu vme de pse tsc msr pae mce cx8 apic sep mtrr pge mca cmov pat pse36 clflush dts acpi mmx fxsr sse sse2 ss ht tm pbe syscall nx pdpe1gb rdtscp lm constant_tsc art arch_perfmon pebs bts rep_good nopl xtopology nonstop_tsc cpuid aperfmperf tsc_known_freq pni pclmulqdq dtes64 monitor ds_cpl vmx smx est tm2 ssse3 sdbg fma cx16 xtpr pdcm pcid sse4_1 sse4_2 x2apic movbe popcnt tsc_deadline_timer aes xsave avx f16c rdrand lahf_lm abm 3dnowprefetch cpuid_fault epb invpcid_single pti ssbd ibrs ibpb stibp tpr_shadow vnmi flexpriority ept vpid fsgsbase tsc_adjust bmi1 hle avx2 smep bmi2 erms invpcid rtm mpx rdseed adx smap clflushopt intel_pt xsaveopt xsavec xgetbv1 xsaves dtherm ida arat pln pts hwp hwp_notify hwp_act_window hwp_epp flush_l1d
bugs		: cpu_meltdown spectre_v1 spectre_v2 spec_store_bypass l1tf
bogomips	: 5808.00
clflush size	: 64
cache_alignment	: 64
address sizes	: 39 bits physical, 48 bits virtual
power management:

processor	: 9
vendor_id	: GenuineIntel
cpu family	: 6
model		: 158
model name	: Intel(R) Xeon(R) E-2186M  CPU @ 2.90GHz
stepping	: 10
microcode	: 0x96
cpu MHz		: 4391.246
cache size	: 12288 KB
physical id	: 0
siblings	: 12
core id		: 3
cpu cores	: 6
apicid		: 7
initial apicid	: 7
fpu		: yes
fpu_exception	: yes
cpuid level	: 22
wp		: yes
flags		: fpu vme de pse tsc msr pae mce cx8 apic sep mtrr pge mca cmov pat pse36 clflush dts acpi mmx fxsr sse sse2 ss ht tm pbe syscall nx pdpe1gb rdtscp lm constant_tsc art arch_perfmon pebs bts rep_good nopl xtopology nonstop_tsc cpuid aperfmperf tsc_known_freq pni pclmulqdq dtes64 monitor ds_cpl vmx smx est tm2 ssse3 sdbg fma cx16 xtpr pdcm pcid sse4_1 sse4_2 x2apic movbe popcnt tsc_deadline_timer aes xsave avx f16c rdrand lahf_lm abm 3dnowprefetch cpuid_fault epb invpcid_single pti ssbd ibrs ibpb stibp tpr_shadow vnmi flexpriority ept vpid fsgsbase tsc_adjust bmi1 hle avx2 smep bmi2 erms invpcid rtm mpx rdseed adx smap clflushopt intel_pt xsaveopt xsavec xgetbv1 xsaves dtherm ida arat pln pts hwp hwp_notify hwp_act_window hwp_epp flush_l1d
bugs		: cpu_meltdown spectre_v1 spectre_v2 spec_store_bypass l1tf
bogomips	: 5808.00
clflush size	: 64
cache_alignment	: 64
address sizes	: 39 bits physical, 48 bits virtual
power management:

processor	: 10
vendor_id	: GenuineIntel
cpu family	: 6
model		: 158
model name	: Intel(R) Xeon(R) E-2186M  CPU @ 2.90GHz
stepping	: 10
microcode	: 0x96
cpu MHz		: 4357.377
cache size	: 12288 KB
physical id	: 0
siblings	: 12
core id		: 4
cpu cores	: 6
apicid		: 9
initial apicid	: 9
fpu		: yes
fpu_exception	: yes
cpuid level	: 22
wp		: yes
flags		: fpu vme de pse tsc msr pae mce cx8 apic sep mtrr pge mca cmov pat pse36 clflush dts acpi mmx fxsr sse sse2 ss ht tm pbe syscall nx pdpe1gb rdtscp lm constant_tsc art arch_perfmon pebs bts rep_good nopl xtopology nonstop_tsc cpuid aperfmperf tsc_known_freq pni pclmulqdq dtes64 monitor ds_cpl vmx smx est tm2 ssse3 sdbg fma cx16 xtpr pdcm pcid sse4_1 sse4_2 x2apic movbe popcnt tsc_deadline_timer aes xsave avx f16c rdrand lahf_lm abm 3dnowprefetch cpuid_fault epb invpcid_single pti ssbd ibrs ibpb stibp tpr_shadow vnmi flexpriority ept vpid fsgsbase tsc_adjust bmi1 hle avx2 smep bmi2 erms invpcid rtm mpx rdseed adx smap clflushopt intel_pt xsaveopt xsavec xgetbv1 xsaves dtherm ida arat pln pts hwp hwp_notify hwp_act_window hwp_epp flush_l1d
bugs		: cpu_meltdown spectre_v1 spectre_v2 spec_store_bypass l1tf
bogomips	: 5808.00
clflush size	: 64
cache_alignment	: 64
address sizes	: 39 bits physical, 48 bits virtual
power management:

processor	: 11
vendor_id	: GenuineIntel
cpu family	: 6
model		: 158
model name	: Intel(R) Xeon(R) E-2186M  CPU @ 2.90GHz
stepping	: 10
microcode	: 0x96
cpu MHz		: 4390.889
cache size	: 12288 KB
physical id	: 0
siblings	: 12
core id		: 5
cpu cores	: 6
apicid		: 11
initial apicid	: 11
fpu		: yes
fpu_exception	: yes
cpuid level	: 22
wp		: yes
flags		: fpu vme de pse tsc msr pae mce cx8 apic sep mtrr pge mca cmov pat pse36 clflush dts acpi mmx fxsr sse sse2 ss ht tm pbe syscall nx pdpe1gb rdtscp lm constant_tsc art arch_perfmon pebs bts rep_good nopl xtopology nonstop_tsc cpuid aperfmperf tsc_known_freq pni pclmulqdq dtes64 monitor ds_cpl vmx smx est tm2 ssse3 sdbg fma cx16 xtpr pdcm pcid sse4_1 sse4_2 x2apic movbe popcnt tsc_deadline_timer aes xsave avx f16c rdrand lahf_lm abm 3dnowprefetch cpuid_fault epb invpcid_single pti ssbd ibrs ibpb stibp tpr_shadow vnmi flexpriority ept vpid fsgsbase tsc_adjust bmi1 hle avx2 smep bmi2 erms invpcid rtm mpx rdseed adx smap clflushopt intel_pt xsaveopt xsavec xgetbv1 xsaves dtherm ida arat pln pts hwp hwp_notify hwp_act_window hwp_epp flush_l1d
bugs		: cpu_meltdown spectre_v1 spectre_v2 spec_store_bypass l1tf
bogomips	: 5808.00
clflush size	: 64
cache_alignment	: 64
address sizes	: 39 bits physical, 48 bits virtual
power management:



Memory: 4k page, physical 32693780k(20968696k free), swap 19530748k(19530748k free)

vm_info: Java HotSpot(TM) 64-Bit Server VM (25.201-b09) for linux-amd64 JRE (1.8.0_201-b09), built on Dec 15 2018 11:35:59 by "java_re" with gcc 7.3.0

time: Wed May 15 17:13:23 2019
timezone: CEST
elapsed time: 37 seconds (0d 0h 0m 37s)

